WARNING - Received unrecognized parameter ensemble_download_models_timeout_sec
Running on local machine
Parent Run ID: AutoML_3ebc23be-5e6b-4e23-a2f4-76835fa4585e

Current status: DatasetFeaturization. Beginning to featurize the dataset.
Current status: DatasetFeaturizationCompleted. Completed featurizing the dataset.
Heuristic parameters: Target_Lag = '[0]', Target_Rolling_Window = '0'.
WARNING - Converting non-string tag to string: (forecasting_target_lags: [0])
WARNING - Converting non-string tag to string: (forecasting_target_rolling_window_size: 0)
WARNING - Converting non-string tag to string: (forecasting_max_horizon: 2064)
Current status: DatasetCrossValidationSplit. Generating individually featurized CV splits.
Current status: DatasetFeaturization. Beginning to featurize the CV split.
Current status: DatasetFeaturizationCompleted. Completed featurizing the CV split.
Current status: DatasetFeaturization. Beginning to featurize the CV split.
Current status: DatasetFeaturizationCompleted. Completed featurizing the CV split.
Current status: DatasetFeaturization. Beginning to featurize the CV split.
Current status: DatasetFeaturizationCompleted. Completed featurizing the CV split.
Current status: DatasetFeaturization. Beginning to featurize the CV split.
Current status: DatasetFeaturizationCompleted. Completed featurizing the CV split.
Current status: DatasetFeaturization. Beginning to featurize the CV split.
Current status: DatasetFeaturizationCompleted. Completed featurizing the CV split.

****************************************************************************************************
DATA GUARDRAILS: 

TYPE:         Frequency detection
STATUS:       PASSED
DESCRIPTION:  The time series was analyzed, all data points are aligned with detected frequency.
              

****************************************************************************************************

TYPE:         Missing feature values imputation
STATUS:       PASSED
DESCRIPTION:  No feature missing values were detected in the training data.
              Learn more about missing value imputation: https://aka.ms/AutomatedMLFeaturization

****************************************************************************************************

TYPE:         Memory Issues Detection
STATUS:       PASSED
DESCRIPTION:  The selected horizon, lag and rolling window values were analyzed, and no potential memory issues were detected.
              Learn more about time-series forecasting configurations: https://aka.ms/AutomatedMLForecastingConfiguration

****************************************************************************************************
Current status: ModelSelection. Beginning model selection.

****************************************************************************************************
ITERATION: The iteration being evaluated.
PIPELINE: A summary description of the pipeline being evaluated.
DURATION: Time taken for the current iteration.
METRIC: The result of computing score on the fitted pipeline.
BEST: The best observed score thus far.
****************************************************************************************************

 ITERATION   PIPELINE                                       DURATION      METRIC      BEST
         0   MaxAbsScaler DecisionTree                      0:00:29       0.1113    0.1113
         1   MinMaxScaler DecisionTree                      0:00:22       0.1144    0.1113
         2   StandardScalerWrapper LassoLars                0:00:22       0.1361    0.1113
         3   RobustScaler ElasticNet                        0:00:22       0.1367    0.1113
         4   StandardScalerWrapper LassoLars                0:00:22       0.1361    0.1113
         5   RobustScaler ElasticNet                        0:00:22       0.1361    0.1113
         6   RobustScaler DecisionTree                      0:00:22       0.1118    0.1113
         7   MinMaxScaler DecisionTree                      0:00:22       0.1122    0.1113
         8   RobustScaler DecisionTree                      0:00:22       0.1212    0.1113
         9   MinMaxScaler DecisionTree                      0:00:22       0.1111    0.1111
        10   StandardScalerWrapper DecisionTree             0:00:22       0.1090    0.1090
        11   StandardScalerWrapper DecisionTree             0:00:22       0.1082    0.1082
        12   RobustScaler DecisionTree                      0:00:22       0.1061    0.1061
        13   RobustScaler ElasticNet                        0:00:21       0.1362    0.1061
        14   WARNING - Retrying (Retry(total=2, connect=None, read=None, redirect=None, status=None)) after connection broken by 'ProtocolError('Connection aborted.', ConnectionResetError(104, 'Connection reset by peer'))': /azureml/ExperimentRun/dcid.AutoML_3ebc23be-5e6b-4e23-a2f4-76835fa4585e_14/outputs/scoring_file_v_1_0_0.py?sv=2019-02-02&sr=b&sig=9kAOB%2BKaZyOc6qNMfcE7sHhf%2BMiG13PGtgoGholLT9w%3D&st=2020-10-03T00%3A50%3A36Z&se=2020-10-04T01%3A00%3A36Z&sp=rcw&comp=block&blockid=TURBd01EQXdNREF3TURBd01EQXdNREF3TURBd01EQXdNREF3TURBd01EQSUzRA%3D%3D&timeout=30
WARNING - Retrying (Retry(total=2, connect=None, read=None, redirect=None, status=None)) after connection broken by 'ProtocolError('Connection aborted.', ConnectionResetError(104, 'Connection reset by peer'))': /azureml/ExperimentRun/dcid.AutoML_3ebc23be-5e6b-4e23-a2f4-76835fa4585e_14/outputs/conda_env_v_1_0_0.yml?sv=2019-02-02&sr=b&sig=I9Ji223OQHc%2FIIyf%2Fju0HW8jw1MuwjaS2DkniIgXV5w%3D&st=2020-10-03T00%3A50%3A36Z&se=2020-10-04T01%3A00%3A36Z&sp=rcw&comp=block&blockid=TURBd01EQXdNREF3TURBd01EQXdNREF3TURBd01EQXdNREF3TURBd01EQSUzRA%3D%3D&timeout=30
StandardScalerWrapper DecisionTree             0:03:07       0.1103    0.1061
        15   MinMaxScaler DecisionTree                      0:00:22       0.1072    0.1061
        16   MinMaxScaler DecisionTree                      0:00:22       0.1088    0.1061
        17   RobustScaler DecisionTree                      0:00:22       0.1100    0.1061
        18   RobustScaler DecisionTree                      0:00:27       0.1122    0.1061
        19   StandardScalerWrapper DecisionTree             0:00:22       0.1099    0.1061
        20   StandardScalerWrapper DecisionTree             0:00:22       0.1078    0.1061
        21   MinMaxScaler DecisionTree                      0:00:23       0.1059    0.1059
        22   MinMaxScaler DecisionTree                      0:00:22       0.1068    0.1059
        23   StandardScalerWrapper ExtremeRandomTrees       0:00:25       0.1164    0.1059
        24   MinMaxScaler LightGBM                          0:00:29       0.1167    0.1059
        25   RobustScaler DecisionTree                      0:00:22       0.1251    0.1059
        26   MinMaxScaler DecisionTree                      0:00:23       0.1113    0.1059
        27   StandardScalerWrapper RandomForest             0:00:29       0.1202    0.1059
        28   StandardScalerWrapper RandomForest             0:00:24       0.1111    0.1059
        29   MinMaxScaler ExtremeRandomTrees                0:00:26       0.1134    0.1059
        30   WARNING - Retrying (Retry(total=2, connect=None, read=None, redirect=None, status=None)) after connection broken by 'ProtocolError('Connection aborted.', ConnectionResetError(104, 'Connection reset by peer'))': /azureml/ExperimentRun/dcid.AutoML_3ebc23be-5e6b-4e23-a2f4-76835fa4585e_30/outputs/conda_env_v_1_0_0.yml?sv=2019-02-02&sr=b&sig=DZIhyJZq7AFlKbOZwVrtmeVFxB%2F2e8yZiJrt8u4YSvQ%3D&st=2020-10-03T00%3A59%3A52Z&se=2020-10-04T01%3A09%3A52Z&sp=rcw&comp=block&blockid=TURBd01EQXdNREF3TURBd01EQXdNREF3TURBd01EQXdNREF3TURBd01EQSUzRA%3D%3D&timeout=30
RobustScaler DecisionTree                      0:03:05       0.1193    0.1059
        31   StandardScalerWrapper RandomForest             0:00:29       0.1167    0.1059
        32   StandardScalerWrapper ExtremeRandomTrees       0:00:24       0.1117    0.1059
        33   RobustScaler RandomForest                      0:00:24       0.1046    0.1046
        34   StandardScalerWrapper ExtremeRandomTrees       0:00:31       0.1156    0.1046
        35   MinMaxScaler RandomForest                      0:00:31       0.1134    0.1046
        36   MinMaxScaler RandomForest                      0:00:24       0.1082    0.1046
        37   WARNING - Retrying (Retry(total=2, connect=None, read=None, redirect=None, status=None)) after connection broken by 'ProtocolError('Connection aborted.', ConnectionResetError(104, 'Connection reset by peer'))': /azureml/ExperimentRun/dcid.AutoML_3ebc23be-5e6b-4e23-a2f4-76835fa4585e_37/outputs/scoring_file_v_1_0_0.py?sv=2019-02-02&sr=b&sig=4LXxzNDXJj2sdh4rgBCk00DPewnxArAiT5%2Fuf0%2BNq5A%3D&st=2020-10-03T01%3A05%3A46Z&se=2020-10-04T01%3A15%3A46Z&sp=rcw&comp=block&blockid=TURBd01EQXdNREF3TURBd01EQXdNREF3TURBd01EQXdNREF3TURBd01EQSUzRA%3D%3D&timeout=30
WARNING - Retrying (Retry(total=2, connect=None, read=None, redirect=None, status=None)) after connection broken by 'ProtocolError('Connection aborted.', ConnectionResetError(104, 'Connection reset by peer'))': /azureml/ExperimentRun/dcid.AutoML_3ebc23be-5e6b-4e23-a2f4-76835fa4585e_37/outputs/env_dependencies.json?sv=2019-02-02&sr=b&sig=sK12wLpJVg7Ypd0DI7JfAG7HlBZ27XiDWHMtvE2T9Eg%3D&st=2020-10-03T01%3A05%3A46Z&se=2020-10-04T01%3A15%3A46Z&sp=rcw&comp=block&blockid=TURBd01EQXdNREF3TURBd01EQXdNREF3TURBd01EQXdNREF3TURBd01EQSUzRA%3D%3D&timeout=30
RobustScaler RandomForest                      0:03:06       0.1176    0.1046
        38   MinMaxScaler ExtremeRandomTrees                0:00:26       0.1124    0.1046
        39   StandardScalerWrapper ExtremeRandomTrees       0:00:25       0.1191    0.1046
        40   MinMaxScaler RandomForest                      0:00:24       0.1286    0.1046
        41   StandardScalerWrapper RandomForest             0:00:30       0.1154    0.1046
        42   RobustScaler RandomForest                      0:00:25       0.1115    0.1046
        43   MinMaxScaler DecisionTree                      0:00:22       0.1160    0.1046
        44   RobustScaler ExtremeRandomTrees                0:00:36       0.1151    0.1046
        45   StandardScalerWrapper RandomForest             0:00:28       0.1227    0.1046
        46   RobustScaler RandomForest                      0:00:31       0.1113    0.1046
        47   RobustScaler ExtremeRandomTrees                0:00:29       0.1175    0.1046
        48   RobustScaler ExtremeRandomTrees                0:00:35       0.1146    0.1046
        49   RobustScaler ExtremeRandomTrees                0:00:31       0.1153    0.1046
        50   RobustScaler RandomForest                      0:00:24       0.1051    0.1046
        51   RobustScaler ExtremeRandomTrees                0:00:30       0.1099    0.1046
        52   StandardScalerWrapper RandomForest             0:00:30       0.1041    0.1041
        53   RobustScaler ExtremeRandomTrees                0:00:25       0.1109    0.1041
        54   StandardScalerWrapper ExtremeRandomTrees       0:00:26       0.1107    0.1041
        55   RobustScaler RandomForest                      0:00:24       0.1175    0.1041
        56   MinMaxScaler ExtremeRandomTrees                0:00:31       0.1121    0.1041
        57   RobustScaler RandomForest                      0:00:25       0.1235    0.1041
        58   MinMaxScaler ExtremeRandomTrees                0:00:25       0.1083    0.1041
        59   WARNING - Retrying (Retry(total=2, connect=None, read=None, redirect=None, status=None)) after connection broken by 'ProtocolError('Connection aborted.', ConnectionResetError(104, 'Connection reset by peer'))': /azureml/ExperimentRun/dcid.AutoML_3ebc23be-5e6b-4e23-a2f4-76835fa4585e_59/outputs/pipeline_graph.json?sv=2019-02-02&sr=b&sig=HXNT8gCimnBqVDCU4w3EralJPyu1CTF1ZRaWZE7%2FTUs%3D&st=2020-10-03T01%3A18%3A44Z&se=2020-10-04T01%3A28%3A44Z&sp=rcw&comp=block&blockid=TURBd01EQXdNREF3TURBd01EQXdNREF3TURBd01EQXdNREF3TURBd01EQSUzRA%3D%3D&timeout=30
RobustScaler ExtremeRandomTrees                0:03:05       0.1202    0.1041
        60   RobustScaler RandomForest                      0:00:25       0.1243    0.1041
        61   MinMaxScaler ExtremeRandomTrees                0:00:31       0.1261    0.1041
        62   StandardScalerWrapper ExtremeRandomTrees       0:00:24       0.1077    0.1041
        63   MinMaxScaler ExtremeRandomTrees                0:00:35       0.1177    0.1041
        64   RobustScaler RandomForest                      0:00:26       0.1209    0.1041
        65   RobustScaler RandomForest                      0:00:25       0.1288    0.1041
        66   StandardScalerWrapper ExtremeRandomTrees       0:00:29       0.1210    0.1041
        67   StandardScalerWrapper RandomForest             0:00:33       0.1192    0.1041
        68   RobustScaler ExtremeRandomTrees                0:00:32       0.1172    0.1041
        69   MinMaxScaler ExtremeRandomTrees                0:00:27       0.1091    0.1041
        70   MinMaxScaler RandomForest                      0:00:31       0.1217    0.1041
        71   RobustScaler GradientBoosting                  0:00:24       0.1248    0.1041
        72   RobustScaler ExtremeRandomTrees                0:00:24       0.1126    0.1041
        73   RobustScaler ExtremeRandomTrees                0:00:26       0.1069    0.1041
        74   MinMaxScaler LightGBM                          0:00:32       0.1089    0.1041
        75   RobustScaler RandomForest                      0:00:25       0.1249    0.1041
        76   RobustScaler ExtremeRandomTrees                0:00:25       0.1226    0.1041
        77   StandardScalerWrapper ExtremeRandomTrees       0:00:31       0.1146    0.1041
        78   StandardScalerWrapper ExtremeRandomTrees       0:00:25       0.1150    0.1041
        79   StandardScalerWrapper ExtremeRandomTrees       0:00:26       0.1165    0.1041
        80   MinMaxScaler RandomForest                      0:00:31       0.1284    0.1041
        81   RobustScaler ExtremeRandomTrees                0:00:34       0.1124    0.1041
        82   MinMaxScaler ExtremeRandomTrees                0:00:24       0.1136    0.1041
        83   MinMaxScaler RandomForest                      0:00:27       0.1083    0.1041
        84   StandardScalerWrapper ExtremeRandomTrees       0:00:30       0.1175    0.1041
        85   StandardScalerWrapper RandomForest             0:00:27       0.1261    0.1041
        86   RobustScaler ExtremeRandomTrees                0:00:27       0.1185    0.1041
        87   MinMaxScaler ExtremeRandomTrees                0:00:24       0.1124    0.1041
        88   WARNING - Retrying (Retry(total=2, connect=None, read=None, redirect=None, status=None)) after connection broken by 'ProtocolError('Connection aborted.', ConnectionResetError(104, 'Connection reset by peer'))': /azureml/ExperimentRun/dcid.AutoML_3ebc23be-5e6b-4e23-a2f4-76835fa4585e_88/outputs/env_dependencies.json?sv=2019-02-02&sr=b&sig=ylkdCwfDFcmnsFO%2BUrIvE9HpAyBaq4f8d7DMI4Qd%2FLU%3D&st=2020-10-03T01%3A35%3A04Z&se=2020-10-04T01%3A45%3A04Z&sp=rcw&comp=block&blockid=TURBd01EQXdNREF3TURBd01EQXdNREF3TURBd01EQXdNREF3TURBd01EQSUzRA%3D%3D&timeout=30
MinMaxScaler RandomForest                      0:03:06       0.1163    0.1041
        89   RobustScaler ExtremeRandomTrees                0:00:24       0.1159    0.1041
        90   RobustScaler RandomForest                      0:00:24       0.1200    0.1041
        91   RobustScaler RandomForest                      0:00:26       0.1048    0.1041
        92   StandardScalerWrapper RandomForest             0:00:26       0.1201    0.1041
        93   RobustScaler ExtremeRandomTrees                0:00:25       0.1159    0.1041
        94   MinMaxScaler RandomForest                      0:00:25       0.1171    0.1041
        95   WARNING - Retrying (Retry(total=2, connect=None, read=None, redirect=None, status=None)) after connection broken by 'ProtocolError('Connection aborted.', ConnectionResetError(104, 'Connection reset by peer'))': /azureml/ExperimentRun/dcid.AutoML_3ebc23be-5e6b-4e23-a2f4-76835fa4585e_95/outputs/model.pkl?sv=2019-02-02&sr=b&sig=oezyR13kf7P6%2F6j2qYWOtz%2FmKWTW%2F%2BixbQMZGAwT9NU%3D&st=2020-10-03T01%3A40%3A43Z&se=2020-10-04T01%3A50%3A43Z&sp=rcw&comp=block&blockid=TURBd01EQXdNREF3TURBd01EQXdNREF3TURBd01EQXdNREF3TURBd01EQSUzRA%3D%3D&timeout=30
RobustScaler RandomForest                      0:03:05       0.1284    0.1041
        96   StandardScalerWrapper ExtremeRandomTrees       0:00:25       0.1170    0.1041
        97   RobustScaler ExtremeRandomTrees                0:00:29       0.1078    0.1041
        98   MinMaxScaler RandomForest                      0:00:31       0.1196    0.1041
        99   MinMaxScaler RandomForest                      0:00:32       0.1109    0.1041
       100   StandardScalerWrapper RandomForest             0:00:34       0.1265    0.1041
       101   MinMaxScaler ExtremeRandomTrees                0:00:29       0.1080    0.1041
       102   StandardScalerWrapper ExtremeRandomTrees       0:00:25       0.1115    0.1041
       103   StandardScalerWrapper ExtremeRandomTrees       0:00:30       0.1184    0.1041
       104   RobustScaler ExtremeRandomTrees                0:00:32       0.1140    0.1041
       105   RobustScaler RandomForest                      0:00:26       0.1176    0.1041
       106   RobustScaler RandomForest                      0:00:24       0.1047    0.1041
       107   RobustScaler LightGBM                          0:00:29       0.1113    0.1041
       108   RobustScaler RandomForest                      0:00:25       0.1157    0.1041
       109   MinMaxScaler ExtremeRandomTrees                0:00:27       0.1183    0.1041
       110   StandardScalerWrapper RandomForest             0:00:24       0.1195    0.1041
       111   MinMaxScaler ExtremeRandomTrees                0:00:30       0.1194    0.1041
       112   StandardScalerWrapper ExtremeRandomTrees       0:00:36       0.1162    0.1041
       113   MinMaxScaler ExtremeRandomTrees                0:00:25       0.1167    0.1041
       114   StandardScalerWrapper RandomForest             0:00:38       0.1179    0.1041
       115   StandardScalerWrapper RandomForest             0:00:36       0.1347    0.1041
       116   MinMaxScaler RandomForest                      0:00:25       0.1189    0.1041
       117   StandardScalerWrapper ExtremeRandomTrees       0:00:25       0.1103    0.1041
       118   StandardScalerWrapper RandomForest             0:00:26       0.1157    0.1041
       119   RobustScaler RandomForest                      0:00:27       0.1145    0.1041
       120   RobustScaler RandomForest                      0:00:34       0.1234    0.1041
       121   StandardScalerWrapper RandomForest             0:00:24       0.1181    0.1041
       122   MinMaxScaler RandomForest                      0:00:26       0.1180    0.1041
       123   WARNING - Retrying (Retry(total=2, connect=None, read=None, redirect=None, status=None)) after connection broken by 'ProtocolError('Connection aborted.', ConnectionResetError(104, 'Connection reset by peer'))': /azureml/ExperimentRun/dcid.AutoML_3ebc23be-5e6b-4e23-a2f4-76835fa4585e_123/outputs/scoring_file_v_1_0_0.py?sv=2019-02-02&sr=b&sig=wPME9frMux%2BqefzwRP2141loTG7yZ7MpKKbpXaRaFJc%3D&st=2020-10-03T01%3A56%3A54Z&se=2020-10-04T02%3A06%3A54Z&sp=rcw&comp=block&blockid=TURBd01EQXdNREF3TURBd01EQXdNREF3TURBd01EQXdNREF3TURBd01EQSUzRA%3D%3D&timeout=30
RobustScaler ExtremeRandomTrees                0:03:05       0.1181    0.1041
       124   StandardScalerWrapper ExtremeRandomTrees       0:00:30       0.1226    0.1041
       125   RobustScaler RandomForest                      0:00:30       0.1289    0.1041
       126   MinMaxScaler ExtremeRandomTrees                0:00:25       0.1192    0.1041
       127   MinMaxScaler ExtremeRandomTrees                0:00:33       0.1068    0.1041
       128   RobustScaler RandomForest                      0:00:30       0.1086    0.1041
       129   StandardScalerWrapper DecisionTree             0:00:23       0.1119    0.1041
       130   StandardScalerWrapper RandomForest             0:00:25       0.1207    0.1041
       131   StandardScalerWrapper ExtremeRandomTrees       0:00:24       0.1163    0.1041
       132   MinMaxScaler ExtremeRandomTrees                0:00:25       0.1086    0.1041
       133   RobustScaler ExtremeRandomTrees                0:00:26       0.1171    0.1041
       134   MinMaxScaler RandomForest                      0:00:28       0.1176    0.1041
       135   MinMaxScaler RandomForest                      0:00:27       0.1204    0.1041
       136   MinMaxScaler ExtremeRandomTrees                0:00:25       0.1131    0.1041
       137   StandardScalerWrapper ExtremeRandomTrees       0:00:26       0.1237    0.1041
       138   StandardScalerWrapper ExtremeRandomTrees       0:00:25       0.1123    0.1041
       139   StandardScalerWrapper RandomForest             0:00:24       0.1162    0.1041
       140   MinMaxScaler RandomForest                      0:00:31       0.1347    0.1041
       141   StandardScalerWrapper GradientBoosting         0:00:25       0.1159    0.1041
       142   MinMaxScaler RandomForest                      0:00:24       0.1166    0.1041
       143   MinMaxScaler ExtremeRandomTrees                0:00:31       0.1144    0.1041
       144   StandardScalerWrapper ExtremeRandomTrees       0:00:25       0.1147    0.1041
       145   StandardScalerWrapper RandomForest             0:00:35       0.1230    0.1041
       146   StandardScalerWrapper ExtremeRandomTrees       0:00:28       0.1124    0.1041
       147   StandardScalerWrapper ExtremeRandomTrees       0:00:24       0.1192    0.1041
       148   RobustScaler ExtremeRandomTrees                0:00:27       0.1217    0.1041
       149   StandardScalerWrapper ExtremeRandomTrees       0:00:33       0.1047    0.1041
       150   WARNING - Retrying (Retry(total=2, connect=None, read=None, redirect=None, status=None)) after connection broken by 'ProtocolError('Connection aborted.', ConnectionResetError(104, 'Connection reset by peer'))': /azureml/ExperimentRun/dcid.AutoML_3ebc23be-5e6b-4e23-a2f4-76835fa4585e_150/outputs/model.pkl?sv=2019-02-02&sr=b&sig=bzf9ojgc7kCVfARjCmvLJQ6j5LeOF240Mstiq0Z6CH4%3D&st=2020-10-03T02%3A12%3A01Z&se=2020-10-04T02%3A22%3A01Z&sp=rcw&comp=block&blockid=TURBd01EQXdNREF3TURBd01EQXdNREF3TURBd01EQXdNREF3TURBd01EQSUzRA%3D%3D&timeout=30
StandardScalerWrapper RandomForest             0:02:57       0.1295    0.1041
       151   WARNING - Retrying (Retry(total=2, connect=None, read=None, redirect=None, status=None)) after connection broken by 'ProtocolError('Connection aborted.', ConnectionResetError(104, 'Connection reset by peer'))': /azureml/ExperimentRun/dcid.AutoML_3ebc23be-5e6b-4e23-a2f4-76835fa4585e_151/outputs/conda_env_v_1_0_0.yml?sv=2019-02-02&sr=b&sig=1Q84i1vsrouaOmgZiy%2Fi9Ni%2BXuj8vYBHe6%2FofM4h1ek%3D&st=2020-10-03T02%3A15%3A04Z&se=2020-10-04T02%3A25%3A04Z&sp=rcw&comp=block&blockid=TURBd01EQXdNREF3TURBd01EQXdNREF3TURBd01EQXdNREF3TURBd01EQSUzRA%3D%3D&timeout=30
StandardScalerWrapper ExtremeRandomTrees       0:00:35       0.1181    0.1041
       152   StandardScalerWrapper RandomForest             0:00:34       0.1172    0.1041
       153   MinMaxScaler ExtremeRandomTrees                0:00:30       0.1111    0.1041
       154   StandardScalerWrapper RandomForest             0:00:26       0.1137    0.1041
       155   MinMaxScaler RandomForest                      0:00:27       0.1175    0.1041
       156   RobustScaler ExtremeRandomTrees                0:00:29       0.1198    0.1041
       157   RobustScaler ExtremeRandomTrees                0:00:27       0.1223    0.1041
       158   StandardScalerWrapper RandomForest             0:00:27       0.1184    0.1041
       159   MinMaxScaler ExtremeRandomTrees                0:00:26       0.1140    0.1041
       160   StandardScalerWrapper RandomForest             0:00:25       0.1273    0.1041
       161   MinMaxScaler ExtremeRandomTrees                0:00:25       0.1152    0.1041
       162   StandardScalerWrapper RandomForest             0:00:25       0.1152    0.1041
       163   MinMaxScaler ExtremeRandomTrees                0:00:29       0.1114    0.1041
       164   MinMaxScaler RandomForest                      0:00:30       0.1120    0.1041
       165   StandardScalerWrapper RandomForest             0:00:24       0.1243    0.1041
       166   MinMaxScaler RandomForest                      0:00:24       0.1131    0.1041
       167   StandardScalerWrapper ExtremeRandomTrees       0:00:28       0.1173    0.1041
       168   RobustScaler ExtremeRandomTrees                0:00:28       0.1140    0.1041
       169   RobustScaler ExtremeRandomTrees                0:00:31       0.1065    0.1041
       170   MinMaxScaler RandomForest                      0:00:29       0.1178    0.1041
       171   StandardScalerWrapper RandomForest             0:00:29       0.1140    0.1041
       172   RobustScaler ExtremeRandomTrees                0:00:25       0.1190    0.1041
       173   StandardScalerWrapper ExtremeRandomTrees       0:00:38       0.1114    0.1041
       174   StandardScalerWrapper ExtremeRandomTrees       0:00:30       0.1069    0.1041
       175   StandardScalerWrapper RandomForest             0:00:30       0.1261    0.1041
       176   MinMaxScaler ExtremeRandomTrees                0:00:31       0.1151    0.1041
       177   MinMaxScaler ExtremeRandomTrees                0:00:26       0.1136    0.1041
       178   WARNING - Retrying (Retry(total=2, connect=None, read=None, redirect=None, status=None)) after connection broken by 'ProtocolError('Connection aborted.', ConnectionResetError(104, 'Connection reset by peer'))': /azureml/ExperimentRun/dcid.AutoML_3ebc23be-5e6b-4e23-a2f4-76835fa4585e_178/outputs/env_dependencies.json?sv=2019-02-02&sr=b&sig=pYLr1n7Ue%2BqnNauT%2Bj%2FtbETZh1SuunMAR7tmKi1ebGA%3D&st=2020-10-03T02%3A28%3A06Z&se=2020-10-04T02%3A38%3A06Z&sp=rcw&comp=block&blockid=TURBd01EQXdNREF3TURBd01EQXdNREF3TURBd01EQXdNREF3TURBd01EQSUzRA%3D%3D&timeout=30
WARNING - Retrying (Retry(total=2, connect=None, read=None, redirect=None, status=None)) after connection broken by 'ProtocolError('Connection aborted.', ConnectionResetError(104, 'Connection reset by peer'))': /azureml/ExperimentRun/dcid.AutoML_3ebc23be-5e6b-4e23-a2f4-76835fa4585e_178/outputs/model.pkl?sv=2019-02-02&sr=b&sig=do2a8HI0EwXqKffUvc1MYUtoI6AvmTN2dlq2SXoUURM%3D&st=2020-10-03T02%3A28%3A06Z&se=2020-10-04T02%3A38%3A06Z&sp=rcw&comp=block&blockid=TURBd01EQXdNREF3TURBd01EQXdNREF3TURBd01EQXdNREF3TURBd01EQSUzRA%3D%3D&timeout=30
WARNING - Retrying (Retry(total=2, connect=None, read=None, redirect=None, status=None)) after connection broken by 'ProtocolError('Connection aborted.', ConnectionResetError(104, 'Connection reset by peer'))': /azureml/ExperimentRun/dcid.AutoML_3ebc23be-5e6b-4e23-a2f4-76835fa4585e_178/outputs/scoring_file_v_1_0_0.py?sv=2019-02-02&sr=b&sig=1SEEg6O3CvnOL4kH18vOIif%2F3BERfKCzICu0jn%2FuFgU%3D&st=2020-10-03T02%3A28%3A06Z&se=2020-10-04T02%3A38%3A06Z&sp=rcw&comp=block&blockid=TURBd01EQXdNREF3TURBd01EQXdNREF3TURBd01EQXdNREF3TURBd01EQSUzRA%3D%3D&timeout=30
MinMaxScaler RandomForest                      0:03:13       0.1123    0.1041
       179   RobustScaler RandomForest                      0:00:25       0.1180    0.1041
       180   RobustScaler RandomForest                      0:00:26       0.1286    0.1041
       181   StandardScalerWrapper ExtremeRandomTrees       0:00:27       0.1198    0.1041
       182   RobustScaler ExtremeRandomTrees                0:00:31       0.1092    0.1041
       183   StandardScalerWrapper RandomForest             0:00:34       0.1233    0.1041
       184   RobustScaler RandomForest                      0:00:47       0.1207    0.1041
       185   StandardScalerWrapper RandomForest             0:00:25       0.1260    0.1041
       186   StandardScalerWrapper ExtremeRandomTrees       0:00:28       0.1104    0.1041
       187   StandardScalerWrapper RandomForest             0:00:24       0.1242    0.1041
       188   StandardScalerWrapper RandomForest             0:00:27       0.1064    0.1041
       189   RobustScaler ExtremeRandomTrees                0:00:25       0.1060    0.1041
       190   StandardScalerWrapper RandomForest             0:00:29       0.1208    0.1041
       191   RobustScaler ExtremeRandomTrees                0:00:30       0.1110    0.1041
       192   RobustScaler RandomForest                      0:00:25       0.1159    0.1041
       193   RobustScaler RandomForest                      0:00:24       0.1206    0.1041
       194   RobustScaler ExtremeRandomTrees                0:00:25       0.1047    0.1041
       195   RobustScaler RandomForest                      0:00:26       0.1308    0.1041
       196   MinMaxScaler ExtremeRandomTrees                0:00:26       0.1278    0.1041
       197   StandardScalerWrapper ExtremeRandomTrees       0:00:30       0.1103    0.1041
       198   MinMaxScaler RandomForest                      0:00:25       0.1091    0.1041
       199   WARNING - Retrying (Retry(total=2, connect=None, read=None, redirect=None, status=None)) after connection broken by 'ProtocolError('Connection aborted.', ConnectionResetError(104, 'Connection reset by peer'))': /azureml/ExperimentRun/dcid.AutoML_3ebc23be-5e6b-4e23-a2f4-76835fa4585e_199/outputs/scoring_file_v_1_0_0.py?sv=2019-02-02&sr=b&sig=pso7TvsBSHktloD%2FiCsmYi5HlECq3suWyL6yEHRFf3Y%3D&st=2020-10-03T02%3A40%3A41Z&se=2020-10-04T02%3A50%3A41Z&sp=rcw&comp=block&blockid=TURBd01EQXdNREF3TURBd01EQXdNREF3TURBd01EQXdNREF3TURBd01EQSUzRA%3D%3D&timeout=30
WARNING - Retrying (Retry(total=2, connect=None, read=None, redirect=None, status=None)) after connection broken by 'ProtocolError('Connection aborted.', ConnectionResetError(104, 'Connection reset by peer'))': /azureml/ExperimentRun/dcid.AutoML_3ebc23be-5e6b-4e23-a2f4-76835fa4585e_199/outputs/model.pkl?sv=2019-02-02&sr=b&sig=HQ2HtFGrGQwGkpj7iTrdhs%2FGtwZXooDozKk1JmJL8Cs%3D&st=2020-10-03T02%3A40%3A41Z&se=2020-10-04T02%3A50%3A41Z&sp=rcw&comp=block&blockid=TURBd01EQXdNREF3TURBd01EQXdNREF3TURBd01EQXdNREF3TURBd01EQSUzRA%3D%3D&timeout=30
MinMaxScaler ExtremeRandomTrees                0:03:06       0.1094    0.1041
       200   WARNING - Retrying (Retry(total=2, connect=None, read=None, redirect=None, status=None)) after connection broken by 'ProtocolError('Connection aborted.', ConnectionResetError(104, 'Connection reset by peer'))': /azureml/ExperimentRun/dcid.AutoML_3ebc23be-5e6b-4e23-a2f4-76835fa4585e_200/outputs/conda_env_v_1_0_0.yml?sv=2019-02-02&sr=b&sig=6tF5vtbXR6kd1E7LSd99jv9%2BlQmSWK1inKrkCNvrgjE%3D&st=2020-10-03T02%3A43%3A48Z&se=2020-10-04T02%3A53%3A48Z&sp=rcw&comp=block&blockid=TURBd01EQXdNREF3TURBd01EQXdNREF3TURBd01EQXdNREF3TURBd01EQSUzRA%3D%3D&timeout=30
StandardScalerWrapper RandomForest             0:00:25       0.1316    0.1041
       201   MinMaxScaler RandomForest                      0:00:29       0.1247    0.1041
       202   MinMaxScaler ExtremeRandomTrees                0:00:26       0.1069    0.1041
       203   WARNING - Received unrecognized parameter ensemble_download_models_timeout_sec
WARNING - Received unrecognized parameter ensemble_download_models_timeout_sec
VotingEnsemble                                 0:02:26       0.1034    0.1034
Stopping criteria reached at iteration 204. Ending experiment.
WARNING - Received unrecognized parameter ensemble_download_models_timeout_sec
WARNING - Received unrecognized parameter ensemble_download_models_timeout_sec
WARNING - Received unrecognized parameter ensemble_download_models_timeout_sec
****************************************************************************************************
Current status: BestRunExplainModel. Best run model explanations started
Current status: ModelExplanationDataSetSetup. Model explanations data setup completed
Current status: PickSurrogateModel. Choosing LightGBM as the surrogate model for explanations
Current status: EngineeredFeatureExplanations. Computation of engineered features started
Current status: EngineeredFeatureExplanations. Computation of engineered features completed
Current status: BestRunExplainModel. Best run model explanations completed
****************************************************************************************************
WARNING - Received unrecognized parameter ensemble_download_models_timeout_sec
WARNING - Received unrecognized parameter ensemble_download_models_timeout_sec
WARNING - Received unrecognized parameter ensemble_download_models_timeout_sec
Best pipeline:
<class 'sklearn.ensemble._voting.VotingRegressor'>
0. Pipeline(memory=None,
         steps=[('standardscalerwrapper',
                 <azureml.automl.runtime.shared.model_wrappers.StandardScalerWrapper object at 0x7f5456ca7590>),
                ('randomforestregressor',
                 RandomForestRegressor(bootstrap=False, ccp_alpha=0.0,
                                       criterion='mse', max_depth=None,
                                       max_features=0.7, max_leaf_nodes=None,
                                       max_samples=None,
                                       min_impurity_decrease=0.0,
                                       min_impurity_split=None,
                                       min_samples_leaf=0.009017208223328022,
                                       min_samples_split=0.002602463309528381,
                                       min_weight_fraction_leaf=0.0,
                                       n_estimators=25, n_jobs=-1,
                                       oob_score=False, random_state=None,
                                       verbose=0, warm_start=False))],
         verbose=False)
1. Pipeline(memory=None,
         steps=[('robustscaler',
                 RobustScaler(copy=True, quantile_range=[25, 75],
                              with_centering=True, with_scaling=True)),
                ('randomforestregressor',
                 RandomForestRegressor(bootstrap=False, ccp_alpha=0.0,
                                       criterion='mse', max_depth=None,
                                       max_features=0.7, max_leaf_nodes=None,
                                       max_samples=None,
                                       min_impurity_decrease=0.0,
                                       min_impurity_split=None,
                                       min_samples_leaf=0.01091729022778783,
                                       min_samples_split=0.0012814223889440828,
                                       min_weight_fraction_leaf=0.0,
                                       n_estimators=25, n_jobs=-1,
                                       oob_score=False, random_state=None,
                                       verbose=0, warm_start=False))],
         verbose=False)
2. Pipeline(memory=None,
         steps=[('standardscalerwrapper',
                 <azureml.automl.runtime.shared.model_wrappers.StandardScalerWrapper object at 0x7f54587d2790>),
                ('extratreesregressor',
                 ExtraTreesRegressor(bootstrap=True, ccp_alpha=0.0,
                                     criterion='mse', max_depth=None,
                                     max_features=0.7, max_leaf_nodes=None,
                                     max_samples=None,
                                     min_impurity_decrease=0.0,
                                     min_impurity_split=None,
                                     min_samples_leaf=0.003466237459044996,
                                     min_samples_split=0.0012814223889440828,
                                     min_weight_fraction_leaf=0.0,
                                     n_estimators=200, n_jobs=-1,
                                     oob_score=False, random_state=None,
                                     verbose=0, warm_start=False))],
         verbose=False)
3. Pipeline(memory=None,
         steps=[('robustscaler',
                 RobustScaler(copy=True, quantile_range=[10, 90],
                              with_centering=True, with_scaling=False)),
                ('extratreesregressor',
                 ExtraTreesRegressor(bootstrap=False, ccp_alpha=0.0,
                                     criterion='mse', max_depth=None,
                                     max_features=None, max_leaf_nodes=None,
                                     max_samples=None,
                                     min_impurity_decrease=0.0,
                                     min_impurity_split=None,
                                     min_samples_leaf=0.01091729022778783,
                                     min_samples_split=0.0012814223889440828,
                                     min_weight_fraction_leaf=0.0,
                                     n_estimators=100, n_jobs=-1,
                                     oob_score=False, random_state=None,
                                     verbose=0, warm_start=False))],
         verbose=False)
4. Pipeline(memory=None,
         steps=[('robustscaler',
                 RobustScaler(copy=True, quantile_range=[25, 75],
                              with_centering=False, with_scaling=False)),
                ('randomforestregressor',
                 RandomForestRegressor(bootstrap=False, ccp_alpha=0.0,
                                       criterion='mse', max_depth=None,
                                       max_features=0.4, max_leaf_nodes=None,
                                       max_samples=None,
                                       min_impurity_decrease=0.0,
                                       min_impurity_split=None,
                                       min_samples_leaf=0.0028629618034842247,
                                       min_samples_split=0.0037087774117744725,
                                       min_weight_fraction_leaf=0.0,
                                       n_estimators=10, n_jobs=-1,
                                       oob_score=False, random_state=None,
                                       verbose=0, warm_start=False))],
         verbose=False)
5. Pipeline(memory=None,
         steps=[('minmaxscaler', MinMaxScaler(copy=True, feature_range=(0, 1))),
                ('decisiontreeregressor',
                 DecisionTreeRegressor(ccp_alpha=0.0, criterion='mse',
                                       max_depth=None, max_features=0.9,
                                       max_leaf_nodes=None,
                                       min_impurity_decrease=0.0,
                                       min_impurity_split=None,
                                       min_samples_leaf=0.006056302831963706,
                                       min_samples_split=0.005285388593079247,
                                       min_weight_fraction_leaf=0.0,
                                       presort='deprecated', random_state=None,
                                       splitter='best'))],
         verbose=False)
6. Pipeline(memory=None,
         steps=[('robustscaler',
                 RobustScaler(copy=True, quantile_range=[10, 90],
                              with_centering=False, with_scaling=False)),
                ('decisiontreeregressor',
                 DecisionTreeRegressor(ccp_alpha=0.0, criterion='mse',
                                       max_depth=None, max_features=None,
                                       max_leaf_nodes=None,
                                       min_impurity_decrease=0.0,
                                       min_impurity_split=None,
                                       min_samples_leaf=0.003851381725578514,
                                       min_samples_split=0.012814223889440833,
                                       min_weight_fraction_leaf=0.0,
                                       presort='deprecated', random_state=None,
                                       splitter='random'))],
         verbose=False)
7. Pipeline(memory=None,
         steps=[('minmaxscaler', MinMaxScaler(copy=True, feature_range=(0, 1))),
                ('decisiontreeregressor',
                 DecisionTreeRegressor(ccp_alpha=0.0, criterion='friedman_mse',
                                       max_depth=None, max_features=0.8,
                                       max_leaf_nodes=None,
                                       min_impurity_decrease=0.0,
                                       min_impurity_split=None,
                                       min_samples_leaf=0.008504540352732381,
                                       min_samples_split=0.02180025323490051,
                                       min_weight_fraction_leaf=0.0,
                                       presort='deprecated', random_state=None,
                                       splitter='best'))],
         verbose=False)
8. Pipeline(memory=None,
         steps=[('minmaxscaler', MinMaxScaler(copy=True, feature_range=(0, 1))),
                ('decisiontreeregressor',
                 DecisionTreeRegressor(ccp_alpha=0.0, criterion='friedman_mse',
                                       max_depth=None, max_features=None,
                                       max_leaf_nodes=None,
                                       min_impurity_decrease=0.0,
                                       min_impurity_split=None,
                                       min_samples_leaf=0.003851381725578514,
                                       min_samples_split=0.005285388593079247,
                                       min_weight_fraction_leaf=0.0,
                                       presort='deprecated', random_state=None,
                                       splitter='random'))],
         verbose=False)
9. Pipeline(memory=None,
         steps=[('minmaxscaler', MinMaxScaler(copy=True, feature_range=(0, 1))),
                ('lightgbmregressor',
                 LightGBMRegressor(boosting_type='gbdt', class_weight=None,
                                   colsample_bytree=0.30000000000000004,
                                   importance_type='split',
                                   learning_rate=0.14737105263157896,
                                   max_bin=255, max_depth=7,
                                   min_child_samples=121,
                                   min_child_weight=0.001,
                                   min_split_gain=0.10526315789473684,
                                   n_estimators=25, n_jobs=-1, num_leaves=31,
                                   objective=None, random_state=None,
                                   reg_alpha=0.975, reg_lambda=1.275,
                                   silent=True, subsample=0.95,
                                   subsample_for_bin=200000, subsample_freq=7,
                                   verbose=-1))],
         verbose=False)
10. Pipeline(memory=None,
         steps=[('standardscalerwrapper',
                 <azureml.automl.runtime.shared.model_wrappers.StandardScalerWrapper object at 0x7f5456d58650>),
                ('decisiontreeregressor',
                 DecisionTreeRegressor(ccp_alpha=0.0, criterion='mse',
                                       max_depth=None, max_features=None,
                                       max_leaf_nodes=None,
                                       min_impurity_decrease=0.0,
                                       min_impurity_split=None,
                                       min_samples_leaf=0.006056302831963706,
                                       min_samples_split=0.000630957344480193,
                                       min_weight_fraction_leaf=0.0,
                                       presort='deprecated', random_state=None,
                                       splitter='random'))],
         verbose=False)

['quarter', 'month', 'day', 'hour', 'minute', 'am_pm', 'hour12', 'wday', 'qday', 'yday']
  RawFeatureName TypeDetected Dropped  EngineeredFeatureCount  \
0  timestamp      DateTime     No      10                       

                                                                                                                                                                                                      Transformations  
0  [DateTimeTransformer, DateTimeTransformer, DateTimeTransformer, DateTimeTransformer, DateTimeTransformer, DateTimeTransformer, DateTimeTransformer, DateTimeTransformer, DateTimeTransformer, DateTimeTransformer]  
