WARNING - Received unrecognized parameter ensemble_download_models_timeout_sec
Running on local machine
Parent Run ID: AutoML_66b5a0ee-ad98-4397-b081-814871c8262c

Current status: DatasetFeaturization. Beginning to featurize the dataset.
Current status: DatasetFeaturizationCompleted. Completed featurizing the dataset.
Heuristic parameters: Target_Lag = '[0]', Target_Rolling_Window = '0'.
WARNING - Converting non-string tag to string: (forecasting_target_lags: [0])
WARNING - Converting non-string tag to string: (forecasting_target_rolling_window_size: 0)
WARNING - Converting non-string tag to string: (forecasting_max_horizon: 2064)
Current status: DatasetCrossValidationSplit. Generating individually featurized CV splits.
Current status: DatasetFeaturization. Beginning to featurize the CV split.
Current status: DatasetFeaturizationCompleted. Completed featurizing the CV split.
Current status: DatasetFeaturization. Beginning to featurize the CV split.
Current status: DatasetFeaturizationCompleted. Completed featurizing the CV split.
Current status: DatasetFeaturization. Beginning to featurize the CV split.
Current status: DatasetFeaturizationCompleted. Completed featurizing the CV split.
Current status: DatasetFeaturization. Beginning to featurize the CV split.
Current status: DatasetFeaturizationCompleted. Completed featurizing the CV split.
Current status: DatasetFeaturization. Beginning to featurize the CV split.
Current status: DatasetFeaturizationCompleted. Completed featurizing the CV split.

****************************************************************************************************
DATA GUARDRAILS: 

TYPE:         Frequency detection
STATUS:       PASSED
DESCRIPTION:  The time series was analyzed, all data points are aligned with detected frequency.
              

****************************************************************************************************

TYPE:         Missing feature values imputation
STATUS:       PASSED
DESCRIPTION:  No feature missing values were detected in the training data.
              Learn more about missing value imputation: https://aka.ms/AutomatedMLFeaturization

****************************************************************************************************

TYPE:         Memory Issues Detection
STATUS:       PASSED
DESCRIPTION:  The selected horizon, lag and rolling window values were analyzed, and no potential memory issues were detected.
              Learn more about time-series forecasting configurations: https://aka.ms/AutomatedMLForecastingConfiguration

****************************************************************************************************
Current status: ModelSelection. Beginning model selection.

****************************************************************************************************
ITERATION: The iteration being evaluated.
PIPELINE: A summary description of the pipeline being evaluated.
DURATION: Time taken for the current iteration.
METRIC: The result of computing score on the fitted pipeline.
BEST: The best observed score thus far.
****************************************************************************************************

 ITERATION   PIPELINE                                       DURATION      METRIC      BEST
         0   MaxAbsScaler DecisionTree                      0:00:17       0.1414    0.1414
         1   MinMaxScaler DecisionTree                      0:00:21       0.1404    0.1404
         2   StandardScalerWrapper LassoLars                0:00:21       0.1484    0.1404
         3   RobustScaler ElasticNet                        0:00:16       0.1486    0.1404
         4   StandardScalerWrapper LassoLars                0:00:24       0.1484    0.1404
         5   RobustScaler ElasticNet                        0:00:22       0.1484    0.1404
         6   RobustScaler DecisionTree                      0:00:21       0.1413    0.1404
         7   MinMaxScaler DecisionTree                      0:00:22       0.1438    0.1404
         8   RobustScaler DecisionTree                      0:00:22       0.1435    0.1404
         9   MinMaxScaler DecisionTree                      0:00:21       0.1415    0.1404
        10   StandardScalerWrapper DecisionTree             0:00:23       0.1400    0.1400
        11   StandardScalerWrapper DecisionTree             0:00:22       0.1396    0.1396
        12   RobustScaler DecisionTree                      0:00:22       0.1397    0.1396
        13   RobustScaler ElasticNet                        0:00:21       0.1487    0.1396
        14   StandardScalerWrapper DecisionTree             0:00:23       0.1416    0.1396
        15   MinMaxScaler DecisionTree                      0:00:22       0.1413    0.1396
        16   MinMaxScaler DecisionTree                      0:00:21       0.1397    0.1396
        17   RobustScaler DecisionTree                      0:00:16       0.1409    0.1396
        18   RobustScaler DecisionTree                      0:00:21       0.1411    0.1396
        19   StandardScalerWrapper DecisionTree             0:00:21       0.1413    0.1396
        20   StandardScalerWrapper DecisionTree             0:00:22       0.1417    0.1396
        21   WARNING - Retrying (Retry(total=2, connect=None, read=None, redirect=None, status=None)) after connection broken by 'ProtocolError('Connection aborted.', ConnectionResetError(104, 'Connection reset by peer'))': /azureml/ExperimentRun/dcid.AutoML_66b5a0ee-ad98-4397-b081-814871c8262c_21/outputs/model.pkl?sv=2019-02-02&sr=b&sig=LGLoo0UcvJlvlDTFTrUfIXPWQpp14G4u4u4ZcTVlJxg%3D&st=2020-10-02T11%3A48%3A54Z&se=2020-10-03T11%3A58%3A54Z&sp=rcw&comp=block&blockid=TURBd01EQXdNREF3TURBd01EQXdNREF3TURBd01EQXdNREF3TURBd01EQSUzRA%3D%3D&timeout=30
WARNING - Retrying (Retry(total=2, connect=None, read=None, redirect=None, status=None)) after connection broken by 'ProtocolError('Connection aborted.', ConnectionResetError(104, 'Connection reset by peer'))': /azureml/ExperimentRun/dcid.AutoML_66b5a0ee-ad98-4397-b081-814871c8262c_21/outputs/pipeline_graph.json?sv=2019-02-02&sr=b&sig=CPwA96qhp7YMWoLZFZBYCUAETKxGB7zcC3y6t415XFo%3D&st=2020-10-02T11%3A48%3A54Z&se=2020-10-03T11%3A58%3A54Z&sp=rcw&comp=block&blockid=TURBd01EQXdNREF3TURBd01EQXdNREF3TURBd01EQXdNREF3TURBd01EQSUzRA%3D%3D&timeout=30
StandardScalerWrapper ExtremeRandomTrees       0:03:05       0.1422    0.1396
        22   MinMaxScaler LightGBM                          0:00:23       0.1415    0.1396
        23   MinMaxScaler DecisionTree                      0:00:22       0.1412    0.1396
        24   MinMaxScaler DecisionTree                      0:00:22       0.1400    0.1396
        25   RobustScaler DecisionTree                      0:00:22       0.1442    0.1396
        26   MinMaxScaler DecisionTree                      0:00:22       0.1405    0.1396
        27   StandardScalerWrapper RandomForest             0:00:23       0.1431    0.1396
        28   MinMaxScaler ExtremeRandomTrees                0:00:27       0.1405    0.1396
        29   StandardScalerWrapper RandomForest             0:00:25       0.1419    0.1396
        30   RobustScaler DecisionTree                      0:00:22       0.1433    0.1396
        31   StandardScalerWrapper ExtremeRandomTrees       0:00:24       0.1402    0.1396
        32   RobustScaler RandomForest                      0:00:24       0.1389    0.1389
        33   StandardScalerWrapper ExtremeRandomTrees       0:00:25       0.1412    0.1389
        34   RobustScaler RandomForest                      0:00:18       0.1423    0.1389
        35   MinMaxScaler RandomForest                      0:00:23       0.1456    0.1389
        36   MinMaxScaler RandomForest                      0:00:23       0.1390    0.1389
        37   MinMaxScaler ExtremeRandomTrees                0:00:24       0.1402    0.1389
        38   StandardScalerWrapper ExtremeRandomTrees       0:00:26       0.1425    0.1389
        39   RobustScaler ExtremeRandomTrees                0:00:28       0.1410    0.1389
        40   RobustScaler RandomForest                      0:00:25       0.1456    0.1389
        41   MinMaxScaler DecisionTree                      0:00:23       0.1409    0.1389
        42   RobustScaler RandomForest                      0:00:23       0.1403    0.1389
        43   RobustScaler RandomForest                      0:00:24       0.1419    0.1389
        44   RobustScaler ExtremeRandomTrees                0:00:23       0.1397    0.1389
        45   RobustScaler RandomForest                      0:00:23       0.1429    0.1389
        46   RobustScaler ExtremeRandomTrees                0:00:23       0.1437    0.1389
        47   WARNING - Retrying (Retry(total=2, connect=None, read=None, redirect=None, status=None)) after connection broken by 'ProtocolError('Connection aborted.', ConnectionResetError(104, 'Connection reset by peer'))': /azureml/ExperimentRun/dcid.AutoML_66b5a0ee-ad98-4397-b081-814871c8262c_47/outputs/pipeline_graph.json?sv=2019-02-02&sr=b&sig=RW1n6tQLTM0XvSzQ33XL9cdx%2FP2SyelJePAT7uFyQEs%3D&st=2020-10-02T12%3A01%3A59Z&se=2020-10-03T12%3A11%3A59Z&sp=rcw&comp=block&blockid=TURBd01EQXdNREF3TURBd01EQXdNREF3TURBd01EQXdNREF3TURBd01EQSUzRA%3D%3D&timeout=30
WARNING - Retrying (Retry(total=2, connect=None, read=None, redirect=None, status=None)) after connection broken by 'ProtocolError('Connection aborted.', ConnectionResetError(104, 'Connection reset by peer'))': /azureml/ExperimentRun/dcid.AutoML_66b5a0ee-ad98-4397-b081-814871c8262c_47/outputs/model.pkl?sv=2019-02-02&sr=b&sig=xsQmm%2FHshm%2BDsI50Gi2Z28HvGN1es2GveQiQAdkKI2w%3D&st=2020-10-02T12%3A01%3A59Z&se=2020-10-03T12%3A11%3A59Z&sp=rcw&comp=block&blockid=TURBd01EQXdNREF3TURBd01EQXdNREF3TURBd01EQXdNREF3TURBd01EQSUzRA%3D%3D&timeout=30
StandardScalerWrapper ExtremeRandomTrees       0:03:05       0.1396    0.1389
        48   StandardScalerWrapper ExtremeRandomTrees       0:00:29       0.1410    0.1389
        49   RobustScaler RandomForest                      0:00:24       0.1442    0.1389
        50   StandardScalerWrapper RandomForest             0:00:25       0.1441    0.1389
        51   RobustScaler ExtremeRandomTrees                0:00:24       0.1433    0.1389
        52   MinMaxScaler ExtremeRandomTrees                0:00:30       0.1449    0.1389
        53   MinMaxScaler ExtremeRandomTrees                0:00:24       0.1418    0.1389
        54   RobustScaler RandomForest                      0:00:25       0.1432    0.1389
        55   StandardScalerWrapper RandomForest             0:00:26       0.1447    0.1389
        56   RobustScaler ExtremeRandomTrees                0:00:24       0.1382    0.1382
        57   WARNING - Retrying (Retry(total=2, connect=None, read=None, redirect=None, status=None)) after connection broken by 'ProtocolError('Connection aborted.', ConnectionResetError(104, 'Connection reset by peer'))': /azureml/ExperimentRun/dcid.AutoML_66b5a0ee-ad98-4397-b081-814871c8262c_57/outputs/pipeline_graph.json?sv=2019-02-02&sr=b&sig=Wg4%2F8wNm9OJtzO7wU1tVYwG0qV7LFOkB%2FKVl5HuE7%2Fg%3D&st=2020-10-02T12%3A08%3A59Z&se=2020-10-03T12%3A18%3A59Z&sp=rcw&comp=block&blockid=TURBd01EQXdNREF3TURBd01EQXdNREF3TURBd01EQXdNREF3TURBd01EQSUzRA%3D%3D&timeout=30
WARNING - Retrying (Retry(total=2, connect=None, read=None, redirect=None, status=None)) after connection broken by 'ProtocolError('Connection aborted.', ConnectionResetError(104, 'Connection reset by peer'))': /azureml/ExperimentRun/dcid.AutoML_66b5a0ee-ad98-4397-b081-814871c8262c_57/outputs/model.pkl?sv=2019-02-02&sr=b&sig=oQ4zrsRDbEJWAN1uDUIKqj1BBxwPJb3c26FJwxCkuSI%3D&st=2020-10-02T12%3A08%3A59Z&se=2020-10-03T12%3A18%3A59Z&sp=rcw&comp=block&blockid=TURBd01EQXdNREF3TURBd01EQXdNREF3TURBd01EQXdNREF3TURBd01EQSUzRA%3D%3D&timeout=30
WARNING - Retrying (Retry(total=2, connect=None, read=None, redirect=None, status=None)) after connection broken by 'ProtocolError('Connection aborted.', ConnectionResetError(104, 'Connection reset by peer'))': /azureml/ExperimentRun/dcid.AutoML_66b5a0ee-ad98-4397-b081-814871c8262c_57/outputs/conda_env_v_1_0_0.yml?sv=2019-02-02&sr=b&sig=jBm8oq9urtRJaytUWaBA0J4pSIL9AEYkXJJKJpE0yUA%3D&st=2020-10-02T12%3A08%3A59Z&se=2020-10-03T12%3A18%3A59Z&sp=rcw&comp=block&blockid=TURBd01EQXdNREF3TURBd01EQXdNREF3TURBd01EQXdNREF3TURBd01EQSUzRA%3D%3D&timeout=30
RobustScaler RandomForest                      0:03:03       0.1380    0.1380
        58   RobustScaler ExtremeRandomTrees                0:00:24       0.1417    0.1380
        59   MinMaxScaler RandomForest                      0:00:24       0.1419    0.1380
        60   RobustScaler RandomForest                      0:00:24       0.1454    0.1380
        61   MinMaxScaler ExtremeRandomTrees                0:00:24       0.1420    0.1380
        62   RobustScaler ExtremeRandomTrees                0:00:26       0.1437    0.1380
        63   MinMaxScaler ExtremeRandomTrees                0:00:21       0.1387    0.1380
        64   MinMaxScaler ExtremeRandomTrees                0:00:29       0.1393    0.1380
        65   MinMaxScaler RandomForest                      0:00:24       0.1488    0.1380
        66   MinMaxScaler RandomForest                      0:00:24       0.1424    0.1380
        67   RobustScaler ExtremeRandomTrees                0:00:24       0.1414    0.1380
        68   MinMaxScaler ExtremeRandomTrees                0:00:26       0.1404    0.1380
        69   StandardScalerWrapper ExtremeRandomTrees       0:00:19       0.1406    0.1380
        70   RobustScaler RandomForest                      0:00:24       0.1456    0.1380
        71   StandardScalerWrapper ExtremeRandomTrees       0:00:25       0.1415    0.1380
        72   StandardScalerWrapper GradientBoosting         0:00:23       0.1411    0.1380
        73   StandardScalerWrapper RandomForest             0:00:23       0.1416    0.1380
        74   StandardScalerWrapper ExtremeRandomTrees       0:00:27       0.1403    0.1380
        75   RobustScaler RandomForest                      0:00:23       0.1445    0.1380
        76   StandardScalerWrapper ExtremeRandomTrees       0:00:23       0.1410    0.1380
        77   RobustScaler ExtremeRandomTrees                0:00:24       0.1403    0.1380
        78   RobustScaler ExtremeRandomTrees                0:00:24       0.1403    0.1380
        79   WARNING - Retrying (Retry(total=2, connect=None, read=None, redirect=None, status=None)) after connection broken by 'ProtocolError('Connection aborted.', ConnectionResetError(104, 'Connection reset by peer'))': /azureml/ExperimentRun/dcid.AutoML_66b5a0ee-ad98-4397-b081-814871c8262c_79/outputs/env_dependencies.json?sv=2019-02-02&sr=b&sig=nRbCNhekhjpE83vDeg50FhjBBZkCXhANUJzZJcWstgw%3D&st=2020-10-02T12%3A20%3A36Z&se=2020-10-03T12%3A30%3A36Z&sp=rcw&comp=block&blockid=TURBd01EQXdNREF3TURBd01EQXdNREF3TURBd01EQXdNREF3TURBd01EQSUzRA%3D%3D&timeout=30
StandardScalerWrapper DecisionTree             0:03:12       0.1403    0.1380
        80   StandardScalerWrapper RandomForest             0:00:29       0.1486    0.1380
        81   StandardScalerWrapper ExtremeRandomTrees       0:00:28       0.1431    0.1380
        82   MinMaxScaler ExtremeRandomTrees                0:00:24       0.1413    0.1380
        83   MinMaxScaler RandomForest                      0:00:29       0.1400    0.1380
        84   RobustScaler RandomForest                      0:00:24       0.1418    0.1380
        85   StandardScalerWrapper RandomForest             0:00:25       0.1458    0.1380
        86   RobustScaler ExtremeRandomTrees                0:00:28       0.1425    0.1380
        87   MinMaxScaler ExtremeRandomTrees                0:00:24       0.1401    0.1380
        88   MinMaxScaler ExtremeRandomTrees                0:00:29       0.1398    0.1380
        89   RobustScaler GradientBoosting                  0:00:24       0.1438    0.1380
        90   StandardScalerWrapper RandomForest             0:00:24       0.1453    0.1380
        91   MinMaxScaler RandomForest                      0:00:27       0.1386    0.1380
        92   StandardScalerWrapper ExtremeRandomTrees       0:00:24       0.1422    0.1380
        93   StandardScalerWrapper ExtremeRandomTrees       0:00:25       0.1417    0.1380
        94   MinMaxScaler ExtremeRandomTrees                0:00:24       0.1408    0.1380
        95   WARNING - Retrying (Retry(total=2, connect=None, read=None, redirect=None, status=None)) after connection broken by 'ProtocolError('Connection aborted.', ConnectionResetError(104, 'Connection reset by peer'))': /azureml/ExperimentRun/dcid.AutoML_66b5a0ee-ad98-4397-b081-814871c8262c_95/outputs/conda_env_v_1_0_0.yml?sv=2019-02-02&sr=b&sig=HCGB6CkvZD%2FJPJU9CjsmI%2BXy92%2BsvwZjyphLgCKH3pU%3D&st=2020-10-02T12%3A30%3A24Z&se=2020-10-03T12%3A40%3A24Z&sp=rcw&comp=block&blockid=TURBd01EQXdNREF3TURBd01EQXdNREF3TURBd01EQXdNREF3TURBd01EQSUzRA%3D%3D&timeout=30
WARNING - Retrying (Retry(total=2, connect=None, read=None, redirect=None, status=None)) after connection broken by 'ProtocolError('Connection aborted.', ConnectionResetError(104, 'Connection reset by peer'))': /azureml/ExperimentRun/dcid.AutoML_66b5a0ee-ad98-4397-b081-814871c8262c_95/outputs/pipeline_graph.json?sv=2019-02-02&sr=b&sig=FoHpbTyUfs25Hx1AZ3Rhcf9En3v9QC311p7b%2FIpOd68%3D&st=2020-10-02T12%3A30%3A24Z&se=2020-10-03T12%3A40%3A24Z&sp=rcw&comp=block&blockid=TURBd01EQXdNREF3TURBd01EQXdNREF3TURBd01EQXdNREF3TURBd01EQSUzRA%3D%3D&timeout=30
StandardScalerWrapper RandomForest             0:03:06       0.1468    0.1380
        96   RobustScaler ExtremeRandomTrees                0:00:32       0.1382    0.1380
        97   RobustScaler ExtremeRandomTrees                0:00:32       0.1420    0.1380
        98   StandardScalerWrapper ExtremeRandomTrees       0:00:26       0.1443    0.1380
        99   RobustScaler ExtremeRandomTrees                0:00:25       0.1418    0.1380
       100   RobustScaler RandomForest                      0:00:28       0.1440    0.1380
       101   StandardScalerWrapper RandomForest             0:00:28       0.1439    0.1380
       102   RobustScaler ExtremeRandomTrees                0:00:27       0.1428    0.1380
       103   MinMaxScaler ExtremeRandomTrees                0:00:26       0.1409    0.1380
       104   RobustScaler RandomForest                      0:00:24       0.1411    0.1380
       105   StandardScalerWrapper RandomForest             0:00:25       0.1426    0.1380
       106   RobustScaler LightGBM                          0:00:23       0.1401    0.1380
       107   StandardScalerWrapper RandomForest             0:00:26       0.1383    0.1380
       108   StandardScalerWrapper ExtremeRandomTrees       0:00:26       0.1429    0.1380
       109   MinMaxScaler ExtremeRandomTrees                0:00:26       0.1407    0.1380
       110   StandardScalerWrapper RandomForest             0:00:24       0.1431    0.1380
       111   StandardScalerWrapper RandomForest             0:00:25       0.1418    0.1380
       112   RobustScaler RandomForest                      0:00:20       0.1433    0.1380
       113   RobustScaler ExtremeRandomTrees                0:00:24       0.1416    0.1380
       114   StandardScalerWrapper ExtremeRandomTrees       0:00:30       0.1419    0.1380
       115   RobustScaler RandomForest                      0:00:25       0.1467    0.1380
       116   RobustScaler ExtremeRandomTrees                0:00:26       0.1433    0.1380
       117   StandardScalerWrapper ExtremeRandomTrees       0:00:27       0.1377    0.1377
       118   MinMaxScaler ExtremeRandomTrees                0:00:25       0.1404    0.1377
       119   StandardScalerWrapper RandomForest             0:00:26       0.1426    0.1377
       120   MinMaxScaler ExtremeRandomTrees                0:00:26       0.1435    0.1377
       121   MinMaxScaler ExtremeRandomTrees                0:00:24       0.1430    0.1377
       122   RobustScaler ExtremeRandomTrees                0:00:28       0.1428    0.1377
       123   RobustScaler RandomForest                      0:00:27       0.1432    0.1377
       124   MinMaxScaler RandomForest                      0:00:26       0.1422    0.1377
       125   RobustScaler ExtremeRandomTrees                0:00:25       0.1460    0.1377
       126   StandardScalerWrapper ExtremeRandomTrees       0:00:29       0.1417    0.1377
       127   RobustScaler ExtremeRandomTrees                0:00:27       0.1424    0.1377
       128   RobustScaler RandomForest                      0:00:26       0.1409    0.1377
       129   StandardScalerWrapper ExtremeRandomTrees       0:00:25       0.1420    0.1377
       130   RobustScaler ExtremeRandomTrees                0:00:29       0.1463    0.1377
       131   StandardScalerWrapper ExtremeRandomTrees       0:00:24       0.1431    0.1377
       132   StandardScalerWrapper RandomForest             0:00:26       0.1411    0.1377
       133   WARNING - Retrying (Retry(total=2, connect=None, read=None, redirect=None, status=None)) after connection broken by 'ProtocolError('Connection aborted.', ConnectionResetError(104, 'Connection reset by peer'))': /azureml/ExperimentRun/dcid.AutoML_66b5a0ee-ad98-4397-b081-814871c8262c_133/outputs/scoring_file_v_1_0_0.py?sv=2019-02-02&sr=b&sig=bPe2ISL%2FxCXlb7x%2F8JPhKBZsuv%2BWBwFKUnODFFEv56o%3D&st=2020-10-02T12%3A49%3A55Z&se=2020-10-03T12%3A59%3A55Z&sp=rcw&comp=block&blockid=TURBd01EQXdNREF3TURBd01EQXdNREF3TURBd01EQXdNREF3TURBd01EQSUzRA%3D%3D&timeout=30
MinMaxScaler LightGBM                          0:03:06       0.1393    0.1377
       134   MinMaxScaler ExtremeRandomTrees                0:00:25       0.1405    0.1377
       135   MinMaxScaler ExtremeRandomTrees                0:00:24       0.1437    0.1377
       136   StandardScalerWrapper ExtremeRandomTrees       0:00:24       0.1410    0.1377
       137   RobustScaler ExtremeRandomTrees                0:00:26       0.1389    0.1377
       138   StandardScalerWrapper ExtremeRandomTrees       0:00:25       0.1399    0.1377
       139   MinMaxScaler RandomForest                      0:00:24       0.1411    0.1377
       140   StandardScalerWrapper ExtremeRandomTrees       0:00:27       0.1442    0.1377
       141   RobustScaler RandomForest                      0:00:31       0.1443    0.1377
       142   StandardScalerWrapper ExtremeRandomTrees       0:00:25       0.1383    0.1377
       143   StandardScalerWrapper ExtremeRandomTrees       0:01:48       0.1383    0.1377
       144   MinMaxScaler RandomForest                      0:00:33       0.1418    0.1377
       145   MinMaxScaler ExtremeRandomTrees                0:00:21       0.1410    0.1377
       146   StandardScalerWrapper RandomForest             0:00:25       0.1407    0.1377
       147   StandardScalerWrapper ExtremeRandomTrees       0:00:28       0.1398    0.1377
       148   StandardScalerWrapper ExtremeRandomTrees       0:00:27       0.1436    0.1377
       149   StandardScalerWrapper ExtremeRandomTrees       0:00:30       0.1442    0.1377
       150   RobustScaler ExtremeRandomTrees                0:00:26       0.1456    0.1377
       151   RobustScaler ExtremeRandomTrees                0:00:31       0.1420    0.1377
       152   StandardScalerWrapper ExtremeRandomTrees       0:00:23       0.1430    0.1377
       153   WARNING - Retrying (Retry(total=2, connect=None, read=None, redirect=None, status=None)) after connection broken by 'ProtocolError('Connection aborted.', ConnectionResetError(104, 'Connection reset by peer'))': /azureml/ExperimentRun/dcid.AutoML_66b5a0ee-ad98-4397-b081-814871c8262c_153/outputs/pipeline_graph.json?sv=2019-02-02&sr=b&sig=9EGWOzSCMk58MaEki3SsQu5kUqk%2FPNoQF0e%2BaWA%2BdEU%3D&st=2020-10-02T13%3A03%3A00Z&se=2020-10-03T13%3A13%3A00Z&sp=rcw&comp=block&blockid=TURBd01EQXdNREF3TURBd01EQXdNREF3TURBd01EQXdNREF3TURBd01EQSUzRA%3D%3D&timeout=30
WARNING - Retrying (Retry(total=2, connect=None, read=None, redirect=None, status=None)) after connection broken by 'ProtocolError('Connection aborted.', ConnectionResetError(104, 'Connection reset by peer'))': /azureml/ExperimentRun/dcid.AutoML_66b5a0ee-ad98-4397-b081-814871c8262c_153/outputs/model.pkl?sv=2019-02-02&sr=b&sig=bQ8A11TjZ6EKGO3WJdSOK5xaDqPAP%2FIvnk%2FmZSYJYko%3D&st=2020-10-02T13%3A03%3A00Z&se=2020-10-03T13%3A13%3A00Z&sp=rcw&comp=block&blockid=TURBd01EQXdNREF3TURBd01EQXdNREF3TURBd01EQXdNREF3TURBd01EQSUzRA%3D%3D&timeout=30
WARNING - Retrying (Retry(total=2, connect=None, read=None, redirect=None, status=None)) after connection broken by 'ProtocolError('Connection aborted.', ConnectionResetError(104, 'Connection reset by peer'))': /azureml/ExperimentRun/dcid.AutoML_66b5a0ee-ad98-4397-b081-814871c8262c_153/outputs/conda_env_v_1_0_0.yml?sv=2019-02-02&sr=b&sig=kZ4WGBjy4zIgxE%2FxD4N48VmdgQiWQHj2sPYs3opxZc4%3D&st=2020-10-02T13%3A03%3A00Z&se=2020-10-03T13%3A13%3A00Z&sp=rcw&comp=block&blockid=TURBd01EQXdNREF3TURBd01EQXdNREF3TURBd01EQXdNREF3TURBd01EQSUzRA%3D%3D&timeout=30
StandardScalerWrapper ExtremeRandomTrees       0:03:06       0.1429    0.1377
       154   StandardScalerWrapper ExtremeRandomTrees       0:00:27       0.1449    0.1377
       155   StandardScalerWrapper ExtremeRandomTrees       0:00:26       0.1484    0.1377
       156   StandardScalerWrapper RandomForest             0:00:24       0.1404    0.1377
       157   RobustScaler ExtremeRandomTrees                0:00:26       0.1396    0.1377
       158   StandardScalerWrapper ExtremeRandomTrees       0:00:25       0.1424    0.1377
       159   MinMaxScaler ExtremeRandomTrees                0:00:30       0.1431    0.1377
       160   StandardScalerWrapper ExtremeRandomTrees       0:00:24       0.1449    0.1377
       161   StandardScalerWrapper ExtremeRandomTrees       0:00:26       0.1430    0.1377
       162   RobustScaler RandomForest                      0:00:23       0.1411    0.1377
       163   StandardScalerWrapper ExtremeRandomTrees       0:00:23       0.1434    0.1377
       164   MinMaxScaler ExtremeRandomTrees                0:00:31       0.1423    0.1377
       165   StandardScalerWrapper ExtremeRandomTrees       0:00:24       0.1450    0.1377
       166   RobustScaler ExtremeRandomTrees                0:00:25       0.1430    0.1377
       167   WARNING - Retrying (Retry(total=2, connect=None, read=None, redirect=None, status=None)) after connection broken by 'ProtocolError('Connection aborted.', ConnectionResetError(104, 'Connection reset by peer'))': /azureml/ExperimentRun/dcid.AutoML_66b5a0ee-ad98-4397-b081-814871c8262c_167/outputs/model.pkl?sv=2019-02-02&sr=b&sig=Qjm%2B7jWozd307%2F%2Foe35kE%2FWhwbT0%2FXkJVSA5qON8hXg%3D&st=2020-10-02T13%3A11%3A50Z&se=2020-10-03T13%3A21%3A50Z&sp=rcw&comp=block&blockid=TURBd01EQXdNREF3TURBd01EQXdNREF3TURBd01EQXdNREF3TURBd01EQSUzRA%3D%3D&timeout=30
MinMaxScaler RandomForest                      0:03:04       0.1399    0.1377
       168   WARNING - Retrying (Retry(total=2, connect=None, read=None, redirect=None, status=None)) after connection broken by 'ProtocolError('Connection aborted.', ConnectionResetError(104, 'Connection reset by peer'))': /azureml/ExperimentRun/dcid.AutoML_66b5a0ee-ad98-4397-b081-814871c8262c_168/outputs/model.pkl?sv=2019-02-02&sr=b&sig=e3wPFRXoMpntZz5%2F%2FUdy1mqPRTI%2FaJZ%2F4avVmPeRWuY%3D&st=2020-10-02T13%3A14%3A52Z&se=2020-10-03T13%3A24%3A52Z&sp=rcw&comp=block&blockid=TURBd01EQXdNREF3TURBd01EQXdNREF3TURBd01EQXdNREF3TURBd01EQSUzRA%3D%3D&timeout=30
WARNING - Retrying (Retry(total=2, connect=None, read=None, redirect=None, status=None)) after connection broken by 'ProtocolError('Connection aborted.', ConnectionResetError(104, 'Connection reset by peer'))': /azureml/ExperimentRun/dcid.AutoML_66b5a0ee-ad98-4397-b081-814871c8262c_168/outputs/env_dependencies.json?sv=2019-02-02&sr=b&sig=HBJ78uTCa%2BWmSGv356LiQlvuam36eLm45z7ujC%2FcLuM%3D&st=2020-10-02T13%3A14%3A52Z&se=2020-10-03T13%3A24%3A52Z&sp=rcw&comp=block&blockid=TURBd01EQXdNREF3TURBd01EQXdNREF3TURBd01EQXdNREF3TURBd01EQSUzRA%3D%3D&timeout=30
StandardScalerWrapper ExtremeRandomTrees       0:00:33       0.1443    0.1377
       169   StandardScalerWrapper ExtremeRandomTrees       0:00:25       0.1409    0.1377
       170   StandardScalerWrapper ExtremeRandomTrees       0:00:28       0.1474    0.1377
       171   RobustScaler ExtremeRandomTrees                0:00:24       0.1391    0.1377
       172   MinMaxScaler ExtremeRandomTrees                0:00:29       0.1389    0.1377
       173   RobustScaler RandomForest                      0:00:27       0.1422    0.1377
       174   RobustScaler RandomForest                      0:00:20       0.1443    0.1377
       175   StandardScalerWrapper ExtremeRandomTrees       0:00:21       0.1424    0.1377
       176   StandardScalerWrapper ExtremeRandomTrees       0:00:29       0.1411    0.1377
       177   StandardScalerWrapper ExtremeRandomTrees       0:00:24       0.1400    0.1377
       178   RobustScaler ExtremeRandomTrees                0:00:28       0.1405    0.1377
       179   StandardScalerWrapper RandomForest             0:00:24       0.1401    0.1377
       180   MinMaxScaler ExtremeRandomTrees                0:00:25       0.1467    0.1377
       181   MinMaxScaler RandomForest                      0:00:25       0.1404    0.1377
       182   StandardScalerWrapper ExtremeRandomTrees       0:00:25       0.1402    0.1377
       183   StandardScalerWrapper RandomForest             0:00:24       0.1409    0.1377
       184   StandardScalerWrapper ExtremeRandomTrees       0:00:24       0.1381    0.1377
       185   RobustScaler ExtremeRandomTrees                0:00:24       0.1446    0.1377
       186   MinMaxScaler ExtremeRandomTrees                0:00:25       0.1426    0.1377
       187   StandardScalerWrapper RandomForest             0:00:30       0.1417    0.1377
       188   StandardScalerWrapper ExtremeRandomTrees       0:00:23       0.1422    0.1377
       189   StandardScalerWrapper RandomForest             0:00:24       0.1409    0.1377
       190   RobustScaler ExtremeRandomTrees                0:00:22       0.1432    0.1377
       191   StandardScalerWrapper ExtremeRandomTrees       0:00:24       0.1432    0.1377
       192   StandardScalerWrapper RandomForest             0:00:28       0.1420    0.1377
       193   StandardScalerWrapper ExtremeRandomTrees       0:00:25       0.1400    0.1377
       194   MinMaxScaler RandomForest                      0:00:23       0.1403    0.1377
       195   StandardScalerWrapper ExtremeRandomTrees       0:00:24       0.1425    0.1377
       196   StandardScalerWrapper ExtremeRandomTrees       0:00:28       0.1394    0.1377
       197   MinMaxScaler ExtremeRandomTrees                0:00:24       0.1399    0.1377
       198   StandardScalerWrapper RandomForest             0:00:24       0.1423    0.1377
       199   StandardScalerWrapper RandomForest             0:00:24       0.1441    0.1377
       200   MinMaxScaler ExtremeRandomTrees                0:00:25       0.1470    0.1377
       201   RobustScaler ExtremeRandomTrees                0:00:27       0.1420    0.1377
       202   MinMaxScaler ExtremeRandomTrees                0:00:22       0.1395    0.1377
       203   RobustScaler ExtremeRandomTrees                0:00:29       0.1415    0.1377
       204   MinMaxScaler RandomForest                      0:00:20       0.1418    0.1377
       205   MinMaxScaler ExtremeRandomTrees                0:00:27       0.1451    0.1377
       206   MinMaxScaler ExtremeRandomTrees                0:00:24       0.1412    0.1377
       207   StandardScalerWrapper RandomForest             0:00:26       0.1405    0.1377
       208   StandardScalerWrapper RandomForest             0:00:29       0.1428    0.1377
       209   WARNING - Retrying (Retry(total=2, connect=None, read=None, redirect=None, status=None)) after connection broken by 'ProtocolError('Connection aborted.', ConnectionResetError(104, 'Connection reset by peer'))': /azureml/ExperimentRun/dcid.AutoML_66b5a0ee-ad98-4397-b081-814871c8262c_209/outputs/conda_env_v_1_0_0.yml?sv=2019-02-02&sr=b&sig=gQIr1CKMBvk%2B9O5n75pyMVuVYbr6qbLhKaO0dOjGFbA%3D&st=2020-10-02T13%3A32%3A25Z&se=2020-10-03T13%3A42%3A25Z&sp=rcw&comp=block&blockid=TURBd01EQXdNREF3TURBd01EQXdNREF3TURBd01EQXdNREF3TURBd01EQSUzRA%3D%3D&timeout=30
WARNING - Retrying (Retry(total=2, connect=None, read=None, redirect=None, status=None)) after connection broken by 'ProtocolError('Connection aborted.', ConnectionResetError(104, 'Connection reset by peer'))': /azureml/ExperimentRun/dcid.AutoML_66b5a0ee-ad98-4397-b081-814871c8262c_209/outputs/scoring_file_v_1_0_0.py?sv=2019-02-02&sr=b&sig=%2F8NsPaCZnAPFP9zVAOzpAfhYifhghCniZzX2AT%2FVfeE%3D&st=2020-10-02T13%3A32%3A25Z&se=2020-10-03T13%3A42%3A25Z&sp=rcw&comp=block&blockid=TURBd01EQXdNREF3TURBd01EQXdNREF3TURBd01EQXdNREF3TURBd01EQSUzRA%3D%3D&timeout=30
MinMaxScaler RandomForest                      0:03:04       0.1403    0.1377
       210   StandardScalerWrapper ExtremeRandomTrees       0:00:25       0.1454    0.1377
       211   MinMaxScaler ExtremeRandomTrees                0:00:26       0.1421    0.1377
       212   MinMaxScaler ExtremeRandomTrees                0:00:29       0.1386    0.1377
       213   WARNING - Retrying (Retry(total=2, connect=None, read=None, redirect=None, status=None)) after connection broken by 'ProtocolError('Connection aborted.', ConnectionResetError(104, 'Connection reset by peer'))': /azureml/ExperimentRun/dcid.AutoML_66b5a0ee-ad98-4397-b081-814871c8262c_213/outputs/conda_env_v_1_0_0.yml?sv=2019-02-02&sr=b&sig=HtBCZdVSIjJp%2BQaqHMbHnmhtmh0n4x0WRsHHI4ZO%2Bx8%3D&st=2020-10-02T13%3A36%3A52Z&se=2020-10-03T13%3A46%3A52Z&sp=rcw&comp=block&blockid=TURBd01EQXdNREF3TURBd01EQXdNREF3TURBd01EQXdNREF3TURBd01EQSUzRA%3D%3D&timeout=30
StandardScalerWrapper RandomForest             0:03:02       0.1454    0.1377
       214   MinMaxScaler ExtremeRandomTrees                0:00:28       0.1378    0.1377
       215   StandardScalerWrapper ExtremeRandomTrees       0:00:25       0.1431    0.1377
       216   MinMaxScaler ExtremeRandomTrees                0:00:27       0.1390    0.1377
       217   WARNING - Received unrecognized parameter ensemble_download_models_timeout_sec
WARNING - Received unrecognized parameter ensemble_download_models_timeout_sec
WARNING - Connection pool is full, discarding connection: automlws9124637538.blob.core.windows.net
WARNING - Connection pool is full, discarding connection: automlws9124637538.blob.core.windows.net
WARNING - Connection pool is full, discarding connection: automlws9124637538.blob.core.windows.net
WARNING - Connection pool is full, discarding connection: automlws9124637538.blob.core.windows.net
VotingEnsemble                                 0:02:34       0.1376    0.1376
Stopping criteria reached at iteration 218. Ending experiment.
WARNING - Received unrecognized parameter ensemble_download_models_timeout_sec
WARNING - Received unrecognized parameter ensemble_download_models_timeout_sec
WARNING - Received unrecognized parameter ensemble_download_models_timeout_sec
****************************************************************************************************
Current status: BestRunExplainModel. Best run model explanations started
Current status: ModelExplanationDataSetSetup. Model explanations data setup completed
Current status: PickSurrogateModel. Choosing LightGBM as the surrogate model for explanations
Current status: EngineeredFeatureExplanations. Computation of engineered features started
Current status: EngineeredFeatureExplanations. Computation of engineered features completed
Current status: BestRunExplainModel. Best run model explanations completed
****************************************************************************************************
WARNING - Received unrecognized parameter ensemble_download_models_timeout_sec
WARNING - Received unrecognized parameter ensemble_download_models_timeout_sec
WARNING - Received unrecognized parameter ensemble_download_models_timeout_sec
Best pipeline:
<class 'sklearn.ensemble._voting.VotingRegressor'>
0. Pipeline(memory=None,
         steps=[('standardscalerwrapper',
                 <azureml.automl.runtime.shared.model_wrappers.StandardScalerWrapper object at 0x7f499aecaa90>),
                ('extratreesregressor',
                 ExtraTreesRegressor(bootstrap=True, ccp_alpha=0.0,
                                     criterion='mse', max_depth=None,
                                     max_features=0.7, max_leaf_nodes=None,
                                     max_samples=None,
                                     min_impurity_decrease=0.0,
                                     min_impurity_split=None,
                                     min_samples_leaf=0.003466237459044996,
                                     min_samples_split=0.0012814223889440828,
                                     min_weight_fraction_leaf=0.0,
                                     n_estimators=200, n_jobs=-1,
                                     oob_score=False, random_state=None,
                                     verbose=0, warm_start=False))],
         verbose=False)
1. Pipeline(memory=None,
         steps=[('minmaxscaler', MinMaxScaler(copy=True, feature_range=(0, 1))),
                ('extratreesregressor',
                 ExtraTreesRegressor(bootstrap=False, ccp_alpha=0.0,
                                     criterion='mse', max_depth=None,
                                     max_features=0.9, max_leaf_nodes=None,
                                     max_samples=None,
                                     min_impurity_decrease=0.0,
                                     min_impurity_split=None,
                                     min_samples_leaf=0.006151578686713196,
                                     min_samples_split=0.012814223889440833,
                                     min_weight_fraction_leaf=0.0,
                                     n_estimators=10, n_jobs=-1,
                                     oob_score=False, random_state=None,
                                     verbose=0, warm_start=False))],
         verbose=False)
2. Pipeline(memory=None,
         steps=[('robustscaler',
                 RobustScaler(copy=True, quantile_range=[25, 75],
                              with_centering=False, with_scaling=False)),
                ('randomforestregressor',
                 RandomForestRegressor(bootstrap=False, ccp_alpha=0.0,
                                       criterion='mse', max_depth=None,
                                       max_features=0.5, max_leaf_nodes=None,
                                       max_samples=None,
                                       min_impurity_decrease=0.0,
                                       min_impurity_split=None,
                                       min_samples_leaf=0.0074478228980205795,
                                       min_samples_split=0.000753222139758624,
                                       min_weight_fraction_leaf=0.0,
                                       n_estimators=50, n_jobs=-1,
                                       oob_score=False, random_state=None,
                                       verbose=0, warm_start=False))],
         verbose=False)
3. Pipeline(memory=None,
         steps=[('standardscalerwrapper',
                 <azureml.automl.runtime.shared.model_wrappers.StandardScalerWrapper object at 0x7f4999d72e10>),
                ('extratreesregressor',
                 ExtraTreesRegressor(bootstrap=False, ccp_alpha=0.0,
                                     criterion='mse', max_depth=None,
                                     max_features=0.5, max_leaf_nodes=None,
                                     max_samples=None,
                                     min_impurity_decrease=0.0,
                                     min_impurity_split=None,
                                     min_samples_leaf=0.004196633747563344,
                                     min_samples_split=0.000753222139758624,
                                     min_weight_fraction_leaf=0.0,
                                     n_estimators=25, n_jobs=-1,
                                     oob_score=False, random_state=None,
                                     verbose=0, warm_start=False))],
         verbose=False)
4. Pipeline(memory=None,
         steps=[('robustscaler',
                 RobustScaler(copy=True, quantile_range=[10, 90],
                              with_centering=True, with_scaling=False)),
                ('extratreesregressor',
                 ExtraTreesRegressor(bootstrap=True, ccp_alpha=0.0,
                                     criterion='mse', max_depth=None,
                                     max_features=0.7, max_leaf_nodes=None,
                                     max_samples=None,
                                     min_impurity_decrease=0.0,
                                     min_impurity_split=None,
                                     min_samples_leaf=0.004196633747563344,
                                     min_samples_split=0.005285388593079247,
                                     min_weight_fraction_leaf=0.0,
                                     n_estimators=10, n_jobs=-1,
                                     oob_score=False, random_state=None,
                                     verbose=0, warm_start=False))],
         verbose=False)
5. Pipeline(memory=None,
         steps=[('minmaxscaler', MinMaxScaler(copy=True, feature_range=(0, 1))),
                ('lightgbmregressor',
                 LightGBMRegressor(boosting_type='gbdt', class_weight=None,
                                   colsample_bytree=0.30000000000000004,
                                   importance_type='split',
                                   learning_rate=0.14737105263157896,
                                   max_bin=255, max_depth=7,
                                   min_child_samples=121,
                                   min_child_weight=0.001,
                                   min_split_gain=0.10526315789473684,
                                   n_estimators=25, n_jobs=-1, num_leaves=31,
                                   objective=None, random_state=None,
                                   reg_alpha=0.975, reg_lambda=1.275,
                                   silent=True, subsample=0.95,
                                   subsample_for_bin=200000, subsample_freq=7,
                                   verbose=-1))],
         verbose=False)
6. Pipeline(memory=None,
         steps=[('standardscalerwrapper',
                 <azureml.automl.runtime.shared.model_wrappers.StandardScalerWrapper object at 0x7f4999e512d0>),
                ('decisiontreeregressor',
                 DecisionTreeRegressor(ccp_alpha=0.0, criterion='mse',
                                       max_depth=None, max_features=None,
                                       max_leaf_nodes=None,
                                       min_impurity_decrease=0.0,
                                       min_impurity_split=None,
                                       min_samples_leaf=0.0030712916328495916,
                                       min_samples_split=0.018261584682702607,
                                       min_weight_fraction_leaf=0.0,
                                       presort='deprecated', random_state=None,
                                       splitter='random'))],
         verbose=False)
7. Pipeline(memory=None,
         steps=[('minmaxscaler', MinMaxScaler(copy=True, feature_range=(0, 1))),
                ('decisiontreeregressor',
                 DecisionTreeRegressor(ccp_alpha=0.0, criterion='friedman_mse',
                                       max_depth=None, max_features=None,
                                       max_leaf_nodes=None,
                                       min_impurity_decrease=0.0,
                                       min_impurity_split=None,
                                       min_samples_leaf=0.006781961770526707,
                                       min_samples_split=0.018261584682702607,
                                       min_weight_fraction_leaf=0.0,
                                       presort='deprecated', random_state=None,
                                       splitter='random'))],
         verbose=False)
8. Pipeline(memory=None,
         steps=[('robustscaler',
                 RobustScaler(copy=True, quantile_range=[10, 90],
                              with_centering=False, with_scaling=False)),
                ('decisiontreeregressor',
                 DecisionTreeRegressor(ccp_alpha=0.0, criterion='mse',
                                       max_depth=None, max_features=None,
                                       max_leaf_nodes=None,
                                       min_impurity_decrease=0.0,
                                       min_impurity_split=None,
                                       min_samples_leaf=0.003851381725578514,
                                       min_samples_split=0.012814223889440833,
                                       min_weight_fraction_leaf=0.0,
                                       presort='deprecated', random_state=None,
                                       splitter='random'))],
         verbose=False)

['quarter', 'month', 'day', 'hour', 'minute', 'am_pm', 'hour12', 'wday', 'qday', 'yday']
  RawFeatureName TypeDetected Dropped  EngineeredFeatureCount  \
0  timestamp      DateTime     No      10                       

                                                                                                                                                                                                      Transformations  
0  [DateTimeTransformer, DateTimeTransformer, DateTimeTransformer, DateTimeTransformer, DateTimeTransformer, DateTimeTransformer, DateTimeTransformer, DateTimeTransformer, DateTimeTransformer, DateTimeTransformer]  
