Running on local machine
Parent Run ID: AutoML_4389ef14-edf1-433b-8cde-15282fa3d351

Current status: DatasetFeaturization. Beginning to featurize the dataset.
Current status: DatasetFeaturizationCompleted. Completed featurizing the dataset.
Heuristic parameters: Target_Lag = '[0]', Target_Rolling_Window = '0', Max_Horizon = '2'.
WARNING - Converting non-string tag to string: (forecasting_target_lags: [0])
WARNING - Converting non-string tag to string: (forecasting_target_rolling_window_size: 0)
WARNING - Converting non-string tag to string: (forecasting_max_horizon: 2)
Current status: DatasetCrossValidationSplit. Generating individually featurized CV splits.
Current status: DatasetFeaturization. Beginning to featurize the CV split.
Current status: DatasetFeaturizationCompleted. Completed featurizing the CV split.
Current status: DatasetFeaturization. Beginning to featurize the CV split.
Current status: DatasetFeaturizationCompleted. Completed featurizing the CV split.
Current status: DatasetFeaturization. Beginning to featurize the CV split.
Current status: DatasetFeaturizationCompleted. Completed featurizing the CV split.
Current status: DatasetFeaturization. Beginning to featurize the CV split.
Current status: DatasetFeaturizationCompleted. Completed featurizing the CV split.
Current status: DatasetFeaturization. Beginning to featurize the CV split.
Current status: DatasetFeaturizationCompleted. Completed featurizing the CV split.

****************************************************************************************************
DATA GUARDRAILS: 

TYPE:         Frequency detection
STATUS:       PASSED
DESCRIPTION:  The time series was analyzed, all data points are aligned with detected frequency.
              

****************************************************************************************************

TYPE:         Missing feature values imputation
STATUS:       PASSED
DESCRIPTION:  No feature missing values were detected in the training data.
              Learn more about missing value imputation: https://aka.ms/AutomatedMLFeaturization

****************************************************************************************************

TYPE:         Memory Issues Detection
STATUS:       PASSED
DESCRIPTION:  The selected horizon, lag and rolling window values were analyzed, and no potential memory issues were detected.
              Learn more about time-series forecasting configurations: https://aka.ms/AutomatedMLForecastingConfiguration

****************************************************************************************************
Current status: ModelSelection. Beginning model selection.

****************************************************************************************************
ITERATION: The iteration being evaluated.
PIPELINE: A summary description of the pipeline being evaluated.
DURATION: Time taken for the current iteration.
METRIC: The result of computing score on the fitted pipeline.
BEST: The best observed score thus far.
****************************************************************************************************

 ITERATION   PIPELINE                                       DURATION      METRIC      BEST
         0   MaxAbsScaler DecisionTree                      0:00:23       0.0885    0.0885
         1   MinMaxScaler DecisionTree                      0:00:22       0.0848    0.0848
         2   StandardScalerWrapper LassoLars                0:00:21       0.0716    0.0716
         3   RobustScaler ElasticNet                        0:00:21       0.0717    0.0716
         4   StandardScalerWrapper LassoLars                0:00:24       0.0716    0.0716
         5   RobustScaler ElasticNet                        0:00:18       0.0717    0.0716
         6   RobustScaler DecisionTree                      0:00:26       0.0805    0.0716
         7   MinMaxScaler DecisionTree                      0:00:17       0.0946    0.0716
         8   RobustScaler DecisionTree                      0:00:21       0.0735    0.0716
         9   MinMaxScaler DecisionTree                      0:00:22       0.0770    0.0716
        10   StandardScalerWrapper DecisionTree             0:00:22       0.0825    0.0716
        11   StandardScalerWrapper DecisionTree             0:00:22       0.0753    0.0716
        12   RobustScaler DecisionTree                      0:00:21       0.0803    0.0716
        13   WARNING - Retrying (Retry(total=2, connect=None, read=None, redirect=None, status=None)) after connection broken by 'ProtocolError('Connection aborted.', ConnectionResetError(104, 'Connection reset by peer'))': /azureml/ExperimentRun/dcid.AutoML_4389ef14-edf1-433b-8cde-15282fa3d351_13/outputs/scoring_file_v_1_0_0.py?sv=2019-02-02&sr=b&sig=mV54FU%2FCNGZiVXecxDSfMu4QlWU5EwuUW91rKtP5BEk%3D&st=2020-09-19T02%3A01%3A39Z&se=2020-09-20T02%3A11%3A39Z&sp=rcw&comp=block&blockid=TURBd01EQXdNREF3TURBd01EQXdNREF3TURBd01EQXdNREF3TURBd01EQSUzRA%3D%3D&timeout=30
WARNING - Retrying (Retry(total=2, connect=None, read=None, redirect=None, status=None)) after connection broken by 'ProtocolError('Connection aborted.', ConnectionResetError(104, 'Connection reset by peer'))': /azureml/ExperimentRun/dcid.AutoML_4389ef14-edf1-433b-8cde-15282fa3d351_13/outputs/conda_env_v_1_0_0.yml?sv=2019-02-02&sr=b&sig=6OhxB%2Fp6Lmc1%2BuDBRQTAIHw%2BLD0FY5EEjroSu6DmCA4%3D&st=2020-09-19T02%3A01%3A39Z&se=2020-09-20T02%3A11%3A39Z&sp=rcw&comp=block&blockid=TURBd01EQXdNREF3TURBd01EQXdNREF3TURBd01EQXdNREF3TURBd01EQSUzRA%3D%3D&timeout=30
WARNING - Retrying (Retry(total=2, connect=None, read=None, redirect=None, status=None)) after connection broken by 'ProtocolError('Connection aborted.', ConnectionResetError(104, 'Connection reset by peer'))': /azureml/ExperimentRun/dcid.AutoML_4389ef14-edf1-433b-8cde-15282fa3d351_13/outputs/model.pkl?sv=2019-02-02&sr=b&sig=z4nAeEjleVgGM4FsTNMuWUsUwQEdpHb72qWsqPDpyYQ%3D&st=2020-09-19T02%3A01%3A39Z&se=2020-09-20T02%3A11%3A39Z&sp=rcw&comp=block&blockid=TURBd01EQXdNREF3TURBd01EQXdNREF3TURBd01EQXdNREF3TURBd01EQSUzRA%3D%3D&timeout=30
RobustScaler ElasticNet                        0:03:08       0.0744    0.0716
        14   StandardScalerWrapper DecisionTree             0:00:17       0.0859    0.0716
        15   MinMaxScaler DecisionTree                      0:00:21       0.0826    0.0716
        16   MinMaxScaler DecisionTree                      0:00:22       0.0847    0.0716
        17   RobustScaler DecisionTree                      0:00:23       0.0907    0.0716
        18   RobustScaler DecisionTree                      0:00:22       0.0792    0.0716
        19   StandardScalerWrapper DecisionTree             0:00:21       0.0803    0.0716
        20   StandardScalerWrapper DecisionTree             0:00:22       0.0885    0.0716
        21   StandardScalerWrapper DecisionTree             0:00:22       0.0832    0.0716
        22   StandardScalerWrapper ExtremeRandomTrees       0:00:24       0.0789    0.0716
        23   MinMaxScaler LightGBM                          0:00:22       0.0747    0.0716
        24   MinMaxScaler DecisionTree                      0:00:22       0.0725    0.0716
        25   PCA LassoLars                                  0:00:22       0.1026    0.0716
        26   MinMaxScaler DecisionTree                      0:00:21       0.0840    0.0716
        27   MinMaxScaler ExtremeRandomTrees                0:00:25       0.0772    0.0716
        28   StandardScalerWrapper ExtremeRandomTrees       0:00:24       0.0761    0.0716
        29   StandardScalerWrapper ExtremeRandomTrees       0:00:25       0.0775    0.0716
        30   TruncatedSVDWrapper LassoLars                  0:00:21       0.0714    0.0714
        31   StandardScalerWrapper ExtremeRandomTrees       0:00:22       0.0764    0.0714
        32   MinMaxScaler RandomForest                      0:00:30       0.0772    0.0714
        33   StandardScalerWrapper RandomForest             0:00:23       0.0818    0.0714
        34   MinMaxScaler ExtremeRandomTrees                0:00:25       0.0770    0.0714
        35   TruncatedSVDWrapper LassoLars                  0:00:21       0.0715    0.0714
        36   MinMaxScaler ExtremeRandomTrees                0:00:22       0.0773    0.0714
        37   RobustScaler RandomForest                      0:00:23       0.0811    0.0714
        38   StandardScalerWrapper ExtremeRandomTrees       0:00:23       0.0768    0.0714
        39   StandardScalerWrapper RandomForest             0:00:25       0.0789    0.0714
        40   TruncatedSVDWrapper LassoLars                  0:00:22       0.1004    0.0714
        41   RobustScaler ExtremeRandomTrees                0:00:18       0.0789    0.0714
        42   MinMaxScaler ExtremeRandomTrees                0:00:23       0.0796    0.0714
        43   StandardScalerWrapper ExtremeRandomTrees       0:00:24       0.0785    0.0714
        44   MinMaxScaler ExtremeRandomTrees                0:00:24       0.0777    0.0714
        45   TruncatedSVDWrapper LassoLars                  0:00:21       0.0714    0.0714
        46   MinMaxScaler LightGBM                          0:00:22       0.0798    0.0714
        47   WARNING - Retrying (Retry(total=2, connect=None, read=None, redirect=None, status=None)) after connection broken by 'ProtocolError('Connection aborted.', ConnectionResetError(104, 'Connection reset by peer'))': /azureml/ExperimentRun/dcid.AutoML_4389ef14-edf1-433b-8cde-15282fa3d351_47/outputs/env_dependencies.json?sv=2019-02-02&sr=b&sig=%2FQYosj9fPW69Sz2o2WFCRahABL5AvKzhQDrEcrnVS4o%3D&st=2020-09-19T02%3A17%3A30Z&se=2020-09-20T02%3A27%3A30Z&sp=rcw&comp=block&blockid=TURBd01EQXdNREF3TURBd01EQXdNREF3TURBd01EQXdNREF3TURBd01EQSUzRA%3D%3D&timeout=30
WARNING - Retrying (Retry(total=2, connect=None, read=None, redirect=None, status=None)) after connection broken by 'ProtocolError('Connection aborted.', ConnectionResetError(104, 'Connection reset by peer'))': /azureml/ExperimentRun/dcid.AutoML_4389ef14-edf1-433b-8cde-15282fa3d351_47/outputs/model.pkl?sv=2019-02-02&sr=b&sig=fr5NpHHi09O%2BYB4VCsX2%2BoBnhL3oGoLo2kMnGpscXQc%3D&st=2020-09-19T02%3A17%3A30Z&se=2020-09-20T02%3A27%3A30Z&sp=rcw&comp=block&blockid=TURBd01EQXdNREF3TURBd01EQXdNREF3TURBd01EQXdNREF3TURBd01EQSUzRA%3D%3D&timeout=30
RobustScaler RandomForest                      0:03:08       0.0766    0.0714
        48   RobustScaler RandomForest                      0:00:24       0.0771    0.0714
        49   MinMaxScaler ExtremeRandomTrees                0:00:27       0.0771    0.0714
        50   WARNING - Retrying (Retry(total=2, connect=None, read=None, redirect=None, status=None)) after connection broken by 'ProtocolError('Connection aborted.', ConnectionResetError(104, 'Connection reset by peer'))': /azureml/ExperimentRun/dcid.AutoML_4389ef14-edf1-433b-8cde-15282fa3d351_50/outputs/conda_env_v_1_0_0.yml?sv=2019-02-02&sr=b&sig=tBiv1Zk13uC56Q193HbbnwsNMpJrHqjTyTFXWif%2BgQA%3D&st=2020-09-19T02%3A21%3A29Z&se=2020-09-20T02%3A31%3A29Z&sp=rcw&comp=block&blockid=TURBd01EQXdNREF3TURBd01EQXdNREF3TURBd01EQXdNREF3TURBd01EQSUzRA%3D%3D&timeout=30
PCA LassoLars                                  0:03:08       0.1027    0.0714
        51   StandardScalerWrapper ExtremeRandomTrees       0:00:24       0.0783    0.0714
        52   MinMaxScaler RandomForest                      0:00:28       0.0778    0.0714
        53   RobustScaler RandomForest                      0:00:24       0.0769    0.0714
        54   MinMaxScaler ExtremeRandomTrees                0:00:24       0.0779    0.0714
        55   PCA LassoLars                                  0:00:17       0.1026    0.0714
        56   RobustScaler RandomForest                      0:00:24       0.0779    0.0714
        57   MinMaxScaler RandomForest                      0:00:24       0.0765    0.0714
        58   RobustScaler RandomForest                      0:00:25       0.0762    0.0714
        59   StandardScalerWrapper ExtremeRandomTrees       0:00:21       0.0766    0.0714
        60   PCA LassoLars                                  0:00:22       0.1026    0.0714
        61   MinMaxScaler ExtremeRandomTrees                0:00:25       0.0760    0.0714
        62   RobustScaler ExtremeRandomTrees                0:00:29       0.0765    0.0714
        63   WARNING - Retrying (Retry(total=2, connect=None, read=None, redirect=None, status=None)) after connection broken by 'ProtocolError('Connection aborted.', ConnectionResetError(104, 'Connection reset by peer'))': /azureml/ExperimentRun/dcid.AutoML_4389ef14-edf1-433b-8cde-15282fa3d351_63/outputs/conda_env_v_1_0_0.yml?sv=2019-02-02&sr=b&sig=Swj9WkO1wDi0ccz60fhhO%2F4OChnkuC4gV3TWSyNpBWw%3D&st=2020-09-19T02%3A29%3A31Z&se=2020-09-20T02%3A39%3A31Z&sp=rcw&comp=block&blockid=TURBd01EQXdNREF3TURBd01EQXdNREF3TURBd01EQXdNREF3TURBd01EQSUzRA%3D%3D&timeout=30
RobustScaler ExtremeRandomTrees                0:02:58       0.0776    0.0714
        64   RobustScaler ExtremeRandomTrees                0:00:23       0.0780    0.0714
        65   PCA LassoLars                                  0:00:21       0.1026    0.0714
        66   StandardScalerWrapper RandomForest             0:00:26       0.0765    0.0714
        67   MinMaxScaler RandomForest                      0:00:27       0.0784    0.0714
        68   RobustScaler ExtremeRandomTrees                0:00:26       0.0833    0.0714
        69   RobustScaler ExtremeRandomTrees                0:00:24       0.0779    0.0714
        70   PCA LassoLars                                  0:00:22       0.1026    0.0714
        71   MinMaxScaler ExtremeRandomTrees                0:00:26       0.0763    0.0714
        72   StandardScalerWrapper ExtremeRandomTrees       0:00:19       0.0764    0.0714
        73   MinMaxScaler ExtremeRandomTrees                0:00:25       0.0791    0.0714
        74   StandardScalerWrapper ExtremeRandomTrees       0:00:24       0.0796    0.0714
        75   MinMaxScaler LassoLars                         0:00:24       0.0717    0.0714
        76   WARNING - Retrying (Retry(total=2, connect=None, read=None, redirect=None, status=None)) after connection broken by 'ProtocolError('Connection aborted.', ConnectionResetError(104, 'Connection reset by peer'))': /azureml/ExperimentRun/dcid.AutoML_4389ef14-edf1-433b-8cde-15282fa3d351_76/outputs/model.pkl?sv=2019-02-02&sr=b&sig=vGplev63G8jjqpeWPLeNiOcIkduVP2woQfcnY6FZgvM%3D&st=2020-09-19T02%3A37%3A25Z&se=2020-09-20T02%3A47%3A25Z&sp=rcw&comp=block&blockid=TURBd01EQXdNREF3TURBd01EQXdNREF3TURBd01EQXdNREF3TURBd01EQSUzRA%3D%3D&timeout=30
WARNING - Retrying (Retry(total=2, connect=None, read=None, redirect=None, status=None)) after connection broken by 'ProtocolError('Connection aborted.', ConnectionResetError(104, 'Connection reset by peer'))': /azureml/ExperimentRun/dcid.AutoML_4389ef14-edf1-433b-8cde-15282fa3d351_76/outputs/scoring_file_v_1_0_0.py?sv=2019-02-02&sr=b&sig=Yo1XzHxP6akrsAbsCXK7v1zFup0cKxzSXn%2F5ialBSJ4%3D&st=2020-09-19T02%3A37%3A25Z&se=2020-09-20T02%3A47%3A25Z&sp=rcw&comp=block&blockid=TURBd01EQXdNREF3TURBd01EQXdNREF3TURBd01EQXdNREF3TURBd01EQSUzRA%3D%3D&timeout=30
StandardScalerWrapper ExtremeRandomTrees       0:03:08       0.0773    0.0714
        77   WARNING - Retrying (Retry(total=2, connect=None, read=None, redirect=None, status=None)) after connection broken by 'ProtocolError('Connection aborted.', ConnectionResetError(104, 'Connection reset by peer'))': /azureml/ExperimentRun/dcid.AutoML_4389ef14-edf1-433b-8cde-15282fa3d351_77/outputs/pipeline_graph.json?sv=2019-02-02&sr=b&sig=bcclyofnZdnqw5l9ghZL61aaynv4i0ITPvorjxK51uA%3D&st=2020-09-19T02%3A40%3A30Z&se=2020-09-20T02%3A50%3A30Z&sp=rcw&comp=block&blockid=TURBd01EQXdNREF3TURBd01EQXdNREF3TURBd01EQXdNREF3TURBd01EQSUzRA%3D%3D&timeout=30
RobustScaler ExtremeRandomTrees                0:00:25       0.0757    0.0714
        78   StandardScalerWrapper ExtremeRandomTrees       0:00:23       0.0772    0.0714
        79   MinMaxScaler ExtremeRandomTrees                0:00:23       0.0783    0.0714
        80   PCA LassoLars                                  0:00:21       0.1026    0.0714
        81   StandardScalerWrapper ExtremeRandomTrees       0:00:25       0.0780    0.0714
        82   WARNING - Retrying (Retry(total=2, connect=None, read=None, redirect=None, status=None)) after connection broken by 'ProtocolError('Connection aborted.', ConnectionResetError(104, 'Connection reset by peer'))': /azureml/ExperimentRun/dcid.AutoML_4389ef14-edf1-433b-8cde-15282fa3d351_82/outputs/model.pkl?sv=2019-02-02&sr=b&sig=JLVIWyNeN%2F2S28mWspioo6Ht4DEngE44FiLeqB%2FrUvo%3D&st=2020-09-19T02%3A42%3A31Z&se=2020-09-20T02%3A52%3A31Z&sp=rcw&comp=block&blockid=TURBd01EQXdNREF3TURBd01EQXdNREF3TURBd01EQXdNREF3TURBd01EQSUzRA%3D%3D&timeout=30
WARNING - Retrying (Retry(total=2, connect=None, read=None, redirect=None, status=None)) after connection broken by 'ProtocolError('Connection aborted.', ConnectionResetError(104, 'Connection reset by peer'))': /azureml/ExperimentRun/dcid.AutoML_4389ef14-edf1-433b-8cde-15282fa3d351_82/outputs/pipeline_graph.json?sv=2019-02-02&sr=b&sig=h1d6Csp35QsuAW8b83Q%2Fo0sRD%2BDC9DGTEqQBPwgIZkk%3D&st=2020-09-19T02%3A42%3A31Z&se=2020-09-20T02%3A52%3A31Z&sp=rcw&comp=block&blockid=TURBd01EQXdNREF3TURBd01EQXdNREF3TURBd01EQXdNREF3TURBd01EQSUzRA%3D%3D&timeout=30
StandardScalerWrapper ExtremeRandomTrees       0:03:04       0.0765    0.0714
        83   MinMaxScaler DecisionTree                      0:00:21       0.0784    0.0714
        84   StandardScalerWrapper ExtremeRandomTrees       0:00:24       0.0783    0.0714
        85   PCA LassoLars                                  0:00:21       0.1026    0.0714
        86   StandardScalerWrapper ExtremeRandomTrees       0:00:20       0.0792    0.0714
        87   StandardScalerWrapper ExtremeRandomTrees       0:00:29       0.0776    0.0714
        88   RobustScaler RandomForest                      0:00:24       0.0791    0.0714
        89   MinMaxScaler ExtremeRandomTrees                0:00:24       0.0759    0.0714
        90   PCA LassoLars                                  0:00:22       0.1026    0.0714
        91   RobustScaler RandomForest                      0:00:30       0.0786    0.0714
        92   RobustScaler RandomForest                      0:00:24       0.0827    0.0714
        93   StandardScalerWrapper RandomForest             0:00:18       0.0756    0.0714
        94   StandardScalerWrapper GradientBoosting         0:00:32       0.0735    0.0714
        95   PCA LassoLars                                  0:00:22       0.1026    0.0714
        96   MinMaxScaler ExtremeRandomTrees                0:00:46       0.0773    0.0714
        97   StandardScalerWrapper ExtremeRandomTrees       0:00:23       0.0766    0.0714
        98   RobustScaler RandomForest                      0:00:24       0.0770    0.0714
        99   MinMaxScaler RandomForest                      0:00:24       0.0801    0.0714
       100   PCA LassoLars                                  0:00:23       0.1026    0.0714
       101   MinMaxScaler RandomForest                      0:00:25       0.0756    0.0714
       102   StandardScalerWrapper ExtremeRandomTrees       0:00:29       0.0761    0.0714
       103   WARNING - Retrying (Retry(total=2, connect=None, read=None, redirect=None, status=None)) after connection broken by 'ProtocolError('Connection aborted.', ConnectionResetError(104, 'Connection reset by peer'))': /azureml/ExperimentRun/dcid.AutoML_4389ef14-edf1-433b-8cde-15282fa3d351_103/outputs/pipeline_graph.json?sv=2019-02-02&sr=b&sig=Arkqr0Gpda6OVoJwuiOzQJlrONE5F4DWpRelpKf9Ja0%3D&st=2020-09-19T02%3A54%3A09Z&se=2020-09-20T03%3A04%3A09Z&sp=rcw&comp=block&blockid=TURBd01EQXdNREF3TURBd01EQXdNREF3TURBd01EQXdNREF3TURBd01EQSUzRA%3D%3D&timeout=30
RobustScaler ExtremeRandomTrees                0:03:02       0.0775    0.0714
       104   VotingEnsemble                                 0:01:45       0.0711    0.0711
Stopping criteria reached at iteration 105. Ending experiment.
****************************************************************************************************
Current status: BestRunExplainModel. Best run model explanations started
Current status: ModelExplanationDataSetSetup. Model explanations data setup completed
Current status: PickSurrogateModel. Choosing LightGBM as the surrogate model for explanations
Current status: EngineeredFeatureExplanations. Computation of engineered features started
Current status: EngineeredFeatureExplanations. Computation of engineered features completed
Current status: BestRunExplainModel. Best run model explanations completed
****************************************************************************************************
Best pipeline:
<class 'sklearn.ensemble._voting.VotingRegressor'>
0. Pipeline(memory=None,
         steps=[('truncatedsvdwrapper',
                 TruncatedSVDWrapper(n_components=0.5542105263157895,
                                     random_state=None)),
                ('lassolars',
                 LassoLars(alpha=0.4216315789473684, copy_X=True,
                           eps=2.220446049250313e-16, fit_intercept=True,
                           fit_path=True, max_iter=500, normalize=False,
                           positive=False, precompute='auto', verbose=False))],
         verbose=False)
1. Pipeline(memory=None,
         steps=[('truncatedsvdwrapper',
                 TruncatedSVDWrapper(n_components=0.5047368421052632,
                                     random_state=None)),
                ('lassolars',
                 LassoLars(alpha=0.5793684210526315, copy_X=True,
                           eps=2.220446049250313e-16, fit_intercept=True,
                           fit_path=True, max_iter=500, normalize=False,
                           positive=False, precompute='auto', verbose=False))],
         verbose=False)
2. Pipeline(memory=None,
         steps=[('truncatedsvdwrapper',
                 TruncatedSVDWrapper(n_components=0.95, random_state=None)),
                ('lassolars',
                 LassoLars(alpha=0.9474210526315789, copy_X=True,
                           eps=2.220446049250313e-16, fit_intercept=True,
                           fit_path=True, max_iter=500, normalize=False,
                           positive=False, precompute='auto', verbose=False))],
         verbose=False)
3. Pipeline(memory=None,
         steps=[('standardscalerwrapper',
                 <azureml.automl.runtime.shared.model_wrappers.StandardScalerWrapper object at 0x7f5b64c495d0>),
                ('lassolars',
                 LassoLars(alpha=0.001, copy_X=True, eps=2.220446049250313e-16,
                           fit_intercept=True, fit_path=True, max_iter=500,
                           normalize=False, positive=False, precompute='auto',
                           verbose=False))],
         verbose=False)
4. Pipeline(memory=None,
         steps=[('standardscalerwrapper',
                 <azureml.automl.runtime.shared.model_wrappers.StandardScalerWrapper object at 0x7f5b64998290>),
                ('lassolars',
                 LassoLars(alpha=0.001, copy_X=True, eps=2.220446049250313e-16,
                           fit_intercept=True, fit_path=True, max_iter=500,
                           normalize=False, positive=False, precompute='auto',
                           verbose=False))],
         verbose=False)
5. Pipeline(memory=None,
         steps=[('minmaxscaler', MinMaxScaler(copy=True, feature_range=(0, 1))),
                ('decisiontreeregressor',
                 DecisionTreeRegressor(ccp_alpha=0.0, criterion='friedman_mse',
                                       max_depth=None, max_features=0.6,
                                       max_leaf_nodes=None,
                                       min_impurity_decrease=0.0,
                                       min_impurity_split=None,
                                       min_samples_leaf=0.008504540352732381,
                                       min_samples_split=0.0008991789964660114,
                                       min_weight_fraction_leaf=0.0,
                                       presort='deprecated', random_state=None,
                                       splitter='best'))],
         verbose=False)
6. Pipeline(memory=None,
         steps=[('minmaxscaler', MinMaxScaler(copy=True, feature_range=(0, 1))),
                ('decisiontreeregressor',
                 DecisionTreeRegressor(ccp_alpha=0.0, criterion='mse',
                                       max_depth=None, max_features=0.7,
                                       max_leaf_nodes=None,
                                       min_impurity_decrease=0.0,
                                       min_impurity_split=None,
                                       min_samples_leaf=0.014975785745950434,
                                       min_samples_split=0.004427451843494491,
                                       min_weight_fraction_leaf=0.0,
                                       presort='deprecated', random_state=None,
                                       splitter='best'))],
         verbose=False)

