WARNING - Received unrecognized parameter ensemble_download_models_timeout_sec
Running on local machine
Parent Run ID: AutoML_410b64c6-9f59-466e-a8b1-b8ff0c33c324

Current status: DatasetFeaturization. Beginning to featurize the dataset.
Current status: DatasetFeaturizationCompleted. Completed featurizing the dataset.
Heuristic parameters: Target_Lag = '[0]', Target_Rolling_Window = '0'.
WARNING - Converting non-string tag to string: (forecasting_target_lags: [0])
WARNING - Converting non-string tag to string: (forecasting_target_rolling_window_size: 0)
WARNING - Converting non-string tag to string: (forecasting_max_horizon: 2064)
Current status: DatasetCrossValidationSplit. Generating individually featurized CV splits.
Current status: DatasetFeaturization. Beginning to featurize the CV split.
Current status: DatasetFeaturizationCompleted. Completed featurizing the CV split.
Current status: DatasetFeaturization. Beginning to featurize the CV split.
Current status: DatasetFeaturizationCompleted. Completed featurizing the CV split.
Current status: DatasetFeaturization. Beginning to featurize the CV split.
Current status: DatasetFeaturizationCompleted. Completed featurizing the CV split.
Current status: DatasetFeaturization. Beginning to featurize the CV split.
Current status: DatasetFeaturizationCompleted. Completed featurizing the CV split.
Current status: DatasetFeaturization. Beginning to featurize the CV split.
Current status: DatasetFeaturizationCompleted. Completed featurizing the CV split.

****************************************************************************************************
DATA GUARDRAILS: 

TYPE:         Frequency detection
STATUS:       PASSED
DESCRIPTION:  The time series was analyzed, all data points are aligned with detected frequency.
              

****************************************************************************************************

TYPE:         Missing feature values imputation
STATUS:       PASSED
DESCRIPTION:  No feature missing values were detected in the training data.
              Learn more about missing value imputation: https://aka.ms/AutomatedMLFeaturization

****************************************************************************************************

TYPE:         Memory Issues Detection
STATUS:       PASSED
DESCRIPTION:  The selected horizon, lag and rolling window values were analyzed, and no potential memory issues were detected.
              Learn more about time-series forecasting configurations: https://aka.ms/AutomatedMLForecastingConfiguration

****************************************************************************************************
Current status: ModelSelection. Beginning model selection.

****************************************************************************************************
ITERATION: The iteration being evaluated.
PIPELINE: A summary description of the pipeline being evaluated.
DURATION: Time taken for the current iteration.
METRIC: The result of computing score on the fitted pipeline.
BEST: The best observed score thus far.
****************************************************************************************************

 ITERATION   PIPELINE                                       DURATION      METRIC      BEST
         0   MaxAbsScaler DecisionTree                      0:00:22       0.2057    0.2057
         1   MinMaxScaler DecisionTree                      0:00:21       0.2073    0.2057
         2   StandardScalerWrapper LassoLars                0:00:23       0.2076    0.2057
         3   RobustScaler ElasticNet                        0:00:22       0.2076    0.2057
         4   StandardScalerWrapper LassoLars                0:00:21       0.2076    0.2057
         5   RobustScaler ElasticNet                        0:00:24       0.2076    0.2057
         6   RobustScaler DecisionTree                      0:00:23       0.2055    0.2055
         7   MinMaxScaler DecisionTree                      0:00:31       0.2169    0.2055
         8   RobustScaler DecisionTree                      0:00:37       0.2058    0.2055
         9   WARNING - Retrying (Retry(total=2, connect=None, read=None, redirect=None, status=None)) after connection broken by 'ProtocolError('Connection aborted.', ConnectionResetError(104, 'Connection reset by peer'))': /azureml/ExperimentRun/dcid.AutoML_410b64c6-9f59-466e-a8b1-b8ff0c33c324_9/outputs/scoring_file_v_1_0_0.py?sv=2019-02-02&sr=b&sig=7QDQF3VeczCGNbsRakvhpEftTy1C%2BpdaZSp%2BbIslg2I%3D&st=2020-10-02T16%3A39%3A50Z&se=2020-10-03T16%3A49%3A50Z&sp=rcw&comp=block&blockid=TURBd01EQXdNREF3TURBd01EQXdNREF3TURBd01EQXdNREF3TURBd01EQSUzRA%3D%3D&timeout=30
WARNING - Retrying (Retry(total=2, connect=None, read=None, redirect=None, status=None)) after connection broken by 'ProtocolError('Connection aborted.', ConnectionResetError(104, 'Connection reset by peer'))': /azureml/ExperimentRun/dcid.AutoML_410b64c6-9f59-466e-a8b1-b8ff0c33c324_9/outputs/model.pkl?sv=2019-02-02&sr=b&sig=HIVcFkeCczDoY%2BhDLdNWyK2%2FF%2F9TgTo0TJaP7WBjwSg%3D&st=2020-10-02T16%3A39%3A50Z&se=2020-10-03T16%3A49%3A50Z&sp=rcw&comp=block&blockid=TURBd01EQXdNREF3TURBd01EQXdNREF3TURBd01EQXdNREF3TURBd01EQSUzRA%3D%3D&timeout=30
MinMaxScaler DecisionTree                      0:02:53       0.2072    0.2055
        10   WARNING - Retrying (Retry(total=2, connect=None, read=None, redirect=None, status=None)) after connection broken by 'ProtocolError('Connection aborted.', ConnectionResetError(104, 'Connection reset by peer'))': /azureml/ExperimentRun/dcid.AutoML_410b64c6-9f59-466e-a8b1-b8ff0c33c324_10/outputs/model.pkl?sv=2019-02-02&sr=b&sig=Iy6lK8wEast8vgrLr5MQV5yjV%2BzXjuIsv%2BSj%2F5G2uis%3D&st=2020-10-02T16%3A42%3A34Z&se=2020-10-03T16%3A52%3A34Z&sp=rcw&comp=block&blockid=TURBd01EQXdNREF3TURBd01EQXdNREF3TURBd01EQXdNREF3TURBd01EQSUzRA%3D%3D&timeout=30
StandardScalerWrapper DecisionTree             0:00:43       0.2077    0.2055
        11   StandardScalerWrapper DecisionTree             0:00:23       0.2071    0.2055
        12   RobustScaler DecisionTree                      0:00:21       0.2081    0.2055
        13   RobustScaler ElasticNet                        0:00:27       0.2071    0.2055
        14   StandardScalerWrapper DecisionTree             0:00:18       0.2070    0.2055
        15   MinMaxScaler DecisionTree                      0:00:22       0.2119    0.2055
        16   MinMaxScaler DecisionTree                      0:00:22       0.2052    0.2052
        17   RobustScaler DecisionTree                      0:00:21       0.2077    0.2052
        18   WARNING - Retrying (Retry(total=2, connect=2, read=3, redirect=None, status=None)) after connection broken by 'NewConnectionError('<urllib3.connection.HTTPSConnection object at 0x7fee91742150>: Failed to establish a new connection: [Errno 111] Connection refused')': /history/v1.0/subscriptions/ac2bf819-e9d3-4a00-aa62-b57c563691f9/resourceGroups/automl-rg/providers/Microsoft.MachineLearningServices/workspaces/automl-ws/experimentids/28038141-2afe-454e-92ff-915f864fc0d1/runs/AutoML_410b64c6-9f59-466e-a8b1-b8ff0c33c324_18
RobustScaler DecisionTree                      0:00:23       0.2053    0.2052
        19   StandardScalerWrapper DecisionTree             0:00:22       0.2087    0.2052
        20   StandardScalerWrapper DecisionTree             0:00:22       0.2116    0.2052
        21   StandardScalerWrapper ExtremeRandomTrees       0:00:26       0.2045    0.2045
        22   MinMaxScaler LightGBM                          0:00:24       0.2028    0.2028
        23   MinMaxScaler DecisionTree                      0:00:25       0.2094    0.2028
        24   MinMaxScaler DecisionTree                      0:00:20       0.2061    0.2028
        25   MinMaxScaler LightGBM                          0:00:30       0.2054    0.2028
        26   StandardScalerWrapper RandomForest             0:00:24       0.2039    0.2028
        27   StandardScalerWrapper ExtremeRandomTrees       0:00:51       0.2039    0.2028
        28   RobustScaler ExtremeRandomTrees                0:00:28       0.2037    0.2028
        29   MinMaxScaler ExtremeRandomTrees                0:00:27       0.2034    0.2028
        30   StandardScalerWrapper LightGBM                 0:00:25       0.2041    0.2028
        31   WARNING - Retrying (Retry(total=2, connect=None, read=None, redirect=None, status=None)) after connection broken by 'ProtocolError('Connection aborted.', ConnectionResetError(104, 'Connection reset by peer'))': /azureml/ExperimentRun/dcid.AutoML_410b64c6-9f59-466e-a8b1-b8ff0c33c324_31/outputs/conda_env_v_1_0_0.yml?sv=2019-02-02&sr=b&sig=oR6fPzvyy0Zzl%2B7h6AQaNrQp0jqpvRq9JAyA3FGdRtE%3D&st=2020-10-02T16%3A52%3A05Z&se=2020-10-03T17%3A02%3A05Z&sp=rcw&comp=block&blockid=TURBd01EQXdNREF3TURBd01EQXdNREF3TURBd01EQXdNREF3TURBd01EQSUzRA%3D%3D&timeout=30
StandardScalerWrapper RandomForest             0:05:57       0.2039    0.2028
ERROR: Run AutoML_410b64c6-9f59-466e-a8b1-b8ff0c33c324_31 failed with exception of type: ServiceException. Pipeline Class Names: { StandardScaler, RandomForestRegressor } Pipeline ID: 56bffa177594049d7021a1b37069b51320c34d84
        32   StandardScalerWrapper ExtremeRandomTrees       0:03:23       0.2043    0.2028
ERROR: Run AutoML_410b64c6-9f59-466e-a8b1-b8ff0c33c324_32 failed with exception of type: ServiceException. Pipeline Class Names: { StandardScaler, ExtraTreesRegressor } Pipeline ID: 1fc131ab5771612f1c6cc3efcf00287eb65de32b
        33   RobustScaler RandomForest                      0:04:36       0.2038    0.2028
ERROR: Run AutoML_410b64c6-9f59-466e-a8b1-b8ff0c33c324_33 failed with exception of type: ServiceException. Pipeline Class Names: { RobustScaler, RandomForestRegressor } Pipeline ID: 2c4ef7ebd146fd6e285584baa59221f690162f69
        34   StandardScalerWrapper ExtremeRandomTrees       0:03:36       0.2034    0.2028
ERROR: Run AutoML_410b64c6-9f59-466e-a8b1-b8ff0c33c324_34 failed with exception of type: ServiceException. Pipeline Class Names: { StandardScaler, ExtraTreesRegressor } Pipeline ID: 3d9a2248c135c490619b6ac8cb098efc3e5cedf5
        35   MinMaxScaler LightGBM                          0:03:23       0.2037    0.2028
ERROR: Run AutoML_410b64c6-9f59-466e-a8b1-b8ff0c33c324_35 failed with exception of type: ServiceException. Pipeline Class Names: { MinMaxScaler, LightGBMRegressor } Pipeline ID: 4db90ef469d0874271573078f1260fa27a50505c
        36   StandardScalerWrapper ExtremeRandomTrees       0:04:26       0.2028    0.2028
ERROR: Run AutoML_410b64c6-9f59-466e-a8b1-b8ff0c33c324_36 failed with exception of type: ServiceException. Pipeline Class Names: { StandardScaler, ExtraTreesRegressor } Pipeline ID: 25729a9ed17264b09bf79385b7fc9c75e47b4f53
        37   RobustScaler ExtremeRandomTrees                0:03:38       0.2028    0.2028
ERROR: Run AutoML_410b64c6-9f59-466e-a8b1-b8ff0c33c324_37 failed with exception of type: ServiceException. Pipeline Class Names: { RobustScaler, ExtraTreesRegressor } Pipeline ID: 3f6a2aaaf867a20cb9c0975d1c430181f6a13c19
        38   MinMaxScaler RandomForest                      0:03:20       0.2042    0.2028
        39   RobustScaler RandomForest                      0:00:39       0.2036    0.2028
        40   RobustScaler ExtremeRandomTrees                0:00:35       0.2056    0.2028
        41   RobustScaler ExtremeRandomTrees                0:00:43       0.2038    0.2028
        42   MinMaxScaler ExtremeRandomTrees                0:00:27       0.2051    0.2028
        43   RobustScaler RandomForest                      0:00:24       0.2043    0.2028
        44   RobustScaler ExtremeRandomTrees                0:00:20       0.2045    0.2028
        45   RobustScaler ExtremeRandomTrees                0:00:54       0.2045    0.2028
        46   StandardScalerWrapper ExtremeRandomTrees       0:03:38       0.2034    0.2028
        47   RobustScaler ExtremeRandomTrees                0:00:29       0.2034    0.2028
        48   StandardScalerWrapper ExtremeRandomTrees       0:00:31       0.2050    0.2028
        49   RobustScaler RandomForest                      0:00:24       0.2033    0.2028
        50   MinMaxScaler ExtremeRandomTrees                0:00:26       0.2043    0.2028
        51   RobustScaler ExtremeRandomTrees                0:00:37       0.2048    0.2028
        52   RobustScaler ExtremeRandomTrees                0:00:24       0.2039    0.2028
        53   MinMaxScaler ExtremeRandomTrees                0:00:30       0.2035    0.2028
        54   StandardScalerWrapper ExtremeRandomTrees       0:00:35       0.2035    0.2028
        55   RobustScaler ExtremeRandomTrees                0:00:28       0.2056    0.2028
        56   StandardScalerWrapper ExtremeRandomTrees       0:00:24       0.2050    0.2028
        57   MinMaxScaler ExtremeRandomTrees                0:00:25       0.2031    0.2028
        58   MinMaxScaler ExtremeRandomTrees                0:00:39       0.2049    0.2028
        59   RobustScaler RandomForest                      0:00:29       0.2028    0.2028
        60   StandardScalerWrapper ExtremeRandomTrees       0:00:24       0.2044    0.2028
        61   MinMaxScaler RandomForest                      0:00:35       0.2035    0.2028
        62   MinMaxScaler DecisionTree                      0:00:34       0.2035    0.2028
        63   MinMaxScaler ExtremeRandomTrees                0:00:27       0.2031    0.2028
        64   StandardScalerWrapper RandomForest             0:00:26       0.2037    0.2028
        65   WARNING - Retrying (Retry(total=2, connect=None, read=None, redirect=None, status=None)) after connection broken by 'ProtocolError('Connection aborted.', ConnectionResetError(104, 'Connection reset by peer'))': /azureml/ExperimentRun/dcid.AutoML_410b64c6-9f59-466e-a8b1-b8ff0c33c324_65/outputs/env_dependencies.json?sv=2019-02-02&sr=b&sig=98ean5%2B%2BnKg0jd2fEkOkTUeLFKCQQZvCY3ovs%2F%2FJQX8%3D&st=2020-10-02T17%3A40%3A54Z&se=2020-10-03T17%3A50%3A54Z&sp=rcw&comp=block&blockid=TURBd01EQXdNREF3TURBd01EQXdNREF3TURBd01EQXdNREF3TURBd01EQSUzRA%3D%3D&timeout=30
MinMaxScaler ExtremeRandomTrees                0:03:10       0.2049    0.2028
        66   RobustScaler ExtremeRandomTrees                0:00:34       0.2045    0.2028
        67   MinMaxScaler ExtremeRandomTrees                0:00:27       0.2035    0.2028
        68   MinMaxScaler ExtremeRandomTrees                0:00:25       0.2042    0.2028
        69   RobustScaler ExtremeRandomTrees                0:00:26       0.2035    0.2028
        70   RobustScaler ExtremeRandomTrees                0:00:26       0.2055    0.2028
        71   MinMaxScaler ExtremeRandomTrees                0:00:31       0.2043    0.2028
        72   StandardScalerWrapper ExtremeRandomTrees       0:00:27       0.2040    0.2028
        73   RobustScaler ExtremeRandomTrees                0:00:22       0.2041    0.2028
        74   StandardScalerWrapper ExtremeRandomTrees       0:00:25       0.2044    0.2028
        75   RobustScaler ExtremeRandomTrees                0:00:20       0.2053    0.2028
        76   WARNING - Retrying (Retry(total=2, connect=None, read=None, redirect=None, status=None)) after connection broken by 'ProtocolError('Connection aborted.', ConnectionResetError(104, 'Connection reset by peer'))': /azureml/ExperimentRun/dcid.AutoML_410b64c6-9f59-466e-a8b1-b8ff0c33c324_76/outputs/model.pkl?sv=2019-02-02&sr=b&sig=eBegykF%2BM%2Fh2HQmVVQ24KUq7ugJPu3fkeFQH4jiXvmE%3D&st=2020-10-02T17%3A48%3A41Z&se=2020-10-03T17%3A58%3A41Z&sp=rcw&comp=block&blockid=TURBd01EQXdNREF3TURBd01EQXdNREF3TURBd01EQXdNREF3TURBd01EQSUzRA%3D%3D&timeout=30
StandardScalerWrapper ExtremeRandomTrees       0:03:04       0.2043    0.2028
        77   StandardScalerWrapper ExtremeRandomTrees       0:00:25       0.2042    0.2028
        78   StandardScalerWrapper ExtremeRandomTrees       0:00:19       0.2039    0.2028
        79   StandardScalerWrapper RandomForest             0:01:03       0.2041    0.2028
        80   StandardScalerWrapper ExtremeRandomTrees       0:00:24       0.2042    0.2028
        81   MinMaxScaler RandomForest                      0:00:25       0.2040    0.2028
        82   RobustScaler ExtremeRandomTrees                0:00:29       0.2041    0.2028
        83   WARNING - Retrying (Retry(total=2, connect=None, read=None, redirect=None, status=None)) after connection broken by 'ProtocolError('Connection aborted.', ConnectionResetError(104, 'Connection reset by peer'))': /azureml/ExperimentRun/dcid.AutoML_410b64c6-9f59-466e-a8b1-b8ff0c33c324_83/outputs/scoring_file_v_1_0_0.py?sv=2019-02-02&sr=b&sig=bULMO2lU0CZXmQQvjNrCzbeVD%2ByIVHKid0JoQ%2BVKBDo%3D&st=2020-10-02T17%3A54%3A50Z&se=2020-10-03T18%3A04%3A50Z&sp=rcw&comp=block&blockid=TURBd01EQXdNREF3TURBd01EQXdNREF3TURBd01EQXdNREF3TURBd01EQSUzRA%3D%3D&timeout=30
WARNING - Retrying (Retry(total=2, connect=None, read=None, redirect=None, status=None)) after connection broken by 'ProtocolError('Connection aborted.', ConnectionResetError(104, 'Connection reset by peer'))': /azureml/ExperimentRun/dcid.AutoML_410b64c6-9f59-466e-a8b1-b8ff0c33c324_83/outputs/env_dependencies.json?sv=2019-02-02&sr=b&sig=Haln5U0YWgbcskSk3JqJh3gN%2B8eDLZeFV%2BoI5%2BqsZU8%3D&st=2020-10-02T17%3A54%3A50Z&se=2020-10-03T18%3A04%3A50Z&sp=rcw&comp=block&blockid=TURBd01EQXdNREF3TURBd01EQXdNREF3TURBd01EQXdNREF3TURBd01EQSUzRA%3D%3D&timeout=30
StandardScalerWrapper ExtremeRandomTrees       0:03:09       0.2044    0.2028
        84   WARNING - Retrying (Retry(total=2, connect=None, read=None, redirect=None, status=None)) after connection broken by 'ProtocolError('Connection aborted.', ConnectionResetError(104, 'Connection reset by peer'))': /azureml/ExperimentRun/dcid.AutoML_410b64c6-9f59-466e-a8b1-b8ff0c33c324_84/outputs/conda_env_v_1_0_0.yml?sv=2019-02-02&sr=b&sig=e6K%2FaTHCLt0SKlx1Jqm8CjvYkl2mvkjDQ6ElMzPFFts%3D&st=2020-10-02T17%3A57%3A54Z&se=2020-10-03T18%3A07%3A54Z&sp=rcw&comp=block&blockid=TURBd01EQXdNREF3TURBd01EQXdNREF3TURBd01EQXdNREF3TURBd01EQSUzRA%3D%3D&timeout=30
WARNING - Retrying (Retry(total=2, connect=None, read=None, redirect=None, status=None)) after connection broken by 'ProtocolError('Connection aborted.', ConnectionResetError(104, 'Connection reset by peer'))': /azureml/ExperimentRun/dcid.AutoML_410b64c6-9f59-466e-a8b1-b8ff0c33c324_84/outputs/env_dependencies.json?sv=2019-02-02&sr=b&sig=B7Fh%2FbN4PMNUP0ff2Sl8bS72rZVSJOYM1t3R%2BNtsySU%3D&st=2020-10-02T17%3A57%3A54Z&se=2020-10-03T18%3A07%3A54Z&sp=rcw&comp=block&blockid=TURBd01EQXdNREF3TURBd01EQXdNREF3TURBd01EQXdNREF3TURBd01EQSUzRA%3D%3D&timeout=30
StandardScalerWrapper RandomForest             0:00:29       0.2046    0.2028
        85   RobustScaler ExtremeRandomTrees                0:00:27       0.2054    0.2028
        86   RobustScaler ExtremeRandomTrees                0:00:37       0.2037    0.2028
        87   RobustScaler RandomForest                      0:00:26       0.2035    0.2028
        88   RobustScaler RandomForest                      0:00:24       0.2033    0.2028
        89   MinMaxScaler RandomForest                      0:00:29       0.2030    0.2028
        90   MinMaxScaler ExtremeRandomTrees                0:00:43       0.2045    0.2028
        91   RobustScaler ExtremeRandomTrees                0:00:41       0.2043    0.2028
        92   RobustScaler RandomForest                      0:00:33       0.2037    0.2028
        93   StandardScalerWrapper RandomForest             0:00:27       0.2033    0.2028
        94   RobustScaler RandomForest                      0:00:22       0.2034    0.2028
        95   MinMaxScaler ExtremeRandomTrees                0:00:20       0.2061    0.2028
        96   StandardScalerWrapper RandomForest             0:00:29       0.2037    0.2028
        97   StandardScalerWrapper RandomForest             0:00:29       0.2034    0.2028
        98   WARNING - Retrying (Retry(total=2, connect=None, read=None, redirect=None, status=None)) after connection broken by 'ProtocolError('Connection aborted.', ConnectionResetError(104, 'Connection reset by peer'))': /azureml/ExperimentRun/dcid.AutoML_410b64c6-9f59-466e-a8b1-b8ff0c33c324_98/outputs/model.pkl?sv=2019-02-02&sr=b&sig=b2SIj0mOnXFbCVLY471GMOY4yNTRf%2BlMgEX91YKNsmA%3D&st=2020-10-02T18%3A04%3A59Z&se=2020-10-03T18%3A14%3A59Z&sp=rcw&comp=block&blockid=TURBd01EQXdNREF3TURBd01EQXdNREF3TURBd01EQXdNREF3TURBd01EQSUzRA%3D%3D&timeout=30
WARNING - Retrying (Retry(total=2, connect=None, read=None, redirect=None, status=None)) after connection broken by 'ProtocolError('Connection aborted.', ConnectionResetError(104, 'Connection reset by peer'))': /azureml/ExperimentRun/dcid.AutoML_410b64c6-9f59-466e-a8b1-b8ff0c33c324_98/outputs/pipeline_graph.json?sv=2019-02-02&sr=b&sig=fVfPYkMlCqdFKBXSpIV82avGgnG1koG5pEU7ZdRrENA%3D&st=2020-10-02T18%3A04%3A59Z&se=2020-10-03T18%3A14%3A59Z&sp=rcw&comp=block&blockid=TURBd01EQXdNREF3TURBd01EQXdNREF3TURBd01EQXdNREF3TURBd01EQSUzRA%3D%3D&timeout=30
StandardScalerWrapper ExtremeRandomTrees       0:02:57       0.2033    0.2028
        99   StandardScalerWrapper ExtremeRandomTrees       0:00:34       0.2038    0.2028
       100   StandardScalerWrapper ExtremeRandomTrees       0:00:28       0.2065    0.2028
       101   StandardScalerWrapper RandomForest             0:00:25       0.2038    0.2028
       102   MinMaxScaler ExtremeRandomTrees                0:00:27       0.2037    0.2028
       103   StandardScalerWrapper GradientBoosting         0:00:25       0.2032    0.2028
       104   MinMaxScaler ExtremeRandomTrees                0:00:26       0.2038    0.2028
       105   StandardScalerWrapper ExtremeRandomTrees       0:00:25       0.2060    0.2028
       106   RobustScaler ExtremeRandomTrees                0:00:32       0.2028    0.2028
       107   StandardScalerWrapper ExtremeRandomTrees       0:00:33       0.2043    0.2028
       108   StandardScalerWrapper ExtremeRandomTrees       0:00:26       0.2037    0.2028
       109   MinMaxScaler ExtremeRandomTrees                0:00:36       0.2033    0.2028
       110   StandardScalerWrapper ExtremeRandomTrees       0:00:26       0.2052    0.2028
       111   StandardScalerWrapper ExtremeRandomTrees       0:00:25       0.2032    0.2028
       112   RobustScaler ExtremeRandomTrees                0:00:30       0.2042    0.2028
       113   MinMaxScaler ExtremeRandomTrees                0:00:24       0.2044    0.2028
       114   RobustScaler RandomForest                      0:00:25       0.2030    0.2028
       115   StandardScalerWrapper ExtremeRandomTrees       0:00:47       0.2051    0.2028
       116   RobustScaler LightGBM                          0:00:29       0.2028    0.2028
       117   StandardScalerWrapper ExtremeRandomTrees       0:01:07       0.2042    0.2028
       118   MinMaxScaler RandomForest                      0:00:49       0.2035    0.2028
       119   StandardScalerWrapper ExtremeRandomTrees       0:00:28       0.2043    0.2028
       120   StandardScalerWrapper ExtremeRandomTrees       0:00:28       0.2059    0.2028
       121   StandardScalerWrapper GradientBoosting         0:00:32       0.2039    0.2028
       122   MinMaxScaler ExtremeRandomTrees                0:00:32       0.2048    0.2028
       123   WARNING - Retrying (Retry(total=2, connect=None, read=None, redirect=None, status=None)) after connection broken by 'ProtocolError('Connection aborted.', ConnectionResetError(104, 'Connection reset by peer'))': /azureml/ExperimentRun/dcid.AutoML_410b64c6-9f59-466e-a8b1-b8ff0c33c324_123/outputs/scoring_file_v_1_0_0.py?sv=2019-02-02&sr=b&sig=9gso4NwP4PtpCeuiPE%2B37IIEN%2B%2FwySoHI9ti4WFn2Vk%3D&st=2020-10-02T18%3A20%3A52Z&se=2020-10-03T18%3A30%3A52Z&sp=rcw&comp=block&blockid=TURBd01EQXdNREF3TURBd01EQXdNREF3TURBd01EQXdNREF3TURBd01EQSUzRA%3D%3D&timeout=30
StandardScalerWrapper ExtremeRandomTrees       0:02:58       0.2052    0.2028
       124   StandardScalerWrapper ExtremeRandomTrees       0:00:25       0.2026    0.2026
       125   StandardScalerWrapper ExtremeRandomTrees       0:00:31       0.2047    0.2026
       126   MinMaxScaler ExtremeRandomTrees                0:00:35       0.2049    0.2026
       127   StandardScalerWrapper ExtremeRandomTrees       0:00:25       0.2034    0.2026
       128   RobustScaler ExtremeRandomTrees                0:00:32       0.2049    0.2026
       129   RobustScaler GradientBoosting                  0:00:25       0.2045    0.2026
       130   RobustScaler ExtremeRandomTrees                0:00:30       0.2058    0.2026
       131   MinMaxScaler ExtremeRandomTrees                0:00:20       0.2034    0.2026
       132   RobustScaler ExtremeRandomTrees                0:00:25       0.2038    0.2026
       133   StandardScalerWrapper ExtremeRandomTrees       0:00:26       0.2048    0.2026
       134   StandardScalerWrapper RandomForest             0:00:26       0.2036    0.2026
       135   WARNING - Retrying (Retry(total=2, connect=None, read=None, redirect=None, status=None)) after connection broken by 'ProtocolError('Connection aborted.', ConnectionResetError(104, 'Connection reset by peer'))': /azureml/ExperimentRun/dcid.AutoML_410b64c6-9f59-466e-a8b1-b8ff0c33c324_135/outputs/model.pkl?sv=2019-02-02&sr=b&sig=NesIjcotpq3yHdDdpKXv7cVvbsUKpRIYCNSFu7bs%2BjE%3D&st=2020-10-02T18%3A28%3A52Z&se=2020-10-03T18%3A38%3A52Z&sp=rcw&comp=block&blockid=TURBd01EQXdNREF3TURBd01EQXdNREF3TURBd01EQXdNREF3TURBd01EQSUzRA%3D%3D&timeout=30
MinMaxScaler ExtremeRandomTrees                0:03:03       0.2048    0.2026
       136   MinMaxScaler ExtremeRandomTrees                0:00:26       0.2038    0.2026
       137   MinMaxScaler LightGBM                          0:00:20       0.2035    0.2026
       138   StandardScalerWrapper ExtremeRandomTrees       0:00:29       0.2047    0.2026
       139   StandardScalerWrapper ExtremeRandomTrees       0:00:24       0.2041    0.2026
       140   RobustScaler ExtremeRandomTrees                0:00:25       0.2050    0.2026
       141   StandardScalerWrapper ExtremeRandomTrees       0:00:27       0.2044    0.2026
       142   RobustScaler RandomForest                      0:00:27       0.2036    0.2026
       143   StandardScalerWrapper ExtremeRandomTrees       0:00:28       0.2039    0.2026
       144   MinMaxScaler ExtremeRandomTrees                0:00:32       0.2051    0.2026
       145   WARNING - Received unrecognized parameter ensemble_download_models_timeout_sec
WARNING - Received unrecognized parameter ensemble_download_models_timeout_sec
VotingEnsemble                                 0:02:17       0.2021    0.2021
Stopping criteria reached at iteration 146. Ending experiment.
WARNING - Received unrecognized parameter ensemble_download_models_timeout_sec
WARNING - Received unrecognized parameter ensemble_download_models_timeout_sec
WARNING - Received unrecognized parameter ensemble_download_models_timeout_sec
****************************************************************************************************
Current status: BestRunExplainModel. Best run model explanations started
Current status: ModelExplanationDataSetSetup. Model explanations data setup completed
Current status: PickSurrogateModel. Choosing LightGBM as the surrogate model for explanations
Current status: EngineeredFeatureExplanations. Computation of engineered features started
Current status: EngineeredFeatureExplanations. Computation of engineered features completed
Current status: BestRunExplainModel. Best run model explanations completed
****************************************************************************************************
WARNING - Received unrecognized parameter ensemble_download_models_timeout_sec
WARNING - Received unrecognized parameter ensemble_download_models_timeout_sec
WARNING - Received unrecognized parameter ensemble_download_models_timeout_sec
Best pipeline:
<class 'sklearn.ensemble._voting.VotingRegressor'>
0. Pipeline(memory=None,
         steps=[('standardscalerwrapper',
                 <azureml.automl.runtime.shared.model_wrappers.StandardScalerWrapper object at 0x7fee0bdfeb90>),
                ('extratreesregressor',
                 ExtraTreesRegressor(bootstrap=True, ccp_alpha=0.0,
                                     criterion='mse', max_depth=None,
                                     max_features=0.9, max_leaf_nodes=None,
                                     max_samples=None,
                                     min_impurity_decrease=0.0,
                                     min_impurity_split=None,
                                     min_samples_leaf=0.01600296187889058,
                                     min_samples_split=0.0018261584682702607,
                                     min_weight_fraction_leaf=0.0,
                                     n_estimators=100, n_jobs=-1,
                                     oob_score=False, random_state=None,
                                     verbose=0, warm_start=False))],
         verbose=False)
1. Pipeline(memory=None,
         steps=[('standardscalerwrapper',
                 <azureml.automl.runtime.shared.model_wrappers.StandardScalerWrapper object at 0x7fee09798450>),
                ('extratreesregressor',
                 ExtraTreesRegressor(bootstrap=True, ccp_alpha=0.0,
                                     criterion='mse', max_depth=None,
                                     max_features=0.8, max_leaf_nodes=None,
                                     max_samples=None,
                                     min_impurity_decrease=0.0,
                                     min_impurity_split=None,
                                     min_samples_leaf=0.01321775243133542,
                                     min_samples_split=0.0012814223889440828,
                                     min_weight_fraction_leaf=0.0,
                                     n_estimators=100, n_jobs=-1,
                                     oob_score=False, random_state=None,
                                     verbose=0, warm_start=False))],
         verbose=False)
2. Pipeline(memory=None,
         steps=[('robustscaler',
                 RobustScaler(copy=True, quantile_range=[25, 75],
                              with_centering=True, with_scaling=True)),
                ('extratreesregressor',
                 ExtraTreesRegressor(bootstrap=True, ccp_alpha=0.0,
                                     criterion='mse', max_depth=None,
                                     max_features=0.6, max_leaf_nodes=None,
                                     max_samples=None,
                                     min_impurity_decrease=0.0,
                                     min_impurity_split=None,
                                     min_samples_leaf=0.006151578686713196,
                                     min_samples_split=0.02180025323490051,
                                     min_weight_fraction_leaf=0.0,
                                     n_estimators=100, n_jobs=-1,
                                     oob_score=False, random_state=None,
                                     verbose=0, warm_start=False))],
         verbose=False)
3. Pipeline(memory=None,
         steps=[('robustscaler',
                 RobustScaler(copy=True, quantile_range=[25, 75],
                              with_centering=False, with_scaling=False)),
                ('lightgbmregressor',
                 LightGBMRegressor(boosting_type='gbdt', class_weight=None,
                                   colsample_bytree=1, importance_type='split',
                                   learning_rate=0.12631947368421054,
                                   max_bin=1023, max_depth=7,
                                   min_child_samples=757,
                                   min_child_weight=0.001,
                                   min_split_gain=0.15789473684210525,
                                   n_estimators=50, n_jobs=-1, num_leaves=7,
                                   objective=None, random_state=None,
                                   reg_alpha=0.15,
                                   reg_lambda=0.44999999999999996, silent=True,
                                   subsample=0.7999999999999999,
                                   subsample_for_bin=200000, subsample_freq=3,
                                   verbose=-1))],
         verbose=False)
4. Pipeline(memory=None,
         steps=[('robustscaler',
                 RobustScaler(copy=True, quantile_range=[10, 90],
                              with_centering=False, with_scaling=True)),
                ('randomforestregressor',
                 RandomForestRegressor(bootstrap=True, ccp_alpha=0.0,
                                       criterion='mse', max_depth=None,
                                       max_features=0.5, max_leaf_nodes=None,
                                       max_samples=None,
                                       min_impurity_decrease=0.0,
                                       min_impurity_split=None,
                                       min_samples_leaf=0.023457724724161487,
                                       min_samples_split=0.0037087774117744725,
                                       min_weight_fraction_leaf=0.0,
                                       n_estimators=100, n_jobs=-1,
                                       oob_score=False, random_state=None,
                                       verbose=0, warm_start=False))],
         verbose=False)
5. Pipeline(memory=None,
         steps=[('minmaxscaler', MinMaxScaler(copy=True, feature_range=(0, 1))),
                ('decisiontreeregressor',
                 DecisionTreeRegressor(ccp_alpha=0.0, criterion='mse',
                                       max_depth=None, max_features=0.9,
                                       max_leaf_nodes=None,
                                       min_impurity_decrease=0.0,
                                       min_impurity_split=None,
                                       min_samples_leaf=0.03306921600225926,
                                       min_samples_split=0.0018261584682702607,
                                       min_weight_fraction_leaf=0.0,
                                       presort='deprecated', random_state=None,
                                       splitter='best'))],
         verbose=False)
6. Pipeline(memory=None,
         steps=[('minmaxscaler', MinMaxScaler(copy=True, feature_range=(0, 1))),
                ('lightgbmregressor',
                 LightGBMRegressor(boosting_type='gbdt', class_weight=None,
                                   colsample_bytree=0.30000000000000004,
                                   importance_type='split',
                                   learning_rate=0.11579368421052631,
                                   max_bin=255, max_depth=4,
                                   min_child_samples=278,
                                   min_child_weight=0.001, min_split_gain=0,
                                   n_estimators=25, n_jobs=-1, num_leaves=3,
                                   objective=None, random_state=None,
                                   reg_alpha=0.44999999999999996,
                                   reg_lambda=0.6, silent=True, subsample=0.9,
                                   subsample_for_bin=200000, subsample_freq=6,
                                   verbose=-1))],
         verbose=False)
7. Pipeline(memory=None,
         steps=[('robustscaler',
                 RobustScaler(copy=True, quantile_range=[25, 75],
                              with_centering=True, with_scaling=True)),
                ('randomforestregressor',
                 RandomForestRegressor(bootstrap=False, ccp_alpha=0.0,
                                       criterion='mse', max_depth=None,
                                       max_features=0.7, max_leaf_nodes=None,
                                       max_samples=None,
                                       min_impurity_decrease=0.0,
                                       min_impurity_split=None,
                                       min_samples_leaf=0.01091729022778783,
                                       min_samples_split=0.0012814223889440828,
                                       min_weight_fraction_leaf=0.0,
                                       n_estimators=25, n_jobs=-1,
                                       oob_score=False, random_state=None,
                                       verbose=0, warm_start=False))],
         verbose=False)

['quarter', 'month', 'day', 'hour', 'minute', 'am_pm', 'hour12', 'wday', 'qday', 'yday']
  RawFeatureName TypeDetected Dropped  EngineeredFeatureCount  \
0  timestamp      DateTime     No      10                       

                                                                                                                                                                                                      Transformations  
0  [DateTimeTransformer, DateTimeTransformer, DateTimeTransformer, DateTimeTransformer, DateTimeTransformer, DateTimeTransformer, DateTimeTransformer, DateTimeTransformer, DateTimeTransformer, DateTimeTransformer]  
