Importing plotly failed. Interactive plots will not work.
INFO:fbprophet:Disabling yearly seasonality. Run prophet with yearly_seasonality=True to override this.
Initial log joint probability = -540.014
    Iter      log prob        ||dx||      ||grad||       alpha      alpha0  # evals  Notes 
      99       12341.2    0.00960167        859.66           1           1      118   
    Iter      log prob        ||dx||      ||grad||       alpha      alpha0  # evals  Notes 
     199       12900.8    0.00881821       363.951      0.4692      0.4692      234   
    Iter      log prob        ||dx||      ||grad||       alpha      alpha0  # evals  Notes 
     299       13391.4     0.0197904       1040.41           1           1      347   
    Iter      log prob        ||dx||      ||grad||       alpha      alpha0  # evals  Notes 
     399         13538    0.00963983       859.984      0.2888           1      463   
    Iter      log prob        ||dx||      ||grad||       alpha      alpha0  # evals  Notes 
     499       13745.6      0.017431       942.315      0.4933      0.4933      579   
    Iter      log prob        ||dx||      ||grad||       alpha      alpha0  # evals  Notes 
     599       14056.8     0.0708051       1887.14     0.03484           1      693   
    Iter      log prob        ||dx||      ||grad||       alpha      alpha0  # evals  Notes 
     699       14145.6      0.183147       797.436           1           1      807   
    Iter      log prob        ||dx||      ||grad||       alpha      alpha0  # evals  Notes 
     799       14211.8    0.00853566        340.65           1           1      919   
    Iter      log prob        ||dx||      ||grad||       alpha      alpha0  # evals  Notes 
     899       14293.7     0.0072987       209.035      0.9504      0.9504     1030   
    Iter      log prob        ||dx||      ||grad||       alpha      alpha0  # evals  Notes 
     999       14347.8     0.0228957       1165.53           1           1     1141   
    Iter      log prob        ||dx||      ||grad||       alpha      alpha0  # evals  Notes 
    1099       14428.8     0.0343669       658.061      0.6182      0.6182     1254   
    Iter      log prob        ||dx||      ||grad||       alpha      alpha0  # evals  Notes 
    1199       14462.3   0.000510336       277.171       0.558       0.558     1377   
    Iter      log prob        ||dx||      ||grad||       alpha      alpha0  # evals  Notes 
    1299       14493.4       0.04454       2203.79           1           1     1489   
    Iter      log prob        ||dx||      ||grad||       alpha      alpha0  # evals  Notes 
    1399       14526.4    0.00416191       870.292       0.549       0.549     1610   
    Iter      log prob        ||dx||      ||grad||       alpha      alpha0  # evals  Notes 
    1499       14595.4       0.38128       2051.81      0.6425      0.6425     1733   
    Iter      log prob        ||dx||      ||grad||       alpha      alpha0  # evals  Notes 
    1599       14697.9     0.0351534        385.13           1           1     1846   
    Iter      log prob        ||dx||      ||grad||       alpha      alpha0  # evals  Notes 
    1699       14755.1    0.00463644       1024.37      0.2568      0.2568     1956   
    Iter      log prob        ||dx||      ||grad||       alpha      alpha0  # evals  Notes 
    1753       14773.7   0.000392605       347.023    2.87e-06       0.001     2060  LS failed, Hessian reset 
    1799       14776.9    0.00211684       177.248           1           1     2109   
    Iter      log prob        ||dx||      ||grad||       alpha      alpha0  # evals  Notes 
    1899       14791.2     0.0258944       461.089           1           1     2222   
    Iter      log prob        ||dx||      ||grad||       alpha      alpha0  # evals  Notes 
    1999       14813.3    0.00530608       147.304      0.3577      0.3577     2331   
    Iter      log prob        ||dx||      ||grad||       alpha      alpha0  # evals  Notes 
    2099         14833      0.011699       281.289           1           1     2452   
    Iter      log prob        ||dx||      ||grad||       alpha      alpha0  # evals  Notes 
    2127       14835.3   0.000126813       226.425   9.336e-07       0.001     2529  LS failed, Hessian reset 
    2199         14838     0.0504311        768.58           1           1     2617   
    Iter      log prob        ||dx||      ||grad||       alpha      alpha0  # evals  Notes 
    2299       14842.6   0.000222809       74.8582       0.416       0.416     2732   
    Iter      log prob        ||dx||      ||grad||       alpha      alpha0  # evals  Notes 
    2396       14843.9   4.28546e-05       97.8987   4.737e-07       0.001     2890  LS failed, Hessian reset 
    2399       14843.9   2.05529e-05       48.3568           1           1     2893   
    Iter      log prob        ||dx||      ||grad||       alpha      alpha0  # evals  Notes 
    2499         14846     0.0336115       424.697           1           1     3004   
    Iter      log prob        ||dx||      ||grad||       alpha      alpha0  # evals  Notes 
    2599       14849.1    0.00289101       518.905       0.164           1     3118   
    Iter      log prob        ||dx||      ||grad||       alpha      alpha0  # evals  Notes 
    2699       14850.2    0.00135904       135.531      0.7062      0.7062     3239   
    Iter      log prob        ||dx||      ||grad||       alpha      alpha0  # evals  Notes 
    2729       14850.7   5.10092e-05       88.7526   2.981e-07       0.001     3317  LS failed, Hessian reset 
    2799       14851.4   0.000537733       93.9618           1           1     3396   
    Iter      log prob        ||dx||      ||grad||       alpha      alpha0  # evals  Notes 
    2899       14851.6   5.81754e-05       78.9062           1           1     3516   
    Iter      log prob        ||dx||      ||grad||       alpha      alpha0  # evals  Notes 
    2999       14853.9    0.00339655       209.797           1           1     3637   
    Iter      log prob        ||dx||      ||grad||       alpha      alpha0  # evals  Notes 
    3021       14855.5   7.34186e-05       151.056   3.888e-07       0.001     3699  LS failed, Hessian reset 
    3099       14857.4   0.000234722       66.4688           1           1     3798   
    Iter      log prob        ||dx||      ||grad||       alpha      alpha0  # evals  Notes 
    3199         14858   0.000946979       99.0766           1           1     3934   
    Iter      log prob        ||dx||      ||grad||       alpha      alpha0  # evals  Notes 
    3244         14858   3.13328e-06       61.2042       1.868      0.5094     4012   
Optimization terminated normally: 
  Convergence detected: relative gradient magnitude is below tolerance
