Running on local machine
Parent Run ID: AutoML_c0610bd8-e97a-4628-aed9-dfc03603f100

Current status: DatasetFeaturization. Beginning to featurize the dataset.
Current status: DatasetFeaturizationCompleted. Completed featurizing the dataset.
Heuristic parameters: Target_Lag = '[0]', Target_Rolling_Window = '0', Max_Horizon = '2'.
WARNING - Converting non-string tag to string: (forecasting_target_lags: [0])
WARNING - Converting non-string tag to string: (forecasting_target_rolling_window_size: 0)
WARNING - Converting non-string tag to string: (forecasting_max_horizon: 2)
Current status: DatasetCrossValidationSplit. Generating individually featurized CV splits.
Current status: DatasetFeaturization. Beginning to featurize the CV split.
Current status: DatasetFeaturizationCompleted. Completed featurizing the CV split.
Current status: DatasetFeaturization. Beginning to featurize the CV split.
Current status: DatasetFeaturizationCompleted. Completed featurizing the CV split.
Current status: DatasetFeaturization. Beginning to featurize the CV split.
Current status: DatasetFeaturizationCompleted. Completed featurizing the CV split.
Current status: DatasetFeaturization. Beginning to featurize the CV split.
Current status: DatasetFeaturizationCompleted. Completed featurizing the CV split.
Current status: DatasetFeaturization. Beginning to featurize the CV split.
Current status: DatasetFeaturizationCompleted. Completed featurizing the CV split.

****************************************************************************************************
DATA GUARDRAILS: 

TYPE:         Frequency detection
STATUS:       PASSED
DESCRIPTION:  The time series was analyzed, all data points are aligned with detected frequency.
              

****************************************************************************************************

TYPE:         Missing feature values imputation
STATUS:       PASSED
DESCRIPTION:  No feature missing values were detected in the training data.
              Learn more about missing value imputation: https://aka.ms/AutomatedMLFeaturization

****************************************************************************************************

TYPE:         Memory Issues Detection
STATUS:       PASSED
DESCRIPTION:  The selected horizon, lag and rolling window values were analyzed, and no potential memory issues were detected.
              Learn more about time-series forecasting configurations: https://aka.ms/AutomatedMLForecastingConfiguration

****************************************************************************************************
Current status: ModelSelection. Beginning model selection.

****************************************************************************************************
ITERATION: The iteration being evaluated.
PIPELINE: A summary description of the pipeline being evaluated.
DURATION: Time taken for the current iteration.
METRIC: The result of computing score on the fitted pipeline.
BEST: The best observed score thus far.
****************************************************************************************************

 ITERATION   PIPELINE                                       DURATION      METRIC      BEST
         0   MaxAbsScaler DecisionTree                      0:00:28       0.1016    0.1016
         1   MinMaxScaler DecisionTree                      0:00:23       0.0966    0.0966
         2   StandardScalerWrapper LassoLars                0:00:23       0.1038    0.0966
         3   RobustScaler ElasticNet                        0:00:23       0.1041    0.0966
         4   StandardScalerWrapper LassoLars                0:00:22       0.1038    0.0966
         5   RobustScaler ElasticNet                        0:00:22       0.1040    0.0966
         6   RobustScaler DecisionTree                      0:00:22       0.1136    0.0966
         7   MinMaxScaler DecisionTree                      0:00:22       0.1034    0.0966
         8   RobustScaler DecisionTree                      0:00:24       0.1037    0.0966
         9   MinMaxScaler DecisionTree                      0:00:24       0.1051    0.0966
        10   StandardScalerWrapper DecisionTree             0:00:23       0.0931    0.0931
        11   StandardScalerWrapper DecisionTree             0:00:23       0.1062    0.0931
        12   RobustScaler DecisionTree                      0:00:22       0.1018    0.0931
        13   RobustScaler ElasticNet                        0:00:22       0.1031    0.0931
        14   StandardScalerWrapper DecisionTree             0:00:22       0.1063    0.0931
        15   MinMaxScaler DecisionTree                      0:00:22       0.1053    0.0931
        16   MinMaxScaler DecisionTree                      0:00:22       0.1070    0.0931
        17   RobustScaler DecisionTree                      0:00:22       0.1050    0.0931
        18   RobustScaler DecisionTree                      0:00:23       0.1046    0.0931
        19   StandardScalerWrapper DecisionTree             0:00:23       0.1118    0.0931
        20   StandardScalerWrapper DecisionTree             0:00:25       0.1036    0.0931
        21   StandardScalerWrapper DecisionTree             0:00:23       0.1186    0.0931
        22   StandardScalerWrapper ExtremeRandomTrees       0:00:25       0.1011    0.0931
        23   MinMaxScaler LightGBM                          0:00:28       0.1031    0.0931
        24   MinMaxScaler DecisionTree                      0:00:23       0.0948    0.0931
        25   RobustScaler DecisionTree                      0:00:23       0.1018    0.0931
        26   StandardScalerWrapper DecisionTree             0:00:18       0.0916    0.0916
        27   MinMaxScaler DecisionTree                      0:00:23       0.1041    0.0916
        28   WARNING - Retrying (Retry(total=2, connect=None, read=None, redirect=None, status=None)) after connection broken by 'ProtocolError('Connection aborted.', ConnectionResetError(104, 'Connection reset by peer'))': /azureml/ExperimentRun/dcid.AutoML_c0610bd8-e97a-4628-aed9-dfc03603f100_28/outputs/scoring_file_v_1_0_0.py?sv=2019-02-02&sr=b&sig=Bx4o8Yea0iEkE9ML0A72tob2RlvcGSttvg7SI63NX58%3D&st=2020-09-04T02%3A11%3A09Z&se=2020-09-05T02%3A21%3A09Z&sp=rcw&comp=block&blockid=TURBd01EQXdNREF3TURBd01EQXdNREF3TURBd01EQXdNREF3TURBd01EQSUzRA%3D%3D&timeout=30
WARNING - Retrying (Retry(total=2, connect=None, read=None, redirect=None, status=None)) after connection broken by 'ProtocolError('Connection aborted.', ConnectionResetError(104, 'Connection reset by peer'))': /azureml/ExperimentRun/dcid.AutoML_c0610bd8-e97a-4628-aed9-dfc03603f100_28/outputs/conda_env_v_1_0_0.yml?sv=2019-02-02&sr=b&sig=nQB3A2ytiIVJqgD%2F05Nsp6m6fMvKejXd9QNiItO2dDY%3D&st=2020-09-04T02%3A11%3A09Z&se=2020-09-05T02%3A21%3A09Z&sp=rcw&comp=block&blockid=TURBd01EQXdNREF3TURBd01EQXdNREF3TURBd01EQXdNREF3TURBd01EQSUzRA%3D%3D&timeout=30
StandardScalerWrapper RandomForest             0:03:10       0.1002    0.0916
        29   RobustScaler ExtremeRandomTrees                0:00:26       0.1007    0.0916
        30   RobustScaler DecisionTree                      0:00:24       0.1008    0.0916
        31   StandardScalerWrapper ExtremeRandomTrees       0:00:26       0.1007    0.0916
        32   StandardScalerWrapper ExtremeRandomTrees       0:00:27       0.1019    0.0916
        33   StandardScalerWrapper ExtremeRandomTrees       0:00:25       0.1026    0.0916
        34   RobustScaler ExtremeRandomTrees                0:00:24       0.1029    0.0916
        35   MinMaxScaler DecisionTree                      0:00:23       0.0974    0.0916
        36   MinMaxScaler ExtremeRandomTrees                0:00:26       0.1003    0.0916
        37   StandardScalerWrapper ExtremeRandomTrees       0:00:26       0.1015    0.0916
        38   MinMaxScaler ExtremeRandomTrees                0:00:25       0.1030    0.0916
        39   RobustScaler ExtremeRandomTrees                0:00:26       0.1016    0.0916
        40   RobustScaler DecisionTree                      0:00:18       0.1013    0.0916
        41   StandardScalerWrapper RandomForest             0:00:27       0.1009    0.0916
        42   RobustScaler ExtremeRandomTrees                0:00:25       0.1005    0.0916
        43   StandardScalerWrapper ExtremeRandomTrees       0:00:25       0.1006    0.0916
        44   StandardScalerWrapper ExtremeRandomTrees       0:00:24       0.1032    0.0916
        45   StandardScalerWrapper DecisionTree             0:00:22       0.0981    0.0916
        46   RobustScaler RandomForest                      0:00:24       0.1039    0.0916
        47   MinMaxScaler ExtremeRandomTrees                0:00:24       0.1014    0.0916
        48   RobustScaler RandomForest                      0:00:25       0.1049    0.0916
        49   MinMaxScaler RandomForest                      0:00:19       0.0999    0.0916
        50   RobustScaler DecisionTree                      0:00:22       0.1061    0.0916
        51   MinMaxScaler ExtremeRandomTrees                0:00:24       0.1026    0.0916
        52   RobustScaler ExtremeRandomTrees                0:00:25       0.0998    0.0916
        53   MinMaxScaler ExtremeRandomTrees                0:00:26       0.1000    0.0916
        54   MinMaxScaler ExtremeRandomTrees                0:00:25       0.1027    0.0916
        55   RobustScaler DecisionTree                      0:00:25       0.1045    0.0916
        56   RobustScaler ExtremeRandomTrees                0:00:30       0.1013    0.0916
        57   StandardScalerWrapper ExtremeRandomTrees       0:00:29       0.1010    0.0916
        58   MinMaxScaler ExtremeRandomTrees                0:00:23       0.1008    0.0916
        59   RobustScaler ExtremeRandomTrees                0:00:26       0.1028    0.0916
        60   MinMaxScaler DecisionTree                      0:00:23       0.1024    0.0916
        61   RobustScaler ExtremeRandomTrees                0:00:27       0.1027    0.0916
        62   StandardScalerWrapper ExtremeRandomTrees       0:00:30       0.1014    0.0916
        63   WARNING - Retrying (Retry(total=2, connect=None, read=None, redirect=None, status=None)) after connection broken by 'ProtocolError('Connection aborted.', ConnectionResetError(104, 'Connection reset by peer'))': /azureml/ExperimentRun/dcid.AutoML_c0610bd8-e97a-4628-aed9-dfc03603f100_63/outputs/env_dependencies.json?sv=2019-02-02&sr=b&sig=E2VdAsxOVhrfwmJNMxv4oVJ1f30Z%2BjjG7trb%2BvmgCXM%3D&st=2020-09-04T02%3A28%3A44Z&se=2020-09-05T02%3A38%3A44Z&sp=rcw&comp=block&blockid=TURBd01EQXdNREF3TURBd01EQXdNREF3TURBd01EQXdNREF3TURBd01EQSUzRA%3D%3D&timeout=30
WARNING - Retrying (Retry(total=2, connect=None, read=None, redirect=None, status=None)) after connection broken by 'ProtocolError('Connection aborted.', ConnectionResetError(104, 'Connection reset by peer'))': /azureml/ExperimentRun/dcid.AutoML_c0610bd8-e97a-4628-aed9-dfc03603f100_63/outputs/conda_env_v_1_0_0.yml?sv=2019-02-02&sr=b&sig=f7MbwhI3qyiNw418%2BZqtsFXBWhwgV4%2BHao%2FSy1jTV5w%3D&st=2020-09-04T02%3A28%3A44Z&se=2020-09-05T02%3A38%3A44Z&sp=rcw&comp=block&blockid=TURBd01EQXdNREF3TURBd01EQXdNREF3TURBd01EQXdNREF3TURBd01EQSUzRA%3D%3D&timeout=30
WARNING - Retrying (Retry(total=2, connect=None, read=None, redirect=None, status=None)) after connection broken by 'ProtocolError('Connection aborted.', ConnectionResetError(104, 'Connection reset by peer'))': /azureml/ExperimentRun/dcid.AutoML_c0610bd8-e97a-4628-aed9-dfc03603f100_63/outputs/model.pkl?sv=2019-02-02&sr=b&sig=Fm%2BSJPphkxanzqt%2B06jmcrjIl95vPdIlIxPj50IgXM4%3D&st=2020-09-04T02%3A28%3A44Z&se=2020-09-05T02%3A38%3A44Z&sp=rcw&comp=block&blockid=TURBd01EQXdNREF3TURBd01EQXdNREF3TURBd01EQXdNREF3TURBd01EQSUzRA%3D%3D&timeout=30
RobustScaler ExtremeRandomTrees                0:03:11       0.1014    0.0916
        64   StandardScalerWrapper ExtremeRandomTrees       0:00:27       0.1031    0.0916
        65   RobustScaler DecisionTree                      0:00:23       0.0990    0.0916
        66   RobustScaler ExtremeRandomTrees                0:00:26       0.1020    0.0916
        67   RobustScaler ExtremeRandomTrees                0:00:24       0.1015    0.0916
        68   StandardScalerWrapper ExtremeRandomTrees       0:00:26       0.1004    0.0916
        69   StandardScalerWrapper ExtremeRandomTrees       0:00:24       0.1006    0.0916
        70   MinMaxScaler DecisionTree                      0:00:24       0.1032    0.0916
        71   StandardScalerWrapper RandomForest             0:00:27       0.1005    0.0916
        72   RobustScaler RandomForest                      0:00:25       0.1057    0.0916
        73   RobustScaler ExtremeRandomTrees                0:00:20       0.1022    0.0916
        74   WARNING - Retrying (Retry(total=2, connect=None, read=None, redirect=None, status=None)) after connection broken by 'ProtocolError('Connection aborted.', ConnectionResetError(104, 'Connection reset by peer'))': /azureml/ExperimentRun/dcid.AutoML_c0610bd8-e97a-4628-aed9-dfc03603f100_74/outputs/pipeline_graph.json?sv=2019-02-02&sr=b&sig=foC3d%2BWECPTwGOFFA89ZpECGlawcxaFF9Arwvp2OBJg%3D&st=2020-09-04T02%3A36%3A10Z&se=2020-09-05T02%3A46%3A10Z&sp=rcw&comp=block&blockid=TURBd01EQXdNREF3TURBd01EQXdNREF3TURBd01EQXdNREF3TURBd01EQSUzRA%3D%3D&timeout=30
WARNING - Retrying (Retry(total=2, connect=None, read=None, redirect=None, status=None)) after connection broken by 'ProtocolError('Connection aborted.', ConnectionResetError(104, 'Connection reset by peer'))': /azureml/ExperimentRun/dcid.AutoML_c0610bd8-e97a-4628-aed9-dfc03603f100_74/outputs/conda_env_v_1_0_0.yml?sv=2019-02-02&sr=b&sig=RSCW63Oqp1vFBi%2BKLdCajPsGBPLpg%2F6AvJk8mlDJjVk%3D&st=2020-09-04T02%3A36%3A10Z&se=2020-09-05T02%3A46%3A10Z&sp=rcw&comp=block&blockid=TURBd01EQXdNREF3TURBd01EQXdNREF3TURBd01EQXdNREF3TURBd01EQSUzRA%3D%3D&timeout=30
MinMaxScaler ExtremeRandomTrees                0:03:09       0.1031    0.0916
        75   WARNING - Retrying (Retry(total=2, connect=None, read=None, redirect=None, status=None)) after connection broken by 'ProtocolError('Connection aborted.', ConnectionResetError(104, 'Connection reset by peer'))': /azureml/ExperimentRun/dcid.AutoML_c0610bd8-e97a-4628-aed9-dfc03603f100_75/outputs/scoring_file_v_1_0_0.py?sv=2019-02-02&sr=b&sig=s6LEN8XHjXwMLV8TKINX1X83iuDTM3%2BOzZ6RmZlnRTU%3D&st=2020-09-04T02%3A39%3A15Z&se=2020-09-05T02%3A49%3A15Z&sp=rcw&comp=block&blockid=TURBd01EQXdNREF3TURBd01EQXdNREF3TURBd01EQXdNREF3TURBd01EQSUzRA%3D%3D&timeout=30
RobustScaler DecisionTree                      0:00:24       0.1159    0.0916
        76   RobustScaler RandomForest                      0:00:24       0.1012    0.0916
        77   StandardScalerWrapper ExtremeRandomTrees       0:00:24       0.1006    0.0916
        78   MinMaxScaler ExtremeRandomTrees                0:00:28       0.1019    0.0916
        79   MinMaxScaler ExtremeRandomTrees                0:00:26       0.1007    0.0916
        80   StandardScalerWrapper DecisionTree             0:00:22       0.1068    0.0916
        81   MinMaxScaler RandomForest                      0:00:26       0.1030    0.0916
        82   StandardScalerWrapper ExtremeRandomTrees       0:00:29       0.1029    0.0916
        83   StandardScalerWrapper ExtremeRandomTrees       0:00:30       0.1011    0.0916
        84   RobustScaler RandomForest                      0:00:27       0.1014    0.0916
        85   WARNING - Retrying (Retry(total=2, connect=None, read=None, redirect=None, status=None)) after connection broken by 'ProtocolError('Connection aborted.', ConnectionResetError(104, 'Connection reset by peer'))': /azureml/ExperimentRun/dcid.AutoML_c0610bd8-e97a-4628-aed9-dfc03603f100_85/outputs/conda_env_v_1_0_0.yml?sv=2019-02-02&sr=b&sig=J8pURS8coDQT5aMhs7spFF34hSWv23PcRpKM20Yqm9g%3D&st=2020-09-04T02%3A43%3A38Z&se=2020-09-05T02%3A53%3A38Z&sp=rcw&comp=block&blockid=TURBd01EQXdNREF3TURBd01EQXdNREF3TURBd01EQXdNREF3TURBd01EQSUzRA%3D%3D&timeout=30
WARNING - Retrying (Retry(total=2, connect=None, read=None, redirect=None, status=None)) after connection broken by 'ProtocolError('Connection aborted.', ConnectionResetError(104, 'Connection reset by peer'))': /azureml/ExperimentRun/dcid.AutoML_c0610bd8-e97a-4628-aed9-dfc03603f100_85/outputs/env_dependencies.json?sv=2019-02-02&sr=b&sig=orLwKuWlBu%2FV9ycd1tatIezcykvcbTlLPji4Bv2ngaw%3D&st=2020-09-04T02%3A43%3A38Z&se=2020-09-05T02%3A53%3A38Z&sp=rcw&comp=block&blockid=TURBd01EQXdNREF3TURBd01EQXdNREF3TURBd01EQXdNREF3TURBd01EQSUzRA%3D%3D&timeout=30
WARNING - Retrying (Retry(total=2, connect=None, read=None, redirect=None, status=None)) after connection broken by 'ProtocolError('Connection aborted.', ConnectionResetError(104, 'Connection reset by peer'))': /azureml/ExperimentRun/dcid.AutoML_c0610bd8-e97a-4628-aed9-dfc03603f100_85/outputs/scoring_file_v_1_0_0.py?sv=2019-02-02&sr=b&sig=NF6F9DN8wdI1aKEyFKbWlh7aC7XI%2FqaWZdR0y0ouoCM%3D&st=2020-09-04T02%3A43%3A38Z&se=2020-09-05T02%3A53%3A38Z&sp=rcw&comp=block&blockid=TURBd01EQXdNREF3TURBd01EQXdNREF3TURBd01EQXdNREF3TURBd01EQSUzRA%3D%3D&timeout=30
StandardScalerWrapper DecisionTree             0:03:05       0.1143    0.0916
        86   MinMaxScaler RandomForest                      0:00:22       0.1013    0.0916
        87   MinMaxScaler ExtremeRandomTrees                0:00:25       0.1021    0.0916
        88   StandardScalerWrapper ExtremeRandomTrees       0:00:25       0.1025    0.0916
        89   StandardScalerWrapper ExtremeRandomTrees       0:00:24       0.1019    0.0916
        90   MinMaxScaler DecisionTree                      0:00:22       0.1019    0.0916
        91   StandardScalerWrapper RandomForest             0:00:24       0.1005    0.0916
        92   StandardScalerWrapper RandomForest             0:00:25       0.1072    0.0916
        93   MinMaxScaler DecisionTree                      0:00:33       0.0986    0.0916
        94   RobustScaler RandomForest                      0:00:25       0.1050    0.0916
        95   RobustScaler DecisionTree                      0:00:23       0.1049    0.0916
        96   RobustScaler ExtremeRandomTrees                0:00:25       0.0991    0.0916
        97   StandardScalerWrapper ExtremeRandomTrees       0:00:26       0.1025    0.0916
        98   MinMaxScaler ExtremeRandomTrees                0:00:26       0.1004    0.0916
        99   StandardScalerWrapper RandomForest             0:00:25       0.1009    0.0916
       100   StandardScalerWrapper DecisionTree             0:00:42       0.0991    0.0916
       101   RobustScaler RandomForest                      0:00:25       0.0981    0.0916
       102   MinMaxScaler ExtremeRandomTrees                0:00:30       0.1031    0.0916
       103   RobustScaler ExtremeRandomTrees                0:00:29       0.1014    0.0916
       104   RobustScaler ExtremeRandomTrees                0:00:31       0.1013    0.0916
       105   StandardScalerWrapper DecisionTree             0:00:23       0.1061    0.0916
       106   WARNING - Retrying (Retry(total=2, connect=None, read=None, redirect=None, status=None)) after connection broken by 'ProtocolError('Connection aborted.', ConnectionResetError(104, 'Connection reset by peer'))': /azureml/ExperimentRun/dcid.AutoML_c0610bd8-e97a-4628-aed9-dfc03603f100_106/outputs/model.pkl?sv=2019-02-02&sr=b&sig=6l5UGFvgB88cmVAhfOJJ6ghQxtenvQVXMrb4VybpG20%3D&st=2020-09-04T02%3A55%3A46Z&se=2020-09-05T03%3A05%3A46Z&sp=rcw&comp=block&blockid=TURBd01EQXdNREF3TURBd01EQXdNREF3TURBd01EQXdNREF3TURBd01EQSUzRA%3D%3D&timeout=30
MinMaxScaler ExtremeRandomTrees                0:03:06       0.0994    0.0916
       107   StandardScalerWrapper ExtremeRandomTrees       0:00:29       0.1017    0.0916
       108   StandardScalerWrapper ExtremeRandomTrees       0:00:22       0.1032    0.0916
       109   StandardScalerWrapper ExtremeRandomTrees       0:00:23       0.1041    0.0916
       110   VotingEnsemble                                 0:01:48       0.0915    0.0915
Stopping criteria reached at iteration 111. Ending experiment.
WARNING - Retrying (Retry(total=2, connect=None, read=None, redirect=None, status=None)) after connection broken by 'ProtocolError('Connection aborted.', ConnectionResetError(104, 'Connection reset by peer'))': /azureml/ExperimentRun/dcid.AutoML_c0610bd8-e97a-4628-aed9-dfc03603f100_110/outputs/model.pkl?sv=2019-02-02&sr=b&sig=wRwoQr2ibnTrPce45%2B4OjCsRdP7rqeqhNYTg78fWSJA%3D&st=2020-09-04T03%3A03%3A30Z&se=2020-09-04T11%3A13%3A30Z&sp=r
****************************************************************************************************
Current status: BestRunExplainModel. Best run model explanations started
Current status: ModelExplanationDataSetSetup. Model explanations data setup completed
Current status: PickSurrogateModel. Choosing LightGBM as the surrogate model for explanations
Current status: EngineeredFeatureExplanations. Computation of engineered features started
Current status: EngineeredFeatureExplanations. Computation of engineered features completed
Current status: BestRunExplainModel. Best run model explanations completed
****************************************************************************************************
Best pipeline:
<class 'sklearn.ensemble._voting.VotingRegressor'>
0. Pipeline(memory=None,
         steps=[('standardscalerwrapper',
                 <azureml.automl.runtime.shared.model_wrappers.StandardScalerWrapper object at 0x7ff1a6807650>),
                ('decisiontreeregressor',
                 DecisionTreeRegressor(ccp_alpha=0.0, criterion='mse',
                                       max_depth=None, max_features=0.7,
                                       max_leaf_nodes=None,
                                       min_impurity_decrease=0.0,
                                       min_impurity_split=None,
                                       min_samples_leaf=0.026371108773275,
                                       min_samples_split=0.0021800253234900498,
                                       min_weight_fraction_leaf=0.0,
                                       presort='deprecated', random_state=None,
                                       splitter='best'))],
         verbose=False)
1. Pipeline(memory=None,
         steps=[('standardscalerwrapper',
                 <azureml.automl.runtime.shared.model_wrappers.StandardScalerWrapper object at 0x7ff1a7baf990>),
                ('decisiontreeregressor',
                 DecisionTreeRegressor(ccp_alpha=0.0, criterion='mse',
                                       max_depth=None, max_features=None,
                                       max_leaf_nodes=None,
                                       min_impurity_decrease=0.0,
                                       min_impurity_split=None,
                                       min_samples_leaf=0.006056302831963706,
                                       min_samples_split=0.000630957344480193,
                                       min_weight_fraction_leaf=0.0,
                                       presort='deprecated', random_state=None,
                                       splitter='random'))],
         verbose=False)
2. Pipeline(memory=None,
         steps=[('minmaxscaler', MinMaxScaler(copy=True, feature_range=(0, 1))),
                ('decisiontreeregressor',
                 DecisionTreeRegressor(ccp_alpha=0.0, criterion='mse',
                                       max_depth=None, max_features=0.7,
                                       max_leaf_nodes=None,
                                       min_impurity_decrease=0.0,
                                       min_impurity_split=None,
                                       min_samples_leaf=0.014975785745950434,
                                       min_samples_split=0.004427451843494491,
                                       min_weight_fraction_leaf=0.0,
                                       presort='deprecated', random_state=None,
                                       splitter='best'))],
         verbose=False)

