Running on local machine
Parent Run ID: AutoML_b9016b2b-78e3-49da-afc5-6f2626811d78

Current status: DatasetFeaturization. Beginning to featurize the dataset.
Current status: DatasetFeaturizationCompleted. Completed featurizing the dataset.
Heuristic parameters: Target_Lag = '[0]', Target_Rolling_Window = '0', Max_Horizon = '2'.
WARNING - Converting non-string tag to string: (forecasting_target_lags: [0])
WARNING - Converting non-string tag to string: (forecasting_target_rolling_window_size: 0)
WARNING - Converting non-string tag to string: (forecasting_max_horizon: 2)
Current status: DatasetCrossValidationSplit. Generating individually featurized CV splits.
Current status: DatasetFeaturization. Beginning to featurize the CV split.
Current status: DatasetFeaturizationCompleted. Completed featurizing the CV split.
Current status: DatasetFeaturization. Beginning to featurize the CV split.
Current status: DatasetFeaturizationCompleted. Completed featurizing the CV split.
Current status: DatasetFeaturization. Beginning to featurize the CV split.
Current status: DatasetFeaturizationCompleted. Completed featurizing the CV split.
Current status: DatasetFeaturization. Beginning to featurize the CV split.
Current status: DatasetFeaturizationCompleted. Completed featurizing the CV split.
Current status: DatasetFeaturization. Beginning to featurize the CV split.
Current status: DatasetFeaturizationCompleted. Completed featurizing the CV split.

****************************************************************************************************
DATA GUARDRAILS: 

TYPE:         Frequency detection
STATUS:       PASSED
DESCRIPTION:  The time series was analyzed, all data points are aligned with detected frequency.
              

****************************************************************************************************

TYPE:         Missing feature values imputation
STATUS:       PASSED
DESCRIPTION:  No feature missing values were detected in the training data.
              Learn more about missing value imputation: https://aka.ms/AutomatedMLFeaturization

****************************************************************************************************

TYPE:         Memory Issues Detection
STATUS:       PASSED
DESCRIPTION:  The selected horizon, lag and rolling window values were analyzed, and no potential memory issues were detected.
              Learn more about time-series forecasting configurations: https://aka.ms/AutomatedMLForecastingConfiguration

****************************************************************************************************
Current status: ModelSelection. Beginning model selection.

****************************************************************************************************
ITERATION: The iteration being evaluated.
PIPELINE: A summary description of the pipeline being evaluated.
DURATION: Time taken for the current iteration.
METRIC: The result of computing score on the fitted pipeline.
BEST: The best observed score thus far.
****************************************************************************************************

 ITERATION   PIPELINE                                       DURATION      METRIC      BEST
         0   MaxAbsScaler DecisionTree                      0:00:22       0.0879    0.0879
         1   MinMaxScaler DecisionTree                      0:00:22       0.0234    0.0234
         2   StandardScalerWrapper LassoLars                0:00:25       0.0905    0.0234
         3   RobustScaler ElasticNet                        0:00:22       0.0889    0.0234
         4   StandardScalerWrapper LassoLars                0:00:21       0.0905    0.0234
         5   RobustScaler ElasticNet                        0:00:22       0.0903    0.0234
         6   RobustScaler DecisionTree                      0:00:22       0.0914    0.0234
         7   MinMaxScaler DecisionTree                      0:00:21       0.0186    0.0186
         8   RobustScaler DecisionTree                      0:00:21       0.0865    0.0186
         9   MinMaxScaler DecisionTree                      0:00:16       0.0709    0.0186
        10   StandardScalerWrapper DecisionTree             0:00:21       0.0881    0.0186
        11   StandardScalerWrapper DecisionTree             0:00:21       0.0413    0.0186
        12   WARNING - Retrying (Retry(total=2, connect=None, read=None, redirect=None, status=None)) after connection broken by 'ProtocolError('Connection aborted.', ConnectionResetError(104, 'Connection reset by peer'))': /azureml/ExperimentRun/dcid.AutoML_b9016b2b-78e3-49da-afc5-6f2626811d78_12/outputs/conda_env_v_1_0_0.yml?sv=2019-02-02&sr=b&sig=ooAii2d6SPniSkkxQW2c3AraAzbUoLhUL51nBF412Bg%3D&st=2020-09-19T09%3A02%3A31Z&se=2020-09-20T09%3A12%3A31Z&sp=rcw&comp=block&blockid=TURBd01EQXdNREF3TURBd01EQXdNREF3TURBd01EQXdNREF3TURBd01EQSUzRA%3D%3D&timeout=30
WARNING - Retrying (Retry(total=2, connect=None, read=None, redirect=None, status=None)) after connection broken by 'ProtocolError('Connection aborted.', ConnectionResetError(104, 'Connection reset by peer'))': /azureml/ExperimentRun/dcid.AutoML_b9016b2b-78e3-49da-afc5-6f2626811d78_12/outputs/model.pkl?sv=2019-02-02&sr=b&sig=bE6QWF1IYVpYmv537KZDQW35Nt0jprbL4xqeYoEPzJY%3D&st=2020-09-19T09%3A02%3A31Z&se=2020-09-20T09%3A12%3A31Z&sp=rcw&comp=block&blockid=TURBd01EQXdNREF3TURBd01EQXdNREF3TURBd01EQXdNREF3TURBd01EQSUzRA%3D%3D&timeout=30
RobustScaler DecisionTree                      0:03:04       0.0251    0.0186
        13   RobustScaler ElasticNet                        0:00:21       0.1212    0.0186
        14   StandardScalerWrapper DecisionTree             0:00:22       0.0574    0.0186
        15   MinMaxScaler DecisionTree                      0:00:21       0.0306    0.0186
        16   MinMaxScaler DecisionTree                      0:00:21       0.0559    0.0186
        17   RobustScaler DecisionTree                      0:00:21       0.0753    0.0186
        18   RobustScaler DecisionTree                      0:00:21       0.1047    0.0186
        19   StandardScalerWrapper DecisionTree             0:00:21       0.0659    0.0186
        20   StandardScalerWrapper DecisionTree             0:00:22       0.0267    0.0186
        21   WARNING - Retrying (Retry(total=2, connect=None, read=None, redirect=None, status=None)) after connection broken by 'ProtocolError('Connection aborted.', ConnectionResetError(104, 'Connection reset by peer'))': /azureml/ExperimentRun/dcid.AutoML_b9016b2b-78e3-49da-afc5-6f2626811d78_21/outputs/pipeline_graph.json?sv=2019-02-02&sr=b&sig=0jtWtU7kywVwa1dy5VczlFiNKMFtVQpYnrClS3qRdCU%3D&st=2020-09-19T09%3A08%3A31Z&se=2020-09-20T09%3A18%3A31Z&sp=rcw&comp=block&blockid=TURBd01EQXdNREF3TURBd01EQXdNREF3TURBd01EQXdNREF3TURBd01EQSUzRA%3D%3D&timeout=30
MinMaxScaler DecisionTree                      0:03:06       0.0444    0.0186
        22   StandardScalerWrapper DecisionTree             0:00:22       0.1360    0.0186
        23   StandardScalerWrapper DecisionTree             0:00:22       0.0648    0.0186
        24   MinMaxScaler DecisionTree                      0:00:21       0.0856    0.0186
        25   RobustScaler DecisionTree                      0:00:21       0.1184    0.0186
        26   MinMaxScaler DecisionTree                      0:00:21       0.0176    0.0176
        27   StandardScalerWrapper ExtremeRandomTrees       0:00:18       0.1140    0.0176
        28   RobustScaler DecisionTree                      0:00:21       0.0665    0.0176
        29   RobustScaler DecisionTree                      0:00:22       0.0214    0.0176
        30   StandardScalerWrapper DecisionTree             0:00:16       0.0830    0.0176
        31   MinMaxScaler DecisionTree                      0:00:16       0.0425    0.0176
        32   RobustScaler DecisionTree                      0:00:21       0.0208    0.0176
        33   StandardScalerWrapper DecisionTree             0:00:21       0.0239    0.0176
        34   StandardScalerWrapper DecisionTree             0:00:22       0.0371    0.0176
        35   StandardScalerWrapper DecisionTree             0:00:16       0.1040    0.0176
        36   MinMaxScaler DecisionTree                      0:00:22       0.0358    0.0176
        37   MinMaxScaler DecisionTree                      0:00:22       0.0171    0.0171
        38   StandardScalerWrapper DecisionTree             0:00:21       0.0594    0.0171
        39   StandardScalerWrapper RandomForest             0:00:23       0.0803    0.0171
        40   MinMaxScaler DecisionTree                      0:00:22       0.0974    0.0171
        41   StandardScalerWrapper DecisionTree             0:00:16       0.0665    0.0171
        42   StandardScalerWrapper DecisionTree             0:00:21       0.0384    0.0171
        43   RobustScaler DecisionTree                      0:00:21       0.0676    0.0171
        44   WARNING - Retrying (Retry(total=2, connect=None, read=None, redirect=None, status=None)) after connection broken by 'ProtocolError('Connection aborted.', ConnectionResetError(104, 'Connection reset by peer'))': /azureml/ExperimentRun/dcid.AutoML_b9016b2b-78e3-49da-afc5-6f2626811d78_44/outputs/env_dependencies.json?sv=2019-02-02&sr=b&sig=fCc%2BHVnmUp1D3BVdf%2BvITY0E3dEqalsfHC%2BRfqIbVjw%3D&st=2020-09-19T09%3A19%3A18Z&se=2020-09-20T09%3A29%3A18Z&sp=rcw&comp=block&blockid=TURBd01EQXdNREF3TURBd01EQXdNREF3TURBd01EQXdNREF3TURBd01EQSUzRA%3D%3D&timeout=30
MinMaxScaler DecisionTree                      0:03:07       0.1196    0.0171
        45   StandardScalerWrapper DecisionTree             0:00:22       0.0584    0.0171
        46   RobustScaler DecisionTree                      0:00:22       0.0280    0.0171
        47   RobustScaler DecisionTree                      0:00:17       0.0151    0.0151
        48   RobustScaler DecisionTree                      0:00:23       0.0133    0.0133
        49   MinMaxScaler DecisionTree                      0:00:22       0.0679    0.0133
        50   StandardScalerWrapper DecisionTree             0:00:17       0.0936    0.0133
        51   WARNING - Retrying (Retry(total=2, connect=None, read=None, redirect=None, status=None)) after connection broken by 'ProtocolError('Connection aborted.', ConnectionResetError(104, 'Connection reset by peer'))': /azureml/ExperimentRun/dcid.AutoML_b9016b2b-78e3-49da-afc5-6f2626811d78_51/outputs/model.pkl?sv=2019-02-02&sr=b&sig=Xxdsi2XHg093NNJtS95u2otKwWJDShGIi1oCojJ0UFw%3D&st=2020-09-19T09%3A24%3A30Z&se=2020-09-20T09%3A34%3A30Z&sp=rcw
StandardScalerWrapper DecisionTree             0:00:33       0.0237    0.0133
        52   StandardScalerWrapper DecisionTree             0:00:24       0.0469    0.0133
        53   StandardScalerWrapper DecisionTree             0:00:21       0.0583    0.0133
        54   MinMaxScaler DecisionTree                      0:00:33       0.0404    0.0133
        55   StandardScalerWrapper DecisionTree             0:00:22       0.0413    0.0133
        56   RobustScaler DecisionTree                      0:00:21       0.0684    0.0133
        57   RobustScaler DecisionTree                      0:00:25       0.0232    0.0133
        58   StandardScalerWrapper DecisionTree             0:00:22       0.0323    0.0133
        59   RobustScaler DecisionTree                      0:00:22       0.0255    0.0133
        60   StandardScalerWrapper DecisionTree             0:00:22       0.0398    0.0133
        61   StandardScalerWrapper DecisionTree             0:00:22       0.0222    0.0133
        62   StandardScalerWrapper DecisionTree             0:00:22       0.0324    0.0133
        63   RobustScaler DecisionTree                      0:00:22       0.0606    0.0133
        64   StandardScalerWrapper DecisionTree             0:00:22       0.0319    0.0133
        65   MinMaxScaler DecisionTree                      0:00:23       0.0972    0.0133
        66   MinMaxScaler DecisionTree                      0:00:22       0.0704    0.0133
        67   MinMaxScaler DecisionTree                      0:00:21       0.0827    0.0133
        68   StandardScalerWrapper DecisionTree             0:00:22       0.0231    0.0133
        69   MinMaxScaler DecisionTree                      0:00:22       0.0917    0.0133
        70   RobustScaler DecisionTree                      0:00:23       0.1068    0.0133
        71   MinMaxScaler DecisionTree                      0:00:24       0.0310    0.0133
        72   StandardScalerWrapper DecisionTree             0:00:23       0.0197    0.0133
        73   MinMaxScaler DecisionTree                      0:00:22       0.0214    0.0133
        74   MinMaxScaler DecisionTree                      0:00:22       0.0692    0.0133
        75   StandardScalerWrapper DecisionTree             0:00:22       0.0341    0.0133
        76   RobustScaler DecisionTree                      0:00:22       0.0370    0.0133
        77   MinMaxScaler DecisionTree                      0:00:22       0.0706    0.0133
        78   StandardScalerWrapper DecisionTree             0:00:21       0.0486    0.0133
        79   StandardScalerWrapper DecisionTree             0:00:22       0.0524    0.0133
        80   MinMaxScaler DecisionTree                      0:00:22       0.0976    0.0133
        81   MinMaxScaler DecisionTree                      0:00:16       0.0111    0.0111
        82   MinMaxScaler DecisionTree                      0:00:22       0.0875    0.0111
        83   MinMaxScaler DecisionTree                      0:00:22       0.0449    0.0111
        84   StandardScalerWrapper DecisionTree             0:00:22       0.0532    0.0111
        85   WARNING - Retrying (Retry(total=2, connect=None, read=None, redirect=None, status=None)) after connection broken by 'ProtocolError('Connection aborted.', ConnectionResetError(104, 'Connection reset by peer'))': /azureml/ExperimentRun/dcid.AutoML_b9016b2b-78e3-49da-afc5-6f2626811d78_85/outputs/model.pkl?sv=2019-02-02&sr=b&sig=8Wvf%2FTlm%2Bo91x8p2Vv1uneVoMinvMYtaOHl3Y8FYpDM%3D&st=2020-09-19T09%3A37%3A37Z&se=2020-09-20T09%3A47%3A37Z&sp=rcw&comp=block&blockid=TURBd01EQXdNREF3TURBd01EQXdNREF3TURBd01EQXdNREF3TURBd01EQSUzRA%3D%3D&timeout=30
WARNING - Retrying (Retry(total=2, connect=None, read=None, redirect=None, status=None)) after connection broken by 'ProtocolError('Connection aborted.', ConnectionResetError(104, 'Connection reset by peer'))': /azureml/ExperimentRun/dcid.AutoML_b9016b2b-78e3-49da-afc5-6f2626811d78_85/outputs/pipeline_graph.json?sv=2019-02-02&sr=b&sig=XLlhOyBtHRclWrO2ljEOIWJscd9TOoB1Ypt8pJTeNS0%3D&st=2020-09-19T09%3A37%3A37Z&se=2020-09-20T09%3A47%3A37Z&sp=rcw&comp=block&blockid=TURBd01EQXdNREF3TURBd01EQXdNREF3TURBd01EQXdNREF3TURBd01EQSUzRA%3D%3D&timeout=30
WARNING - Retrying (Retry(total=2, connect=None, read=None, redirect=None, status=None)) after connection broken by 'ProtocolError('Connection aborted.', ConnectionResetError(104, 'Connection reset by peer'))': /azureml/ExperimentRun/dcid.AutoML_b9016b2b-78e3-49da-afc5-6f2626811d78_85/outputs/scoring_file_v_1_0_0.py?sv=2019-02-02&sr=b&sig=A%2Fvr329IM9%2B6KA7hsaDws3Fhvl4ZIPiUL2jEtXuFa1c%3D&st=2020-09-19T09%3A37%3A37Z&se=2020-09-20T09%3A47%3A37Z&sp=rcw&comp=block&blockid=TURBd01EQXdNREF3TURBd01EQXdNREF3TURBd01EQXdNREF3TURBd01EQSUzRA%3D%3D&timeout=30
WARNING - Retrying (Retry(total=2, connect=None, read=None, redirect=None, status=None)) after connection broken by 'ProtocolError('Connection aborted.', ConnectionResetError(104, 'Connection reset by peer'))': /azureml/ExperimentRun/dcid.AutoML_b9016b2b-78e3-49da-afc5-6f2626811d78_85/outputs/conda_env_v_1_0_0.yml?sv=2019-02-02&sr=b&sig=aI2WmTYFrA8912MK5hkuAY%2FnAa7gmbp%2BFNkpTR88RDM%3D&st=2020-09-19T09%3A37%3A37Z&se=2020-09-20T09%3A47%3A37Z&sp=rcw&comp=block&blockid=TURBd01EQXdNREF3TURBd01EQXdNREF3TURBd01EQXdNREF3TURBd01EQSUzRA%3D%3D&timeout=30
WARNING - Retrying (Retry(total=2, connect=None, read=None, redirect=None, status=None)) after connection broken by 'ProtocolError('Connection aborted.', ConnectionResetError(104, 'Connection reset by peer'))': /azureml/ExperimentRun/dcid.AutoML_b9016b2b-78e3-49da-afc5-6f2626811d78_85/outputs/env_dependencies.json?sv=2019-02-02&sr=b&sig=aE6SfSZIOtUsRu5YiyHD6w%2FlgmIAzOpa2zL5qWZCo3Q%3D&st=2020-09-19T09%3A37%3A37Z&se=2020-09-20T09%3A47%3A37Z&sp=rcw&comp=block&blockid=TURBd01EQXdNREF3TURBd01EQXdNREF3TURBd01EQXdNREF3TURBd01EQSUzRA%3D%3D&timeout=30
StandardScalerWrapper DecisionTree             0:03:02       0.0901    0.0111
        86   StandardScalerWrapper RandomForest             0:00:25       0.0171    0.0111
        87   RobustScaler DecisionTree                      0:00:22       0.0371    0.0111
        88   StandardScalerWrapper DecisionTree             0:00:17       0.0332    0.0111
        89   RobustScaler RandomForest                      0:00:29       0.0615    0.0111
        90   StandardScalerWrapper DecisionTree             0:00:22       0.0353    0.0111
        91   StandardScalerWrapper DecisionTree             0:00:22       0.0703    0.0111
        92   RobustScaler DecisionTree                      0:00:27       0.0190    0.0111
        93   WARNING - Retrying (Retry(total=2, connect=None, read=None, redirect=None, status=None)) after connection broken by 'ProtocolError('Connection aborted.', ConnectionResetError(104, 'Connection reset by peer'))': /azureml/ExperimentRun/dcid.AutoML_b9016b2b-78e3-49da-afc5-6f2626811d78_93/outputs/internal_cross_validated_models.pkl?sv=2019-02-02&sr=b&sig=MTB76SKeb4nHxC3fq4VyzWwIOdXeVsWNCf2cLT4xb1I%3D&st=2020-09-19T09%3A43%3A30Z&se=2020-09-20T09%3A53%3A30Z&sp=rcw&comp=block&blockid=TURBd01EQXdNREF3TURBd01EQXdNREF3TURBd01EQXdNREF3TURBd01EQSUzRA%3D%3D&timeout=30
MinMaxScaler DecisionTree                      0:03:19       0.0676    0.0111
        94   RobustScaler DecisionTree                      0:00:19       0.0364    0.0111
        95   MinMaxScaler DecisionTree                      0:00:24       0.0686    0.0111
        96   MinMaxScaler DecisionTree                      0:00:24       0.0445    0.0111
        97   StandardScalerWrapper DecisionTree             0:00:39       0.0162    0.0111
        98   StandardScalerWrapper DecisionTree             0:00:27       0.0143    0.0111
        99   MinMaxScaler DecisionTree                      0:00:19       0.0419    0.0111
       100   StandardScalerWrapper DecisionTree             0:00:21       0.0586    0.0111
       101   MinMaxScaler DecisionTree                      0:00:26       0.0186    0.0111
       102   MinMaxScaler DecisionTree                      0:00:29       0.0147    0.0111
       103   RobustScaler DecisionTree                      0:00:23       0.0672    0.0111
       104   MinMaxScaler DecisionTree                      0:00:27       0.0214    0.0111
       105   StandardScalerWrapper DecisionTree             0:00:22       0.0676    0.0111
       106   MinMaxScaler DecisionTree                      0:00:35       0.0720    0.0111
       107   MinMaxScaler DecisionTree                      0:00:26       0.0886    0.0111
       108   RobustScaler RandomForest                      0:00:29       0.0493    0.0111
       109   StandardScalerWrapper DecisionTree             0:00:24       0.0169    0.0111
       110   MinMaxScaler DecisionTree                      0:00:34       0.0647    0.0111
       111   StandardScalerWrapper DecisionTree             0:00:19       0.0445    0.0111
       112   RobustScaler DecisionTree                      0:00:25       0.0470    0.0111
       113   RobustScaler RandomForest                      0:00:25       0.0208    0.0111
       114   MinMaxScaler DecisionTree                      0:00:24       0.0289    0.0111
       115   MinMaxScaler DecisionTree                      0:00:22       0.0837    0.0111
       116   StandardScalerWrapper RandomForest             0:00:26       0.0184    0.0111
       117   StandardScalerWrapper DecisionTree             0:00:26       0.0146    0.0111
       118   StandardScalerWrapper DecisionTree             0:00:28       0.0233    0.0111
       119   StandardScalerWrapper DecisionTree             0:00:18       0.0147    0.0111
       120   MinMaxScaler DecisionTree                      0:00:26       0.0405    0.0111
       121   VotingEnsemble                                 0:02:35       0.0100    0.0100
Stopping criteria reached at iteration 122. Ending experiment.
****************************************************************************************************
Current status: BestRunExplainModel. Best run model explanations started
Current status: ModelExplanationDataSetSetup. Model explanations data setup completed
Current status: PickSurrogateModel. Choosing LightGBM as the surrogate model for explanations
Current status: EngineeredFeatureExplanations. Computation of engineered features started
Current status: EngineeredFeatureExplanations. Computation of engineered features completed
Current status: BestRunExplainModel. Best run model explanations completed
****************************************************************************************************
Best pipeline:
<class 'sklearn.ensemble._voting.VotingRegressor'>
0. Pipeline(memory=None,
         steps=[('minmaxscaler', MinMaxScaler(copy=True, feature_range=(0, 1))),
                ('decisiontreeregressor',
                 DecisionTreeRegressor(ccp_alpha=0.0, criterion='mse',
                                       max_depth=None, max_features=0.9,
                                       max_leaf_nodes=None,
                                       min_impurity_decrease=0.0,
                                       min_impurity_split=None,
                                       min_samples_leaf=0.003851381725578514,
                                       min_samples_split=0.008991789964660124,
                                       min_weight_fraction_leaf=0.0,
                                       presort='deprecated', random_state=None,
                                       splitter='best'))],
         verbose=False)
1. Pipeline(memory=None,
         steps=[('robustscaler',
                 RobustScaler(copy=True, quantile_range=[25, 75],
                              with_centering=False, with_scaling=False)),
                ('decisiontreeregressor',
                 DecisionTreeRegressor(ccp_alpha=0.0, criterion='friedman_mse',
                                       max_depth=None, max_features=0.9,
                                       max_leaf_nodes=None,
                                       min_impurity_decrease=0.0,
                                       min_impurity_split=None,
                                       min_samples_leaf=0.005408288225960173,
                                       min_samples_split=0.000753222139758624,
                                       min_weight_fraction_leaf=0.0,
                                       presort='deprecated', random_state=None,
                                       splitter='best'))],
         verbose=False)
2. Pipeline(memory=None,
         steps=[('robustscaler',
                 RobustScaler(copy=True, quantile_range=[10, 90],
                              with_centering=False, with_scaling=True)),
                ('decisiontreeregressor',
                 DecisionTreeRegressor(ccp_alpha=0.0, criterion='friedman_mse',
                                       max_depth=None, max_features=0.9,
                                       max_leaf_nodes=None,
                                       min_impurity_decrease=0.0,
                                       min_impurity_split=None,
                                       min_samples_leaf=0.004829610134534093,
                                       min_samples_split=0.0008991789964660114,
                                       min_weight_fraction_leaf=0.0,
                                       presort='deprecated', random_state=None,
                                       splitter='best'))],
         verbose=False)
3. Pipeline(memory=None,
         steps=[('standardscalerwrapper',
                 <azureml.automl.runtime.shared.model_wrappers.StandardScalerWrapper object at 0x7f05445d8b10>),
                ('decisiontreeregressor',
                 DecisionTreeRegressor(ccp_alpha=0.0, criterion='mse',
                                       max_depth=None, max_features=0.8,
                                       max_leaf_nodes=None,
                                       min_impurity_decrease=0.0,
                                       min_impurity_split=None,
                                       min_samples_leaf=0.006056302831963706,
                                       min_samples_split=0.010734188827013528,
                                       min_weight_fraction_leaf=0.0,
                                       presort='deprecated', random_state=None,
                                       splitter='best'))],
         verbose=False)

