WARNING - Received unrecognized parameter ensemble_download_models_timeout_sec
Running on local machine
Parent Run ID: AutoML_e18a23ca-7771-4c73-98f1-b17c48cbaece

Current status: DatasetFeaturization. Beginning to featurize the dataset.
Current status: DatasetFeaturizationCompleted. Completed featurizing the dataset.
Heuristic parameters: Target_Lag = '[0]', Target_Rolling_Window = '0'.
WARNING - Converting non-string tag to string: (forecasting_target_lags: [0])
WARNING - Converting non-string tag to string: (forecasting_target_rolling_window_size: 0)
WARNING - Converting non-string tag to string: (forecasting_max_horizon: 2064)
Current status: DatasetCrossValidationSplit. Generating individually featurized CV splits.
Current status: DatasetFeaturization. Beginning to featurize the CV split.
Current status: DatasetFeaturizationCompleted. Completed featurizing the CV split.
Current status: DatasetFeaturization. Beginning to featurize the CV split.
Current status: DatasetFeaturizationCompleted. Completed featurizing the CV split.
Current status: DatasetFeaturization. Beginning to featurize the CV split.
Current status: DatasetFeaturizationCompleted. Completed featurizing the CV split.
Current status: DatasetFeaturization. Beginning to featurize the CV split.
Current status: DatasetFeaturizationCompleted. Completed featurizing the CV split.
Current status: DatasetFeaturization. Beginning to featurize the CV split.
Current status: DatasetFeaturizationCompleted. Completed featurizing the CV split.

****************************************************************************************************
DATA GUARDRAILS: 

TYPE:         Frequency detection
STATUS:       PASSED
DESCRIPTION:  The time series was analyzed, all data points are aligned with detected frequency.
              

****************************************************************************************************

TYPE:         Missing feature values imputation
STATUS:       PASSED
DESCRIPTION:  No feature missing values were detected in the training data.
              Learn more about missing value imputation: https://aka.ms/AutomatedMLFeaturization

****************************************************************************************************

TYPE:         Memory Issues Detection
STATUS:       PASSED
DESCRIPTION:  The selected horizon, lag and rolling window values were analyzed, and no potential memory issues were detected.
              Learn more about time-series forecasting configurations: https://aka.ms/AutomatedMLForecastingConfiguration

****************************************************************************************************
Current status: ModelSelection. Beginning model selection.

****************************************************************************************************
ITERATION: The iteration being evaluated.
PIPELINE: A summary description of the pipeline being evaluated.
DURATION: Time taken for the current iteration.
METRIC: The result of computing score on the fitted pipeline.
BEST: The best observed score thus far.
****************************************************************************************************

 ITERATION   PIPELINE                                       DURATION      METRIC      BEST
         0   MaxAbsScaler DecisionTree                      0:00:22       0.1014    0.1014
         1   MinMaxScaler DecisionTree                      0:00:22       0.1015    0.1014
         2   StandardScalerWrapper LassoLars                0:00:22       0.1122    0.1014
         3   RobustScaler ElasticNet                        0:00:27       0.1124    0.1014
         4   StandardScalerWrapper LassoLars                0:00:22       0.1122    0.1014
         5   RobustScaler ElasticNet                        0:00:22       0.1122    0.1014
         6   RobustScaler DecisionTree                      0:00:24       0.1012    0.1012
         7   MinMaxScaler DecisionTree                      0:00:22       0.1020    0.1012
         8   RobustScaler DecisionTree                      0:00:17       0.1043    0.1012
         9   MinMaxScaler DecisionTree                      0:00:27       0.0994    0.0994
        10   StandardScalerWrapper DecisionTree             0:00:24       0.0990    0.0990
        11   StandardScalerWrapper DecisionTree             0:00:22       0.0994    0.0990
        12   RobustScaler DecisionTree                      0:00:16       0.0991    0.0990
        13   RobustScaler ElasticNet                        0:00:22       0.1123    0.0990
        14   StandardScalerWrapper DecisionTree             0:00:22       0.0992    0.0990
        15   MinMaxScaler DecisionTree                      0:00:21       0.0991    0.0990
        16   MinMaxScaler DecisionTree                      0:00:22       0.1003    0.0990
        17   RobustScaler DecisionTree                      0:00:22       0.1010    0.0990
        18   RobustScaler DecisionTree                      0:00:22       0.1013    0.0990
        19   StandardScalerWrapper DecisionTree             0:00:22       0.1008    0.0990
        20   StandardScalerWrapper DecisionTree             0:00:23       0.1006    0.0990
        21   StandardScalerWrapper ExtremeRandomTrees       0:00:24       0.1024    0.0990
        22   MinMaxScaler DecisionTree                      0:00:23       0.1000    0.0990
        23   MinMaxScaler DecisionTree                      0:00:22       0.1000    0.0990
        24   MinMaxScaler LightGBM                          0:00:23       0.1018    0.0990
        25   RobustScaler DecisionTree                      0:00:23       0.1066    0.0990
        26   MinMaxScaler DecisionTree                      0:00:22       0.1008    0.0990
        27   StandardScalerWrapper RandomForest             0:00:19       0.1046    0.0990
        28   MinMaxScaler ExtremeRandomTrees                0:00:27       0.1007    0.0990
        29   StandardScalerWrapper RandomForest             0:00:24       0.1022    0.0990
        30   RobustScaler DecisionTree                      0:00:22       0.1046    0.0990
        31   StandardScalerWrapper ExtremeRandomTrees       0:00:19       0.1000    0.0990
        32   RobustScaler RandomForest                      0:00:24       0.0971    0.0971
        33   StandardScalerWrapper ExtremeRandomTrees       0:00:28       0.1021    0.0971
        34   RobustScaler RandomForest                      0:00:25       0.1032    0.0971
        35   MinMaxScaler RandomForest                      0:00:20       0.1083    0.0971
        36   MinMaxScaler RandomForest                      0:00:25       0.0984    0.0971
        37   MinMaxScaler ExtremeRandomTrees                0:00:24       0.1005    0.0971
        38   StandardScalerWrapper ExtremeRandomTrees       0:00:27       0.1040    0.0971
        39   RobustScaler ExtremeRandomTrees                0:00:30       0.1018    0.0971
        40   RobustScaler RandomForest                      0:00:26       0.1085    0.0971
        41   MinMaxScaler DecisionTree                      0:00:23       0.1030    0.0971
        42   RobustScaler RandomForest                      0:00:29       0.1000    0.0971
        43   RobustScaler RandomForest                      0:00:25       0.1026    0.0971
        44   RobustScaler ExtremeRandomTrees                0:00:24       0.0999    0.0971
        45   RobustScaler RandomForest                      0:00:23       0.1047    0.0971
        46   StandardScalerWrapper ExtremeRandomTrees       0:00:26       0.0993    0.0971
        47   RobustScaler ExtremeRandomTrees                0:00:19       0.1056    0.0971
        48   StandardScalerWrapper ExtremeRandomTrees       0:00:30       0.1016    0.0971
        49   RobustScaler RandomForest                      0:00:24       0.1057    0.0971
        50   StandardScalerWrapper RandomForest             0:00:25       0.1048    0.0971
        51   RobustScaler ExtremeRandomTrees                0:00:25       0.1046    0.0971
        52   MinMaxScaler ExtremeRandomTrees                0:00:39       0.1072    0.0971
        53   MinMaxScaler ExtremeRandomTrees                0:00:24       0.1028    0.0971
        54   RobustScaler RandomForest                      0:00:26       0.1047    0.0971
        55   StandardScalerWrapper RandomForest             0:00:29       0.1071    0.0971
        56   RobustScaler ExtremeRandomTrees                0:00:25       0.0975    0.0971
        57   RobustScaler RandomForest                      0:00:25       0.0970    0.0970
        58   MinMaxScaler RandomForest                      0:00:26       0.1028    0.0970
        59   RobustScaler ExtremeRandomTrees                0:00:25       0.1023    0.0970
        60   RobustScaler RandomForest                      0:00:24       0.1083    0.0970
        61   MinMaxScaler ExtremeRandomTrees                0:00:25       0.1024    0.0970
        62   MinMaxScaler ExtremeRandomTrees                0:00:26       0.0983    0.0970
        63   MinMaxScaler ExtremeRandomTrees                0:00:29       0.0992    0.0970
        64   RobustScaler ExtremeRandomTrees                0:00:28       0.1048    0.0970
        65   MinMaxScaler RandomForest                      0:00:25       0.1107    0.0970
        66   MinMaxScaler RandomForest                      0:00:25       0.1034    0.0970
        67   StandardScalerWrapper GradientBoosting         0:00:24       0.1018    0.0970
        68   StandardScalerWrapper ExtremeRandomTrees       0:00:27       0.1009    0.0970
        69   StandardScalerWrapper ExtremeRandomTrees       0:00:25       0.1027    0.0970
        70   RobustScaler RandomForest                      0:00:24       0.1076    0.0970
        71   StandardScalerWrapper RandomForest             0:00:24       0.1022    0.0970
        72   StandardScalerWrapper ExtremeRandomTrees       0:00:27       0.1025    0.0970
        73   StandardScalerWrapper ExtremeRandomTrees       0:00:24       0.1016    0.0970
        74   MinMaxScaler ExtremeRandomTrees                0:00:19       0.1007    0.0970
        75   RobustScaler RandomForest                      0:00:25       0.1067    0.0970
        76   RobustScaler ExtremeRandomTrees                0:00:23       0.1000    0.0970
        77   RobustScaler ExtremeRandomTrees                0:00:24       0.1006    0.0970
        78   RobustScaler ExtremeRandomTrees                0:00:24       0.1022    0.0970
        79   MinMaxScaler ExtremeRandomTrees                0:00:25       0.1008    0.0970
        80   StandardScalerWrapper RandomForest             0:00:29       0.1108    0.0970
        81   StandardScalerWrapper DecisionTree             0:00:22       0.1010    0.0970
        82   StandardScalerWrapper ExtremeRandomTrees       0:00:29       0.1047    0.0970
        83   RobustScaler RandomForest                      0:00:30       0.0997    0.0970
        84   RobustScaler ExtremeRandomTrees                0:00:29       0.1030    0.0970
        85   StandardScalerWrapper RandomForest             0:00:26       0.1083    0.0970
        86   MinMaxScaler ExtremeRandomTrees                0:00:28       0.1015    0.0970
        87   MinMaxScaler RandomForest                      0:00:31       0.0999    0.0970
        88   RobustScaler RandomForest                      0:00:25       0.1024    0.0970
        89   RobustScaler ExtremeRandomTrees                0:00:28       0.1042    0.0970
        90   StandardScalerWrapper RandomForest             0:00:24       0.1085    0.0970
        91   StandardScalerWrapper ExtremeRandomTrees       0:00:24       0.1037    0.0970
        92   StandardScalerWrapper ExtremeRandomTrees       0:00:24       0.1030    0.0970
        93   MinMaxScaler ExtremeRandomTrees                0:00:24       0.1003    0.0970
        94   MinMaxScaler RandomForest                      0:00:25       0.0983    0.0970
        95   StandardScalerWrapper RandomForest             0:00:24       0.1089    0.0970
        96   RobustScaler GradientBoosting                  0:00:24       0.1058    0.0970
        97   RobustScaler ExtremeRandomTrees                0:00:34       0.1028    0.0970
        98   MinMaxScaler ExtremeRandomTrees                0:00:25       0.1011    0.0970
        99   MinMaxScaler ExtremeRandomTrees                0:00:29       0.0999    0.0970
       100   MinMaxScaler RandomForest                      0:00:26       0.1046    0.0970
       101   RobustScaler RandomForest                      0:00:26       0.0991    0.0970
       102   StandardScalerWrapper ExtremeRandomTrees       0:00:29       0.1033    0.0970
       103   RobustScaler ExtremeRandomTrees                0:00:26       0.1054    0.0970
       104   StandardScalerWrapper RandomForest             0:00:26       0.1038    0.0970
       105   RobustScaler RandomForest                      0:00:28       0.1061    0.0970
       106   WARNING - Retrying (Retry(total=2, connect=None, read=None, redirect=None, status=None)) after connection broken by 'ProtocolError('Connection aborted.', ConnectionResetError(104, 'Connection reset by peer'))': /azureml/ExperimentRun/dcid.AutoML_e18a23ca-7771-4c73-98f1-b17c48cbaece_106/outputs/pipeline_graph.json?sv=2019-02-02&sr=b&sig=8uJcmZORcSIZF6Q2TVwyr%2Fsjs3HWQxSN57ZfJgG6LR0%3D&st=2020-10-03T00%3A31%3A39Z&se=2020-10-04T00%3A41%3A39Z&sp=rcw&comp=block&blockid=TURBd01EQXdNREF3TURBd01EQXdNREF3TURBd01EQXdNREF3TURBd01EQSUzRA%3D%3D&timeout=30
RobustScaler ExtremeRandomTrees                0:03:07       0.1013    0.0970
       107   RobustScaler ExtremeRandomTrees                0:00:30       0.0981    0.0970
       108   RobustScaler ExtremeRandomTrees                0:00:25       0.1030    0.0970
       109   StandardScalerWrapper ExtremeRandomTrees       0:00:26       0.1063    0.0970
       110   StandardScalerWrapper RandomForest             0:00:21       0.1040    0.0970
       111   MinMaxScaler ExtremeRandomTrees                0:00:27       0.1017    0.0970
       112   RobustScaler RandomForest                      0:00:25       0.1016    0.0970
       113   RobustScaler LightGBM                          0:00:23       0.0994    0.0970
       114   StandardScalerWrapper RandomForest             0:00:28       0.1059    0.0970
       115   StandardScalerWrapper RandomForest             0:00:25       0.1048    0.0970
       116   MinMaxScaler ExtremeRandomTrees                0:00:29       0.1039    0.0970
       117   RobustScaler ExtremeRandomTrees                0:00:25       0.0997    0.0970
       118   MinMaxScaler ExtremeRandomTrees                0:00:24       0.0987    0.0970
       119   MinMaxScaler LightGBM                          0:00:24       0.0992    0.0970
       120   StandardScalerWrapper RandomForest             0:00:24       0.1087    0.0970
       121   WARNING - Retrying (Retry(total=2, connect=None, read=None, redirect=None, status=None)) after connection broken by 'ProtocolError('Connection aborted.', ConnectionResetError(104, 'Connection reset by peer'))': /azureml/ExperimentRun/dcid.AutoML_e18a23ca-7771-4c73-98f1-b17c48cbaece_121/outputs/conda_env_v_1_0_0.yml?sv=2019-02-02&sr=b&sig=ccULCduUQIbPNMdWDZ%2Bh8OLqpAFQ5Z9H4NMBj%2Bu2cYQ%3D&st=2020-10-03T00%3A40%3A48Z&se=2020-10-04T00%3A50%3A48Z&sp=rcw&comp=block&blockid=TURBd01EQXdNREF3TURBd01EQXdNREF3TURBd01EQXdNREF3TURBd01EQSUzRA%3D%3D&timeout=30
MinMaxScaler ExtremeRandomTrees                0:03:05       0.1009    0.0970
       122   StandardScalerWrapper ExtremeRandomTrees       0:00:29       0.1029    0.0970
       123   RobustScaler ExtremeRandomTrees                0:00:26       0.1037    0.0970
       124   StandardScalerWrapper ExtremeRandomTrees       0:00:24       0.0996    0.0970
       125   RobustScaler RandomForest                      0:00:26       0.1035    0.0970
       126   MinMaxScaler RandomForest                      0:00:29       0.1026    0.0970
       127   StandardScalerWrapper ExtremeRandomTrees       0:00:26       0.1002    0.0970
       128   StandardScalerWrapper ExtremeRandomTrees       0:00:30       0.1018    0.0970
       129   StandardScalerWrapper RandomForest             0:00:31       0.1030    0.0970
       130   StandardScalerWrapper RandomForest             0:00:25       0.1097    0.0970
       131   MinMaxScaler RandomForest                      0:00:31       0.1002    0.0970
       132   StandardScalerWrapper RandomForest             0:00:30       0.1017    0.0970
       133   StandardScalerWrapper RandomForest             0:00:30       0.1029    0.0970
       134   StandardScalerWrapper ExtremeRandomTrees       0:00:28       0.0968    0.0968
       135   MinMaxScaler ExtremeRandomTrees                0:00:26       0.1053    0.0968
       136   WARNING - Retrying (Retry(total=2, connect=None, read=None, redirect=None, status=None)) after connection broken by 'ProtocolError('Connection aborted.', ConnectionResetError(104, 'Connection reset by peer'))': /azureml/ExperimentRun/dcid.AutoML_e18a23ca-7771-4c73-98f1-b17c48cbaece_136/outputs/env_dependencies.json?sv=2019-02-02&sr=b&sig=gQWKWMCCI6oL9XgGZ79GWZVXnAYGal71c6jiuFa8Wxw%3D&st=2020-10-03T00%3A50%3A31Z&se=2020-10-04T01%3A00%3A31Z&sp=rcw&comp=block&blockid=TURBd01EQXdNREF3TURBd01EQXdNREF3TURBd01EQXdNREF3TURBd01EQSUzRA%3D%3D&timeout=30
StandardScalerWrapper RandomForest             0:03:03       0.0974    0.0968
       137   WARNING - Retrying (Retry(total=2, connect=None, read=None, redirect=None, status=None)) after connection broken by 'ProtocolError('Connection aborted.', ConnectionResetError(104, 'Connection reset by peer'))': /azureml/ExperimentRun/dcid.AutoML_e18a23ca-7771-4c73-98f1-b17c48cbaece_137/outputs/model.pkl?sv=2019-02-02&sr=b&sig=YEYBlQctTpeJEB3%2FZqbKq%2F6yEqrJ9v2AUT1HJMM2SqQ%3D&st=2020-10-03T00%3A53%3A36Z&se=2020-10-04T01%3A03%3A36Z&sp=rcw&comp=block&blockid=TURBd01EQXdNREF3TURBd01EQXdNREF3TURBd01EQXdNREF3TURBd01EQSUzRA%3D%3D&timeout=30
WARNING - Retrying (Retry(total=2, connect=None, read=None, redirect=None, status=None)) after connection broken by 'ProtocolError('Connection aborted.', ConnectionResetError(104, 'Connection reset by peer'))': /azureml/ExperimentRun/dcid.AutoML_e18a23ca-7771-4c73-98f1-b17c48cbaece_137/outputs/pipeline_graph.json?sv=2019-02-02&sr=b&sig=MdOfvqIsG%2Fljjn8gljOLhaqUXjA5yy0ts5tQ0DlOBC8%3D&st=2020-10-03T00%3A53%3A36Z&se=2020-10-04T01%3A03%3A36Z&sp=rcw&comp=block&blockid=TURBd01EQXdNREF3TURBd01EQXdNREF3TURBd01EQXdNREF3TURBd01EQSUzRA%3D%3D&timeout=30
StandardScalerWrapper ExtremeRandomTrees       0:00:28       0.1041    0.0968
       138   MinMaxScaler ExtremeRandomTrees                0:00:34       0.1013    0.0968
       139   RobustScaler RandomForest                      0:00:25       0.1047    0.0968
       140   RobustScaler ExtremeRandomTrees                0:00:24       0.1084    0.0968
       141   RobustScaler ExtremeRandomTrees                0:00:25       0.1029    0.0968
       142   WARNING - Retrying (Retry(total=2, connect=None, read=None, redirect=None, status=None)) after connection broken by 'ProtocolError('Connection aborted.', ConnectionResetError(104, 'Connection reset by peer'))': /azureml/ExperimentRun/dcid.AutoML_e18a23ca-7771-4c73-98f1-b17c48cbaece_142/outputs/scoring_file_v_1_0_0.py?sv=2019-02-02&sr=b&sig=D0%2Fox8hmhXi2GlqGObsAxiGCrzx0eW2sGtS7nx3%2FeU8%3D&st=2020-10-03T00%3A55%3A56Z&se=2020-10-04T01%3A05%3A56Z&sp=rcw&comp=block&blockid=TURBd01EQXdNREF3TURBd01EQXdNREF3TURBd01EQXdNREF3TURBd01EQSUzRA%3D%3D&timeout=30
StandardScalerWrapper RandomForest             0:03:13       0.1036    0.0968
       143   RobustScaler ExtremeRandomTrees                0:00:27       0.0988    0.0968
       144   WARNING - Retrying (Retry(total=2, connect=None, read=None, redirect=None, status=None)) after connection broken by 'ProtocolError('Connection aborted.', ConnectionResetError(104, 'Connection reset by peer'))': /azureml/ExperimentRun/dcid.AutoML_e18a23ca-7771-4c73-98f1-b17c48cbaece_144/outputs/scoring_file_v_1_0_0.py?sv=2019-02-02&sr=b&sig=6cyQBH%2Fw62I03X%2Bndn%2FZOJfWcwuqdH47kjTFhDnwtz4%3D&st=2020-10-03T00%3A59%3A36Z&se=2020-10-04T01%3A09%3A36Z&sp=rcw&comp=block&blockid=TURBd01EQXdNREF3TURBd01EQXdNREF3TURBd01EQXdNREF3TURBd01EQSUzRA%3D%3D&timeout=30
WARNING - Retrying (Retry(total=2, connect=None, read=None, redirect=None, status=None)) after connection broken by 'ProtocolError('Connection aborted.', ConnectionResetError(104, 'Connection reset by peer'))': /azureml/ExperimentRun/dcid.AutoML_e18a23ca-7771-4c73-98f1-b17c48cbaece_144/outputs/env_dependencies.json?sv=2019-02-02&sr=b&sig=9gyW6mW8QIHyidSCUwd8fG2XGZJgx9d8W%2BmN2FFfBvI%3D&st=2020-10-03T00%3A59%3A36Z&se=2020-10-04T01%3A09%3A36Z&sp=rcw&comp=block&blockid=TURBd01EQXdNREF3TURBd01EQXdNREF3TURBd01EQXdNREF3TURBd01EQSUzRA%3D%3D&timeout=30
WARNING - Retrying (Retry(total=2, connect=None, read=None, redirect=None, status=None)) after connection broken by 'ProtocolError('Connection aborted.', ConnectionResetError(104, 'Connection reset by peer'))': /azureml/ExperimentRun/dcid.AutoML_e18a23ca-7771-4c73-98f1-b17c48cbaece_144/outputs/model.pkl?sv=2019-02-02&sr=b&sig=SwxwtCIeYu4gL%2FQyRwFo%2Fq09H5b%2F7UdylF6iBhadS3I%3D&st=2020-10-03T00%3A59%3A36Z&se=2020-10-04T01%3A09%3A36Z&sp=rcw&comp=block&blockid=TURBd01EQXdNREF3TURBd01EQXdNREF3TURBd01EQXdNREF3TURBd01EQSUzRA%3D%3D&timeout=30
MinMaxScaler RandomForest                      0:03:08       0.1035    0.0968
       145   RobustScaler ExtremeRandomTrees                0:00:28       0.1087    0.0968
       146   StandardScalerWrapper ExtremeRandomTrees       0:00:25       0.1053    0.0968
       147   RobustScaler RandomForest                      0:00:26       0.1015    0.0968
       148   MinMaxScaler RandomForest                      0:00:26       0.1018    0.0968
       149   MinMaxScaler ExtremeRandomTrees                0:00:29       0.0981    0.0968
       150   MinMaxScaler ExtremeRandomTrees                0:00:30       0.1056    0.0968
       151   MinMaxScaler RandomForest                      0:00:24       0.1002    0.0968
       152   WARNING - Retrying (Retry(total=2, connect=None, read=None, redirect=None, status=None)) after connection broken by 'ProtocolError('Connection aborted.', ConnectionResetError(104, 'Connection reset by peer'))': /azureml/ExperimentRun/dcid.AutoML_e18a23ca-7771-4c73-98f1-b17c48cbaece_152/outputs/conda_env_v_1_0_0.yml?sv=2019-02-02&sr=b&sig=TSOJ6W8vhyzzNzl55E5TOGFyQMM0TZIe6cDmaCNfDrs%3D&st=2020-10-03T01%3A05%3A58Z&se=2020-10-04T01%3A15%3A58Z&sp=rcw&comp=block&blockid=TURBd01EQXdNREF3TURBd01EQXdNREF3TURBd01EQXdNREF3TURBd01EQSUzRA%3D%3D&timeout=30
WARNING - Retrying (Retry(total=2, connect=None, read=None, redirect=None, status=None)) after connection broken by 'ProtocolError('Connection aborted.', ConnectionResetError(104, 'Connection reset by peer'))': /azureml/ExperimentRun/dcid.AutoML_e18a23ca-7771-4c73-98f1-b17c48cbaece_152/outputs/env_dependencies.json?sv=2019-02-02&sr=b&sig=Jb88ANWnybSuMjbFmqv9jxEDHoqWr9YqqN91VKOlvq8%3D&st=2020-10-03T01%3A05%3A58Z&se=2020-10-04T01%3A15%3A58Z&sp=rcw&comp=block&blockid=TURBd01EQXdNREF3TURBd01EQXdNREF3TURBd01EQXdNREF3TURBd01EQSUzRA%3D%3D&timeout=30
WARNING - Retrying (Retry(total=2, connect=None, read=None, redirect=None, status=None)) after connection broken by 'ProtocolError('Connection aborted.', ConnectionResetError(104, 'Connection reset by peer'))': /azureml/ExperimentRun/dcid.AutoML_e18a23ca-7771-4c73-98f1-b17c48cbaece_152/outputs/scoring_file_v_1_0_0.py?sv=2019-02-02&sr=b&sig=Vv72eVH159upLMatUKLlJHSLK8Wn26XwVLg4cTQFLKA%3D&st=2020-10-03T01%3A05%3A58Z&se=2020-10-04T01%3A15%3A58Z&sp=rcw&comp=block&blockid=TURBd01EQXdNREF3TURBd01EQXdNREF3TURBd01EQXdNREF3TURBd01EQSUzRA%3D%3D&timeout=30
WARNING - Retrying (Retry(total=2, connect=None, read=None, redirect=None, status=None)) after connection broken by 'ProtocolError('Connection aborted.', ConnectionResetError(104, 'Connection reset by peer'))': /azureml/ExperimentRun/dcid.AutoML_e18a23ca-7771-4c73-98f1-b17c48cbaece_152/outputs/pipeline_graph.json?sv=2019-02-02&sr=b&sig=5zJ%2FpuHx%2F5%2BQiaPgO1rQE4%2BckOU7AKcpY%2FHt8kLZd18%3D&st=2020-10-03T01%3A05%3A58Z&se=2020-10-04T01%3A15%3A58Z&sp=rcw&comp=block&blockid=TURBd01EQXdNREF3TURBd01EQXdNREF3TURBd01EQXdNREF3TURBd01EQSUzRA%3D%3D&timeout=30
MinMaxScaler ExtremeRandomTrees                0:03:14       0.1034    0.0968
       153   RobustScaler RandomForest                      0:00:25       0.1014    0.0968
       154   RobustScaler ExtremeRandomTrees                0:00:32       0.0974    0.0968
       155   MinMaxScaler ExtremeRandomTrees                0:00:24       0.1017    0.0968
       156   StandardScalerWrapper RandomForest             0:00:25       0.1007    0.0968
       157   MinMaxScaler ExtremeRandomTrees                0:00:25       0.1017    0.0968
       158   StandardScalerWrapper ExtremeRandomTrees       0:00:25       0.0975    0.0968
       159   WARNING - Retrying (Retry(total=2, connect=None, read=None, redirect=None, status=None)) after connection broken by 'ProtocolError('Connection aborted.', ConnectionResetError(104, 'Connection reset by peer'))': /azureml/ExperimentRun/dcid.AutoML_e18a23ca-7771-4c73-98f1-b17c48cbaece_159/outputs/conda_env_v_1_0_0.yml?sv=2019-02-02&sr=b&sig=bOjvoUUX5ECKvGKX6NPEbYiqC3wcMJjCVMrvXzRne3E%3D&st=2020-10-03T01%3A11%3A49Z&se=2020-10-04T01%3A21%3A49Z&sp=rcw&comp=block&blockid=TURBd01EQXdNREF3TURBd01EQXdNREF3TURBd01EQXdNREF3TURBd01EQSUzRA%3D%3D&timeout=30
WARNING - Retrying (Retry(total=2, connect=None, read=None, redirect=None, status=None)) after connection broken by 'ProtocolError('Connection aborted.', ConnectionResetError(104, 'Connection reset by peer'))': /azureml/ExperimentRun/dcid.AutoML_e18a23ca-7771-4c73-98f1-b17c48cbaece_159/outputs/env_dependencies.json?sv=2019-02-02&sr=b&sig=FCFvUZxNts%2FtwKIlfZM7CBvy%2FRUUztwoiMKuJglX3QE%3D&st=2020-10-03T01%3A11%3A49Z&se=2020-10-04T01%3A21%3A49Z&sp=rcw&comp=block&blockid=TURBd01EQXdNREF3TURBd01EQXdNREF3TURBd01EQXdNREF3TURBd01EQSUzRA%3D%3D&timeout=30
RobustScaler RandomForest                      0:03:06       0.1050    0.0968
       160   RobustScaler ExtremeRandomTrees                0:00:31       0.1080    0.0968
       161   RobustScaler RandomForest                      0:00:26       0.1035    0.0968
       162   StandardScalerWrapper ExtremeRandomTrees       0:00:28       0.1000    0.0968
       163   StandardScalerWrapper RandomForest             0:00:25       0.1006    0.0968
       164   StandardScalerWrapper ExtremeRandomTrees       0:00:25       0.0996    0.0968
       165   StandardScalerWrapper ExtremeRandomTrees       0:00:25       0.1028    0.0968
       166   MinMaxScaler RandomForest                      0:00:28       0.1025    0.0968
       167   StandardScalerWrapper ExtremeRandomTrees       0:00:25       0.1004    0.0968
       168   WARNING - Retrying (Retry(total=2, connect=None, read=None, redirect=None, status=None)) after connection broken by 'ProtocolError('Connection aborted.', ConnectionResetError(104, 'Connection reset by peer'))': /azureml/ExperimentRun/dcid.AutoML_e18a23ca-7771-4c73-98f1-b17c48cbaece_168/outputs/pipeline_graph.json?sv=2019-02-02&sr=b&sig=IYst5LwmFZjKY%2F6kNTLoa7hpevPoBFxnqgUvT0PSCNk%3D&st=2020-10-03T01%3A18%3A34Z&se=2020-10-04T01%3A28%3A34Z&sp=rcw&comp=block&blockid=TURBd01EQXdNREF3TURBd01EQXdNREF3TURBd01EQXdNREF3TURBd01EQSUzRA%3D%3D&timeout=30
StandardScalerWrapper ExtremeRandomTrees       0:03:08       0.1073    0.0968
       169   StandardScalerWrapper ExtremeRandomTrees       0:00:28       0.1040    0.0968
       170   StandardScalerWrapper ExtremeRandomTrees       0:00:25       0.1077    0.0968
       171   RobustScaler ExtremeRandomTrees                0:00:31       0.1042    0.0968
       172   StandardScalerWrapper RandomForest             0:00:37       0.1003    0.0968
       173   MinMaxScaler ExtremeRandomTrees                0:00:25       0.0989    0.0968
       174   RobustScaler ExtremeRandomTrees                0:00:28       0.1043    0.0968
       175   StandardScalerWrapper ExtremeRandomTrees       0:00:46       0.1116    0.0968
       176   MinMaxScaler RandomForest                      0:00:29       0.1059    0.0968
       177   RobustScaler ExtremeRandomTrees                0:00:28       0.1046    0.0968
       178   MinMaxScaler ExtremeRandomTrees                0:00:27       0.1041    0.0968
       179   StandardScalerWrapper RandomForest             0:00:29       0.1037    0.0968
       180   StandardScalerWrapper ExtremeRandomTrees       0:00:29       0.1101    0.0968
       181   MinMaxScaler ExtremeRandomTrees                0:00:26       0.1042    0.0968
       182   StandardScalerWrapper ExtremeRandomTrees       0:00:31       0.1051    0.0968
       183   StandardScalerWrapper ExtremeRandomTrees       0:00:26       0.1031    0.0968
       184   MinMaxScaler ExtremeRandomTrees                0:00:36       0.1000    0.0968
       185   StandardScalerWrapper ExtremeRandomTrees       0:00:27       0.1075    0.0968
       186   StandardScalerWrapper RandomForest             0:00:26       0.1035    0.0968
       187   WARNING - Retrying (Retry(total=2, connect=None, read=None, redirect=None, status=None)) after connection broken by 'ProtocolError('Connection aborted.', ConnectionResetError(104, 'Connection reset by peer'))': /azureml/ExperimentRun/dcid.AutoML_e18a23ca-7771-4c73-98f1-b17c48cbaece_187/outputs/conda_env_v_1_0_0.yml?sv=2019-02-02&sr=b&sig=j%2BIG4%2Fc73iIaSDGMgI8qZXoAWSeamCkHvwEu%2F5PT2CE%3D&st=2020-10-03T01%3A30%3A48Z&se=2020-10-04T01%3A40%3A48Z&sp=rcw&comp=block&blockid=TURBd01EQXdNREF3TURBd01EQXdNREF3TURBd01EQXdNREF3TURBd01EQSUzRA%3D%3D&timeout=30
WARNING - Retrying (Retry(total=2, connect=None, read=None, redirect=None, status=None)) after connection broken by 'ProtocolError('Connection aborted.', ConnectionResetError(104, 'Connection reset by peer'))': /azureml/ExperimentRun/dcid.AutoML_e18a23ca-7771-4c73-98f1-b17c48cbaece_187/outputs/env_dependencies.json?sv=2019-02-02&sr=b&sig=IUvenKMrthFlI4eFmFb8bPCK1Xp3KbbwZqu1%2FxyIYfY%3D&st=2020-10-03T01%3A30%3A48Z&se=2020-10-04T01%3A40%3A48Z&sp=rcw&comp=block&blockid=TURBd01EQXdNREF3TURBd01EQXdNREF3TURBd01EQXdNREF3TURBd01EQSUzRA%3D%3D&timeout=30
RobustScaler RandomForest                      0:03:10       0.1063    0.0968
       188   MinMaxScaler ExtremeRandomTrees                0:00:28       0.0994    0.0968
       189   StandardScalerWrapper ExtremeRandomTrees       0:00:30       0.1038    0.0968
       190   StandardScalerWrapper ExtremeRandomTrees       0:00:29       0.1058    0.0968
       191   MinMaxScaler RandomForest                      0:00:36       0.1026    0.0968
       192   RobustScaler ExtremeRandomTrees                0:00:25       0.0994    0.0968
       193   StandardScalerWrapper ExtremeRandomTrees       0:00:26       0.1040    0.0968
       194   RobustScaler ExtremeRandomTrees                0:00:26       0.1032    0.0968
       195   StandardScalerWrapper ExtremeRandomTrees       0:00:25       0.1076    0.0968
       196   RobustScaler ExtremeRandomTrees                0:00:32       0.1032    0.0968
       197   StandardScalerWrapper RandomForest             0:00:26       0.1064    0.0968
       198   StandardScalerWrapper ExtremeRandomTrees       0:00:31       0.1015    0.0968
       199   StandardScalerWrapper RandomForest             0:00:26       0.1017    0.0968
       200   MinMaxScaler ExtremeRandomTrees                0:00:29       0.1094    0.0968
       201   RobustScaler RandomForest                      0:00:27       0.1045    0.0968
       202   StandardScalerWrapper RandomForest             0:00:24       0.1074    0.0968
       203   WARNING - Retrying (Retry(total=2, connect=None, read=None, redirect=None, status=None)) after connection broken by 'ProtocolError('Connection aborted.', ConnectionResetError(104, 'Connection reset by peer'))': /azureml/ExperimentRun/dcid.AutoML_e18a23ca-7771-4c73-98f1-b17c48cbaece_203/outputs/model.pkl?sv=2019-02-02&sr=b&sig=sTOHDaLLCcM56WH02%2FjwBg%2BEcAxcX5EXgKkExzWVlP4%3D&st=2020-10-03T01%3A41%3A00Z&se=2020-10-04T01%3A51%3A00Z&sp=rcw&comp=block&blockid=TURBd01EQXdNREF3TURBd01EQXdNREF3TURBd01EQXdNREF3TURBd01EQSUzRA%3D%3D&timeout=30
RobustScaler ExtremeRandomTrees                0:03:06       0.1012    0.0968
       204   MinMaxScaler ExtremeRandomTrees                0:00:26       0.1078    0.0968
       205   RobustScaler ExtremeRandomTrees                0:00:27       0.1044    0.0968
       206   StandardScalerWrapper ExtremeRandomTrees       0:00:25       0.0984    0.0968
       207   StandardScalerWrapper ExtremeRandomTrees       0:00:24       0.0993    0.0968
       208   RobustScaler ExtremeRandomTrees                0:00:26       0.0965    0.0965
       209   RobustScaler RandomForest                      0:00:26       0.0976    0.0965
       210   WARNING - Retrying (Retry(total=2, connect=None, read=None, redirect=None, status=None)) after connection broken by 'ProtocolError('Connection aborted.', ConnectionResetError(104, 'Connection reset by peer'))': /azureml/ExperimentRun/dcid.AutoML_e18a23ca-7771-4c73-98f1-b17c48cbaece_210/outputs/model.pkl?sv=2019-02-02&sr=b&sig=59%2Fha1DKR0%2BqsZnMYMBcQQrGC5%2Ff2ITL3iTl9FUxafo%3D&st=2020-10-03T01%3A46%3A43Z&se=2020-10-04T01%3A56%3A43Z&sp=rcw&comp=block&blockid=TURBd01EQXdNREF3TURBd01EQXdNREF3TURBd01EQXdNREF3TURBd01EQSUzRA%3D%3D&timeout=30
StandardScalerWrapper ExtremeRandomTrees       0:03:08       0.1050    0.0965
       211   WARNING - Received unrecognized parameter ensemble_download_models_timeout_sec
WARNING - Received unrecognized parameter ensemble_download_models_timeout_sec
VotingEnsemble                                 0:02:22       0.0963    0.0963
Stopping criteria reached at iteration 212. Ending experiment.
WARNING - Received unrecognized parameter ensemble_download_models_timeout_sec
WARNING - Received unrecognized parameter ensemble_download_models_timeout_sec
WARNING - Received unrecognized parameter ensemble_download_models_timeout_sec
****************************************************************************************************
Current status: BestRunExplainModel. Best run model explanations started
Current status: ModelExplanationDataSetSetup. Model explanations data setup completed
Current status: PickSurrogateModel. Choosing LightGBM as the surrogate model for explanations
Current status: EngineeredFeatureExplanations. Computation of engineered features started
Current status: EngineeredFeatureExplanations. Computation of engineered features completed
Current status: BestRunExplainModel. Best run model explanations completed
****************************************************************************************************
WARNING - Received unrecognized parameter ensemble_download_models_timeout_sec
WARNING - Received unrecognized parameter ensemble_download_models_timeout_sec
WARNING - Received unrecognized parameter ensemble_download_models_timeout_sec
Best pipeline:
<class 'sklearn.ensemble._voting.VotingRegressor'>
0. Pipeline(memory=None,
         steps=[('robustscaler',
                 RobustScaler(copy=True, quantile_range=[10, 90],
                              with_centering=True, with_scaling=False)),
                ('extratreesregressor',
                 ExtraTreesRegressor(bootstrap=False, ccp_alpha=0.0,
                                     criterion='mse', max_depth=None,
                                     max_features=None, max_leaf_nodes=None,
                                     max_samples=None,
                                     min_impurity_decrease=0.0,
                                     min_impurity_split=None,
                                     min_samples_leaf=0.01091729022778783,
                                     min_samples_split=0.0012814223889440828,
                                     min_weight_fraction_leaf=0.0,
                                     n_estimators=100, n_jobs=-1,
                                     oob_score=False, random_state=None,
                                     verbose=0, warm_start=False))],
         verbose=False)
1. Pipeline(memory=None,
         steps=[('standardscalerwrapper',
                 <azureml.automl.runtime.shared.model_wrappers.StandardScalerWrapper object at 0x7fafbc5708d0>),
                ('extratreesregressor',
                 ExtraTreesRegressor(bootstrap=True, ccp_alpha=0.0,
                                     criterion='mse', max_depth=None,
                                     max_features=0.7, max_leaf_nodes=None,
                                     max_samples=None,
                                     min_impurity_decrease=0.0,
                                     min_impurity_split=None,
                                     min_samples_leaf=0.003466237459044996,
                                     min_samples_split=0.0012814223889440828,
                                     min_weight_fraction_leaf=0.0,
                                     n_estimators=200, n_jobs=-1,
                                     oob_score=False, random_state=None,
                                     verbose=0, warm_start=False))],
         verbose=False)
2. Pipeline(memory=None,
         steps=[('robustscaler',
                 RobustScaler(copy=True, quantile_range=[25, 75],
                              with_centering=False, with_scaling=False)),
                ('randomforestregressor',
                 RandomForestRegressor(bootstrap=False, ccp_alpha=0.0,
                                       criterion='mse', max_depth=None,
                                       max_features=0.5, max_leaf_nodes=None,
                                       max_samples=None,
                                       min_impurity_decrease=0.0,
                                       min_impurity_split=None,
                                       min_samples_leaf=0.0074478228980205795,
                                       min_samples_split=0.000753222139758624,
                                       min_weight_fraction_leaf=0.0,
                                       n_estimators=50, n_jobs=-1,
                                       oob_score=False, random_state=None,
                                       verbose=0, warm_start=False))],
         verbose=False)
3. Pipeline(memory=None,
         steps=[('robustscaler',
                 RobustScaler(copy=True, quantile_range=[25, 75],
                              with_centering=True, with_scaling=True)),
                ('randomforestregressor',
                 RandomForestRegressor(bootstrap=False, ccp_alpha=0.0,
                                       criterion='mse', max_depth=None,
                                       max_features=0.7, max_leaf_nodes=None,
                                       max_samples=None,
                                       min_impurity_decrease=0.0,
                                       min_impurity_split=None,
                                       min_samples_leaf=0.01091729022778783,
                                       min_samples_split=0.0012814223889440828,
                                       min_weight_fraction_leaf=0.0,
                                       n_estimators=25, n_jobs=-1,
                                       oob_score=False, random_state=None,
                                       verbose=0, warm_start=False))],
         verbose=False)
4. Pipeline(memory=None,
         steps=[('robustscaler',
                 RobustScaler(copy=True, quantile_range=[25, 75],
                              with_centering=True, with_scaling=True)),
                ('extratreesregressor',
                 ExtraTreesRegressor(bootstrap=True, ccp_alpha=0.0,
                                     criterion='mse', max_depth=None,
                                     max_features=0.9, max_leaf_nodes=None,
                                     max_samples=None,
                                     min_impurity_decrease=0.0,
                                     min_impurity_split=None,
                                     min_samples_leaf=0.0074478228980205795,
                                     min_samples_split=0.010734188827013528,
                                     min_weight_fraction_leaf=0.0,
                                     n_estimators=600, n_jobs=-1,
                                     oob_score=False, random_state=None,
                                     verbose=0, warm_start=False))],
         verbose=False)
5. Pipeline(memory=None,
         steps=[('robustscaler',
                 RobustScaler(copy=True, quantile_range=[25, 75],
                              with_centering=False, with_scaling=True)),
                ('extratreesregressor',
                 ExtraTreesRegressor(bootstrap=False, ccp_alpha=0.0,
                                     criterion='mae', max_depth=None,
                                     max_features=None, max_leaf_nodes=None,
                                     max_samples=None,
                                     min_impurity_decrease=0.0,
                                     min_impurity_split=None,
                                     min_samples_leaf=0.01321775243133542,
                                     min_samples_split=0.0037087774117744725,
                                     min_weight_fraction_leaf=0.0,
                                     n_estimators=10, n_jobs=-1,
                                     oob_score=False, random_state=None,
                                     verbose=0, warm_start=False))],
         verbose=False)
6. Pipeline(memory=None,
         steps=[('standardscalerwrapper',
                 <azureml.automl.runtime.shared.model_wrappers.StandardScalerWrapper object at 0x7fafbb87a350>),
                ('decisiontreeregressor',
                 DecisionTreeRegressor(ccp_alpha=0.0, criterion='mse',
                                       max_depth=None, max_features=None,
                                       max_leaf_nodes=None,
                                       min_impurity_decrease=0.0,
                                       min_impurity_split=None,
                                       min_samples_leaf=0.006056302831963706,
                                       min_samples_split=0.000630957344480193,
                                       min_weight_fraction_leaf=0.0,
                                       presort='deprecated', random_state=None,
                                       splitter='random'))],
         verbose=False)
7. Pipeline(memory=None,
         steps=[('robustscaler',
                 RobustScaler(copy=True, quantile_range=[10, 90],
                              with_centering=False, with_scaling=False)),
                ('decisiontreeregressor',
                 DecisionTreeRegressor(ccp_alpha=0.0, criterion='mse',
                                       max_depth=None, max_features=None,
                                       max_leaf_nodes=None,
                                       min_impurity_decrease=0.0,
                                       min_impurity_split=None,
                                       min_samples_leaf=0.003851381725578514,
                                       min_samples_split=0.012814223889440833,
                                       min_weight_fraction_leaf=0.0,
                                       presort='deprecated', random_state=None,
                                       splitter='random'))],
         verbose=False)
8. Pipeline(memory=None,
         steps=[('minmaxscaler', MinMaxScaler(copy=True, feature_range=(0, 1))),
                ('decisiontreeregressor',
                 DecisionTreeRegressor(ccp_alpha=0.0, criterion='friedman_mse',
                                       max_depth=None, max_features=None,
                                       max_leaf_nodes=None,
                                       min_impurity_decrease=0.0,
                                       min_impurity_split=None,
                                       min_samples_leaf=0.003851381725578514,
                                       min_samples_split=0.005285388593079247,
                                       min_weight_fraction_leaf=0.0,
                                       presort='deprecated', random_state=None,
                                       splitter='random'))],
         verbose=False)
9. Pipeline(memory=None,
         steps=[('standardscalerwrapper',
                 <azureml.automl.runtime.shared.model_wrappers.StandardScalerWrapper object at 0x7fafbb885750>),
                ('decisiontreeregressor',
                 DecisionTreeRegressor(ccp_alpha=0.0, criterion='friedman_mse',
                                       max_depth=None, max_features=0.6,
                                       max_leaf_nodes=None,
                                       min_impurity_decrease=0.0,
                                       min_impurity_split=None,
                                       min_samples_leaf=0.006781961770526707,
                                       min_samples_split=0.0010734188827013528,
                                       min_weight_fraction_leaf=0.0,
                                       presort='deprecated', random_state=None,
                                       splitter='best'))],
         verbose=False)
10. Pipeline(memory=None,
         steps=[('standardscalerwrapper',
                 <azureml.automl.runtime.shared.model_wrappers.StandardScalerWrapper object at 0x7fafbb885e90>),
                ('decisiontreeregressor',
                 DecisionTreeRegressor(ccp_alpha=0.0, criterion='mse',
                                       max_depth=None, max_features=None,
                                       max_leaf_nodes=None,
                                       min_impurity_decrease=0.0,
                                       min_impurity_split=None,
                                       min_samples_leaf=0.0030712916328495916,
                                       min_samples_split=0.018261584682702607,
                                       min_weight_fraction_leaf=0.0,
                                       presort='deprecated', random_state=None,
                                       splitter='random'))],
         verbose=False)
11. Pipeline(memory=None,
         steps=[('minmaxscaler', MinMaxScaler(copy=True, feature_range=(0, 1))),
                ('decisiontreeregressor',
                 DecisionTreeRegressor(ccp_alpha=0.0, criterion='friedman_mse',
                                       max_depth=None, max_features=0.6,
                                       max_leaf_nodes=None,
                                       min_impurity_decrease=0.0,
                                       min_impurity_split=None,
                                       min_samples_leaf=0.008504540352732381,
                                       min_samples_split=0.0008991789964660114,
                                       min_weight_fraction_leaf=0.0,
                                       presort='deprecated', random_state=None,
                                       splitter='best'))],
         verbose=False)

['quarter', 'month', 'day', 'hour', 'minute', 'am_pm', 'hour12', 'wday', 'qday', 'yday']
  RawFeatureName TypeDetected Dropped  EngineeredFeatureCount  \
0  timestamp      DateTime     No      10                       

                                                                                                                                                                                                      Transformations  
0  [DateTimeTransformer, DateTimeTransformer, DateTimeTransformer, DateTimeTransformer, DateTimeTransformer, DateTimeTransformer, DateTimeTransformer, DateTimeTransformer, DateTimeTransformer, DateTimeTransformer]  
