Running on local machine
Parent Run ID: AutoML_5a2f05ae-6188-4e1a-af74-79e2b0f67ac6

Current status: DatasetFeaturization. Beginning to featurize the dataset.
Current status: DatasetFeaturizationCompleted. Completed featurizing the dataset.
Heuristic parameters: Target_Lag = '[0]', Target_Rolling_Window = '0', Max_Horizon = '2'.
WARNING - Converting non-string tag to string: (forecasting_target_lags: [0])
WARNING - Converting non-string tag to string: (forecasting_target_rolling_window_size: 0)
WARNING - Converting non-string tag to string: (forecasting_max_horizon: 2)
Current status: DatasetCrossValidationSplit. Generating individually featurized CV splits.
Current status: DatasetFeaturization. Beginning to featurize the CV split.
Current status: DatasetFeaturizationCompleted. Completed featurizing the CV split.
Current status: DatasetFeaturization. Beginning to featurize the CV split.
Current status: DatasetFeaturizationCompleted. Completed featurizing the CV split.
Current status: DatasetFeaturization. Beginning to featurize the CV split.
Current status: DatasetFeaturizationCompleted. Completed featurizing the CV split.
Current status: DatasetFeaturization. Beginning to featurize the CV split.
Current status: DatasetFeaturizationCompleted. Completed featurizing the CV split.
Current status: DatasetFeaturization. Beginning to featurize the CV split.
Current status: DatasetFeaturizationCompleted. Completed featurizing the CV split.

****************************************************************************************************
DATA GUARDRAILS: 

TYPE:         Frequency detection
STATUS:       PASSED
DESCRIPTION:  The time series was analyzed, all data points are aligned with detected frequency.
              

****************************************************************************************************

TYPE:         Missing feature values imputation
STATUS:       PASSED
DESCRIPTION:  No feature missing values were detected in the training data.
              Learn more about missing value imputation: https://aka.ms/AutomatedMLFeaturization

****************************************************************************************************

TYPE:         Memory Issues Detection
STATUS:       PASSED
DESCRIPTION:  The selected horizon, lag and rolling window values were analyzed, and no potential memory issues were detected.
              Learn more about time-series forecasting configurations: https://aka.ms/AutomatedMLForecastingConfiguration

****************************************************************************************************
Current status: ModelSelection. Beginning model selection.

****************************************************************************************************
ITERATION: The iteration being evaluated.
PIPELINE: A summary description of the pipeline being evaluated.
DURATION: Time taken for the current iteration.
METRIC: The result of computing score on the fitted pipeline.
BEST: The best observed score thus far.
****************************************************************************************************

 ITERATION   PIPELINE                                       DURATION      METRIC      BEST
         0   MaxAbsScaler DecisionTree                      0:00:32       0.0830    0.0830
         1   MinMaxScaler DecisionTree                      0:00:22       0.0860    0.0830
         2   StandardScalerWrapper LassoLars                0:00:24       0.0940    0.0830
         3   RobustScaler ElasticNet                        0:00:23       0.0943    0.0830
         4   StandardScalerWrapper LassoLars                0:00:24       0.0940    0.0830
         5   RobustScaler ElasticNet                        0:00:22       0.0942    0.0830
         6   RobustScaler DecisionTree                      0:00:21       0.0919    0.0830
         7   MinMaxScaler DecisionTree                      0:00:22       0.0860    0.0830
         8   RobustScaler DecisionTree                      0:00:23       0.0914    0.0830
         9   MinMaxScaler DecisionTree                      0:00:22       0.0876    0.0830
        10   StandardScalerWrapper DecisionTree             0:00:23       0.0993    0.0830
        11   StandardScalerWrapper DecisionTree             0:00:22       0.1002    0.0830
        12   RobustScaler DecisionTree                      0:00:23       0.0832    0.0830
        13   RobustScaler ElasticNet                        0:00:22       0.0950    0.0830
        14   StandardScalerWrapper DecisionTree             0:00:22       0.0982    0.0830
        15   MinMaxScaler DecisionTree                      0:00:22       0.1013    0.0830
        16   MinMaxScaler DecisionTree                      0:00:24       0.0847    0.0830
        17   RobustScaler DecisionTree                      0:00:24       0.0950    0.0830
        18   RobustScaler DecisionTree                      0:00:18       0.0903    0.0830
        19   StandardScalerWrapper DecisionTree             0:00:22       0.0996    0.0830
        20   StandardScalerWrapper DecisionTree             0:00:22       0.0907    0.0830
        21   WARNING - Retrying (Retry(total=2, connect=None, read=None, redirect=None, status=None)) after connection broken by 'ProtocolError('Connection aborted.', ConnectionResetError(104, 'Connection reset by peer'))': /azureml/ExperimentRun/dcid.AutoML_5a2f05ae-6188-4e1a-af74-79e2b0f67ac6_21/outputs/conda_env_v_1_0_0.yml?sv=2019-02-02&sr=b&sig=eYGpJWmwqRcKLGWebgcBB%2B1kCT1IPyinw6EEeJYRSRY%3D&st=2020-09-04T02%3A38%3A24Z&se=2020-09-05T02%3A48%3A24Z&sp=rcw&comp=block&blockid=TURBd01EQXdNREF3TURBd01EQXdNREF3TURBd01EQXdNREF3TURBd01EQSUzRA%3D%3D&timeout=30
WARNING - Retrying (Retry(total=2, connect=None, read=None, redirect=None, status=None)) after connection broken by 'ProtocolError('Connection aborted.', ConnectionResetError(104, 'Connection reset by peer'))': /azureml/ExperimentRun/dcid.AutoML_5a2f05ae-6188-4e1a-af74-79e2b0f67ac6_21/outputs/pipeline_graph.json?sv=2019-02-02&sr=b&sig=7ACS8r4oDxDGB3T01ck4cBrNatUxCJQv1YA0qac%2B%2BZo%3D&st=2020-09-04T02%3A38%3A24Z&se=2020-09-05T02%3A48%3A24Z&sp=rcw&comp=block&blockid=TURBd01EQXdNREF3TURBd01EQXdNREF3TURBd01EQXdNREF3TURBd01EQSUzRA%3D%3D&timeout=30
StandardScalerWrapper DecisionTree             0:03:02       0.0806    0.0806
        22   StandardScalerWrapper ExtremeRandomTrees       0:00:24       0.0932    0.0806
        23   MinMaxScaler DecisionTree                      0:00:22       0.1023    0.0806
        24   StandardScalerWrapper DecisionTree             0:00:23       0.0880    0.0806
        25   RobustScaler DecisionTree                      0:00:24       0.1004    0.0806
        26   MinMaxScaler DecisionTree                      0:00:24       0.0864    0.0806
        27   WARNING - Retrying (Retry(total=2, connect=None, read=None, redirect=None, status=None)) after connection broken by 'ProtocolError('Connection aborted.', ConnectionResetError(104, 'Connection reset by peer'))': /azureml/ExperimentRun/dcid.AutoML_5a2f05ae-6188-4e1a-af74-79e2b0f67ac6_27/outputs/scoring_file_v_1_0_0.py?sv=2019-02-02&sr=b&sig=jIjh8kmJ77UNTHlv5RTXcK32OR8s1tsrTTQyj%2Fg9D%2BQ%3D&st=2020-09-04T02%3A43%3A26Z&se=2020-09-05T02%3A53%3A26Z&sp=rcw&comp=block&blockid=TURBd01EQXdNREF3TURBd01EQXdNREF3TURBd01EQXdNREF3TURBd01EQSUzRA%3D%3D&timeout=30
MinMaxScaler DecisionTree                      0:03:05       0.0893    0.0806
        28   MinMaxScaler DecisionTree                      0:00:22       0.0895    0.0806
        29   MinMaxScaler LightGBM                          0:00:24       0.0915    0.0806
        30   RobustScaler DecisionTree                      0:00:23       0.0867    0.0806
        31   StandardScalerWrapper RandomForest             0:00:24       0.0921    0.0806
        32   RobustScaler ExtremeRandomTrees                0:00:24       0.0903    0.0806
        33   StandardScalerWrapper ExtremeRandomTrees       0:00:24       0.0920    0.0806
        34   StandardScalerWrapper ExtremeRandomTrees       0:00:25       0.0942    0.0806
        35   StandardScalerWrapper DecisionTree             0:00:24       0.0832    0.0806
        36   StandardScalerWrapper ExtremeRandomTrees       0:00:25       0.0933    0.0806
        37   RobustScaler ExtremeRandomTrees                0:00:23       0.0951    0.0806
        38   MinMaxScaler ExtremeRandomTrees                0:00:27       0.0917    0.0806
        39   MinMaxScaler ExtremeRandomTrees                0:00:27       0.0917    0.0806
        40   RobustScaler DecisionTree                      0:00:25       0.0962    0.0806
        41   MinMaxScaler ExtremeRandomTrees                0:00:26       0.0934    0.0806
        42   RobustScaler ExtremeRandomTrees                0:00:25       0.0925    0.0806
        43   RobustScaler RandomForest                      0:00:29       0.0835    0.0806
        44   RobustScaler ExtremeRandomTrees                0:00:24       0.0934    0.0806
        45   MinMaxScaler DecisionTree                      0:00:22       0.0916    0.0806
        46   StandardScalerWrapper RandomForest             0:00:25       0.0908    0.0806
        47   MinMaxScaler ExtremeRandomTrees                0:00:25       0.0938    0.0806
        48   MinMaxScaler ExtremeRandomTrees                0:00:24       0.0930    0.0806
        49   WARNING - Retrying (Retry(total=2, connect=None, read=None, redirect=None, status=None)) after connection broken by 'ProtocolError('Connection aborted.', ConnectionResetError(104, 'Connection reset by peer'))': /azureml/ExperimentRun/dcid.AutoML_5a2f05ae-6188-4e1a-af74-79e2b0f67ac6_49/outputs/internal_cross_validated_models.pkl?sv=2019-02-02&sr=b&sig=C9ZMIElOZ01VWeEpM9vYWlvh2HT8uGaJSYa5KMAVY9o%3D&st=2020-09-04T02%3A55%3A24Z&se=2020-09-05T03%3A05%3A24Z&sp=rcw&comp=block&blockid=TURBd01EQXdNREF3TURBd01EQXdNREF3TURBd01EQXdNREF3TURBd01EQSUzRA%3D%3D&timeout=30
StandardScalerWrapper ExtremeRandomTrees       0:02:31       0.0904    0.0806
        50   WARNING - Retrying (Retry(total=2, connect=None, read=None, redirect=None, status=None)) after connection broken by 'ProtocolError('Connection aborted.', ConnectionResetError(104, 'Connection reset by peer'))': /azureml/ExperimentRun/dcid.AutoML_5a2f05ae-6188-4e1a-af74-79e2b0f67ac6_50/outputs/pipeline_graph.json?sv=2019-02-02&sr=b&sig=ESpJAaCr3K5bhbqWgHENfxJ%2FUxllr57bKLPP1%2BqR7yA%3D&st=2020-09-04T02%3A57%3A51Z&se=2020-09-05T03%3A07%3A51Z&sp=rcw&comp=block&blockid=TURBd01EQXdNREF3TURBd01EQXdNREF3TURBd01EQXdNREF3TURBd01EQSUzRA%3D%3D&timeout=30
WARNING - Retrying (Retry(total=2, connect=None, read=None, redirect=None, status=None)) after connection broken by 'ProtocolError('Connection aborted.', ConnectionResetError(104, 'Connection reset by peer'))': /azureml/ExperimentRun/dcid.AutoML_5a2f05ae-6188-4e1a-af74-79e2b0f67ac6_50/outputs/env_dependencies.json?sv=2019-02-02&sr=b&sig=3S7PwUv98gDVoXWUCxlns2xVSXWyIcYoAr%2BaoH%2Bf2%2Bo%3D&st=2020-09-04T02%3A57%3A51Z&se=2020-09-05T03%3A07%3A51Z&sp=rcw&comp=block&blockid=TURBd01EQXdNREF3TURBd01EQXdNREF3TURBd01EQXdNREF3TURBd01EQSUzRA%3D%3D&timeout=30
WARNING - Retrying (Retry(total=2, connect=None, read=None, redirect=None, status=None)) after connection broken by 'ProtocolError('Connection aborted.', ConnectionResetError(104, 'Connection reset by peer'))': /azureml/ExperimentRun/dcid.AutoML_5a2f05ae-6188-4e1a-af74-79e2b0f67ac6_50/outputs/scoring_file_v_1_0_0.py?sv=2019-02-02&sr=b&sig=Cj57xPcUEJifYMNuWmecaNSoxvGqAb2JggEozxcnojM%3D&st=2020-09-04T02%3A57%3A51Z&se=2020-09-05T03%3A07%3A51Z&sp=rcw&comp=block&blockid=TURBd01EQXdNREF3TURBd01EQXdNREF3TURBd01EQXdNREF3TURBd01EQSUzRA%3D%3D&timeout=30
MinMaxScaler DecisionTree                      0:01:00       0.0890    0.0806
        51   StandardScalerWrapper ExtremeRandomTrees       0:00:24       0.0938    0.0806
        52   MinMaxScaler RandomForest                      0:00:25       0.0856    0.0806
        53   RobustScaler RandomForest                      0:00:25       0.0926    0.0806
        54   RobustScaler ExtremeRandomTrees                0:00:21       0.0907    0.0806
        55   StandardScalerWrapper DecisionTree             0:00:24       0.0917    0.0806
        56   MinMaxScaler ExtremeRandomTrees                0:00:27       0.0926    0.0806
        57   RobustScaler ExtremeRandomTrees                0:00:30       0.0907    0.0806
        58   StandardScalerWrapper ExtremeRandomTrees       0:00:29       0.0914    0.0806
        59   WARNING - Retrying (Retry(total=2, connect=None, read=None, redirect=None, status=None)) after connection broken by 'ProtocolError('Connection aborted.', ConnectionResetError(104, 'Connection reset by peer'))': /azureml/ExperimentRun/dcid.AutoML_5a2f05ae-6188-4e1a-af74-79e2b0f67ac6_59/residuals?sv=2019-02-02&sr=b&sig=u8QxEYBlq93Z4vMev%2BIqsa0wGAMk8tAenM1D%2BFP236M%3D&st=2020-09-04T03%3A02%3A24Z&se=2020-09-05T03%3A12%3A24Z&sp=rcw
StandardScalerWrapper ExtremeRandomTrees       0:00:33       0.0921    0.0806
        60   WARNING - Retrying (Retry(total=2, connect=None, read=None, redirect=None, status=None)) after connection broken by 'ProtocolError('Connection aborted.', ConnectionResetError(104, 'Connection reset by peer'))': /azureml/ExperimentRun/dcid.AutoML_5a2f05ae-6188-4e1a-af74-79e2b0f67ac6_60/outputs/model.pkl?sv=2019-02-02&sr=b&sig=8QsparI9C58i5LZ%2FcmQnhvQuWTOnnXz8eTEEQLLoyjk%3D&st=2020-09-04T03%3A02%3A54Z&se=2020-09-05T03%3A12%3A54Z&sp=rcw&comp=block&blockid=TURBd01EQXdNREF3TURBd01EQXdNREF3TURBd01EQXdNREF3TURBd01EQSUzRA%3D%3D&timeout=30
MinMaxScaler DecisionTree                      0:02:56       0.0964    0.0806
        61   RobustScaler ExtremeRandomTrees                0:00:23       0.0914    0.0806
        62   MinMaxScaler ExtremeRandomTrees                0:00:20       0.0887    0.0806
        63   MinMaxScaler ExtremeRandomTrees                0:00:29       0.0919    0.0806
        64   StandardScalerWrapper ExtremeRandomTrees       0:00:28       0.0916    0.0806
        65   WARNING - Retrying (Retry(total=2, connect=None, read=None, redirect=None, status=None)) after connection broken by 'ProtocolError('Connection aborted.', ConnectionResetError(104, 'Connection reset by peer'))': /azureml/ExperimentRun/dcid.AutoML_5a2f05ae-6188-4e1a-af74-79e2b0f67ac6_65/outputs/conda_env_v_1_0_0.yml?sv=2019-02-02&sr=b&sig=lFggNMyuEDzyDNRHnrpIOtiVX3bV4y%2Flip3xOACBma0%3D&st=2020-09-04T03%3A07%3A31Z&se=2020-09-05T03%3A17%3A31Z&sp=rcw&comp=block&blockid=TURBd01EQXdNREF3TURBd01EQXdNREF3TURBd01EQXdNREF3TURBd01EQSUzRA%3D%3D&timeout=30
WARNING - Retrying (Retry(total=2, connect=None, read=None, redirect=None, status=None)) after connection broken by 'ProtocolError('Connection aborted.', ConnectionResetError(104, 'Connection reset by peer'))': /azureml/ExperimentRun/dcid.AutoML_5a2f05ae-6188-4e1a-af74-79e2b0f67ac6_65/outputs/pipeline_graph.json?sv=2019-02-02&sr=b&sig=ltLO2Yq5Xgo0tbVrI8Vte3e4z%2FVU%2B2dSwsE08eG4bQI%3D&st=2020-09-04T03%3A07%3A31Z&se=2020-09-05T03%3A17%3A31Z&sp=rcw&comp=block&blockid=TURBd01EQXdNREF3TURBd01EQXdNREF3TURBd01EQXdNREF3TURBd01EQSUzRA%3D%3D&timeout=30
RobustScaler DecisionTree                      0:03:05       0.0905    0.0806
        66   StandardScalerWrapper RandomForest             0:00:25       0.0866    0.0806
        67   StandardScalerWrapper ExtremeRandomTrees       0:00:25       0.0879    0.0806
        68   RobustScaler RandomForest                      0:00:24       0.0830    0.0806
        69   StandardScalerWrapper ExtremeRandomTrees       0:00:30       0.0927    0.0806
        70   RobustScaler DecisionTree                      0:00:23       0.0950    0.0806
        71   WARNING - Retrying (Retry(total=2, connect=None, read=None, redirect=None, status=None)) after connection broken by 'ProtocolError('Connection aborted.', ConnectionResetError(104, 'Connection reset by peer'))': /azureml/ExperimentRun/dcid.AutoML_5a2f05ae-6188-4e1a-af74-79e2b0f67ac6_71/outputs/model.pkl?sv=2019-02-02&sr=b&sig=98j077uDEHkiJqsF3Ik7YJ6938UIspnWoez5xPrxrPc%3D&st=2020-09-04T03%3A12%3A46Z&se=2020-09-05T03%3A22%3A46Z&sp=rcw&comp=block&blockid=TURBd01EQXdNREF3TURBd01EQXdNREF3TURBd01EQXdNREF3TURBd01EQSUzRA%3D%3D&timeout=30
MinMaxScaler DecisionTree                      0:03:07       0.0911    0.0806
        72   RobustScaler RandomForest                      0:00:24       0.0877    0.0806
        73   MinMaxScaler ExtremeRandomTrees                0:00:29       0.0936    0.0806
        74   RobustScaler ExtremeRandomTrees                0:00:27       0.0927    0.0806
        75   RobustScaler DecisionTree                      0:00:23       0.0917    0.0806
        76   WARNING - Retrying (Retry(total=2, connect=None, read=None, redirect=None, status=None)) after connection broken by 'ProtocolError('Connection aborted.', ConnectionResetError(104, 'Connection reset by peer'))': /azureml/ExperimentRun/dcid.AutoML_5a2f05ae-6188-4e1a-af74-79e2b0f67ac6_76/outputs/conda_env_v_1_0_0.yml?sv=2019-02-02&sr=b&sig=ET9AnFQEbDs8ANf7l3WrRSnHZ3NBKhys8%2Bjzlhq1aDI%3D&st=2020-09-04T03%3A17%3A42Z&se=2020-09-05T03%3A27%3A42Z&sp=rcw&comp=block&blockid=TURBd01EQXdNREF3TURBd01EQXdNREF3TURBd01EQXdNREF3TURBd01EQSUzRA%3D%3D&timeout=30
WARNING - Retrying (Retry(total=2, connect=None, read=None, redirect=None, status=None)) after connection broken by 'ProtocolError('Connection aborted.', ConnectionResetError(104, 'Connection reset by peer'))': /azureml/ExperimentRun/dcid.AutoML_5a2f05ae-6188-4e1a-af74-79e2b0f67ac6_76/outputs/model.pkl?sv=2019-02-02&sr=b&sig=fMu4v7kjFdtn3sWJigmcUzzMYfD%2BDz7haQwTWrqdILQ%3D&st=2020-09-04T03%3A17%3A42Z&se=2020-09-05T03%3A27%3A42Z&sp=rcw&comp=block&blockid=TURBd01EQXdNREF3TURBd01EQXdNREF3TURBd01EQXdNREF3TURBd01EQSUzRA%3D%3D&timeout=30
MinMaxScaler RandomForest                      0:03:08       0.0923    0.0806
        77   RobustScaler ExtremeRandomTrees                0:00:32       0.0916    0.0806
        78   StandardScalerWrapper ExtremeRandomTrees       0:00:26       0.0928    0.0806
        79   StandardScalerWrapper ExtremeRandomTrees       0:00:28       0.0913    0.0806
        80   StandardScalerWrapper DecisionTree             0:00:24       0.0872    0.0806
        81   MinMaxScaler RandomForest                      0:00:26       0.0922    0.0806
        82   RobustScaler RandomForest                      0:00:25       0.0899    0.0806
        83   StandardScalerWrapper ExtremeRandomTrees       0:00:29       0.0935    0.0806
        84   RobustScaler ExtremeRandomTrees                0:00:24       0.0921    0.0806
        85   WARNING - Retrying (Retry(total=2, connect=None, read=None, redirect=None, status=None)) after connection broken by 'ProtocolError('Connection aborted.', ConnectionResetError(104, 'Connection reset by peer'))': /azureml/ExperimentRun/dcid.AutoML_5a2f05ae-6188-4e1a-af74-79e2b0f67ac6_85/outputs/model.pkl?sv=2019-02-02&sr=b&sig=AW2BQ0Kzdpktj%2Fii1pvwGLFXHxO89sMcrPbEvmMYmgg%3D&st=2020-09-04T03%3A24%3A26Z&se=2020-09-05T03%3A34%3A26Z&sp=rcw&comp=block&blockid=TURBd01EQXdNREF3TURBd01EQXdNREF3TURBd01EQXdNREF3TURBd01EQSUzRA%3D%3D&timeout=30
WARNING - Retrying (Retry(total=2, connect=None, read=None, redirect=None, status=None)) after connection broken by 'ProtocolError('Connection aborted.', ConnectionResetError(104, 'Connection reset by peer'))': /azureml/ExperimentRun/dcid.AutoML_5a2f05ae-6188-4e1a-af74-79e2b0f67ac6_85/outputs/scoring_file_v_1_0_0.py?sv=2019-02-02&sr=b&sig=pk9OBfu%2FLrUhyURCMhA2l3rKLWCGqM85HZvvieCU0xE%3D&st=2020-09-04T03%3A24%3A26Z&se=2020-09-05T03%3A34%3A26Z&sp=rcw&comp=block&blockid=TURBd01EQXdNREF3TURBd01EQXdNREF3TURBd01EQXdNREF3TURBd01EQSUzRA%3D%3D&timeout=30
WARNING - Retrying (Retry(total=2, connect=None, read=None, redirect=None, status=None)) after connection broken by 'ProtocolError('Connection aborted.', ConnectionResetError(104, 'Connection reset by peer'))': /azureml/ExperimentRun/dcid.AutoML_5a2f05ae-6188-4e1a-af74-79e2b0f67ac6_85/outputs/conda_env_v_1_0_0.yml?sv=2019-02-02&sr=b&sig=k0PCRZUxRlZs4lcfMi0NZ227lnllGCzdyUotxlLhFbU%3D&st=2020-09-04T03%3A24%3A26Z&se=2020-09-05T03%3A34%3A26Z&sp=rcw&comp=block&blockid=TURBd01EQXdNREF3TURBd01EQXdNREF3TURBd01EQXdNREF3TURBd01EQSUzRA%3D%3D&timeout=30
WARNING - Retrying (Retry(total=2, connect=None, read=None, redirect=None, status=None)) after connection broken by 'ProtocolError('Connection aborted.', ConnectionResetError(104, 'Connection reset by peer'))': /azureml/ExperimentRun/dcid.AutoML_5a2f05ae-6188-4e1a-af74-79e2b0f67ac6_85/outputs/env_dependencies.json?sv=2019-02-02&sr=b&sig=%2Fj8Rb%2FovDFxrCV0NtJzYo6Cn7bsr1u%2BBBUDQOwzCMCs%3D&st=2020-09-04T03%3A24%3A26Z&se=2020-09-05T03%3A34%3A26Z&sp=rcw&comp=block&blockid=TURBd01EQXdNREF3TURBd01EQXdNREF3TURBd01EQXdNREF3TURBd01EQSUzRA%3D%3D&timeout=30
RobustScaler DecisionTree                      0:03:08       0.0942    0.0806
        86   StandardScalerWrapper RandomForest             0:00:25       0.0907    0.0806
        87   StandardScalerWrapper ExtremeRandomTrees       0:00:25       0.0935    0.0806
        88   RobustScaler ExtremeRandomTrees                0:00:27       0.0927    0.0806
        89   StandardScalerWrapper ExtremeRandomTrees       0:00:24       0.0912    0.0806
        90   WARNING - Retrying (Retry(total=2, connect=None, read=None, redirect=None, status=None)) after connection broken by 'ProtocolError('Connection aborted.', ConnectionResetError(104, 'Connection reset by peer'))': /azureml/ExperimentRun/dcid.AutoML_5a2f05ae-6188-4e1a-af74-79e2b0f67ac6_90/outputs/pipeline_graph.json?sv=2019-02-02&sr=b&sig=HeiSYJ1UoCez2JS2XvpHguXwgCLuvkkZ02slCaKiRyE%3D&st=2020-09-04T03%3A29%3A19Z&se=2020-09-05T03%3A39%3A19Z&sp=rcw&comp=block&blockid=TURBd01EQXdNREF3TURBd01EQXdNREF3TURBd01EQXdNREF3TURBd01EQSUzRA%3D%3D&timeout=30
WARNING - Retrying (Retry(total=2, connect=None, read=None, redirect=None, status=None)) after connection broken by 'ProtocolError('Connection aborted.', ConnectionResetError(104, 'Connection reset by peer'))': /azureml/ExperimentRun/dcid.AutoML_5a2f05ae-6188-4e1a-af74-79e2b0f67ac6_90/outputs/env_dependencies.json?sv=2019-02-02&sr=b&sig=Zvl4AjG9HSNbzBMu%2Fp1eK%2BnvaN%2FRoZb16RxPZpcDu6o%3D&st=2020-09-04T03%3A29%3A19Z&se=2020-09-05T03%3A39%3A19Z&sp=rcw&comp=block&blockid=TURBd01EQXdNREF3TURBd01EQXdNREF3TURBd01EQXdNREF3TURBd01EQSUzRA%3D%3D&timeout=30
StandardScalerWrapper DecisionTree             0:03:08       0.0885    0.0806
        91   VotingEnsemble                                 0:01:26       0.0760    0.0760
Stopping criteria reached at iteration 92. Ending experiment.
****************************************************************************************************
Current status: BestRunExplainModel. Best run model explanations started
Current status: ModelExplanationDataSetSetup. Model explanations data setup completed
Current status: PickSurrogateModel. Choosing LightGBM as the surrogate model for explanations
Current status: EngineeredFeatureExplanations. Computation of engineered features started
Current status: EngineeredFeatureExplanations. Computation of engineered features completed
Current status: BestRunExplainModel. Best run model explanations completed
****************************************************************************************************
Best pipeline:
<class 'sklearn.ensemble._voting.VotingRegressor'>
0. Pipeline(memory=None,
         steps=[('standardscalerwrapper',
                 <azureml.automl.runtime.shared.model_wrappers.StandardScalerWrapper object at 0x7f9bd98ff290>),
                ('decisiontreeregressor',
                 DecisionTreeRegressor(ccp_alpha=0.0, criterion='friedman_mse',
                                       max_depth=None, max_features=0.6,
                                       max_leaf_nodes=None,
                                       min_impurity_decrease=0.0,
                                       min_impurity_split=None,
                                       min_samples_leaf=0.003851381725578514,
                                       min_samples_split=0.010734188827013528,
                                       min_weight_fraction_leaf=0.0,
                                       presort='deprecated', random_state=None,
                                       splitter='best'))],
         verbose=False)
1. Pipeline(memory=None,
         steps=[('maxabsscaler', MaxAbsScaler(copy=True)),
                ('decisiontreeregressor',
                 DecisionTreeRegressor(ccp_alpha=0.0, criterion='mse',
                                       max_depth=None, max_features=0.8,
                                       max_leaf_nodes=None,
                                       min_impurity_decrease=0.0,
                                       min_impurity_split=None,
                                       min_samples_leaf=0.01877954764413522,
                                       min_samples_split=0.0018261584682702607,
                                       min_weight_fraction_leaf=0.0,
                                       presort='deprecated', random_state=None,
                                       splitter='best'))],
         verbose=False)
2. Pipeline(memory=None,
         steps=[('robustscaler',
                 RobustScaler(copy=True, quantile_range=[25, 75],
                              with_centering=True, with_scaling=True)),
                ('randomforestregressor',
                 RandomForestRegressor(bootstrap=False, ccp_alpha=0.0,
                                       criterion='mse', max_depth=None,
                                       max_features=0.7, max_leaf_nodes=None,
                                       max_samples=None,
                                       min_impurity_decrease=0.0,
                                       min_impurity_split=None,
                                       min_samples_leaf=0.01091729022778783,
                                       min_samples_split=0.0012814223889440828,
                                       min_weight_fraction_leaf=0.0,
                                       n_estimators=25, n_jobs=-1,
                                       oob_score=False, random_state=None,
                                       verbose=0, warm_start=False))],
         verbose=False)
3. Pipeline(memory=None,
         steps=[('robustscaler',
                 RobustScaler(copy=True, quantile_range=[10, 90],
                              with_centering=False, with_scaling=False)),
                ('decisiontreeregressor',
                 DecisionTreeRegressor(ccp_alpha=0.0, criterion='mse',
                                       max_depth=None, max_features=None,
                                       max_leaf_nodes=None,
                                       min_impurity_decrease=0.0,
                                       min_impurity_split=None,
                                       min_samples_leaf=0.003851381725578514,
                                       min_samples_split=0.012814223889440833,
                                       min_weight_fraction_leaf=0.0,
                                       presort='deprecated', random_state=None,
                                       splitter='random'))],
         verbose=False)
4. Pipeline(memory=None,
         steps=[('standardscalerwrapper',
                 <azureml.automl.runtime.shared.model_wrappers.StandardScalerWrapper object at 0x7f9bf26ccc50>),
                ('decisiontreeregressor',
                 DecisionTreeRegressor(ccp_alpha=0.0, criterion='friedman_mse',
                                       max_depth=None, max_features=0.3,
                                       max_leaf_nodes=None,
                                       min_impurity_decrease=0.0,
                                       min_impurity_split=None,
                                       min_samples_leaf=0.029530863384643957,
                                       min_samples_split=0.002602463309528381,
                                       min_weight_fraction_leaf=0.0,
                                       presort='deprecated', random_state=None,
                                       splitter='best'))],
         verbose=False)
5. Pipeline(memory=None,
         steps=[('minmaxscaler', MinMaxScaler(copy=True, feature_range=(0, 1))),
                ('decisiontreeregressor',
                 DecisionTreeRegressor(ccp_alpha=0.0, criterion='friedman_mse',
                                       max_depth=None, max_features=None,
                                       max_leaf_nodes=None,
                                       min_impurity_decrease=0.0,
                                       min_impurity_split=None,
                                       min_samples_leaf=0.006781961770526707,
                                       min_samples_split=0.018261584682702607,
                                       min_weight_fraction_leaf=0.0,
                                       presort='deprecated', random_state=None,
                                       splitter='random'))],
         verbose=False)
6. Pipeline(memory=None,
         steps=[('minmaxscaler', MinMaxScaler(copy=True, feature_range=(0, 1))),
                ('decisiontreeregressor',
                 DecisionTreeRegressor(ccp_alpha=0.0, criterion='friedman_mse',
                                       max_depth=None, max_features=0.6,
                                       max_leaf_nodes=None,
                                       min_impurity_decrease=0.0,
                                       min_impurity_split=None,
                                       min_samples_leaf=0.008504540352732381,
                                       min_samples_split=0.0008991789964660114,
                                       min_weight_fraction_leaf=0.0,
                                       presort='deprecated', random_state=None,
                                       splitter='best'))],
         verbose=False)

