Prepending /projappl/project_2003107/anaconda3/envs/analytics-zoo/lib/python3.6/site-packages/bigdl/share/conf/spark-bigdl.conf to sys.path
Adding /projappl/project_2003107/anaconda3/envs/analytics-zoo/lib/python3.6/site-packages/zoo/share/lib/analytics-zoo-bigdl_0.10.0-spark_2.4.3-0.8.1-jar-with-dependencies.jar to BIGDL_JARS
Prepending /projappl/project_2003107/anaconda3/envs/analytics-zoo/lib/python3.6/site-packages/zoo/share/conf/spark-analytics-zoo.conf to sys.path
Current pyspark location is : /projappl/project_2003107/anaconda3/envs/analytics-zoo/lib/python3.6/site-packages/pyspark/__init__.py
Start to getOrCreate SparkContext
Picked up _JAVA_OPTIONS: -Djava.io.tmpdir=/run/nvme/job_3269866/tmp
Picked up _JAVA_OPTIONS: -Djava.io.tmpdir=/run/nvme/job_3269866/tmp
WARNING: An illegal reflective access operation has occurred
WARNING: Illegal reflective access by org.apache.spark.unsafe.Platform (file:/projappl/project_2003107/anaconda3/envs/analytics-zoo/lib/python3.6/site-packages/pyspark/jars/spark-unsafe_2.11-2.4.3.jar) to method java.nio.Bits.unaligned()
WARNING: Please consider reporting this to the maintainers of org.apache.spark.unsafe.Platform
WARNING: Use --illegal-access=warn to enable warnings of further illegal reflective access operations
WARNING: All illegal access operations will be denied in a future release
2020-09-04 01:21:13 WARN  NativeCodeLoader:62 - Unable to load native-hadoop library for your platform... using builtin-java classes where applicable
Setting default log level to "WARN".
To adjust logging level use sc.setLogLevel(newLevel). For SparkR, use setLogLevel(newLevel).

User settings:

   KMP_AFFINITY=granularity=fine,compact,1,0
   KMP_BLOCKTIME=0
   KMP_DUPLICATE_LIB_OK=True
   KMP_INIT_AT_FORK=FALSE
   KMP_SETTINGS=1
   OMP_NUM_THREADS=1

Effective settings:

   KMP_ABORT_DELAY=0
   KMP_ADAPTIVE_LOCK_PROPS='1,1024'
   KMP_ALIGN_ALLOC=64
   KMP_ALL_THREADPRIVATE=160
   KMP_ATOMIC_MODE=2
   KMP_BLOCKTIME=0
   KMP_CPUINFO_FILE: value is not defined
   KMP_DETERMINISTIC_REDUCTION=false
   KMP_DEVICE_THREAD_LIMIT=2147483647
   KMP_DISP_HAND_THREAD=false
   KMP_DISP_NUM_BUFFERS=7
   KMP_DUPLICATE_LIB_OK=true
   KMP_FORCE_REDUCTION: value is not defined
   KMP_FOREIGN_THREADS_THREADPRIVATE=true
   KMP_FORKJOIN_BARRIER='2,2'
   KMP_FORKJOIN_BARRIER_PATTERN='hyper,hyper'
   KMP_FORKJOIN_FRAMES=true
   KMP_FORKJOIN_FRAMES_MODE=3
   KMP_GTID_MODE=3
   KMP_HANDLE_SIGNALS=false
   KMP_HOT_TEAMS_MAX_LEVEL=1
   KMP_HOT_TEAMS_MODE=0
   KMP_INIT_AT_FORK=true
   KMP_INIT_WAIT=2048
   KMP_ITT_PREPARE_DELAY=0
   KMP_LIBRARY=throughput
   KMP_LOCK_KIND=queuing
   KMP_MALLOC_POOL_INCR=1M
   KMP_NEXT_WAIT=1024
   KMP_NUM_LOCKS_IN_BLOCK=1
   KMP_PLAIN_BARRIER='2,2'
   KMP_PLAIN_BARRIER_PATTERN='hyper,hyper'
   KMP_REDUCTION_BARRIER='1,1'
   KMP_REDUCTION_BARRIER_PATTERN='hyper,hyper'
   KMP_SCHEDULE='static,balanced;guided,iterative'
   KMP_SETTINGS=true
   KMP_SPIN_BACKOFF_PARAMS='4096,100'
   KMP_STACKOFFSET=64
   KMP_STACKPAD=0
   KMP_STACKSIZE=4M
   KMP_STORAGE_MAP=false
   KMP_TASKING=2
   KMP_TASKLOOP_MIN_TASKS=0
   KMP_TASK_STEALING_CONSTRAINT=1
   KMP_TEAMS_THREAD_LIMIT=40
   KMP_TOPOLOGY_METHOD=all
   KMP_USER_LEVEL_MWAIT=false
   KMP_VERSION=false
   KMP_WARNINGS=true
   OMP_AFFINITY_FORMAT='OMP: pid %P tid %T thread %n bound to OS proc set {%a}'
   OMP_ALLOCATOR=omp_default_mem_alloc
   OMP_CANCELLATION=false
   OMP_DEFAULT_DEVICE=0
   OMP_DISPLAY_AFFINITY=false
   OMP_DISPLAY_ENV=false
   OMP_DYNAMIC=false
   OMP_MAX_ACTIVE_LEVELS=2147483647
   OMP_MAX_TASK_PRIORITY=0
   OMP_NESTED=false
   OMP_NUM_THREADS='1'
   OMP_PLACES: value is not defined
   OMP_PROC_BIND='intel'
   OMP_SCHEDULE='static'
   OMP_STACKSIZE=4M
   OMP_TARGET_OFFLOAD=DEFAULT
   OMP_THREAD_LIMIT=2147483647
   OMP_TOOL=enabled
   OMP_TOOL_LIBRARIES: value is not defined
   OMP_WAIT_POLICY=PASSIVE
   KMP_AFFINITY='noverbose,warnings,respect,granularity=fine,compact,1,0'

cls.getname: com.intel.analytics.bigdl.python.api.Sample
BigDLBasePickler registering: bigdl.util.common  Sample
cls.getname: com.intel.analytics.bigdl.python.api.EvaluatedResult
BigDLBasePickler registering: bigdl.util.common  EvaluatedResult
cls.getname: com.intel.analytics.bigdl.python.api.JTensor
BigDLBasePickler registering: bigdl.util.common  JTensor
cls.getname: com.intel.analytics.bigdl.python.api.JActivity
BigDLBasePickler registering: bigdl.util.common  JActivity
Successfully got a SparkContext
2020-09-04 01:21:26,765	WARNING worker.py:1337 -- WARNING: Not updating worker name since `setproctitle` is not installed. Install this with `pip install setproctitle` (or ray[debug]) to enable monitoring of worker processes.
2020-09-04 01:21:26,765	INFO node.py:498 -- Process STDOUT and STDERR is being redirected to /tmp/ray/session_2020-09-04_01-21-26_765301_242869/logs.
2020-09-04 01:21:26,877	INFO services.py:409 -- Waiting for redis server at 127.0.0.1:53444 to respond...
2020-09-04 01:21:26,990	INFO services.py:409 -- Waiting for redis server at 127.0.0.1:49542 to respond...
2020-09-04 01:21:26,991	INFO services.py:806 -- Starting Redis shard with 10.0 GB max memory.
2020-09-04 01:21:27,010	INFO node.py:512 -- Process STDOUT and STDERR is being redirected to /tmp/ray/session_2020-09-04_01-21-26_765301_242869/logs.
2020-09-04 01:21:27,011	WARNING services.py:1298 -- Warning: Capping object memory store to 20.0GB. To increase this further, specify `object_store_memory` when calling ray.init() or ray start.
2020-09-04 01:21:27,011	INFO services.py:1446 -- Starting the Plasma object store with 20.0 GB memory using /dev/shm.
WARNING: Logging before InitGoogleLogging() is written to STDERR
E0904 01:21:27.984556 242869 raylet_client.cc:113] Retrying to connect to socket for pathname /tmp/ray/session_2020-09-04_01-21-26_765301_242869/sockets/raylet (num_attempts = 1, num_retries = 5)
E0904 01:21:28.484706 242869 raylet_client.cc:113] Retrying to connect to socket for pathname /tmp/ray/session_2020-09-04_01-21-26_765301_242869/sockets/raylet (num_attempts = 2, num_retries = 5)
E0904 01:21:28.984810 242869 raylet_client.cc:113] Retrying to connect to socket for pathname /tmp/ray/session_2020-09-04_01-21-26_765301_242869/sockets/raylet (num_attempts = 3, num_retries = 5)
E0904 01:21:29.484913 242869 raylet_client.cc:113] Retrying to connect to socket for pathname /tmp/ray/session_2020-09-04_01-21-26_765301_242869/sockets/raylet (num_attempts = 4, num_retries = 5)
F0904 01:21:29.984992 242869 raylet_client.cc:122] Could not connect to socket /tmp/ray/session_2020-09-04_01-21-26_765301_242869/sockets/raylet
*** Check failure stack trace: ***
Fatal Python error: Aborted

Stack (most recent call first):
  File "/projappl/project_2003107/anaconda3/envs/analytics-zoo/lib/python3.6/site-packages/ray/worker.py", line 1895 in connect
  File "/projappl/project_2003107/anaconda3/envs/analytics-zoo/lib/python3.6/site-packages/ray/worker.py", line 1449 in init
  File "/projappl/project_2003107/anaconda3/envs/analytics-zoo/lib/python3.6/site-packages/zoo/ray/raycontext.py", line 302 in init
  File "analytics-zoo.py", line 25 in main
  File "analytics-zoo.py", line 48 in <module>
