Running on local machine
Parent Run ID: AutoML_7cad3834-0fad-40c8-abd7-b9fad745245d

Current status: DatasetFeaturization. Beginning to featurize the dataset.
Current status: DatasetFeaturizationCompleted. Completed featurizing the dataset.
Heuristic parameters: Target_Lag = '[0]', Target_Rolling_Window = '0', Max_Horizon = '2'.
WARNING - Converting non-string tag to string: (forecasting_target_lags: [0])
WARNING - Converting non-string tag to string: (forecasting_target_rolling_window_size: 0)
WARNING - Converting non-string tag to string: (forecasting_max_horizon: 2)
Current status: DatasetCrossValidationSplit. Generating individually featurized CV splits.
Current status: DatasetFeaturization. Beginning to featurize the CV split.
Current status: DatasetFeaturizationCompleted. Completed featurizing the CV split.
Current status: DatasetFeaturization. Beginning to featurize the CV split.
Current status: DatasetFeaturizationCompleted. Completed featurizing the CV split.
Current status: DatasetFeaturization. Beginning to featurize the CV split.
Current status: DatasetFeaturizationCompleted. Completed featurizing the CV split.
Current status: DatasetFeaturization. Beginning to featurize the CV split.
Current status: DatasetFeaturizationCompleted. Completed featurizing the CV split.
Current status: DatasetFeaturization. Beginning to featurize the CV split.
Current status: DatasetFeaturizationCompleted. Completed featurizing the CV split.

****************************************************************************************************
DATA GUARDRAILS: 

TYPE:         Frequency detection
STATUS:       PASSED
DESCRIPTION:  The time series was analyzed, all data points are aligned with detected frequency.
              

****************************************************************************************************

TYPE:         Missing feature values imputation
STATUS:       PASSED
DESCRIPTION:  No feature missing values were detected in the training data.
              Learn more about missing value imputation: https://aka.ms/AutomatedMLFeaturization

****************************************************************************************************

TYPE:         Memory Issues Detection
STATUS:       PASSED
DESCRIPTION:  The selected horizon, lag and rolling window values were analyzed, and no potential memory issues were detected.
              Learn more about time-series forecasting configurations: https://aka.ms/AutomatedMLForecastingConfiguration

****************************************************************************************************
Current status: ModelSelection. Beginning model selection.

****************************************************************************************************
ITERATION: The iteration being evaluated.
PIPELINE: A summary description of the pipeline being evaluated.
DURATION: Time taken for the current iteration.
METRIC: The result of computing score on the fitted pipeline.
BEST: The best observed score thus far.
****************************************************************************************************

 ITERATION   PIPELINE                                       DURATION      METRIC      BEST
         0   MaxAbsScaler DecisionTree                      0:00:21       0.0197    0.0197
         1   MinMaxScaler DecisionTree                      0:00:21       0.0236    0.0197
         2   StandardScalerWrapper LassoLars                0:00:21       0.0274    0.0197
         3   RobustScaler ElasticNet                        0:00:21       0.0231    0.0197
         4   StandardScalerWrapper LassoLars                0:00:21       0.0274    0.0197
         5   RobustScaler ElasticNet                        0:00:21       0.0232    0.0197
         6   RobustScaler DecisionTree                      0:00:21       0.0278    0.0197
         7   MinMaxScaler DecisionTree                      0:00:21       0.0156    0.0156
         8   RobustScaler DecisionTree                      0:00:21       0.0110    0.0110
         9   MinMaxScaler DecisionTree                      0:00:21       0.0201    0.0110
        10   StandardScalerWrapper DecisionTree             0:00:22       0.0214    0.0110
        11   StandardScalerWrapper DecisionTree             0:00:22       0.0270    0.0110
        12   RobustScaler DecisionTree                      0:00:21       0.0176    0.0110
        13   RobustScaler ElasticNet                        0:00:21       0.0363    0.0110
        14   StandardScalerWrapper DecisionTree             0:00:22       0.0361    0.0110
        15   MinMaxScaler DecisionTree                      0:00:21       0.0268    0.0110
        16   WARNING - Retrying (Retry(total=2, connect=None, read=None, redirect=None, status=None)) after connection broken by 'ProtocolError('Connection aborted.', ConnectionResetError(104, 'Connection reset by peer'))': /azureml/ExperimentRun/dcid.AutoML_7cad3834-0fad-40c8-abd7-b9fad745245d_16/outputs/model.pkl?sv=2019-02-02&sr=b&sig=9IuTz07Zqr7T%2BL%2F5b6TlgF8vYiHWKFCS6ysXJkh%2BsIU%3D&st=2020-09-18T08%3A38%3A43Z&se=2020-09-19T08%3A48%3A43Z&sp=rcw&comp=block&blockid=TURBd01EQXdNREF3TURBd01EQXdNREF3TURBd01EQXdNREF3TURBd01EQSUzRA%3D%3D&timeout=30
WARNING - Retrying (Retry(total=2, connect=None, read=None, redirect=None, status=None)) after connection broken by 'ProtocolError('Connection aborted.', ConnectionResetError(104, 'Connection reset by peer'))': /azureml/ExperimentRun/dcid.AutoML_7cad3834-0fad-40c8-abd7-b9fad745245d_16/outputs/conda_env_v_1_0_0.yml?sv=2019-02-02&sr=b&sig=xU2zgq8cgkpls30IjrV8BvkuN5YeFWIITCjQTEFPbpo%3D&st=2020-09-18T08%3A38%3A43Z&se=2020-09-19T08%3A48%3A43Z&sp=rcw&comp=block&blockid=TURBd01EQXdNREF3TURBd01EQXdNREF3TURBd01EQXdNREF3TURBd01EQSUzRA%3D%3D&timeout=30
WARNING - Retrying (Retry(total=2, connect=None, read=None, redirect=None, status=None)) after connection broken by 'ProtocolError('Connection aborted.', ConnectionResetError(104, 'Connection reset by peer'))': /azureml/ExperimentRun/dcid.AutoML_7cad3834-0fad-40c8-abd7-b9fad745245d_16/outputs/pipeline_graph.json?sv=2019-02-02&sr=b&sig=CF0PO8YEA4OqhaWIM83QX8Ld49ovFzDutTxRa3LcEcc%3D&st=2020-09-18T08%3A38%3A43Z&se=2020-09-19T08%3A48%3A43Z&sp=rcw&comp=block&blockid=TURBd01EQXdNREF3TURBd01EQXdNREF3TURBd01EQXdNREF3TURBd01EQSUzRA%3D%3D&timeout=30
MinMaxScaler DecisionTree                      0:03:06       0.0170    0.0110
        17   RobustScaler DecisionTree                      0:00:21       0.0256    0.0110
        18   RobustScaler DecisionTree                      0:00:21       0.0186    0.0110
        19   StandardScalerWrapper DecisionTree             0:00:21       0.0201    0.0110
        20   StandardScalerWrapper DecisionTree             0:00:22       0.0187    0.0110
        21   StandardScalerWrapper DecisionTree             0:00:16       0.0353    0.0110
        22   StandardScalerWrapper ExtremeRandomTrees       0:00:23       0.0350    0.0110
        23   MinMaxScaler DecisionTree                      0:00:23       0.0116    0.0110
        24   MinMaxScaler LightGBM                          0:00:22       0.0200    0.0110
        25   RobustScaler DecisionTree                      0:00:22       0.0278    0.0110
        26   StandardScalerWrapper RandomForest             0:00:23       0.0315    0.0110
        27   WARNING - Retrying (Retry(total=2, connect=None, read=None, redirect=None, status=None)) after connection broken by 'ProtocolError('Connection aborted.', ConnectionResetError(104, 'Connection reset by peer'))': /azureml/ExperimentRun/dcid.AutoML_7cad3834-0fad-40c8-abd7-b9fad745245d_27/outputs/scoring_file_v_1_0_0.py?sv=2019-02-02&sr=b&sig=QdbTzuoEErz6lN37J6lGVglAplORo2masCDPBvRVzZ4%3D&st=2020-09-18T08%3A45%3A30Z&se=2020-09-19T08%3A55%3A30Z&sp=rcw&comp=block&blockid=TURBd01EQXdNREF3TURBd01EQXdNREF3TURBd01EQXdNREF3TURBd01EQSUzRA%3D%3D&timeout=30
StandardScalerWrapper ExtremeRandomTrees       0:03:05       0.0333    0.0110
        28   StandardScalerWrapper DecisionTree             0:00:22       0.0139    0.0110
        29   MinMaxScaler DecisionTree                      0:00:22       0.0201    0.0110
        30   RobustScaler DecisionTree                      0:00:21       0.0323    0.0110
        31   RobustScaler ExtremeRandomTrees                0:00:23       0.0290    0.0110
        32   MinMaxScaler DecisionTree                      0:00:21       0.0277    0.0110
        33   StandardScalerWrapper DecisionTree             0:00:21       0.0082    0.0082
        34   RobustScaler RandomForest                      0:00:24       0.0069    0.0069
        35   RobustScaler RandomForest                      0:00:19       0.0091    0.0069
        36   StandardScalerWrapper ExtremeRandomTrees       0:00:23       0.0276    0.0069
        37   StandardScalerWrapper DecisionTree             0:00:22       0.0272    0.0069
        38   StandardScalerWrapper RandomForest             0:00:23       0.0236    0.0069
        39   StandardScalerWrapper ExtremeRandomTrees       0:00:24       0.0230    0.0069
        40   StandardScalerWrapper RandomForest             0:00:24       0.0163    0.0069
        41   RobustScaler RandomForest                      0:00:23       0.0085    0.0069
        42   MinMaxScaler ExtremeRandomTrees                0:00:26       0.0270    0.0069
        43   MinMaxScaler RandomForest                      0:00:24       0.0157    0.0069
        44   RobustScaler RandomForest                      0:00:24       0.0093    0.0069
        45   StandardScalerWrapper RandomForest             0:00:28       0.0468    0.0069
        46   WARNING - Retrying (Retry(total=2, connect=None, read=None, redirect=None, status=None)) after connection broken by 'ProtocolError('Connection aborted.', ConnectionResetError(104, 'Connection reset by peer'))': /azureml/ExperimentRun/dcid.AutoML_7cad3834-0fad-40c8-abd7-b9fad745245d_46/outputs/pipeline_graph.json?sv=2019-02-02&sr=b&sig=hQbJUEjIBuLjPFzYBiYQKsKA%2F%2BsRez4UDMbQD2x6OXs%3D&st=2020-09-18T08%3A55%3A39Z&se=2020-09-19T09%3A05%3A39Z&sp=rcw&comp=block&blockid=TURBd01EQXdNREF3TURBd01EQXdNREF3TURBd01EQXdNREF3TURBd01EQSUzRA%3D%3D&timeout=30
WARNING - Retrying (Retry(total=2, connect=None, read=None, redirect=None, status=None)) after connection broken by 'ProtocolError('Connection aborted.', ConnectionResetError(104, 'Connection reset by peer'))': /azureml/ExperimentRun/dcid.AutoML_7cad3834-0fad-40c8-abd7-b9fad745245d_46/outputs/scoring_file_v_1_0_0.py?sv=2019-02-02&sr=b&sig=k7vCZJxVpHVAC9w7XnDLCpeyipGna%2BBRULAXJejyOyY%3D&st=2020-09-18T08%3A55%3A39Z&se=2020-09-19T09%3A05%3A39Z&sp=rcw&comp=block&blockid=TURBd01EQXdNREF3TURBd01EQXdNREF3TURBd01EQXdNREF3TURBd01EQSUzRA%3D%3D&timeout=30
RobustScaler ExtremeRandomTrees                0:03:03       0.0179    0.0069
        47   StandardScalerWrapper ExtremeRandomTrees       0:00:20       0.0301    0.0069
        48   MinMaxScaler ExtremeRandomTrees                0:00:28       0.0382    0.0069
        49   RobustScaler RandomForest                      0:00:24       0.0236    0.0069
        50   RobustScaler RandomForest                      0:00:24       0.0082    0.0069
        51   StandardScalerWrapper ExtremeRandomTrees       0:00:19       0.0336    0.0069
        52   StandardScalerWrapper RandomForest             0:00:24       0.0109    0.0069
        53   MinMaxScaler DecisionTree                      0:00:22       0.0249    0.0069
        54   RobustScaler ExtremeRandomTrees                0:00:29       0.0286    0.0069
        55   MinMaxScaler RandomForest                      0:00:24       0.0362    0.0069
        56   MinMaxScaler ExtremeRandomTrees                0:00:20       0.0145    0.0069
        57   RobustScaler DecisionTree                      0:00:22       0.0121    0.0069
        58   MinMaxScaler ExtremeRandomTrees                0:00:18       0.0109    0.0069
        59   StandardScalerWrapper DecisionTree             0:00:21       0.0111    0.0069
        60   StandardScalerWrapper RandomForest             0:00:24       0.0318    0.0069
        61   RobustScaler ExtremeRandomTrees                0:00:33       0.0303    0.0069
        62   MinMaxScaler ExtremeRandomTrees                0:00:24       0.0186    0.0069
        63   StandardScalerWrapper RandomForest             0:00:23       0.0318    0.0069
        64   WARNING - Retrying (Retry(total=2, connect=None, read=None, redirect=None, status=None)) after connection broken by 'ProtocolError('Connection aborted.', ConnectionResetError(104, 'Connection reset by peer'))': /azureml/ExperimentRun/dcid.AutoML_7cad3834-0fad-40c8-abd7-b9fad745245d_64/outputs/scoring_file_v_1_0_0.py?sv=2019-02-02&sr=b&sig=jow1VjmoryEzjhTOAKfuTv4ygNs7b3MUJZTstBtjXeA%3D&st=2020-09-18T09%3A05%3A35Z&se=2020-09-19T09%3A15%3A35Z&sp=rcw&comp=block&blockid=TURBd01EQXdNREF3TURBd01EQXdNREF3TURBd01EQXdNREF3TURBd01EQSUzRA%3D%3D&timeout=30
RobustScaler ExtremeRandomTrees                0:03:09       0.0302    0.0069
        65   StandardScalerWrapper RandomForest             0:00:25       0.0066    0.0066
        66   MinMaxScaler RandomForest                      0:00:25       0.0123    0.0066
        67   RobustScaler ExtremeRandomTrees                0:00:30       0.0252    0.0066
        68   StandardScalerWrapper ExtremeRandomTrees       0:00:25       0.0199    0.0066
        69   RobustScaler ExtremeRandomTrees                0:00:24       0.0192    0.0066
        70   StandardScalerWrapper RandomForest             0:00:26       0.0156    0.0066
        71   MinMaxScaler ExtremeRandomTrees                0:00:25       0.0373    0.0066
        72   RobustScaler RandomForest                      0:00:24       0.0117    0.0066
        73   MinMaxScaler RandomForest                      0:00:23       0.0161    0.0066
        74   MinMaxScaler RandomForest                      0:00:23       0.0156    0.0066
        75   StandardScalerWrapper RandomForest             0:00:26       0.0363    0.0066
        76   RobustScaler ExtremeRandomTrees                0:00:22       0.0175    0.0066
        77   RobustScaler ExtremeRandomTrees                0:00:25       0.0373    0.0066
        78   MinMaxScaler RandomForest                      0:00:25       0.0325    0.0066
        79   RobustScaler DecisionTree                      0:00:23       0.0179    0.0066
        80   RobustScaler RandomForest                      0:00:23       0.0381    0.0066
        81   RobustScaler RandomForest                      0:00:30       0.0217    0.0066
        82   WARNING - Retrying (Retry(total=2, connect=None, read=None, redirect=None, status=None)) after connection broken by 'ProtocolError('Connection aborted.', ConnectionResetError(104, 'Connection reset by peer'))': /azureml/ExperimentRun/dcid.AutoML_7cad3834-0fad-40c8-abd7-b9fad745245d_82/outputs/pipeline_graph.json?sv=2019-02-02&sr=b&sig=0kRSd30xF5Zs1AdePqqmQzyBC%2F89qAckK%2BOVu5xUkQs%3D&st=2020-09-18T09%3A15%3A52Z&se=2020-09-19T09%3A25%3A52Z&sp=rcw&comp=block&blockid=TURBd01EQXdNREF3TURBd01EQXdNREF3TURBd01EQXdNREF3TURBd01EQSUzRA%3D%3D&timeout=30
MinMaxScaler ExtremeRandomTrees                0:03:05       0.0170    0.0066
        83   RobustScaler ExtremeRandomTrees                0:00:22       0.0212    0.0066
        84   StandardScalerWrapper ExtremeRandomTrees       0:00:23       0.0112    0.0066
        85   RobustScaler RandomForest                      0:00:26       0.0136    0.0066
        86   RobustScaler RandomForest                      0:00:25       0.0207    0.0066
        87   MinMaxScaler ExtremeRandomTrees                0:00:30       0.0130    0.0066
        88   RobustScaler ExtremeRandomTrees                0:00:21       0.0185    0.0066
        89   MinMaxScaler RandomForest                      0:00:29       0.0255    0.0066
        90   RobustScaler RandomForest                      0:00:29       0.0503    0.0066
        91   RobustScaler ExtremeRandomTrees                0:00:27       0.0352    0.0066
        92   StandardScalerWrapper ExtremeRandomTrees       0:00:36       0.0166    0.0066
        93   StandardScalerWrapper ExtremeRandomTrees       0:00:29       0.0296    0.0066
        94   StandardScalerWrapper RandomForest             0:00:24       0.0238    0.0066
        95   RobustScaler RandomForest                      0:00:22       0.0358    0.0066
        96   RobustScaler ExtremeRandomTrees                0:00:28       0.0308    0.0066
        97   StandardScalerWrapper ExtremeRandomTrees       0:00:27       0.0155    0.0066
        98   MinMaxScaler RandomForest                      0:00:23       0.0144    0.0066
        99   StandardScalerWrapper ExtremeRandomTrees       0:00:29       0.0167    0.0066
       100   StandardScalerWrapper RandomForest             0:00:24       0.0304    0.0066
       101   MinMaxScaler RandomForest                      0:00:26       0.0176    0.0066
       102   RobustScaler ExtremeRandomTrees                0:00:29       0.0096    0.0066
       103   StandardScalerWrapper ExtremeRandomTrees       0:00:26       0.0288    0.0066
       104   RobustScaler RandomForest                      0:00:28       0.0124    0.0066
       105   StandardScalerWrapper RandomForest             0:00:30       0.0086    0.0066
       106   RobustScaler ExtremeRandomTrees                0:00:24       0.0103    0.0066
       107   RobustScaler ExtremeRandomTrees                0:00:27       0.0257    0.0066
       108   StandardScalerWrapper DecisionTree             0:00:23       0.0151    0.0066
       109   MinMaxScaler ExtremeRandomTrees                0:00:23       0.0271    0.0066
       110   StandardScalerWrapper RandomForest             0:00:27       0.0185    0.0066
       111   StandardScalerWrapper ExtremeRandomTrees       0:00:26       0.0282    0.0066
       112   StandardScalerWrapper ExtremeRandomTrees       0:00:25       0.0289    0.0066
       113   MinMaxScaler ExtremeRandomTrees                0:00:25       0.0265    0.0066
       114   RobustScaler ExtremeRandomTrees                0:00:27       0.0225    0.0066
       115   VotingEnsemble                                 0:02:58       0.0022    0.0022
Stopping criteria reached at iteration 116. Ending experiment.
****************************************************************************************************
Current status: BestRunExplainModel. Best run model explanations started
Current status: ModelExplanationDataSetSetup. Model explanations data setup completed
Current status: PickSurrogateModel. Choosing LightGBM as the surrogate model for explanations
Current status: EngineeredFeatureExplanations. Computation of engineered features started
Current status: EngineeredFeatureExplanations. Computation of engineered features completed
Current status: BestRunExplainModel. Best run model explanations completed
****************************************************************************************************
Best pipeline:
<class 'sklearn.ensemble._voting.VotingRegressor'>
0. Pipeline(memory=None,
         steps=[('standardscalerwrapper',
                 <azureml.automl.runtime.shared.model_wrappers.StandardScalerWrapper object at 0x7f11924490d0>),
                ('randomforestregressor',
                 RandomForestRegressor(bootstrap=True, ccp_alpha=0.0,
                                       criterion='mse', max_depth=None,
                                       max_features=0.8, max_leaf_nodes=None,
                                       max_samples=None,
                                       min_impurity_decrease=0.0,
                                       min_impurity_split=None,
                                       min_samples_leaf=0.009017208223328022,
                                       min_samples_split=0.0021800253234900498,
                                       min_weight_fraction_leaf=0.0,
                                       n_estimators=25, n_jobs=-1,
                                       oob_score=False, random_state=None,
                                       verbose=0, warm_start=False))],
         verbose=False)
1. Pipeline(memory=None,
         steps=[('robustscaler',
                 RobustScaler(copy=True, quantile_range=[10, 90],
                              with_centering=True, with_scaling=False)),
                ('randomforestregressor',
                 RandomForestRegressor(bootstrap=False, ccp_alpha=0.0,
                                       criterion='mse', max_depth=None,
                                       max_features=0.8, max_leaf_nodes=None,
                                       max_samples=None,
                                       min_impurity_decrease=0.0,
                                       min_impurity_split=None,
                                       min_samples_leaf=0.01091729022778783,
                                       min_samples_split=0.0021800253234900498,
                                       min_weight_fraction_leaf=0.0,
                                       n_estimators=10, n_jobs=-1,
                                       oob_score=False, random_state=None,
                                       verbose=0, warm_start=False))],
         verbose=False)
2. Pipeline(memory=None,
         steps=[('robustscaler',
                 RobustScaler(copy=True, quantile_range=[10, 90],
                              with_centering=True, with_scaling=False)),
                ('randomforestregressor',
                 RandomForestRegressor(bootstrap=True, ccp_alpha=0.0,
                                       criterion='mse', max_depth=None,
                                       max_features=0.9, max_leaf_nodes=None,
                                       max_samples=None,
                                       min_impurity_decrease=0.0,
                                       min_impurity_split=None,
                                       min_samples_leaf=0.01321775243133542,
                                       min_samples_split=0.010734188827013528,
                                       min_weight_fraction_leaf=0.0,
                                       n_estimators=50, n_jobs=-1,
                                       oob_score=False, random_state=None,
                                       verbose=0, warm_start=False))],
         verbose=False)
3. Pipeline(memory=None,
         steps=[('standardscalerwrapper',
                 <azureml.automl.runtime.shared.model_wrappers.StandardScalerWrapper object at 0x7f1191ba3590>),
                ('decisiontreeregressor',
                 DecisionTreeRegressor(ccp_alpha=0.0, criterion='friedman_mse',
                                       max_depth=None, max_features=None,
                                       max_leaf_nodes=None,
                                       min_impurity_decrease=0.0,
                                       min_impurity_split=None,
                                       min_samples_leaf=0.02102969050988057,
                                       min_samples_split=0.010734188827013528,
                                       min_weight_fraction_leaf=0.0,
                                       presort='deprecated', random_state=None,
                                       splitter='best'))],
         verbose=False)
4. Pipeline(memory=None,
         steps=[('standardscalerwrapper',
                 <azureml.automl.runtime.shared.model_wrappers.StandardScalerWrapper object at 0x7f1191ba3810>),
                ('extratreesregressor',
                 ExtraTreesRegressor(bootstrap=True, ccp_alpha=0.0,
                                     criterion='mse', max_depth=None,
                                     max_features=0.7, max_leaf_nodes=None,
                                     max_samples=None,
                                     min_impurity_decrease=0.0,
                                     min_impurity_split=None,
                                     min_samples_leaf=0.003466237459044996,
                                     min_samples_split=0.0012814223889440828,
                                     min_weight_fraction_leaf=0.0,
                                     n_estimators=200, n_jobs=-1,
                                     oob_score=False, random_state=None,
                                     verbose=0, warm_start=False))],
         verbose=False)

