Running on local machine
Parent Run ID: AutoML_8ea580ff-c22e-4f3f-a172-bdc68798ae68

Current status: DatasetFeaturization. Beginning to featurize the dataset.
Current status: DatasetFeaturizationCompleted. Completed featurizing the dataset.
Heuristic parameters: Target_Lag = '[0]', Target_Rolling_Window = '0', Max_Horizon = '2'.
WARNING - Converting non-string tag to string: (forecasting_target_lags: [0])
WARNING - Converting non-string tag to string: (forecasting_target_rolling_window_size: 0)
WARNING - Converting non-string tag to string: (forecasting_max_horizon: 2)
Current status: DatasetCrossValidationSplit. Generating individually featurized CV splits.
Current status: DatasetFeaturization. Beginning to featurize the CV split.
Current status: DatasetFeaturizationCompleted. Completed featurizing the CV split.
Current status: DatasetFeaturization. Beginning to featurize the CV split.
Current status: DatasetFeaturizationCompleted. Completed featurizing the CV split.
Current status: DatasetFeaturization. Beginning to featurize the CV split.
Current status: DatasetFeaturizationCompleted. Completed featurizing the CV split.
Current status: DatasetFeaturization. Beginning to featurize the CV split.
Current status: DatasetFeaturizationCompleted. Completed featurizing the CV split.
Current status: DatasetFeaturization. Beginning to featurize the CV split.
Current status: DatasetFeaturizationCompleted. Completed featurizing the CV split.

****************************************************************************************************
DATA GUARDRAILS: 

TYPE:         Frequency detection
STATUS:       PASSED
DESCRIPTION:  The time series was analyzed, all data points are aligned with detected frequency.
              

****************************************************************************************************

TYPE:         Missing feature values imputation
STATUS:       PASSED
DESCRIPTION:  No feature missing values were detected in the training data.
              Learn more about missing value imputation: https://aka.ms/AutomatedMLFeaturization

****************************************************************************************************

TYPE:         Memory Issues Detection
STATUS:       PASSED
DESCRIPTION:  The selected horizon, lag and rolling window values were analyzed, and no potential memory issues were detected.
              Learn more about time-series forecasting configurations: https://aka.ms/AutomatedMLForecastingConfiguration

****************************************************************************************************
Current status: ModelSelection. Beginning model selection.

****************************************************************************************************
ITERATION: The iteration being evaluated.
PIPELINE: A summary description of the pipeline being evaluated.
DURATION: Time taken for the current iteration.
METRIC: The result of computing score on the fitted pipeline.
BEST: The best observed score thus far.
****************************************************************************************************

 ITERATION   PIPELINE                                       DURATION      METRIC      BEST
         0   MaxAbsScaler DecisionTree                      0:00:29       0.0924    0.0924
         1   MinMaxScaler DecisionTree                      0:00:26       0.0915    0.0915
         2   StandardScalerWrapper LassoLars                0:00:24       0.0940    0.0915
         3   RobustScaler ElasticNet                        0:00:22       0.0943    0.0915
         4   StandardScalerWrapper LassoLars                0:00:22       0.0940    0.0915
         5   RobustScaler ElasticNet                        0:00:24       0.0942    0.0915
         6   RobustScaler DecisionTree                      0:00:35       0.0882    0.0882
         7   WARNING - Retrying (Retry(total=2, connect=None, read=None, redirect=None, status=None)) after connection broken by 'ProtocolError('Connection aborted.', ConnectionResetError(104, 'Connection reset by peer'))': /azureml/ExperimentRun/dcid.AutoML_8ea580ff-c22e-4f3f-a172-bdc68798ae68_7/outputs/pipeline_graph.json?sv=2019-02-02&sr=b&sig=KGpDebwDwXIoD%2BcblNBV5mhHstmuMZCJBvfH3KKfqLU%3D&st=2020-09-03T19%3A45%3A32Z&se=2020-09-04T19%3A55%3A32Z&sp=rcw&comp=block&blockid=TURBd01EQXdNREF3TURBd01EQXdNREF3TURBd01EQXdNREF3TURBd01EQSUzRA%3D%3D&timeout=30
WARNING - Retrying (Retry(total=2, connect=None, read=None, redirect=None, status=None)) after connection broken by 'ProtocolError('Connection aborted.', ConnectionResetError(104, 'Connection reset by peer'))': /azureml/ExperimentRun/dcid.AutoML_8ea580ff-c22e-4f3f-a172-bdc68798ae68_7/outputs/conda_env_v_1_0_0.yml?sv=2019-02-02&sr=b&sig=GkvCtYVx9G4MyNLZq4UbzUjPVoPcbtrYmeICfb%2FBxvs%3D&st=2020-09-03T19%3A45%3A32Z&se=2020-09-04T19%3A55%3A32Z&sp=rcw&comp=block&blockid=TURBd01EQXdNREF3TURBd01EQXdNREF3TURBd01EQXdNREF3TURBd01EQSUzRA%3D%3D&timeout=30
WARNING - Retrying (Retry(total=2, connect=None, read=None, redirect=None, status=None)) after connection broken by 'ProtocolError('Connection aborted.', ConnectionResetError(104, 'Connection reset by peer'))': /azureml/ExperimentRun/dcid.AutoML_8ea580ff-c22e-4f3f-a172-bdc68798ae68_7/outputs/model.pkl?sv=2019-02-02&sr=b&sig=ivvt7ilqOEZDi3nlzlEYOVNzMpBaSf6z9HjNYaAQlOY%3D&st=2020-09-03T19%3A45%3A32Z&se=2020-09-04T19%3A55%3A32Z&sp=rcw&comp=block&blockid=TURBd01EQXdNREF3TURBd01EQXdNREF3TURBd01EQXdNREF3TURBd01EQSUzRA%3D%3D&timeout=30
WARNING - Retrying (Retry(total=2, connect=None, read=None, redirect=None, status=None)) after connection broken by 'ProtocolError('Connection aborted.', ConnectionResetError(104, 'Connection reset by peer'))': /azureml/ExperimentRun/dcid.AutoML_8ea580ff-c22e-4f3f-a172-bdc68798ae68_7/outputs/env_dependencies.json?sv=2019-02-02&sr=b&sig=0tuU6FYcYdkQn1r27tYu4WJ5D%2B2ppSkeFSiWfDiwJK4%3D&st=2020-09-03T19%3A45%3A32Z&se=2020-09-04T19%3A55%3A32Z&sp=rcw&comp=block&blockid=TURBd01EQXdNREF3TURBd01EQXdNREF3TURBd01EQXdNREF3TURBd01EQSUzRA%3D%3D&timeout=30
MinMaxScaler DecisionTree                      0:03:06       0.0989    0.0882
         8   RobustScaler DecisionTree                      0:00:22       0.0914    0.0882
         9   MinMaxScaler DecisionTree                      0:00:21       0.0873    0.0873
        10   WARNING - Retrying (Retry(total=2, connect=None, read=None, redirect=None, status=None)) after connection broken by 'ProtocolError('Connection aborted.', ConnectionResetError(104, 'Connection reset by peer'))': /azureml/ExperimentRun/dcid.AutoML_8ea580ff-c22e-4f3f-a172-bdc68798ae68_10/outputs/env_dependencies.json?sv=2019-02-02&sr=b&sig=6eTYg%2FcDYyKCf1z%2F0UdtmZJhdu2IyIhYNbIlLCSRycs%3D&st=2020-09-03T19%3A49%3A23Z&se=2020-09-04T19%3A59%3A23Z&sp=rcw&comp=block&blockid=TURBd01EQXdNREF3TURBd01EQXdNREF3TURBd01EQXdNREF3TURBd01EQSUzRA%3D%3D&timeout=30
StandardScalerWrapper DecisionTree             0:03:09       0.0961    0.0873
        11   StandardScalerWrapper DecisionTree             0:00:23       0.1006    0.0873
        12   RobustScaler DecisionTree                      0:00:23       0.0885    0.0873
        13   RobustScaler ElasticNet                        0:00:32       0.0950    0.0873
        14   StandardScalerWrapper DecisionTree             0:00:28       0.0995    0.0873
        15   MinMaxScaler DecisionTree                      0:00:25       0.0863    0.0863
        16   MinMaxScaler DecisionTree                      0:00:23       0.0989    0.0863
        17   RobustScaler DecisionTree                      0:00:22       0.0882    0.0863
        18   RobustScaler DecisionTree                      0:00:23       0.0891    0.0863
        19   StandardScalerWrapper DecisionTree             0:00:22       0.0908    0.0863
        20   StandardScalerWrapper DecisionTree             0:00:24       0.0821    0.0821
        21   StandardScalerWrapper DecisionTree             0:00:23       0.0995    0.0821
        22   MinMaxScaler LightGBM                          0:00:25       0.0915    0.0821
        23   StandardScalerWrapper ExtremeRandomTrees       0:00:25       0.0945    0.0821
        24   WARNING - Retrying (Retry(total=2, connect=None, read=None, redirect=None, status=None)) after connection broken by 'ProtocolError('Connection aborted.', ConnectionResetError(104, 'Connection reset by peer'))': /azureml/ExperimentRun/dcid.AutoML_8ea580ff-c22e-4f3f-a172-bdc68798ae68_24/outputs/internal_cross_validated_models.pkl?sv=2019-02-02&sr=b&sig=2xWXYGOoqCyzKYUwCLn2g8ibIYAh8Fu2SFIPSvx7urs%3D&st=2020-09-03T19%3A57%3A57Z&se=2020-09-04T20%3A07%3A57Z&sp=rcw&comp=block&blockid=TURBd01EQXdNREF3TURBd01EQXdNREF3TURBd01EQXdNREF3TURBd01EQSUzRA%3D%3D&timeout=30
MinMaxScaler DecisionTree                      0:03:25       0.0927    0.0821
        25   RobustScaler DecisionTree                      0:00:24       0.0904    0.0821
        26   StandardScalerWrapper DecisionTree             0:00:30       0.0862    0.0821
        27   WARNING - Retrying (Retry(total=2, connect=None, read=None, redirect=None, status=None)) after connection broken by 'ProtocolError('Connection aborted.', ConnectionResetError(104, 'Connection reset by peer'))': /azureml/ExperimentRun/dcid.AutoML_8ea580ff-c22e-4f3f-a172-bdc68798ae68_27/outputs/pipeline_graph.json?sv=2019-02-02&sr=b&sig=zGNa%2BXjHaCVwASB7pUV%2BU%2BExMAm2JwRkNgUaLmFuDLY%3D&st=2020-09-03T20%3A02%3A17Z&se=2020-09-04T20%3A12%3A17Z&sp=rcw&comp=block&blockid=TURBd01EQXdNREF3TURBd01EQXdNREF3TURBd01EQXdNREF3TURBd01EQSUzRA%3D%3D&timeout=30
WARNING - Retrying (Retry(total=2, connect=None, read=None, redirect=None, status=None)) after connection broken by 'ProtocolError('Connection aborted.', ConnectionResetError(104, 'Connection reset by peer'))': /azureml/ExperimentRun/dcid.AutoML_8ea580ff-c22e-4f3f-a172-bdc68798ae68_27/outputs/scoring_file_v_1_0_0.py?sv=2019-02-02&sr=b&sig=IO3bnNxboYRUjVYs%2BkkzfoYG7DmMpqgBAZ8poc53A9w%3D&st=2020-09-03T20%3A02%3A17Z&se=2020-09-04T20%3A12%3A17Z&sp=rcw&comp=block&blockid=TURBd01EQXdNREF3TURBd01EQXdNREF3TURBd01EQXdNREF3TURBd01EQSUzRA%3D%3D&timeout=30
WARNING - Retrying (Retry(total=2, connect=None, read=None, redirect=None, status=None)) after connection broken by 'ProtocolError('Connection aborted.', ConnectionResetError(104, 'Connection reset by peer'))': /azureml/ExperimentRun/dcid.AutoML_8ea580ff-c22e-4f3f-a172-bdc68798ae68_27/outputs/conda_env_v_1_0_0.yml?sv=2019-02-02&sr=b&sig=ClteRauv3B6qsGS5AtGLPDFDWqzc%2FFWLr5bU%2F1WH4Yc%3D&st=2020-09-03T20%3A02%3A17Z&se=2020-09-04T20%3A12%3A17Z&sp=rcw&comp=block&blockid=TURBd01EQXdNREF3TURBd01EQXdNREF3TURBd01EQXdNREF3TURBd01EQSUzRA%3D%3D&timeout=30
WARNING - Retrying (Retry(total=2, connect=None, read=None, redirect=None, status=None)) after connection broken by 'ProtocolError('Connection aborted.', ConnectionResetError(104, 'Connection reset by peer'))': /azureml/ExperimentRun/dcid.AutoML_8ea580ff-c22e-4f3f-a172-bdc68798ae68_27/outputs/model.pkl?sv=2019-02-02&sr=b&sig=pDndCfva%2BCvIx61BAgBDeg08IjfA7t0NoAlrNucIrug%3D&st=2020-09-03T20%3A02%3A17Z&se=2020-09-04T20%3A12%3A17Z&sp=rcw&comp=block&blockid=TURBd01EQXdNREF3TURBd01EQXdNREF3TURBd01EQXdNREF3TURBd01EQSUzRA%3D%3D&timeout=30
WARNING - Retrying (Retry(total=2, connect=None, read=None, redirect=None, status=None)) after connection broken by 'ProtocolError('Connection aborted.', ConnectionResetError(104, 'Connection reset by peer'))': /azureml/ExperimentRun/dcid.AutoML_8ea580ff-c22e-4f3f-a172-bdc68798ae68_27/outputs/env_dependencies.json?sv=2019-02-02&sr=b&sig=kwR9%2BqvZpFDKT7LbKAT%2FYkBB2NMlGrFVKqlaI5nGgKk%3D&st=2020-09-03T20%3A02%3A17Z&se=2020-09-04T20%3A12%3A17Z&sp=rcw&comp=block&blockid=TURBd01EQXdNREF3TURBd01EQXdNREF3TURBd01EQXdNREF3TURBd01EQSUzRA%3D%3D&timeout=30
MinMaxScaler DecisionTree                      0:03:02       0.0840    0.0821
        28   StandardScalerWrapper RandomForest             0:00:25       0.0909    0.0821
        29   MinMaxScaler DecisionTree                      0:00:28       0.0896    0.0821
        30   RobustScaler DecisionTree                      0:00:22       0.0931    0.0821
        31   MinMaxScaler DecisionTree                      0:00:23       0.0868    0.0821
        32   RobustScaler ExtremeRandomTrees                0:00:24       0.0917    0.0821
        33   StandardScalerWrapper ExtremeRandomTrees       0:00:26       0.0912    0.0821
        34   StandardScalerWrapper ExtremeRandomTrees       0:00:25       0.0940    0.0821
        35   RobustScaler DecisionTree                      0:00:23       0.0833    0.0821
        36   StandardScalerWrapper ExtremeRandomTrees       0:00:24       0.0934    0.0821
        37   StandardScalerWrapper ExtremeRandomTrees       0:00:26       0.0912    0.0821
        38   RobustScaler ExtremeRandomTrees                0:00:20       0.0932    0.0821
        39   MinMaxScaler ExtremeRandomTrees                0:00:27       0.0933    0.0821
        40   StandardScalerWrapper DecisionTree             0:00:23       0.0884    0.0821
        41   WARNING - Retrying (Retry(total=2, connect=None, read=None, redirect=None, status=None)) after connection broken by 'ProtocolError('Connection aborted.', ConnectionResetError(104, 'Connection reset by peer'))': /azureml/ExperimentRun/dcid.AutoML_8ea580ff-c22e-4f3f-a172-bdc68798ae68_41/outputs/env_dependencies.json?sv=2019-02-02&sr=b&sig=F5BIzjIBCo4Kv2lRgaycDNITS1wbbSk1hCmTNKGSig0%3D&st=2020-09-03T20%3A10%3A43Z&se=2020-09-04T20%3A20%3A43Z&sp=rcw&comp=block&blockid=TURBd01EQXdNREF3TURBd01EQXdNREF3TURBd01EQXdNREF3TURBd01EQSUzRA%3D%3D&timeout=30
WARNING - Retrying (Retry(total=2, connect=None, read=None, redirect=None, status=None)) after connection broken by 'ProtocolError('Connection aborted.', ConnectionResetError(104, 'Connection reset by peer'))': /azureml/ExperimentRun/dcid.AutoML_8ea580ff-c22e-4f3f-a172-bdc68798ae68_41/outputs/conda_env_v_1_0_0.yml?sv=2019-02-02&sr=b&sig=zH%2FXWPT%2FJ2TPrBlWvcMUSABcq2KBT6rSzv1YX7scvFY%3D&st=2020-09-03T20%3A10%3A43Z&se=2020-09-04T20%3A20%3A43Z&sp=rcw&comp=block&blockid=TURBd01EQXdNREF3TURBd01EQXdNREF3TURBd01EQXdNREF3TURBd01EQSUzRA%3D%3D&timeout=30
WARNING - Retrying (Retry(total=2, connect=None, read=None, redirect=None, status=None)) after connection broken by 'ProtocolError('Connection aborted.', ConnectionResetError(104, 'Connection reset by peer'))': /azureml/ExperimentRun/dcid.AutoML_8ea580ff-c22e-4f3f-a172-bdc68798ae68_41/outputs/model.pkl?sv=2019-02-02&sr=b&sig=3lTw6nkzgIH0E2Ep%2FJxdXezTD1FsTW8Bzhah7cLOfAE%3D&st=2020-09-03T20%3A10%3A43Z&se=2020-09-04T20%3A20%3A43Z&sp=rcw&comp=block&blockid=TURBd01EQXdNREF3TURBd01EQXdNREF3TURBd01EQXdNREF3TURBd01EQSUzRA%3D%3D&timeout=30
WARNING - Retrying (Retry(total=2, connect=None, read=None, redirect=None, status=None)) after connection broken by 'ProtocolError('Connection aborted.', ConnectionResetError(104, 'Connection reset by peer'))': /azureml/ExperimentRun/dcid.AutoML_8ea580ff-c22e-4f3f-a172-bdc68798ae68_41/outputs/pipeline_graph.json?sv=2019-02-02&sr=b&sig=MfZcylzP%2F3xN1aOK4A8JlVSlXEddloi8PBLV1RRd1LY%3D&st=2020-09-03T20%3A10%3A43Z&se=2020-09-04T20%3A20%3A43Z&sp=rcw&comp=block&blockid=TURBd01EQXdNREF3TURBd01EQXdNREF3TURBd01EQXdNREF3TURBd01EQSUzRA%3D%3D&timeout=30
MinMaxScaler ExtremeRandomTrees                0:03:04       0.0895    0.0821
        42   RobustScaler RandomForest                      0:00:24       0.0930    0.0821
        43   MinMaxScaler ExtremeRandomTrees                0:00:24       0.0923    0.0821
        44   StandardScalerWrapper ExtremeRandomTrees       0:00:25       0.0908    0.0821
        45   RobustScaler DecisionTree                      0:00:23       0.0872    0.0821
        46   RobustScaler ExtremeRandomTrees                0:00:23       0.0922    0.0821
        47   StandardScalerWrapper RandomForest             0:00:21       0.0905    0.0821
        48   MinMaxScaler ExtremeRandomTrees                0:00:26       0.0907    0.0821
        49   StandardScalerWrapper ExtremeRandomTrees       0:00:25       0.0925    0.0821
        50   MinMaxScaler DecisionTree                      0:00:18       0.0940    0.0821
        51   MinMaxScaler ExtremeRandomTrees                0:00:25       0.0944    0.0821
        52   MinMaxScaler RandomForest                      0:00:19       0.0856    0.0821
        53   MinMaxScaler ExtremeRandomTrees                0:00:31       0.0918    0.0821
        54   StandardScalerWrapper ExtremeRandomTrees       0:00:25       0.0920    0.0821
        55   MinMaxScaler DecisionTree                      0:00:23       0.0926    0.0821
        56   RobustScaler ExtremeRandomTrees                0:00:24       0.0945    0.0821
        57   RobustScaler RandomForest                      0:00:20       0.0854    0.0821
        58   RobustScaler ExtremeRandomTrees                0:00:22       0.0912    0.0821
        59   RobustScaler ExtremeRandomTrees                0:00:24       0.0932    0.0821
        60   StandardScalerWrapper DecisionTree             0:00:24       0.0920    0.0821
        61   MinMaxScaler ExtremeRandomTrees                0:00:27       0.0917    0.0821
        62   MinMaxScaler ExtremeRandomTrees                0:00:27       0.0921    0.0821
        63   RobustScaler ExtremeRandomTrees                0:00:29       0.0909    0.0821
        64   StandardScalerWrapper ExtremeRandomTrees       0:00:30       0.0918    0.0821
        65   RobustScaler DecisionTree                      0:00:29       0.0976    0.0821
        66   WARNING - Retrying (Retry(total=2, connect=None, read=None, redirect=None, status=None)) after connection broken by 'ProtocolError('Connection aborted.', ConnectionResetError(104, 'Connection reset by peer'))': /azureml/ExperimentRun/dcid.AutoML_8ea580ff-c22e-4f3f-a172-bdc68798ae68_66/outputs/scoring_file_v_1_0_0.py?sv=2019-02-02&sr=b&sig=BjktorgSnADkQplYGgVo4YKLwQa%2F%2FWaYJyVI6X%2FsfRo%3D&st=2020-09-03T20%3A23%3A49Z&se=2020-09-04T20%3A33%3A49Z&sp=rcw&comp=block&blockid=TURBd01EQXdNREF3TURBd01EQXdNREF3TURBd01EQXdNREF3TURBd01EQSUzRA%3D%3D&timeout=30
WARNING - Retrying (Retry(total=2, connect=None, read=None, redirect=None, status=None)) after connection broken by 'ProtocolError('Connection aborted.', ConnectionResetError(104, 'Connection reset by peer'))': /azureml/ExperimentRun/dcid.AutoML_8ea580ff-c22e-4f3f-a172-bdc68798ae68_66/outputs/model.pkl?sv=2019-02-02&sr=b&sig=7EXvfhYTrPHfbMyCuSzF6WUJqE7XW4WlO8DPWwGXzJk%3D&st=2020-09-03T20%3A23%3A49Z&se=2020-09-04T20%3A33%3A49Z&sp=rcw&comp=block&blockid=TURBd01EQXdNREF3TURBd01EQXdNREF3TURBd01EQXdNREF3TURBd01EQSUzRA%3D%3D&timeout=30
WARNING - Retrying (Retry(total=2, connect=None, read=None, redirect=None, status=None)) after connection broken by 'ProtocolError('Connection aborted.', ConnectionResetError(104, 'Connection reset by peer'))': /azureml/ExperimentRun/dcid.AutoML_8ea580ff-c22e-4f3f-a172-bdc68798ae68_66/outputs/conda_env_v_1_0_0.yml?sv=2019-02-02&sr=b&sig=0g1D0wVVo1Ulnr78AQ6Nf9jcT6XyF0WZ5A6NhN4XSS0%3D&st=2020-09-03T20%3A23%3A49Z&se=2020-09-04T20%3A33%3A49Z&sp=rcw&comp=block&blockid=TURBd01EQXdNREF3TURBd01EQXdNREF3TURBd01EQXdNREF3TURBd01EQSUzRA%3D%3D&timeout=30
WARNING - Retrying (Retry(total=2, connect=None, read=None, redirect=None, status=None)) after connection broken by 'ProtocolError('Connection aborted.', ConnectionResetError(104, 'Connection reset by peer'))': /azureml/ExperimentRun/dcid.AutoML_8ea580ff-c22e-4f3f-a172-bdc68798ae68_66/outputs/env_dependencies.json?sv=2019-02-02&sr=b&sig=HQWbOS%2BgZsz9bnu5SV4rX1IAblX%2BnTtoZS9JewoZdt4%3D&st=2020-09-03T20%3A23%3A49Z&se=2020-09-04T20%3A33%3A49Z&sp=rcw&comp=block&blockid=TURBd01EQXdNREF3TURBd01EQXdNREF3TURBd01EQXdNREF3TURBd01EQSUzRA%3D%3D&timeout=30
StandardScalerWrapper RandomForest             0:03:07       0.0891    0.0821
        67   StandardScalerWrapper ExtremeRandomTrees       0:00:24       0.0934    0.0821
        68   StandardScalerWrapper ExtremeRandomTrees       0:00:30       0.0930    0.0821
        69   RobustScaler RandomForest                      0:00:25       0.0853    0.0821
        70   WARNING - Retrying (Retry(total=2, connect=None, read=None, redirect=None, status=None)) after connection broken by 'ProtocolError('Connection aborted.', ConnectionResetError(104, 'Connection reset by peer'))': /azureml/ExperimentRun/dcid.AutoML_8ea580ff-c22e-4f3f-a172-bdc68798ae68_70/outputs/model.pkl?sv=2019-02-02&sr=b&sig=VUxwPcsQcZpTOmmDEcdKJBH0QViMmK0%2BmhSVNeM%2F6Gw%3D&st=2020-09-03T20%3A28%3A15Z&se=2020-09-04T20%3A38%3A15Z&sp=rcw&comp=block&blockid=TURBd01EQXdNREF3TURBd01EQXdNREF3TURBd01EQXdNREF3TURBd01EQSUzRA%3D%3D&timeout=30
WARNING - Retrying (Retry(total=2, connect=None, read=None, redirect=None, status=None)) after connection broken by 'ProtocolError('Connection aborted.', ConnectionResetError(104, 'Connection reset by peer'))': /azureml/ExperimentRun/dcid.AutoML_8ea580ff-c22e-4f3f-a172-bdc68798ae68_70/outputs/conda_env_v_1_0_0.yml?sv=2019-02-02&sr=b&sig=L0gSK7hDzIUK1iS0wapP52R00rJJ4m9lsVL9s4usWCM%3D&st=2020-09-03T20%3A28%3A15Z&se=2020-09-04T20%3A38%3A15Z&sp=rcw&comp=block&blockid=TURBd01EQXdNREF3TURBd01EQXdNREF3TURBd01EQXdNREF3TURBd01EQSUzRA%3D%3D&timeout=30
MinMaxScaler DecisionTree                      0:03:10       0.0921    0.0821
        71   RobustScaler RandomForest                      0:00:25       0.0873    0.0821
        72   MinMaxScaler ExtremeRandomTrees                0:00:29       0.0936    0.0821
        73   MinMaxScaler DecisionTree                      0:00:25       0.0856    0.0821
        74   StandardScalerWrapper ExtremeRandomTrees       0:00:30       0.0914    0.0821
        75   RobustScaler DecisionTree                      0:00:34       0.0952    0.0821
        76   StandardScalerWrapper ExtremeRandomTrees       0:00:26       0.0928    0.0821
        77   RobustScaler ExtremeRandomTrees                0:00:29       0.0914    0.0821
        78   MinMaxScaler RandomForest                      0:00:27       0.0918    0.0821
        79   RobustScaler ExtremeRandomTrees                0:00:22       0.0930    0.0821
        80   RobustScaler DecisionTree                      0:00:22       0.0903    0.0821
        81   MinMaxScaler ExtremeRandomTrees                0:00:25       0.0921    0.0821
        82   StandardScalerWrapper ExtremeRandomTrees       0:00:30       0.0913    0.0821
        83   StandardScalerWrapper ExtremeRandomTrees       0:00:26       0.0932    0.0821
        84   MinMaxScaler ExtremeRandomTrees                0:00:30       0.0926    0.0821
        85   StandardScalerWrapper DecisionTree             0:00:25       0.0862    0.0821
        86   StandardScalerWrapper ExtremeRandomTrees       0:00:26       0.0941    0.0821
        87   RobustScaler ExtremeRandomTrees                0:00:32       0.0925    0.0821
        88   StandardScalerWrapper RandomForest             0:00:26       0.0914    0.0821
        89   RobustScaler RandomForest                      0:00:26       0.0869    0.0821
        90   StandardScalerWrapper DecisionTree             0:00:24       0.0942    0.0821
        91   WARNING - Retrying (Retry(total=2, connect=None, read=None, redirect=None, status=None)) after connection broken by 'ProtocolError('Connection aborted.', ConnectionResetError(104, 'Connection reset by peer'))': /azureml/ExperimentRun/dcid.AutoML_8ea580ff-c22e-4f3f-a172-bdc68798ae68_91/outputs/internal_cross_validated_models.pkl?sv=2019-02-02&sr=b&sig=oSX8W3rsvr%2Bpcx5ID9vmgSvwCUWZzsQ7uL8C%2BUaMsMo%3D&st=2020-09-03T20%3A40%3A40Z&se=2020-09-04T20%3A50%3A40Z&sp=rcw&comp=block&blockid=TURBd01EQXdNREF3TURBd01EQXdNREF3TURBd01EQXdNREF3TURBd01EQSUzRA%3D%3D&timeout=30
MinMaxScaler RandomForest                      0:00:32       0.0862    0.0821
        92   WARNING - Retrying (Retry(total=2, connect=None, read=None, redirect=None, status=None)) after connection broken by 'ProtocolError('Connection aborted.', ConnectionResetError(104, 'Connection reset by peer'))': /azureml/ExperimentRun/dcid.AutoML_8ea580ff-c22e-4f3f-a172-bdc68798ae68_92/outputs/model.pkl?sv=2019-02-02&sr=b&sig=SGxQRdNW3aScaZvOICyyufyHqYLU4KIPjVrOBPipySI%3D&st=2020-09-03T20%3A41%3A12Z&se=2020-09-04T20%3A51%3A12Z&sp=rcw&comp=block&blockid=TURBd01EQXdNREF3TURBd01EQXdNREF3TURBd01EQXdNREF3TURBd01EQSUzRA%3D%3D&timeout=30
WARNING - Retrying (Retry(total=2, connect=None, read=None, redirect=None, status=None)) after connection broken by 'ProtocolError('Connection aborted.', ConnectionResetError(104, 'Connection reset by peer'))': /azureml/ExperimentRun/dcid.AutoML_8ea580ff-c22e-4f3f-a172-bdc68798ae68_92/outputs/pipeline_graph.json?sv=2019-02-02&sr=b&sig=L%2BiONUQd4X5wUwSMj5CD%2BE4gZFlyVHuzjWfNJRYNhKE%3D&st=2020-09-03T20%3A41%3A12Z&se=2020-09-04T20%3A51%3A12Z&sp=rcw&comp=block&blockid=TURBd01EQXdNREF3TURBd01EQXdNREF3TURBd01EQXdNREF3TURBd01EQSUzRA%3D%3D&timeout=30
WARNING - Retrying (Retry(total=2, connect=None, read=None, redirect=None, status=None)) after connection broken by 'ProtocolError('Connection aborted.', ConnectionResetError(104, 'Connection reset by peer'))': /azureml/ExperimentRun/dcid.AutoML_8ea580ff-c22e-4f3f-a172-bdc68798ae68_92/outputs/env_dependencies.json?sv=2019-02-02&sr=b&sig=Zht%2Bm9Zmf9%2FuCa0%2FYaoo5SfLlNBpsxhwzeBuTiUamOc%3D&st=2020-09-03T20%3A41%3A12Z&se=2020-09-04T20%3A51%3A12Z&sp=rcw&comp=block&blockid=TURBd01EQXdNREF3TURBd01EQXdNREF3TURBd01EQXdNREF3TURBd01EQSUzRA%3D%3D&timeout=30
MinMaxScaler RandomForest                      0:03:00       0.0927    0.0821
        93   VotingEnsemble                                 0:01:32       0.0799    0.0799
Stopping criteria reached at iteration 94. Ending experiment.
****************************************************************************************************
Current status: BestRunExplainModel. Best run model explanations started
Current status: ModelExplanationDataSetSetup. Model explanations data setup completed
Current status: PickSurrogateModel. Choosing LightGBM as the surrogate model for explanations
Current status: EngineeredFeatureExplanations. Computation of engineered features started
Current status: EngineeredFeatureExplanations. Computation of engineered features completed
Current status: BestRunExplainModel. Best run model explanations completed
****************************************************************************************************
Best pipeline:
<class 'sklearn.ensemble._voting.VotingRegressor'>
0. Pipeline(memory=None,
         steps=[('standardscalerwrapper',
                 <azureml.automl.runtime.shared.model_wrappers.StandardScalerWrapper object at 0x7fd3e7970b90>),
                ('decisiontreeregressor',
                 DecisionTreeRegressor(ccp_alpha=0.0, criterion='mse',
                                       max_depth=None, max_features=0.5,
                                       max_leaf_nodes=None,
                                       min_impurity_decrease=0.0,
                                       min_impurity_split=None,
                                       min_samples_leaf=0.02102969050988057,
                                       min_samples_split=0.0018261584682702607,
                                       min_weight_fraction_leaf=0.0,
                                       presort='deprecated', random_state=None,
                                       splitter='best'))],
         verbose=False)
1. Pipeline(memory=None,
         steps=[('robustscaler',
                 RobustScaler(copy=True, quantile_range=[25, 75],
                              with_centering=False, with_scaling=False)),
                ('decisiontreeregressor',
                 DecisionTreeRegressor(ccp_alpha=0.0, criterion='friedman_mse',
                                       max_depth=None, max_features=0.7,
                                       max_leaf_nodes=None,
                                       min_impurity_decrease=0.0,
                                       min_impurity_split=None,
                                       min_samples_leaf=0.06520943318543866,
                                       min_samples_split=0.000630957344480193,
                                       min_weight_fraction_leaf=0.0,
                                       presort='deprecated', random_state=None,
                                       splitter='best'))],
         verbose=False)
2. Pipeline(memory=None,
         steps=[('minmaxscaler', MinMaxScaler(copy=True, feature_range=(0, 1))),
                ('decisiontreeregressor',
                 DecisionTreeRegressor(ccp_alpha=0.0, criterion='friedman_mse',
                                       max_depth=None, max_features=0.7,
                                       max_leaf_nodes=None,
                                       min_impurity_decrease=0.0,
                                       min_impurity_split=None,
                                       min_samples_leaf=0.026371108773275,
                                       min_samples_split=0.0012814223889440828,
                                       min_weight_fraction_leaf=0.0,
                                       presort='deprecated', random_state=None,
                                       splitter='best'))],
         verbose=False)
3. Pipeline(memory=None,
         steps=[('robustscaler',
                 RobustScaler(copy=True, quantile_range=[25, 75],
                              with_centering=True, with_scaling=True)),
                ('randomforestregressor',
                 RandomForestRegressor(bootstrap=False, ccp_alpha=0.0,
                                       criterion='mse', max_depth=None,
                                       max_features=0.7, max_leaf_nodes=None,
                                       max_samples=None,
                                       min_impurity_decrease=0.0,
                                       min_impurity_split=None,
                                       min_samples_leaf=0.01091729022778783,
                                       min_samples_split=0.0012814223889440828,
                                       min_weight_fraction_leaf=0.0,
                                       n_estimators=25, n_jobs=-1,
                                       oob_score=False, random_state=None,
                                       verbose=0, warm_start=False))],
         verbose=False)
4. Pipeline(memory=None,
         steps=[('robustscaler',
                 RobustScaler(copy=True, quantile_range=[25, 75],
                              with_centering=False, with_scaling=False)),
                ('randomforestregressor',
                 RandomForestRegressor(bootstrap=False, ccp_alpha=0.0,
                                       criterion='mse', max_depth=None,
                                       max_features=0.5, max_leaf_nodes=None,
                                       max_samples=None,
                                       min_impurity_decrease=0.0,
                                       min_impurity_split=None,
                                       min_samples_leaf=0.0074478228980205795,
                                       min_samples_split=0.000753222139758624,
                                       min_weight_fraction_leaf=0.0,
                                       n_estimators=50, n_jobs=-1,
                                       oob_score=False, random_state=None,
                                       verbose=0, warm_start=False))],
         verbose=False)
5. Pipeline(memory=None,
         steps=[('minmaxscaler', MinMaxScaler(copy=True, feature_range=(0, 1))),
                ('decisiontreeregressor',
                 DecisionTreeRegressor(ccp_alpha=0.0, criterion='friedman_mse',
                                       max_depth=None, max_features=0.6,
                                       max_leaf_nodes=None,
                                       min_impurity_decrease=0.0,
                                       min_impurity_split=None,
                                       min_samples_leaf=0.008504540352732381,
                                       min_samples_split=0.0008991789964660114,
                                       min_weight_fraction_leaf=0.0,
                                       presort='deprecated', random_state=None,
                                       splitter='best'))],
         verbose=False)
6. Pipeline(memory=None,
         steps=[('minmaxscaler', MinMaxScaler(copy=True, feature_range=(0, 1))),
                ('decisiontreeregressor',
                 DecisionTreeRegressor(ccp_alpha=0.0, criterion='mse',
                                       max_depth=None, max_features=0.9,
                                       max_leaf_nodes=None,
                                       min_impurity_decrease=0.0,
                                       min_impurity_split=None,
                                       min_samples_leaf=0.006056302831963706,
                                       min_samples_split=0.005285388593079247,
                                       min_weight_fraction_leaf=0.0,
                                       presort='deprecated', random_state=None,
                                       splitter='best'))],
         verbose=False)
7. Pipeline(memory=None,
         steps=[('standardscalerwrapper',
                 <azureml.automl.runtime.shared.model_wrappers.StandardScalerWrapper object at 0x7fd3e7d28ed0>),
                ('decisiontreeregressor',
                 DecisionTreeRegressor(ccp_alpha=0.0, criterion='friedman_mse',
                                       max_depth=None, max_features=0.6,
                                       max_leaf_nodes=None,
                                       min_impurity_decrease=0.0,
                                       min_impurity_split=None,
                                       min_samples_leaf=0.007594568292413517,
                                       min_samples_split=0.00310675990983383,
                                       min_weight_fraction_leaf=0.0,
                                       presort='deprecated', random_state=None,
                                       splitter='best'))],
         verbose=False)

