WARNING - Received unrecognized parameter ensemble_download_models_timeout_sec
Running on local machine
Parent Run ID: AutoML_cc1dd8df-fea2-4d37-9844-7ed7dae53a16

Current status: DatasetFeaturization. Beginning to featurize the dataset.
Current status: DatasetFeaturizationCompleted. Completed featurizing the dataset.
Heuristic parameters: Target_Lag = '[1]', Target_Rolling_Window = '2'.
/projappl/project_2003107/anaconda3/envs/azure_automl/lib/python3.7/site-packages/azureml/_restclient/workspace_client.py:380: DeprecationWarning: The 'warn' method is deprecated, use 'warning' instead
  self._logger.warn('Converting non-string tag to string: (%s: %s)', key, val)
WARNING - Converting non-string tag to string: (forecasting_target_lags: [1])
WARNING - Converting non-string tag to string: (forecasting_target_rolling_window_size: 2)
WARNING - Converting non-string tag to string: (forecasting_max_horizon: 2064)
Current status: DatasetCrossValidationSplit. Generating individually featurized CV splits.
Current status: DatasetFeaturization. Beginning to featurize the CV split.
/projappl/project_2003107/anaconda3/envs/azure_automl/lib/python3.7/site-packages/azureml/automl/runtime/featurizer/transformer/timeseries/rolling_window.py:260: UserWarning: RollingWindow: "center" is not a configurable window option.
  'a configurable window option.')
/projappl/project_2003107/anaconda3/envs/azure_automl/lib/python3.7/site-packages/azureml/automl/runtime/featurizer/transformer/timeseries/rolling_window.py:260: UserWarning: RollingWindow: "closed" is not a configurable window option.
  'a configurable window option.')
Current status: DatasetFeaturizationCompleted. Completed featurizing the CV split.
Current status: DatasetFeaturization. Beginning to featurize the CV split.
Current status: DatasetFeaturizationCompleted. Completed featurizing the CV split.
Current status: DatasetFeaturization. Beginning to featurize the CV split.
Current status: DatasetFeaturizationCompleted. Completed featurizing the CV split.
Current status: DatasetFeaturization. Beginning to featurize the CV split.
Current status: DatasetFeaturizationCompleted. Completed featurizing the CV split.
Current status: DatasetFeaturization. Beginning to featurize the CV split.
Current status: DatasetFeaturizationCompleted. Completed featurizing the CV split.

****************************************************************************************************
DATA GUARDRAILS: 

TYPE:         Frequency detection
STATUS:       PASSED
DESCRIPTION:  The time series was analyzed, all data points are aligned with detected frequency.
              

****************************************************************************************************

TYPE:         Missing feature values imputation
STATUS:       PASSED
DESCRIPTION:  No feature missing values were detected in the training data.
              Learn more about missing value imputation: https://aka.ms/AutomatedMLFeaturization

****************************************************************************************************

TYPE:         Memory Issues Detection
STATUS:       PASSED
DESCRIPTION:  The selected horizon, lag and rolling window values were analyzed, and no potential memory issues were detected.
              Learn more about time-series forecasting configurations: https://aka.ms/AutomatedMLForecastingConfiguration

****************************************************************************************************
Current status: ModelSelection. Beginning model selection.

****************************************************************************************************
ITERATION: The iteration being evaluated.
PIPELINE: A summary description of the pipeline being evaluated.
DURATION: Time taken for the current iteration.
METRIC: The result of computing score on the fitted pipeline.
BEST: The best observed score thus far.
****************************************************************************************************

 ITERATION   PIPELINE                                       DURATION      METRIC      BEST
/projappl/project_2003107/anaconda3/envs/azure_automl/lib/python3.7/site-packages/azureml/automl/core/_downloader.py:81: DeprecationWarning: time.clock has been deprecated in Python 3.3 and will be removed from Python 3.8: use time.perf_counter or time.process_time instead
  download_start_time = time.clock()
/projappl/project_2003107/anaconda3/envs/azure_automl/lib/python3.7/site-packages/azureml/automl/core/_downloader.py:89: DeprecationWarning: time.clock has been deprecated in Python 3.3 and will be removed from Python 3.8: use time.perf_counter or time.process_time instead
  download_end_time = time.clock()
         0   /projappl/project_2003107/anaconda3/envs/azure_automl/lib/python3.7/site-packages/sklearn/base.py:197: FutureWarning: From version 0.24, get_params will raise an AttributeError if a parameter cannot be retrieved as an instance attribute. Previously it would return None.
  FutureWarning)
MaxAbsScaler DecisionTree                      0:05:33       0.0477    0.0477
         1   MinMaxScaler DecisionTree                      0:04:53       0.0468    0.0468
         2   StandardScalerWrapper LassoLars                0:02:58       0.1310    0.0468
         3   RobustScaler ElasticNet                        0:18:25       0.1310    0.0468
         4   StandardScalerWrapper LassoLars                0:03:17       0.1310    0.0468
         5   RobustScaler ElasticNet                        0:12:53       0.1315    0.0468
         6   RobustScaler DecisionTree                      0:05:22       0.0446    0.0446
         7   MinMaxScaler DecisionTree                      0:05:58       0.0277    0.0277
         8   RobustScaler DecisionTree                      0:04:51       0.1824    0.0277
         9   MinMaxScaler DecisionTree                      0:05:04       0.0964    0.0277
        10   StandardScalerWrapper DecisionTree             0:03:49       0.0452    0.0277
        11   StandardScalerWrapper DecisionTree             0:04:00       0.0423    0.0277
        12   WARNING - Retrying (Retry(total=2, connect=None, read=None, redirect=None, status=None)) after connection broken by 'ProtocolError('Connection aborted.', ConnectionResetError(104, 'Connection reset by peer'))': /azureml/ExperimentRun/dcid.AutoML_cc1dd8df-fea2-4d37-9844-7ed7dae53a16_12/outputs/env_dependencies.json?sv=2019-02-02&sr=b&sig=5kHZP4pz8LhoTCIWka1xB5lTtI1LHOKJ8CC1g5sVsKs%3D&st=2020-09-30T22%3A32%3A12Z&se=2020-10-01T22%3A42%3A12Z&sp=rcw&comp=block&blockid=TURBd01EQXdNREF3TURBd01EQXdNREF3TURBd01EQXdNREF3TURBd01EQSUzRA%3D%3D&timeout=30
WARNING - Retrying (Retry(total=2, connect=None, read=None, redirect=None, status=None)) after connection broken by 'ProtocolError('Connection aborted.', ConnectionResetError(104, 'Connection reset by peer'))': /azureml/ExperimentRun/dcid.AutoML_cc1dd8df-fea2-4d37-9844-7ed7dae53a16_12/outputs/conda_env_v_1_0_0.yml?sv=2019-02-02&sr=b&sig=Ypa5en4r%2BdwZhzFm0iSeijY16eRbUruDlOCqp%2BGQyO0%3D&st=2020-09-30T22%3A32%3A12Z&se=2020-10-01T22%3A42%3A12Z&sp=rcw&comp=block&blockid=TURBd01EQXdNREF3TURBd01EQXdNREF3TURBd01EQXdNREF3TURBd01EQSUzRA%3D%3D&timeout=30
RobustScaler DecisionTree                      0:03:36       0.0355    0.0277
        13   RobustScaler ElasticNet                        0:05:25       0.0964    0.0277
        14   WARNING - Received unrecognized parameter ensemble_download_models_timeout_sec
WARNING - Received unrecognized parameter ensemble_download_models_timeout_sec
WARNING - Connection pool is full, discarding connection: automlws9124637538.blob.core.windows.net
WARNING - Connection pool is full, discarding connection: automlws9124637538.blob.core.windows.net
WARNING - Connection pool is full, discarding connection: automlws9124637538.blob.core.windows.net
WARNING - Connection pool is full, discarding connection: automlws9124637538.blob.core.windows.net
WARNING - Connection pool is full, discarding connection: automlws9124637538.blob.core.windows.net
WARNING - Connection pool is full, discarding connection: automlws9124637538.blob.core.windows.net
WARNING - Connection pool is full, discarding connection: automlws9124637538.blob.core.windows.net
WARNING - Connection pool is full, discarding connection: automlws9124637538.blob.core.windows.net
WARNING - Connection pool is full, discarding connection: automlws9124637538.blob.core.windows.net
WARNING - Connection pool is full, discarding connection: automlws9124637538.blob.core.windows.net
WARNING - Connection pool is full, discarding connection: automlws9124637538.blob.core.windows.net
WARNING - Connection pool is full, discarding connection: automlws9124637538.blob.core.windows.net
WARNING - Connection pool is full, discarding connection: automlws9124637538.blob.core.windows.net
WARNING - Connection pool is full, discarding connection: automlws9124637538.blob.core.windows.net
WARNING - Connection pool is full, discarding connection: automlws9124637538.blob.core.windows.net
WARNING - Connection pool is full, discarding connection: automlws9124637538.blob.core.windows.net
WARNING - Connection pool is full, discarding connection: automlws9124637538.blob.core.windows.net
WARNING - Connection pool is full, discarding connection: automlws9124637538.blob.core.windows.net
WARNING - Connection pool is full, discarding connection: automlws9124637538.blob.core.windows.net
WARNING - Connection pool is full, discarding connection: automlws9124637538.blob.core.windows.net
WARNING - Connection pool is full, discarding connection: automlws9124637538.blob.core.windows.net
WARNING - Connection pool is full, discarding connection: automlws9124637538.blob.core.windows.net
WARNING - Connection pool is full, discarding connection: automlws9124637538.blob.core.windows.net
WARNING - Connection pool is full, discarding connection: automlws9124637538.blob.core.windows.net
WARNING - Connection pool is full, discarding connection: automlws9124637538.blob.core.windows.net
WARNING - Connection pool is full, discarding connection: automlws9124637538.blob.core.windows.net
WARNING - Connection pool is full, discarding connection: automlws9124637538.blob.core.windows.net
WARNING - Connection pool is full, discarding connection: automlws9124637538.blob.core.windows.net
WARNING - Connection pool is full, discarding connection: automlws9124637538.blob.core.windows.net
WARNING - Connection pool is full, discarding connection: automlws9124637538.blob.core.windows.net
WARNING - Connection pool is full, discarding connection: automlws9124637538.blob.core.windows.net
WARNING - Connection pool is full, discarding connection: automlws9124637538.blob.core.windows.net
WARNING - Connection pool is full, discarding connection: automlws9124637538.blob.core.windows.net
WARNING - Connection pool is full, discarding connection: automlws9124637538.blob.core.windows.net
WARNING - Connection pool is full, discarding connection: automlws9124637538.blob.core.windows.net
WARNING - Connection pool is full, discarding connection: automlws9124637538.blob.core.windows.net
WARNING - Connection pool is full, discarding connection: automlws9124637538.blob.core.windows.net
WARNING - Connection pool is full, discarding connection: automlws9124637538.blob.core.windows.net
WARNING - Connection pool is full, discarding connection: automlws9124637538.blob.core.windows.net
WARNING - Connection pool is full, discarding connection: automlws9124637538.blob.core.windows.net
WARNING - Connection pool is full, discarding connection: automlws9124637538.blob.core.windows.net
WARNING - Connection pool is full, discarding connection: automlws9124637538.blob.core.windows.net
WARNING - Connection pool is full, discarding connection: automlws9124637538.blob.core.windows.net
WARNING - Connection pool is full, discarding connection: automlws9124637538.blob.core.windows.net
WARNING - Connection pool is full, discarding connection: automlws9124637538.blob.core.windows.net
WARNING - Connection pool is full, discarding connection: automlws9124637538.blob.core.windows.net
WARNING - Connection pool is full, discarding connection: automlws9124637538.blob.core.windows.net
WARNING - Connection pool is full, discarding connection: automlws9124637538.blob.core.windows.net
WARNING - Connection pool is full, discarding connection: automlws9124637538.blob.core.windows.net
WARNING - Connection pool is full, discarding connection: automlws9124637538.blob.core.windows.net
WARNING - Connection pool is full, discarding connection: automlws9124637538.blob.core.windows.net
WARNING - Connection pool is full, discarding connection: automlws9124637538.blob.core.windows.net
WARNING - Connection pool is full, discarding connection: automlws9124637538.blob.core.windows.net
WARNING - Connection pool is full, discarding connection: automlws9124637538.blob.core.windows.net
WARNING - Connection pool is full, discarding connection: automlws9124637538.blob.core.windows.net
WARNING - Connection pool is full, discarding connection: automlws9124637538.blob.core.windows.net
WARNING - Connection pool is full, discarding connection: automlws9124637538.blob.core.windows.net
WARNING - Connection pool is full, discarding connection: automlws9124637538.blob.core.windows.net
WARNING - Connection pool is full, discarding connection: automlws9124637538.blob.core.windows.net
WARNING - Connection pool is full, discarding connection: automlws9124637538.blob.core.windows.net
WARNING - Connection pool is full, discarding connection: automlws9124637538.blob.core.windows.net
WARNING - Connection pool is full, discarding connection: automlws9124637538.blob.core.windows.net
/projappl/project_2003107/anaconda3/envs/azure_automl/lib/python3.7/site-packages/sklearn/base.py:197: FutureWarning: From version 0.24, get_params will raise an AttributeError if a parameter cannot be retrieved as an instance attribute. Previously it would return None.
  FutureWarning)
VotingEnsemble                                 0:04:17       0.0261    0.0261
Stopping criteria reached at iteration 15. Ending experiment.
WARNING - Received unrecognized parameter ensemble_download_models_timeout_sec
WARNING - Received unrecognized parameter ensemble_download_models_timeout_sec
WARNING - Received unrecognized parameter ensemble_download_models_timeout_sec
****************************************************************************************************
numpy.ufunc size changed, may indicate binary incompatibility. Expected 192 from C header, got 216 from PyObject
Current status: BestRunExplainModel. Best run model explanations started
Current status: ModelExplanationDataSetSetup. Model explanations data setup completed
Current status: PickSurrogateModel. Choosing LightGBM as the surrogate model for explanations
Current status: EngineeredFeatureExplanations. Computation of engineered features started
Setting feature_perturbation = "tree_path_dependent" because no background data was given.
Current status: EngineeredFeatureExplanations. Computation of engineered features completed
Current status: BestRunExplainModel. Best run model explanations completed
****************************************************************************************************
WARNING - Received unrecognized parameter ensemble_download_models_timeout_sec
WARNING - Received unrecognized parameter ensemble_download_models_timeout_sec
WARNING - Received unrecognized parameter ensemble_download_models_timeout_sec
Best pipeline:
<class 'sklearn.ensemble._voting.VotingRegressor'>
0. Pipeline(memory=None,
         steps=[('minmaxscaler', MinMaxScaler(copy=True, feature_range=(0, 1))),
                ('decisiontreeregressor',
                 DecisionTreeRegressor(ccp_alpha=0.0, criterion='mse',
                                       max_depth=None, max_features=0.7,
                                       max_leaf_nodes=None,
                                       min_impurity_decrease=0.0,
                                       min_impurity_split=None,
                                       min_samples_leaf=0.001953125,
                                       min_samples_split=0.0012814223889440828,
                                       min_weight_fraction_leaf=0.0,
                                       presort='deprecated', random_state=None,
                                       splitter='best'))],
         verbose=False)
1. Pipeline(memory=None,
         steps=[('robustscaler',
                 RobustScaler(copy=True, quantile_range=[10, 90],
                              with_centering=False, with_scaling=False)),
                ('decisiontreeregressor',
                 DecisionTreeRegressor(ccp_alpha=0.0, criterion='mse',
                                       max_depth=None, max_features=None,
                                       max_leaf_nodes=None,
                                       min_impurity_decrease=0.0,
                                       min_impurity_split=None,
                                       min_samples_leaf=0.003851381725578514,
                                       min_samples_split=0.012814223889440833,
                                       min_weight_fraction_leaf=0.0,
                                       presort='deprecated', random_state=None,
                                       splitter='random'))],
         verbose=False)
2. Pipeline(memory=None,
         steps=[('robustscaler',
                 RobustScaler(copy=True, quantile_range=[25, 75],
                              with_centering=True, with_scaling=True)),
                ('elasticnet',
                 ElasticNet(alpha=0.1061578947368421, copy_X=True,
                            fit_intercept=True, l1_ratio=0.01, max_iter=1000,
                            normalize=False, positive=False, precompute=False,
                            random_state=None, selection='cyclic', tol=0.0001,
                            warm_start=False))],
         verbose=False)

['horizon_origin', '_automl_target_col_lag1T', '_automl_target_col_min_window2T', '_automl_target_col_max_window2T', '_automl_target_col_mean_window2T', 'quarter', 'month', 'day', 'hour', 'minute', 'am_pm', 'hour12', 'wday', 'qday', 'yday']
       RawFeatureName TypeDetected Dropped  EngineeredFeatureCount  \
0  timestamp           DateTime     No      11                       
1  _automl_target_col  Numeric      No      4                        

                                                                                                                                                                                                                            Transformations  
0  [MaxHorizonFeaturizer, DateTimeTransformer, DateTimeTransformer, DateTimeTransformer, DateTimeTransformer, DateTimeTransformer, DateTimeTransformer, DateTimeTransformer, DateTimeTransformer, DateTimeTransformer, DateTimeTransformer]  
1  [Lag, minRollingWindow, maxRollingWindow, meanRollingWindow]                                                                                                                                                                              
The concatenated objects may have different ts_value_colname values, result using the ts_value_colname of the first object
Sorting because non-concatenation axis is not aligned. A future version
of pandas will change to not sort by default.

To accept the future behavior, pass 'sort=False'.

To retain the current behavior and silence the warning, pass 'sort=True'.

The concatenated objects may have different ts_value_colname values, result using the ts_value_colname of the first object
