Running on local machine
Parent Run ID: AutoML_63bfd937-ae13-4d23-9cd7-4d162b4c4bec

Current status: DatasetFeaturization. Beginning to featurize the dataset.
Current status: DatasetFeaturizationCompleted. Completed featurizing the dataset.
Heuristic parameters: Target_Lag = '[0]', Target_Rolling_Window = '0', Max_Horizon = '2'.
WARNING - Converting non-string tag to string: (forecasting_target_lags: [0])
WARNING - Converting non-string tag to string: (forecasting_target_rolling_window_size: 0)
WARNING - Converting non-string tag to string: (forecasting_max_horizon: 2)
Current status: DatasetCrossValidationSplit. Generating individually featurized CV splits.
Current status: DatasetFeaturization. Beginning to featurize the CV split.
Current status: DatasetFeaturizationCompleted. Completed featurizing the CV split.
Current status: DatasetFeaturization. Beginning to featurize the CV split.
Current status: DatasetFeaturizationCompleted. Completed featurizing the CV split.
Current status: DatasetFeaturization. Beginning to featurize the CV split.
Current status: DatasetFeaturizationCompleted. Completed featurizing the CV split.
Current status: DatasetFeaturization. Beginning to featurize the CV split.
Current status: DatasetFeaturizationCompleted. Completed featurizing the CV split.
Current status: DatasetFeaturization. Beginning to featurize the CV split.
Current status: DatasetFeaturizationCompleted. Completed featurizing the CV split.

****************************************************************************************************
DATA GUARDRAILS: 

TYPE:         Frequency detection
STATUS:       PASSED
DESCRIPTION:  The time series was analyzed, all data points are aligned with detected frequency.
              

****************************************************************************************************

TYPE:         Missing feature values imputation
STATUS:       PASSED
DESCRIPTION:  No feature missing values were detected in the training data.
              Learn more about missing value imputation: https://aka.ms/AutomatedMLFeaturization

****************************************************************************************************

TYPE:         Memory Issues Detection
STATUS:       PASSED
DESCRIPTION:  The selected horizon, lag and rolling window values were analyzed, and no potential memory issues were detected.
              Learn more about time-series forecasting configurations: https://aka.ms/AutomatedMLForecastingConfiguration

****************************************************************************************************
Current status: ModelSelection. Beginning model selection.

****************************************************************************************************
ITERATION: The iteration being evaluated.
PIPELINE: A summary description of the pipeline being evaluated.
DURATION: Time taken for the current iteration.
METRIC: The result of computing score on the fitted pipeline.
BEST: The best observed score thus far.
****************************************************************************************************

 ITERATION   PIPELINE                                       DURATION      METRIC      BEST
         0   MaxAbsScaler DecisionTree                      0:00:23       0.0171    0.0171
         1   MinMaxScaler DecisionTree                      0:00:21       0.0354    0.0171
         2   StandardScalerWrapper LassoLars                0:00:22       0.0274    0.0171
         3   RobustScaler ElasticNet                        0:00:21       0.0231    0.0171
         4   StandardScalerWrapper LassoLars                0:00:23       0.0274    0.0171
         5   RobustScaler ElasticNet                        0:00:22       0.0232    0.0171
         6   RobustScaler DecisionTree                      0:00:23       0.0193    0.0171
         7   WARNING - Retrying (Retry(total=2, connect=None, read=None, redirect=None, status=None)) after connection broken by 'ProtocolError('Connection aborted.', ConnectionResetError(104, 'Connection reset by peer'))': /azureml/ExperimentRun/dcid.AutoML_63bfd937-ae13-4d23-9cd7-4d162b4c4bec_7/outputs/internal_cross_validated_models.pkl?sv=2019-02-02&sr=b&sig=UJETm6g%2BabtifcQhB3kQTJ7oAceRMkx8mIwuu51%2FE5Y%3D&st=2020-09-02T15%3A09%3A25Z&se=2020-09-03T15%3A19%3A25Z&sp=rcw&comp=block&blockid=TURBd01EQXdNREF3TURBd01EQXdNREF3TURBd01EQXdNREF3TURBd01EQSUzRA%3D%3D&timeout=30
MinMaxScaler DecisionTree                      0:03:21       0.0148    0.0148
         8   RobustScaler DecisionTree                      0:00:17       0.0083    0.0083
         9   MinMaxScaler DecisionTree                      0:00:22       0.0221    0.0083
        10   StandardScalerWrapper DecisionTree             0:00:24       0.0360    0.0083
        11   StandardScalerWrapper DecisionTree             0:00:23       0.0212    0.0083
        12   RobustScaler DecisionTree                      0:00:22       0.0297    0.0083
        13   RobustScaler ElasticNet                        0:00:21       0.0363    0.0083
        14   StandardScalerWrapper DecisionTree             0:00:21       0.0225    0.0083
        15   MinMaxScaler DecisionTree                      0:00:21       0.0324    0.0083
        16   MinMaxScaler DecisionTree                      0:00:22       0.0340    0.0083
        17   RobustScaler DecisionTree                      0:00:21       0.0149    0.0083
        18   RobustScaler DecisionTree                      0:00:20       0.0196    0.0083
        19   StandardScalerWrapper DecisionTree             0:00:21       0.0213    0.0083
        20   StandardScalerWrapper DecisionTree             0:00:33       0.0211    0.0083
        21   WARNING - Retrying (Retry(total=2, connect=None, read=None, redirect=None, status=None)) after connection broken by 'ProtocolError('Connection aborted.', ConnectionResetError(104, 'Connection reset by peer'))': /azureml/ExperimentRun/dcid.AutoML_63bfd937-ae13-4d23-9cd7-4d162b4c4bec_21/outputs/scoring_file_v_1_0_0.py?sv=2019-02-02&sr=b&sig=MY51vfs0Tv%2F7U2S1gwNgCANsBzShXRqs7NnZ4TVCGSQ%3D&st=2020-09-02T15%3A17%3A40Z&se=2020-09-03T15%3A27%3A40Z&sp=rcw&comp=block&blockid=TURBd01EQXdNREF3TURBd01EQXdNREF3TURBd01EQXdNREF3TURBd01EQSUzRA%3D%3D&timeout=30
StandardScalerWrapper DecisionTree             0:02:54       0.0306    0.0083
        22   WARNING - Retrying (Retry(total=2, connect=None, read=None, redirect=None, status=None)) after connection broken by 'ProtocolError('Connection aborted.', ConnectionResetError(104, 'Connection reset by peer'))': /azureml/ExperimentRun/dcid.AutoML_63bfd937-ae13-4d23-9cd7-4d162b4c4bec_22/outputs/scoring_file_v_1_0_0.py?sv=2019-02-02&sr=b&sig=JM7vOjwSDqDuBRC%2BGO%2FoT8vCpY7x1fFd5QI9XwTjAA0%3D&st=2020-09-02T15%3A20%3A36Z&se=2020-09-03T15%3A30%3A36Z&sp=rcw&comp=block&blockid=TURBd01EQXdNREF3TURBd01EQXdNREF3TURBd01EQXdNREF3TURBd01EQSUzRA%3D%3D&timeout=30
WARNING - Retrying (Retry(total=2, connect=None, read=None, redirect=None, status=None)) after connection broken by 'ProtocolError('Connection aborted.', ConnectionResetError(104, 'Connection reset by peer'))': /azureml/ExperimentRun/dcid.AutoML_63bfd937-ae13-4d23-9cd7-4d162b4c4bec_22/outputs/model.pkl?sv=2019-02-02&sr=b&sig=u1CvWT%2F8xqXSED79G15%2FJPs6ipGQpZlwZ5a0wfF%2F6uc%3D&st=2020-09-02T15%3A20%3A36Z&se=2020-09-03T15%3A30%3A36Z&sp=rcw&comp=block&blockid=TURBd01EQXdNREF3TURBd01EQXdNREF3TURBd01EQXdNREF3TURBd01EQSUzRA%3D%3D&timeout=30
StandardScalerWrapper ExtremeRandomTrees       0:00:33       0.0293    0.0083
        23   StandardScalerWrapper DecisionTree             0:00:21       0.0181    0.0083
        24   MinMaxScaler DecisionTree                      0:00:22       0.0325    0.0083
        25   RobustScaler DecisionTree                      0:00:25       0.0153    0.0083
        26   MinMaxScaler LightGBM                          0:00:24       0.0200    0.0083
        27   MinMaxScaler DecisionTree                      0:00:26       0.0156    0.0083
        28   StandardScalerWrapper RandomForest             0:00:25       0.0317    0.0083
        29   MinMaxScaler DecisionTree                      0:00:21       0.0302    0.0083
        30   RobustScaler DecisionTree                      0:00:22       0.0405    0.0083
        31   MinMaxScaler ExtremeRandomTrees                0:00:21       0.0277    0.0083
        32   StandardScalerWrapper RandomForest             0:00:25       0.0243    0.0083
        33   StandardScalerWrapper ExtremeRandomTrees       0:00:24       0.0237    0.0083
        34   MinMaxScaler ExtremeRandomTrees                0:00:23       0.0236    0.0083
        35   StandardScalerWrapper DecisionTree             0:00:22       0.0264    0.0083
        36   MinMaxScaler RandomForest                      0:00:30       0.0274    0.0083
        37   RobustScaler RandomForest                      0:00:23       0.0111    0.0083
        38   MinMaxScaler ExtremeRandomTrees                0:00:27       0.0382    0.0083
        39   StandardScalerWrapper ExtremeRandomTrees       0:00:25       0.0297    0.0083
        40   StandardScalerWrapper DecisionTree             0:00:23       0.0335    0.0083
        41   RobustScaler RandomForest                      0:00:23       0.0223    0.0083
        42   MinMaxScaler RandomForest                      0:00:22       0.0146    0.0083
        43   RobustScaler ExtremeRandomTrees                0:00:28       0.0300    0.0083
        44   MinMaxScaler ExtremeRandomTrees                0:00:24       0.0365    0.0083
        45   RobustScaler DecisionTree                      0:00:21       0.0266    0.0083
        46   StandardScalerWrapper RandomForest             0:00:23       0.0131    0.0083
        47   RobustScaler ExtremeRandomTrees                0:00:18       0.0197    0.0083
        48   MinMaxScaler ExtremeRandomTrees                0:00:25       0.0150    0.0083
        49   RobustScaler RandomForest                      0:00:23       0.0086    0.0083
        50   MinMaxScaler DecisionTree                      0:00:22       0.0406    0.0083
        51   StandardScalerWrapper ExtremeRandomTrees       0:00:24       0.0335    0.0083
        52   RobustScaler DecisionTree                      0:00:23       0.0102    0.0083
        53   StandardScalerWrapper DecisionTree             0:00:22       0.0095    0.0083
        54   RobustScaler ExtremeRandomTrees                0:00:29       0.0289    0.0083
        55   RobustScaler DecisionTree                      0:00:18       0.0377    0.0083
        56   MinMaxScaler ExtremeRandomTrees                0:00:26       0.0163    0.0083
        57   RobustScaler RandomForest                      0:00:34       0.0065    0.0065
        58   StandardScalerWrapper DecisionTree             0:00:23       0.0082    0.0065
        59   MinMaxScaler ExtremeRandomTrees                0:00:25       0.0108    0.0065
        60   MinMaxScaler RandomForest                      0:00:25       0.0363    0.0065
        61   WARNING - Retrying (Retry(total=2, connect=None, read=None, redirect=None, status=None)) after connection broken by 'ProtocolError('Connection aborted.', ConnectionResetError(104, 'Connection reset by peer'))': /azureml/ExperimentRun/dcid.AutoML_63bfd937-ae13-4d23-9cd7-4d162b4c4bec_61/outputs/scoring_file_v_1_0_0.py?sv=2019-02-02&sr=b&sig=37cqcaDFTRJ5xY%2BTPZYReEzeiSBIaDmJoSyw1SrL3x8%3D&st=2020-09-02T15%3A36%3A41Z&se=2020-09-03T15%3A46%3A41Z&sp=rcw&comp=block&blockid=TURBd01EQXdNREF3TURBd01EQXdNREF3TURBd01EQXdNREF3TURBd01EQSUzRA%3D%3D&timeout=30
RobustScaler RandomForest                      0:03:17       0.0066    0.0065
        62   RobustScaler RandomForest                      0:00:25       0.0210    0.0065
        63   StandardScalerWrapper RandomForest             0:00:19       0.0189    0.0065
        64   RobustScaler ExtremeRandomTrees                0:00:20       0.0070    0.0065
        65   StandardScalerWrapper RandomForest             0:00:58       0.0470    0.0065
        66   RobustScaler RandomForest                      0:00:33       0.0212    0.0065
        67   MinMaxScaler ExtremeRandomTrees                0:00:27       0.0155    0.0065
        68   MinMaxScaler RandomForest                      0:00:26       0.0043    0.0043
        69   StandardScalerWrapper ExtremeRandomTrees       0:00:25       0.0300    0.0043
        70   RobustScaler RandomForest                      0:01:11       0.0113    0.0043
        71   RobustScaler ExtremeRandomTrees                0:00:39       0.0225    0.0043
        72   MinMaxScaler ExtremeRandomTrees                0:00:30       0.0141    0.0043
        73   MinMaxScaler RandomForest                      0:00:57       0.0209    0.0043
        74   MinMaxScaler RandomForest                      0:00:27       0.0220    0.0043
        75   WARNING - Retrying (Retry(total=2, connect=None, read=None, redirect=None, status=None)) after connection broken by 'ProtocolError('Connection aborted.', ConnectionResetError(104, 'Connection reset by peer'))': /azureml/ExperimentRun/dcid.AutoML_63bfd937-ae13-4d23-9cd7-4d162b4c4bec_75/outputs/env_dependencies.json?sv=2019-02-02&sr=b&sig=YTb%2FD1LoqK3Od%2BPzohftl7M9tgunJ%2Fftpl0lkxKIrog%3D&st=2020-09-02T15%3A47%3A47Z&se=2020-09-03T15%3A57%3A47Z&sp=rcw&comp=block&blockid=TURBd01EQXdNREF3TURBd01EQXdNREF3TURBd01EQXdNREF3TURBd01EQSUzRA%3D%3D&timeout=30
WARNING - Retrying (Retry(total=2, connect=None, read=None, redirect=None, status=None)) after connection broken by 'ProtocolError('Connection aborted.', ConnectionResetError(104, 'Connection reset by peer'))': /azureml/ExperimentRun/dcid.AutoML_63bfd937-ae13-4d23-9cd7-4d162b4c4bec_75/outputs/conda_env_v_1_0_0.yml?sv=2019-02-02&sr=b&sig=INgtTOIjRuKEXzP0qwjVyXSWaYTBQ2N5F4tgLyKkFcc%3D&st=2020-09-02T15%3A47%3A47Z&se=2020-09-03T15%3A57%3A47Z&sp=rcw&comp=block&blockid=TURBd01EQXdNREF3TURBd01EQXdNREF3TURBd01EQXdNREF3TURBd01EQSUzRA%3D%3D&timeout=30
RobustScaler RandomForest                      0:03:03       0.0374    0.0043
        76   RobustScaler ExtremeRandomTrees                0:00:25       0.0136    0.0043
        77   RobustScaler ExtremeRandomTrees                0:00:31       0.0254    0.0043
        78   RobustScaler ExtremeRandomTrees                0:00:30       0.0344    0.0043
        79   MinMaxScaler RandomForest                      0:00:20       0.0297    0.0043
        80   RobustScaler RandomForest                      0:00:26       0.0498    0.0043
        81   StandardScalerWrapper RandomForest             0:00:25       0.0227    0.0043
        82   StandardScalerWrapper RandomForest             0:00:21       0.0218    0.0043
        83   MinMaxScaler DecisionTree                      0:00:22       0.0146    0.0043
        84   RobustScaler RandomForest                      0:00:24       0.0249    0.0043
        85   RobustScaler RandomForest                      0:00:28       0.0330    0.0043
        86   RobustScaler ExtremeRandomTrees                0:00:27       0.0298    0.0043
        87   StandardScalerWrapper ExtremeRandomTrees       0:00:33       0.0253    0.0043
        88   RobustScaler ExtremeRandomTrees                0:00:25       0.0246    0.0043
        89   StandardScalerWrapper ExtremeRandomTrees       0:00:26       0.0250    0.0043
        90   RobustScaler RandomForest                      0:00:24       0.0299    0.0043
        91   StandardScalerWrapper ExtremeRandomTrees       0:00:25       0.0211    0.0043
        92   MinMaxScaler ExtremeRandomTrees                0:00:26       0.0267    0.0043
        93   MinMaxScaler ExtremeRandomTrees                0:00:30       0.0289    0.0043
        94   StandardScalerWrapper ExtremeRandomTrees       0:00:39       0.0277    0.0043
        95   RobustScaler RandomForest                      0:00:25       0.0367    0.0043
        96   StandardScalerWrapper ExtremeRandomTrees       0:00:30       0.0132    0.0043
        97   RobustScaler RandomForest                      0:00:27       0.0169    0.0043
        98   RobustScaler ExtremeRandomTrees                0:00:24       0.0136    0.0043
        99   RobustScaler RandomForest                      0:00:24       0.0144    0.0043
       100   RobustScaler RandomForest                      0:00:25       0.0290    0.0043
       101   StandardScalerWrapper ExtremeRandomTrees       0:00:20       0.0076    0.0043
       102   StandardScalerWrapper ExtremeRandomTrees       0:00:26       0.0218    0.0043
       103   MinMaxScaler RandomForest                      0:00:30       0.0138    0.0043
       104   MinMaxScaler ExtremeRandomTrees                0:00:25       0.0238    0.0043
       105   StandardScalerWrapper RandomForest             0:00:25       0.0227    0.0043
       106   RobustScaler ExtremeRandomTrees                0:00:34       0.0353    0.0043
       107   RobustScaler ExtremeRandomTrees                0:00:24       0.0181    0.0043
       108   MinMaxScaler LightGBM                          0:00:23       0.0270    0.0043
       109   RobustScaler DecisionTree                      0:00:23       0.0208    0.0043
       110   StandardScalerWrapper RandomForest             0:00:28       0.0362    0.0043
       111   MinMaxScaler RandomForest                      0:00:27       0.0119    0.0043
       112   VotingEnsemble                                 0:02:02       0.0016    0.0016
Stopping criteria reached at iteration 113. Ending experiment.
****************************************************************************************************
Current status: BestRunExplainModel. Best run model explanations started
Current status: ModelExplanationDataSetSetup. Model explanations data setup completed
Current status: PickSurrogateModel. Choosing LightGBM as the surrogate model for explanations
Current status: EngineeredFeatureExplanations. Computation of engineered features started
Current status: EngineeredFeatureExplanations. Computation of engineered features completed
Current status: BestRunExplainModel. Best run model explanations completed
****************************************************************************************************
Best pipeline:
<class 'sklearn.ensemble._voting.VotingRegressor'>
0. Pipeline(memory=None,
         steps=[('minmaxscaler', MinMaxScaler(copy=True, feature_range=(0, 1))),
                ('randomforestregressor',
                 RandomForestRegressor(bootstrap=True, ccp_alpha=0.0,
                                       criterion='mse', max_depth=None,
                                       max_features=0.8, max_leaf_nodes=None,
                                       max_samples=None,
                                       min_impurity_decrease=0.0,
                                       min_impurity_split=None,
                                       min_samples_leaf=0.006151578686713196,
                                       min_samples_split=0.0008991789964660114,
                                       min_weight_fraction_leaf=0.0,
                                       n_estimators=25, n_jobs=-1,
                                       oob_score=False, random_state=None,
                                       verbose=0, warm_start=False))],
         verbose=False)
1. Pipeline(memory=None,
         steps=[('robustscaler',
                 RobustScaler(copy=True, quantile_range=[25, 75],
                              with_centering=True, with_scaling=False)),
                ('decisiontreeregressor',
                 DecisionTreeRegressor(ccp_alpha=0.0, criterion='friedman_mse',
                                       max_depth=None, max_features=0.7,
                                       max_leaf_nodes=None,
                                       min_impurity_decrease=0.0,
                                       min_impurity_split=None,
                                       min_samples_leaf=0.008504540352732381,
                                       min_samples_split=0.04427451843494491,
                                       min_weight_fraction_leaf=0.0,
                                       presort='deprecated', random_state=None,
                                       splitter='best'))],
         verbose=False)
2. Pipeline(memory=None,
         steps=[('standardscalerwrapper',
                 <azureml.automl.runtime.shared.model_wrappers.StandardScalerWrapper object at 0x7fbaafc42850>),
                ('decisiontreeregressor',
                 DecisionTreeRegressor(ccp_alpha=0.0, criterion='friedman_mse',
                                       max_depth=None, max_features=None,
                                       max_leaf_nodes=None,
                                       min_impurity_decrease=0.0,
                                       min_impurity_split=None,
                                       min_samples_leaf=0.02102969050988057,
                                       min_samples_split=0.010734188827013528,
                                       min_weight_fraction_leaf=0.0,
                                       presort='deprecated', random_state=None,
                                       splitter='best'))],
         verbose=False)
3. Pipeline(memory=None,
         steps=[('robustscaler',
                 RobustScaler(copy=True, quantile_range=[25, 75],
                              with_centering=True, with_scaling=True)),
                ('randomforestregressor',
                 RandomForestRegressor(bootstrap=False, ccp_alpha=0.0,
                                       criterion='mse', max_depth=None,
                                       max_features=0.7, max_leaf_nodes=None,
                                       max_samples=None,
                                       min_impurity_decrease=0.0,
                                       min_impurity_split=None,
                                       min_samples_leaf=0.003466237459044996,
                                       min_samples_split=0.026024633095283807,
                                       min_weight_fraction_leaf=0.0,
                                       n_estimators=25, n_jobs=-1,
                                       oob_score=False, random_state=None,
                                       verbose=0, warm_start=False))],
         verbose=False)
4. Pipeline(memory=None,
         steps=[('standardscalerwrapper',
                 <azureml.automl.runtime.shared.model_wrappers.StandardScalerWrapper object at 0x7fbaaf499b50>),
                ('decisiontreeregressor',
                 DecisionTreeRegressor(ccp_alpha=0.0, criterion='mse',
                                       max_depth=None, max_features=0.8,
                                       max_leaf_nodes=None,
                                       min_impurity_decrease=0.0,
                                       min_impurity_split=None,
                                       min_samples_leaf=0.04146860325085487,
                                       min_samples_split=0.1281422388944084,
                                       min_weight_fraction_leaf=0.0,
                                       presort='deprecated', random_state=None,
                                       splitter='best'))],
         verbose=False)
5. Pipeline(memory=None,
         steps=[('robustscaler',
                 RobustScaler(copy=True, quantile_range=[25, 75],
                              with_centering=True, with_scaling=False)),
                ('decisiontreeregressor',
                 DecisionTreeRegressor(ccp_alpha=0.0, criterion='mse',
                                       max_depth=None, max_features=0.7,
                                       max_leaf_nodes=None,
                                       min_impurity_decrease=0.0,
                                       min_impurity_split=None,
                                       min_samples_leaf=0.013373400896808276,
                                       min_samples_split=0.004427451843494491,
                                       min_weight_fraction_leaf=0.0,
                                       presort='deprecated', random_state=None,
                                       splitter='best'))],
         verbose=False)
6. Pipeline(memory=None,
         steps=[('robustscaler',
                 RobustScaler(copy=True, quantile_range=[25, 75],
                              with_centering=False, with_scaling=False)),
                ('decisiontreeregressor',
                 DecisionTreeRegressor(ccp_alpha=0.0, criterion='friedman_mse',
                                       max_depth=None, max_features=0.6,
                                       max_leaf_nodes=None,
                                       min_impurity_decrease=0.0,
                                       min_impurity_split=None,
                                       min_samples_leaf=0.009523544173472464,
                                       min_samples_split=0.010734188827013528,
                                       min_weight_fraction_leaf=0.0,
                                       presort='deprecated', random_state=None,
                                       splitter='best'))],
         verbose=False)

