WARNING - Received unrecognized parameter ensemble_download_models_timeout_sec
Running on local machine
Parent Run ID: AutoML_035f04d5-ac83-4ec5-8151-8e20e2844194

Current status: DatasetFeaturization. Beginning to featurize the dataset.
Current status: DatasetFeaturizationCompleted. Completed featurizing the dataset.
Heuristic parameters: Target_Lag = '[0]', Target_Rolling_Window = '0'.
WARNING - Converting non-string tag to string: (forecasting_target_lags: [0])
WARNING - Converting non-string tag to string: (forecasting_target_rolling_window_size: 0)
WARNING - Converting non-string tag to string: (forecasting_max_horizon: 2064)
Current status: DatasetCrossValidationSplit. Generating individually featurized CV splits.
Current status: DatasetFeaturization. Beginning to featurize the CV split.
Current status: DatasetFeaturizationCompleted. Completed featurizing the CV split.
Current status: DatasetFeaturization. Beginning to featurize the CV split.
Current status: DatasetFeaturizationCompleted. Completed featurizing the CV split.
Current status: DatasetFeaturization. Beginning to featurize the CV split.
Current status: DatasetFeaturizationCompleted. Completed featurizing the CV split.
Current status: DatasetFeaturization. Beginning to featurize the CV split.
Current status: DatasetFeaturizationCompleted. Completed featurizing the CV split.
Current status: DatasetFeaturization. Beginning to featurize the CV split.
Current status: DatasetFeaturizationCompleted. Completed featurizing the CV split.

****************************************************************************************************
DATA GUARDRAILS: 

TYPE:         Frequency detection
STATUS:       PASSED
DESCRIPTION:  The time series was analyzed, all data points are aligned with detected frequency.
              

****************************************************************************************************

TYPE:         Missing feature values imputation
STATUS:       PASSED
DESCRIPTION:  No feature missing values were detected in the training data.
              Learn more about missing value imputation: https://aka.ms/AutomatedMLFeaturization

****************************************************************************************************

TYPE:         Memory Issues Detection
STATUS:       PASSED
DESCRIPTION:  The selected horizon, lag and rolling window values were analyzed, and no potential memory issues were detected.
              Learn more about time-series forecasting configurations: https://aka.ms/AutomatedMLForecastingConfiguration

****************************************************************************************************
Current status: ModelSelection. Beginning model selection.

****************************************************************************************************
ITERATION: The iteration being evaluated.
PIPELINE: A summary description of the pipeline being evaluated.
DURATION: Time taken for the current iteration.
METRIC: The result of computing score on the fitted pipeline.
BEST: The best observed score thus far.
****************************************************************************************************

 ITERATION   PIPELINE                                       DURATION      METRIC      BEST
         0   MaxAbsScaler DecisionTree                      0:00:21       0.1015    0.1015
         1   MinMaxScaler DecisionTree                      0:00:20       0.1005    0.1005
         2   StandardScalerWrapper LassoLars                0:00:20       0.1122    0.1005
         3   RobustScaler ElasticNet                        0:00:21       0.1124    0.1005
         4   StandardScalerWrapper LassoLars                0:00:21       0.1122    0.1005
         5   RobustScaler ElasticNet                        0:00:21       0.1122    0.1005
         6   RobustScaler DecisionTree                      0:00:20       0.1014    0.1005
         7   MinMaxScaler DecisionTree                      0:00:21       0.1030    0.1005
         8   RobustScaler DecisionTree                      0:00:21       0.1046    0.1005
         9   MinMaxScaler DecisionTree                      0:00:21       0.0999    0.0999
        10   StandardScalerWrapper DecisionTree             0:00:21       0.0992    0.0992
        11   StandardScalerWrapper DecisionTree             0:00:16       0.0995    0.0992
        12   RobustScaler DecisionTree                      0:00:16       0.0997    0.0992
        13   RobustScaler ElasticNet                        0:00:21       0.1123    0.0992
        14   StandardScalerWrapper DecisionTree             0:00:21       0.1000    0.0992
        15   MinMaxScaler DecisionTree                      0:00:21       0.1004    0.0992
        16   MinMaxScaler DecisionTree                      0:00:22       0.0997    0.0992
        17   RobustScaler DecisionTree                      0:00:22       0.0994    0.0992
        18   WARNING - Retrying (Retry(total=2, connect=None, read=None, redirect=None, status=None)) after connection broken by 'ProtocolError('Connection aborted.', ConnectionResetError(104, 'Connection reset by peer'))': /azureml/ExperimentRun/dcid.AutoML_035f04d5-ac83-4ec5-8151-8e20e2844194_18/outputs/model.pkl?sv=2019-02-02&sr=b&sig=B0qNGUZB0rUwHw6QT2wd6XSW6JIFdqfc8%2Fi2339FEbE%3D&st=2020-10-02T09%3A34%3A53Z&se=2020-10-03T09%3A44%3A53Z&sp=rcw&comp=block&blockid=TURBd01EQXdNREF3TURBd01EQXdNREF3TURBd01EQXdNREF3TURBd01EQSUzRA%3D%3D&timeout=30
RobustScaler DecisionTree                      0:03:04       0.1030    0.0992
        19   StandardScalerWrapper DecisionTree             0:00:23       0.0997    0.0992
        20   WARNING - Retrying (Retry(total=2, connect=None, read=None, redirect=None, status=None)) after connection broken by 'ProtocolError('Connection aborted.', ConnectionResetError(104, 'Connection reset by peer'))': /azureml/ExperimentRun/dcid.AutoML_035f04d5-ac83-4ec5-8151-8e20e2844194_20/outputs/scoring_file_v_1_0_0.py?sv=2019-02-02&sr=b&sig=OseLCxRnubOyoGtKkytszKU%2FuDD5Uyxq%2F5%2FNYgVfFlk%3D&st=2020-10-02T09%3A38%3A22Z&se=2020-10-03T09%3A48%3A22Z&sp=rcw&comp=block&blockid=TURBd01EQXdNREF3TURBd01EQXdNREF3TURBd01EQXdNREF3TURBd01EQSUzRA%3D%3D&timeout=30
WARNING - Retrying (Retry(total=2, connect=None, read=None, redirect=None, status=None)) after connection broken by 'ProtocolError('Connection aborted.', ConnectionResetError(104, 'Connection reset by peer'))': /azureml/ExperimentRun/dcid.AutoML_035f04d5-ac83-4ec5-8151-8e20e2844194_20/outputs/pipeline_graph.json?sv=2019-02-02&sr=b&sig=WlMwDyeXMKOLMEc1%2FL%2FvprvsjEnXguIveZycTOqDV%2FY%3D&st=2020-10-02T09%3A38%3A22Z&se=2020-10-03T09%3A48%3A22Z&sp=rcw&comp=block&blockid=TURBd01EQXdNREF3TURBd01EQXdNREF3TURBd01EQXdNREF3TURBd01EQSUzRA%3D%3D&timeout=30
StandardScalerWrapper DecisionTree             0:03:06       0.1016    0.0992
        21   StandardScalerWrapper ExtremeRandomTrees       0:00:24       0.1026    0.0992
        22   MinMaxScaler DecisionTree                      0:00:26       0.1006    0.0992
        23   MinMaxScaler DecisionTree                      0:00:22       0.0993    0.0992
        24   MinMaxScaler LightGBM                          0:00:23       0.1018    0.0992
        25   RobustScaler DecisionTree                      0:00:23       0.1062    0.0992
        26   MinMaxScaler DecisionTree                      0:00:16       0.1000    0.0992
        27   WARNING - Retrying (Retry(total=2, connect=None, read=None, redirect=None, status=None)) after connection broken by 'ProtocolError('Connection aborted.', ConnectionResetError(104, 'Connection reset by peer'))': /azureml/ExperimentRun/dcid.AutoML_035f04d5-ac83-4ec5-8151-8e20e2844194_27/outputs/pipeline_graph.json?sv=2019-02-02&sr=b&sig=%2FWmmF1Hpd9gy2OtvvP89whFCcnA%2FPJJiGBvcSzgldtU%3D&st=2020-10-02T09%3A43%3A47Z&se=2020-10-03T09%3A53%3A47Z&sp=rcw&comp=block&blockid=TURBd01EQXdNREF3TURBd01EQXdNREF3TURBd01EQXdNREF3TURBd01EQSUzRA%3D%3D&timeout=30
WARNING - Retrying (Retry(total=2, connect=None, read=None, redirect=None, status=None)) after connection broken by 'ProtocolError('Connection aborted.', ConnectionResetError(104, 'Connection reset by peer'))': /azureml/ExperimentRun/dcid.AutoML_035f04d5-ac83-4ec5-8151-8e20e2844194_27/outputs/scoring_file_v_1_0_0.py?sv=2019-02-02&sr=b&sig=cGhI7qmFM7GCp%2F0bLsfEZLes52ddfLcq1%2FETvNqKALc%3D&st=2020-10-02T09%3A43%3A47Z&se=2020-10-03T09%3A53%3A47Z&sp=rcw&comp=block&blockid=TURBd01EQXdNREF3TURBd01EQXdNREF3TURBd01EQXdNREF3TURBd01EQSUzRA%3D%3D&timeout=30
WARNING - Retrying (Retry(total=2, connect=None, read=None, redirect=None, status=None)) after connection broken by 'ProtocolError('Connection aborted.', ConnectionResetError(104, 'Connection reset by peer'))': /azureml/ExperimentRun/dcid.AutoML_035f04d5-ac83-4ec5-8151-8e20e2844194_27/outputs/conda_env_v_1_0_0.yml?sv=2019-02-02&sr=b&sig=pi5OX%2Bj7t%2BeGE80Z734ZQDg%2FW%2BavIvyIlG%2FiNbivut4%3D&st=2020-10-02T09%3A43%3A47Z&se=2020-10-03T09%3A53%3A47Z&sp=rcw&comp=block&blockid=TURBd01EQXdNREF3TURBd01EQXdNREF3TURBd01EQXdNREF3TURBd01EQSUzRA%3D%3D&timeout=30
StandardScalerWrapper RandomForest             0:03:13       0.1046    0.0992
        28   MinMaxScaler ExtremeRandomTrees                0:00:25       0.1008    0.0992
        29   StandardScalerWrapper RandomForest             0:00:24       0.1021    0.0992
        30   RobustScaler DecisionTree                      0:00:22       0.1055    0.0992
        31   StandardScalerWrapper ExtremeRandomTrees       0:00:24       0.0998    0.0992
        32   RobustScaler RandomForest                      0:00:24       0.0971    0.0971
        33   StandardScalerWrapper ExtremeRandomTrees       0:00:21       0.1019    0.0971
        34   RobustScaler RandomForest                      0:00:24       0.1031    0.0971
        35   MinMaxScaler RandomForest                      0:00:24       0.1083    0.0971
        36   MinMaxScaler RandomForest                      0:00:25       0.0984    0.0971
        37   MinMaxScaler ExtremeRandomTrees                0:00:23       0.1005    0.0971
        38   StandardScalerWrapper ExtremeRandomTrees       0:00:25       0.1040    0.0971
        39   RobustScaler ExtremeRandomTrees                0:00:28       0.1019    0.0971
        40   RobustScaler RandomForest                      0:00:25       0.1084    0.0971
        41   MinMaxScaler DecisionTree                      0:00:22       0.1031    0.0971
        42   RobustScaler RandomForest                      0:00:23       0.1001    0.0971
        43   RobustScaler RandomForest                      0:00:23       0.1027    0.0971
        44   RobustScaler ExtremeRandomTrees                0:00:23       0.1000    0.0971
        45   RobustScaler RandomForest                      0:00:25       0.1049    0.0971
        46   StandardScalerWrapper ExtremeRandomTrees       0:00:24       0.0996    0.0971
        47   RobustScaler ExtremeRandomTrees                0:00:23       0.1058    0.0971
        48   StandardScalerWrapper ExtremeRandomTrees       0:00:30       0.1015    0.0971
        49   WARNING - Retrying (Retry(total=2, connect=None, read=None, redirect=None, status=None)) after connection broken by 'ProtocolError('Connection aborted.', ConnectionResetError(104, 'Connection reset by peer'))': /azureml/ExperimentRun/dcid.AutoML_035f04d5-ac83-4ec5-8151-8e20e2844194_49/outputs/model.pkl?sv=2019-02-02&sr=b&sig=I%2F4LxE0JZ5sXkoUU8NCiJKcklM%2Fm11EPa%2F9OsstEyu0%3D&st=2020-10-02T09%3A55%3A39Z&se=2020-10-03T10%3A05%3A39Z&sp=rcw&comp=block&blockid=TURBd01EQXdNREF3TURBd01EQXdNREF3TURBd01EQXdNREF3TURBd01EQSUzRA%3D%3D&timeout=30
RobustScaler RandomForest                      0:03:08       0.1055    0.0971
        50   StandardScalerWrapper RandomForest             0:00:24       0.1047    0.0971
        51   RobustScaler ExtremeRandomTrees                0:00:24       0.1047    0.0971
        52   MinMaxScaler ExtremeRandomTrees                0:00:28       0.1073    0.0971
        53   MinMaxScaler ExtremeRandomTrees                0:00:24       0.1030    0.0971
        54   RobustScaler RandomForest                      0:00:25       0.1045    0.0971
        55   StandardScalerWrapper RandomForest             0:00:27       0.1071    0.0971
        56   RobustScaler ExtremeRandomTrees                0:00:25       0.0975    0.0971
        57   RobustScaler RandomForest                      0:00:24       0.0971    0.0971
        58   MinMaxScaler RandomForest                      0:00:23       0.1029    0.0971
        59   RobustScaler ExtremeRandomTrees                0:00:24       0.1025    0.0971
        60   RobustScaler RandomForest                      0:00:25       0.1084    0.0971
        61   MinMaxScaler ExtremeRandomTrees                0:00:24       0.1026    0.0971
        62   MinMaxScaler ExtremeRandomTrees                0:00:24       0.0983    0.0971
        63   MinMaxScaler ExtremeRandomTrees                0:00:26       0.0992    0.0971
        64   RobustScaler ExtremeRandomTrees                0:00:26       0.1050    0.0971
        65   MinMaxScaler RandomForest                      0:00:24       0.1112    0.0971
        66   MinMaxScaler RandomForest                      0:00:23       0.1037    0.0971
        67   StandardScalerWrapper GradientBoosting         0:00:23       0.1019    0.0971
        68   StandardScalerWrapper ExtremeRandomTrees       0:00:27       0.1005    0.0971
        69   StandardScalerWrapper ExtremeRandomTrees       0:00:23       0.1026    0.0971
        70   RobustScaler RandomForest                      0:00:24       0.1077    0.0971
        71   StandardScalerWrapper RandomForest             0:00:24       0.1027    0.0971
        72   WARNING - Retrying (Retry(total=2, connect=None, read=None, redirect=None, status=None)) after connection broken by 'ProtocolError('Connection aborted.', ConnectionResetError(104, 'Connection reset by peer'))': /azureml/ExperimentRun/dcid.AutoML_035f04d5-ac83-4ec5-8151-8e20e2844194_72/outputs/pipeline_graph.json?sv=2019-02-02&sr=b&sig=4MOVnIVw48YCfIuObqnj8gGHrmqSRduIV7BNwoCt6oU%3D&st=2020-10-02T10%3A08%3A02Z&se=2020-10-03T10%3A18%3A02Z&sp=rcw&comp=block&blockid=TURBd01EQXdNREF3TURBd01EQXdNREF3TURBd01EQXdNREF3TURBd01EQSUzRA%3D%3D&timeout=30
WARNING - Retrying (Retry(total=2, connect=None, read=None, redirect=None, status=None)) after connection broken by 'ProtocolError('Connection aborted.', ConnectionResetError(104, 'Connection reset by peer'))': /azureml/ExperimentRun/dcid.AutoML_035f04d5-ac83-4ec5-8151-8e20e2844194_72/outputs/env_dependencies.json?sv=2019-02-02&sr=b&sig=01AWl4nMbssczmDTBRPcMC3OWe9CSoe9alYo3fZuvec%3D&st=2020-10-02T10%3A08%3A02Z&se=2020-10-03T10%3A18%3A02Z&sp=rcw&comp=block&blockid=TURBd01EQXdNREF3TURBd01EQXdNREF3TURBd01EQXdNREF3TURBd01EQSUzRA%3D%3D&timeout=30
StandardScalerWrapper ExtremeRandomTrees       0:03:08       0.1025    0.0971
        73   StandardScalerWrapper ExtremeRandomTrees       0:00:24       0.1015    0.0971
        74   MinMaxScaler ExtremeRandomTrees                0:00:23       0.1009    0.0971
        75   RobustScaler RandomForest                      0:00:23       0.1068    0.0971
        76   RobustScaler ExtremeRandomTrees                0:00:23       0.1002    0.0971
        77   RobustScaler ExtremeRandomTrees                0:00:23       0.1004    0.0971
        78   RobustScaler ExtremeRandomTrees                0:00:24       0.1020    0.0971
        79   MinMaxScaler ExtremeRandomTrees                0:00:23       0.1010    0.0971
        80   StandardScalerWrapper RandomForest             0:00:28       0.1109    0.0971
        81   StandardScalerWrapper DecisionTree             0:00:21       0.1010    0.0971
        82   StandardScalerWrapper ExtremeRandomTrees       0:00:28       0.1047    0.0971
        83   RobustScaler RandomForest                      0:00:29       0.0998    0.0971
        84   RobustScaler ExtremeRandomTrees                0:00:30       0.1030    0.0971
        85   StandardScalerWrapper RandomForest             0:00:26       0.1083    0.0971
        86   MinMaxScaler ExtremeRandomTrees                0:00:25       0.1019    0.0971
        87   MinMaxScaler ExtremeRandomTrees                0:00:24       0.1005    0.0971
        88   RobustScaler GradientBoosting                  0:00:18       0.1057    0.0971
        89   WARNING - Retrying (Retry(total=2, connect=None, read=None, redirect=None, status=None)) after connection broken by 'ProtocolError('Connection aborted.', ConnectionResetError(104, 'Connection reset by peer'))': /azureml/ExperimentRun/dcid.AutoML_035f04d5-ac83-4ec5-8151-8e20e2844194_89/outputs/conda_env_v_1_0_0.yml?sv=2019-02-02&sr=b&sig=88bIPGRX350B536NyI5gTzhBk7%2FUVxAsCb1hYcYcdmc%3D&st=2020-10-02T10%3A17%3A53Z&se=2020-10-03T10%3A27%3A53Z&sp=rcw&comp=block&blockid=TURBd01EQXdNREF3TURBd01EQXdNREF3TURBd01EQXdNREF3TURBd01EQSUzRA%3D%3D&timeout=30
WARNING - Retrying (Retry(total=2, connect=None, read=None, redirect=None, status=None)) after connection broken by 'ProtocolError('Connection aborted.', ConnectionResetError(104, 'Connection reset by peer'))': /azureml/ExperimentRun/dcid.AutoML_035f04d5-ac83-4ec5-8151-8e20e2844194_89/outputs/env_dependencies.json?sv=2019-02-02&sr=b&sig=SSFZanvpgoDRBlwo4wCT6XMbbUQUlWGEim9fVoySQT0%3D&st=2020-10-02T10%3A17%3A53Z&se=2020-10-03T10%3A27%3A53Z&sp=rcw&comp=block&blockid=TURBd01EQXdNREF3TURBd01EQXdNREF3TURBd01EQXdNREF3TURBd01EQSUzRA%3D%3D&timeout=30
MinMaxScaler ExtremeRandomTrees                0:03:15       0.0998    0.0971
        90   StandardScalerWrapper RandomForest             0:00:25       0.1084    0.0971
        91   MinMaxScaler ExtremeRandomTrees                0:00:26       0.1010    0.0971
        92   MinMaxScaler RandomForest                      0:00:25       0.0984    0.0971
        93   StandardScalerWrapper ExtremeRandomTrees       0:00:28       0.1033    0.0971
        94   RobustScaler ExtremeRandomTrees                0:00:25       0.1053    0.0971
        95   StandardScalerWrapper RandomForest             0:00:22       0.1101    0.0971
        96   RobustScaler RandomForest                      0:00:24       0.0995    0.0971
        97   StandardScalerWrapper RandomForest             0:00:25       0.1038    0.0971
        98   RobustScaler ExtremeRandomTrees                0:00:28       0.1041    0.0971
        99   RobustScaler ExtremeRandomTrees                0:00:32       0.1027    0.0971
       100   RobustScaler RandomForest                      0:00:23       0.1046    0.0971
       101   StandardScalerWrapper RandomForest             0:00:25       0.1029    0.0971
       102   MinMaxScaler ExtremeRandomTrees                0:00:25       0.1012    0.0971
       103   StandardScalerWrapper ExtremeRandomTrees       0:00:25       0.1041    0.0971
       104   StandardScalerWrapper ExtremeRandomTrees       0:00:26       0.0969    0.0969
       105   MinMaxScaler ExtremeRandomTrees                0:00:24       0.1053    0.0969
       106   MinMaxScaler ExtremeRandomTrees                0:00:29       0.0981    0.0969
       107   MinMaxScaler RandomForest                      0:00:24       0.0999    0.0969
       108   MinMaxScaler ExtremeRandomTrees                0:00:25       0.1016    0.0969
       109   MinMaxScaler RandomForest                      0:00:24       0.1024    0.0969
       110   RobustScaler ExtremeRandomTrees                0:00:24       0.1081    0.0969
       111   MinMaxScaler RandomForest                      0:00:24       0.1011    0.0969
       112   RobustScaler ExtremeRandomTrees                0:00:24       0.0996    0.0969
       113   StandardScalerWrapper ExtremeRandomTrees       0:00:25       0.1030    0.0969
       114   RobustScaler ExtremeRandomTrees                0:00:24       0.1031    0.0969
       115   RobustScaler ExtremeRandomTrees                0:00:26       0.1086    0.0969
       116   StandardScalerWrapper ExtremeRandomTrees       0:00:25       0.1060    0.0969
       117   StandardScalerWrapper RandomForest             0:00:27       0.1059    0.0969
       118   StandardScalerWrapper ExtremeRandomTrees       0:00:23       0.1040    0.0969
       119   RobustScaler ExtremeRandomTrees                0:00:23       0.1030    0.0969
       120   StandardScalerWrapper ExtremeRandomTrees       0:00:19       0.1077    0.0969
       121   MinMaxScaler RandomForest                      0:00:25       0.1034    0.0969
       122   StandardScalerWrapper ExtremeRandomTrees       0:00:30       0.1028    0.0969
       123   RobustScaler ExtremeRandomTrees                0:00:25       0.1036    0.0969
       124   MinMaxScaler ExtremeRandomTrees                0:00:29       0.1040    0.0969
       125   MinMaxScaler ExtremeRandomTrees                0:00:23       0.1052    0.0969
       126   RobustScaler ExtremeRandomTrees                0:00:24       0.0982    0.0969
       127   RobustScaler ExtremeRandomTrees                0:00:27       0.1012    0.0969
       128   MinMaxScaler ExtremeRandomTrees                0:00:24       0.0989    0.0969
       129   StandardScalerWrapper RandomForest             0:00:26       0.1035    0.0969
       130   StandardScalerWrapper ExtremeRandomTrees       0:00:27       0.1058    0.0969
       131   WARNING - Retrying (Retry(total=2, connect=None, read=None, redirect=None, status=None)) after connection broken by 'ProtocolError('Connection aborted.', ConnectionResetError(104, 'Connection reset by peer'))': /azureml/ExperimentRun/dcid.AutoML_035f04d5-ac83-4ec5-8151-8e20e2844194_131/outputs/pipeline_graph.json?sv=2019-02-02&sr=b&sig=KtYoM2IDZukxbl%2BR6Og%2BOqjMcw9GpnJR5PFfq65qtUk%3D&st=2020-10-02T10%3A38%3A43Z&se=2020-10-03T10%3A48%3A43Z&sp=rcw&comp=block&blockid=TURBd01EQXdNREF3TURBd01EQXdNREF3TURBd01EQXdNREF3TURBd01EQSUzRA%3D%3D&timeout=30
WARNING - Retrying (Retry(total=2, connect=None, read=None, redirect=None, status=None)) after connection broken by 'ProtocolError('Connection aborted.', ConnectionResetError(104, 'Connection reset by peer'))': /azureml/ExperimentRun/dcid.AutoML_035f04d5-ac83-4ec5-8151-8e20e2844194_131/outputs/conda_env_v_1_0_0.yml?sv=2019-02-02&sr=b&sig=8EuADKV8yDXmRdl5wfk5fa6DUibv7e%2FdmT7BNiloxN0%3D&st=2020-10-02T10%3A38%3A43Z&se=2020-10-03T10%3A48%3A43Z&sp=rcw&comp=block&blockid=TURBd01EQXdNREF3TURBd01EQXdNREF3TURBd01EQXdNREF3TURBd01EQSUzRA%3D%3D&timeout=30
StandardScalerWrapper RandomForest             0:03:05       0.1015    0.0969
       132   StandardScalerWrapper ExtremeRandomTrees       0:00:25       0.0993    0.0969
       133   StandardScalerWrapper ExtremeRandomTrees       0:00:26       0.1052    0.0969
       134   StandardScalerWrapper ExtremeRandomTrees       0:00:26       0.1018    0.0969
       135   MinMaxScaler ExtremeRandomTrees                0:00:24       0.1016    0.0969
       136   RobustScaler RandomForest                      0:00:26       0.1017    0.0969
       137   RobustScaler RandomForest                      0:00:23       0.1013    0.0969
       138   MinMaxScaler ExtremeRandomTrees                0:00:20       0.1006    0.0969
       139   MinMaxScaler LightGBM                          0:00:23       0.0992    0.0969
       140   RobustScaler ExtremeRandomTrees                0:00:24       0.1081    0.0969
       141   MinMaxScaler ExtremeRandomTrees                0:00:21       0.1034    0.0969
       142   StandardScalerWrapper RandomForest             0:00:24       0.1017    0.0969
       143   StandardScalerWrapper RandomForest             0:00:24       0.1007    0.0969
       144   WARNING - Retrying (Retry(total=2, connect=None, read=None, redirect=None, status=None)) after connection broken by 'ProtocolError('Connection aborted.', ConnectionResetError(104, 'Connection reset by peer'))': /azureml/ExperimentRun/dcid.AutoML_035f04d5-ac83-4ec5-8151-8e20e2844194_144/outputs/model.pkl?sv=2019-02-02&sr=b&sig=96cO6gJbCYGp30UrC1znYOIH8k1BXNgpC5mMQ4wXj1A%3D&st=2020-10-02T10%3A46%3A45Z&se=2020-10-03T10%3A56%3A45Z&sp=rcw&comp=block&blockid=TURBd01EQXdNREF3TURBd01EQXdNREF3TURBd01EQXdNREF3TURBd01EQSUzRA%3D%3D&timeout=30
RobustScaler ExtremeRandomTrees                0:03:06       0.0974    0.0969
       145   StandardScalerWrapper ExtremeRandomTrees       0:00:25       0.1118    0.0969
       146   MinMaxScaler ExtremeRandomTrees                0:00:24       0.1022    0.0969
       147   RobustScaler LightGBM                          0:00:23       0.0994    0.0969
       148   RobustScaler RandomForest                      0:00:24       0.1013    0.0969
       149   MinMaxScaler RandomForest                      0:00:31       0.1000    0.0969
       150   StandardScalerWrapper ExtremeRandomTrees       0:00:26       0.1077    0.0969
       151   RobustScaler ExtremeRandomTrees                0:00:27       0.1047    0.0969
       152   StandardScalerWrapper RandomForest             0:00:24       0.0975    0.0969
       153   RobustScaler RandomForest                      0:00:25       0.1046    0.0969
       154   RobustScaler ExtremeRandomTrees                0:00:27       0.1044    0.0969
       155   StandardScalerWrapper ExtremeRandomTrees       0:00:27       0.1102    0.0969
       156   MinMaxScaler RandomForest                      0:00:31       0.1001    0.0969
       157   RobustScaler RandomForest                      0:00:23       0.1021    0.0969
       158   StandardScalerWrapper ExtremeRandomTrees       0:00:26       0.1041    0.0969
       159   WARNING - Retrying (Retry(total=2, connect=None, read=None, redirect=None, status=None)) after connection broken by 'ProtocolError('Connection aborted.', ConnectionResetError(104, 'Connection reset by peer'))': /azureml/ExperimentRun/dcid.AutoML_035f04d5-ac83-4ec5-8151-8e20e2844194_159/outputs/model.pkl?sv=2019-02-02&sr=b&sig=C8Uo40uChWIye3jtXVbpJUKrBYzUD8YunAiQJnTkVcE%3D&st=2020-10-02T10%3A55%3A59Z&se=2020-10-03T11%3A05%3A59Z&sp=rcw&comp=block&blockid=TURBd01EQXdNREF3TURBd01EQXdNREF3TURBd01EQXdNREF3TURBd01EQSUzRA%3D%3D&timeout=30
WARNING - Retrying (Retry(total=2, connect=None, read=None, redirect=None, status=None)) after connection broken by 'ProtocolError('Connection aborted.', ConnectionResetError(104, 'Connection reset by peer'))': /azureml/ExperimentRun/dcid.AutoML_035f04d5-ac83-4ec5-8151-8e20e2844194_159/outputs/pipeline_graph.json?sv=2019-02-02&sr=b&sig=fnCkODZvwX07%2Bs5cw13aTn5dn1qZW7qM82w9c4MRGTs%3D&st=2020-10-02T10%3A55%3A59Z&se=2020-10-03T11%3A05%3A59Z&sp=rcw&comp=block&blockid=TURBd01EQXdNREF3TURBd01EQXdNREF3TURBd01EQXdNREF3TURBd01EQSUzRA%3D%3D&timeout=30
WARNING - Retrying (Retry(total=2, connect=None, read=None, redirect=None, status=None)) after connection broken by 'ProtocolError('Connection aborted.', ConnectionResetError(104, 'Connection reset by peer'))': /azureml/ExperimentRun/dcid.AutoML_035f04d5-ac83-4ec5-8151-8e20e2844194_159/outputs/conda_env_v_1_0_0.yml?sv=2019-02-02&sr=b&sig=zdy8uxCEd62sIBY7iHFac7CCvztsw5UhEhHYcPoN9Aw%3D&st=2020-10-02T10%3A55%3A59Z&se=2020-10-03T11%3A05%3A59Z&sp=rcw&comp=block&blockid=TURBd01EQXdNREF3TURBd01EQXdNREF3TURBd01EQXdNREF3TURBd01EQSUzRA%3D%3D&timeout=30
StandardScalerWrapper RandomForest             0:03:09       0.1029    0.0969
       160   RobustScaler ExtremeRandomTrees                0:00:26       0.1069    0.0969
       161   StandardScalerWrapper ExtremeRandomTrees       0:00:20       0.0993    0.0969
       162   StandardScalerWrapper ExtremeRandomTrees       0:00:24       0.1039    0.0969
       163   StandardScalerWrapper RandomForest             0:00:23       0.1021    0.0969
       164   RobustScaler RandomForest                      0:00:26       0.1046    0.0969
       165   StandardScalerWrapper ExtremeRandomTrees       0:00:23       0.1082    0.0969
       166   RobustScaler ExtremeRandomTrees                0:00:31       0.1032    0.0969
       167   StandardScalerWrapper RandomForest             0:00:23       0.1069    0.0969
       168   StandardScalerWrapper RandomForest             0:00:22       0.1071    0.0969
       169   StandardScalerWrapper ExtremeRandomTrees       0:00:25       0.1030    0.0969
       170   MinMaxScaler ExtremeRandomTrees                0:00:24       0.1099    0.0969
       171   MinMaxScaler ExtremeRandomTrees                0:00:18       0.1047    0.0969
       172   StandardScalerWrapper ExtremeRandomTrees       0:00:23       0.1048    0.0969
       173   MinMaxScaler ExtremeRandomTrees                0:00:29       0.1036    0.0969
       174   StandardScalerWrapper ExtremeRandomTrees       0:00:23       0.1054    0.0969
       175   MinMaxScaler ExtremeRandomTrees                0:00:25       0.1108    0.0969
       176   MinMaxScaler ExtremeRandomTrees                0:00:24       0.0999    0.0969
       177   StandardScalerWrapper RandomForest             0:00:24       0.1034    0.0969
       178   RobustScaler ExtremeRandomTrees                0:00:26       0.1012    0.0969
       179   MinMaxScaler RandomForest                      0:00:26       0.1025    0.0969
       180   MinMaxScaler ExtremeRandomTrees                0:00:30       0.1055    0.0969
       181   MinMaxScaler ExtremeRandomTrees                0:00:26       0.1043    0.0969
       182   RobustScaler RandomForest                      0:00:24       0.0976    0.0969
       183   WARNING - Retrying (Retry(total=2, connect=None, read=None, redirect=None, status=None)) after connection broken by 'ProtocolError('Connection aborted.', ConnectionResetError(104, 'Connection reset by peer'))': /azureml/ExperimentRun/dcid.AutoML_035f04d5-ac83-4ec5-8151-8e20e2844194_183/outputs/conda_env_v_1_0_0.yml?sv=2019-02-02&sr=b&sig=JRQgblbk%2BI2eYnlBVkav48COfYV%2BM2MX6MnzP3CWrBg%3D&st=2020-10-02T11%3A08%3A39Z&se=2020-10-03T11%3A18%3A39Z&sp=rcw&comp=block&blockid=TURBd01EQXdNREF3TURBd01EQXdNREF3TURBd01EQXdNREF3TURBd01EQSUzRA%3D%3D&timeout=30
StandardScalerWrapper RandomForest             0:03:05       0.1002    0.0969
       184   MinMaxScaler RandomForest                      0:00:24       0.1009    0.0969
       185   RobustScaler ExtremeRandomTrees                0:00:29       0.1090    0.0969
       186   StandardScalerWrapper RandomForest             0:00:27       0.1000    0.0969
       187   StandardScalerWrapper ExtremeRandomTrees       0:00:27       0.1074    0.0969
       188   StandardScalerWrapper ExtremeRandomTrees       0:00:26       0.1003    0.0969
       189   StandardScalerWrapper ExtremeRandomTrees       0:00:26       0.1055    0.0969
       190   StandardScalerWrapper ExtremeRandomTrees       0:00:26       0.1066    0.0969
       191   StandardScalerWrapper ExtremeRandomTrees       0:00:22       0.1001    0.0969
       192   StandardScalerWrapper ExtremeRandomTrees       0:00:24       0.0979    0.0969
       193   WARNING - Retrying (Retry(total=2, connect=None, read=None, redirect=None, status=None)) after connection broken by 'ProtocolError('Connection aborted.', ConnectionResetError(104, 'Connection reset by peer'))': /azureml/ExperimentRun/dcid.AutoML_035f04d5-ac83-4ec5-8151-8e20e2844194_193/outputs/conda_env_v_1_0_0.yml?sv=2019-02-02&sr=b&sig=1vfUikQ3Sr8Ox%2BlswNdh6P%2Bhk7RY6u6aD%2F5Vm2L6v54%3D&st=2020-10-02T11%3A15%3A43Z&se=2020-10-03T11%3A25%3A43Z&sp=rcw&comp=block&blockid=TURBd01EQXdNREF3TURBd01EQXdNREF3TURBd01EQXdNREF3TURBd01EQSUzRA%3D%3D&timeout=30
WARNING - Retrying (Retry(total=2, connect=None, read=None, redirect=None, status=None)) after connection broken by 'ProtocolError('Connection aborted.', ConnectionResetError(104, 'Connection reset by peer'))': /azureml/ExperimentRun/dcid.AutoML_035f04d5-ac83-4ec5-8151-8e20e2844194_193/outputs/scoring_file_v_1_0_0.py?sv=2019-02-02&sr=b&sig=ufEElVed8hJ1nUNCokVC0dLHv7mrk3A6bsI5G8POeJ8%3D&st=2020-10-02T11%3A15%3A43Z&se=2020-10-03T11%3A25%3A43Z&sp=rcw&comp=block&blockid=TURBd01EQXdNREF3TURBd01EQXdNREF3TURBd01EQXdNREF3TURBd01EQSUzRA%3D%3D&timeout=30
StandardScalerWrapper ExtremeRandomTrees       0:03:12       0.0995    0.0969
       194   RobustScaler ExtremeRandomTrees                0:00:26       0.1041    0.0969
       195   RobustScaler ExtremeRandomTrees                0:00:26       0.1072    0.0969
       196   StandardScalerWrapper ExtremeRandomTrees       0:00:24       0.1003    0.0969
       197   StandardScalerWrapper ExtremeRandomTrees       0:00:24       0.1021    0.0969
       198   RobustScaler ExtremeRandomTrees                0:00:20       0.0987    0.0969
       199   MinMaxScaler ExtremeRandomTrees                0:00:24       0.1086    0.0969
       200   StandardScalerWrapper ExtremeRandomTrees       0:00:24       0.1033    0.0969
       201   MinMaxScaler ExtremeRandomTrees                0:00:27       0.0994    0.0969
       202   MinMaxScaler ExtremeRandomTrees                0:00:24       0.1030    0.0969
       203   MinMaxScaler RandomForest                      0:00:29       0.1059    0.0969
       204   StandardScalerWrapper RandomForest             0:00:24       0.0974    0.0969
       205   MinMaxScaler ExtremeRandomTrees                0:00:26       0.1043    0.0969
       206   RobustScaler ExtremeRandomTrees                0:00:25       0.0965    0.0965
       207   StandardScalerWrapper ExtremeRandomTrees       0:00:24       0.0990    0.0965
       208   StandardScalerWrapper ExtremeRandomTrees       0:00:23       0.1043    0.0965
       209   StandardScalerWrapper ExtremeRandomTrees       0:00:28       0.1063    0.0965
       210   MinMaxScaler ExtremeRandomTrees                0:00:31       0.1110    0.0965
       211   RobustScaler RandomForest                      0:00:24       0.1035    0.0965
       212   StandardScalerWrapper ExtremeRandomTrees       0:00:24       0.1006    0.0965
       213   StandardScalerWrapper ExtremeRandomTrees       0:00:21       0.1005    0.0965
       214   RobustScaler ExtremeRandomTrees                0:00:28       0.1020    0.0965
       215   MinMaxScaler ExtremeRandomTrees                0:00:25       0.1092    0.0965
       216   MinMaxScaler RandomForest                      0:00:23       0.1019    0.0965
       217   WARNING - Received unrecognized parameter ensemble_download_models_timeout_sec
WARNING - Received unrecognized parameter ensemble_download_models_timeout_sec
VotingEnsemble                                 0:02:21       0.0963    0.0963
Stopping criteria reached at iteration 218. Ending experiment.
WARNING - Received unrecognized parameter ensemble_download_models_timeout_sec
WARNING - Received unrecognized parameter ensemble_download_models_timeout_sec
WARNING - Received unrecognized parameter ensemble_download_models_timeout_sec
****************************************************************************************************
Current status: BestRunExplainModel. Best run model explanations started
Current status: ModelExplanationDataSetSetup. Model explanations data setup completed
Current status: PickSurrogateModel. Choosing LightGBM as the surrogate model for explanations
Current status: EngineeredFeatureExplanations. Computation of engineered features started
Current status: EngineeredFeatureExplanations. Computation of engineered features completed
Current status: BestRunExplainModel. Best run model explanations completed
****************************************************************************************************
WARNING - Received unrecognized parameter ensemble_download_models_timeout_sec
WARNING - Received unrecognized parameter ensemble_download_models_timeout_sec
WARNING - Received unrecognized parameter ensemble_download_models_timeout_sec
Best pipeline:
<class 'sklearn.ensemble._voting.VotingRegressor'>
0. Pipeline(memory=None,
         steps=[('robustscaler',
                 RobustScaler(copy=True, quantile_range=[10, 90],
                              with_centering=True, with_scaling=False)),
                ('extratreesregressor',
                 ExtraTreesRegressor(bootstrap=False, ccp_alpha=0.0,
                                     criterion='mse', max_depth=None,
                                     max_features=None, max_leaf_nodes=None,
                                     max_samples=None,
                                     min_impurity_decrease=0.0,
                                     min_impurity_split=None,
                                     min_samples_leaf=0.01091729022778783,
                                     min_samples_split=0.0012814223889440828,
                                     min_weight_fraction_leaf=0.0,
                                     n_estimators=100, n_jobs=-1,
                                     oob_score=False, random_state=None,
                                     verbose=0, warm_start=False))],
         verbose=False)
1. Pipeline(memory=None,
         steps=[('standardscalerwrapper',
                 <azureml.automl.runtime.shared.model_wrappers.StandardScalerWrapper object at 0x7f1616647a50>),
                ('extratreesregressor',
                 ExtraTreesRegressor(bootstrap=True, ccp_alpha=0.0,
                                     criterion='mse', max_depth=None,
                                     max_features=0.7, max_leaf_nodes=None,
                                     max_samples=None,
                                     min_impurity_decrease=0.0,
                                     min_impurity_split=None,
                                     min_samples_leaf=0.003466237459044996,
                                     min_samples_split=0.0012814223889440828,
                                     min_weight_fraction_leaf=0.0,
                                     n_estimators=200, n_jobs=-1,
                                     oob_score=False, random_state=None,
                                     verbose=0, warm_start=False))],
         verbose=False)
2. Pipeline(memory=None,
         steps=[('robustscaler',
                 RobustScaler(copy=True, quantile_range=[25, 75],
                              with_centering=False, with_scaling=False)),
                ('randomforestregressor',
                 RandomForestRegressor(bootstrap=False, ccp_alpha=0.0,
                                       criterion='mse', max_depth=None,
                                       max_features=0.5, max_leaf_nodes=None,
                                       max_samples=None,
                                       min_impurity_decrease=0.0,
                                       min_impurity_split=None,
                                       min_samples_leaf=0.0074478228980205795,
                                       min_samples_split=0.000753222139758624,
                                       min_weight_fraction_leaf=0.0,
                                       n_estimators=50, n_jobs=-1,
                                       oob_score=False, random_state=None,
                                       verbose=0, warm_start=False))],
         verbose=False)
3. Pipeline(memory=None,
         steps=[('robustscaler',
                 RobustScaler(copy=True, quantile_range=[25, 75],
                              with_centering=True, with_scaling=True)),
                ('randomforestregressor',
                 RandomForestRegressor(bootstrap=False, ccp_alpha=0.0,
                                       criterion='mse', max_depth=None,
                                       max_features=0.7, max_leaf_nodes=None,
                                       max_samples=None,
                                       min_impurity_decrease=0.0,
                                       min_impurity_split=None,
                                       min_samples_leaf=0.01091729022778783,
                                       min_samples_split=0.0012814223889440828,
                                       min_weight_fraction_leaf=0.0,
                                       n_estimators=25, n_jobs=-1,
                                       oob_score=False, random_state=None,
                                       verbose=0, warm_start=False))],
         verbose=False)
4. Pipeline(memory=None,
         steps=[('robustscaler',
                 RobustScaler(copy=True, quantile_range=[25, 75],
                              with_centering=True, with_scaling=True)),
                ('extratreesregressor',
                 ExtraTreesRegressor(bootstrap=True, ccp_alpha=0.0,
                                     criterion='mse', max_depth=None,
                                     max_features=0.9, max_leaf_nodes=None,
                                     max_samples=None,
                                     min_impurity_decrease=0.0,
                                     min_impurity_split=None,
                                     min_samples_leaf=0.0074478228980205795,
                                     min_samples_split=0.010734188827013528,
                                     min_weight_fraction_leaf=0.0,
                                     n_estimators=600, n_jobs=-1,
                                     oob_score=False, random_state=None,
                                     verbose=0, warm_start=False))],
         verbose=False)
5. Pipeline(memory=None,
         steps=[('standardscalerwrapper',
                 <azureml.automl.runtime.shared.model_wrappers.StandardScalerWrapper object at 0x7f161636ac10>),
                ('randomforestregressor',
                 RandomForestRegressor(bootstrap=True, ccp_alpha=0.0,
                                       criterion='mse', max_depth=None,
                                       max_features=0.7, max_leaf_nodes=None,
                                       max_samples=None,
                                       min_impurity_decrease=0.0,
                                       min_impurity_split=None,
                                       min_samples_leaf=0.0023646822772690063,
                                       min_samples_split=0.00310675990983383,
                                       min_weight_fraction_leaf=0.0,
                                       n_estimators=25, n_jobs=-1,
                                       oob_score=False, random_state=None,
                                       verbose=0, warm_start=False))],
         verbose=False)
6. Pipeline(memory=None,
         steps=[('robustscaler',
                 RobustScaler(copy=True, quantile_range=[10, 90],
                              with_centering=False, with_scaling=False)),
                ('decisiontreeregressor',
                 DecisionTreeRegressor(ccp_alpha=0.0, criterion='mse',
                                       max_depth=None, max_features=None,
                                       max_leaf_nodes=None,
                                       min_impurity_decrease=0.0,
                                       min_impurity_split=None,
                                       min_samples_leaf=0.003851381725578514,
                                       min_samples_split=0.012814223889440833,
                                       min_weight_fraction_leaf=0.0,
                                       presort='deprecated', random_state=None,
                                       splitter='random'))],
         verbose=False)
7. Pipeline(memory=None,
         steps=[('robustscaler',
                 RobustScaler(copy=True, quantile_range=[25, 75],
                              with_centering=False, with_scaling=True)),
                ('extratreesregressor',
                 ExtraTreesRegressor(bootstrap=False, ccp_alpha=0.0,
                                     criterion='mae', max_depth=None,
                                     max_features=None, max_leaf_nodes=None,
                                     max_samples=None,
                                     min_impurity_decrease=0.0,
                                     min_impurity_split=None,
                                     min_samples_leaf=0.01321775243133542,
                                     min_samples_split=0.0037087774117744725,
                                     min_weight_fraction_leaf=0.0,
                                     n_estimators=10, n_jobs=-1,
                                     oob_score=False, random_state=None,
                                     verbose=0, warm_start=False))],
         verbose=False)
8. Pipeline(memory=None,
         steps=[('standardscalerwrapper',
                 <azureml.automl.runtime.shared.model_wrappers.StandardScalerWrapper object at 0x7f1616362b10>),
                ('decisiontreeregressor',
                 DecisionTreeRegressor(ccp_alpha=0.0, criterion='mse',
                                       max_depth=None, max_features=None,
                                       max_leaf_nodes=None,
                                       min_impurity_decrease=0.0,
                                       min_impurity_split=None,
                                       min_samples_leaf=0.006056302831963706,
                                       min_samples_split=0.000630957344480193,
                                       min_weight_fraction_leaf=0.0,
                                       presort='deprecated', random_state=None,
                                       splitter='random'))],
         verbose=False)

['quarter', 'month', 'day', 'hour', 'minute', 'am_pm', 'hour12', 'wday', 'qday', 'yday']
  RawFeatureName TypeDetected Dropped  EngineeredFeatureCount  \
0  timestamp      DateTime     No      10                       

                                                                                                                                                                                                      Transformations  
0  [DateTimeTransformer, DateTimeTransformer, DateTimeTransformer, DateTimeTransformer, DateTimeTransformer, DateTimeTransformer, DateTimeTransformer, DateTimeTransformer, DateTimeTransformer, DateTimeTransformer]  
