Running on local machine
Parent Run ID: AutoML_0e6d2a4d-c5c7-4b96-b153-6733605e1c57

Current status: DatasetFeaturization. Beginning to featurize the dataset.
Current status: DatasetFeaturizationCompleted. Completed featurizing the dataset.
Heuristic parameters: Target_Lag = '[0]', Target_Rolling_Window = '0', Max_Horizon = '2'.
WARNING - Converting non-string tag to string: (forecasting_target_lags: [0])
WARNING - Converting non-string tag to string: (forecasting_target_rolling_window_size: 0)
WARNING - Converting non-string tag to string: (forecasting_max_horizon: 2)
Current status: DatasetCrossValidationSplit. Generating individually featurized CV splits.
Current status: DatasetFeaturization. Beginning to featurize the CV split.
Current status: DatasetFeaturizationCompleted. Completed featurizing the CV split.
Current status: DatasetFeaturization. Beginning to featurize the CV split.
Current status: DatasetFeaturizationCompleted. Completed featurizing the CV split.
Current status: DatasetFeaturization. Beginning to featurize the CV split.
Current status: DatasetFeaturizationCompleted. Completed featurizing the CV split.
Current status: DatasetFeaturization. Beginning to featurize the CV split.
Current status: DatasetFeaturizationCompleted. Completed featurizing the CV split.
Current status: DatasetFeaturization. Beginning to featurize the CV split.
Current status: DatasetFeaturizationCompleted. Completed featurizing the CV split.

****************************************************************************************************
DATA GUARDRAILS: 

TYPE:         Frequency detection
STATUS:       PASSED
DESCRIPTION:  The time series was analyzed, all data points are aligned with detected frequency.
              

****************************************************************************************************

TYPE:         Missing feature values imputation
STATUS:       PASSED
DESCRIPTION:  No feature missing values were detected in the training data.
              Learn more about missing value imputation: https://aka.ms/AutomatedMLFeaturization

****************************************************************************************************

TYPE:         Memory Issues Detection
STATUS:       PASSED
DESCRIPTION:  The selected horizon, lag and rolling window values were analyzed, and no potential memory issues were detected.
              Learn more about time-series forecasting configurations: https://aka.ms/AutomatedMLForecastingConfiguration

****************************************************************************************************
Current status: ModelSelection. Beginning model selection.

****************************************************************************************************
ITERATION: The iteration being evaluated.
PIPELINE: A summary description of the pipeline being evaluated.
DURATION: Time taken for the current iteration.
METRIC: The result of computing score on the fitted pipeline.
BEST: The best observed score thus far.
****************************************************************************************************

 ITERATION   PIPELINE                                       DURATION      METRIC      BEST
         0   MaxAbsScaler DecisionTree                      0:00:28       0.0982    0.0982
         1   MinMaxScaler DecisionTree                      0:00:21       0.0806    0.0806
         2   StandardScalerWrapper LassoLars                0:00:22       0.0905    0.0806
         3   RobustScaler ElasticNet                        0:00:16       0.0889    0.0806
         4   StandardScalerWrapper LassoLars                0:00:23       0.0905    0.0806
         5   RobustScaler ElasticNet                        0:00:21       0.0903    0.0806
         6   RobustScaler DecisionTree                      0:00:21       0.0718    0.0718
         7   MinMaxScaler DecisionTree                      0:00:22       0.0231    0.0231
         8   RobustScaler DecisionTree                      0:00:16       0.0723    0.0231
         9   MinMaxScaler DecisionTree                      0:00:26       0.0471    0.0231
        10   StandardScalerWrapper DecisionTree             0:00:23       0.0706    0.0231
        11   StandardScalerWrapper DecisionTree             0:00:22       0.0397    0.0231
        12   WARNING - Retrying (Retry(total=2, connect=None, read=None, redirect=None, status=None)) after connection broken by 'ProtocolError('Connection aborted.', ConnectionResetError(104, 'Connection reset by peer'))': /azureml/ExperimentRun/dcid.AutoML_0e6d2a4d-c5c7-4b96-b153-6733605e1c57_12/outputs/scoring_file_v_1_0_0.py?sv=2019-02-02&sr=b&sig=siELTqjO1ztKY1JyWH6bozjYvCjEWJbmkV%2B4nGZrlq8%3D&st=2020-09-02T08%3A32%3A18Z&se=2020-09-03T08%3A42%3A18Z&sp=rcw&comp=block&blockid=TURBd01EQXdNREF3TURBd01EQXdNREF3TURBd01EQXdNREF3TURBd01EQSUzRA%3D%3D&timeout=30
WARNING - Retrying (Retry(total=2, connect=None, read=None, redirect=None, status=None)) after connection broken by 'ProtocolError('Connection aborted.', ConnectionResetError(104, 'Connection reset by peer'))': /azureml/ExperimentRun/dcid.AutoML_0e6d2a4d-c5c7-4b96-b153-6733605e1c57_12/outputs/model.pkl?sv=2019-02-02&sr=b&sig=mtQ7cHAeRlI1B1LwBVkaOlocdqYMz1OAS13O5Uob%2FLQ%3D&st=2020-09-02T08%3A32%3A18Z&se=2020-09-03T08%3A42%3A18Z&sp=rcw&comp=block&blockid=TURBd01EQXdNREF3TURBd01EQXdNREF3TURBd01EQXdNREF3TURBd01EQSUzRA%3D%3D&timeout=30
RobustScaler DecisionTree                      0:03:07       0.0645    0.0231
        13   RobustScaler ElasticNet                        0:00:21       0.1212    0.0231
        14   StandardScalerWrapper DecisionTree             0:00:25       0.0654    0.0231
        15   MinMaxScaler DecisionTree                      0:00:23       0.0280    0.0231
        16   MinMaxScaler DecisionTree                      0:00:22       0.0601    0.0231
        17   RobustScaler DecisionTree                      0:00:22       0.0590    0.0231
        18   RobustScaler DecisionTree                      0:00:21       0.0780    0.0231
        19   WARNING - Retrying (Retry(total=2, connect=None, read=None, redirect=None, status=None)) after connection broken by 'ProtocolError('Connection aborted.', ConnectionResetError(104, 'Connection reset by peer'))': /azureml/ExperimentRun/dcid.AutoML_0e6d2a4d-c5c7-4b96-b153-6733605e1c57_19/outputs/model.pkl?sv=2019-02-02&sr=b&sig=YDHTu3SVgtoQawbsXNVgPVZ03jP57jCi5vQabT1q5tA%3D&st=2020-09-02T08%3A37%3A41Z&se=2020-09-03T08%3A47%3A41Z&sp=rcw&comp=block&blockid=TURBd01EQXdNREF3TURBd01EQXdNREF3TURBd01EQXdNREF3TURBd01EQSUzRA%3D%3D&timeout=30
WARNING - Retrying (Retry(total=2, connect=None, read=None, redirect=None, status=None)) after connection broken by 'ProtocolError('Connection aborted.', ConnectionResetError(104, 'Connection reset by peer'))': /azureml/ExperimentRun/dcid.AutoML_0e6d2a4d-c5c7-4b96-b153-6733605e1c57_19/outputs/pipeline_graph.json?sv=2019-02-02&sr=b&sig=Vhy4zpvLvkJeJg3yS%2B4sSbQpBfPj44Kt5SyUs8sD%2BRQ%3D&st=2020-09-02T08%3A37%3A41Z&se=2020-09-03T08%3A47%3A41Z&sp=rcw&comp=block&blockid=TURBd01EQXdNREF3TURBd01EQXdNREF3TURBd01EQXdNREF3TURBd01EQSUzRA%3D%3D&timeout=30
StandardScalerWrapper DecisionTree             0:03:10       0.0407    0.0231
        20   StandardScalerWrapper DecisionTree             0:00:22       0.0214    0.0214
        21   MinMaxScaler DecisionTree                      0:00:21       0.0302    0.0214
        22   StandardScalerWrapper DecisionTree             0:00:21       0.1055    0.0214
        23   MinMaxScaler DecisionTree                      0:00:22       0.0514    0.0214
        24   StandardScalerWrapper ExtremeRandomTrees       0:00:19       0.1109    0.0214
        25   StandardScalerWrapper DecisionTree             0:00:21       0.0498    0.0214
        26   StandardScalerWrapper DecisionTree             0:00:22       0.0381    0.0214
        27   StandardScalerWrapper RandomForest             0:00:32       0.0921    0.0214
        28   RobustScaler DecisionTree                      0:00:22       0.0227    0.0214
        29   RobustScaler DecisionTree                      0:00:22       0.0208    0.0208
        30   RobustScaler DecisionTree                      0:00:23       0.0943    0.0208
        31   StandardScalerWrapper DecisionTree             0:00:28       0.0381    0.0208
        32   RobustScaler DecisionTree                      0:00:19       0.0169    0.0169
        33   StandardScalerWrapper DecisionTree             0:00:22       0.0326    0.0169
        34   StandardScalerWrapper DecisionTree             0:00:23       0.0592    0.0169
        35   StandardScalerWrapper DecisionTree             0:00:25       0.0638    0.0169
        36   MinMaxScaler DecisionTree                      0:00:33       0.0714    0.0169
        37   StandardScalerWrapper DecisionTree             0:00:22       0.0511    0.0169
        38   RobustScaler DecisionTree                      0:00:22       0.0460    0.0169
        39   RobustScaler ExtremeRandomTrees                0:00:25       0.1220    0.0169
        40   StandardScalerWrapper DecisionTree             0:00:23       0.0319    0.0169
        41   MinMaxScaler DecisionTree                      0:00:22       0.0550    0.0169
        42   RobustScaler DecisionTree                      0:00:22       0.0178    0.0169
        43   StandardScalerWrapper DecisionTree             0:00:27       0.0901    0.0169
        44   RobustScaler DecisionTree                      0:00:22       0.0748    0.0169
        45   StandardScalerWrapper DecisionTree             0:00:23       0.0612    0.0169
        46   MinMaxScaler DecisionTree                      0:00:22       0.0390    0.0169
        47   RobustScaler DecisionTree                      0:00:18       0.0140    0.0140
        48   MinMaxScaler DecisionTree                      0:00:23       0.0722    0.0140
        49   MinMaxScaler DecisionTree                      0:00:21       0.0816    0.0140
        50   MinMaxScaler DecisionTree                      0:00:21       0.1100    0.0140
        51   MinMaxScaler DecisionTree                      0:00:22       0.0248    0.0140
        52   StandardScalerWrapper DecisionTree             0:00:23       0.0469    0.0140
        53   MinMaxScaler DecisionTree                      0:00:22       0.0084    0.0084
        54   StandardScalerWrapper DecisionTree             0:00:22       0.0394    0.0084
        55   MinMaxScaler DecisionTree                      0:00:22       0.0176    0.0084
        56   StandardScalerWrapper DecisionTree             0:00:22       0.0545    0.0084
        57   MinMaxScaler DecisionTree                      0:00:23       0.0696    0.0084
        58   WARNING - Retrying (Retry(total=2, connect=None, read=None, redirect=None, status=None)) after connection broken by 'ProtocolError('Connection aborted.', ConnectionResetError(104, 'Connection reset by peer'))': /azureml/ExperimentRun/dcid.AutoML_0e6d2a4d-c5c7-4b96-b153-6733605e1c57_58/outputs/pipeline_graph.json?sv=2019-02-02&sr=b&sig=WIMBgQB6uqSDIUYajyzBBHGzKrLlZL9n5AQ2eu4dr10%3D&st=2020-09-02T08%3A55%3A42Z&se=2020-09-03T09%3A05%3A42Z&sp=rcw&comp=block&blockid=TURBd01EQXdNREF3TURBd01EQXdNREF3TURBd01EQXdNREF3TURBd01EQSUzRA%3D%3D&timeout=30
WARNING - Retrying (Retry(total=2, connect=None, read=None, redirect=None, status=None)) after connection broken by 'ProtocolError('Connection aborted.', ConnectionResetError(104, 'Connection reset by peer'))': /azureml/ExperimentRun/dcid.AutoML_0e6d2a4d-c5c7-4b96-b153-6733605e1c57_58/outputs/env_dependencies.json?sv=2019-02-02&sr=b&sig=IDGuvhCoRqmnlbZeX%2Bdz%2B66oC3085zEg9EfXmHWlUVI%3D&st=2020-09-02T08%3A55%3A42Z&se=2020-09-03T09%3A05%3A42Z&sp=rcw&comp=block&blockid=TURBd01EQXdNREF3TURBd01EQXdNREF3TURBd01EQXdNREF3TURBd01EQSUzRA%3D%3D&timeout=30
MinMaxScaler DecisionTree                      0:03:10       0.0463    0.0084
        59   RobustScaler DecisionTree                      0:00:24       0.0879    0.0084
        60   StandardScalerWrapper DecisionTree             0:00:23       0.0232    0.0084
        61   MinMaxScaler DecisionTree                      0:00:22       0.0267    0.0084
        62   StandardScalerWrapper DecisionTree             0:00:22       0.0450    0.0084
        63   StandardScalerWrapper DecisionTree             0:00:22       0.0235    0.0084
        64   RobustScaler DecisionTree                      0:00:23       0.0171    0.0084
        65   StandardScalerWrapper DecisionTree             0:00:23       0.0615    0.0084
        66   MinMaxScaler DecisionTree                      0:00:22       0.0158    0.0084
        67   MinMaxScaler DecisionTree                      0:00:21       0.0673    0.0084
        68   MinMaxScaler DecisionTree                      0:00:22       0.0548    0.0084
        69   StandardScalerWrapper DecisionTree             0:00:28       0.0731    0.0084
        70   RobustScaler DecisionTree                      0:00:25       0.1213    0.0084
        71   WARNING - Retrying (Retry(total=2, connect=None, read=None, redirect=None, status=None)) after connection broken by 'ProtocolError('Connection aborted.', ConnectionResetError(104, 'Connection reset by peer'))': /azureml/ExperimentRun/dcid.AutoML_0e6d2a4d-c5c7-4b96-b153-6733605e1c57_71/outputs/scoring_file_v_1_0_0.py?sv=2019-02-02&sr=b&sig=oQsx23hNNavmsslvIjN%2B7ZmGsnzq5yJMLHMfpvRaL2o%3D&st=2020-09-02T09%3A03%3A37Z&se=2020-09-03T09%3A13%3A37Z&sp=rcw&comp=block&blockid=TURBd01EQXdNREF3TURBd01EQXdNREF3TURBd01EQXdNREF3TURBd01EQSUzRA%3D%3D&timeout=30
MinMaxScaler DecisionTree                      0:03:02       0.0227    0.0084
        72   StandardScalerWrapper DecisionTree             0:00:33       0.0738    0.0084
        73   RobustScaler DecisionTree                      0:00:30       0.0776    0.0084
        74   StandardScalerWrapper ElasticNet               0:00:33       0.0903    0.0084
        75   MinMaxScaler DecisionTree                      0:00:23       0.0964    0.0084
        76   RobustScaler ElasticNet                        0:00:24       0.0902    0.0084
        77   MinMaxScaler DecisionTree                      0:00:23       0.0737    0.0084
        78   StandardScalerWrapper DecisionTree             0:00:22       0.0537    0.0084
        79   StandardScalerWrapper DecisionTree             0:00:22       0.0547    0.0084
        80   RobustScaler DecisionTree                      0:00:22       0.1078    0.0084
        81   StandardScalerWrapper DecisionTree             0:00:22       0.0686    0.0084
        82   StandardScalerWrapper DecisionTree             0:00:23       0.0473    0.0084
        83   MinMaxScaler DecisionTree                      0:00:22       0.0239    0.0084
        84   StandardScalerWrapper DecisionTree             0:00:22       0.0856    0.0084
        85   MinMaxScaler DecisionTree                      0:00:22       0.0495    0.0084
        86   MinMaxScaler DecisionTree                      0:00:22       0.0587    0.0084
        87   MinMaxScaler DecisionTree                      0:00:23       0.0338    0.0084
        88   MinMaxScaler DecisionTree                      0:00:16       0.0208    0.0084
        89   MinMaxScaler DecisionTree                      0:00:21       0.0777    0.0084
        90   RobustScaler DecisionTree                      0:00:22       0.0954    0.0084
        91   MinMaxScaler DecisionTree                      0:00:23       0.0337    0.0084
        92   WARNING - Retrying (Retry(total=2, connect=None, read=None, redirect=None, status=None)) after connection broken by 'ProtocolError('Connection aborted.', ConnectionResetError(104, 'Connection reset by peer'))': /azureml/ExperimentRun/dcid.AutoML_0e6d2a4d-c5c7-4b96-b153-6733605e1c57_92/outputs/pipeline_graph.json?sv=2019-02-02&sr=b&sig=c6gSbhElJrL%2Byx3kPKZ%2B3WgqOgChQWkaIDZnRRiWMhI%3D&st=2020-09-02T09%3A14%3A39Z&se=2020-09-03T09%3A24%3A39Z&sp=rcw&comp=block&blockid=TURBd01EQXdNREF3TURBd01EQXdNREF3TURBd01EQXdNREF3TURBd01EQSUzRA%3D%3D&timeout=30
StandardScalerWrapper DecisionTree             0:03:15       0.0326    0.0084
        93   RobustScaler DecisionTree                      0:00:22       0.0189    0.0084
        94   StandardScalerWrapper DecisionTree             0:00:22       0.0222    0.0084
        95   MinMaxScaler DecisionTree                      0:00:29       0.0820    0.0084
        96   RobustScaler DecisionTree                      0:00:23       0.0518    0.0084
        97   StandardScalerWrapper DecisionTree             0:00:28       0.0280    0.0084
        98   MinMaxScaler DecisionTree                      0:00:22       0.0147    0.0084
        99   StandardScalerWrapper DecisionTree             0:00:23       0.0510    0.0084
       100   StandardScalerWrapper DecisionTree             0:00:24       0.0877    0.0084
       101   MinMaxScaler DecisionTree                      0:00:17       0.0187    0.0084
       102   MinMaxScaler DecisionTree                      0:00:22       0.0710    0.0084
       103   RobustScaler DecisionTree                      0:00:28       0.0801    0.0084
       104   StandardScalerWrapper DecisionTree             0:00:23       0.0480    0.0084
       105   RobustScaler DecisionTree                      0:00:22       0.0367    0.0084
       106   MinMaxScaler DecisionTree                      0:00:22       0.0933    0.0084
       107   StandardScalerWrapper DecisionTree             0:00:24       0.0145    0.0084
       108   StandardScalerWrapper DecisionTree             0:00:23       0.0719    0.0084
       109   RobustScaler DecisionTree                      0:00:24       0.0422    0.0084
       110   MinMaxScaler DecisionTree                      0:00:23       0.1173    0.0084
       111   RobustScaler DecisionTree                      0:00:23       0.0195    0.0084
       112   RobustScaler DecisionTree                      0:00:23       0.0642    0.0084
       113   RobustScaler DecisionTree                      0:00:17       0.0291    0.0084
       114   MinMaxScaler DecisionTree                      0:00:23       0.0234    0.0084
       115   MinMaxScaler DecisionTree                      0:00:35       0.0606    0.0084
       116   StandardScalerWrapper DecisionTree             0:00:23       0.0159    0.0084
       117   MinMaxScaler DecisionTree                      0:00:22       0.0607    0.0084
       118   VotingEnsemble                                 0:01:15       0.0067    0.0067
Stopping criteria reached at iteration 119. Ending experiment.
****************************************************************************************************
Current status: BestRunExplainModel. Best run model explanations started
Current status: ModelExplanationDataSetSetup. Model explanations data setup completed
Current status: PickSurrogateModel. Choosing LightGBM as the surrogate model for explanations
Current status: EngineeredFeatureExplanations. Computation of engineered features started
Current status: EngineeredFeatureExplanations. Computation of engineered features completed
Current status: BestRunExplainModel. Best run model explanations completed
****************************************************************************************************
[('timeseriestransformer', TimeSeriesTransformer(featurization_config=None,
                      pipeline_type=<TimeSeriesPipelineType.FULL: 1>)), ('prefittedsoftvotingregressor', PreFittedSoftVotingRegressor(estimators=[('53',
                                          Pipeline(memory=None,
                                                   steps=[('minmaxscaler',
                                                           MinMaxScaler(copy=True,
                                                                        feature_range=(0,
                                                                                       1))),
                                                          ('decisiontreeregressor',
                                                           DecisionTreeRegressor(ccp_alpha=0.0,
                                                                                 criterion='mse',
                                                                                 max_depth=None,
                                                                                 max_features=0.7,
                                                                                 max_leaf_nodes=None,
                                                                                 min_impurity_decrease=0.0,
                                                                                 min_impurity_split=None,
                                                                                 min_samples_leaf=0.0030712916328495...
                                                                                 max_depth=None,
                                                                                 max_features=0.7,
                                                                                 max_leaf_nodes=None,
                                                                                 min_impurity_decrease=0.0,
                                                                                 min_impurity_split=None,
                                                                                 min_samples_leaf=0.002742668396429022,
                                                                                 min_samples_split=0.0075322213975862395,
                                                                                 min_weight_fraction_leaf=0.0,
                                                                                 presort='deprecated',
                                                                                 random_state=None,
                                                                                 splitter='best'))],
                                                   verbose=False))],
                             weights=[0.7692307692307693, 0.15384615384615385,
                                      0.07692307692307693]))]
