WARNING - Received unrecognized parameter ensemble_download_models_timeout_sec
Running on local machine
Parent Run ID: AutoML_b7de4565-c982-4768-977f-acc0cb50f1e7

Current status: DatasetFeaturization. Beginning to featurize the dataset.
Current status: DatasetFeaturizationCompleted. Completed featurizing the dataset.
Heuristic parameters: Target_Lag = '[0]', Target_Rolling_Window = '0'.
WARNING - Converting non-string tag to string: (forecasting_target_lags: [0])
WARNING - Converting non-string tag to string: (forecasting_target_rolling_window_size: 0)
WARNING - Converting non-string tag to string: (forecasting_max_horizon: 2064)
Current status: DatasetCrossValidationSplit. Generating individually featurized CV splits.
Current status: DatasetFeaturization. Beginning to featurize the CV split.
Current status: DatasetFeaturizationCompleted. Completed featurizing the CV split.
Current status: DatasetFeaturization. Beginning to featurize the CV split.
Current status: DatasetFeaturizationCompleted. Completed featurizing the CV split.
Current status: DatasetFeaturization. Beginning to featurize the CV split.
Current status: DatasetFeaturizationCompleted. Completed featurizing the CV split.
Current status: DatasetFeaturization. Beginning to featurize the CV split.
Current status: DatasetFeaturizationCompleted. Completed featurizing the CV split.
Current status: DatasetFeaturization. Beginning to featurize the CV split.
Current status: DatasetFeaturizationCompleted. Completed featurizing the CV split.

****************************************************************************************************
DATA GUARDRAILS: 

TYPE:         Frequency detection
STATUS:       PASSED
DESCRIPTION:  The time series was analyzed, all data points are aligned with detected frequency.
              

****************************************************************************************************

TYPE:         Missing feature values imputation
STATUS:       PASSED
DESCRIPTION:  No feature missing values were detected in the training data.
              Learn more about missing value imputation: https://aka.ms/AutomatedMLFeaturization

****************************************************************************************************

TYPE:         Memory Issues Detection
STATUS:       PASSED
DESCRIPTION:  The selected horizon, lag and rolling window values were analyzed, and no potential memory issues were detected.
              Learn more about time-series forecasting configurations: https://aka.ms/AutomatedMLForecastingConfiguration

****************************************************************************************************
Current status: ModelSelection. Beginning model selection.

****************************************************************************************************
ITERATION: The iteration being evaluated.
PIPELINE: A summary description of the pipeline being evaluated.
DURATION: Time taken for the current iteration.
METRIC: The result of computing score on the fitted pipeline.
BEST: The best observed score thus far.
****************************************************************************************************

 ITERATION   PIPELINE                                       DURATION      METRIC      BEST
         0   MaxAbsScaler DecisionTree                      0:00:27       0.0870    0.0870
         1   MinMaxScaler DecisionTree                      0:00:20       0.0798    0.0798
         2   StandardScalerWrapper LassoLars                0:00:20       0.1386    0.0798
         3   RobustScaler ElasticNet                        0:00:20       0.1395    0.0798
         4   StandardScalerWrapper LassoLars                0:00:26       0.1386    0.0798
         5   RobustScaler ElasticNet                        0:00:26       0.1386    0.0798
         6   RobustScaler DecisionTree                      0:00:21       0.0865    0.0798
         7   MinMaxScaler DecisionTree                      0:00:22       0.0578    0.0578
         8   RobustScaler DecisionTree                      0:00:21       0.1049    0.0578
         9   WARNING - Retrying (Retry(total=2, connect=None, read=None, redirect=None, status=None)) after connection broken by 'ProtocolError('Connection aborted.', ConnectionResetError(104, 'Connection reset by peer'))': /azureml/ExperimentRun/dcid.AutoML_b7de4565-c982-4768-977f-acc0cb50f1e7_9/outputs/conda_env_v_1_0_0.yml?sv=2019-02-02&sr=b&sig=TEekq9%2BTRj2%2BzZiTAVZbX6GiYJY6ZJ3%2FESSC%2Bp17fWU%3D&st=2020-10-04T07%3A43%3A47Z&se=2020-10-05T07%3A53%3A47Z&sp=rcw&comp=block&blockid=TURBd01EQXdNREF3TURBd01EQXdNREF3TURBd01EQXdNREF3TURBd01EQSUzRA%3D%3D&timeout=30
WARNING - Retrying (Retry(total=2, connect=None, read=None, redirect=None, status=None)) after connection broken by 'ProtocolError('Connection aborted.', ConnectionResetError(104, 'Connection reset by peer'))': /azureml/ExperimentRun/dcid.AutoML_b7de4565-c982-4768-977f-acc0cb50f1e7_9/outputs/model.pkl?sv=2019-02-02&sr=b&sig=6YYCCzD%2BTGaHf%2B%2BnE9ClQreD3g%2FazeaMg%2BqwQmMalz4%3D&st=2020-10-04T07%3A43%3A47Z&se=2020-10-05T07%3A53%3A47Z&sp=rcw&comp=block&blockid=TURBd01EQXdNREF3TURBd01EQXdNREF3TURBd01EQXdNREF3TURBd01EQSUzRA%3D%3D&timeout=30
WARNING - Retrying (Retry(total=2, connect=None, read=None, redirect=None, status=None)) after connection broken by 'ProtocolError('Connection aborted.', ConnectionResetError(104, 'Connection reset by peer'))': /azureml/ExperimentRun/dcid.AutoML_b7de4565-c982-4768-977f-acc0cb50f1e7_9/outputs/scoring_file_v_1_0_0.py?sv=2019-02-02&sr=b&sig=NB%2B1X%2F8OJOCGar8oNkn%2BR4zTd6hEKSvPtNOerYfWQDs%3D&st=2020-10-04T07%3A43%3A47Z&se=2020-10-05T07%3A53%3A47Z&sp=rcw&comp=block&blockid=TURBd01EQXdNREF3TURBd01EQXdNREF3TURBd01EQXdNREF3TURBd01EQSUzRA%3D%3D&timeout=30
MinMaxScaler DecisionTree                      0:03:12       0.0697    0.0578
        10   StandardScalerWrapper DecisionTree             0:00:21       0.0714    0.0578
        11   StandardScalerWrapper DecisionTree             0:00:20       0.0709    0.0578
        12   RobustScaler DecisionTree                      0:00:21       0.0666    0.0578
        13   RobustScaler ElasticNet                        0:00:21       0.1392    0.0578
        14   StandardScalerWrapper DecisionTree             0:00:26       0.0678    0.0578
        15   MinMaxScaler DecisionTree                      0:00:26       0.0630    0.0578
        16   MinMaxScaler DecisionTree                      0:00:21       0.0764    0.0578
        17   RobustScaler DecisionTree                      0:00:21       0.0711    0.0578
        18   RobustScaler DecisionTree                      0:00:25       0.0897    0.0578
        19   StandardScalerWrapper DecisionTree             0:00:21       0.0728    0.0578
        20   StandardScalerWrapper DecisionTree             0:00:21       0.0610    0.0578
        21   MinMaxScaler DecisionTree                      0:00:21       0.0654    0.0578
        22   MinMaxScaler DecisionTree                      0:00:22       0.0645    0.0578
        23   StandardScalerWrapper ExtremeRandomTrees       0:00:24       0.0971    0.0578
        24   StandardScalerWrapper RandomForest             0:00:28       0.0817    0.0578
        25   StandardScalerWrapper DecisionTree             0:00:29       0.0886    0.0578
        26   RobustScaler DecisionTree                      0:00:27       0.0592    0.0578
        27   StandardScalerWrapper DecisionTree             0:00:22       0.0596    0.0578
        28   RobustScaler DecisionTree                      0:00:26       0.0579    0.0578
        29   StandardScalerWrapper DecisionTree             0:00:21       0.0761    0.0578
        30   StandardScalerWrapper DecisionTree             0:00:21       0.0799    0.0578
        31   StandardScalerWrapper DecisionTree             0:00:21       0.0613    0.0578
        32   MinMaxScaler DecisionTree                      0:00:26       0.0665    0.0578
        33   RobustScaler DecisionTree                      0:00:21       0.0599    0.0578
        34   StandardScalerWrapper DecisionTree             0:00:26       0.0912    0.0578
        35   StandardScalerWrapper DecisionTree             0:00:21       0.0809    0.0578
        36   RobustScaler DecisionTree                      0:00:28       0.0579    0.0578
        37   StandardScalerWrapper DecisionTree             0:00:28       0.0717    0.0578
        38   MinMaxScaler DecisionTree                      0:00:27       0.0642    0.0578
        39   MinMaxScaler DecisionTree                      0:00:21       0.0717    0.0578
        40   StandardScalerWrapper DecisionTree             0:00:21       0.0645    0.0578
        41   MinMaxScaler DecisionTree                      0:00:28       0.0752    0.0578
        42   StandardScalerWrapper RandomForest             0:00:24       0.1040    0.0578
        43   RobustScaler ExtremeRandomTrees                0:00:24       0.0987    0.0578
        44   RobustScaler DecisionTree                      0:00:21       0.0653    0.0578
        45   RobustScaler DecisionTree                      0:00:26       0.1170    0.0578
        46   StandardScalerWrapper ExtremeRandomTrees       0:00:23       0.0879    0.0578
        47   MinMaxScaler RandomForest                      0:00:27       0.0840    0.0578
        48   RobustScaler RandomForest                      0:00:29       0.1093    0.0578
        49   MinMaxScaler LightGBM                          0:00:22       0.0784    0.0578
        50   RobustScaler DecisionTree                      0:00:21       0.1051    0.0578
        51   RobustScaler RandomForest                      0:00:23       0.0916    0.0578
        52   MinMaxScaler ExtremeRandomTrees                0:00:23       0.0860    0.0578
        53   StandardScalerWrapper ExtremeRandomTrees       0:00:27       0.1071    0.0578
        54   MinMaxScaler LightGBM                          0:00:22       0.0938    0.0578
        55   WARNING - Retrying (Retry(total=2, connect=None, read=None, redirect=None, status=None)) after connection broken by 'ProtocolError('Connection aborted.', ConnectionResetError(104, 'Connection reset by peer'))': /azureml/ExperimentRun/dcid.AutoML_b7de4565-c982-4768-977f-acc0cb50f1e7_55/outputs/env_dependencies.json?sv=2019-02-02&sr=b&sig=g%2FNhiGqGKElrJn4sQtv7qCRFNzF3bgImBitntewN9us%3D&st=2020-10-04T08%3A05%3A11Z&se=2020-10-05T08%3A15%3A11Z&sp=rcw&comp=block&blockid=TURBd01EQXdNREF3TURBd01EQXdNREF3TURBd01EQXdNREF3TURBd01EQSUzRA%3D%3D&timeout=30
StandardScalerWrapper DecisionTree             0:03:09       0.1005    0.0578
        56   StandardScalerWrapper RandomForest             0:00:30       0.0975    0.0578
        57   MinMaxScaler RandomForest                      0:00:24       0.0691    0.0578
        58   StandardScalerWrapper RandomForest             0:00:23       0.0704    0.0578
        59   RobustScaler LightGBM                          0:00:22       0.0797    0.0578
        60   MinMaxScaler DecisionTree                      0:00:22       0.0888    0.0578
        61   WARNING - Retrying (Retry(total=2, connect=None, read=None, redirect=None, status=None)) after connection broken by 'ProtocolError('Connection aborted.', ConnectionResetError(104, 'Connection reset by peer'))': /azureml/ExperimentRun/dcid.AutoML_b7de4565-c982-4768-977f-acc0cb50f1e7_61/outputs/pipeline_graph.json?sv=2019-02-02&sr=b&sig=QmojKnnzpsNX1fAE%2BxkNC%2FQWSQcU9Qooy8H%2B%2BvT%2BAI0%3D&st=2020-10-04T08%3A10%3A26Z&se=2020-10-05T08%3A20%3A26Z&sp=rcw&comp=block&blockid=TURBd01EQXdNREF3TURBd01EQXdNREF3TURBd01EQXdNREF3TURBd01EQSUzRA%3D%3D&timeout=30
RobustScaler RandomForest                      0:03:04       0.0601    0.0578
        62   MinMaxScaler ExtremeRandomTrees                0:00:23       0.0918    0.0578
        63   WARNING - Retrying (Retry(total=2, connect=None, read=None, redirect=None, status=None)) after connection broken by 'ProtocolError('Connection aborted.', ConnectionResetError(104, 'Connection reset by peer'))': /azureml/ExperimentRun/dcid.AutoML_b7de4565-c982-4768-977f-acc0cb50f1e7_63/outputs/pipeline_graph.json?sv=2019-02-02&sr=b&sig=XK2%2Bi0m22mn1mLvk1cvGQ0wGD065VhN27A2xO6vOfkQ%3D&st=2020-10-04T08%3A13%3A53Z&se=2020-10-05T08%3A23%3A53Z&sp=rcw&comp=block&blockid=TURBd01EQXdNREF3TURBd01EQXdNREF3TURBd01EQXdNREF3TURBd01EQSUzRA%3D%3D&timeout=30
RobustScaler RandomForest                      0:03:06       0.0971    0.0578
        64   StandardScalerWrapper ExtremeRandomTrees       0:00:25       0.0947    0.0578
        65   RobustScaler DecisionTree                      0:00:21       0.1162    0.0578
        66   MinMaxScaler ExtremeRandomTrees                0:00:31       0.0890    0.0578
        67   StandardScalerWrapper RandomForest             0:00:28       0.0913    0.0578
        68   RobustScaler RandomForest                      0:00:23       0.0735    0.0578
        69   RobustScaler ExtremeRandomTrees                0:00:34       0.0942    0.0578
        70   WARNING - Retrying (Retry(total=2, connect=None, read=None, redirect=None, status=None)) after connection broken by 'ProtocolError('Connection aborted.', ConnectionResetError(104, 'Connection reset by peer'))': /azureml/ExperimentRun/dcid.AutoML_b7de4565-c982-4768-977f-acc0cb50f1e7_70/outputs/model.pkl?sv=2019-02-02&sr=b&sig=ylYPOrI2gpF6LyXdNO2pl4nIOIGOxBubHcNk%2BO3OkM0%3D&st=2020-10-04T08%3A19%3A44Z&se=2020-10-05T08%3A29%3A44Z&sp=rcw&comp=block&blockid=TURBd01EQXdNREF3TURBd01EQXdNREF3TURBd01EQXdNREF3TURBd01EQSUzRA%3D%3D&timeout=30
WARNING - Retrying (Retry(total=2, connect=None, read=None, redirect=None, status=None)) after connection broken by 'ProtocolError('Connection aborted.', ConnectionResetError(104, 'Connection reset by peer'))': /azureml/ExperimentRun/dcid.AutoML_b7de4565-c982-4768-977f-acc0cb50f1e7_70/outputs/env_dependencies.json?sv=2019-02-02&sr=b&sig=UYSJ%2BVl7gQHjrJGP2dp%2Fdp1L3q1E8KgPCG5M7SE727s%3D&st=2020-10-04T08%3A19%3A44Z&se=2020-10-05T08%3A29%3A44Z&sp=rcw&comp=block&blockid=TURBd01EQXdNREF3TURBd01EQXdNREF3TURBd01EQXdNREF3TURBd01EQSUzRA%3D%3D&timeout=30
StandardScalerWrapper DecisionTree             0:03:10       0.1028    0.0578
        71   RobustScaler RandomForest                      0:00:24       0.0815    0.0578
        72   MinMaxScaler ExtremeRandomTrees                0:00:30       0.0709    0.0578
        73   StandardScalerWrapper ExtremeRandomTrees       0:00:30       0.1045    0.0578
        74   MinMaxScaler DecisionTree                      0:00:20       0.0927    0.0578
        75   MinMaxScaler DecisionTree                      0:00:21       0.0913    0.0578
        76   StandardScalerWrapper DecisionTree             0:00:26       0.0793    0.0578
        77   RobustScaler RandomForest                      0:00:29       0.0618    0.0578
        78   StandardScalerWrapper RandomForest             0:00:23       0.0595    0.0578
        79   RobustScaler ExtremeRandomTrees                0:00:23       0.0788    0.0578
        80   RobustScaler DecisionTree                      0:00:21       0.0993    0.0578
        81   RobustScaler RandomForest                      0:00:23       0.0577    0.0577
        82   MinMaxScaler ExtremeRandomTrees                0:00:29       0.0690    0.0577
        83   MinMaxScaler ExtremeRandomTrees                0:00:29       0.0850    0.0577
        84   MinMaxScaler RandomForest                      0:00:23       0.0561    0.0561
        85   MinMaxScaler RandomForest                      0:00:25       0.1035    0.0561
        86   RobustScaler DecisionTree                      0:00:27       0.0755    0.0561
        87   RobustScaler ExtremeRandomTrees                0:00:24       0.0937    0.0561
        88   StandardScalerWrapper ExtremeRandomTrees       0:00:30       0.0712    0.0561
        89   RobustScaler ExtremeRandomTrees                0:00:32       0.0994    0.0561
        90   StandardScalerWrapper RandomForest             0:00:27       0.1121    0.0561
        91   StandardScalerWrapper RandomForest             0:00:35       0.1044    0.0561
        92   StandardScalerWrapper ExtremeRandomTrees       0:00:32       0.0676    0.0561
        93   RobustScaler ExtremeRandomTrees                0:00:24       0.0608    0.0561
        94   WARNING - Retrying (Retry(total=2, connect=None, read=None, redirect=None, status=None)) after connection broken by 'ProtocolError('Connection aborted.', ConnectionResetError(104, 'Connection reset by peer'))': /azureml/ExperimentRun/dcid.AutoML_b7de4565-c982-4768-977f-acc0cb50f1e7_94/outputs/model.pkl?sv=2019-02-02&sr=b&sig=snSC3QCsOGwIhgGuDBB03%2B%2BdagAbOLEX6IYB%2B3EA%2BFI%3D&st=2020-10-04T08%3A33%3A18Z&se=2020-10-05T08%3A43%3A18Z&sp=rcw&comp=block&blockid=TURBd01EQXdNREF3TURBd01EQXdNREF3TURBd01EQXdNREF3TURBd01EQSUzRA%3D%3D&timeout=30
RobustScaler ExtremeRandomTrees                0:03:11       0.0993    0.0561
        95   MinMaxScaler RandomForest                      0:00:30       0.0862    0.0561
        96   MinMaxScaler ExtremeRandomTrees                0:00:25       0.0623    0.0561
        97   StandardScalerWrapper RandomForest             0:00:23       0.0832    0.0561
        98   StandardScalerWrapper RandomForest             0:00:27       0.0796    0.0561
        99   RobustScaler GradientBoosting                  0:00:23       0.0921    0.0561
       100   RobustScaler RandomForest                      0:00:23       0.1124    0.0561
       101   StandardScalerWrapper ExtremeRandomTrees       0:00:24       0.0795    0.0561
       102   RobustScaler RandomForest                      0:00:24       0.0978    0.0561
       103   RobustScaler RandomForest                      0:00:29       0.0562    0.0561
       104   StandardScalerWrapper RandomForest             0:00:42       0.0753    0.0561
       105   MinMaxScaler RandomForest                      0:00:26       0.1042    0.0561
       106   StandardScalerWrapper RandomForest             0:00:24       0.0547    0.0547
       107   StandardScalerWrapper ExtremeRandomTrees       0:00:23       0.0657    0.0547
       108   RobustScaler ExtremeRandomTrees                0:00:23       0.0693    0.0547
       109   RobustScaler ExtremeRandomTrees                0:00:26       0.0677    0.0547
       110   StandardScalerWrapper RandomForest             0:00:23       0.0835    0.0547
       111   StandardScalerWrapper DecisionTree             0:00:21       0.0718    0.0547
       112   MinMaxScaler ExtremeRandomTrees                0:00:29       0.0869    0.0547
       113   MinMaxScaler ExtremeRandomTrees                0:00:24       0.0738    0.0547
       114   StandardScalerWrapper ExtremeRandomTrees       0:00:23       0.1008    0.0547
       115   MinMaxScaler RandomForest                      0:00:30       0.1098    0.0547
       116   MinMaxScaler ExtremeRandomTrees                0:00:29       0.1185    0.0547
       117   StandardScalerWrapper ExtremeRandomTrees       0:00:25       0.0802    0.0547
       118   MinMaxScaler ExtremeRandomTrees                0:00:23       0.0814    0.0547
       119   RobustScaler ExtremeRandomTrees                0:00:29       0.0933    0.0547
       120   StandardScalerWrapper RandomForest             0:00:23       0.1046    0.0547
       121   RobustScaler ExtremeRandomTrees                0:00:24       0.0865    0.0547
       122   RobustScaler RandomForest                      0:00:25       0.1057    0.0547
       123   MinMaxScaler ExtremeRandomTrees                0:00:29       0.0726    0.0547
       124   RobustScaler ExtremeRandomTrees                0:00:25       0.0827    0.0547
       125   RobustScaler RandomForest                      0:00:27       0.1143    0.0547
       126   MinMaxScaler ExtremeRandomTrees                0:00:24       0.0734    0.0547
       127   StandardScalerWrapper RandomForest             0:00:29       0.0945    0.0547
       128   RobustScaler ExtremeRandomTrees                0:00:28       0.0905    0.0547
       129   WARNING - Retrying (Retry(total=2, connect=None, read=None, redirect=None, status=None)) after connection broken by 'ProtocolError('Connection aborted.', ConnectionResetError(104, 'Connection reset by peer'))': /azureml/ExperimentRun/dcid.AutoML_b7de4565-c982-4768-977f-acc0cb50f1e7_129/outputs/model.pkl?sv=2019-02-02&sr=b&sig=sI5yHubuIkHRchtKDqF%2B9u%2BgPJi%2BJYJ%2Fl80%2F6EW96hI%3D&st=2020-10-04T08%3A51%3A29Z&se=2020-10-05T09%3A01%3A29Z&sp=rcw&comp=block&blockid=TURBd01EQXdNREF3TURBd01EQXdNREF3TURBd01EQXdNREF3TURBd01EQSUzRA%3D%3D&timeout=30
RobustScaler ExtremeRandomTrees                0:03:11       0.0680    0.0547
       130   MinMaxScaler RandomForest                      0:00:31       0.0953    0.0547
       131   StandardScalerWrapper ExtremeRandomTrees       0:00:37       0.0704    0.0547
       132   RobustScaler ExtremeRandomTrees                0:00:24       0.1072    0.0547
       133   StandardScalerWrapper ExtremeRandomTrees       0:00:24       0.0669    0.0547
       134   StandardScalerWrapper ExtremeRandomTrees       0:00:24       0.0934    0.0547
       135   RobustScaler RandomForest                      0:00:23       0.1143    0.0547
       136   MinMaxScaler ExtremeRandomTrees                0:00:23       0.0772    0.0547
       137   StandardScalerWrapper RandomForest             0:00:25       0.0864    0.0547
       138   StandardScalerWrapper RandomForest             0:00:23       0.0677    0.0547
       139   RobustScaler GradientBoosting                  0:00:24       0.1129    0.0547
       140   StandardScalerWrapper RandomForest             0:00:29       0.0737    0.0547
       141   StandardScalerWrapper ExtremeRandomTrees       0:00:26       0.0956    0.0547
       142   StandardScalerWrapper ExtremeRandomTrees       0:00:24       0.0792    0.0547
       143   MinMaxScaler RandomForest                      0:00:24       0.1021    0.0547
       144   RobustScaler ExtremeRandomTrees                0:00:37       0.0706    0.0547
       145   RobustScaler RandomForest                      0:00:30       0.1048    0.0547
       146   RobustScaler RandomForest                      0:00:23       0.0660    0.0547
       147   StandardScalerWrapper RandomForest             0:00:24       0.0546    0.0546
       148   RobustScaler RandomForest                      0:00:23       0.0901    0.0546
       149   StandardScalerWrapper RandomForest             0:00:23       0.0551    0.0546
       150   MinMaxScaler RandomForest                      0:00:24       0.0945    0.0546
       151   MinMaxScaler RandomForest                      0:00:24       0.0699    0.0546
       152   RobustScaler ExtremeRandomTrees                0:00:23       0.0624    0.0546
       153   MinMaxScaler ExtremeRandomTrees                0:00:25       0.0670    0.0546
       154   RobustScaler ExtremeRandomTrees                0:00:33       0.0602    0.0546
       155   MinMaxScaler RandomForest                      0:00:25       0.0725    0.0546
       156   MinMaxScaler ExtremeRandomTrees                0:00:23       0.0900    0.0546
       157   RobustScaler ExtremeRandomTrees                0:00:24       0.0607    0.0546
       158   MinMaxScaler ExtremeRandomTrees                0:00:24       0.0859    0.0546
       159   MinMaxScaler ExtremeRandomTrees                0:00:23       0.0980    0.0546
       160   WARNING - Retrying (Retry(total=2, connect=None, read=None, redirect=None, status=None)) after connection broken by 'ProtocolError('Connection aborted.', ConnectionResetError(104, 'Connection reset by peer'))': /azureml/ExperimentRun/dcid.AutoML_b7de4565-c982-4768-977f-acc0cb50f1e7_160/outputs/conda_env_v_1_0_0.yml?sv=2019-02-02&sr=b&sig=upgYuyslYH24GWrTmPpgSJcfy9dtzt7nluD51E3GPqw%3D&st=2020-10-04T09%3A07%3A43Z&se=2020-10-05T09%3A17%3A43Z&sp=rcw&comp=block&blockid=TURBd01EQXdNREF3TURBd01EQXdNREF3TURBd01EQXdNREF3TURBd01EQSUzRA%3D%3D&timeout=30
RobustScaler RandomForest                      0:03:07       0.0981    0.0546
       161   RobustScaler ExtremeRandomTrees                0:00:26       0.1026    0.0546
       162   RobustScaler ExtremeRandomTrees                0:00:36       0.0682    0.0546
       163   MinMaxScaler RandomForest                      0:00:24       0.0543    0.0543
       164   RobustScaler RandomForest                      0:00:24       0.0608    0.0543
       165   StandardScalerWrapper RandomForest             0:00:24       0.0859    0.0543
       166   MinMaxScaler ExtremeRandomTrees                0:00:25       0.0692    0.0543
       167   MinMaxScaler ExtremeRandomTrees                0:00:33       0.0558    0.0543
       168   StandardScalerWrapper ExtremeRandomTrees       0:00:30       0.0567    0.0543
       169   StandardScalerWrapper ExtremeRandomTrees       0:00:25       0.0542    0.0542
       170   MinMaxScaler ExtremeRandomTrees                0:00:23       0.0984    0.0542
       171   MinMaxScaler ExtremeRandomTrees                0:00:34       0.0843    0.0542
       172   MinMaxScaler ExtremeRandomTrees                0:00:34       0.0541    0.0541
       173   StandardScalerWrapper RandomForest             0:00:25       0.1010    0.0541
       174   StandardScalerWrapper ExtremeRandomTrees       0:00:30       0.0676    0.0541
       175   MinMaxScaler ExtremeRandomTrees                0:00:25       0.1101    0.0541
       176   RobustScaler RandomForest                      0:00:23       0.0600    0.0541
       177   RobustScaler RandomForest                      0:00:24       0.0714    0.0541
       178   MinMaxScaler RandomForest                      0:00:23       0.0738    0.0541
       179   RobustScaler ExtremeRandomTrees                0:00:23       0.1125    0.0541
       180   StandardScalerWrapper ExtremeRandomTrees       0:00:25       0.0851    0.0541
       181   StandardScalerWrapper ExtremeRandomTrees       0:00:29       0.0984    0.0541
       182   RobustScaler RandomForest                      0:00:23       0.0963    0.0541
       183   MinMaxScaler RandomForest                      0:00:31       0.0604    0.0541
       184   RobustScaler RandomForest                      0:00:29       0.0580    0.0541
       185   StandardScalerWrapper ExtremeRandomTrees       0:00:24       0.1048    0.0541
       186   MinMaxScaler RandomForest                      0:00:27       0.0598    0.0541
       187   StandardScalerWrapper ExtremeRandomTrees       0:00:25       0.0847    0.0541
       188   MinMaxScaler ExtremeRandomTrees                0:00:23       0.0639    0.0541
       189   MinMaxScaler ExtremeRandomTrees                0:00:28       0.0609    0.0541
       190   MinMaxScaler ExtremeRandomTrees                0:00:25       0.0917    0.0541
       191   RobustScaler ExtremeRandomTrees                0:00:26       0.0644    0.0541
       192   RobustScaler RandomForest                      0:00:32       0.0628    0.0541
       193   MinMaxScaler RandomForest                      0:00:26       0.0805    0.0541
       194   RobustScaler ExtremeRandomTrees                0:00:31       0.0626    0.0541
       195   RobustScaler ExtremeRandomTrees                0:00:25       0.1229    0.0541
       196   RobustScaler ExtremeRandomTrees                0:00:23       0.0867    0.0541
       197   RobustScaler ExtremeRandomTrees                0:00:24       0.0620    0.0541
       198   MinMaxScaler ExtremeRandomTrees                0:00:34       0.0696    0.0541
       199   StandardScalerWrapper RandomForest             0:00:29       0.0873    0.0541
       200   StandardScalerWrapper ExtremeRandomTrees       0:00:25       0.0992    0.0541
       201   RobustScaler RandomForest                      0:00:29       0.0645    0.0541
       202   StandardScalerWrapper RandomForest             0:00:28       0.0597    0.0541
       203   StandardScalerWrapper RandomForest             0:00:23       0.1010    0.0541
       204   StandardScalerWrapper RandomForest             0:00:30       0.0742    0.0541
       205   StandardScalerWrapper ExtremeRandomTrees       0:00:30       0.0960    0.0541
       206   MinMaxScaler ExtremeRandomTrees                0:00:30       0.0656    0.0541
       207   RobustScaler RandomForest                      0:00:24       0.0618    0.0541
       208   MinMaxScaler ExtremeRandomTrees                0:00:27       0.0684    0.0541
       209   StandardScalerWrapper ExtremeRandomTrees       0:00:30       0.0611    0.0541
       210   MinMaxScaler ExtremeRandomTrees                0:00:23       0.1104    0.0541
       211   StandardScalerWrapper ExtremeRandomTrees       0:00:27       0.0862    0.0541
       212   RobustScaler RandomForest                      0:00:26       0.0844    0.0541
       213   StandardScalerWrapper ExtremeRandomTrees       0:00:30       0.0919    0.0541
       214   StandardScalerWrapper ExtremeRandomTrees       0:00:24       0.0831    0.0541
       215   RobustScaler ExtremeRandomTrees                0:02:36       0.0853    0.0541
       216   StandardScalerWrapper RandomForest             0:00:31       0.1028    0.0541
       217   MinMaxScaler ExtremeRandomTrees                0:00:30       0.1057    0.0541
       218   RobustScaler RandomForest                      0:00:35       0.0811    0.0541
       219   StandardScalerWrapper ExtremeRandomTrees       0:00:31       0.0601    0.0541
       220   WARNING - Received unrecognized parameter ensemble_download_models_timeout_sec
WARNING - Received unrecognized parameter ensemble_download_models_timeout_sec
WARNING - Connection pool is full, discarding connection: automlws9124637538.blob.core.windows.net
WARNING - Connection pool is full, discarding connection: automlws9124637538.blob.core.windows.net
WARNING - Connection pool is full, discarding connection: automlws9124637538.blob.core.windows.net
WARNING - Connection pool is full, discarding connection: automlws9124637538.blob.core.windows.net
WARNING - Connection pool is full, discarding connection: automlws9124637538.blob.core.windows.net
WARNING - Connection pool is full, discarding connection: automlws9124637538.blob.core.windows.net
WARNING - Connection pool is full, discarding connection: automlws9124637538.blob.core.windows.net
WARNING - Connection pool is full, discarding connection: automlws9124637538.blob.core.windows.net
WARNING - Connection pool is full, discarding connection: automlws9124637538.blob.core.windows.net
WARNING - Connection pool is full, discarding connection: automlws9124637538.blob.core.windows.net
WARNING - Connection pool is full, discarding connection: automlws9124637538.blob.core.windows.net
WARNING - Connection pool is full, discarding connection: automlws9124637538.blob.core.windows.net
WARNING - Connection pool is full, discarding connection: automlws9124637538.blob.core.windows.net
WARNING - Connection pool is full, discarding connection: automlws9124637538.blob.core.windows.net
WARNING - Connection pool is full, discarding connection: automlws9124637538.blob.core.windows.net
WARNING - Connection pool is full, discarding connection: automlws9124637538.blob.core.windows.net
WARNING - Connection pool is full, discarding connection: automlws9124637538.blob.core.windows.net
WARNING - Connection pool is full, discarding connection: automlws9124637538.blob.core.windows.net
WARNING - Connection pool is full, discarding connection: automlws9124637538.blob.core.windows.net
WARNING - Connection pool is full, discarding connection: automlws9124637538.blob.core.windows.net
VotingEnsemble                                 0:02:31       0.0536    0.0536
Stopping criteria reached at iteration 221. Ending experiment.
WARNING - Received unrecognized parameter ensemble_download_models_timeout_sec
WARNING - Received unrecognized parameter ensemble_download_models_timeout_sec
WARNING - Received unrecognized parameter ensemble_download_models_timeout_sec
****************************************************************************************************
Current status: BestRunExplainModel. Best run model explanations started
Current status: ModelExplanationDataSetSetup. Model explanations data setup completed
Current status: PickSurrogateModel. Choosing LightGBM as the surrogate model for explanations
Current status: EngineeredFeatureExplanations. Computation of engineered features started
Current status: EngineeredFeatureExplanations. Computation of engineered features completed
Current status: BestRunExplainModel. Best run model explanations completed
****************************************************************************************************
WARNING - Received unrecognized parameter ensemble_download_models_timeout_sec
WARNING - Received unrecognized parameter ensemble_download_models_timeout_sec
WARNING - Received unrecognized parameter ensemble_download_models_timeout_sec
Best pipeline:
<class 'sklearn.ensemble._voting.VotingRegressor'>
0. Pipeline(memory=None,
         steps=[('minmaxscaler', MinMaxScaler(copy=True, feature_range=(0, 1))),
                ('extratreesregressor',
                 ExtraTreesRegressor(bootstrap=False, ccp_alpha=0.0,
                                     criterion='mse', max_depth=None,
                                     max_features=0.9, max_leaf_nodes=None,
                                     max_samples=None,
                                     min_impurity_decrease=0.0,
                                     min_impurity_split=None,
                                     min_samples_leaf=0.0028629618034842247,
                                     min_samples_split=0.002602463309528381,
                                     min_weight_fraction_leaf=0.0,
                                     n_estimators=600, n_jobs=-1,
                                     oob_score=False, random_state=None,
                                     verbose=0, warm_start=False))],
         verbose=False)
1. Pipeline(memory=None,
         steps=[('standardscalerwrapper',
                 <azureml.automl.runtime.shared.model_wrappers.StandardScalerWrapper object at 0x7fd659d66690>),
                ('extratreesregressor',
                 ExtraTreesRegressor(bootstrap=False, ccp_alpha=0.0,
                                     criterion='mse', max_depth=None,
                                     max_features=0.9, max_leaf_nodes=None,
                                     max_samples=None,
                                     min_impurity_decrease=0.0,
                                     min_impurity_split=None,
                                     min_samples_leaf=0.001953125,
                                     min_samples_split=0.002602463309528381,
                                     min_weight_fraction_leaf=0.0,
                                     n_estimators=10, n_jobs=-1,
                                     oob_score=False, random_state=None,
                                     verbose=0, warm_start=False))],
         verbose=False)
2. Pipeline(memory=None,
         steps=[('minmaxscaler', MinMaxScaler(copy=True, feature_range=(0, 1))),
                ('randomforestregressor',
                 RandomForestRegressor(bootstrap=False, ccp_alpha=0.0,
                                       criterion='mse', max_depth=None,
                                       max_features=0.7, max_leaf_nodes=None,
                                       max_samples=None,
                                       min_impurity_decrease=0.0,
                                       min_impurity_split=None,
                                       min_samples_leaf=0.0028629618034842247,
                                       min_samples_split=0.005285388593079247,
                                       min_weight_fraction_leaf=0.0,
                                       n_estimators=25, n_jobs=-1,
                                       oob_score=False, random_state=None,
                                       verbose=0, warm_start=False))],
         verbose=False)
3. Pipeline(memory=None,
         steps=[('standardscalerwrapper',
                 <azureml.automl.runtime.shared.model_wrappers.StandardScalerWrapper object at 0x7fd797b6e550>),
                ('randomforestregressor',
                 RandomForestRegressor(bootstrap=True, ccp_alpha=0.0,
                                       criterion='mse', max_depth=None,
                                       max_features=0.7, max_leaf_nodes=None,
                                       max_samples=None,
                                       min_impurity_decrease=0.0,
                                       min_impurity_split=None,
                                       min_samples_leaf=0.001953125,
                                       min_samples_split=0.0021800253234900498,
                                       min_weight_fraction_leaf=0.0,
                                       n_estimators=50, n_jobs=-1,
                                       oob_score=False, random_state=None,
                                       verbose=0, warm_start=False))],
         verbose=False)
4. Pipeline(memory=None,
         steps=[('standardscalerwrapper',
                 <azureml.automl.runtime.shared.model_wrappers.StandardScalerWrapper object at 0x7fd797a47bd0>),
                ('randomforestregressor',
                 RandomForestRegressor(bootstrap=False, ccp_alpha=0.0,
                                       criterion='mse', max_depth=None,
                                       max_features=0.6, max_leaf_nodes=None,
                                       max_samples=None,
                                       min_impurity_decrease=0.0,
                                       min_impurity_split=None,
                                       min_samples_leaf=0.0023646822772690063,
                                       min_samples_split=0.0075322213975862395,
                                       min_weight_fraction_leaf=0.0,
                                       n_estimators=50, n_jobs=-1,
                                       oob_score=False, random_state=None,
                                       verbose=0, warm_start=False))],
         verbose=False)
5. Pipeline(memory=None,
         steps=[('minmaxscaler', MinMaxScaler(copy=True, feature_range=(0, 1))),
                ('decisiontreeregressor',
                 DecisionTreeRegressor(ccp_alpha=0.0, criterion='mse',
                                       max_depth=None, max_features=0.7,
                                       max_leaf_nodes=None,
                                       min_impurity_decrease=0.0,
                                       min_impurity_split=None,
                                       min_samples_leaf=0.001953125,
                                       min_samples_split=0.0012814223889440828,
                                       min_weight_fraction_leaf=0.0,
                                       presort='deprecated', random_state=None,
                                       splitter='best'))],
         verbose=False)
6. Pipeline(memory=None,
         steps=[('robustscaler',
                 RobustScaler(copy=True, quantile_range=[10, 90],
                              with_centering=True, with_scaling=False)),
                ('decisiontreeregressor',
                 DecisionTreeRegressor(ccp_alpha=0.0, criterion='mse',
                                       max_depth=None, max_features=0.6,
                                       max_leaf_nodes=None,
                                       min_impurity_decrease=0.0,
                                       min_impurity_split=None,
                                       min_samples_leaf=0.0024492073147059966,
                                       min_samples_split=0.0008991789964660114,
                                       min_weight_fraction_leaf=0.0,
                                       presort='deprecated', random_state=None,
                                       splitter='best'))],
         verbose=False)
7. Pipeline(memory=None,
         steps=[('minmaxscaler', MinMaxScaler(copy=True, feature_range=(0, 1))),
                ('randomforestregressor',
                 RandomForestRegressor(bootstrap=False, ccp_alpha=0.0,
                                       criterion='mse', max_depth=None,
                                       max_features='log2', max_leaf_nodes=None,
                                       max_samples=None,
                                       min_impurity_decrease=0.0,
                                       min_impurity_split=None,
                                       min_samples_leaf=0.0023646822772690063,
                                       min_samples_split=0.00310675990983383,
                                       min_weight_fraction_leaf=0.0,
                                       n_estimators=200, n_jobs=-1,
                                       oob_score=False, random_state=None,
                                       verbose=0, warm_start=False))],
         verbose=False)

['quarter', 'month', 'day', 'hour', 'minute', 'am_pm', 'hour12', 'wday', 'qday', 'yday']
  RawFeatureName TypeDetected Dropped  EngineeredFeatureCount  \
0  timestamp      DateTime     No      10                       

                                                                                                                                                                                                      Transformations  
0  [DateTimeTransformer, DateTimeTransformer, DateTimeTransformer, DateTimeTransformer, DateTimeTransformer, DateTimeTransformer, DateTimeTransformer, DateTimeTransformer, DateTimeTransformer, DateTimeTransformer]  
