WARNING - Received unrecognized parameter ensemble_download_models_timeout_sec
Running on local machine
Parent Run ID: AutoML_c4b3c3d1-8a54-4bbd-98b8-931086d84d32

Current status: DatasetFeaturization. Beginning to featurize the dataset.
Current status: DatasetFeaturizationCompleted. Completed featurizing the dataset.
Heuristic parameters: Target_Lag = '[0]', Target_Rolling_Window = '0'.
WARNING - Converting non-string tag to string: (forecasting_target_lags: [0])
WARNING - Converting non-string tag to string: (forecasting_target_rolling_window_size: 0)
WARNING - Converting non-string tag to string: (forecasting_max_horizon: 2064)
Current status: DatasetCrossValidationSplit. Generating individually featurized CV splits.
Current status: DatasetFeaturization. Beginning to featurize the CV split.
Current status: DatasetFeaturizationCompleted. Completed featurizing the CV split.
Current status: DatasetFeaturization. Beginning to featurize the CV split.
Current status: DatasetFeaturizationCompleted. Completed featurizing the CV split.
Current status: DatasetFeaturization. Beginning to featurize the CV split.
Current status: DatasetFeaturizationCompleted. Completed featurizing the CV split.
Current status: DatasetFeaturization. Beginning to featurize the CV split.
Current status: DatasetFeaturizationCompleted. Completed featurizing the CV split.
Current status: DatasetFeaturization. Beginning to featurize the CV split.
Current status: DatasetFeaturizationCompleted. Completed featurizing the CV split.

****************************************************************************************************
DATA GUARDRAILS: 

TYPE:         Frequency detection
STATUS:       PASSED
DESCRIPTION:  The time series was analyzed, all data points are aligned with detected frequency.
              

****************************************************************************************************

TYPE:         Missing feature values imputation
STATUS:       PASSED
DESCRIPTION:  No feature missing values were detected in the training data.
              Learn more about missing value imputation: https://aka.ms/AutomatedMLFeaturization

****************************************************************************************************

TYPE:         Memory Issues Detection
STATUS:       PASSED
DESCRIPTION:  The selected horizon, lag and rolling window values were analyzed, and no potential memory issues were detected.
              Learn more about time-series forecasting configurations: https://aka.ms/AutomatedMLForecastingConfiguration

****************************************************************************************************
Current status: ModelSelection. Beginning model selection.

****************************************************************************************************
ITERATION: The iteration being evaluated.
PIPELINE: A summary description of the pipeline being evaluated.
DURATION: Time taken for the current iteration.
METRIC: The result of computing score on the fitted pipeline.
BEST: The best observed score thus far.
****************************************************************************************************

 ITERATION   PIPELINE                                       DURATION      METRIC      BEST
         0   MaxAbsScaler DecisionTree                      0:00:24       0.1188    0.1188
         1   MinMaxScaler DecisionTree                      0:00:23       0.1223    0.1188
         2   StandardScalerWrapper LassoLars                0:00:23       0.1280    0.1188
         3   RobustScaler ElasticNet                        0:00:23       0.1281    0.1188
         4   StandardScalerWrapper LassoLars                0:00:22       0.1280    0.1188
         5   RobustScaler ElasticNet                        0:00:23       0.1280    0.1188
         6   WARNING - Retrying (Retry(total=2, connect=None, read=None, redirect=None, status=None)) after connection broken by 'ProtocolError('Connection aborted.', ConnectionResetError(104, 'Connection reset by peer'))': /azureml/ExperimentRun/dcid.AutoML_c4b3c3d1-8a54-4bbd-98b8-931086d84d32_6/outputs/pipeline_graph.json?sv=2019-02-02&sr=b&sig=A9PZZOZcKtxmwVOi%2BQEVXD%2Fk8QWhLuYqOaLpVwsSBn4%3D&st=2020-10-03T17%3A37%3A10Z&se=2020-10-04T17%3A47%3A10Z&sp=rcw&comp=block&blockid=TURBd01EQXdNREF3TURBd01EQXdNREF3TURBd01EQXdNREF3TURBd01EQSUzRA%3D%3D&timeout=30
WARNING - Retrying (Retry(total=2, connect=None, read=None, redirect=None, status=None)) after connection broken by 'ProtocolError('Connection aborted.', ConnectionResetError(104, 'Connection reset by peer'))': /azureml/ExperimentRun/dcid.AutoML_c4b3c3d1-8a54-4bbd-98b8-931086d84d32_6/outputs/model.pkl?sv=2019-02-02&sr=b&sig=g%2B7UT0crnYv48LIWtOEobGIwWCyiDxliMm9D3e3HxMA%3D&st=2020-10-03T17%3A37%3A10Z&se=2020-10-04T17%3A47%3A10Z&sp=rcw&comp=block&blockid=TURBd01EQXdNREF3TURBd01EQXdNREF3TURBd01EQXdNREF3TURBd01EQSUzRA%3D%3D&timeout=30
RobustScaler DecisionTree                      0:03:09       0.1195    0.1188
         7   MinMaxScaler DecisionTree                      0:00:24       0.1255    0.1188
         8   RobustScaler DecisionTree                      0:00:24       0.1218    0.1188
         9   MinMaxScaler DecisionTree                      0:00:26       0.1197    0.1188
        10   StandardScalerWrapper DecisionTree             0:00:23       0.1188    0.1188
        11   StandardScalerWrapper DecisionTree             0:00:23       0.1200    0.1188
        12   RobustScaler DecisionTree                      0:00:23       0.1193    0.1188
        13   WARNING - Retrying (Retry(total=2, connect=None, read=None, redirect=None, status=None)) after connection broken by 'ProtocolError('Connection aborted.', ConnectionResetError(104, 'Connection reset by peer'))': /azureml/ExperimentRun/dcid.AutoML_c4b3c3d1-8a54-4bbd-98b8-931086d84d32_13/outputs/scoring_file_v_1_0_0.py?sv=2019-02-02&sr=b&sig=fa3cr3%2FQW5Q8CV3%2FdxTof6jTU1ROrs4bRS0CMkqgAtk%3D&st=2020-10-03T17%3A42%3A45Z&se=2020-10-04T17%3A52%3A45Z&sp=rcw&comp=block&blockid=TURBd01EQXdNREF3TURBd01EQXdNREF3TURBd01EQXdNREF3TURBd01EQSUzRA%3D%3D&timeout=30
WARNING - Retrying (Retry(total=2, connect=None, read=None, redirect=None, status=None)) after connection broken by 'ProtocolError('Connection aborted.', ConnectionResetError(104, 'Connection reset by peer'))': /azureml/ExperimentRun/dcid.AutoML_c4b3c3d1-8a54-4bbd-98b8-931086d84d32_13/outputs/env_dependencies.json?sv=2019-02-02&sr=b&sig=y19ZIJozmEu2CxWPKf5pKvLO%2F0og5tX%2FoTCzzyPQ8OI%3D&st=2020-10-03T17%3A42%3A45Z&se=2020-10-04T17%3A52%3A45Z&sp=rcw&comp=block&blockid=TURBd01EQXdNREF3TURBd01EQXdNREF3TURBd01EQXdNREF3TURBd01EQSUzRA%3D%3D&timeout=30
RobustScaler ElasticNet                        0:03:06       0.1277    0.1188
        14   WARNING - Retrying (Retry(total=2, connect=None, read=None, redirect=None, status=None)) after connection broken by 'ProtocolError('Connection aborted.', ConnectionResetError(104, 'Connection reset by peer'))': /azureml/ExperimentRun/dcid.AutoML_c4b3c3d1-8a54-4bbd-98b8-931086d84d32_14/outputs/model.pkl?sv=2019-02-02&sr=b&sig=7LDdrihgDE2sxiJ3pL3w3FPFiE%2BA07drGd2EAXCtAs4%3D&st=2020-10-03T17%3A45%3A52Z&se=2020-10-04T17%3A55%3A52Z&sp=rcw&comp=block&blockid=TURBd01EQXdNREF3TURBd01EQXdNREF3TURBd01EQXdNREF3TURBd01EQSUzRA%3D%3D&timeout=30
StandardScalerWrapper DecisionTree             0:00:24       0.1195    0.1188
        15   MinMaxScaler DecisionTree                      0:00:24       0.1197    0.1188
        16   MinMaxScaler DecisionTree                      0:00:26       0.1190    0.1188
        17   RobustScaler DecisionTree                      0:00:23       0.1191    0.1188
        18   RobustScaler DecisionTree                      0:00:24       0.1204    0.1188
        19   StandardScalerWrapper DecisionTree             0:00:23       0.1192    0.1188
        20   StandardScalerWrapper DecisionTree             0:00:23       0.1207    0.1188
        21   StandardScalerWrapper ExtremeRandomTrees       0:00:26       0.1214    0.1188
        22   MinMaxScaler LightGBM                          0:00:24       0.1201    0.1188
        23   MinMaxScaler DecisionTree                      0:00:24       0.1196    0.1188
        24   MinMaxScaler DecisionTree                      0:00:24       0.1188    0.1188
        25   RobustScaler DecisionTree                      0:00:23       0.1261    0.1188
        26   MinMaxScaler DecisionTree                      0:00:23       0.1183    0.1183
        27   StandardScalerWrapper RandomForest             0:00:25       0.1223    0.1183
        28   MinMaxScaler ExtremeRandomTrees                0:00:29       0.1199    0.1183
        29   StandardScalerWrapper RandomForest             0:00:26       0.1209    0.1183
        30   RobustScaler DecisionTree                      0:00:24       0.1248    0.1183
        31   StandardScalerWrapper ExtremeRandomTrees       0:00:25       0.1194    0.1183
        32   RobustScaler RandomForest                      0:00:27       0.1167    0.1167
        33   StandardScalerWrapper ExtremeRandomTrees       0:00:30       0.1207    0.1167
        34   RobustScaler RandomForest                      0:00:26       0.1211    0.1167
        35   MinMaxScaler RandomForest                      0:00:26       0.1246    0.1167
        36   MinMaxScaler RandomForest                      0:00:30       0.1177    0.1167
        37   MinMaxScaler ExtremeRandomTrees                0:00:27       0.1196    0.1167
        38   RobustScaler ExtremeRandomTrees                0:00:30       0.1204    0.1167
        39   RobustScaler ExtremeRandomTrees                0:00:32       0.1202    0.1167
        40   RobustScaler RandomForest                      0:00:28       0.1246    0.1167
        41   WARNING - Retrying (Retry(total=2, connect=None, read=None, redirect=None, status=None)) after connection broken by 'ProtocolError('Connection aborted.', ConnectionResetError(104, 'Connection reset by peer'))': /azureml/ExperimentRun/dcid.AutoML_c4b3c3d1-8a54-4bbd-98b8-931086d84d32_41/outputs/scoring_file_v_1_0_0.py?sv=2019-02-02&sr=b&sig=1A3UsgAnPZ%2BuQ6fbfwl6vxtZo27gcvFvgAXFrkwG7yQ%3D&st=2020-10-03T17%3A57%3A44Z&se=2020-10-04T18%3A07%3A44Z&sp=rcw&comp=block&blockid=TURBd01EQXdNREF3TURBd01EQXdNREF3TURBd01EQXdNREF3TURBd01EQSUzRA%3D%3D&timeout=30
WARNING - Retrying (Retry(total=2, connect=None, read=None, redirect=None, status=None)) after connection broken by 'ProtocolError('Connection aborted.', ConnectionResetError(104, 'Connection reset by peer'))': /azureml/ExperimentRun/dcid.AutoML_c4b3c3d1-8a54-4bbd-98b8-931086d84d32_41/outputs/conda_env_v_1_0_0.yml?sv=2019-02-02&sr=b&sig=IL3cyhouhUBqZCYXrWMBhVhjm%2FncoRuUABsnMfYweZk%3D&st=2020-10-03T17%3A57%3A44Z&se=2020-10-04T18%3A07%3A44Z&sp=rcw&comp=block&blockid=TURBd01EQXdNREF3TURBd01EQXdNREF3TURBd01EQXdNREF3TURBd01EQSUzRA%3D%3D&timeout=30
WARNING - Retrying (Retry(total=2, connect=None, read=None, redirect=None, status=None)) after connection broken by 'ProtocolError('Connection aborted.', ConnectionResetError(104, 'Connection reset by peer'))': /azureml/ExperimentRun/dcid.AutoML_c4b3c3d1-8a54-4bbd-98b8-931086d84d32_41/outputs/pipeline_graph.json?sv=2019-02-02&sr=b&sig=J%2BIRjddH2PE995ZdkmrF%2FtaDM%2BNvJze2X%2BOML%2B6t6v8%3D&st=2020-10-03T17%3A57%3A44Z&se=2020-10-04T18%3A07%3A44Z&sp=rcw&comp=block&blockid=TURBd01EQXdNREF3TURBd01EQXdNREF3TURBd01EQXdNREF3TURBd01EQSUzRA%3D%3D&timeout=30
WARNING - Retrying (Retry(total=2, connect=None, read=None, redirect=None, status=None)) after connection broken by 'ProtocolError('Connection aborted.', ConnectionResetError(104, 'Connection reset by peer'))': /azureml/ExperimentRun/dcid.AutoML_c4b3c3d1-8a54-4bbd-98b8-931086d84d32_41/outputs/model.pkl?sv=2019-02-02&sr=b&sig=8eLJfoyHRBGvvZpsLgMAynvjM%2F7ylfuMYNSV94uK%2B5g%3D&st=2020-10-03T17%3A57%3A44Z&se=2020-10-04T18%3A07%3A44Z&sp=rcw&comp=block&blockid=TURBd01EQXdNREF3TURBd01EQXdNREF3TURBd01EQXdNREF3TURBd01EQSUzRA%3D%3D&timeout=30
RobustScaler ExtremeRandomTrees                0:03:02       0.1194    0.1167
        42   RobustScaler RandomForest                      0:00:25       0.1211    0.1167
        43   MinMaxScaler DecisionTree                      0:00:30       0.1207    0.1167
        44   RobustScaler RandomForest                      0:00:26       0.1193    0.1167
        45   RobustScaler RandomForest                      0:00:25       0.1228    0.1167
        46   WARNING - Retrying (Retry(total=2, connect=None, read=None, redirect=None, status=None)) after connection broken by 'ProtocolError('Connection aborted.', ConnectionResetError(104, 'Connection reset by peer'))': /azureml/ExperimentRun/dcid.AutoML_c4b3c3d1-8a54-4bbd-98b8-931086d84d32_46/outputs/conda_env_v_1_0_0.yml?sv=2019-02-02&sr=b&sig=kDbQvwCjRXIWAl2Vovvulsg7NkstSqxkuKmqQiulHIU%3D&st=2020-10-03T18%3A02%3A33Z&se=2020-10-04T18%3A12%3A33Z&sp=rcw&comp=block&blockid=TURBd01EQXdNREF3TURBd01EQXdNREF3TURBd01EQXdNREF3TURBd01EQSUzRA%3D%3D&timeout=30
RobustScaler ExtremeRandomTrees                0:03:02       0.1227    0.1167
        47   StandardScalerWrapper ExtremeRandomTrees       0:00:27       0.1187    0.1167
        48   StandardScalerWrapper ExtremeRandomTrees       0:00:31       0.1203    0.1167
        49   RobustScaler ExtremeRandomTrees                0:00:30       0.1212    0.1167
        50   StandardScalerWrapper RandomForest             0:00:28       0.1236    0.1167
        51   WARNING - Retrying (Retry(total=2, connect=None, read=None, redirect=None, status=None)) after connection broken by 'ProtocolError('Connection aborted.', ConnectionResetError(104, 'Connection reset by peer'))': /azureml/ExperimentRun/dcid.AutoML_c4b3c3d1-8a54-4bbd-98b8-931086d84d32_51/outputs/conda_env_v_1_0_0.yml?sv=2019-02-02&sr=b&sig=DlB2YxXa4YQLzP5vaaC8EtIkzXqOldPas9mCSzYWbdI%3D&st=2020-10-03T18%3A07%3A34Z&se=2020-10-04T18%3A17%3A34Z&sp=rcw&comp=block&blockid=TURBd01EQXdNREF3TURBd01EQXdNREF3TURBd01EQXdNREF3TURBd01EQSUzRA%3D%3D&timeout=30
WARNING - Retrying (Retry(total=2, connect=None, read=None, redirect=None, status=None)) after connection broken by 'ProtocolError('Connection aborted.', ConnectionResetError(104, 'Connection reset by peer'))': /azureml/ExperimentRun/dcid.AutoML_c4b3c3d1-8a54-4bbd-98b8-931086d84d32_51/outputs/model.pkl?sv=2019-02-02&sr=b&sig=Ix34%2FF9tiDYHSeIviP929oZVrA7ysvxr%2BbDH5djdb4M%3D&st=2020-10-03T18%3A07%3A34Z&se=2020-10-04T18%3A17%3A34Z&sp=rcw&comp=block&blockid=TURBd01EQXdNREF3TURBd01EQXdNREF3TURBd01EQXdNREF3TURBd01EQSUzRA%3D%3D&timeout=30
RobustScaler ExtremeRandomTrees                0:03:07       0.1223    0.1167
        52   RobustScaler RandomForest                      0:00:26       0.1230    0.1167
        53   MinMaxScaler ExtremeRandomTrees                0:00:29       0.1241    0.1167
        54   RobustScaler ExtremeRandomTrees                0:00:26       0.1174    0.1167
        55   StandardScalerWrapper RandomForest             0:00:25       0.1233    0.1167
        56   RobustScaler RandomForest                      0:00:27       0.1169    0.1167
        57   MinMaxScaler RandomForest                      0:00:26       0.1210    0.1167
        58   MinMaxScaler ExtremeRandomTrees                0:00:27       0.1179    0.1167
        59   MinMaxScaler ExtremeRandomTrees                0:00:32       0.1184    0.1167
        60   RobustScaler RandomForest                      0:00:26       0.1247    0.1167
        61   MinMaxScaler ExtremeRandomTrees                0:00:27       0.1212    0.1167
        62   RobustScaler ExtremeRandomTrees                0:00:29       0.1225    0.1167
        63   StandardScalerWrapper GradientBoosting         0:00:31       0.1205    0.1167
        64   StandardScalerWrapper ExtremeRandomTrees       0:00:29       0.1197    0.1167
        65   MinMaxScaler RandomForest                      0:00:27       0.1268    0.1167
        66   RobustScaler RandomForest                      0:00:31       0.1191    0.1167
        67   MinMaxScaler RandomForest                      0:00:26       0.1218    0.1167
        68   RobustScaler RandomForest                      0:00:28       0.1219    0.1167
        69   StandardScalerWrapper RandomForest             0:00:28       0.1211    0.1167
        70   RobustScaler RandomForest                      0:00:25       0.1241    0.1167
        71   StandardScalerWrapper ExtremeRandomTrees       0:00:28       0.1208    0.1167
        72   StandardScalerWrapper ExtremeRandomTrees       0:00:32       0.1203    0.1167
        73   StandardScalerWrapper ExtremeRandomTrees       0:00:30       0.1225    0.1167
        74   MinMaxScaler ExtremeRandomTrees                0:00:31       0.1199    0.1167
        75   StandardScalerWrapper RandomForest             0:00:32       0.1272    0.1167
        76   StandardScalerWrapper ExtremeRandomTrees       0:00:27       0.1218    0.1167
        77   MinMaxScaler ExtremeRandomTrees                0:00:26       0.1203    0.1167
        78   RobustScaler ExtremeRandomTrees                0:00:31       0.1217    0.1167
        79   RobustScaler RandomForest                      0:00:29       0.1210    0.1167
        80   RobustScaler RandomForest                      0:00:30       0.1233    0.1167
        81   WARNING - Retrying (Retry(total=2, connect=None, read=None, redirect=None, status=None)) after connection broken by 'ProtocolError('Connection aborted.', ConnectionResetError(104, 'Connection reset by peer'))': /azureml/ExperimentRun/dcid.AutoML_c4b3c3d1-8a54-4bbd-98b8-931086d84d32_81/outputs/internal_cross_validated_models.pkl?sv=2019-02-02&sr=b&sig=u7Bi2AX9q%2FyGZatpZ2QjT%2FUboNHHGlTrLvgkVVU8x%2BE%3D&st=2020-10-03T18%3A24%3A39Z&se=2020-10-04T18%3A34%3A39Z&sp=rcw&comp=block&blockid=TURBd01EQXdNREF3TURBd01EQXdNREF3TURBd01EQXdNREF3TURBd01EQSUzRA%3D%3D&timeout=30
StandardScalerWrapper ExtremeRandomTrees       0:03:30       0.1206    0.1167
        82   RobustScaler ExtremeRandomTrees                0:00:32       0.1210    0.1167
        83   RobustScaler ExtremeRandomTrees                0:00:32       0.1195    0.1167
        84   RobustScaler ExtremeRandomTrees                0:00:25       0.1192    0.1167
        85   WARNING - Retrying (Retry(total=2, connect=None, read=None, redirect=None, status=None)) after connection broken by 'ProtocolError('Connection aborted.', ConnectionResetError(104, 'Connection reset by peer'))': /azureml/ExperimentRun/dcid.AutoML_c4b3c3d1-8a54-4bbd-98b8-931086d84d32_85/outputs/model.pkl?sv=2019-02-02&sr=b&sig=7Vo22ChSKbv%2BmrXPKompXNWy1eeHV0qRl6HCcuqoy1Q%3D&st=2020-10-03T18%3A29%3A39Z&se=2020-10-04T18%3A39%3A39Z&sp=rcw&comp=block&blockid=TURBd01EQXdNREF3TURBd01EQXdNREF3TURBd01EQXdNREF3TURBd01EQSUzRA%3D%3D&timeout=30
StandardScalerWrapper RandomForest             0:03:13       0.1247    0.1167
        86   MinMaxScaler ExtremeRandomTrees                0:00:26       0.1208    0.1167
        87   StandardScalerWrapper DecisionTree             0:00:24       0.1184    0.1167
        88   RobustScaler ExtremeRandomTrees                0:00:32       0.1212    0.1167
        89   MinMaxScaler RandomForest                      0:00:31       0.1192    0.1167
        90   WARNING - Retrying (Retry(total=2, connect=None, read=None, redirect=None, status=None)) after connection broken by 'ProtocolError('Connection aborted.', ConnectionResetError(104, 'Connection reset by peer'))': /azureml/ExperimentRun/dcid.AutoML_c4b3c3d1-8a54-4bbd-98b8-931086d84d32_90/outputs/scoring_file_v_1_0_0.py?sv=2019-02-02&sr=b&sig=KQxUU8WHo%2F0nFlLk7bV4IXr9bLyL4RwfaLA9tT9XN2I%3D&st=2020-10-03T18%3A34%3A46Z&se=2020-10-04T18%3A44%3A46Z&sp=rcw&comp=block&blockid=TURBd01EQXdNREF3TURBd01EQXdNREF3TURBd01EQXdNREF3TURBd01EQSUzRA%3D%3D&timeout=30
WARNING - Retrying (Retry(total=2, connect=None, read=None, redirect=None, status=None)) after connection broken by 'ProtocolError('Connection aborted.', ConnectionResetError(104, 'Connection reset by peer'))': /azureml/ExperimentRun/dcid.AutoML_c4b3c3d1-8a54-4bbd-98b8-931086d84d32_90/outputs/model.pkl?sv=2019-02-02&sr=b&sig=B7gMJTdLDu0DN%2BVEI8xO%2BIOSHuQptZZ81DN%2BIz2v24s%3D&st=2020-10-03T18%3A34%3A46Z&se=2020-10-04T18%3A44%3A46Z&sp=rcw&comp=block&blockid=TURBd01EQXdNREF3TURBd01EQXdNREF3TURBd01EQXdNREF3TURBd01EQSUzRA%3D%3D&timeout=30
StandardScalerWrapper RandomForest             0:03:12       0.1244    0.1167
        91   MinMaxScaler ExtremeRandomTrees                0:00:26       0.1199    0.1167
        92   StandardScalerWrapper ExtremeRandomTrees       0:00:25       0.1214    0.1167
        93   StandardScalerWrapper ExtremeRandomTrees       0:00:26       0.1210    0.1167
        94   StandardScalerWrapper ExtremeRandomTrees       0:00:34       0.1236    0.1167
        95   StandardScalerWrapper RandomForest             0:00:26       0.1263    0.1167
        96   RobustScaler ExtremeRandomTrees                0:00:26       0.1210    0.1167
        97   MinMaxScaler ExtremeRandomTrees                0:00:32       0.1205    0.1167
        98   MinMaxScaler ExtremeRandomTrees                0:00:26       0.1182    0.1167
        99   RobustScaler ExtremeRandomTrees                0:00:35       0.1189    0.1167
       100   RobustScaler RandomForest                      0:00:27       0.1247    0.1167
       101   RobustScaler ExtremeRandomTrees                0:00:33       0.1208    0.1167
       102   MinMaxScaler ExtremeRandomTrees                0:00:30       0.1219    0.1167
       103   MinMaxScaler ExtremeRandomTrees                0:00:26       0.1202    0.1167
       104   MinMaxScaler ExtremeRandomTrees                0:00:26       0.1196    0.1167
       105   StandardScalerWrapper RandomForest             0:00:26       0.1218    0.1167
       106   MinMaxScaler RandomForest                      0:00:27       0.1181    0.1167
       107   RobustScaler ExtremeRandomTrees                0:00:31       0.1176    0.1167
       108   RobustScaler ExtremeRandomTrees                0:00:30       0.1200    0.1167
       109   RobustScaler GradientBoosting                  0:00:28       0.1227    0.1167
       110   RobustScaler RandomForest                      0:00:31       0.1227    0.1167
       111   WARNING - Retrying (Retry(total=2, connect=None, read=None, redirect=None, status=None)) after connection broken by 'ProtocolError('Connection aborted.', ConnectionResetError(104, 'Connection reset by peer'))': /azureml/ExperimentRun/dcid.AutoML_c4b3c3d1-8a54-4bbd-98b8-931086d84d32_111/outputs/env_dependencies.json?sv=2019-02-02&sr=b&sig=7mFWOZmqZgVwPj4ubuUJiP58bDJi2m%2Fq%2FMrIOFSwm8Y%3D&st=2020-10-03T18%3A47%3A40Z&se=2020-10-04T18%3A57%3A40Z&sp=rcw&comp=block&blockid=TURBd01EQXdNREF3TURBd01EQXdNREF3TURBd01EQXdNREF3TURBd01EQSUzRA%3D%3D&timeout=30
RobustScaler ExtremeRandomTrees                0:03:10       0.1217    0.1167
       112   RobustScaler LightGBM                          0:00:27       0.1180    0.1167
       113   RobustScaler RandomForest                      0:00:26       0.1203    0.1167
       114   MinMaxScaler LightGBM                          0:00:24       0.1187    0.1167
       115   StandardScalerWrapper RandomForest             0:00:27       0.1223    0.1167
       116   MinMaxScaler ExtremeRandomTrees                0:00:27       0.1198    0.1167
       117   StandardScalerWrapper ExtremeRandomTrees       0:00:30       0.1212    0.1167
       118   StandardScalerWrapper ExtremeRandomTrees       0:00:28       0.1221    0.1167
       119   MinMaxScaler ExtremeRandomTrees                0:00:28       0.1210    0.1167
       120   MinMaxScaler RandomForest                      0:00:28       0.1219    0.1167
       121   StandardScalerWrapper RandomForest             0:00:28       0.1215    0.1167
       122   StandardScalerWrapper RandomForest             0:00:27       0.1204    0.1167
       123   WARNING - Retrying (Retry(total=2, connect=None, read=None, redirect=None, status=None)) after connection broken by 'ProtocolError('Connection aborted.', ConnectionResetError(104, 'Connection reset by peer'))': /azureml/ExperimentRun/dcid.AutoML_c4b3c3d1-8a54-4bbd-98b8-931086d84d32_123/outputs/model.pkl?sv=2019-02-02&sr=b&sig=7CohW9jGRZcnvgUYlIZzB3B2X3rMOrlCs0fZc6XD4Z8%3D&st=2020-10-03T18%3A55%3A58Z&se=2020-10-04T19%3A05%3A58Z&sp=rcw&comp=block&blockid=TURBd01EQXdNREF3TURBd01EQXdNREF3TURBd01EQXdNREF3TURBd01EQSUzRA%3D%3D&timeout=30
WARNING - Retrying (Retry(total=2, connect=None, read=None, redirect=None, status=None)) after connection broken by 'ProtocolError('Connection aborted.', ConnectionResetError(104, 'Connection reset by peer'))': /azureml/ExperimentRun/dcid.AutoML_c4b3c3d1-8a54-4bbd-98b8-931086d84d32_123/outputs/pipeline_graph.json?sv=2019-02-02&sr=b&sig=1UAQLvMi1MqURBzSGFLeCsKD%2B9I68myt7ttqnc7onbY%3D&st=2020-10-03T18%3A55%3A58Z&se=2020-10-04T19%3A05%3A58Z&sp=rcw&comp=block&blockid=TURBd01EQXdNREF3TURBd01EQXdNREF3TURBd01EQXdNREF3TURBd01EQSUzRA%3D%3D&timeout=30
RobustScaler ExtremeRandomTrees                0:03:12       0.1222    0.1167
       124   StandardScalerWrapper RandomForest             0:00:27       0.1198    0.1167
       125   StandardScalerWrapper RandomForest             0:00:26       0.1248    0.1167
       126   MinMaxScaler ExtremeRandomTrees                0:00:29       0.1213    0.1167
       127   MinMaxScaler RandomForest                      0:00:26       0.1192    0.1167
       128   MinMaxScaler RandomForest                      0:00:33       0.1192    0.1167
       129   RobustScaler RandomForest                      0:00:31       0.1210    0.1167
       130   WARNING - Retrying (Retry(total=2, connect=None, read=None, redirect=None, status=None)) after connection broken by 'ProtocolError('Connection aborted.', ConnectionResetError(104, 'Connection reset by peer'))': /azureml/ExperimentRun/dcid.AutoML_c4b3c3d1-8a54-4bbd-98b8-931086d84d32_130/outputs/conda_env_v_1_0_0.yml?sv=2019-02-02&sr=b&sig=LW2av75BQiatA2bE7UdmcbGW1NyiJhzTyD7g62ZVTn0%3D&st=2020-10-03T19%3A02%3A04Z&se=2020-10-04T19%3A12%3A04Z&sp=rcw&comp=block&blockid=TURBd01EQXdNREF3TURBd01EQXdNREF3TURBd01EQXdNREF3TURBd01EQSUzRA%3D%3D&timeout=30
StandardScalerWrapper RandomForest             0:02:58       0.1252    0.1167
       131   RobustScaler ExtremeRandomTrees                0:00:34       0.1174    0.1167
       132   RobustScaler RandomForest                      0:00:26       0.1214    0.1167
       133   StandardScalerWrapper ExtremeRandomTrees       0:00:31       0.1192    0.1167
       134   StandardScalerWrapper ExtremeRandomTrees       0:00:26       0.1187    0.1167
       135   StandardScalerWrapper RandomForest             0:00:26       0.1244    0.1167
       136   MinMaxScaler RandomForest                      0:00:33       0.1213    0.1167
       137   RobustScaler RandomForest                      0:00:34       0.1231    0.1167
       138   RobustScaler ExtremeRandomTrees                0:00:31       0.1190    0.1167
       139   MinMaxScaler ExtremeRandomTrees                0:00:26       0.1246    0.1167
       140   RobustScaler RandomForest                      0:00:26       0.1213    0.1167
       141   MinMaxScaler ExtremeRandomTrees                0:00:29       0.1186    0.1167
       142   WARNING - Retrying (Retry(total=2, connect=None, read=None, redirect=None, status=None)) after connection broken by 'ProtocolError('Connection aborted.', ConnectionResetError(104, 'Connection reset by peer'))': /azureml/ExperimentRun/dcid.AutoML_c4b3c3d1-8a54-4bbd-98b8-931086d84d32_142/outputs/pipeline_graph.json?sv=2019-02-02&sr=b&sig=HMy8l39ZqiEqEI21RLG92fXbUxw%2FcAtOYdyekV5qddI%3D&st=2020-10-03T19%3A10%3A32Z&se=2020-10-04T19%3A20%3A32Z&sp=rcw&comp=block&blockid=TURBd01EQXdNREF3TURBd01EQXdNREF3TURBd01EQXdNREF3TURBd01EQSUzRA%3D%3D&timeout=30
WARNING - Retrying (Retry(total=2, connect=None, read=None, redirect=None, status=None)) after connection broken by 'ProtocolError('Connection aborted.', ConnectionResetError(104, 'Connection reset by peer'))': /azureml/ExperimentRun/dcid.AutoML_c4b3c3d1-8a54-4bbd-98b8-931086d84d32_142/outputs/env_dependencies.json?sv=2019-02-02&sr=b&sig=fnrSr6TQsMp5v1qTMGUn4F8K1C4y3OFeTAjhU2Y7jNg%3D&st=2020-10-03T19%3A10%3A32Z&se=2020-10-04T19%3A20%3A32Z&sp=rcw&comp=block&blockid=TURBd01EQXdNREF3TURBd01EQXdNREF3TURBd01EQXdNREF3TURBd01EQSUzRA%3D%3D&timeout=30
RobustScaler ExtremeRandomTrees                0:03:07       0.1219    0.1167
       143   StandardScalerWrapper ExtremeRandomTrees       0:00:26       0.1195    0.1167
       144   StandardScalerWrapper ExtremeRandomTrees       0:00:28       0.1242    0.1167
       145   RobustScaler RandomForest                      0:00:26       0.1220    0.1167
       146   MinMaxScaler RandomForest                      0:00:26       0.1213    0.1167
       147   StandardScalerWrapper ExtremeRandomTrees       0:00:26       0.1196    0.1167
       148   MinMaxScaler RandomForest                      0:00:26       0.1211    0.1167
       149   StandardScalerWrapper ExtremeRandomTrees       0:00:27       0.1223    0.1167
       150   StandardScalerWrapper RandomForest             0:00:30       0.1223    0.1167
       151   RobustScaler ExtremeRandomTrees                0:00:26       0.1184    0.1167
       152   StandardScalerWrapper ExtremeRandomTrees       0:00:27       0.1178    0.1167
       153   StandardScalerWrapper ExtremeRandomTrees       0:00:28       0.1193    0.1167
       154   StandardScalerWrapper RandomForest             0:00:28       0.1195    0.1167
       155   StandardScalerWrapper RandomForest             0:00:27       0.1244    0.1167
       156   StandardScalerWrapper RandomForest             0:00:28       0.1240    0.1167
       157   StandardScalerWrapper RandomForest             0:00:31       0.1228    0.1167
       158   StandardScalerWrapper ExtremeRandomTrees       0:00:26       0.1189    0.1167
       159   RobustScaler RandomForest                      0:00:28       0.1202    0.1167
       160   MinMaxScaler RandomForest                      0:00:33       0.1225    0.1167
       161   StandardScalerWrapper RandomForest             0:00:31       0.1181    0.1167
       162   MinMaxScaler ExtremeRandomTrees                0:00:33       0.1216    0.1167
       163   MinMaxScaler RandomForest                      0:00:33       0.1211    0.1167
       164   StandardScalerWrapper RandomForest             0:00:26       0.1198    0.1167
       165   MinMaxScaler RandomForest                      0:00:29       0.1258    0.1167
       166   StandardScalerWrapper RandomForest             0:00:38       0.1210    0.1167
       167   RobustScaler RandomForest                      0:00:26       0.1175    0.1167
       168   StandardScalerWrapper RandomForest             0:00:31       0.1200    0.1167
       169   StandardScalerWrapper RandomForest             0:00:30       0.1209    0.1167
       170   RobustScaler RandomForest                      0:00:26       0.1245    0.1167
       171   MinMaxScaler ExtremeRandomTrees                0:00:27       0.1219    0.1167
       172   StandardScalerWrapper GradientBoosting         0:00:28       0.1224    0.1167
       173   StandardScalerWrapper ExtremeRandomTrees       0:00:27       0.1209    0.1167
       174   MinMaxScaler RandomForest                      0:00:26       0.1209    0.1167
       175   RobustScaler RandomForest                      0:00:26       0.1248    0.1167
       176   StandardScalerWrapper ExtremeRandomTrees       0:00:27       0.1207    0.1167
       177   WARNING - Retrying (Retry(total=2, connect=None, read=None, redirect=None, status=None)) after connection broken by 'ProtocolError('Connection aborted.', ConnectionResetError(104, 'Connection reset by peer'))': /azureml/ExperimentRun/dcid.AutoML_c4b3c3d1-8a54-4bbd-98b8-931086d84d32_177/outputs/scoring_file_v_1_0_0.py?sv=2019-02-02&sr=b&sig=PPdvO6BANGW3GFS0m19PsojeGYz0d0tLUUcvQq3g%2Bqo%3D&st=2020-10-03T19%3A29%3A55Z&se=2020-10-04T19%3A39%3A55Z&sp=rcw&comp=block&blockid=TURBd01EQXdNREF3TURBd01EQXdNREF3TURBd01EQXdNREF3TURBd01EQSUzRA%3D%3D&timeout=30
MinMaxScaler ExtremeRandomTrees                0:03:05       0.1196    0.1167
       178   StandardScalerWrapper RandomForest             0:00:26       0.1174    0.1167
       179   RobustScaler ExtremeRandomTrees                0:00:26       0.1189    0.1167
       180   StandardScalerWrapper RandomForest             0:00:26       0.1265    0.1167
       181   RobustScaler ExtremeRandomTrees                0:00:28       0.1212    0.1167
       182   WARNING - Received unrecognized parameter ensemble_download_models_timeout_sec
WARNING - Received unrecognized parameter ensemble_download_models_timeout_sec
VotingEnsemble                                 0:02:11       0.1165    0.1165
Stopping criteria reached at iteration 183. Ending experiment.
WARNING - Received unrecognized parameter ensemble_download_models_timeout_sec
WARNING - Received unrecognized parameter ensemble_download_models_timeout_sec
WARNING - Received unrecognized parameter ensemble_download_models_timeout_sec
****************************************************************************************************
Current status: BestRunExplainModel. Best run model explanations started
Current status: ModelExplanationDataSetSetup. Model explanations data setup completed
Current status: PickSurrogateModel. Choosing LightGBM as the surrogate model for explanations
Current status: EngineeredFeatureExplanations. Computation of engineered features started
Current status: EngineeredFeatureExplanations. Computation of engineered features completed
Current status: BestRunExplainModel. Best run model explanations completed
****************************************************************************************************
WARNING - Received unrecognized parameter ensemble_download_models_timeout_sec
WARNING - Received unrecognized parameter ensemble_download_models_timeout_sec
WARNING - Received unrecognized parameter ensemble_download_models_timeout_sec
Best pipeline:
<class 'sklearn.ensemble._voting.VotingRegressor'>
0. Pipeline(memory=None,
         steps=[('robustscaler',
                 RobustScaler(copy=True, quantile_range=[25, 75],
                              with_centering=True, with_scaling=True)),
                ('randomforestregressor',
                 RandomForestRegressor(bootstrap=False, ccp_alpha=0.0,
                                       criterion='mse', max_depth=None,
                                       max_features=0.7, max_leaf_nodes=None,
                                       max_samples=None,
                                       min_impurity_decrease=0.0,
                                       min_impurity_split=None,
                                       min_samples_leaf=0.01091729022778783,
                                       min_samples_split=0.0012814223889440828,
                                       min_weight_fraction_leaf=0.0,
                                       n_estimators=25, n_jobs=-1,
                                       oob_score=False, random_state=None,
                                       verbose=0, warm_start=False))],
         verbose=False)
1. Pipeline(memory=None,
         steps=[('robustscaler',
                 RobustScaler(copy=True, quantile_range=[25, 75],
                              with_centering=False, with_scaling=False)),
                ('randomforestregressor',
                 RandomForestRegressor(bootstrap=False, ccp_alpha=0.0,
                                       criterion='mse', max_depth=None,
                                       max_features=0.5, max_leaf_nodes=None,
                                       max_samples=None,
                                       min_impurity_decrease=0.0,
                                       min_impurity_split=None,
                                       min_samples_leaf=0.0074478228980205795,
                                       min_samples_split=0.000753222139758624,
                                       min_weight_fraction_leaf=0.0,
                                       n_estimators=50, n_jobs=-1,
                                       oob_score=False, random_state=None,
                                       verbose=0, warm_start=False))],
         verbose=False)
2. Pipeline(memory=None,
         steps=[('robustscaler',
                 RobustScaler(copy=True, quantile_range=[10, 90],
                              with_centering=True, with_scaling=False)),
                ('extratreesregressor',
                 ExtraTreesRegressor(bootstrap=True, ccp_alpha=0.0,
                                     criterion='mse', max_depth=None,
                                     max_features=0.7, max_leaf_nodes=None,
                                     max_samples=None,
                                     min_impurity_decrease=0.0,
                                     min_impurity_split=None,
                                     min_samples_leaf=0.004196633747563344,
                                     min_samples_split=0.005285388593079247,
                                     min_weight_fraction_leaf=0.0,
                                     n_estimators=10, n_jobs=-1,
                                     oob_score=False, random_state=None,
                                     verbose=0, warm_start=False))],
         verbose=False)
3. Pipeline(memory=None,
         steps=[('robustscaler',
                 RobustScaler(copy=True, quantile_range=[25, 75],
                              with_centering=True, with_scaling=True)),
                ('extratreesregressor',
                 ExtraTreesRegressor(bootstrap=True, ccp_alpha=0.0,
                                     criterion='mse', max_depth=None,
                                     max_features=0.9, max_leaf_nodes=None,
                                     max_samples=None,
                                     min_impurity_decrease=0.0,
                                     min_impurity_split=None,
                                     min_samples_leaf=0.0074478228980205795,
                                     min_samples_split=0.010734188827013528,
                                     min_weight_fraction_leaf=0.0,
                                     n_estimators=600, n_jobs=-1,
                                     oob_score=False, random_state=None,
                                     verbose=0, warm_start=False))],
         verbose=False)
4. Pipeline(memory=None,
         steps=[('standardscalerwrapper',
                 <azureml.automl.runtime.shared.model_wrappers.StandardScalerWrapper object at 0x7fde7f455450>),
                ('randomforestregressor',
                 RandomForestRegressor(bootstrap=True, ccp_alpha=0.0,
                                       criterion='mse', max_depth=None,
                                       max_features=0.4, max_leaf_nodes=None,
                                       max_samples=None,
                                       min_impurity_decrease=0.0,
                                       min_impurity_split=None,
                                       min_samples_leaf=0.005080937188890647,
                                       min_samples_split=0.0008991789964660114,
                                       min_weight_fraction_leaf=0.0,
                                       n_estimators=50, n_jobs=-1,
                                       oob_score=False, random_state=None,
                                       verbose=0, warm_start=False))],
         verbose=False)
5. Pipeline(memory=None,
         steps=[('standardscalerwrapper',
                 <azureml.automl.runtime.shared.model_wrappers.StandardScalerWrapper object at 0x7fde7eeb2590>),
                ('decisiontreeregressor',
                 DecisionTreeRegressor(ccp_alpha=0.0, criterion='friedman_mse',
                                       max_depth=None, max_features=0.6,
                                       max_leaf_nodes=None,
                                       min_impurity_decrease=0.0,
                                       min_impurity_split=None,
                                       min_samples_leaf=0.007594568292413517,
                                       min_samples_split=0.00310675990983383,
                                       min_weight_fraction_leaf=0.0,
                                       presort='deprecated', random_state=None,
                                       splitter='best'))],
         verbose=False)
6. Pipeline(memory=None,
         steps=[('robustscaler',
                 RobustScaler(copy=True, quantile_range=[10, 90],
                              with_centering=False, with_scaling=False)),
                ('decisiontreeregressor',
                 DecisionTreeRegressor(ccp_alpha=0.0, criterion='mse',
                                       max_depth=None, max_features=None,
                                       max_leaf_nodes=None,
                                       min_impurity_decrease=0.0,
                                       min_impurity_split=None,
                                       min_samples_leaf=0.003851381725578514,
                                       min_samples_split=0.012814223889440833,
                                       min_weight_fraction_leaf=0.0,
                                       presort='deprecated', random_state=None,
                                       splitter='random'))],
         verbose=False)
7. Pipeline(memory=None,
         steps=[('robustscaler',
                 RobustScaler(copy=True, quantile_range=[25, 75],
                              with_centering=False, with_scaling=False)),
                ('lightgbmregressor',
                 LightGBMRegressor(boosting_type='gbdt', class_weight=None,
                                   colsample_bytree=1, importance_type='split',
                                   learning_rate=0.12631947368421054,
                                   max_bin=1023, max_depth=7,
                                   min_child_samples=757,
                                   min_child_weight=0.001,
                                   min_split_gain=0.15789473684210525,
                                   n_estimators=50, n_jobs=-1, num_leaves=7,
                                   objective=None, random_state=None,
                                   reg_alpha=0.15,
                                   reg_lambda=0.44999999999999996, silent=True,
                                   subsample=0.7999999999999999,
                                   subsample_for_bin=200000, subsample_freq=3,
                                   verbose=-1))],
         verbose=False)
8. Pipeline(memory=None,
         steps=[('minmaxscaler', MinMaxScaler(copy=True, feature_range=(0, 1))),
                ('decisiontreeregressor',
                 DecisionTreeRegressor(ccp_alpha=0.0, criterion='friedman_mse',
                                       max_depth=None, max_features=0.8,
                                       max_leaf_nodes=None,
                                       min_impurity_decrease=0.0,
                                       min_impurity_split=None,
                                       min_samples_leaf=0.008504540352732381,
                                       min_samples_split=0.02180025323490051,
                                       min_weight_fraction_leaf=0.0,
                                       presort='deprecated', random_state=None,
                                       splitter='best'))],
         verbose=False)
9. Pipeline(memory=None,
         steps=[('standardscalerwrapper',
                 <azureml.automl.runtime.shared.model_wrappers.StandardScalerWrapper object at 0x7fde7eeb5210>),
                ('decisiontreeregressor',
                 DecisionTreeRegressor(ccp_alpha=0.0, criterion='mse',
                                       max_depth=None, max_features=None,
                                       max_leaf_nodes=None,
                                       min_impurity_decrease=0.0,
                                       min_impurity_split=None,
                                       min_samples_leaf=0.006056302831963706,
                                       min_samples_split=0.000630957344480193,
                                       min_weight_fraction_leaf=0.0,
                                       presort='deprecated', random_state=None,
                                       splitter='random'))],
         verbose=False)
10. Pipeline(memory=None,
         steps=[('robustscaler',
                 RobustScaler(copy=True, quantile_range=[25, 75],
                              with_centering=False, with_scaling=False)),
                ('decisiontreeregressor',
                 DecisionTreeRegressor(ccp_alpha=0.0, criterion='friedman_mse',
                                       max_depth=None, max_features=0.6,
                                       max_leaf_nodes=None,
                                       min_impurity_decrease=0.0,
                                       min_impurity_split=None,
                                       min_samples_leaf=0.009523544173472464,
                                       min_samples_split=0.010734188827013528,
                                       min_weight_fraction_leaf=0.0,
                                       presort='deprecated', random_state=None,
                                       splitter='best'))],
         verbose=False)

['quarter', 'month', 'day', 'hour', 'minute', 'am_pm', 'hour12', 'wday', 'qday', 'yday']
  RawFeatureName TypeDetected Dropped  EngineeredFeatureCount  \
0  timestamp      DateTime     No      10                       

                                                                                                                                                                                                      Transformations  
0  [DateTimeTransformer, DateTimeTransformer, DateTimeTransformer, DateTimeTransformer, DateTimeTransformer, DateTimeTransformer, DateTimeTransformer, DateTimeTransformer, DateTimeTransformer, DateTimeTransformer]  
