Running on local machine
Parent Run ID: AutoML_e614e7d0-69bc-4ee2-947a-40cdd03a1609

Current status: DatasetFeaturization. Beginning to featurize the dataset.
Current status: DatasetFeaturizationCompleted. Completed featurizing the dataset.
Heuristic parameters: Target_Lag = '[0]', Target_Rolling_Window = '0', Max_Horizon = '2'.
WARNING - Converting non-string tag to string: (forecasting_target_lags: [0])
WARNING - Converting non-string tag to string: (forecasting_target_rolling_window_size: 0)
WARNING - Converting non-string tag to string: (forecasting_max_horizon: 2)
Current status: DatasetCrossValidationSplit. Generating individually featurized CV splits.
Current status: DatasetFeaturization. Beginning to featurize the CV split.
Current status: DatasetFeaturizationCompleted. Completed featurizing the CV split.
Current status: DatasetFeaturization. Beginning to featurize the CV split.
Current status: DatasetFeaturizationCompleted. Completed featurizing the CV split.
Current status: DatasetFeaturization. Beginning to featurize the CV split.
Current status: DatasetFeaturizationCompleted. Completed featurizing the CV split.
Current status: DatasetFeaturization. Beginning to featurize the CV split.
Current status: DatasetFeaturizationCompleted. Completed featurizing the CV split.
Current status: DatasetFeaturization. Beginning to featurize the CV split.
Current status: DatasetFeaturizationCompleted. Completed featurizing the CV split.

****************************************************************************************************
DATA GUARDRAILS: 

TYPE:         Frequency detection
STATUS:       PASSED
DESCRIPTION:  The time series was analyzed, all data points are aligned with detected frequency.
              

****************************************************************************************************

TYPE:         Missing feature values imputation
STATUS:       PASSED
DESCRIPTION:  No feature missing values were detected in the training data.
              Learn more about missing value imputation: https://aka.ms/AutomatedMLFeaturization

****************************************************************************************************

TYPE:         Memory Issues Detection
STATUS:       PASSED
DESCRIPTION:  The selected horizon, lag and rolling window values were analyzed, and no potential memory issues were detected.
              Learn more about time-series forecasting configurations: https://aka.ms/AutomatedMLForecastingConfiguration

****************************************************************************************************
Current status: ModelSelection. Beginning model selection.

****************************************************************************************************
ITERATION: The iteration being evaluated.
PIPELINE: A summary description of the pipeline being evaluated.
DURATION: Time taken for the current iteration.
METRIC: The result of computing score on the fitted pipeline.
BEST: The best observed score thus far.
****************************************************************************************************

 ITERATION   PIPELINE                                       DURATION      METRIC      BEST
         0   MaxAbsScaler DecisionTree                      0:00:24       0.0986    0.0986
         1   MinMaxScaler DecisionTree                      0:00:23       0.0339    0.0339
         2   StandardScalerWrapper LassoLars                0:01:07       0.0905    0.0339
         3   RobustScaler ElasticNet                        0:00:22       0.0889    0.0339
         4   StandardScalerWrapper LassoLars                0:00:20       0.0905    0.0339
         5   RobustScaler ElasticNet                        0:00:23       0.0903    0.0339
         6   WARNING - Retrying (Retry(total=2, connect=None, read=None, redirect=None, status=None)) after connection broken by 'ProtocolError('Connection aborted.', ConnectionResetError(104, 'Connection reset by peer'))': /azureml/ExperimentRun/dcid.AutoML_e614e7d0-69bc-4ee2-947a-40cdd03a1609_6/outputs/pipeline_graph.json?sv=2019-02-02&sr=b&sig=cioBWj%2FwWtG7zfg7AgbstgT0W6EDku1s21CWb%2FaSjOs%3D&st=2020-09-01T20%3A24%3A55Z&se=2020-09-02T20%3A34%3A55Z&sp=rcw&comp=block&blockid=TURBd01EQXdNREF3TURBd01EQXdNREF3TURBd01EQXdNREF3TURBd01EQSUzRA%3D%3D&timeout=30
WARNING - Retrying (Retry(total=2, connect=None, read=None, redirect=None, status=None)) after connection broken by 'ProtocolError('Connection aborted.', ConnectionResetError(104, 'Connection reset by peer'))': /azureml/ExperimentRun/dcid.AutoML_e614e7d0-69bc-4ee2-947a-40cdd03a1609_6/outputs/conda_env_v_1_0_0.yml?sv=2019-02-02&sr=b&sig=Z%2F34gHkrSZHpGmTFalTZVmmVRpRt6y3zvfOXtfyOfoo%3D&st=2020-09-01T20%3A24%3A55Z&se=2020-09-02T20%3A34%3A55Z&sp=rcw&comp=block&blockid=TURBd01EQXdNREF3TURBd01EQXdNREF3TURBd01EQXdNREF3TURBd01EQSUzRA%3D%3D&timeout=30
WARNING - Retrying (Retry(total=2, connect=None, read=None, redirect=None, status=None)) after connection broken by 'ProtocolError('Connection aborted.', ConnectionResetError(104, 'Connection reset by peer'))': /azureml/ExperimentRun/dcid.AutoML_e614e7d0-69bc-4ee2-947a-40cdd03a1609_6/outputs/scoring_file_v_1_0_0.py?sv=2019-02-02&sr=b&sig=GbTuDqC10kwxpO3F5GpxcpB22Gnv51F9wE7%2FXB3aCmg%3D&st=2020-09-01T20%3A24%3A55Z&se=2020-09-02T20%3A34%3A55Z&sp=rcw&comp=block&blockid=TURBd01EQXdNREF3TURBd01EQXdNREF3TURBd01EQXdNREF3TURBd01EQSUzRA%3D%3D&timeout=30
WARNING - Retrying (Retry(total=2, connect=None, read=None, redirect=None, status=None)) after connection broken by 'ProtocolError('Connection aborted.', ConnectionResetError(104, 'Connection reset by peer'))': /azureml/ExperimentRun/dcid.AutoML_e614e7d0-69bc-4ee2-947a-40cdd03a1609_6/outputs/env_dependencies.json?sv=2019-02-02&sr=b&sig=Gx6RGNXyHpNmRP5sXSyOGs6kGjAceXjmYO2optVrYPQ%3D&st=2020-09-01T20%3A24%3A55Z&se=2020-09-02T20%3A34%3A55Z&sp=rcw&comp=block&blockid=TURBd01EQXdNREF3TURBd01EQXdNREF3TURBd01EQXdNREF3TURBd01EQSUzRA%3D%3D&timeout=30
WARNING - Retrying (Retry(total=2, connect=None, read=None, redirect=None, status=None)) after connection broken by 'ProtocolError('Connection aborted.', ConnectionResetError(104, 'Connection reset by peer'))': /azureml/ExperimentRun/dcid.AutoML_e614e7d0-69bc-4ee2-947a-40cdd03a1609_6/outputs/model.pkl?sv=2019-02-02&sr=b&sig=GMVOZSXm5XhUTMDuGQqPfUsDlFcOggJe%2Bgmc%2BurAVqg%3D&st=2020-09-01T20%3A24%3A55Z&se=2020-09-02T20%3A34%3A55Z&sp=rcw&comp=block&blockid=TURBd01EQXdNREF3TURBd01EQXdNREF3TURBd01EQXdNREF3TURBd01EQSUzRA%3D%3D&timeout=30
RobustScaler DecisionTree                      0:03:06       0.0930    0.0339
         7   MinMaxScaler DecisionTree                      0:00:22       0.0179    0.0179
         8   RobustScaler DecisionTree                      0:00:24       0.0839    0.0179
         9   MinMaxScaler DecisionTree                      0:00:21       0.0347    0.0179
        10   StandardScalerWrapper DecisionTree             0:00:22       0.0720    0.0179
        11   StandardScalerWrapper DecisionTree             0:00:16       0.0599    0.0179
        12   RobustScaler DecisionTree                      0:00:21       0.0574    0.0179
        13   RobustScaler ElasticNet                        0:00:23       0.1212    0.0179
        14   StandardScalerWrapper DecisionTree             0:00:18       0.0610    0.0179
        15   MinMaxScaler DecisionTree                      0:00:21       0.0488    0.0179
        16   MinMaxScaler DecisionTree                      0:00:22       0.0685    0.0179
        17   WARNING - Retrying (Retry(total=2, connect=None, read=None, redirect=None, status=None)) after connection broken by 'ProtocolError('Connection aborted.', ConnectionResetError(104, 'Connection reset by peer'))': /azureml/ExperimentRun/dcid.AutoML_e614e7d0-69bc-4ee2-947a-40cdd03a1609_17/outputs/model.pkl?sv=2019-02-02&sr=b&sig=FIs8rgD%2BvUKcN3dqu%2F7h%2BZbM8qhsoHp%2F%2FN%2BYOVDpZRo%3D&st=2020-09-01T20%3A31%3A37Z&se=2020-09-02T20%3A41%3A37Z&sp=rcw&comp=block&blockid=TURBd01EQXdNREF3TURBd01EQXdNREF3TURBd01EQXdNREF3TURBd01EQSUzRA%3D%3D&timeout=30
WARNING - Retrying (Retry(total=2, connect=None, read=None, redirect=None, status=None)) after connection broken by 'ProtocolError('Connection aborted.', ConnectionResetError(104, 'Connection reset by peer'))': /azureml/ExperimentRun/dcid.AutoML_e614e7d0-69bc-4ee2-947a-40cdd03a1609_17/outputs/env_dependencies.json?sv=2019-02-02&sr=b&sig=JR9L7R6qhujp6380PT3ku%2FZpGcMy0dSheZTTDOTb13Q%3D&st=2020-09-01T20%3A31%3A37Z&se=2020-09-02T20%3A41%3A37Z&sp=rcw&comp=block&blockid=TURBd01EQXdNREF3TURBd01EQXdNREF3TURBd01EQXdNREF3TURBd01EQSUzRA%3D%3D&timeout=30
WARNING - Retrying (Retry(total=2, connect=None, read=None, redirect=None, status=None)) after connection broken by 'ProtocolError('Connection aborted.', ConnectionResetError(104, 'Connection reset by peer'))': /azureml/ExperimentRun/dcid.AutoML_e614e7d0-69bc-4ee2-947a-40cdd03a1609_17/outputs/scoring_file_v_1_0_0.py?sv=2019-02-02&sr=b&sig=abboXYmxiN0JlS%2Ba%2FU2za7czeqwLfBQWBBDFK3Z0hOs%3D&st=2020-09-01T20%3A31%3A37Z&se=2020-09-02T20%3A41%3A37Z&sp=rcw&comp=block&blockid=TURBd01EQXdNREF3TURBd01EQXdNREF3TURBd01EQXdNREF3TURBd01EQSUzRA%3D%3D&timeout=30
RobustScaler DecisionTree                      0:03:10       0.1050    0.0179
        18   RobustScaler DecisionTree                      0:00:18       0.0800    0.0179
        19   StandardScalerWrapper DecisionTree             0:00:23       0.0309    0.0179
        20   StandardScalerWrapper DecisionTree             0:00:22       0.0584    0.0179
        21   MinMaxScaler DecisionTree                      0:00:22       0.0820    0.0179
        22   StandardScalerWrapper DecisionTree             0:00:25       0.1086    0.0179
        23   MinMaxScaler DecisionTree                      0:00:17       0.1032    0.0179
        24   StandardScalerWrapper DecisionTree             0:00:28       0.0960    0.0179
        25   WARNING - Retrying (Retry(total=2, connect=None, read=None, redirect=None, status=None)) after connection broken by 'ProtocolError('Connection aborted.', ConnectionResetError(104, 'Connection reset by peer'))': /azureml/ExperimentRun/dcid.AutoML_e614e7d0-69bc-4ee2-947a-40cdd03a1609_25/outputs/env_dependencies.json?sv=2019-02-02&sr=b&sig=MJNqyqNwBEzIQOWf%2Fu6KTKpp8Q49YmH%2Bjj%2Fxz8Dwivk%3D&st=2020-09-01T20%3A37%3A27Z&se=2020-09-02T20%3A47%3A27Z&sp=rcw&comp=block&blockid=TURBd01EQXdNREF3TURBd01EQXdNREF3TURBd01EQXdNREF3TURBd01EQSUzRA%3D%3D&timeout=30
WARNING - Retrying (Retry(total=2, connect=None, read=None, redirect=None, status=None)) after connection broken by 'ProtocolError('Connection aborted.', ConnectionResetError(104, 'Connection reset by peer'))': /azureml/ExperimentRun/dcid.AutoML_e614e7d0-69bc-4ee2-947a-40cdd03a1609_25/outputs/pipeline_graph.json?sv=2019-02-02&sr=b&sig=EA%2FfqSCnLQLCYPeJXDwUmWIjIDTD2zY2Cop%2BZFPIVLA%3D&st=2020-09-01T20%3A37%3A27Z&se=2020-09-02T20%3A47%3A27Z&sp=rcw&comp=block&blockid=TURBd01EQXdNREF3TURBd01EQXdNREF3TURBd01EQXdNREF3TURBd01EQSUzRA%3D%3D&timeout=30
WARNING - Retrying (Retry(total=2, connect=None, read=None, redirect=None, status=None)) after connection broken by 'ProtocolError('Connection aborted.', ConnectionResetError(104, 'Connection reset by peer'))': /azureml/ExperimentRun/dcid.AutoML_e614e7d0-69bc-4ee2-947a-40cdd03a1609_25/outputs/conda_env_v_1_0_0.yml?sv=2019-02-02&sr=b&sig=LqOjWraQY6XUu%2Ffn7i3yYiYwZxYhGdMy3TeIENBhO04%3D&st=2020-09-01T20%3A37%3A27Z&se=2020-09-02T20%3A47%3A27Z&sp=rcw&comp=block&blockid=TURBd01EQXdNREF3TURBd01EQXdNREF3TURBd01EQXdNREF3TURBd01EQSUzRA%3D%3D&timeout=30
RobustScaler DecisionTree                      0:03:07       0.1362    0.0179
        26   StandardScalerWrapper DecisionTree             0:00:23       0.0328    0.0179
        27   StandardScalerWrapper DecisionTree             0:00:23       0.0851    0.0179
        28   RobustScaler DecisionTree                      0:00:24       0.0411    0.0179
        29   RobustScaler DecisionTree                      0:00:23       0.0591    0.0179
        30   StandardScalerWrapper DecisionTree             0:00:24       0.0757    0.0179
        31   WARNING - Retrying (Retry(total=2, connect=None, read=None, redirect=None, status=None)) after connection broken by 'ProtocolError('Connection aborted.', ConnectionResetError(104, 'Connection reset by peer'))': /azureml/ExperimentRun/dcid.AutoML_e614e7d0-69bc-4ee2-947a-40cdd03a1609_31/outputs/internal_cross_validated_models.pkl?sv=2019-02-02&sr=b&sig=mKWuGcOPrCj7X3wkEuZ%2FJaSBiIF%2Bv1VQ1%2FC7vUKQwt8%3D&st=2020-09-01T20%3A42%3A33Z&se=2020-09-02T20%3A52%3A33Z&sp=rcw&comp=block&blockid=TURBd01EQXdNREF3TURBd01EQXdNREF3TURBd01EQXdNREF3TURBd01EQSUzRA%3D%3D&timeout=30
MinMaxScaler DecisionTree                      0:03:30       0.0329    0.0179
        32   StandardScalerWrapper RandomForest             0:00:24       0.0729    0.0179
        33   RobustScaler DecisionTree                      0:00:24       0.0235    0.0179
        34   StandardScalerWrapper DecisionTree             0:00:22       0.0130    0.0130
        35   StandardScalerWrapper DecisionTree             0:00:22       0.0834    0.0130
        36   StandardScalerWrapper ElasticNet               0:00:22       0.0903    0.0130
        37   MinMaxScaler DecisionTree                      0:00:22       0.0421    0.0130
        38   StandardScalerWrapper DecisionTree             0:00:23       0.0345    0.0130
        39   MinMaxScaler DecisionTree                      0:00:24       0.0749    0.0130
        40   RobustScaler DecisionTree                      0:00:19       0.0662    0.0130
        41   MinMaxScaler DecisionTree                      0:00:23       0.0195    0.0130
        42   StandardScalerWrapper DecisionTree             0:00:33       0.0901    0.0130
