Running on local machine
Parent Run ID: AutoML_dfc87ab6-002f-41f8-a9ca-521b63f7bdc7

Current status: DatasetFeaturization. Beginning to featurize the dataset.
Current status: DatasetFeaturizationCompleted. Completed featurizing the dataset.
Heuristic parameters: Target_Lag = '[0]', Target_Rolling_Window = '0', Max_Horizon = '2'.
WARNING - Converting non-string tag to string: (forecasting_target_lags: [0])
WARNING - Converting non-string tag to string: (forecasting_target_rolling_window_size: 0)
WARNING - Converting non-string tag to string: (forecasting_max_horizon: 2)
Current status: DatasetCrossValidationSplit. Generating individually featurized CV splits.
Current status: DatasetFeaturization. Beginning to featurize the CV split.
Current status: DatasetFeaturizationCompleted. Completed featurizing the CV split.
Current status: DatasetFeaturization. Beginning to featurize the CV split.
Current status: DatasetFeaturizationCompleted. Completed featurizing the CV split.
Current status: DatasetFeaturization. Beginning to featurize the CV split.
Current status: DatasetFeaturizationCompleted. Completed featurizing the CV split.
Current status: DatasetFeaturization. Beginning to featurize the CV split.
Current status: DatasetFeaturizationCompleted. Completed featurizing the CV split.
Current status: DatasetFeaturization. Beginning to featurize the CV split.
Current status: DatasetFeaturizationCompleted. Completed featurizing the CV split.

****************************************************************************************************
DATA GUARDRAILS: 

TYPE:         Frequency detection
STATUS:       PASSED
DESCRIPTION:  The time series was analyzed, all data points are aligned with detected frequency.
              

****************************************************************************************************

TYPE:         Missing feature values imputation
STATUS:       PASSED
DESCRIPTION:  No feature missing values were detected in the training data.
              Learn more about missing value imputation: https://aka.ms/AutomatedMLFeaturization

****************************************************************************************************

TYPE:         Memory Issues Detection
STATUS:       PASSED
DESCRIPTION:  The selected horizon, lag and rolling window values were analyzed, and no potential memory issues were detected.
              Learn more about time-series forecasting configurations: https://aka.ms/AutomatedMLForecastingConfiguration

****************************************************************************************************
Current status: ModelSelection. Beginning model selection.

****************************************************************************************************
ITERATION: The iteration being evaluated.
PIPELINE: A summary description of the pipeline being evaluated.
DURATION: Time taken for the current iteration.
METRIC: The result of computing score on the fitted pipeline.
BEST: The best observed score thus far.
****************************************************************************************************

 ITERATION   PIPELINE                                       DURATION      METRIC      BEST
         0   MaxAbsScaler DecisionTree                      0:00:33       0.1002    0.1002
         1   MinMaxScaler DecisionTree                      0:00:23       0.0968    0.0968
         2   StandardScalerWrapper LassoLars                0:00:18       0.1089    0.0968
         3   RobustScaler ElasticNet                        0:00:21       0.1064    0.0968
         4   StandardScalerWrapper LassoLars                0:00:22       0.1089    0.0968
         5   RobustScaler ElasticNet                        0:00:22       0.1076    0.0968
         6   RobustScaler DecisionTree                      0:00:21       0.0861    0.0861
         7   MinMaxScaler DecisionTree                      0:00:17       0.0474    0.0474
         8   RobustScaler DecisionTree                      0:00:21       0.0929    0.0474
         9   MinMaxScaler DecisionTree                      0:00:16       0.0987    0.0474
        10   StandardScalerWrapper DecisionTree             0:00:22       0.0758    0.0474
        11   StandardScalerWrapper DecisionTree             0:00:21       0.0792    0.0474
        12   RobustScaler DecisionTree                      0:00:22       0.0709    0.0474
        13   RobustScaler ElasticNet                        0:00:16       0.1300    0.0474
        14   StandardScalerWrapper DecisionTree             0:00:17       0.0728    0.0474
        15   MinMaxScaler DecisionTree                      0:00:32       0.0713    0.0474
        16   MinMaxScaler DecisionTree                      0:00:23       0.0879    0.0474
        17   RobustScaler DecisionTree                      0:00:22       0.0726    0.0474
        18   RobustScaler DecisionTree                      0:00:22       0.1169    0.0474
        19   StandardScalerWrapper DecisionTree             0:00:22       0.0909    0.0474
        20   StandardScalerWrapper DecisionTree             0:00:25       0.0744    0.0474
        21   StandardScalerWrapper DecisionTree             0:00:22       0.1210    0.0474
        22   MinMaxScaler DecisionTree                      0:00:22       0.0663    0.0474
        23   MinMaxScaler DecisionTree                      0:00:23       0.0650    0.0474
        24   StandardScalerWrapper DecisionTree             0:00:26       0.0935    0.0474
        25   WARNING - Retrying (Retry(total=2, connect=None, read=None, redirect=None, status=None)) after connection broken by 'ProtocolError('Connection aborted.', ConnectionResetError(104, 'Connection reset by peer'))': /azureml/ExperimentRun/dcid.AutoML_dfc87ab6-002f-41f8-a9ca-521b63f7bdc7_25/outputs/model.pkl?sv=2019-02-02&sr=b&sig=5j2YrqfchTTuEK2OPP0%2BvJ7yN31YsqvTzrsCikMZw18%3D&st=2020-09-03T20%3A23%3A48Z&se=2020-09-04T20%3A33%3A48Z&sp=rcw&comp=block&blockid=TURBd01EQXdNREF3TURBd01EQXdNREF3TURBd01EQXdNREF3TURBd01EQSUzRA%3D%3D&timeout=30
WARNING - Retrying (Retry(total=2, connect=None, read=None, redirect=None, status=None)) after connection broken by 'ProtocolError('Connection aborted.', ConnectionResetError(104, 'Connection reset by peer'))': /azureml/ExperimentRun/dcid.AutoML_dfc87ab6-002f-41f8-a9ca-521b63f7bdc7_25/outputs/env_dependencies.json?sv=2019-02-02&sr=b&sig=Pq78G2OAmU2JZg6fqHyXG4CRbbSq3qI5g377zEeM1TA%3D&st=2020-09-03T20%3A23%3A48Z&se=2020-09-04T20%3A33%3A48Z&sp=rcw&comp=block&blockid=TURBd01EQXdNREF3TURBd01EQXdNREF3TURBd01EQXdNREF3TURBd01EQSUzRA%3D%3D&timeout=30
WARNING - Retrying (Retry(total=2, connect=None, read=None, redirect=None, status=None)) after connection broken by 'ProtocolError('Connection aborted.', ConnectionResetError(104, 'Connection reset by peer'))': /azureml/ExperimentRun/dcid.AutoML_dfc87ab6-002f-41f8-a9ca-521b63f7bdc7_25/outputs/scoring_file_v_1_0_0.py?sv=2019-02-02&sr=b&sig=40yOvfY1s0LmUfdPJmXyO1hgX2cmTEC297FUuDVhci8%3D&st=2020-09-03T20%3A23%3A48Z&se=2020-09-04T20%3A33%3A48Z&sp=rcw&comp=block&blockid=TURBd01EQXdNREF3TURBd01EQXdNREF3TURBd01EQXdNREF3TURBd01EQSUzRA%3D%3D&timeout=30
WARNING - Retrying (Retry(total=2, connect=None, read=None, redirect=None, status=None)) after connection broken by 'ProtocolError('Connection aborted.', ConnectionResetError(104, 'Connection reset by peer'))': /azureml/ExperimentRun/dcid.AutoML_dfc87ab6-002f-41f8-a9ca-521b63f7bdc7_25/outputs/conda_env_v_1_0_0.yml?sv=2019-02-02&sr=b&sig=v52PNzgwq6qzRIhSU6zc1t4wsE0XFXhv03y19ZwVmoQ%3D&st=2020-09-03T20%3A23%3A48Z&se=2020-09-04T20%3A33%3A48Z&sp=rcw&comp=block&blockid=TURBd01EQXdNREF3TURBd01EQXdNREF3TURBd01EQXdNREF3TURBd01EQSUzRA%3D%3D&timeout=30
WARNING - Retrying (Retry(total=2, connect=None, read=None, redirect=None, status=None)) after connection broken by 'ProtocolError('Connection aborted.', ConnectionResetError(104, 'Connection reset by peer'))': /azureml/ExperimentRun/dcid.AutoML_dfc87ab6-002f-41f8-a9ca-521b63f7bdc7_25/outputs/pipeline_graph.json?sv=2019-02-02&sr=b&sig=x2lvUkQGAd3T95jD6uGhU5ZjNBOWUcbB3l%2FqbCUvdLg%3D&st=2020-09-03T20%3A23%3A48Z&se=2020-09-04T20%3A33%3A48Z&sp=rcw&comp=block&blockid=TURBd01EQXdNREF3TURBd01EQXdNREF3TURBd01EQXdNREF3TURBd01EQSUzRA%3D%3D&timeout=30
RobustScaler DecisionTree                      0:03:09       0.1458    0.0474
        26   MinMaxScaler DecisionTree                      0:00:24       0.1234    0.0474
        27   StandardScalerWrapper ExtremeRandomTrees       0:00:24       0.1368    0.0474
        28   StandardScalerWrapper DecisionTree             0:00:22       0.0958    0.0474
        29   StandardScalerWrapper DecisionTree             0:00:21       0.0710    0.0474
        30   StandardScalerWrapper DecisionTree             0:00:22       0.0867    0.0474
        31   MinMaxScaler DecisionTree                      0:00:21       0.1013    0.0474
        32   StandardScalerWrapper DecisionTree             0:00:22       0.1163    0.0474
        33   StandardScalerWrapper DecisionTree             0:00:22       0.0790    0.0474
        34   RobustScaler DecisionTree                      0:00:22       0.0853    0.0474
        35   StandardScalerWrapper DecisionTree             0:00:23       0.1095    0.0474
        36   StandardScalerWrapper DecisionTree             0:00:18       0.0967    0.0474
        37   RobustScaler ExtremeRandomTrees                0:00:24       0.1279    0.0474
        38   MinMaxScaler DecisionTree                      0:00:22       0.0783    0.0474
        39   MinMaxScaler DecisionTree                      0:00:22       0.1092    0.0474
        40   StandardScalerWrapper DecisionTree             0:00:22       0.1227    0.0474
        41   StandardScalerWrapper DecisionTree             0:00:21       0.0692    0.0474
        42   RobustScaler DecisionTree                      0:00:22       0.0580    0.0474
        43   MinMaxScaler DecisionTree                      0:00:23       0.0777    0.0474
        44   RobustScaler DecisionTree                      0:00:22       0.0607    0.0474
        45   StandardScalerWrapper DecisionTree             0:00:17       0.1127    0.0474
        46   MinMaxScaler DecisionTree                      0:00:23       0.0716    0.0474
        47   RobustScaler DecisionTree                      0:00:21       0.0640    0.0474
        48   StandardScalerWrapper DecisionTree             0:00:18       0.0669    0.0474
        49   StandardScalerWrapper DecisionTree             0:00:21       0.0585    0.0474
        50   StandardScalerWrapper DecisionTree             0:00:22       0.0799    0.0474
        51   MinMaxScaler DecisionTree                      0:00:22       0.0586    0.0474
        52   WARNING - Retrying (Retry(total=2, connect=None, read=None, redirect=None, status=None)) after connection broken by 'ProtocolError('Connection aborted.', ConnectionResetError(104, 'Connection reset by peer'))': /azureml/ExperimentRun/dcid.AutoML_dfc87ab6-002f-41f8-a9ca-521b63f7bdc7_52/outputs/pipeline_graph.json?sv=2019-02-02&sr=b&sig=Dwi%2BwOdppe9SwjDqcS7L5LYt%2F72w0pugrqipxzlattU%3D&st=2020-09-03T20%3A36%3A36Z&se=2020-09-04T20%3A46%3A36Z&sp=rcw&comp=block&blockid=TURBd01EQXdNREF3TURBd01EQXdNREF3TURBd01EQXdNREF3TURBd01EQSUzRA%3D%3D&timeout=30
WARNING - Retrying (Retry(total=2, connect=None, read=None, redirect=None, status=None)) after connection broken by 'ProtocolError('Connection aborted.', ConnectionResetError(104, 'Connection reset by peer'))': /azureml/ExperimentRun/dcid.AutoML_dfc87ab6-002f-41f8-a9ca-521b63f7bdc7_52/outputs/model.pkl?sv=2019-02-02&sr=b&sig=32snNTIeNqeHqJmu56BtVLQGJgMWfdHOWJMvNfXk%2FQw%3D&st=2020-09-03T20%3A36%3A36Z&se=2020-09-04T20%3A46%3A36Z&sp=rcw&comp=block&blockid=TURBd01EQXdNREF3TURBd01EQXdNREF3TURBd01EQXdNREF3TURBd01EQSUzRA%3D%3D&timeout=30
StandardScalerWrapper DecisionTree             0:03:05       0.0735    0.0474
        53   MinMaxScaler DecisionTree                      0:00:22       0.0921    0.0474
        54   StandardScalerWrapper RandomForest             0:00:25       0.1097    0.0474
        55   MinMaxScaler DecisionTree                      0:00:23       0.1104    0.0474
        56   WARNING - Retrying (Retry(total=2, connect=None, read=None, redirect=None, status=None)) after connection broken by 'ProtocolError('Connection aborted.', ConnectionResetError(104, 'Connection reset by peer'))': /azureml/ExperimentRun/dcid.AutoML_dfc87ab6-002f-41f8-a9ca-521b63f7bdc7_56/outputs/scoring_file_v_1_0_0.py?sv=2019-02-02&sr=b&sig=CrLVDbk2VsHs2msaJ3UbrBZJAm3NOpID1cGwGPv5nTo%3D&st=2020-09-03T20%3A40%3A55Z&se=2020-09-04T20%3A50%3A55Z&sp=rcw&comp=block&blockid=TURBd01EQXdNREF3TURBd01EQXdNREF3TURBd01EQXdNREF3TURBd01EQSUzRA%3D%3D&timeout=30
WARNING - Retrying (Retry(total=2, connect=None, read=None, redirect=None, status=None)) after connection broken by 'ProtocolError('Connection aborted.', ConnectionResetError(104, 'Connection reset by peer'))': /azureml/ExperimentRun/dcid.AutoML_dfc87ab6-002f-41f8-a9ca-521b63f7bdc7_56/outputs/model.pkl?sv=2019-02-02&sr=b&sig=%2BzT62jaHFLFOhHHNR%2BAZ%2F%2BkAAjeAEIVpbwK2utGXhf4%3D&st=2020-09-03T20%3A40%3A56Z&se=2020-09-04T20%3A50%3A56Z&sp=rcw&comp=block&blockid=TURBd01EQXdNREF3TURBd01EQXdNREF3TURBd01EQXdNREF3TURBd01EQSUzRA%3D%3D&timeout=30
WARNING - Retrying (Retry(total=2, connect=None, read=None, redirect=None, status=None)) after connection broken by 'ProtocolError('Connection aborted.', ConnectionResetError(104, 'Connection reset by peer'))': /azureml/ExperimentRun/dcid.AutoML_dfc87ab6-002f-41f8-a9ca-521b63f7bdc7_56/outputs/pipeline_graph.json?sv=2019-02-02&sr=b&sig=wTApXza8wOHaTqBRxzfGyP2K%2BgL62EKP0Hu%2FP6dWJTw%3D&st=2020-09-03T20%3A40%3A56Z&se=2020-09-04T20%3A50%3A56Z&sp=rcw&comp=block&blockid=TURBd01EQXdNREF3TURBd01EQXdNREF3TURBd01EQXdNREF3TURBd01EQSUzRA%3D%3D&timeout=30
WARNING - Retrying (Retry(total=2, connect=None, read=None, redirect=None, status=None)) after connection broken by 'ProtocolError('Connection aborted.', ConnectionResetError(104, 'Connection reset by peer'))': /azureml/ExperimentRun/dcid.AutoML_dfc87ab6-002f-41f8-a9ca-521b63f7bdc7_56/outputs/env_dependencies.json?sv=2019-02-02&sr=b&sig=U9B%2FtHGfvVv9vL3AaZgzx%2BEjeDnM1rq%2B1dTdsxW2rDw%3D&st=2020-09-03T20%3A40%3A55Z&se=2020-09-04T20%3A50%3A55Z&sp=rcw&comp=block&blockid=TURBd01EQXdNREF3TURBd01EQXdNREF3TURBd01EQXdNREF3TURBd01EQSUzRA%3D%3D&timeout=30
MinMaxScaler DecisionTree                      0:03:03       0.0912    0.0474
        57   RobustScaler RandomForest                      0:00:26       0.0842    0.0474
        58   StandardScalerWrapper DecisionTree             0:00:22       0.0743    0.0474
        59   RobustScaler RandomForest                      0:00:24       0.0854    0.0474
        60   MinMaxScaler DecisionTree                      0:00:23       0.0905    0.0474
        61   StandardScalerWrapper DecisionTree             0:00:22       0.0790    0.0474
        62   RobustScaler RandomForest                      0:00:18       0.0760    0.0474
        63   StandardScalerWrapper ExtremeRandomTrees       0:00:24       0.1356    0.0474
        64   StandardScalerWrapper RandomForest             0:00:26       0.0843    0.0474
        65   RobustScaler DecisionTree                      0:00:23       0.1112    0.0474
        66   MinMaxScaler DecisionTree                      0:00:21       0.1115    0.0474
        67   StandardScalerWrapper RandomForest             0:00:30       0.0804    0.0474
        68   StandardScalerWrapper ExtremeRandomTrees       0:00:26       0.1286    0.0474
        69   StandardScalerWrapper RandomForest             0:00:25       0.1278    0.0474
        70   RobustScaler DecisionTree                      0:00:22       0.1288    0.0474
        71   MinMaxScaler ExtremeRandomTrees                0:00:24       0.1190    0.0474
        72   RobustScaler RandomForest                      0:00:24       0.1285    0.0474
        73   StandardScalerWrapper ExtremeRandomTrees       0:00:24       0.1384    0.0474
        74   MinMaxScaler LightGBM                          0:00:23       0.1189    0.0474
        75   StandardScalerWrapper DecisionTree             0:00:24       0.0863    0.0474
        76   MinMaxScaler ExtremeRandomTrees                0:00:24       0.1089    0.0474
        77   RobustScaler RandomForest                      0:00:25       0.1124    0.0474
        78   RobustScaler RandomForest                      0:00:24       0.0721    0.0474
        79   RobustScaler ExtremeRandomTrees                0:00:26       0.1231    0.0474
        80   StandardScalerWrapper DecisionTree             0:00:24       0.0613    0.0474
        81   MinMaxScaler RandomForest                      0:00:25       0.1131    0.0474
        82   StandardScalerWrapper RandomForest             0:00:24       0.1267    0.0474
        83   MinMaxScaler RandomForest                      0:00:24       0.1189    0.0474
        84   StandardScalerWrapper RandomForest             0:00:24       0.1169    0.0474
        85   RobustScaler DecisionTree                      0:00:24       0.1356    0.0474
        86   RobustScaler ExtremeRandomTrees                0:00:24       0.1439    0.0474
        87   MinMaxScaler ExtremeRandomTrees                0:00:26       0.0727    0.0474
        88   MinMaxScaler RandomForest                      0:00:31       0.1114    0.0474
        89   RobustScaler RandomForest                      0:00:26       0.1390    0.0474
        90   StandardScalerWrapper DecisionTree             0:00:23       0.1294    0.0474
        91   MinMaxScaler ExtremeRandomTrees                0:00:25       0.1428    0.0474
        92   RobustScaler ExtremeRandomTrees                0:00:23       0.1300    0.0474
        93   StandardScalerWrapper ExtremeRandomTrees       0:00:25       0.1193    0.0474
        94   StandardScalerWrapper ExtremeRandomTrees       0:00:26       0.1339    0.0474
        95   RobustScaler DecisionTree                      0:00:23       0.1413    0.0474
        96   RobustScaler DecisionTree                      0:00:23       0.0863    0.0474
        97   MinMaxScaler ExtremeRandomTrees                0:00:26       0.1270    0.0474
        98   MinMaxScaler RandomForest                      0:00:26       0.1018    0.0474
        99   RobustScaler ExtremeRandomTrees                0:00:24       0.1267    0.0474
       100   RobustScaler DecisionTree                      0:00:22       0.1039    0.0474
       101   RobustScaler ExtremeRandomTrees                0:00:25       0.1161    0.0474
       102   StandardScalerWrapper RandomForest             0:00:24       0.1129    0.0474
       103   RobustScaler RandomForest                      0:00:25       0.0938    0.0474
       104   MinMaxScaler ExtremeRandomTrees                0:00:30       0.1203    0.0474
       105   StandardScalerWrapper DecisionTree             0:00:23       0.0894    0.0474
       106   StandardScalerWrapper RandomForest             0:00:24       0.1136    0.0474
       107   MinMaxScaler RandomForest                      0:00:24       0.1151    0.0474
       108   RobustScaler RandomForest                      0:00:24       0.1200    0.0474
       109   StandardScalerWrapper ExtremeRandomTrees       0:00:24       0.1190    0.0474
       110   MinMaxScaler DecisionTree                      0:00:22       0.1170    0.0474
       111   RobustScaler RandomForest                      0:00:26       0.1450    0.0474
       112   StandardScalerWrapper ExtremeRandomTrees       0:00:27       0.1368    0.0474
       113   StandardScalerWrapper ExtremeRandomTrees       0:00:25       0.1334    0.0474
       114   MinMaxScaler RandomForest                      0:00:25       0.1048    0.0474
       115   MinMaxScaler DecisionTree                      0:00:22       0.1440    0.0474
       116   StandardScalerWrapper ExtremeRandomTrees       0:00:28       0.1381    0.0474
       117   RobustScaler ExtremeRandomTrees                0:00:27       0.1190    0.0474
       118   MinMaxScaler RandomForest                      0:00:24       0.1143    0.0474
       119   StandardScalerWrapper RandomForest             0:00:24       0.1235    0.0474
       120   MinMaxScaler DecisionTree                      0:00:23       0.1185    0.0474
       121   MinMaxScaler ExtremeRandomTrees                0:00:26       0.1266    0.0474
       122   MinMaxScaler RandomForest                      0:00:26       0.1059    0.0474
       123   StandardScalerWrapper ExtremeRandomTrees       0:00:23       0.1269    0.0474
       124   StandardScalerWrapper ExtremeRandomTrees       0:00:29       0.1329    0.0474
       125   RobustScaler DecisionTree                      0:00:23       0.1190    0.0474
       126   MinMaxScaler DecisionTree                      0:00:23       0.0716    0.0474
       127   StandardScalerWrapper ExtremeRandomTrees       0:00:28       0.1184    0.0474
       128   RobustScaler RandomForest                      0:00:29       0.0846    0.0474
       129   MinMaxScaler ExtremeRandomTrees                0:00:26       0.1227    0.0474
       130   VotingEnsemble                                 0:01:32       0.0473    0.0473
Stopping criteria reached at iteration 131. Ending experiment.
****************************************************************************************************
Current status: BestRunExplainModel. Best run model explanations started
Current status: ModelExplanationDataSetSetup. Model explanations data setup completed
Current status: PickSurrogateModel. Choosing LightGBM as the surrogate model for explanations
Current status: EngineeredFeatureExplanations. Computation of engineered features started
Current status: EngineeredFeatureExplanations. Computation of engineered features completed
Current status: BestRunExplainModel. Best run model explanations completed
****************************************************************************************************
Best pipeline:
<class 'sklearn.ensemble._voting.VotingRegressor'>
0. Pipeline(memory=None,
         steps=[('minmaxscaler', MinMaxScaler(copy=True, feature_range=(0, 1))),
                ('decisiontreeregressor',
                 DecisionTreeRegressor(ccp_alpha=0.0, criterion='mse',
                                       max_depth=None, max_features=0.7,
                                       max_leaf_nodes=None,
                                       min_impurity_decrease=0.0,
                                       min_impurity_split=None,
                                       min_samples_leaf=0.001953125,
                                       min_samples_split=0.0012814223889440828,
                                       min_weight_fraction_leaf=0.0,
                                       presort='deprecated', random_state=None,
                                       splitter='best'))],
         verbose=False)
1. Pipeline(memory=None,
         steps=[('standardscalerwrapper',
                 <azureml.automl.runtime.shared.model_wrappers.StandardScalerWrapper object at 0x7f2ad8c06190>),
                ('decisiontreeregressor',
                 DecisionTreeRegressor(ccp_alpha=0.0, criterion='mse',
                                       max_depth=None, max_features=0.8,
                                       max_leaf_nodes=None,
                                       min_impurity_decrease=0.0,
                                       min_impurity_split=None,
                                       min_samples_leaf=0.0030712916328495916,
                                       min_samples_split=0.031067599098338297,
                                       min_weight_fraction_leaf=0.0,
                                       presort='deprecated', random_state=None,
                                       splitter='best'))],
         verbose=False)

