WARNING - Received unrecognized parameter ensemble_download_models_timeout_sec
Running on local machine
Parent Run ID: AutoML_478dd98c-89b6-4ce8-ab0e-a8f3f96f445c

Current status: DatasetFeaturization. Beginning to featurize the dataset.
Current status: DatasetFeaturizationCompleted. Completed featurizing the dataset.
Heuristic parameters: Target_Lag = '[0]', Target_Rolling_Window = '0'.
WARNING - Converting non-string tag to string: (forecasting_target_lags: [0])
WARNING - Converting non-string tag to string: (forecasting_target_rolling_window_size: 0)
WARNING - Converting non-string tag to string: (forecasting_max_horizon: 2064)
Current status: DatasetCrossValidationSplit. Generating individually featurized CV splits.
Current status: DatasetFeaturization. Beginning to featurize the CV split.
Current status: DatasetFeaturizationCompleted. Completed featurizing the CV split.
Current status: DatasetFeaturization. Beginning to featurize the CV split.
Current status: DatasetFeaturizationCompleted. Completed featurizing the CV split.
Current status: DatasetFeaturization. Beginning to featurize the CV split.
Current status: DatasetFeaturizationCompleted. Completed featurizing the CV split.
Current status: DatasetFeaturization. Beginning to featurize the CV split.
Current status: DatasetFeaturizationCompleted. Completed featurizing the CV split.
Current status: DatasetFeaturization. Beginning to featurize the CV split.
Current status: DatasetFeaturizationCompleted. Completed featurizing the CV split.

****************************************************************************************************
DATA GUARDRAILS: 

TYPE:         Frequency detection
STATUS:       PASSED
DESCRIPTION:  The time series was analyzed, all data points are aligned with detected frequency.
              

****************************************************************************************************

TYPE:         Missing feature values imputation
STATUS:       PASSED
DESCRIPTION:  No feature missing values were detected in the training data.
              Learn more about missing value imputation: https://aka.ms/AutomatedMLFeaturization

****************************************************************************************************

TYPE:         Memory Issues Detection
STATUS:       PASSED
DESCRIPTION:  The selected horizon, lag and rolling window values were analyzed, and no potential memory issues were detected.
              Learn more about time-series forecasting configurations: https://aka.ms/AutomatedMLForecastingConfiguration

****************************************************************************************************
Current status: ModelSelection. Beginning model selection.

****************************************************************************************************
ITERATION: The iteration being evaluated.
PIPELINE: A summary description of the pipeline being evaluated.
DURATION: Time taken for the current iteration.
METRIC: The result of computing score on the fitted pipeline.
BEST: The best observed score thus far.
****************************************************************************************************

 ITERATION   PIPELINE                                       DURATION      METRIC      BEST
         0   MaxAbsScaler DecisionTree                      0:00:22       0.2301    0.2301
         1   MinMaxScaler DecisionTree                      0:00:22       0.2323    0.2301
         2   StandardScalerWrapper LassoLars                0:00:22       0.2321    0.2301
         3   RobustScaler ElasticNet                        0:00:22       0.2323    0.2301
         4   StandardScalerWrapper LassoLars                0:00:22       0.2321    0.2301
         5   RobustScaler ElasticNet                        0:00:22       0.2321    0.2301
         6   RobustScaler DecisionTree                      0:00:22       0.2308    0.2301
         7   MinMaxScaler DecisionTree                      0:00:22       0.2403    0.2301
         8   RobustScaler DecisionTree                      0:00:21       0.2305    0.2301
         9   MinMaxScaler DecisionTree                      0:00:21       0.2315    0.2301
        10   StandardScalerWrapper DecisionTree             0:00:21       0.2315    0.2301
        11   StandardScalerWrapper DecisionTree             0:00:21       0.2311    0.2301
        12   RobustScaler DecisionTree                      0:00:21       0.2321    0.2301
        13   RobustScaler ElasticNet                        0:00:22       0.2323    0.2301
        14   StandardScalerWrapper DecisionTree             0:00:23       0.2327    0.2301
        15   MinMaxScaler DecisionTree                      0:00:22       0.2331    0.2301
        16   MinMaxScaler DecisionTree                      0:00:22       0.2300    0.2300
        17   RobustScaler DecisionTree                      0:00:21       0.2309    0.2300
        18   RobustScaler DecisionTree                      0:00:22       0.2294    0.2294
        19   StandardScalerWrapper DecisionTree             0:00:21       0.2315    0.2294
        20   StandardScalerWrapper DecisionTree             0:00:22       0.2355    0.2294
        21   StandardScalerWrapper ExtremeRandomTrees       0:00:24       0.2292    0.2292
        22   MinMaxScaler LightGBM                          0:00:23       0.2280    0.2280
        23   MinMaxScaler DecisionTree                      0:00:21       0.2312    0.2280
        24   WARNING - Retrying (Retry(total=2, connect=None, read=None, redirect=None, status=None)) after connection broken by 'ProtocolError('Connection aborted.', ConnectionResetError(104, 'Connection reset by peer'))': /azureml/ExperimentRun/dcid.AutoML_478dd98c-89b6-4ce8-ab0e-a8f3f96f445c_24/outputs/env_dependencies.json?sv=2019-02-02&sr=b&sig=PmATNCPenLDDf7XFQhdPOwIPl3m4joL%2BVEraUu2%2FOOI%3D&st=2020-10-01T17%3A37%3A38Z&se=2020-10-02T17%3A47%3A38Z&sp=rcw&comp=block&blockid=TURBd01EQXdNREF3TURBd01EQXdNREF3TURBd01EQXdNREF3TURBd01EQSUzRA%3D%3D&timeout=30
WARNING - Retrying (Retry(total=2, connect=None, read=None, redirect=None, status=None)) after connection broken by 'ProtocolError('Connection aborted.', ConnectionResetError(104, 'Connection reset by peer'))': /azureml/ExperimentRun/dcid.AutoML_478dd98c-89b6-4ce8-ab0e-a8f3f96f445c_24/outputs/model.pkl?sv=2019-02-02&sr=b&sig=9%2FMK57Gl51UCixxXX2YJuNyQnhG%2B3Jc2ln6MCn883XE%3D&st=2020-10-01T17%3A37%3A39Z&se=2020-10-02T17%3A47%3A39Z&sp=rcw&comp=block&blockid=TURBd01EQXdNREF3TURBd01EQXdNREF3TURBd01EQXdNREF3TURBd01EQSUzRA%3D%3D&timeout=30
MinMaxScaler DecisionTree                      0:03:10       0.2298    0.2280
        25   MinMaxScaler LightGBM                          0:00:23       0.2298    0.2280
        26   StandardScalerWrapper RandomForest             0:00:25       0.2298    0.2280
        27   StandardScalerWrapper ExtremeRandomTrees       0:00:25       0.2292    0.2280
        28   MinMaxScaler ExtremeRandomTrees                0:00:27       0.2284    0.2280
        29   StandardScalerWrapper RandomForest             0:00:26       0.2289    0.2280
        30   StandardScalerWrapper LightGBM                 0:00:23       0.2296    0.2280
        31   StandardScalerWrapper ExtremeRandomTrees       0:00:24       0.2283    0.2280
        32   RobustScaler RandomForest                      0:00:23       0.2276    0.2276
        33   StandardScalerWrapper ExtremeRandomTrees       0:00:25       0.2290    0.2276
        34   MinMaxScaler ExtremeRandomTrees                0:00:24       0.2283    0.2276
        35   RobustScaler RandomForest                      0:00:24       0.2308    0.2276
        36   StandardScalerWrapper ExtremeRandomTrees       0:00:24       0.2292    0.2276
        37   RobustScaler ExtremeRandomTrees                0:00:23       0.2299    0.2276
        38   MinMaxScaler ExtremeRandomTrees                0:00:25       0.2294    0.2276
        39   RobustScaler RandomForest                      0:00:23       0.2290    0.2276
        40   WARNING - Retrying (Retry(total=2, connect=None, read=None, redirect=None, status=None)) after connection broken by 'ProtocolError('Connection aborted.', ConnectionResetError(104, 'Connection reset by peer'))': /azureml/ExperimentRun/dcid.AutoML_478dd98c-89b6-4ce8-ab0e-a8f3f96f445c_40/outputs/pipeline_graph.json?sv=2019-02-02&sr=b&sig=BC%2FK2gKT49hApua8GSc%2BlvqM5QS2svD9JnXdwGJh69k%3D&st=2020-10-01T17%3A47%3A02Z&se=2020-10-02T17%3A57%3A02Z&sp=rcw&comp=block&blockid=TURBd01EQXdNREF3TURBd01EQXdNREF3TURBd01EQXdNREF3TURBd01EQSUzRA%3D%3D&timeout=30
RobustScaler RandomForest                      0:03:03       0.2293    0.2276
        41   WARNING - Retrying (Retry(total=2, connect=None, read=None, redirect=None, status=None)) after connection broken by 'ProtocolError('Connection aborted.', ConnectionResetError(104, 'Connection reset by peer'))': /azureml/ExperimentRun/dcid.AutoML_478dd98c-89b6-4ce8-ab0e-a8f3f96f445c_41/outputs/scoring_file_v_1_0_0.py?sv=2019-02-02&sr=b&sig=bcYoOX%2BpoFYXj7pkChTPN536qwFmekNlQMo0H4UHv7A%3D&st=2020-10-01T17%3A50%3A05Z&se=2020-10-02T18%3A00%3A05Z&sp=rcw&comp=block&blockid=TURBd01EQXdNREF3TURBd01EQXdNREF3TURBd01EQXdNREF3TURBd01EQSUzRA%3D%3D&timeout=30
RobustScaler ExtremeRandomTrees                0:00:30       0.2284    0.2276
        42   WARNING - Retrying (Retry(total=2, connect=None, read=None, redirect=None, status=None)) after connection broken by 'ProtocolError('Connection aborted.', ConnectionResetError(104, 'Connection reset by peer'))': /azureml/ExperimentRun/dcid.AutoML_478dd98c-89b6-4ce8-ab0e-a8f3f96f445c_42/outputs/model.pkl?sv=2019-02-02&sr=b&sig=oHV9P4jxpVScOTM%2BnRjcu7Pg2TaECaf8Uq%2B6Egfqa70%3D&st=2020-10-01T17%3A50%3A39Z&se=2020-10-02T18%3A00%3A39Z&sp=rcw&comp=block&blockid=TURBd01EQXdNREF3TURBd01EQXdNREF3TURBd01EQXdNREF3TURBd01EQSUzRA%3D%3D&timeout=30
RobustScaler ExtremeRandomTrees                0:03:01       0.2288    0.2276
        43   StandardScalerWrapper ExtremeRandomTrees       0:00:25       0.2280    0.2276
        44   StandardScalerWrapper ExtremeRandomTrees       0:00:28       0.2286    0.2276
        45   MinMaxScaler RandomForest                      0:00:30       0.2307    0.2276
        46   RobustScaler ExtremeRandomTrees                0:00:24       0.2296    0.2276
        47   RobustScaler RandomForest                      0:00:26       0.2297    0.2276
        48   MinMaxScaler ExtremeRandomTrees                0:00:28       0.2305    0.2276
        49   WARNING - Retrying (Retry(total=2, connect=None, read=None, redirect=None, status=None)) after connection broken by 'ProtocolError('Connection aborted.', ConnectionResetError(104, 'Connection reset by peer'))': /azureml/ExperimentRun/dcid.AutoML_478dd98c-89b6-4ce8-ab0e-a8f3f96f445c_49/outputs/model.pkl?sv=2019-02-02&sr=b&sig=rK7ejZuOxS%2F2wDQMX17ybEnHOcLWpGnhgs50L%2FH81J4%3D&st=2020-10-01T17%3A56%3A23Z&se=2020-10-02T18%3A06%3A23Z&sp=rcw&comp=block&blockid=TURBd01EQXdNREF3TURBd01EQXdNREF3TURBd01EQXdNREF3TURBd01EQSUzRA%3D%3D&timeout=30
RobustScaler ExtremeRandomTrees                0:03:03       0.2290    0.2276
        50   StandardScalerWrapper RandomForest             0:00:28       0.2303    0.2276
        51   RobustScaler ExtremeRandomTrees                0:00:23       0.2278    0.2276
        52   RobustScaler RandomForest                      0:00:26       0.2279    0.2276
        53   MinMaxScaler RandomForest                      0:00:25       0.2294    0.2276
        54   RobustScaler RandomForest                      0:00:27       0.2294    0.2276
        55   RobustScaler RandomForest                      0:00:24       0.2302    0.2276
        56   StandardScalerWrapper RandomForest             0:00:25       0.2287    0.2276
        57   StandardScalerWrapper ExtremeRandomTrees       0:00:25       0.2291    0.2276
        58   StandardScalerWrapper GradientBoosting         0:00:24       0.2278    0.2276
        59   MinMaxScaler ExtremeRandomTrees                0:00:25       0.2286    0.2276
        60   WARNING - Retrying (Retry(total=2, connect=None, read=None, redirect=None, status=None)) after connection broken by 'ProtocolError('Connection aborted.', ConnectionResetError(104, 'Connection reset by peer'))': /azureml/ExperimentRun/dcid.AutoML_478dd98c-89b6-4ce8-ab0e-a8f3f96f445c_60/outputs/pipeline_graph.json?sv=2019-02-02&sr=b&sig=ziKZNvzt5FlMaMlWOQoGsDuGF3B%2Fo2fIZW22EFAT00k%3D&st=2020-10-01T18%3A03%3A43Z&se=2020-10-02T18%3A13%3A43Z&sp=rcw&comp=block&blockid=TURBd01EQXdNREF3TURBd01EQXdNREF3TURBd01EQXdNREF3TURBd01EQSUzRA%3D%3D&timeout=30
StandardScalerWrapper RandomForest             0:03:06       0.2294    0.2276
        61   MinMaxScaler RandomForest                      0:00:25       0.2289    0.2276
        62   MinMaxScaler ExtremeRandomTrees                0:00:25       0.2288    0.2276
        63   RobustScaler ExtremeRandomTrees                0:00:24       0.2288    0.2276
        64   StandardScalerWrapper ExtremeRandomTrees       0:00:26       0.2283    0.2276
        65   MinMaxScaler RandomForest                      0:00:24       0.2324    0.2276
        66   RobustScaler ExtremeRandomTrees                0:00:26       0.2295    0.2276
        67   MinMaxScaler RandomForest                      0:00:28       0.2277    0.2276
        68   StandardScalerWrapper ExtremeRandomTrees       0:00:28       0.2296    0.2276
        69   RobustScaler GradientBoosting                  0:00:24       0.2297    0.2276
        70   StandardScalerWrapper RandomForest             0:00:29       0.2323    0.2276
        71   StandardScalerWrapper RandomForest             0:00:25       0.2293    0.2276
        72   StandardScalerWrapper RandomForest             0:00:24       0.2290    0.2276
        73   RobustScaler ExtremeRandomTrees                0:00:28       0.2295    0.2276
        74   RobustScaler ExtremeRandomTrees                0:00:28       0.2297    0.2276
        75   RobustScaler RandomForest                      0:00:23       0.2310    0.2276
        76   MinMaxScaler ExtremeRandomTrees                0:00:26       0.2285    0.2276
        77   RobustScaler ExtremeRandomTrees                0:00:27       0.2293    0.2276
        78   MinMaxScaler ExtremeRandomTrees                0:00:18       0.2287    0.2276
        79   RobustScaler RandomForest                      0:00:23       0.2296    0.2276
        80   RobustScaler RandomForest                      0:00:23       0.2307    0.2276
        81   StandardScalerWrapper ExtremeRandomTrees       0:00:24       0.2296    0.2276
        82   RobustScaler RandomForest                      0:00:25       0.2286    0.2276
        83   MinMaxScaler ExtremeRandomTrees                0:00:25       0.2286    0.2276
        84   StandardScalerWrapper RandomForest             0:00:24       0.2274    0.2274
        85   RobustScaler RandomForest                      0:00:24       0.2307    0.2274
        86   MinMaxScaler ExtremeRandomTrees                0:00:24       0.2294    0.2274
        87   StandardScalerWrapper RandomForest             0:00:27       0.2296    0.2274
        88   RobustScaler ExtremeRandomTrees                0:00:26       0.2294    0.2274
        89   StandardScalerWrapper ExtremeRandomTrees       0:00:25       0.2302    0.2274
        90   MinMaxScaler RandomForest                      0:00:22       0.2302    0.2274
        91   RobustScaler ExtremeRandomTrees                0:00:24       0.2291    0.2274
        92   StandardScalerWrapper ExtremeRandomTrees       0:00:26       0.2293    0.2274
        93   MinMaxScaler ExtremeRandomTrees                0:00:24       0.2276    0.2274
        94   WARNING - Retrying (Retry(total=2, connect=None, read=None, redirect=None, status=None)) after connection broken by 'ProtocolError('Connection aborted.', ConnectionResetError(104, 'Connection reset by peer'))': /azureml/ExperimentRun/dcid.AutoML_478dd98c-89b6-4ce8-ab0e-a8f3f96f445c_94/outputs/model.pkl?sv=2019-02-02&sr=b&sig=vNh81CXXHJ9mvhWp6pTD88qwYdrkrhT2q8gp1WI9Hos%3D&st=2020-10-01T18%3A20%3A51Z&se=2020-10-02T18%3A30%3A51Z&sp=rcw&comp=block&blockid=TURBd01EQXdNREF3TURBd01EQXdNREF3TURBd01EQXdNREF3TURBd01EQSUzRA%3D%3D&timeout=30
MinMaxScaler ExtremeRandomTrees                0:03:10       0.2285    0.2274
        95   StandardScalerWrapper RandomForest             0:00:28       0.2297    0.2274
        96   RobustScaler RandomForest                      0:00:23       0.2294    0.2274
        97   StandardScalerWrapper ExtremeRandomTrees       0:00:26       0.2291    0.2274
        98   RobustScaler ExtremeRandomTrees                0:00:33       0.2288    0.2274
        99   RobustScaler LightGBM                          0:00:23       0.2270    0.2270
       100   RobustScaler LightGBM                          0:00:24       0.2283    0.2270
       101   RobustScaler RandomForest                      0:00:26       0.2284    0.2270
       102   MinMaxScaler LightGBM                          0:00:23       0.2279    0.2270
       103   StandardScalerWrapper RandomForest             0:00:25       0.2283    0.2270
       104   StandardScalerWrapper ExtremeRandomTrees       0:00:26       0.2282    0.2270
       105   MinMaxScaler LightGBM                          0:00:20       0.2299    0.2270
       106   MinMaxScaler ExtremeRandomTrees                0:00:27       0.2283    0.2270
       107   MinMaxScaler ExtremeRandomTrees                0:00:28       0.2282    0.2270
       108   StandardScalerWrapper ExtremeRandomTrees       0:00:22       0.2295    0.2270
       109   StandardScalerWrapper RandomForest             0:00:27       0.2301    0.2270
       110   MinMaxScaler LightGBM                          0:00:22       0.2301    0.2270
       111   RobustScaler ExtremeRandomTrees                0:00:27       0.2278    0.2270
       112   StandardScalerWrapper ExtremeRandomTrees       0:00:20       0.2286    0.2270
       113   RobustScaler ExtremeRandomTrees                0:00:30       0.2291    0.2270
       114   MinMaxScaler ExtremeRandomTrees                0:00:24       0.2292    0.2270
       115   MinMaxScaler LightGBM                          0:00:19       0.2287    0.2270
       116   MinMaxScaler RandomForest                      0:00:32       0.2281    0.2270
       117   MinMaxScaler ExtremeRandomTrees                0:00:29       0.2282    0.2270
       118   MinMaxScaler DecisionTree                      0:00:19       0.2291    0.2270
       119   RobustScaler RandomForest                      0:00:25       0.2294    0.2270
       120   MinMaxScaler LightGBM                          0:00:25       0.2304    0.2270
       121   WARNING - Retrying (Retry(total=2, connect=None, read=None, redirect=None, status=None)) after connection broken by 'ProtocolError('Connection aborted.', ConnectionResetError(104, 'Connection reset by peer'))': /azureml/ExperimentRun/dcid.AutoML_478dd98c-89b6-4ce8-ab0e-a8f3f96f445c_121/outputs/pipeline_graph.json?sv=2019-02-02&sr=b&sig=N80CkYjcgCbVPq3z%2FEWsAuIJ2%2FCEM307XMmmHULnhJU%3D&st=2020-10-01T18%3A35%3A12Z&se=2020-10-02T18%3A45%3A12Z&sp=rcw&comp=block&blockid=TURBd01EQXdNREF3TURBd01EQXdNREF3TURBd01EQXdNREF3TURBd01EQSUzRA%3D%3D&timeout=30
StandardScalerWrapper ExtremeRandomTrees       0:03:01       0.2293    0.2270
       122   WARNING - Retrying (Retry(total=2, connect=None, read=None, redirect=None, status=None)) after connection broken by 'ProtocolError('Connection aborted.', ConnectionResetError(104, 'Connection reset by peer'))': /azureml/ExperimentRun/dcid.AutoML_478dd98c-89b6-4ce8-ab0e-a8f3f96f445c_122/outputs/scoring_file_v_1_0_0.py?sv=2019-02-02&sr=b&sig=meowAstbxUl1UFCi9UvsWDK7opzV8rsODe0xOyZoSDY%3D&st=2020-10-01T18%3A38%3A13Z&se=2020-10-02T18%3A48%3A13Z&sp=rcw&comp=block&blockid=TURBd01EQXdNREF3TURBd01EQXdNREF3TURBd01EQXdNREF3TURBd01EQSUzRA%3D%3D&timeout=30
StandardScalerWrapper ExtremeRandomTrees       0:00:29       0.2293    0.2270
       123   RobustScaler ExtremeRandomTrees                0:00:31       0.2291    0.2270
       124   MinMaxScaler ExtremeRandomTrees                0:00:34       0.2275    0.2270
       125   MinMaxScaler LightGBM                          0:00:20       0.2290    0.2270
       126   MinMaxScaler ExtremeRandomTrees                0:00:27       0.2284    0.2270
       127   StandardScalerWrapper ExtremeRandomTrees       0:00:26       0.2286    0.2270
       128   StandardScalerWrapper RandomForest             0:00:23       0.2279    0.2270
       129   StandardScalerWrapper ExtremeRandomTrees       0:00:23       0.2282    0.2270
       130   RobustScaler LightGBM                          0:00:25       0.2301    0.2270
       131   MinMaxScaler ExtremeRandomTrees                0:00:24       0.2291    0.2270
       132   StandardScalerWrapper RandomForest             0:00:33       0.2292    0.2270
       133   StandardScalerWrapper ExtremeRandomTrees       0:00:25       0.2292    0.2270
       134   MinMaxScaler RandomForest                      0:00:24       0.2291    0.2270
       135   MinMaxScaler LightGBM                          0:00:23       0.2308    0.2270
       136   StandardScalerWrapper ExtremeRandomTrees       0:00:31       0.2297    0.2270
       137   RobustScaler RandomForest                      0:00:21       0.2284    0.2270
       138   RobustScaler ExtremeRandomTrees                0:00:27       0.2293    0.2270
       139   StandardScalerWrapper RandomForest             0:00:26       0.2301    0.2270
       140   RobustScaler LightGBM                          0:00:24       0.2279    0.2270
       141   StandardScalerWrapper RandomForest             0:00:26       0.2292    0.2270
       142   StandardScalerWrapper RandomForest             0:00:28       0.2292    0.2270
       143   MinMaxScaler ExtremeRandomTrees                0:00:25       0.2291    0.2270
       144   StandardScalerWrapper ExtremeRandomTrees       0:00:26       0.2292    0.2270
       145   RobustScaler LightGBM                          0:00:23       0.2292    0.2270
       146   RobustScaler RandomForest                      0:00:22       0.2291    0.2270
       147   RobustScaler ExtremeRandomTrees                0:00:31       0.2298    0.2270
       148   StandardScalerWrapper ExtremeRandomTrees       0:00:26       0.2297    0.2270
       149   RobustScaler ExtremeRandomTrees                0:00:27       0.2278    0.2270
       150   MinMaxScaler LightGBM                          0:00:24       0.2312    0.2270
       151   MinMaxScaler ExtremeRandomTrees                0:00:20       0.2278    0.2270
       152   RobustScaler RandomForest                      0:00:20       0.2277    0.2270
       153   RobustScaler ExtremeRandomTrees                0:00:25       0.2276    0.2270
       154   RobustScaler ExtremeRandomTrees                0:00:23       0.2284    0.2270
       155   StandardScalerWrapper LightGBM                 0:00:27       0.2291    0.2270
       156   RobustScaler ExtremeRandomTrees                0:00:26       0.2281    0.2270
       157   RobustScaler ExtremeRandomTrees                0:00:28       0.2281    0.2270
       158   StandardScalerWrapper ExtremeRandomTrees       0:00:26       0.2288    0.2270
       159   StandardScalerWrapper RandomForest             0:00:28       0.2281    0.2270
       160   MinMaxScaler LightGBM                          0:00:18       0.2311    0.2270
       161   StandardScalerWrapper DecisionTree             0:00:22       0.2291    0.2270
       162   StandardScalerWrapper ExtremeRandomTrees       0:00:25       0.2305    0.2270
       163   RobustScaler ExtremeRandomTrees                0:00:24       0.2282    0.2270
       164   MinMaxScaler ExtremeRandomTrees                0:00:24       0.2288    0.2270
       165   MinMaxScaler LightGBM                          0:00:23       0.2302    0.2270
       166   StandardScalerWrapper ExtremeRandomTrees       0:00:24       0.2290    0.2270
       167   StandardScalerWrapper GradientBoosting         0:00:26       0.2297    0.2270
       168   MinMaxScaler RandomForest                      0:00:20       0.2296    0.2270
       169   MinMaxScaler RandomForest                      0:00:25       0.2289    0.2270
       170   StandardScalerWrapper LightGBM                 0:00:20       0.2293    0.2270
       171   RobustScaler RandomForest                      0:00:26       0.2284    0.2270
       172   MinMaxScaler RandomForest                      0:00:24       0.2295    0.2270
       173   MinMaxScaler ExtremeRandomTrees                0:00:24       0.2288    0.2270
       174   StandardScalerWrapper ExtremeRandomTrees       0:00:27       0.2273    0.2270
       175   RobustScaler LightGBM                          0:00:20       0.2381    0.2270
       176   RobustScaler ExtremeRandomTrees                0:00:24       0.2280    0.2270
       177   MinMaxScaler RandomForest                      0:00:24       0.2289    0.2270
       178   StandardScalerWrapper ExtremeRandomTrees       0:00:26       0.2296    0.2270
       179   RobustScaler ExtremeRandomTrees                0:00:28       0.2287    0.2270
       180   RobustScaler LightGBM                          0:00:24       0.2300    0.2270
       181   MinMaxScaler RandomForest                      0:00:31       0.2292    0.2270
       182   RobustScaler RandomForest                      0:00:24       0.2295    0.2270
       183   MinMaxScaler RandomForest                      0:00:25       0.2273    0.2270
       184   MinMaxScaler RandomForest                      0:00:24       0.2277    0.2270
       185   RobustScaler LightGBM                          0:00:25       0.2289    0.2270
       186   MinMaxScaler RandomForest                      0:00:24       0.2292    0.2270
       187   RobustScaler ExtremeRandomTrees                0:00:27       0.2293    0.2270
       188   RobustScaler RandomForest                      0:00:27       0.2279    0.2270
       189   MinMaxScaler ExtremeRandomTrees                0:00:26       0.2286    0.2270
       190   RobustScaler LightGBM                          0:00:27       0.2293    0.2270
       191   StandardScalerWrapper RandomForest             0:00:31       0.2279    0.2270
       192   StandardScalerWrapper RandomForest             0:00:27       0.2295    0.2270
       193   StandardScalerWrapper RandomForest             0:00:26       0.2294    0.2270
       194   RobustScaler ExtremeRandomTrees                0:00:24       0.2354    0.2270
       195   RobustScaler LightGBM                          0:00:19       0.2293    0.2270
       196   MinMaxScaler ExtremeRandomTrees                0:00:27       0.2284    0.2270
       197   WARNING - Retrying (Retry(total=2, connect=None, read=None, redirect=None, status=None)) after connection broken by 'ProtocolError('Connection aborted.', ConnectionResetError(104, 'Connection reset by peer'))': /azureml/ExperimentRun/dcid.AutoML_478dd98c-89b6-4ce8-ab0e-a8f3f96f445c_197/outputs/model.pkl?sv=2019-02-02&sr=b&sig=P%2FlB8tfVBFnBMlHWdmnf6n8LCVtZKlDTTQelsxv3Y0g%3D&st=2020-10-01T19%3A10%3A24Z&se=2020-10-02T19%3A20%3A24Z&sp=rcw&comp=block&blockid=TURBd01EQXdNREF3TURBd01EQXdNREF3TURBd01EQXdNRFF4T1RRek1EUSUzRA%3D%3D&timeout=30
MinMaxScaler ExtremeRandomTrees                0:00:51       0.2280    0.2270
       198   MinMaxScaler RandomForest                      0:00:28       0.2292    0.2270
       199   RobustScaler RandomForest                      0:00:24       0.2283    0.2270
       200   MinMaxScaler LightGBM                          0:00:27       0.2289    0.2270
       201   StandardScalerWrapper ExtremeRandomTrees       0:00:32       0.2294    0.2270
       202   MinMaxScaler ExtremeRandomTrees                0:00:24       0.2294    0.2270
       203   RobustScaler ExtremeRandomTrees                0:00:29       0.2294    0.2270
       204   WARNING - Retrying (Retry(total=2, connect=None, read=None, redirect=None, status=None)) after connection broken by 'ProtocolError('Connection aborted.', ConnectionResetError(104, 'Connection reset by peer'))': /azureml/ExperimentRun/dcid.AutoML_478dd98c-89b6-4ce8-ab0e-a8f3f96f445c_204/outputs/env_dependencies.json?sv=2019-02-02&sr=b&sig=ENwxaLKAKhUMFJTFLE%2FgFfCAx4CBzE%2B1%2FbqfKV17ZuQ%3D&st=2020-10-01T19%3A13%3A59Z&se=2020-10-02T19%3A23%3A59Z&sp=rcw&comp=block&blockid=TURBd01EQXdNREF3TURBd01EQXdNREF3TURBd01EQXdNREF3TURBd01EQSUzRA%3D%3D&timeout=30
MinMaxScaler ExtremeRandomTrees                0:03:04       0.2290    0.2270
       205   StandardScalerWrapper LightGBM                 0:00:24       0.2309    0.2270
       206   MinMaxScaler ExtremeRandomTrees                0:00:25       0.2285    0.2270
       207   RobustScaler ExtremeRandomTrees                0:00:29       0.2287    0.2270
       208   StandardScalerWrapper ExtremeRandomTrees       0:00:30       0.2300    0.2270
       209   MinMaxScaler ExtremeRandomTrees                0:00:24       0.2290    0.2270
       210   StandardScalerWrapper LightGBM                 0:00:23       0.2295    0.2270
       211   StandardScalerWrapper ExtremeRandomTrees       0:00:26       0.2297    0.2270
       212   StandardScalerWrapper ExtremeRandomTrees       0:00:26       0.2280    0.2270
       213   MinMaxScaler ExtremeRandomTrees                0:00:25       0.2287    0.2270
       214   RobustScaler RandomForest                      0:00:23       0.2292    0.2270
       215   RobustScaler LightGBM                          0:00:42       0.2278    0.2270
       216   StandardScalerWrapper RandomForest             0:00:29       0.2289    0.2270
       217   StandardScalerWrapper ExtremeRandomTrees       0:00:26       0.2281    0.2270
       218   MinMaxScaler ExtremeRandomTrees                0:00:28       0.2287    0.2270
       219   MinMaxScaler ExtremeRandomTrees                0:00:28       0.2283    0.2270
       220   RobustScaler LightGBM                          0:00:24       0.2305    0.2270
       221   RobustScaler ExtremeRandomTrees                0:00:31       0.2287    0.2270
       222   MinMaxScaler RandomForest                      0:00:25       0.2290    0.2270
       223   MinMaxScaler RandomForest                      0:00:23       0.2273    0.2270
       224   MinMaxScaler RandomForest                      0:00:21       0.2293    0.2270
       225   RobustScaler LightGBM                          0:00:19       0.2290    0.2270
       226   MinMaxScaler ExtremeRandomTrees                0:00:28       0.2282    0.2270
       227   StandardScalerWrapper RandomForest             0:00:25       0.2281    0.2270
       228   StandardScalerWrapper RandomForest             0:00:23       0.2278    0.2270
       229   RobustScaler ExtremeRandomTrees                0:00:29       0.2288    0.2270
       230   RobustScaler LightGBM                          0:00:22       0.2280    0.2270
       231   RobustScaler RandomForest                      0:00:25       0.2281    0.2270
       232   WARNING - Received unrecognized parameter ensemble_download_models_timeout_sec
WARNING - Received unrecognized parameter ensemble_download_models_timeout_sec
WARNING - Connection pool is full, discarding connection: automlws9124637538.blob.core.windows.net
WARNING - Connection pool is full, discarding connection: automlws9124637538.blob.core.windows.net
WARNING - Connection pool is full, discarding connection: automlws9124637538.blob.core.windows.net
WARNING - Connection pool is full, discarding connection: automlws9124637538.blob.core.windows.net
WARNING - Connection pool is full, discarding connection: automlws9124637538.blob.core.windows.net
WARNING - Connection pool is full, discarding connection: automlws9124637538.blob.core.windows.net
WARNING - Connection pool is full, discarding connection: automlws9124637538.blob.core.windows.net
WARNING - Retrying (Retry(total=2, connect=None, read=None, redirect=None, status=None)) after connection broken by 'ProtocolError('Connection aborted.', ConnectionResetError(104, 'Connection reset by peer'))': /azureml/ExperimentRun/dcid.AutoML_478dd98c-89b6-4ce8-ab0e-a8f3f96f445c_84/outputs/model.pkl?sv=2019-02-02&sr=b&sig=O7GqDn%2FDqEImCGeS3Ciu7CLiJOU5G261MCjwzlGU80U%3D&st=2020-10-01T19%3A32%3A33Z&se=2020-10-02T03%3A42%3A33Z&sp=r
WARNING - Retrying (Retry(total=2, connect=None, read=None, redirect=None, status=None)) after connection broken by 'ProtocolError('Connection aborted.', ConnectionResetError(104, 'Connection reset by peer'))': /azureml/ExperimentRun/dcid.AutoML_478dd98c-89b6-4ce8-ab0e-a8f3f96f445c_174/outputs/model.pkl?sv=2019-02-02&sr=b&sig=oZWgDkH%2BszwD%2F7ZkRZEft93yIC3l%2FAhzM5Dvsaoo95Q%3D&st=2020-10-01T19%3A32%3A33Z&se=2020-10-02T03%3A42%3A33Z&sp=r
VotingEnsemble                                 0:06:04       0.2267    0.2267
Stopping criteria reached at iteration 233. Ending experiment.
WARNING - Received unrecognized parameter ensemble_download_models_timeout_sec
WARNING - Received unrecognized parameter ensemble_download_models_timeout_sec
WARNING - Received unrecognized parameter ensemble_download_models_timeout_sec
****************************************************************************************************
Current status: BestRunExplainModel. Best run model explanations started
Current status: ModelExplanationDataSetSetup. Model explanations data setup completed
Current status: PickSurrogateModel. Choosing LightGBM as the surrogate model for explanations
Current status: EngineeredFeatureExplanations. Computation of engineered features started
Current status: EngineeredFeatureExplanations. Computation of engineered features completed
Current status: BestRunExplainModel. Best run model explanations completed
****************************************************************************************************
WARNING - Received unrecognized parameter ensemble_download_models_timeout_sec
WARNING - Received unrecognized parameter ensemble_download_models_timeout_sec
WARNING - Received unrecognized parameter ensemble_download_models_timeout_sec
Best pipeline:
<class 'sklearn.ensemble._voting.VotingRegressor'>
0. Pipeline(memory=None,
         steps=[('robustscaler',
                 RobustScaler(copy=True, quantile_range=[25, 75],
                              with_centering=False, with_scaling=False)),
                ('lightgbmregressor',
                 LightGBMRegressor(boosting_type='gbdt', class_weight=None,
                                   colsample_bytree=1, importance_type='split',
                                   learning_rate=0.12631947368421054,
                                   max_bin=1023, max_depth=7,
                                   min_child_samples=757,
                                   min_child_weight=0.001,
                                   min_split_gain=0.15789473684210525,
                                   n_estimators=50, n_jobs=-1, num_leaves=7,
                                   objective=None, random_state=None,
                                   reg_alpha=0.15,
                                   reg_lambda=0.44999999999999996, silent=True,
                                   subsample=0.7999999999999999,
                                   subsample_for_bin=200000, subsample_freq=3,
                                   verbose=-1))],
         verbose=False)
1. Pipeline(memory=None,
         steps=[('standardscalerwrapper',
                 <azureml.automl.runtime.shared.model_wrappers.StandardScalerWrapper object at 0x7f56d14662d0>),
                ('extratreesregressor',
                 ExtraTreesRegressor(bootstrap=True, ccp_alpha=0.0,
                                     criterion='mse', max_depth=None,
                                     max_features=0.7, max_leaf_nodes=None,
                                     max_samples=None,
                                     min_impurity_decrease=0.0,
                                     min_impurity_split=None,
                                     min_samples_leaf=0.003466237459044996,
                                     min_samples_split=0.0012814223889440828,
                                     min_weight_fraction_leaf=0.0,
                                     n_estimators=200, n_jobs=-1,
                                     oob_score=False, random_state=None,
                                     verbose=0, warm_start=False))],
         verbose=False)
2. Pipeline(memory=None,
         steps=[('minmaxscaler', MinMaxScaler(copy=True, feature_range=(0, 1))),
                ('randomforestregressor',
                 RandomForestRegressor(bootstrap=True, ccp_alpha=0.0,
                                       criterion='mse', max_depth=None,
                                       max_features=0.3, max_leaf_nodes=None,
                                       max_samples=None,
                                       min_impurity_decrease=0.0,
                                       min_impurity_split=None,
                                       min_samples_leaf=0.005080937188890647,
                                       min_samples_split=0.000630957344480193,
                                       min_weight_fraction_leaf=0.0,
                                       n_estimators=100, n_jobs=-1,
                                       oob_score=False, random_state=None,
                                       verbose=0, warm_start=False))],
         verbose=False)
3. Pipeline(memory=None,
         steps=[('minmaxscaler', MinMaxScaler(copy=True, feature_range=(0, 1))),
                ('randomforestregressor',
                 RandomForestRegressor(bootstrap=True, ccp_alpha=0.0,
                                       criterion='mse', max_depth=None,
                                       max_features=0.8, max_leaf_nodes=None,
                                       max_samples=None,
                                       min_impurity_decrease=0.0,
                                       min_impurity_split=None,
                                       min_samples_leaf=0.006151578686713196,
                                       min_samples_split=0.0008991789964660114,
                                       min_weight_fraction_leaf=0.0,
                                       n_estimators=25, n_jobs=-1,
                                       oob_score=False, random_state=None,
                                       verbose=0, warm_start=False))],
         verbose=False)
4. Pipeline(memory=None,
         steps=[('standardscalerwrapper',
                 <azureml.automl.runtime.shared.model_wrappers.StandardScalerWrapper object at 0x7f56d16839d0>),
                ('randomforestregressor',
                 RandomForestRegressor(bootstrap=True, ccp_alpha=0.0,
                                       criterion='mse', max_depth=None,
                                       max_features=0.4, max_leaf_nodes=None,
                                       max_samples=None,
                                       min_impurity_decrease=0.0,
                                       min_impurity_split=None,
                                       min_samples_leaf=0.005080937188890647,
                                       min_samples_split=0.0008991789964660114,
                                       min_weight_fraction_leaf=0.0,
                                       n_estimators=50, n_jobs=-1,
                                       oob_score=False, random_state=None,
                                       verbose=0, warm_start=False))],
         verbose=False)
5. Pipeline(memory=None,
         steps=[('robustscaler',
                 RobustScaler(copy=True, quantile_range=[10, 90],
                              with_centering=True, with_scaling=True)),
                ('lightgbmregressor',
                 LightGBMRegressor(boosting_type='gbdt', class_weight=None,
                                   colsample_bytree=0.1,
                                   importance_type='split', learning_rate=0.2,
                                   max_bin=7, max_depth=10,
                                   min_child_samples=38, min_child_weight=0.001,
                                   min_split_gain=0, n_estimators=25, n_jobs=-1,
                                   num_leaves=31, objective=None,
                                   random_state=None,
                                   reg_alpha=0.8999999999999999,
                                   reg_lambda=1.275, silent=True, subsample=0.9,
                                   subsample_for_bin=200000, subsample_freq=2,
                                   verbose=-1))],
         verbose=False)

['quarter', 'month', 'day', 'hour', 'minute', 'am_pm', 'hour12', 'wday', 'qday', 'yday']
  RawFeatureName TypeDetected Dropped  EngineeredFeatureCount  \
0  timestamp      DateTime     No      10                       

                                                                                                                                                                                                      Transformations  
0  [DateTimeTransformer, DateTimeTransformer, DateTimeTransformer, DateTimeTransformer, DateTimeTransformer, DateTimeTransformer, DateTimeTransformer, DateTimeTransformer, DateTimeTransformer, DateTimeTransformer]  
