WARNING - Received unrecognized parameter ensemble_download_models_timeout_sec
Running on local machine
Parent Run ID: AutoML_c3dfccba-d407-4b5a-bbb7-c755a0858f40

Current status: DatasetFeaturization. Beginning to featurize the dataset.
Current status: DatasetFeaturizationCompleted. Completed featurizing the dataset.
Heuristic parameters: Target_Lag = '[0]', Target_Rolling_Window = '0'.
WARNING - Converting non-string tag to string: (forecasting_target_lags: [0])
WARNING - Converting non-string tag to string: (forecasting_target_rolling_window_size: 0)
WARNING - Converting non-string tag to string: (forecasting_max_horizon: 2064)
Current status: DatasetCrossValidationSplit. Generating individually featurized CV splits.
Current status: DatasetFeaturization. Beginning to featurize the CV split.
Current status: DatasetFeaturizationCompleted. Completed featurizing the CV split.
Current status: DatasetFeaturization. Beginning to featurize the CV split.
Current status: DatasetFeaturizationCompleted. Completed featurizing the CV split.
Current status: DatasetFeaturization. Beginning to featurize the CV split.
Current status: DatasetFeaturizationCompleted. Completed featurizing the CV split.
Current status: DatasetFeaturization. Beginning to featurize the CV split.
Current status: DatasetFeaturizationCompleted. Completed featurizing the CV split.
Current status: DatasetFeaturization. Beginning to featurize the CV split.
Current status: DatasetFeaturizationCompleted. Completed featurizing the CV split.

****************************************************************************************************
DATA GUARDRAILS: 

TYPE:         Frequency detection
STATUS:       PASSED
DESCRIPTION:  The time series was analyzed, all data points are aligned with detected frequency.
              

****************************************************************************************************

TYPE:         Missing feature values imputation
STATUS:       PASSED
DESCRIPTION:  No feature missing values were detected in the training data.
              Learn more about missing value imputation: https://aka.ms/AutomatedMLFeaturization

****************************************************************************************************

TYPE:         Memory Issues Detection
STATUS:       PASSED
DESCRIPTION:  The selected horizon, lag and rolling window values were analyzed, and no potential memory issues were detected.
              Learn more about time-series forecasting configurations: https://aka.ms/AutomatedMLForecastingConfiguration

****************************************************************************************************
Current status: ModelSelection. Beginning model selection.

****************************************************************************************************
ITERATION: The iteration being evaluated.
PIPELINE: A summary description of the pipeline being evaluated.
DURATION: Time taken for the current iteration.
METRIC: The result of computing score on the fitted pipeline.
BEST: The best observed score thus far.
****************************************************************************************************

 ITERATION   PIPELINE                                       DURATION      METRIC      BEST
         0   MaxAbsScaler DecisionTree                      0:00:21       0.0828    0.0828
         1   MinMaxScaler DecisionTree                      0:00:22       0.0771    0.0771
         2   StandardScalerWrapper LassoLars                0:00:22       0.1386    0.0771
         3   RobustScaler ElasticNet                        0:00:25       0.1395    0.0771
         4   StandardScalerWrapper LassoLars                0:00:21       0.1386    0.0771
         5   RobustScaler ElasticNet                        0:00:21       0.1386    0.0771
         6   RobustScaler DecisionTree                      0:00:21       0.0859    0.0771
         7   MinMaxScaler DecisionTree                      0:00:22       0.0577    0.0577
         8   WARNING - Retrying (Retry(total=2, connect=None, read=None, redirect=None, status=None)) after connection broken by 'ProtocolError('Connection aborted.', ConnectionResetError(104, 'Connection reset by peer'))': /azureml/ExperimentRun/dcid.AutoML_c3dfccba-d407-4b5a-bbb7-c755a0858f40_8/outputs/env_dependencies.json?sv=2019-02-02&sr=b&sig=ImBEnYLSg44oVUCxiyEZoFpVbxxA8CfD2zJ9GEoSWY0%3D&st=2020-09-30T22%3A10%3A34Z&se=2020-10-01T22%3A20%3A34Z&sp=rcw&comp=block&blockid=TURBd01EQXdNREF3TURBd01EQXdNREF3TURBd01EQXdNREF3TURBd01EQSUzRA%3D%3D&timeout=30
RobustScaler DecisionTree                      0:03:03       0.1054    0.0577
         9   MinMaxScaler DecisionTree                      0:00:21       0.0654    0.0577
        10   StandardScalerWrapper DecisionTree             0:00:21       0.0673    0.0577
        11   StandardScalerWrapper DecisionTree             0:00:21       0.0666    0.0577
        12   RobustScaler DecisionTree                      0:00:21       0.0656    0.0577
        13   RobustScaler ElasticNet                        0:00:20       0.1392    0.0577
        14   StandardScalerWrapper DecisionTree             0:00:22       0.0694    0.0577
        15   MinMaxScaler DecisionTree                      0:00:33       0.0633    0.0577
        16   MinMaxScaler DecisionTree                      0:00:21       0.0730    0.0577
        17   RobustScaler DecisionTree                      0:00:21       0.0725    0.0577
        18   RobustScaler DecisionTree                      0:00:21       0.0792    0.0577
        19   StandardScalerWrapper DecisionTree             0:00:21       0.0690    0.0577
        20   StandardScalerWrapper DecisionTree             0:00:21       0.0616    0.0577
        21   MinMaxScaler DecisionTree                      0:00:22       0.0660    0.0577
        22   MinMaxScaler DecisionTree                      0:00:21       0.0619    0.0577
        23   StandardScalerWrapper ExtremeRandomTrees       0:00:23       0.0989    0.0577
        24   StandardScalerWrapper RandomForest             0:00:22       0.0819    0.0577
        25   StandardScalerWrapper DecisionTree             0:00:21       0.0842    0.0577
        26   RobustScaler DecisionTree                      0:00:21       0.0601    0.0577
        27   StandardScalerWrapper DecisionTree             0:00:21       0.0619    0.0577
        28   RobustScaler DecisionTree                      0:00:22       0.0583    0.0577
        29   StandardScalerWrapper DecisionTree             0:00:22       0.0796    0.0577
        30   StandardScalerWrapper DecisionTree             0:00:21       0.0721    0.0577
        31   MinMaxScaler LightGBM                          0:00:24       0.0938    0.0577
        32   StandardScalerWrapper RandomForest             0:00:23       0.1043    0.0577
        33   RobustScaler LightGBM                          0:00:24       0.0560    0.0560
        34   MinMaxScaler ExtremeRandomTrees                0:00:23       0.0860    0.0560
        35   StandardScalerWrapper LightGBM                 0:00:23       0.0869    0.0560
        36   MinMaxScaler LightGBM                          0:00:22       0.0784    0.0560
        37   StandardScalerWrapper ExtremeRandomTrees       0:00:24       0.0878    0.0560
        38   StandardScalerWrapper RandomForest             0:00:24       0.0953    0.0560
        39   RobustScaler RandomForest                      0:00:24       0.0931    0.0560
        40   StandardScalerWrapper LightGBM                 0:00:22       0.1021    0.0560
        41   MinMaxScaler RandomForest                      0:00:25       0.0610    0.0560
        42   MinMaxScaler RandomForest                      0:00:28       0.0844    0.0560
        43   MinMaxScaler LightGBM                          0:00:23       0.0648    0.0560
        44   RobustScaler RandomForest                      0:00:23       0.1108    0.0560
        45   MinMaxScaler LightGBM                          0:00:33       0.0505    0.0505
        46   RobustScaler LightGBM                          0:00:22       0.0659    0.0505
        47   StandardScalerWrapper LightGBM                 0:00:23       0.0701    0.0505
        48   StandardScalerWrapper ExtremeRandomTrees       0:00:22       0.1076    0.0505
        49   RobustScaler ExtremeRandomTrees                0:00:31       0.0993    0.0505
        50   StandardScalerWrapper LightGBM                 0:00:23       0.0727    0.0505
        51   WARNING - Retrying (Retry(total=2, connect=None, read=None, redirect=None, status=None)) after connection broken by 'ProtocolError('Connection aborted.', ConnectionResetError(104, 'Connection reset by peer'))': /azureml/ExperimentRun/dcid.AutoML_c3dfccba-d407-4b5a-bbb7-c755a0858f40_51/outputs/scoring_file_v_1_0_0.py?sv=2019-02-02&sr=b&sig=6D8TIZtMHMi84KMxAiCAKJ4t4O7WbU5GYCQBY9iAo4k%3D&st=2020-09-30T22%3A30%3A05Z&se=2020-10-01T22%3A40%3A05Z&sp=rcw&comp=block&blockid=TURBd01EQXdNREF3TURBd01EQXdNREF3TURBd01EQXdNREF3TURBd01EQSUzRA%3D%3D&timeout=30
MinMaxScaler ExtremeRandomTrees                0:03:07       0.0882    0.0505
        52   WARNING - Retrying (Retry(total=2, connect=None, read=None, redirect=None, status=None)) after connection broken by 'ProtocolError('Connection aborted.', ConnectionResetError(104, 'Connection reset by peer'))': /azureml/ExperimentRun/dcid.AutoML_c3dfccba-d407-4b5a-bbb7-c755a0858f40_52/outputs/pipeline_graph.json?sv=2019-02-02&sr=b&sig=Lsjy0%2BWBGaJzGpVCrEdZMRqtDGycUjB7rvTfCQslUtU%3D&st=2020-09-30T22%3A33%3A11Z&se=2020-10-01T22%3A43%3A11Z&sp=rcw&comp=block&blockid=TURBd01EQXdNREF3TURBd01EQXdNREF3TURBd01EQXdNREF3TURBd01EQSUzRA%3D%3D&timeout=30
RobustScaler LightGBM                          0:00:36       0.0797    0.0505
        53   RobustScaler RandomForest                      0:00:23       0.0598    0.0505
        54   StandardScalerWrapper RandomForest             0:00:24       0.0595    0.0505
        55   RobustScaler LightGBM                          0:00:22       0.0675    0.0505
        56   MinMaxScaler RandomForest                      0:00:23       0.0702    0.0505
        57   RobustScaler DecisionTree                      0:00:23       0.0732    0.0505
        58   RobustScaler ExtremeRandomTrees                0:00:27       0.0776    0.0505
        59   StandardScalerWrapper RandomForest             0:00:28       0.0678    0.0505
        60   WARNING - Retrying (Retry(total=2, connect=None, read=None, redirect=None, status=None)) after connection broken by 'ProtocolError('Connection aborted.', ConnectionResetError(104, 'Connection reset by peer'))': /azureml/ExperimentRun/dcid.AutoML_c3dfccba-d407-4b5a-bbb7-c755a0858f40_60/outputs/conda_env_v_1_0_0.yml?sv=2019-02-02&sr=b&sig=HO%2BuaEnDkmjWd%2F5WV%2B9pv%2FOlyji%2F0GaQ6aHKzguBbuQ%3D&st=2020-09-30T22%3A36%3A52Z&se=2020-10-01T22%3A46%3A52Z&sp=rcw&comp=block&blockid=TURBd01EQXdNREF3TURBd01EQXdNREF3TURBd01EQXdNREF3TURBd01EQSUzRA%3D%3D&timeout=30
MinMaxScaler LightGBM                          0:03:04       0.0658    0.0505
        61   MinMaxScaler ExtremeRandomTrees                0:00:22       0.0627    0.0505
        62   RobustScaler RandomForest                      0:00:29       0.0571    0.0505
        63   WARNING - Retrying (Retry(total=2, connect=None, read=None, redirect=None, status=None)) after connection broken by 'ProtocolError('Connection aborted.', ConnectionResetError(104, 'Connection reset by peer'))': /azureml/ExperimentRun/dcid.AutoML_c3dfccba-d407-4b5a-bbb7-c755a0858f40_63/outputs/env_dependencies.json?sv=2019-02-02&sr=b&sig=fXoisQ8N8O6B0mIH2VAnw4wAGjz85DDx2UyKb2XVxvc%3D&st=2020-09-30T22%3A40%3A46Z&se=2020-10-01T22%3A50%3A46Z&sp=rcw&comp=block&blockid=TURBd01EQXdNREF3TURBd01EQXdNREF3TURBd01EQXdNREF3TURBd01EQSUzRA%3D%3D&timeout=30
StandardScalerWrapper ExtremeRandomTrees       0:02:59       0.0839    0.0505
        64   MinMaxScaler ExtremeRandomTrees                0:00:28       0.0698    0.0505
        65   MinMaxScaler LightGBM                          0:00:30       0.1032    0.0505
        66   RobustScaler RandomForest                      0:00:30       0.0608    0.0505
        67   StandardScalerWrapper RandomForest             0:00:30       0.0788    0.0505
        68   StandardScalerWrapper RandomForest             0:00:30       0.1043    0.0505
        69   MinMaxScaler RandomForest                      0:00:34       0.1042    0.0505
        70   StandardScalerWrapper LightGBM                 0:00:23       0.0855    0.0505
        71   RobustScaler GradientBoosting                  0:00:29       0.0901    0.0505
        72   MinMaxScaler LightGBM                          0:00:32       0.0512    0.0505
        73   MinMaxScaler ExtremeRandomTrees                0:00:34       0.0605    0.0505
        74   MinMaxScaler ExtremeRandomTrees                0:00:26       0.0802    0.0505
        75   MinMaxScaler LightGBM                          0:00:39       0.0656    0.0505
        76   MinMaxScaler ExtremeRandomTrees                0:00:31       0.0874    0.0505
        77   StandardScalerWrapper RandomForest             0:00:26       0.0750    0.0505
        78   StandardScalerWrapper RandomForest             0:00:25       0.0724    0.0505
        79   StandardScalerWrapper ExtremeRandomTrees       0:00:27       0.0790    0.0505
        80   MinMaxScaler LightGBM                          0:01:15       0.0535    0.0505
        81   RobustScaler GradientBoosting                  0:00:28       0.1086    0.0505
        82   RobustScaler LightGBM                          0:00:24       0.1021    0.0505
        83   StandardScalerWrapper RandomForest             0:00:31       0.0840    0.0505
        84   RobustScaler LightGBM                          0:00:24       0.0952    0.0505
        85   RobustScaler LightGBM                          0:00:24       0.0734    0.0505
        86   StandardScalerWrapper ExtremeRandomTrees       0:00:32       0.0947    0.0505
        87   RobustScaler RandomForest                      0:00:24       0.0613    0.0505
        88   RobustScaler RandomForest                      0:00:24       0.0969    0.0505
        89   MinMaxScaler ExtremeRandomTrees                0:00:28       0.0850    0.0505
        90   StandardScalerWrapper LightGBM                 0:00:25       0.0712    0.0505
        91   MinMaxScaler ExtremeRandomTrees                0:00:25       0.0633    0.0505
        92   WARNING - Retrying (Retry(total=2, connect=None, read=None, redirect=None, status=None)) after connection broken by 'ProtocolError('Connection aborted.', ConnectionResetError(104, 'Connection reset by peer'))': /azureml/ExperimentRun/dcid.AutoML_c3dfccba-d407-4b5a-bbb7-c755a0858f40_92/outputs/model.pkl?sv=2019-02-02&sr=b&sig=sDVwtcuoIQJS66FXWzfZLx6%2BoKfDpp%2FVBR%2FiSqsSXKI%3D&st=2020-09-30T22%3A57%3A57Z&se=2020-10-01T23%3A07%3A57Z&sp=rcw&comp=block&blockid=TURBd01EQXdNREF3TURBd01EQXdNREF3TURBd01EQXdNREF3TURBd01EQSUzRA%3D%3D&timeout=30
StandardScalerWrapper ExtremeRandomTrees       0:02:58       0.1040    0.0505
        93   StandardScalerWrapper RandomForest             0:00:26       0.0656    0.0505
        94   MinMaxScaler ExtremeRandomTrees                0:00:26       0.0678    0.0505
        95   StandardScalerWrapper LightGBM                 0:00:25       0.0805    0.0505
        96   MinMaxScaler ExtremeRandomTrees                0:00:54       0.0619    0.0505
        97   StandardScalerWrapper ExtremeRandomTrees       0:00:27       0.0680    0.0505
        98   RobustScaler ExtremeRandomTrees                0:00:25       0.0599    0.0505
        99   StandardScalerWrapper ExtremeRandomTrees       0:00:25       0.0647    0.0505
       100   RobustScaler LightGBM                          0:00:23       0.1074    0.0505
       101   StandardScalerWrapper RandomForest             0:00:28       0.0547    0.0505
       102   MinMaxScaler ExtremeRandomTrees                0:00:26       0.0707    0.0505
       103   StandardScalerWrapper RandomForest             0:00:24       0.0832    0.0505
       104   MinMaxScaler LightGBM                          0:00:24       0.0856    0.0505
       105   RobustScaler LightGBM                          0:00:31       0.0989    0.0505
       106   RobustScaler ExtremeRandomTrees                0:00:25       0.0676    0.0505
       107   RobustScaler ExtremeRandomTrees                0:00:26       0.0704    0.0505
       108   StandardScalerWrapper ExtremeRandomTrees       0:00:21       0.0587    0.0505
       109   MinMaxScaler DecisionTree                      0:00:22       0.0658    0.0505
       110   MinMaxScaler LightGBM                          0:00:28       0.0518    0.0505
       111   StandardScalerWrapper RandomForest             0:00:36       0.0757    0.0505
       112   MinMaxScaler RandomForest                      0:00:33       0.0604    0.0505
       113   RobustScaler RandomForest                      0:00:26       0.0704    0.0505
       114   StandardScalerWrapper ExtremeRandomTrees       0:00:30       0.0686    0.0505
       115   WARNING - Retrying (Retry(total=2, connect=None, read=None, redirect=None, status=None)) after connection broken by 'ProtocolError('Connection aborted.', ConnectionResetError(104, 'Connection reset by peer'))': /azureml/ExperimentRun/dcid.AutoML_c3dfccba-d407-4b5a-bbb7-c755a0858f40_115/outputs/model.pkl?sv=2019-02-02&sr=b&sig=bH6M2bZ3mnafMfFbf6Mp922w7R5PGxVYvAnC4BGS2mI%3D&st=2020-09-30T23%3A11%3A19Z&se=2020-10-01T23%3A21%3A19Z&sp=rcw&comp=block&blockid=TURBd01EQXdNREF3TURBd01EQXdNREF3TURBd01EQXdNREF3TURBd01EQSUzRA%3D%3D&timeout=30
WARNING - Retrying (Retry(total=2, connect=None, read=None, redirect=None, status=None)) after connection broken by 'ProtocolError('Connection aborted.', ConnectionResetError(104, 'Connection reset by peer'))': /azureml/ExperimentRun/dcid.AutoML_c3dfccba-d407-4b5a-bbb7-c755a0858f40_115/outputs/scoring_file_v_1_0_0.py?sv=2019-02-02&sr=b&sig=1Z3Nf%2FTHma4Eixt1XLLx2XF1cNfwmjlWNK9YQ%2F169sk%3D&st=2020-09-30T23%3A11%3A19Z&se=2020-10-01T23%3A21%3A19Z&sp=rcw&comp=block&blockid=TURBd01EQXdNREF3TURBd01EQXdNREF3TURBd01EQXdNREF3TURBd01EQSUzRA%3D%3D&timeout=30
WARNING - Retrying (Retry(total=2, connect=None, read=None, redirect=None, status=None)) after connection broken by 'ProtocolError('Connection aborted.', ConnectionResetError(104, 'Connection reset by peer'))': /azureml/ExperimentRun/dcid.AutoML_c3dfccba-d407-4b5a-bbb7-c755a0858f40_115/outputs/pipeline_graph.json?sv=2019-02-02&sr=b&sig=2yKthaIdn2y51lpLrO7utdqi1n%2FkuiyxsSLAqOPi%2FiE%3D&st=2020-09-30T23%3A11%3A19Z&se=2020-10-01T23%3A21%3A19Z&sp=rcw&comp=block&blockid=TURBd01EQXdNREF3TURBd01EQXdNREF3TURBd01EQXdNREF3TURBd01EQSUzRA%3D%3D&timeout=30
RobustScaler LightGBM                          0:03:04       0.0947    0.0505
       116   RobustScaler ExtremeRandomTrees                0:00:23       0.0677    0.0505
       117   RobustScaler ExtremeRandomTrees                0:00:27       0.0793    0.0505
       118   MinMaxScaler LightGBM                          0:00:29       0.0534    0.0505
       119   RobustScaler RandomForest                      0:00:36       0.0643    0.0505
       120   WARNING - Retrying (Retry(total=2, connect=None, read=None, redirect=None, status=None)) after connection broken by 'ProtocolError('Connection aborted.', ConnectionResetError(104, 'Connection reset by peer'))': /azureml/ExperimentRun/dcid.AutoML_c3dfccba-d407-4b5a-bbb7-c755a0858f40_120/outputs/pipeline_graph.json?sv=2019-02-02&sr=b&sig=BbRNJ4pNdlmVFvg4eKpjGmWRV1ifIsF6%2Fm7zNDDtsVo%3D&st=2020-09-30T23%3A16%3A17Z&se=2020-10-01T23%3A26%3A17Z&sp=rcw&comp=block&blockid=TURBd01EQXdNREF3TURBd01EQXdNREF3TURBd01EQXdNREF3TURBd01EQSUzRA%3D%3D&timeout=30
MinMaxScaler LightGBM                          0:02:58       0.1093    0.0505
       121   RobustScaler GradientBoosting                  0:00:30       0.0838    0.0505
       122   RobustScaler ExtremeRandomTrees                0:00:20       0.0620    0.0505
       123   StandardScalerWrapper RandomForest             0:00:35       0.0796    0.0505
       124   WARNING - Retrying (Retry(total=2, connect=None, read=None, redirect=None, status=None)) after connection broken by 'ProtocolError('Connection aborted.', ConnectionResetError(104, 'Connection reset by peer'))': /azureml/ExperimentRun/dcid.AutoML_c3dfccba-d407-4b5a-bbb7-c755a0858f40_124/outputs/model.pkl?sv=2019-02-02&sr=b&sig=%2B6MjsWO5K6%2BZoD5MJ4JC53bvqQjg4H357NLVnjYu7Uo%3D&st=2020-09-30T23%3A20%3A43Z&se=2020-10-01T23%3A30%3A43Z&sp=rcw&comp=block&blockid=TURBd01EQXdNREF3TURBd01EQXdNREF3TURBd01EQXdNREF3TURBd01EQSUzRA%3D%3D&timeout=30
StandardScalerWrapper RandomForest             0:03:08       0.0585    0.0505
       125   RobustScaler LightGBM                          0:00:31       0.0615    0.0505
       126   MinMaxScaler GradientBoosting                  0:00:23       0.0746    0.0505
       127   MinMaxScaler RandomForest                      0:00:30       0.0753    0.0505
       128   RobustScaler RandomForest                      0:00:26       0.0845    0.0505
       129   RobustScaler ExtremeRandomTrees                0:00:25       0.0761    0.0505
       130   RobustScaler LightGBM                          0:00:25       0.1059    0.0505
       131   StandardScalerWrapper RandomForest             0:00:25       0.0767    0.0505
       132   StandardScalerWrapper ExtremeRandomTrees       0:00:32       0.0678    0.0505
       133   RobustScaler DecisionTree                      0:00:23       0.0789    0.0505
       134   RobustScaler ExtremeRandomTrees                0:00:20       0.0596    0.0505
       135   StandardScalerWrapper LightGBM                 0:00:24       0.0518    0.0505
       136   RobustScaler RandomForest                      0:00:26       0.0560    0.0505
       137   StandardScalerWrapper ExtremeRandomTrees       0:00:27       0.0619    0.0505
       138   MinMaxScaler RandomForest                      0:00:32       0.0629    0.0505
       139   MinMaxScaler ExtremeRandomTrees                0:00:27       0.0903    0.0505
       140   StandardScalerWrapper LightGBM                 0:00:18       0.0988    0.0505
       141   MinMaxScaler RandomForest                      0:00:28       0.1060    0.0505
       142   MinMaxScaler ExtremeRandomTrees                0:00:27       0.0856    0.0505
       143   RobustScaler ExtremeRandomTrees                0:00:32       0.0703    0.0505
       144   MinMaxScaler RandomForest                      0:00:27       0.0600    0.0505
       145   MinMaxScaler LightGBM                          0:00:25       0.0905    0.0505
       146   MinMaxScaler ExtremeRandomTrees                0:00:29       0.0729    0.0505
       147   RobustScaler ExtremeRandomTrees                0:00:31       0.0758    0.0505
       148   RobustScaler RandomForest                      0:00:23       0.0829    0.0505
       149   StandardScalerWrapper RandomForest             0:00:23       0.0757    0.0505
       150   RobustScaler LightGBM                          0:00:30       0.0696    0.0505
       151   StandardScalerWrapper ExtremeRandomTrees       0:00:22       0.0771    0.0505
       152   StandardScalerWrapper ExtremeRandomTrees       0:00:26       0.0888    0.0505
       153   MinMaxScaler ExtremeRandomTrees                0:00:25       0.0827    0.0505
       154   StandardScalerWrapper ExtremeRandomTrees       0:00:24       0.0713    0.0505
       155   MinMaxScaler LightGBM                          0:00:23       0.0871    0.0505
       156   MinMaxScaler RandomForest                      0:00:24       0.1031    0.0505
       157   StandardScalerWrapper LightGBM                 0:00:29       0.0549    0.0505
       158   MinMaxScaler RandomForest                      0:00:33       0.0742    0.0505
       159   RobustScaler LightGBM                          0:00:26       0.0569    0.0505
       160   MinMaxScaler LightGBM                          0:00:31       0.0526    0.0505
       161   RobustScaler ExtremeRandomTrees                0:00:27       0.0765    0.0505
       162   MinMaxScaler ExtremeRandomTrees                0:00:26       0.0658    0.0505
       163   MinMaxScaler ExtremeRandomTrees                0:00:27       0.0888    0.0505
       164   StandardScalerWrapper RandomForest             0:00:25       0.0915    0.0505
       165   StandardScalerWrapper LightGBM                 0:00:21       0.0784    0.0505
       166   StandardScalerWrapper ExtremeRandomTrees       0:00:30       0.0719    0.0505
       167   RobustScaler ExtremeRandomTrees                0:00:31       0.0828    0.0505
       168   RobustScaler GradientBoosting                  0:00:25       0.0901    0.0505
       169   StandardScalerWrapper RandomForest             0:00:30       0.0788    0.0505
       170   RobustScaler LightGBM                          0:00:24       0.0788    0.0505
       171   MinMaxScaler ExtremeRandomTrees                0:00:38       0.0541    0.0505
       172   MinMaxScaler RandomForest                      0:00:23       0.0920    0.0505
       173   StandardScalerWrapper RandomForest             0:00:26       0.0847    0.0505
       174   MinMaxScaler RandomForest                      0:00:24       0.0850    0.0505
       175   RobustScaler LightGBM                          0:00:23       0.0962    0.0505
       176   StandardScalerWrapper RandomForest             0:00:26       0.1011    0.0505
       177   StandardScalerWrapper ExtremeRandomTrees       0:00:29       0.0735    0.0505
       178   WARNING - Retrying (Retry(total=2, connect=None, read=None, redirect=None, status=None)) after connection broken by 'ProtocolError('Connection aborted.', ConnectionResetError(104, 'Connection reset by peer'))': /azureml/ExperimentRun/dcid.AutoML_c3dfccba-d407-4b5a-bbb7-c755a0858f40_178/outputs/env_dependencies.json?sv=2019-02-02&sr=b&sig=I%2B5xmuWfrAZfj9p2Sxk3t1L5AMjM1U6uDCJU%2BMHS7sM%3D&st=2020-09-30T23%3A47%3A39Z&se=2020-10-01T23%3A57%3A39Z&sp=rcw&comp=block&blockid=TURBd01EQXdNREF3TURBd01EQXdNREF3TURBd01EQXdNREF3TURBd01EQSUzRA%3D%3D&timeout=30
StandardScalerWrapper ExtremeRandomTrees       0:03:08       0.0666    0.0505
       179   MinMaxScaler ExtremeRandomTrees                0:00:24       0.0617    0.0505
       180   StandardScalerWrapper LightGBM                 0:00:24       0.0864    0.0505
       181   MinMaxScaler ExtremeRandomTrees                0:00:25       0.0667    0.0505
       182   RobustScaler ExtremeRandomTrees                0:00:25       0.0790    0.0505
       183   StandardScalerWrapper RandomForest             0:00:25       0.0952    0.0505
       184   MinMaxScaler LightGBM                          0:00:28       0.0527    0.0505
       185   RobustScaler LightGBM                          0:00:23       0.0847    0.0505
       186   MinMaxScaler RandomForest                      0:00:24       0.0803    0.0505
       187   MinMaxScaler GradientBoosting                  0:00:28       0.0537    0.0505
       188   RobustScaler GradientBoosting                  0:00:24       0.0913    0.0505
       189   MinMaxScaler LightGBM                          0:00:19       0.0647    0.0505
       190   StandardScalerWrapper LightGBM                 0:00:26       0.0993    0.0505
       191   MinMaxScaler RandomForest                      0:00:25       0.0947    0.0505
       192   RobustScaler ExtremeRandomTrees                0:00:29       0.0906    0.0505
       193   StandardScalerWrapper RandomForest             0:00:24       0.0551    0.0505
       194   MinMaxScaler RandomForest                      0:00:25       0.0713    0.0505
       195   RobustScaler LightGBM                          0:00:23       0.1107    0.0505
       196   StandardScalerWrapper RandomForest             0:00:27       0.0968    0.0505
       197   RobustScaler RandomForest                      0:00:26       0.0772    0.0505
       198   WARNING - Retrying (Retry(total=2, connect=None, read=None, redirect=None, status=None)) after connection broken by 'ProtocolError('Connection aborted.', ConnectionResetError(104, 'Connection reset by peer'))': /azureml/ExperimentRun/dcid.AutoML_c3dfccba-d407-4b5a-bbb7-c755a0858f40_198/outputs/conda_env_v_1_0_0.yml?sv=2019-02-02&sr=b&sig=RJ%2BTGaXBk%2FOMhrb5dF84Ys4V5K0%2FTSZn80KQDTrJ87s%3D&st=2020-09-30T23%3A58%3A52Z&se=2020-10-02T00%3A08%3A52Z&sp=rcw&comp=block&blockid=TURBd01EQXdNREF3TURBd01EQXdNREF3TURBd01EQXdNREF3TURBd01EQSUzRA%3D%3D&timeout=30
WARNING - Retrying (Retry(total=2, connect=None, read=None, redirect=None, status=None)) after connection broken by 'ProtocolError('Connection aborted.', ConnectionResetError(104, 'Connection reset by peer'))': /azureml/ExperimentRun/dcid.AutoML_c3dfccba-d407-4b5a-bbb7-c755a0858f40_198/outputs/pipeline_graph.json?sv=2019-02-02&sr=b&sig=f%2BF66fC33mZQu4ipSx%2BDYtqdRHSRMu4BBYN4pw3Hs80%3D&st=2020-09-30T23%3A58%3A52Z&se=2020-10-02T00%3A08%3A52Z&sp=rcw&comp=block&blockid=TURBd01EQXdNREF3TURBd01EQXdNREF3TURBd01EQXdNREF3TURBd01EQSUzRA%3D%3D&timeout=30
MinMaxScaler ExtremeRandomTrees                0:03:04       0.0852    0.0505
       199   StandardScalerWrapper ExtremeRandomTrees       0:00:31       0.0898    0.0505
       200   StandardScalerWrapper LightGBM                 0:00:26       0.1017    0.0505
       201   WARNING - Retrying (Retry(total=2, connect=None, read=None, redirect=None, status=None)) after connection broken by 'ProtocolError('Connection aborted.', ConnectionResetError(104, 'Connection reset by peer'))': /azureml/ExperimentRun/dcid.AutoML_c3dfccba-d407-4b5a-bbb7-c755a0858f40_201/outputs/pipeline_graph.json?sv=2019-02-02&sr=b&sig=sAmxxlZ9kRMoaS9ZjUDr8a17Gi3KejHGmIFzlJe5Iyw%3D&st=2020-10-01T00%3A03%3A01Z&se=2020-10-02T00%3A13%3A01Z&sp=rcw&comp=block&blockid=TURBd01EQXdNREF3TURBd01EQXdNREF3TURBd01EQXdNREF3TURBd01EQSUzRA%3D%3D&timeout=30
RobustScaler ExtremeRandomTrees                0:03:02       0.0800    0.0505
       202   StandardScalerWrapper RandomForest             0:00:29       0.0733    0.0505
       203   StandardScalerWrapper RandomForest             0:00:24       0.0641    0.0505
       204   RobustScaler GradientBoosting                  0:00:26       0.0578    0.0505
       205   RobustScaler LightGBM                          0:00:31       0.0693    0.0505
       206   WARNING - Received unrecognized parameter ensemble_download_models_timeout_sec
WARNING - Received unrecognized parameter ensemble_download_models_timeout_sec
WARNING - Connection pool is full, discarding connection: automlws9124637538.blob.core.windows.net
WARNING - Connection pool is full, discarding connection: automlws9124637538.blob.core.windows.net
WARNING - Connection pool is full, discarding connection: automlws9124637538.blob.core.windows.net
WARNING - Connection pool is full, discarding connection: automlws9124637538.blob.core.windows.net
WARNING - Connection pool is full, discarding connection: automlws9124637538.blob.core.windows.net
WARNING - Connection pool is full, discarding connection: automlws9124637538.blob.core.windows.net
WARNING - Connection pool is full, discarding connection: automlws9124637538.blob.core.windows.net
WARNING - Connection pool is full, discarding connection: automlws9124637538.blob.core.windows.net
WARNING - Connection pool is full, discarding connection: automlws9124637538.blob.core.windows.net
WARNING - Connection pool is full, discarding connection: automlws9124637538.blob.core.windows.net
VotingEnsemble                                 0:03:25       0.0507    0.0505
Stopping criteria reached at iteration 207. Ending experiment.
WARNING - Received unrecognized parameter ensemble_download_models_timeout_sec
WARNING - Received unrecognized parameter ensemble_download_models_timeout_sec
WARNING - Received unrecognized parameter ensemble_download_models_timeout_sec
****************************************************************************************************
Current status: BestRunExplainModel. Best run model explanations started
Current status: ModelExplanationDataSetSetup. Model explanations data setup completed
Current status: PickSurrogateModel. Choosing LightGBM as the surrogate model for explanations
Current status: EngineeredFeatureExplanations. Computation of engineered features started
Current status: EngineeredFeatureExplanations. Computation of engineered features completed
Current status: BestRunExplainModel. Best run model explanations completed
****************************************************************************************************
WARNING - Received unrecognized parameter ensemble_download_models_timeout_sec
WARNING - Received unrecognized parameter ensemble_download_models_timeout_sec
WARNING - Received unrecognized parameter ensemble_download_models_timeout_sec
Best pipeline:
0. ('timeseriestransformer', TimeSeriesTransformer(featurization_config=None,
                      pipeline_type=<TimeSeriesPipelineType.FULL: 1>))
1. ('MinMaxScaler', MinMaxScaler(copy=True, feature_range=(0, 1)))
2. ('LightGBMRegressor', LightGBMRegressor(boosting_type='gbdt', class_weight=None, colsample_bytree=1,
                  importance_type='split', learning_rate=0.02106157894736842,
                  max_bin=255, max_depth=9, min_child_samples=73,
                  min_child_weight=0.001, min_split_gain=0.9473684210526315,
                  n_estimators=600, n_jobs=-1, num_leaves=63, objective=None,
                  random_state=None, reg_alpha=1.125,
                  reg_lambda=0.8999999999999999, silent=True, subsample=0.7,
                  subsample_for_bin=200000, subsample_freq=9, verbose=-1))

['quarter', 'month', 'day', 'hour', 'minute', 'am_pm', 'hour12', 'wday', 'qday', 'yday']
  RawFeatureName TypeDetected Dropped  EngineeredFeatureCount  \
0  timestamp      DateTime     No      10                       

                                                                                                                                                                                                      Transformations  
0  [DateTimeTransformer, DateTimeTransformer, DateTimeTransformer, DateTimeTransformer, DateTimeTransformer, DateTimeTransformer, DateTimeTransformer, DateTimeTransformer, DateTimeTransformer, DateTimeTransformer]  
