Running on local machine
Parent Run ID: AutoML_d5f913b5-43f1-4e11-a995-22d83a94a422

Current status: DatasetFeaturization. Beginning to featurize the dataset.
Current status: DatasetFeaturizationCompleted. Completed featurizing the dataset.
Heuristic parameters: Target_Lag = '[0]', Target_Rolling_Window = '0', Max_Horizon = '2'.
WARNING - Converting non-string tag to string: (forecasting_target_lags: [0])
WARNING - Converting non-string tag to string: (forecasting_target_rolling_window_size: 0)
WARNING - Converting non-string tag to string: (forecasting_max_horizon: 2)
Current status: DatasetCrossValidationSplit. Generating individually featurized CV splits.
Current status: DatasetFeaturization. Beginning to featurize the CV split.
Current status: DatasetFeaturizationCompleted. Completed featurizing the CV split.
Current status: DatasetFeaturization. Beginning to featurize the CV split.
Current status: DatasetFeaturizationCompleted. Completed featurizing the CV split.
Current status: DatasetFeaturization. Beginning to featurize the CV split.
Current status: DatasetFeaturizationCompleted. Completed featurizing the CV split.
Current status: DatasetFeaturization. Beginning to featurize the CV split.
Current status: DatasetFeaturizationCompleted. Completed featurizing the CV split.
Current status: DatasetFeaturization. Beginning to featurize the CV split.
Current status: DatasetFeaturizationCompleted. Completed featurizing the CV split.

****************************************************************************************************
DATA GUARDRAILS: 

TYPE:         Frequency detection
STATUS:       PASSED
DESCRIPTION:  The time series was analyzed, all data points are aligned with detected frequency.
              

****************************************************************************************************

TYPE:         Missing feature values imputation
STATUS:       PASSED
DESCRIPTION:  No feature missing values were detected in the training data.
              Learn more about missing value imputation: https://aka.ms/AutomatedMLFeaturization

****************************************************************************************************

TYPE:         Memory Issues Detection
STATUS:       PASSED
DESCRIPTION:  The selected horizon, lag and rolling window values were analyzed, and no potential memory issues were detected.
              Learn more about time-series forecasting configurations: https://aka.ms/AutomatedMLForecastingConfiguration

****************************************************************************************************
Current status: ModelSelection. Beginning model selection.

****************************************************************************************************
ITERATION: The iteration being evaluated.
PIPELINE: A summary description of the pipeline being evaluated.
DURATION: Time taken for the current iteration.
METRIC: The result of computing score on the fitted pipeline.
BEST: The best observed score thus far.
****************************************************************************************************

 ITERATION   PIPELINE                                       DURATION      METRIC      BEST
         0   MaxAbsScaler DecisionTree                      0:00:23       0.2243    0.2243
         1   MinMaxScaler DecisionTree                      0:00:24       0.2176    0.2176
         2   StandardScalerWrapper LassoLars                0:00:22       0.1950    0.1950
         3   RobustScaler ElasticNet                        0:00:22       0.1949    0.1949
         4   StandardScalerWrapper LassoLars                0:00:22       0.1950    0.1949
         5   RobustScaler ElasticNet                        0:00:22       0.1952    0.1949
         6   RobustScaler DecisionTree                      0:00:22       0.2038    0.1949
         7   MinMaxScaler DecisionTree                      0:00:22       0.2126    0.1949
         8   RobustScaler DecisionTree                      0:00:21       0.2132    0.1949
         9   MinMaxScaler DecisionTree                      0:00:22       0.2007    0.1949
        10   StandardScalerWrapper DecisionTree             0:00:22       0.2112    0.1949
        11   StandardScalerWrapper DecisionTree             0:00:21       0.2195    0.1949
        12   RobustScaler DecisionTree                      0:00:22       0.2047    0.1949
        13   RobustScaler ElasticNet                        0:00:24       0.2052    0.1949
        14   WARNING - Retrying (Retry(total=2, connect=None, read=None, redirect=None, status=None)) after connection broken by 'ProtocolError('Connection aborted.', ConnectionResetError(104, 'Connection reset by peer'))': /azureml/ExperimentRun/dcid.AutoML_d5f913b5-43f1-4e11-a995-22d83a94a422_14/outputs/scoring_file_v_1_0_0.py?sv=2019-02-02&sr=b&sig=AlKMbk2o%2FOm6Szdj2kkr88l5RIZYdpFrXHP1LvauwOk%3D&st=2020-09-02T21%3A56%3A41Z&se=2020-09-03T22%3A06%3A41Z&sp=rcw&comp=block&blockid=TURBd01EQXdNREF3TURBd01EQXdNREF3TURBd01EQXdNREF3TURBd01EQSUzRA%3D%3D&timeout=30
StandardScalerWrapper DecisionTree             0:02:57       0.2031    0.1949
        15   MinMaxScaler DecisionTree                      0:00:33       0.2225    0.1949
        16   MinMaxScaler DecisionTree                      0:00:26       0.2129    0.1949
        17   RobustScaler DecisionTree                      0:00:22       0.2081    0.1949
        18   RobustScaler DecisionTree                      0:00:22       0.2142    0.1949
        19   StandardScalerWrapper DecisionTree             0:00:29       0.2064    0.1949
        20   StandardScalerWrapper DecisionTree             0:00:23       0.2090    0.1949
        21   StandardScalerWrapper DecisionTree             0:00:22       0.1976    0.1949
        22   StandardScalerWrapper ExtremeRandomTrees       0:00:24       0.2172    0.1949
        23   MinMaxScaler LightGBM                          0:00:22       0.2039    0.1949
        24   WARNING - Retrying (Retry(total=2, connect=None, read=None, redirect=None, status=None)) after connection broken by 'ProtocolError('Connection aborted.', ConnectionResetError(104, 'Connection reset by peer'))': /azureml/ExperimentRun/dcid.AutoML_d5f913b5-43f1-4e11-a995-22d83a94a422_24/outputs/pipeline_graph.json?sv=2019-02-02&sr=b&sig=Nm%2BijFl7i27yiR5TgeLJsqDT0DGXPl18WJjV26az8vU%3D&st=2020-09-02T22%3A03%3A25Z&se=2020-09-03T22%3A13%3A25Z&sp=rcw&comp=block&blockid=TURBd01EQXdNREF3TURBd01EQXdNREF3TURBd01EQXdNREF3TURBd01EQSUzRA%3D%3D&timeout=30
MinMaxScaler DecisionTree                      0:03:13       0.2105    0.1949
        25   RobustScaler ElasticNet                        0:00:25       0.1948    0.1948
        26   StandardScalerWrapper DecisionTree             0:00:23       0.2136    0.1948
        27   MinMaxScaler DecisionTree                      0:00:23       0.2027    0.1948
        28   MinMaxScaler DecisionTree                      0:00:22       0.2116    0.1948
        29   RobustScaler ExtremeRandomTrees                0:00:24       0.2060    0.1948
        30   StandardScalerWrapper ElasticNet               0:00:22       0.2170    0.1948
        31   StandardScalerWrapper ExtremeRandomTrees       0:00:35       0.2150    0.1948
        32   StandardScalerWrapper RandomForest             0:00:25       0.2059    0.1948
        33   StandardScalerWrapper ExtremeRandomTrees       0:00:26       0.2173    0.1948
        34   StandardScalerWrapper ExtremeRandomTrees       0:00:24       0.2140    0.1948
        35   StandardScalerWrapper ElasticNet               0:00:24       0.2006    0.1948
        36   StandardScalerWrapper ExtremeRandomTrees       0:00:27       0.2166    0.1948
        37   MinMaxScaler ExtremeRandomTrees                0:00:26       0.2116    0.1948
        38   RobustScaler ExtremeRandomTrees                0:00:24       0.2161    0.1948
        39   MinMaxScaler ExtremeRandomTrees                0:00:27       0.2146    0.1948
        40   StandardScalerWrapper ElasticNet               0:00:22       0.2080    0.1948
        41   MinMaxScaler ExtremeRandomTrees                0:00:31       0.2107    0.1948
        42   RobustScaler ExtremeRandomTrees                0:00:24       0.2129    0.1948
        43   StandardScalerWrapper ExtremeRandomTrees       0:00:25       0.2129    0.1948
        44   StandardScalerWrapper RandomForest             0:00:26       0.2099    0.1948
        45   StandardScalerWrapper ElasticNet               0:00:23       0.2087    0.1948
        46   WARNING - Retrying (Retry(total=2, connect=None, read=None, redirect=None, status=None)) after connection broken by 'ProtocolError('Connection aborted.', ConnectionResetError(104, 'Connection reset by peer'))': /azureml/ExperimentRun/dcid.AutoML_d5f913b5-43f1-4e11-a995-22d83a94a422_46/outputs/env_dependencies.json?sv=2019-02-02&sr=b&sig=hRuRP93IyDqcxbI5Kem3tBRZv4Ey4he0sm9Kvt0UJpw%3D&st=2020-09-02T22%3A15%3A38Z&se=2020-09-03T22%3A25%3A38Z&sp=rcw&comp=block&blockid=TURBd01EQXdNREF3TURBd01EQXdNREF3TURBd01EQXdNREF3TURBd01EQSUzRA%3D%3D&timeout=30
MinMaxScaler ExtremeRandomTrees                0:03:07       0.2168    0.1948
        47   StandardScalerWrapper ExtremeRandomTrees       0:00:26       0.2132    0.1948
        48   RobustScaler RandomForest                      0:00:25       0.2036    0.1948
        49   MinMaxScaler RandomForest                      0:00:30       0.2098    0.1948
        50   MinMaxScaler ElasticNet                        0:00:23       0.2073    0.1948
        51   MinMaxScaler ExtremeRandomTrees                0:00:24       0.2127    0.1948
        52   RobustScaler ExtremeRandomTrees                0:00:24       0.2136    0.1948
        53   StandardScalerWrapper ExtremeRandomTrees       0:00:25       0.2139    0.1948
        54   WARNING - Retrying (Retry(total=2, connect=None, read=None, redirect=None, status=None)) after connection broken by 'ProtocolError('Connection aborted.', ConnectionResetError(104, 'Connection reset by peer'))': /azureml/ExperimentRun/dcid.AutoML_d5f913b5-43f1-4e11-a995-22d83a94a422_54/outputs/env_dependencies.json?sv=2019-02-02&sr=b&sig=Rz7MwCOyEhgOSaxAegsWJct%2FWeWc5YS0PcQC%2FMWbdfk%3D&st=2020-09-02T22%3A22%3A46Z&se=2020-09-03T22%3A32%3A46Z&sp=rcw&comp=block&blockid=TURBd01EQXdNREF3TURBd01EQXdNREF3TURBd01EQXdNREF3TURBd01EQSUzRA%3D%3D&timeout=30
MinMaxScaler ExtremeRandomTrees                0:03:05       0.2139    0.1948
        55   WARNING - Retrying (Retry(total=2, connect=None, read=None, redirect=None, status=None)) after connection broken by 'ProtocolError('Connection aborted.', ConnectionResetError(104, 'Connection reset by peer'))': /azureml/ExperimentRun/dcid.AutoML_d5f913b5-43f1-4e11-a995-22d83a94a422_55/outputs/conda_env_v_1_0_0.yml?sv=2019-02-02&sr=b&sig=K3LQR5KNCkEbPVUqmuG2CFHCVh6Bt32MkIemI%2FPr9U4%3D&st=2020-09-02T22%3A24%3A51Z&se=2020-09-03T22%3A34%3A51Z&sp=rcw&comp=block&blockid=TURBd01EQXdNREF3TURBd01EQXdNREF3TURBd01EQXdNREF3TURBd01EQSUzRA%3D%3D&timeout=30
MinMaxScaler ElasticNet                        0:01:21       0.2141    0.1948
        56   RobustScaler ExtremeRandomTrees                0:00:24       0.2171    0.1948
        57   StandardScalerWrapper ExtremeRandomTrees       0:00:19       0.2124    0.1948
        58   MinMaxScaler ExtremeRandomTrees                0:00:30       0.2121    0.1948
        59   RobustScaler RandomForest                      0:00:24       0.2126    0.1948
        60   StandardScalerWrapper ElasticNet               0:00:23       0.2008    0.1948
        61   StandardScalerWrapper ExtremeRandomTrees       0:00:41       0.2143    0.1948
        62   RobustScaler ExtremeRandomTrees                0:00:26       0.2138    0.1948
        63   MinMaxScaler ExtremeRandomTrees                0:00:30       0.2148    0.1948
        64   MinMaxScaler ExtremeRandomTrees                0:00:25       0.2154    0.1948
        65   StandardScalerWrapper ElasticNet               0:00:23       0.2111    0.1948
        66   RobustScaler ExtremeRandomTrees                0:00:27       0.2136    0.1948
        67   RobustScaler ExtremeRandomTrees                0:00:25       0.2244    0.1948
        68   MinMaxScaler RandomForest                      0:00:35       0.2174    0.1948
        69   RobustScaler RandomForest                      0:00:24       0.2171    0.1948
        70   StandardScalerWrapper ElasticNet               0:00:18       0.2060    0.1948
        71   RobustScaler ExtremeRandomTrees                0:00:29       0.2099    0.1948
        72   RobustScaler RandomForest                      0:00:24       0.2159    0.1948
        73   StandardScalerWrapper RandomForest             0:00:35       0.2112    0.1948
        74   StandardScalerWrapper GradientBoosting         0:00:32       0.2058    0.1948
        75   StandardScalerWrapper ElasticNet               0:00:23       0.2112    0.1948
        76   RobustScaler ExtremeRandomTrees                0:00:30       0.2119    0.1948
        77   RobustScaler RandomForest                      0:00:26       0.2146    0.1948
        78   StandardScalerWrapper ExtremeRandomTrees       0:00:25       0.2129    0.1948
        79   RobustScaler ExtremeRandomTrees                0:00:25       0.2165    0.1948
        80   MinMaxScaler ElasticNet                        0:00:22       0.2132    0.1948
        81   MinMaxScaler ExtremeRandomTrees                0:00:30       0.2160    0.1948
        82   MinMaxScaler ExtremeRandomTrees                0:00:37       0.2159    0.1948
        83   StandardScalerWrapper RandomForest             0:00:25       0.2025    0.1948
        84   StandardScalerWrapper ExtremeRandomTrees       0:00:24       0.2109    0.1948
        85   RobustScaler ElasticNet                        0:00:24       0.2219    0.1948
        86   StandardScalerWrapper ExtremeRandomTrees       0:00:20       0.2170    0.1948
        87   RobustScaler ExtremeRandomTrees                0:00:24       0.2149    0.1948
        88   MinMaxScaler ExtremeRandomTrees                0:00:25       0.2114    0.1948
        89   StandardScalerWrapper RandomForest             0:00:24       0.2134    0.1948
        90   RobustScaler ElasticNet                        0:00:23       0.2011    0.1948
        91   RobustScaler RandomForest                      0:00:19       0.2019    0.1948
        92   RobustScaler RandomForest                      0:00:24       0.2113    0.1948
        93   MinMaxScaler ExtremeRandomTrees                0:00:29       0.2120    0.1948
        94   StandardScalerWrapper ExtremeRandomTrees       0:00:25       0.2125    0.1948
        95   RobustScaler ElasticNet                        0:00:34       0.2173    0.1948
        96   StandardScalerWrapper ExtremeRandomTrees       0:00:29       0.2119    0.1948
        97   MinMaxScaler RandomForest                      0:00:30       0.2113    0.1948
        98   RobustScaler RandomForest                      0:00:24       0.2135    0.1948
        99   StandardScalerWrapper ExtremeRandomTrees       0:00:24       0.2095    0.1948
       100   WARNING - Retrying (Retry(total=2, connect=None, read=None, redirect=None, status=None)) after connection broken by 'ProtocolError('Connection aborted.', ConnectionResetError(104, 'Connection reset by peer'))': /azureml/ExperimentRun/dcid.AutoML_d5f913b5-43f1-4e11-a995-22d83a94a422_100/outputs/model.pkl?sv=2019-02-02&sr=b&sig=W2guzRwpRYVXtl5HJmIDGP1hWvnp9ARu0PX15mSdE5M%3D&st=2020-09-02T22%3A45%3A54Z&se=2020-09-03T22%3A55%3A54Z&sp=rcw&comp=block&blockid=TURBd01EQXdNREF3TURBd01EQXdNREF3TURBd01EQXdNREF3TURBd01EQSUzRA%3D%3D&timeout=30
WARNING - Retrying (Retry(total=2, connect=None, read=None, redirect=None, status=None)) after connection broken by 'ProtocolError('Connection aborted.', ConnectionResetError(104, 'Connection reset by peer'))': /azureml/ExperimentRun/dcid.AutoML_d5f913b5-43f1-4e11-a995-22d83a94a422_100/outputs/env_dependencies.json?sv=2019-02-02&sr=b&sig=l7b8i1CJKp93F5zKqtb1lTyd8Lh6hg1eWAZ1ZkqdGOc%3D&st=2020-09-02T22%3A45%3A54Z&se=2020-09-03T22%3A55%3A54Z&sp=rcw&comp=block&blockid=TURBd01EQXdNREF3TURBd01EQXdNREF3TURBd01EQXdNREF3TURBd01EQSUzRA%3D%3D&timeout=30
StandardScalerWrapper ElasticNet               0:03:06       0.2003    0.1948
       101   StandardScalerWrapper ExtremeRandomTrees       0:00:24       0.2117    0.1948
       102   RobustScaler RandomForest                      0:00:26       0.2126    0.1948
       103   StandardScalerWrapper ExtremeRandomTrees       0:00:29       0.2228    0.1948
       104   StandardScalerWrapper ExtremeRandomTrees       0:00:25       0.2120    0.1948
       105   RobustScaler ElasticNet                        0:00:23       0.2058    0.1948
       106   StandardScalerWrapper ExtremeRandomTrees       0:00:26       0.2171    0.1948
       107   VotingEnsemble                                 0:01:29       0.1937    0.1937
Stopping criteria reached at iteration 108. Ending experiment.
****************************************************************************************************
Current status: BestRunExplainModel. Best run model explanations started
Current status: ModelExplanationDataSetSetup. Model explanations data setup completed
Current status: PickSurrogateModel. Choosing LightGBM as the surrogate model for explanations
Current status: EngineeredFeatureExplanations. Computation of engineered features started
Current status: EngineeredFeatureExplanations. Computation of engineered features completed
Current status: BestRunExplainModel. Best run model explanations completed
****************************************************************************************************
Best pipeline:
<class 'sklearn.ensemble._voting.VotingRegressor'>
0. Pipeline(memory=None,
         steps=[('robustscaler',
                 RobustScaler(copy=True, quantile_range=[25, 75],
                              with_centering=True, with_scaling=False)),
                ('elasticnet',
                 ElasticNet(alpha=0.2113157894736842, copy_X=True,
                            fit_intercept=True, l1_ratio=0.16631578947368422,
                            max_iter=1000, normalize=False, positive=False,
                            precompute=False, random_state=None,
                            selection='cyclic', tol=0.0001,
                            warm_start=False))],
         verbose=False)
1. Pipeline(memory=None,
         steps=[('robustscaler',
                 RobustScaler(copy=True, quantile_range=[25, 75],
                              with_centering=True, with_scaling=False)),
                ('elasticnet',
                 ElasticNet(alpha=0.7896842105263158, copy_X=True,
                            fit_intercept=True, l1_ratio=0.01, max_iter=1000,
                            normalize=False, positive=False, precompute=False,
                            random_state=None, selection='cyclic', tol=0.0001,
                            warm_start=False))],
         verbose=False)
2. Pipeline(memory=None,
         steps=[('standardscalerwrapper',
                 <azureml.automl.runtime.shared.model_wrappers.StandardScalerWrapper object at 0x7f19a92d1890>),
                ('lassolars',
                 LassoLars(alpha=0.001, copy_X=True, eps=2.220446049250313e-16,
                           fit_intercept=True, fit_path=True, max_iter=500,
                           normalize=False, positive=False, precompute='auto',
                           verbose=False))],
         verbose=False)
3. Pipeline(memory=None,
         steps=[('standardscalerwrapper',
                 <azureml.automl.runtime.shared.model_wrappers.StandardScalerWrapper object at 0x7f19a9dd1a10>),
                ('lassolars',
                 LassoLars(alpha=0.001, copy_X=True, eps=2.220446049250313e-16,
                           fit_intercept=True, fit_path=True, max_iter=500,
                           normalize=False, positive=False, precompute='auto',
                           verbose=False))],
         verbose=False)
4. Pipeline(memory=None,
         steps=[('robustscaler',
                 RobustScaler(copy=True, quantile_range=[25, 75],
                              with_centering=True, with_scaling=False)),
                ('elasticnet',
                 ElasticNet(alpha=0.001, copy_X=True, fit_intercept=True,
                            l1_ratio=0.32263157894736844, max_iter=1000,
                            normalize=False, positive=False, precompute=False,
                            random_state=None, selection='cyclic', tol=0.0001,
                            warm_start=False))],
         verbose=False)
5. Pipeline(memory=None,
         steps=[('standardscalerwrapper',
                 <azureml.automl.runtime.shared.model_wrappers.StandardScalerWrapper object at 0x7f19a845ba50>),
                ('decisiontreeregressor',
                 DecisionTreeRegressor(ccp_alpha=0.0, criterion='friedman_mse',
                                       max_depth=None, max_features=0.6,
                                       max_leaf_nodes=None,
                                       min_impurity_decrease=0.0,
                                       min_impurity_split=None,
                                       min_samples_leaf=0.003851381725578514,
                                       min_samples_split=0.010734188827013528,
                                       min_weight_fraction_leaf=0.0,
                                       presort='deprecated', random_state=None,
                                       splitter='best'))],
         verbose=False)
6. Pipeline(memory=None,
         steps=[('minmaxscaler', MinMaxScaler(copy=True, feature_range=(0, 1))),
                ('decisiontreeregressor',
                 DecisionTreeRegressor(ccp_alpha=0.0, criterion='friedman_mse',
                                       max_depth=None, max_features=0.6,
                                       max_leaf_nodes=None,
                                       min_impurity_decrease=0.0,
                                       min_impurity_split=None,
                                       min_samples_leaf=0.008504540352732381,
                                       min_samples_split=0.0008991789964660114,
                                       min_weight_fraction_leaf=0.0,
                                       presort='deprecated', random_state=None,
                                       splitter='best'))],
         verbose=False)
7. Pipeline(memory=None,
         steps=[('robustscaler',
                 RobustScaler(copy=True, quantile_range=[25, 75],
                              with_centering=True, with_scaling=False)),
                ('decisiontreeregressor',
                 DecisionTreeRegressor(ccp_alpha=0.0, criterion='friedman_mse',
                                       max_depth=None, max_features=0.7,
                                       max_leaf_nodes=None,
                                       min_impurity_decrease=0.0,
                                       min_impurity_split=None,
                                       min_samples_leaf=0.008504540352732381,
                                       min_samples_split=0.04427451843494491,
                                       min_weight_fraction_leaf=0.0,
                                       presort='deprecated', random_state=None,
                                       splitter='best'))],
         verbose=False)
8. Pipeline(memory=None,
         steps=[('standardscalerwrapper',
                 <azureml.automl.runtime.shared.model_wrappers.StandardScalerWrapper object at 0x7f19a7ddab10>),
                ('decisiontreeregressor',
                 DecisionTreeRegressor(ccp_alpha=0.0, criterion='friedman_mse',
                                       max_depth=None, max_features=0.6,
                                       max_leaf_nodes=None,
                                       min_impurity_decrease=0.0,
                                       min_impurity_split=None,
                                       min_samples_leaf=0.007594568292413517,
                                       min_samples_split=0.00310675990983383,
                                       min_weight_fraction_leaf=0.0,
                                       presort='deprecated', random_state=None,
                                       splitter='best'))],
         verbose=False)

