WARNING - Received unrecognized parameter ensemble_download_models_timeout_sec
Running on local machine
Parent Run ID: AutoML_fc612e63-f484-4b12-999f-e9d1e145578c

Current status: DatasetFeaturization. Beginning to featurize the dataset.
Current status: DatasetFeaturizationCompleted. Completed featurizing the dataset.
Heuristic parameters: Target_Lag = '[0]', Target_Rolling_Window = '0'.
WARNING - Converting non-string tag to string: (forecasting_target_lags: [0])
WARNING - Converting non-string tag to string: (forecasting_target_rolling_window_size: 0)
WARNING - Converting non-string tag to string: (forecasting_max_horizon: 2064)
Current status: DatasetCrossValidationSplit. Generating individually featurized CV splits.
Current status: DatasetFeaturization. Beginning to featurize the CV split.
Current status: DatasetFeaturizationCompleted. Completed featurizing the CV split.
Current status: DatasetFeaturization. Beginning to featurize the CV split.
Current status: DatasetFeaturizationCompleted. Completed featurizing the CV split.
Current status: DatasetFeaturization. Beginning to featurize the CV split.
Current status: DatasetFeaturizationCompleted. Completed featurizing the CV split.
Current status: DatasetFeaturization. Beginning to featurize the CV split.
Current status: DatasetFeaturizationCompleted. Completed featurizing the CV split.
Current status: DatasetFeaturization. Beginning to featurize the CV split.
Current status: DatasetFeaturizationCompleted. Completed featurizing the CV split.

****************************************************************************************************
DATA GUARDRAILS: 

TYPE:         Frequency detection
STATUS:       PASSED
DESCRIPTION:  The time series was analyzed, all data points are aligned with detected frequency.
              

****************************************************************************************************

TYPE:         Missing feature values imputation
STATUS:       PASSED
DESCRIPTION:  No feature missing values were detected in the training data.
              Learn more about missing value imputation: https://aka.ms/AutomatedMLFeaturization

****************************************************************************************************

TYPE:         Memory Issues Detection
STATUS:       PASSED
DESCRIPTION:  The selected horizon, lag and rolling window values were analyzed, and no potential memory issues were detected.
              Learn more about time-series forecasting configurations: https://aka.ms/AutomatedMLForecastingConfiguration

****************************************************************************************************
Current status: ModelSelection. Beginning model selection.

****************************************************************************************************
ITERATION: The iteration being evaluated.
PIPELINE: A summary description of the pipeline being evaluated.
DURATION: Time taken for the current iteration.
METRIC: The result of computing score on the fitted pipeline.
BEST: The best observed score thus far.
****************************************************************************************************

 ITERATION   PIPELINE                                       DURATION      METRIC      BEST
         0   MaxAbsScaler DecisionTree                      0:00:23       0.1134    0.1134
         1   MinMaxScaler DecisionTree                      0:00:22       0.1127    0.1127
         2   StandardScalerWrapper LassoLars                0:00:21       0.1361    0.1127
         3   RobustScaler ElasticNet                        0:00:17       0.1367    0.1127
         4   StandardScalerWrapper LassoLars                0:00:22       0.1361    0.1127
         5   RobustScaler ElasticNet                        0:00:23       0.1361    0.1127
         6   WARNING - Retrying (Retry(total=2, connect=None, read=None, redirect=None, status=None)) after connection broken by 'ProtocolError('Connection aborted.', ConnectionResetError(104, 'Connection reset by peer'))': /azureml/ExperimentRun/dcid.AutoML_fc612e63-f484-4b12-999f-e9d1e145578c_6/outputs/env_dependencies.json?sv=2019-02-02&sr=b&sig=x%2FTLFNuJOUjZNO4K7pNqCvfac4ISGgQa1U9APTISU0M%3D&st=2020-10-02T09%3A05%3A32Z&se=2020-10-03T09%3A15%3A32Z&sp=rcw
WARNING - Retrying (Retry(total=2, connect=None, read=None, redirect=None, status=None)) after connection broken by 'ProtocolError('Connection aborted.', ConnectionResetError(104, 'Connection reset by peer'))': /azureml/ExperimentRun/dcid.AutoML_fc612e63-f484-4b12-999f-e9d1e145578c_6/outputs/pipeline_graph.json?sv=2019-02-02&sr=b&sig=o15XmJgCaD0Azsqvp7dkSGAYYFG7tCN3nV9p06w5DMk%3D&st=2020-10-02T09%3A05%3A32Z&se=2020-10-03T09%3A15%3A32Z&sp=rcw
RobustScaler DecisionTree                      0:00:34       0.1117    0.1117
         7   MinMaxScaler DecisionTree                      0:00:25       0.1094    0.1094
         8   RobustScaler DecisionTree                      0:00:18       0.1208    0.1094
         9   MinMaxScaler DecisionTree                      0:00:21       0.1087    0.1087
        10   StandardScalerWrapper DecisionTree             0:00:22       0.1093    0.1087
        11   StandardScalerWrapper DecisionTree             0:00:22       0.1077    0.1077
        12   RobustScaler DecisionTree                      0:00:22       0.1076    0.1076
        13   RobustScaler ElasticNet                        0:00:22       0.1362    0.1076
        14   StandardScalerWrapper DecisionTree             0:00:22       0.1081    0.1076
        15   MinMaxScaler DecisionTree                      0:00:22       0.1072    0.1072
        16   MinMaxScaler DecisionTree                      0:00:22       0.1108    0.1072
        17   RobustScaler DecisionTree                      0:00:22       0.1094    0.1072
        18   RobustScaler DecisionTree                      0:00:16       0.1132    0.1072
        19   StandardScalerWrapper DecisionTree             0:00:22       0.1132    0.1072
        20   StandardScalerWrapper DecisionTree             0:00:17       0.1071    0.1071
        21   MinMaxScaler DecisionTree                      0:00:22       0.1059    0.1059
        22   WARNING - Retrying (Retry(total=2, connect=None, read=None, redirect=None, status=None)) after connection broken by 'ProtocolError('Connection aborted.', ConnectionResetError(104, 'Connection reset by peer'))': /azureml/ExperimentRun/dcid.AutoML_fc612e63-f484-4b12-999f-e9d1e145578c_22/outputs/env_dependencies.json?sv=2019-02-02&sr=b&sig=7bdwG10IrnJ5DUT8iAJzdoriCOxrXSlBvjTSWdZmscw%3D&st=2020-10-02T09%3A11%3A33Z&se=2020-10-03T09%3A21%3A33Z&sp=rcw&comp=block&blockid=TURBd01EQXdNREF3TURBd01EQXdNREF3TURBd01EQXdNREF3TURBd01EQSUzRA%3D%3D&timeout=30
WARNING - Retrying (Retry(total=2, connect=None, read=None, redirect=None, status=None)) after connection broken by 'ProtocolError('Connection aborted.', ConnectionResetError(104, 'Connection reset by peer'))': /azureml/ExperimentRun/dcid.AutoML_fc612e63-f484-4b12-999f-e9d1e145578c_22/outputs/pipeline_graph.json?sv=2019-02-02&sr=b&sig=sibnAdsLKyp2vL1XkAMO9jsAP0rALCLOh70AA%2BC%2BpUo%3D&st=2020-10-02T09%3A11%3A33Z&se=2020-10-03T09%3A21%3A33Z&sp=rcw&comp=block&blockid=TURBd01EQXdNREF3TURBd01EQXdNREF3TURBd01EQXdNREF3TURBd01EQSUzRA%3D%3D&timeout=30
MinMaxScaler DecisionTree                      0:03:05       0.1076    0.1059
        23   StandardScalerWrapper ExtremeRandomTrees       0:00:25       0.1175    0.1059
        24   MinMaxScaler LightGBM                          0:00:25       0.1167    0.1059
        25   RobustScaler DecisionTree                      0:00:25       0.1243    0.1059
        26   MinMaxScaler DecisionTree                      0:00:23       0.1116    0.1059
        27   StandardScalerWrapper RandomForest             0:00:24       0.1207    0.1059
        28   StandardScalerWrapper RandomForest             0:00:20       0.1112    0.1059
        29   MinMaxScaler ExtremeRandomTrees                0:00:27       0.1135    0.1059
        30   RobustScaler DecisionTree                      0:00:23       0.1211    0.1059
        31   StandardScalerWrapper RandomForest             0:00:26       0.1174    0.1059
        32   StandardScalerWrapper ExtremeRandomTrees       0:00:24       0.1114    0.1059
        33   RobustScaler RandomForest                      0:00:24       0.1045    0.1045
        34   StandardScalerWrapper ExtremeRandomTrees       0:00:28       0.1156    0.1045
        35   MinMaxScaler RandomForest                      0:00:27       0.1131    0.1045
        36   MinMaxScaler RandomForest                      0:00:25       0.1073    0.1045
        37   RobustScaler RandomForest                      0:00:19       0.1177    0.1045
        38   MinMaxScaler ExtremeRandomTrees                0:00:24       0.1125    0.1045
        39   StandardScalerWrapper ExtremeRandomTrees       0:00:25       0.1194    0.1045
        40   MinMaxScaler RandomForest                      0:00:24       0.1284    0.1045
        41   StandardScalerWrapper RandomForest             0:00:25       0.1154    0.1045
        42   RobustScaler ExtremeRandomTrees                0:00:28       0.1148    0.1045
        43   RobustScaler ExtremeRandomTrees                0:00:28       0.1176    0.1045
        44   RobustScaler RandomForest                      0:00:30       0.1113    0.1045
        45   StandardScalerWrapper RandomForest             0:00:29       0.1227    0.1045
        46   RobustScaler ExtremeRandomTrees                0:00:25       0.1094    0.1045
        47   StandardScalerWrapper RandomForest             0:00:24       0.1042    0.1042
        48   RobustScaler RandomForest                      0:00:24       0.1050    0.1042
        49   RobustScaler ExtremeRandomTrees                0:00:26       0.1152    0.1042
        50   MinMaxScaler RandomForest                      0:00:25       0.1257    0.1042
        51   MinMaxScaler DecisionTree                      0:00:23       0.1158    0.1042
        52   RobustScaler ExtremeRandomTrees                0:00:30       0.1152    0.1042
        53   RobustScaler RandomForest                      0:00:25       0.1116    0.1042
        54   RobustScaler ExtremeRandomTrees                0:00:25       0.1114    0.1042
        55   RobustScaler RandomForest                      0:00:25       0.1176    0.1042
        56   StandardScalerWrapper ExtremeRandomTrees       0:00:26       0.1103    0.1042
        57   StandardScalerWrapper ExtremeRandomTrees       0:00:29       0.1209    0.1042
        58   RobustScaler RandomForest                      0:00:25       0.1229    0.1042
        59   MinMaxScaler ExtremeRandomTrees                0:00:24       0.1136    0.1042
        60   RobustScaler RandomForest                      0:00:24       0.1226    0.1042
        61   RobustScaler RandomForest                      0:00:21       0.1209    0.1042
        62   RobustScaler ExtremeRandomTrees                0:00:24       0.1202    0.1042
        63   MinMaxScaler ExtremeRandomTrees                0:00:26       0.1079    0.1042
        64   MinMaxScaler ExtremeRandomTrees                0:00:27       0.1260    0.1042
        65   MinMaxScaler RandomForest                      0:00:31       0.1216    0.1042
        66   StandardScalerWrapper RandomForest             0:00:27       0.1190    0.1042
        67   StandardScalerWrapper ExtremeRandomTrees       0:00:25       0.1080    0.1042
        68   RobustScaler ExtremeRandomTrees                0:00:34       0.1167    0.1042
        69   WARNING - Retrying (Retry(total=2, connect=None, read=None, redirect=None, status=None)) after connection broken by 'ProtocolError('Connection aborted.', ConnectionResetError(104, 'Connection reset by peer'))': /azureml/ExperimentRun/dcid.AutoML_fc612e63-f484-4b12-999f-e9d1e145578c_69/outputs/env_dependencies.json?sv=2019-02-02&sr=b&sig=7SDHFO%2FqhTbSMr7OCtLU7UKuWw96sT7m3hY9NZCbc0k%3D&st=2020-10-02T09%3A34%3A39Z&se=2020-10-03T09%3A44%3A39Z&sp=rcw&comp=block&blockid=TURBd01EQXdNREF3TURBd01EQXdNREF3TURBd01EQXdNREF3TURBd01EQSUzRA%3D%3D&timeout=30
WARNING - Retrying (Retry(total=2, connect=None, read=None, redirect=None, status=None)) after connection broken by 'ProtocolError('Connection aborted.', ConnectionResetError(104, 'Connection reset by peer'))': /azureml/ExperimentRun/dcid.AutoML_fc612e63-f484-4b12-999f-e9d1e145578c_69/outputs/model.pkl?sv=2019-02-02&sr=b&sig=%2Fec2gCTHwm5aI0%2B36EXxP1L39iu5mTN%2FBdD3zhyUWJs%3D&st=2020-10-02T09%3A34%3A39Z&se=2020-10-03T09%3A44%3A39Z&sp=rcw&comp=block&blockid=TURBd01EQXdNREF3TURBd01EQXdNREF3TURBd01EQXdNREF3TURBd01EQSUzRA%3D%3D&timeout=30
MinMaxScaler ExtremeRandomTrees                0:03:03       0.1095    0.1042
        70   RobustScaler RandomForest                      0:00:25       0.1287    0.1042
        71   WARNING - Retrying (Retry(total=2, connect=None, read=None, redirect=None, status=None)) after connection broken by 'ProtocolError('Connection aborted.', ConnectionResetError(104, 'Connection reset by peer'))': /azureml/ExperimentRun/dcid.AutoML_fc612e63-f484-4b12-999f-e9d1e145578c_71/outputs/scoring_file_v_1_0_0.py?sv=2019-02-02&sr=b&sig=Y3%2F8PD%2F2eO2tDYH8DWIJ0Uue5pe7ngF53ooiRTv5eD0%3D&st=2020-10-02T09%3A38%3A06Z&se=2020-10-03T09%3A48%3A06Z&sp=rcw&comp=block&blockid=TURBd01EQXdNREF3TURBd01EQXdNREF3TURBd01EQXdNREF3TURBd01EQSUzRA%3D%3D&timeout=30
WARNING - Retrying (Retry(total=2, connect=None, read=None, redirect=None, status=None)) after connection broken by 'ProtocolError('Connection aborted.', ConnectionResetError(104, 'Connection reset by peer'))': /azureml/ExperimentRun/dcid.AutoML_fc612e63-f484-4b12-999f-e9d1e145578c_71/outputs/conda_env_v_1_0_0.yml?sv=2019-02-02&sr=b&sig=ehrpnjcffi6kRxCHiShgD91CKPHxQkk84UKtknP1MeU%3D&st=2020-10-02T09%3A38%3A06Z&se=2020-10-03T09%3A48%3A06Z&sp=rcw&comp=block&blockid=TURBd01EQXdNREF3TURBd01EQXdNREF3TURBd01EQXdNREF3TURBd01EQSUzRA%3D%3D&timeout=30
MinMaxScaler ExtremeRandomTrees                0:03:06       0.1174    0.1042
        72   RobustScaler GradientBoosting                  0:00:23       0.1246    0.1042
        73   RobustScaler ExtremeRandomTrees                0:00:26       0.1129    0.1042
        74   RobustScaler ExtremeRandomTrees                0:00:32       0.1058    0.1042
        75   MinMaxScaler RandomForest                      0:00:21       0.1284    0.1042
        76   MinMaxScaler LightGBM                          0:00:18       0.1089    0.1042
        77   StandardScalerWrapper ExtremeRandomTrees       0:00:25       0.1150    0.1042
        78   WARNING - Retrying (Retry(total=2, connect=None, read=None, redirect=None, status=None)) after connection broken by 'ProtocolError('Connection aborted.', ConnectionResetError(104, 'Connection reset by peer'))': /azureml/ExperimentRun/dcid.AutoML_fc612e63-f484-4b12-999f-e9d1e145578c_78/outputs/env_dependencies.json?sv=2019-02-02&sr=b&sig=d9%2FbnPcnuAHRaHJp5%2FLZj4eWxmjz%2FbpoMCMmEuvb4TA%3D&st=2020-10-02T09%3A43%3A45Z&se=2020-10-03T09%3A53%3A45Z&sp=rcw&comp=block&blockid=TURBd01EQXdNREF3TURBd01EQXdNREF3TURBd01EQXdNREF3TURBd01EQSUzRA%3D%3D&timeout=30
StandardScalerWrapper ExtremeRandomTrees       0:03:09       0.1143    0.1042
        79   StandardScalerWrapper ExtremeRandomTrees       0:00:26       0.1166    0.1042
        80   RobustScaler RandomForest                      0:00:24       0.1249    0.1042
        81   RobustScaler ExtremeRandomTrees                0:00:25       0.1223    0.1042
        82   RobustScaler ExtremeRandomTrees                0:00:23       0.1127    0.1042
        83   MinMaxScaler RandomForest                      0:00:28       0.1081    0.1042
        84   MinMaxScaler ExtremeRandomTrees                0:00:25       0.1126    0.1042
        85   StandardScalerWrapper RandomForest             0:00:26       0.1261    0.1042
        86   MinMaxScaler ExtremeRandomTrees                0:00:25       0.1144    0.1042
        87   StandardScalerWrapper ExtremeRandomTrees       0:00:29       0.1175    0.1042
        88   RobustScaler ExtremeRandomTrees                0:00:26       0.1187    0.1042
        89   MinMaxScaler RandomForest                      0:00:24       0.1158    0.1042
        90   RobustScaler RandomForest                      0:00:25       0.1206    0.1042
        91   RobustScaler ExtremeRandomTrees                0:00:25       0.1157    0.1042
        92   RobustScaler RandomForest                      0:00:25       0.1048    0.1042
        93   StandardScalerWrapper RandomForest             0:00:26       0.1199    0.1042
        94   MinMaxScaler RandomForest                      0:00:26       0.1169    0.1042
        95   RobustScaler RandomForest                      0:00:27       0.1294    0.1042
        96   StandardScalerWrapper ExtremeRandomTrees       0:00:24       0.1172    0.1042
        97   RobustScaler ExtremeRandomTrees                0:00:29       0.1076    0.1042
        98   MinMaxScaler RandomForest                      0:00:31       0.1198    0.1042
        99   StandardScalerWrapper ExtremeRandomTrees       0:00:25       0.1114    0.1042
       100   MinMaxScaler RandomForest                      0:00:26       0.1203    0.1042
       101   StandardScalerWrapper ExtremeRandomTrees       0:00:24       0.1196    0.1042
       102   MinMaxScaler RandomForest                      0:00:24       0.1113    0.1042
       103   MinMaxScaler ExtremeRandomTrees                0:00:32       0.1080    0.1042
       104   RobustScaler ExtremeRandomTrees                0:00:26       0.1169    0.1042
       105   StandardScalerWrapper RandomForest             0:00:29       0.1347    0.1042
       106   MinMaxScaler ExtremeRandomTrees                0:00:25       0.1167    0.1042
       107   RobustScaler RandomForest                      0:00:24       0.1147    0.1042
       108   RobustScaler LightGBM                          0:00:24       0.1113    0.1042
       109   StandardScalerWrapper RandomForest             0:00:25       0.1163    0.1042
       110   StandardScalerWrapper RandomForest             0:00:24       0.1198    0.1042
       111   StandardScalerWrapper DecisionTree             0:00:23       0.1118    0.1042
       112   StandardScalerWrapper ExtremeRandomTrees       0:00:25       0.1159    0.1042
       113   RobustScaler RandomForest                      0:00:24       0.1086    0.1042
       114   MinMaxScaler ExtremeRandomTrees                0:00:30       0.1196    0.1042
       115   RobustScaler RandomForest                      0:00:29       0.1235    0.1042
       116   MinMaxScaler ExtremeRandomTrees                0:00:26       0.1182    0.1042
       117   MinMaxScaler RandomForest                      0:00:24       0.1187    0.1042
       118   StandardScalerWrapper ExtremeRandomTrees       0:00:24       0.1103    0.1042
       119   RobustScaler ExtremeRandomTrees                0:00:23       0.1140    0.1042
       120   StandardScalerWrapper RandomForest             0:00:25       0.1205    0.1042
       121   RobustScaler ExtremeRandomTrees                0:00:24       0.1171    0.1042
       122   MinMaxScaler ExtremeRandomTrees                0:00:25       0.1130    0.1042
       123   StandardScalerWrapper ExtremeRandomTrees       0:00:26       0.1123    0.1042
       124   RobustScaler RandomForest                      0:00:25       0.1049    0.1042
       125   RobustScaler RandomForest                      0:00:24       0.1283    0.1042
       126   MinMaxScaler ExtremeRandomTrees                0:00:25       0.1090    0.1042
       127   RobustScaler ExtremeRandomTrees                0:00:20       0.1047    0.1042
       128   StandardScalerWrapper ExtremeRandomTrees       0:00:28       0.1115    0.1042
       129   RobustScaler ExtremeRandomTrees                0:00:31       0.1110    0.1042
       130   StandardScalerWrapper RandomForest             0:00:24       0.1314    0.1042
       131   StandardScalerWrapper ExtremeRandomTrees       0:00:25       0.1240    0.1042
       132   StandardScalerWrapper RandomForest             0:00:25       0.1159    0.1042
       133   StandardScalerWrapper ExtremeRandomTrees       0:00:28       0.1125    0.1042
       134   StandardScalerWrapper GradientBoosting         0:00:27       0.1156    0.1042
       135   MinMaxScaler RandomForest                      0:00:25       0.1350    0.1042
       136   MinMaxScaler ExtremeRandomTrees                0:00:27       0.1067    0.1042
       137   MinMaxScaler RandomForest                      0:00:26       0.1092    0.1042
       138   RobustScaler RandomForest                      0:00:26       0.1181    0.1042
       139   MinMaxScaler ExtremeRandomTrees                0:00:25       0.1283    0.1042
       140   StandardScalerWrapper RandomForest             0:00:25       0.1230    0.1042
       141   RobustScaler ExtremeRandomTrees                0:00:28       0.1215    0.1042
       142   StandardScalerWrapper ExtremeRandomTrees       0:00:25       0.1193    0.1042
       143   RobustScaler RandomForest                      0:00:25       0.1149    0.1042
       144   MinMaxScaler ExtremeRandomTrees                0:00:27       0.1145    0.1042
       145   MinMaxScaler RandomForest                      0:00:25       0.1245    0.1042
       146   MinMaxScaler RandomForest                      0:00:25       0.1164    0.1042
       147   StandardScalerWrapper ExtremeRandomTrees       0:00:26       0.1148    0.1042
       148   MinMaxScaler RandomForest                      0:00:31       0.1125    0.1042
       149   WARNING - Retrying (Retry(total=2, connect=None, read=None, redirect=None, status=None)) after connection broken by 'ProtocolError('Connection aborted.', ConnectionResetError(104, 'Connection reset by peer'))': /azureml/ExperimentRun/dcid.AutoML_fc612e63-f484-4b12-999f-e9d1e145578c_149/outputs/scoring_file_v_1_0_0.py?sv=2019-02-02&sr=b&sig=CKcqcoGQz%2B8SVIwLCdXX2i9X50iJyHjISOEjyaU8QvY%3D&st=2020-10-02T10%3A17%3A35Z&se=2020-10-03T10%3A27%3A35Z&sp=rcw&comp=block&blockid=TURBd01EQXdNREF3TURBd01EQXdNREF3TURBd01EQXdNREF3TURBd01EQSUzRA%3D%3D&timeout=30
StandardScalerWrapper ExtremeRandomTrees       0:03:01       0.1104    0.1042
       150   StandardScalerWrapper RandomForest             0:00:26       0.1317    0.1042
       151   MinMaxScaler RandomForest                      0:00:26       0.1181    0.1042
       152   RobustScaler ExtremeRandomTrees                0:00:27       0.1175    0.1042
       153   RobustScaler ExtremeRandomTrees                0:00:26       0.1114    0.1042
       154   StandardScalerWrapper RandomForest             0:00:30       0.1172    0.1042
       155   MinMaxScaler RandomForest                      0:00:25       0.1193    0.1042
       156   RobustScaler RandomForest                      0:00:25       0.1061    0.1042
       157   MinMaxScaler ExtremeRandomTrees                0:00:25       0.1147    0.1042
       158   StandardScalerWrapper RandomForest             0:00:25       0.1137    0.1042
       159   StandardScalerWrapper RandomForest             0:00:20       0.1160    0.1042
       160   StandardScalerWrapper RandomForest             0:00:22       0.1305    0.1042
       161   MinMaxScaler ExtremeRandomTrees                0:00:24       0.1158    0.1042
       162   StandardScalerWrapper ExtremeRandomTrees       0:00:20       0.1121    0.1042
       163   MinMaxScaler ExtremeRandomTrees                0:00:27       0.1076    0.1042
       164   MinMaxScaler RandomForest                      0:00:29       0.1183    0.1042
       165   StandardScalerWrapper RandomForest             0:00:24       0.1272    0.1042
       166   MinMaxScaler RandomForest                      0:00:25       0.1147    0.1042
       167   StandardScalerWrapper ExtremeRandomTrees       0:00:25       0.1160    0.1042
       168   MinMaxScaler ExtremeRandomTrees                0:00:24       0.1120    0.1042
       169   StandardScalerWrapper RandomForest             0:00:25       0.1132    0.1042
       170   MinMaxScaler RandomForest                      0:00:25       0.1305    0.1042
       171   StandardScalerWrapper ExtremeRandomTrees       0:00:27       0.1100    0.1042
       172   StandardScalerWrapper ExtremeRandomTrees       0:00:29       0.1047    0.1042
       173   StandardScalerWrapper RandomForest             0:00:24       0.1179    0.1042
       174   RobustScaler ExtremeRandomTrees                0:00:27       0.1139    0.1042
       175   StandardScalerWrapper RandomForest             0:00:25       0.1252    0.1042
       176   StandardScalerWrapper ExtremeRandomTrees       0:00:21       0.1171    0.1042
       177   MinMaxScaler ExtremeRandomTrees                0:00:27       0.1141    0.1042
       178   MinMaxScaler ExtremeRandomTrees                0:00:24       0.1134    0.1042
       179   RobustScaler ExtremeRandomTrees                0:00:24       0.1056    0.1042
       180   WARNING - Retrying (Retry(total=2, connect=None, read=None, redirect=None, status=None)) after connection broken by 'ProtocolError('Connection aborted.', ConnectionResetError(104, 'Connection reset by peer'))': /azureml/ExperimentRun/dcid.AutoML_fc612e63-f484-4b12-999f-e9d1e145578c_180/outputs/scoring_file_v_1_0_0.py?sv=2019-02-02&sr=b&sig=MLIXCrXy3fIs0wa0yJ%2FXGAYtzA0y7ePAZPbluyy2sSc%3D&st=2020-10-02T10%3A33%3A21Z&se=2020-10-03T10%3A43%3A21Z&sp=rcw&comp=block&blockid=TURBd01EQXdNREF3TURBd01EQXdNREF3TURBd01EQXdNREF3TURBd01EQSUzRA%3D%3D&timeout=30
MinMaxScaler RandomForest                      0:03:03       0.1296    0.1042
       181   RobustScaler ExtremeRandomTrees                0:00:29       0.1199    0.1042
       182   StandardScalerWrapper RandomForest             0:00:26       0.1179    0.1042
       183   MinMaxScaler ExtremeRandomTrees                0:00:25       0.1172    0.1042
       184   StandardScalerWrapper ExtremeRandomTrees       0:00:25       0.1126    0.1042
       185   StandardScalerWrapper RandomForest             0:00:25       0.1244    0.1042
       186   WARNING - Retrying (Retry(total=2, connect=None, read=None, redirect=None, status=None)) after connection broken by 'ProtocolError('Connection aborted.', ConnectionResetError(104, 'Connection reset by peer'))': /azureml/ExperimentRun/dcid.AutoML_fc612e63-f484-4b12-999f-e9d1e145578c_186/outputs/model.pkl?sv=2019-02-02&sr=b&sig=aUxHoZnZxhx4inSziLO982BAY4e%2BGB4NbOyTIS0VPyo%3D&st=2020-10-02T10%3A38%3A36Z&se=2020-10-03T10%3A48%3A36Z&sp=rcw&comp=block&blockid=TURBd01EQXdNREF3TURBd01EQXdNREF3TURBd01EQXdNREF3TURBd01EQSUzRA%3D%3D&timeout=30
MinMaxScaler RandomForest                      0:03:08       0.1131    0.1042
       187   StandardScalerWrapper RandomForest             0:00:30       0.1231    0.1042
       188   StandardScalerWrapper ExtremeRandomTrees       0:00:26       0.1220    0.1042
       189   RobustScaler RandomForest                      0:00:29       0.1210    0.1042
       190   MinMaxScaler RandomForest                      0:00:28       0.1177    0.1042
       191   StandardScalerWrapper RandomForest             0:00:26       0.1062    0.1042
       192   MinMaxScaler RandomForest                      0:00:29       0.1247    0.1042
       193   StandardScalerWrapper ExtremeRandomTrees       0:00:26       0.1197    0.1042
       194   StandardScalerWrapper RandomForest             0:00:24       0.1244    0.1042
       195   RobustScaler RandomForest                      0:00:25       0.1283    0.1042
       196   StandardScalerWrapper ExtremeRandomTrees       0:00:26       0.1258    0.1042
       197   RobustScaler ExtremeRandomTrees                0:00:20       0.1044    0.1042
       198   WARNING - Retrying (Retry(total=2, connect=None, read=None, redirect=None, status=None)) after connection broken by 'ProtocolError('Connection aborted.', ConnectionResetError(104, 'Connection reset by peer'))': /azureml/ExperimentRun/dcid.AutoML_fc612e63-f484-4b12-999f-e9d1e145578c_198/outputs/model.pkl?sv=2019-02-02&sr=b&sig=gxfQWElRQfPFt0bWfd2sCEl60w99ycCPSvMw9TLwrDY%3D&st=2020-10-02T10%3A46%3A40Z&se=2020-10-03T10%3A56%3A40Z&sp=rcw&comp=block&blockid=TURBd01EQXdNREF3TURBd01EQXdNREF3TURBd01EQXdNREF3TURBd01EQSUzRA%3D%3D&timeout=30
WARNING - Retrying (Retry(total=2, connect=None, read=None, redirect=None, status=None)) after connection broken by 'ProtocolError('Connection aborted.', ConnectionResetError(104, 'Connection reset by peer'))': /azureml/ExperimentRun/dcid.AutoML_fc612e63-f484-4b12-999f-e9d1e145578c_198/outputs/scoring_file_v_1_0_0.py?sv=2019-02-02&sr=b&sig=zZscDZOY3Viuth0AHkxCM9ZOtSu5wjBKp92F50a3cck%3D&st=2020-10-02T10%3A46%3A40Z&se=2020-10-03T10%3A56%3A40Z&sp=rcw&comp=block&blockid=TURBd01EQXdNREF3TURBd01EQXdNREF3TURBd01EQXdNREF3TURBd01EQSUzRA%3D%3D&timeout=30
RobustScaler RandomForest                      0:03:10       0.1165    0.1042
       199   RobustScaler RandomForest                      0:00:25       0.1203    0.1042
       200   StandardScalerWrapper RandomForest             0:00:25       0.1286    0.1042
       201   MinMaxScaler RandomForest                      0:00:24       0.1119    0.1042
       202   RobustScaler ExtremeRandomTrees                0:00:27       0.1193    0.1042
       203   StandardScalerWrapper RandomForest             0:00:31       0.1109    0.1042
       204   MinMaxScaler RandomForest                      0:00:27       0.1191    0.1042
       205   StandardScalerWrapper RandomForest             0:00:27       0.1232    0.1042
       206   RobustScaler ExtremeRandomTrees                0:00:26       0.1091    0.1042
       207   RobustScaler ExtremeRandomTrees                0:00:27       0.1208    0.1042
       208   MinMaxScaler ExtremeRandomTrees                0:00:29       0.1099    0.1042
       209   MinMaxScaler RandomForest                      0:00:24       0.1164    0.1042
       210   StandardScalerWrapper RandomForest             0:00:25       0.1332    0.1042
       211   RobustScaler ExtremeRandomTrees                0:00:32       0.1161    0.1042
       212   WARNING - Retrying (Retry(total=2, connect=None, read=None, redirect=None, status=None)) after connection broken by 'ProtocolError('Connection aborted.', ConnectionResetError(104, 'Connection reset by peer'))': /azureml/ExperimentRun/dcid.AutoML_fc612e63-f484-4b12-999f-e9d1e145578c_212/outputs/model.pkl?sv=2019-02-02&sr=b&sig=7XHp4KJEQ3Nqomyn4EaEKhx5vN5hO7kwAPxiM5VZ%2BUU%3D&st=2020-10-02T10%3A55%3A46Z&se=2020-10-03T11%3A05%3A46Z&sp=rcw&comp=block&blockid=TURBd01EQXdNREF3TURBd01EQXdNREF3TURBd01EQXdNREF3TURBd01EQSUzRA%3D%3D&timeout=30
WARNING - Retrying (Retry(total=2, connect=None, read=None, redirect=None, status=None)) after connection broken by 'ProtocolError('Connection aborted.', ConnectionResetError(104, 'Connection reset by peer'))': /azureml/ExperimentRun/dcid.AutoML_fc612e63-f484-4b12-999f-e9d1e145578c_212/outputs/env_dependencies.json?sv=2019-02-02&sr=b&sig=JwGpu62Z4OjMiXN%2FqdBAyl1TSPH8I5buzLjC9y1tCvo%3D&st=2020-10-02T10%3A55%3A46Z&se=2020-10-03T11%3A05%3A46Z&sp=rcw&comp=block&blockid=TURBd01EQXdNREF3TURBd01EQXdNREF3TURBd01EQXdNREF3TURBd01EQSUzRA%3D%3D&timeout=30
StandardScalerWrapper RandomForest             0:03:10       0.1041    0.1041
       213   StandardScalerWrapper RandomForest             0:00:28       0.1097    0.1041
       214   RobustScaler RandomForest                      0:00:26       0.1094    0.1041
       215   StandardScalerWrapper RandomForest             0:00:25       0.1235    0.1041
       216   RobustScaler ExtremeRandomTrees                0:00:26       0.1088    0.1041
       217   RobustScaler RandomForest                      0:00:25       0.1204    0.1041
       218   StandardScalerWrapper ExtremeRandomTrees       0:00:26       0.1048    0.1041
       219   StandardScalerWrapper RandomForest             0:00:27       0.1197    0.1041
       220   RobustScaler RandomForest                      0:00:25       0.1222    0.1041
       221   MinMaxScaler RandomForest                      0:00:25       0.1187    0.1041
       222   StandardScalerWrapper GradientBoosting         0:00:20       0.1210    0.1041
       223   StandardScalerWrapper ExtremeRandomTrees       0:00:25       0.1108    0.1041
       224   WARNING - Received unrecognized parameter ensemble_download_models_timeout_sec
WARNING - Received unrecognized parameter ensemble_download_models_timeout_sec
VotingEnsemble                                 0:02:18       0.1034    0.1034
Stopping criteria reached at iteration 225. Ending experiment.
WARNING - Received unrecognized parameter ensemble_download_models_timeout_sec
WARNING - Received unrecognized parameter ensemble_download_models_timeout_sec
WARNING - Received unrecognized parameter ensemble_download_models_timeout_sec
****************************************************************************************************
Current status: BestRunExplainModel. Best run model explanations started
Current status: ModelExplanationDataSetSetup. Model explanations data setup completed
Current status: PickSurrogateModel. Choosing LightGBM as the surrogate model for explanations
Current status: EngineeredFeatureExplanations. Computation of engineered features started
Current status: EngineeredFeatureExplanations. Computation of engineered features completed
Current status: BestRunExplainModel. Best run model explanations completed
****************************************************************************************************
WARNING - Received unrecognized parameter ensemble_download_models_timeout_sec
WARNING - Received unrecognized parameter ensemble_download_models_timeout_sec
WARNING - Received unrecognized parameter ensemble_download_models_timeout_sec
Best pipeline:
<class 'sklearn.ensemble._voting.VotingRegressor'>
0. Pipeline(memory=None,
         steps=[('standardscalerwrapper',
                 <azureml.automl.runtime.shared.model_wrappers.StandardScalerWrapper object at 0x7f6732264990>),
                ('randomforestregressor',
                 RandomForestRegressor(bootstrap=True, ccp_alpha=0.0,
                                       criterion='mse', max_depth=None,
                                       max_features=0.7, max_leaf_nodes=None,
                                       max_samples=None,
                                       min_impurity_decrease=0.0,
                                       min_impurity_split=None,
                                       min_samples_leaf=0.0023646822772690063,
                                       min_samples_split=0.00310675990983383,
                                       min_weight_fraction_leaf=0.0,
                                       n_estimators=25, n_jobs=-1,
                                       oob_score=False, random_state=None,
                                       verbose=0, warm_start=False))],
         verbose=False)
1. Pipeline(memory=None,
         steps=[('standardscalerwrapper',
                 <azureml.automl.runtime.shared.model_wrappers.StandardScalerWrapper object at 0x7f672f2cc110>),
                ('randomforestregressor',
                 RandomForestRegressor(bootstrap=False, ccp_alpha=0.0,
                                       criterion='mse', max_depth=None,
                                       max_features=0.7, max_leaf_nodes=None,
                                       max_samples=None,
                                       min_impurity_decrease=0.0,
                                       min_impurity_split=None,
                                       min_samples_leaf=0.009017208223328022,
                                       min_samples_split=0.002602463309528381,
                                       min_weight_fraction_leaf=0.0,
                                       n_estimators=25, n_jobs=-1,
                                       oob_score=False, random_state=None,
                                       verbose=0, warm_start=False))],
         verbose=False)
2. Pipeline(memory=None,
         steps=[('robustscaler',
                 RobustScaler(copy=True, quantile_range=[25, 75],
                              with_centering=True, with_scaling=False)),
                ('extratreesregressor',
                 ExtraTreesRegressor(bootstrap=False, ccp_alpha=0.0,
                                     criterion='mse', max_depth=None,
                                     max_features=0.9, max_leaf_nodes=None,
                                     max_samples=None,
                                     min_impurity_decrease=0.0,
                                     min_impurity_split=None,
                                     min_samples_leaf=0.0074478228980205795,
                                     min_samples_split=0.00630957344480193,
                                     min_weight_fraction_leaf=0.0,
                                     n_estimators=25, n_jobs=-1,
                                     oob_score=False, random_state=None,
                                     verbose=0, warm_start=False))],
         verbose=False)
3. Pipeline(memory=None,
         steps=[('robustscaler',
                 RobustScaler(copy=True, quantile_range=[25, 75],
                              with_centering=True, with_scaling=True)),
                ('randomforestregressor',
                 RandomForestRegressor(bootstrap=False, ccp_alpha=0.0,
                                       criterion='mse', max_depth=None,
                                       max_features=0.7, max_leaf_nodes=None,
                                       max_samples=None,
                                       min_impurity_decrease=0.0,
                                       min_impurity_split=None,
                                       min_samples_leaf=0.01091729022778783,
                                       min_samples_split=0.0012814223889440828,
                                       min_weight_fraction_leaf=0.0,
                                       n_estimators=25, n_jobs=-1,
                                       oob_score=False, random_state=None,
                                       verbose=0, warm_start=False))],
         verbose=False)
4. Pipeline(memory=None,
         steps=[('robustscaler',
                 RobustScaler(copy=True, quantile_range=[10, 90],
                              with_centering=True, with_scaling=False)),
                ('extratreesregressor',
                 ExtraTreesRegressor(bootstrap=False, ccp_alpha=0.0,
                                     criterion='mse', max_depth=None,
                                     max_features=None, max_leaf_nodes=None,
                                     max_samples=None,
                                     min_impurity_decrease=0.0,
                                     min_impurity_split=None,
                                     min_samples_leaf=0.01091729022778783,
                                     min_samples_split=0.0012814223889440828,
                                     min_weight_fraction_leaf=0.0,
                                     n_estimators=100, n_jobs=-1,
                                     oob_score=False, random_state=None,
                                     verbose=0, warm_start=False))],
         verbose=False)
5. Pipeline(memory=None,
         steps=[('minmaxscaler', MinMaxScaler(copy=True, feature_range=(0, 1))),
                ('lightgbmregressor',
                 LightGBMRegressor(boosting_type='gbdt', class_weight=None,
                                   colsample_bytree=0.30000000000000004,
                                   importance_type='split',
                                   learning_rate=0.14737105263157896,
                                   max_bin=255, max_depth=7,
                                   min_child_samples=121,
                                   min_child_weight=0.001,
                                   min_split_gain=0.10526315789473684,
                                   n_estimators=25, n_jobs=-1, num_leaves=31,
                                   objective=None, random_state=None,
                                   reg_alpha=0.975, reg_lambda=1.275,
                                   silent=True, subsample=0.95,
                                   subsample_for_bin=200000, subsample_freq=7,
                                   verbose=-1))],
         verbose=False)
6. Pipeline(memory=None,
         steps=[('minmaxscaler', MinMaxScaler(copy=True, feature_range=(0, 1))),
                ('decisiontreeregressor',
                 DecisionTreeRegressor(ccp_alpha=0.0, criterion='mse',
                                       max_depth=None, max_features=0.7,
                                       max_leaf_nodes=None,
                                       min_impurity_decrease=0.0,
                                       min_impurity_split=None,
                                       min_samples_leaf=0.001953125,
                                       min_samples_split=0.0012814223889440828,
                                       min_weight_fraction_leaf=0.0,
                                       presort='deprecated', random_state=None,
                                       splitter='best'))],
         verbose=False)
7. Pipeline(memory=None,
         steps=[('minmaxscaler', MinMaxScaler(copy=True, feature_range=(0, 1))),
                ('decisiontreeregressor',
                 DecisionTreeRegressor(ccp_alpha=0.0, criterion='mse',
                                       max_depth=None, max_features=0.9,
                                       max_leaf_nodes=None,
                                       min_impurity_decrease=0.0,
                                       min_impurity_split=None,
                                       min_samples_leaf=0.006056302831963706,
                                       min_samples_split=0.005285388593079247,
                                       min_weight_fraction_leaf=0.0,
                                       presort='deprecated', random_state=None,
                                       splitter='best'))],
         verbose=False)
8. Pipeline(memory=None,
         steps=[('standardscalerwrapper',
                 <azureml.automl.runtime.shared.model_wrappers.StandardScalerWrapper object at 0x7f67327ed450>),
                ('decisiontreeregressor',
                 DecisionTreeRegressor(ccp_alpha=0.0, criterion='friedman_mse',
                                       max_depth=None, max_features=0.6,
                                       max_leaf_nodes=None,
                                       min_impurity_decrease=0.0,
                                       min_impurity_split=None,
                                       min_samples_leaf=0.003851381725578514,
                                       min_samples_split=0.010734188827013528,
                                       min_weight_fraction_leaf=0.0,
                                       presort='deprecated', random_state=None,
                                       splitter='best'))],
         verbose=False)
9. Pipeline(memory=None,
         steps=[('minmaxscaler', MinMaxScaler(copy=True, feature_range=(0, 1))),
                ('decisiontreeregressor',
                 DecisionTreeRegressor(ccp_alpha=0.0, criterion='friedman_mse',
                                       max_depth=None, max_features=None,
                                       max_leaf_nodes=None,
                                       min_impurity_decrease=0.0,
                                       min_impurity_split=None,
                                       min_samples_leaf=0.003851381725578514,
                                       min_samples_split=0.005285388593079247,
                                       min_weight_fraction_leaf=0.0,
                                       presort='deprecated', random_state=None,
                                       splitter='random'))],
         verbose=False)

['quarter', 'month', 'day', 'hour', 'minute', 'am_pm', 'hour12', 'wday', 'qday', 'yday']
  RawFeatureName TypeDetected Dropped  EngineeredFeatureCount  \
0  timestamp      DateTime     No      10                       

                                                                                                                                                                                                      Transformations  
0  [DateTimeTransformer, DateTimeTransformer, DateTimeTransformer, DateTimeTransformer, DateTimeTransformer, DateTimeTransformer, DateTimeTransformer, DateTimeTransformer, DateTimeTransformer, DateTimeTransformer]  
