WARNING - Received unrecognized parameter ensemble_download_models_timeout_sec
Running on local machine
Parent Run ID: AutoML_455f7169-035c-4771-b85a-932ae7f9b08b

Current status: DatasetFeaturization. Beginning to featurize the dataset.
Current status: DatasetFeaturizationCompleted. Completed featurizing the dataset.
Heuristic parameters: Target_Lag = '[0]', Target_Rolling_Window = '0'.
WARNING - Converting non-string tag to string: (forecasting_target_lags: [0])
WARNING - Converting non-string tag to string: (forecasting_target_rolling_window_size: 0)
WARNING - Converting non-string tag to string: (forecasting_max_horizon: 2064)
Current status: DatasetCrossValidationSplit. Generating individually featurized CV splits.
Current status: DatasetFeaturization. Beginning to featurize the CV split.
Current status: DatasetFeaturizationCompleted. Completed featurizing the CV split.
Current status: DatasetFeaturization. Beginning to featurize the CV split.
Current status: DatasetFeaturizationCompleted. Completed featurizing the CV split.
Current status: DatasetFeaturization. Beginning to featurize the CV split.
Current status: DatasetFeaturizationCompleted. Completed featurizing the CV split.
Current status: DatasetFeaturization. Beginning to featurize the CV split.
Current status: DatasetFeaturizationCompleted. Completed featurizing the CV split.
Current status: DatasetFeaturization. Beginning to featurize the CV split.
Current status: DatasetFeaturizationCompleted. Completed featurizing the CV split.

****************************************************************************************************
DATA GUARDRAILS: 

TYPE:         Frequency detection
STATUS:       PASSED
DESCRIPTION:  The time series was analyzed, all data points are aligned with detected frequency.
              

****************************************************************************************************

TYPE:         Missing feature values imputation
STATUS:       PASSED
DESCRIPTION:  No feature missing values were detected in the training data.
              Learn more about missing value imputation: https://aka.ms/AutomatedMLFeaturization

****************************************************************************************************

TYPE:         Memory Issues Detection
STATUS:       PASSED
DESCRIPTION:  The selected horizon, lag and rolling window values were analyzed, and no potential memory issues were detected.
              Learn more about time-series forecasting configurations: https://aka.ms/AutomatedMLForecastingConfiguration

****************************************************************************************************
Current status: ModelSelection. Beginning model selection.

****************************************************************************************************
ITERATION: The iteration being evaluated.
PIPELINE: A summary description of the pipeline being evaluated.
DURATION: Time taken for the current iteration.
METRIC: The result of computing score on the fitted pipeline.
BEST: The best observed score thus far.
****************************************************************************************************

 ITERATION   PIPELINE                                       DURATION      METRIC      BEST
         0   MaxAbsScaler DecisionTree                      0:00:21       0.0844    0.0844
         1   MinMaxScaler DecisionTree                      0:00:21       0.0767    0.0767
         2   StandardScalerWrapper LassoLars                0:00:21       0.1386    0.0767
         3   RobustScaler ElasticNet                        0:00:23       0.1395    0.0767
         4   StandardScalerWrapper LassoLars                0:00:21       0.1386    0.0767
         5   RobustScaler ElasticNet                        0:00:21       0.1386    0.0767
         6   RobustScaler DecisionTree                      0:00:21       0.0877    0.0767
         7   MinMaxScaler DecisionTree                      0:00:22       0.0563    0.0563
         8   RobustScaler DecisionTree                      0:00:22       0.1020    0.0563
         9   WARNING - Retrying (Retry(total=2, connect=None, read=None, redirect=None, status=None)) after connection broken by 'ProtocolError('Connection aborted.', ConnectionResetError(104, 'Connection reset by peer'))': /azureml/ExperimentRun/dcid.AutoML_455f7169-035c-4771-b85a-932ae7f9b08b_9/outputs/conda_env_v_1_0_0.yml?sv=2019-02-02&sr=b&sig=1P7TUYASz%2FONdXefNZNqxefRpUXqCq3x7e8uimBt03w%3D&st=2020-10-02T20%3A07%3A48Z&se=2020-10-03T20%3A17%3A48Z&sp=rcw&comp=block&blockid=TURBd01EQXdNREF3TURBd01EQXdNREF3TURBd01EQXdNREF3TURBd01EQSUzRA%3D%3D&timeout=30
MinMaxScaler DecisionTree                      0:03:06       0.0683    0.0563
        10   WARNING - Retrying (Retry(total=2, connect=None, read=None, redirect=None, status=None)) after connection broken by 'ProtocolError('Connection aborted.', ConnectionResetError(104, 'Connection reset by peer'))': /azureml/ExperimentRun/dcid.AutoML_455f7169-035c-4771-b85a-932ae7f9b08b_10/outputs/model.pkl?sv=2019-02-02&sr=b&sig=O4lxfpZbASoZfNtJCpThpM6WOZr0s0elDA5LKewHUd4%3D&st=2020-10-02T20%3A10%3A54Z&se=2020-10-03T20%3A20%3A54Z&sp=rcw&comp=block&blockid=TURBd01EQXdNREF3TURBd01EQXdNREF3TURBd01EQXdNREF3TURBd01EQSUzRA%3D%3D&timeout=30
StandardScalerWrapper DecisionTree             0:00:20       0.0718    0.0563
        11   StandardScalerWrapper DecisionTree             0:00:21       0.0698    0.0563
        12   RobustScaler DecisionTree                      0:01:14       0.0691    0.0563
        13   RobustScaler ElasticNet                        0:00:21       0.1392    0.0563
        14   StandardScalerWrapper DecisionTree             0:00:21       0.0697    0.0563
        15   MinMaxScaler DecisionTree                      0:00:22       0.0662    0.0563
        16   MinMaxScaler DecisionTree                      0:00:22       0.0782    0.0563
        17   RobustScaler DecisionTree                      0:00:21       0.0733    0.0563
        18   RobustScaler DecisionTree                      0:00:20       0.0890    0.0563
        19   StandardScalerWrapper DecisionTree             0:00:22       0.0698    0.0563
        20   StandardScalerWrapper DecisionTree             0:00:22       0.0628    0.0563
        21   MinMaxScaler DecisionTree                      0:00:17       0.0670    0.0563
        22   MinMaxScaler DecisionTree                      0:00:23       0.0615    0.0563
        23   StandardScalerWrapper ExtremeRandomTrees       0:00:23       0.1011    0.0563
        24   WARNING - Retrying (Retry(total=2, connect=None, read=None, redirect=None, status=None)) after connection broken by 'ProtocolError('Connection aborted.', ConnectionResetError(104, 'Connection reset by peer'))': /azureml/ExperimentRun/dcid.AutoML_455f7169-035c-4771-b85a-932ae7f9b08b_24/outputs/pipeline_graph.json?sv=2019-02-02&sr=b&sig=OG7WxXBoUNkN1zrPANXHBIYOwKBArWRpvdVpDJw2dcQ%3D&st=2020-10-02T20%3A16%3A51Z&se=2020-10-03T20%3A26%3A51Z&sp=rcw&comp=block&blockid=TURBd01EQXdNREF3TURBd01EQXdNREF3TURBd01EQXdNREF3TURBd01EQSUzRA%3D%3D&timeout=30
WARNING - Retrying (Retry(total=2, connect=None, read=None, redirect=None, status=None)) after connection broken by 'ProtocolError('Connection aborted.', ConnectionResetError(104, 'Connection reset by peer'))': /azureml/ExperimentRun/dcid.AutoML_455f7169-035c-4771-b85a-932ae7f9b08b_24/outputs/env_dependencies.json?sv=2019-02-02&sr=b&sig=FONLwiqdUTzpv76h5BBxZDqrzPaT6W0yszmNlX9OYAk%3D&st=2020-10-02T20%3A16%3A51Z&se=2020-10-03T20%3A26%3A51Z&sp=rcw&comp=block&blockid=TURBd01EQXdNREF3TURBd01EQXdNREF3TURBd01EQXdNREF3TURBd01EQSUzRA%3D%3D&timeout=30
StandardScalerWrapper RandomForest             0:03:08       0.0820    0.0563
        25   StandardScalerWrapper DecisionTree             0:00:22       0.0827    0.0563
        26   RobustScaler DecisionTree                      0:00:22       0.0574    0.0563
        27   StandardScalerWrapper DecisionTree             0:00:22       0.0595    0.0563
        28   RobustScaler DecisionTree                      0:00:22       0.0607    0.0563
        29   StandardScalerWrapper DecisionTree             0:00:22       0.0812    0.0563
        30   StandardScalerWrapper DecisionTree             0:00:16       0.0805    0.0563
        31   MinMaxScaler LightGBM                          0:00:17       0.0938    0.0563
        32   StandardScalerWrapper RandomForest             0:00:23       0.1031    0.0563
        33   RobustScaler LightGBM                          0:00:25       0.0560    0.0560
        34   MinMaxScaler ExtremeRandomTrees                0:00:24       0.0850    0.0560
        35   StandardScalerWrapper LightGBM                 0:00:22       0.0869    0.0560
        36   MinMaxScaler LightGBM                          0:00:22       0.0784    0.0560
        37   StandardScalerWrapper ExtremeRandomTrees       0:00:24       0.0853    0.0560
        38   StandardScalerWrapper RandomForest             0:00:23       0.0961    0.0560
        39   RobustScaler RandomForest                      0:00:23       0.0947    0.0560
        40   WARNING - Retrying (Retry(total=2, connect=None, read=None, redirect=None, status=None)) after connection broken by 'ProtocolError('Connection aborted.', ConnectionResetError(104, 'Connection reset by peer'))': /azureml/ExperimentRun/dcid.AutoML_455f7169-035c-4771-b85a-932ae7f9b08b_40/outputs/scoring_file_v_1_0_0.py?sv=2019-02-02&sr=b&sig=XczvI50tVDiRCbdTWyqVMWmzHsbkbCC0mn%2BDAkV%2BbJY%3D&st=2020-10-02T20%3A25%3A36Z&se=2020-10-03T20%3A35%3A36Z&sp=rcw&comp=block&blockid=TURBd01EQXdNREF3TURBd01EQXdNREF3TURBd01EQXdNREF3TURBd01EQSUzRA%3D%3D&timeout=30
WARNING - Retrying (Retry(total=2, connect=None, read=None, redirect=None, status=None)) after connection broken by 'ProtocolError('Connection aborted.', ConnectionResetError(104, 'Connection reset by peer'))': /azureml/ExperimentRun/dcid.AutoML_455f7169-035c-4771-b85a-932ae7f9b08b_40/outputs/conda_env_v_1_0_0.yml?sv=2019-02-02&sr=b&sig=XxDwb1GlTUgK3Nqs3%2FAerVdSI5n3CFMiMFukheJ7goM%3D&st=2020-10-02T20%3A25%3A36Z&se=2020-10-03T20%3A35%3A36Z&sp=rcw&comp=block&blockid=TURBd01EQXdNREF3TURBd01EQXdNREF3TURBd01EQXdNREF3TURBd01EQSUzRA%3D%3D&timeout=30
WARNING - Retrying (Retry(total=2, connect=None, read=None, redirect=None, status=None)) after connection broken by 'ProtocolError('Connection aborted.', ConnectionResetError(104, 'Connection reset by peer'))': /azureml/ExperimentRun/dcid.AutoML_455f7169-035c-4771-b85a-932ae7f9b08b_40/outputs/pipeline_graph.json?sv=2019-02-02&sr=b&sig=NF9UnxhZA8oEkPcTdWe8YUQ3nbY71Np0LKJOxOs2zq0%3D&st=2020-10-02T20%3A25%3A36Z&se=2020-10-03T20%3A35%3A36Z&sp=rcw&comp=block&blockid=TURBd01EQXdNREF3TURBd01EQXdNREF3TURBd01EQXdNREF3TURBd01EQSUzRA%3D%3D&timeout=30
StandardScalerWrapper LightGBM                 0:03:08       0.1021    0.0560
        41   MinMaxScaler RandomForest                      0:00:25       0.0605    0.0560
        42   MinMaxScaler RandomForest                      0:00:28       0.0844    0.0560
        43   RobustScaler RandomForest                      0:00:24       0.0613    0.0560
        44   StandardScalerWrapper RandomForest             0:00:23       0.0691    0.0560
        45   MinMaxScaler LightGBM                          0:00:32       0.0505    0.0505
        46   MinMaxScaler LightGBM                          0:00:24       0.0648    0.0505
        47   MinMaxScaler RandomForest                      0:00:24       0.0707    0.0505
        48   RobustScaler RandomForest                      0:00:18       0.0597    0.0505
        49   StandardScalerWrapper ExtremeRandomTrees       0:00:25       0.0945    0.0505
        50   StandardScalerWrapper LightGBM                 0:00:24       0.0727    0.0505
        51   MinMaxScaler ExtremeRandomTrees                0:00:23       0.0902    0.0505
        52   RobustScaler LightGBM                          0:00:24       0.0797    0.0505
        53   StandardScalerWrapper RandomForest             0:00:23       0.0591    0.0505
        54   RobustScaler ExtremeRandomTrees                0:00:33       0.0996    0.0505
        55   StandardScalerWrapper LightGBM                 0:00:26       0.0518    0.0505
        56   MinMaxScaler ExtremeRandomTrees                0:00:25       0.0695    0.0505
        57   RobustScaler DecisionTree                      0:00:21       0.0770    0.0505
        58   RobustScaler ExtremeRandomTrees                0:00:24       0.0771    0.0505
        59   RobustScaler RandomForest                      0:00:23       0.0584    0.0505
        60   MinMaxScaler LightGBM                          0:00:27       0.0518    0.0505
        61   MinMaxScaler ExtremeRandomTrees                0:00:28       0.0853    0.0505
        62   RobustScaler RandomForest                      0:00:23       0.0617    0.0505
        63   RobustScaler RandomForest                      0:00:26       0.0979    0.0505
        64   StandardScalerWrapper ExtremeRandomTrees       0:00:25       0.1042    0.0505
        65   RobustScaler LightGBM                          0:00:25       0.0675    0.0505
        66   RobustScaler LightGBM                          0:00:23       0.0659    0.0505
        67   RobustScaler RandomForest                      0:00:26       0.1110    0.0505
        68   StandardScalerWrapper RandomForest             0:00:23       0.0795    0.0505
        69   MinMaxScaler RandomForest                      0:00:31       0.1044    0.0505
        70   StandardScalerWrapper LightGBM                 0:00:24       0.0805    0.0505
        71   MinMaxScaler ExtremeRandomTrees                0:00:25       0.0887    0.0505
        72   StandardScalerWrapper RandomForest             0:00:24       0.0915    0.0505
        73   StandardScalerWrapper ExtremeRandomTrees       0:00:29       0.1082    0.0505
        74   StandardScalerWrapper ExtremeRandomTrees       0:00:27       0.0841    0.0505
        75   StandardScalerWrapper LightGBM                 0:00:24       0.0855    0.0505
        76   StandardScalerWrapper RandomForest             0:00:30       0.1042    0.0505
        77   MinMaxScaler LightGBM                          0:00:38       0.0512    0.0505
        78   MinMaxScaler ExtremeRandomTrees                0:00:27       0.0607    0.0505
        79   MinMaxScaler ExtremeRandomTrees                0:00:28       0.0801    0.0505
        80   MinMaxScaler LightGBM                          0:00:25       0.1032    0.0505
        81   RobustScaler GradientBoosting                  0:00:25       0.0908    0.0505
        82   StandardScalerWrapper RandomForest             0:00:26       0.0757    0.0505
        83   MinMaxScaler ExtremeRandomTrees                0:00:32       0.0875    0.0505
        84   StandardScalerWrapper RandomForest             0:00:27       0.0716    0.0505
        85   MinMaxScaler LightGBM                          0:00:32       0.0658    0.0505
        86   StandardScalerWrapper RandomForest             0:00:27       0.0796    0.0505
        87   StandardScalerWrapper LightGBM                 0:00:28       0.0701    0.0505
        88   StandardScalerWrapper RandomForest             0:00:30       0.0547    0.0505
        89   WARNING - Retrying (Retry(total=2, connect=None, read=None, redirect=None, status=None)) after connection broken by 'ProtocolError('Connection aborted.', ConnectionResetError(104, 'Connection reset by peer'))': /azureml/ExperimentRun/dcid.AutoML_455f7169-035c-4771-b85a-932ae7f9b08b_89/outputs/env_dependencies.json?sv=2019-02-02&sr=b&sig=Hg158AvPPsRJm%2FzRPGnOrMSk5CN%2FGDY3zCXCaEIo7K8%3D&st=2020-10-02T20%3A50%3A07Z&se=2020-10-03T21%3A00%3A07Z&sp=rcw&comp=block&blockid=TURBd01EQXdNREF3TURBd01EQXdNREF3TURBd01EQXdNREF3TURBd01EQSUzRA%3D%3D&timeout=30
WARNING - Retrying (Retry(total=2, connect=None, read=None, redirect=None, status=None)) after connection broken by 'ProtocolError('Connection aborted.', ConnectionResetError(104, 'Connection reset by peer'))': /azureml/ExperimentRun/dcid.AutoML_455f7169-035c-4771-b85a-932ae7f9b08b_89/outputs/pipeline_graph.json?sv=2019-02-02&sr=b&sig=Rf7WPFXWkVE52BfmHEJ%2BMnU5WwVyqO%2BsX5zLrqCnyXk%3D&st=2020-10-02T20%3A50%3A07Z&se=2020-10-03T21%3A00%3A07Z&sp=rcw&comp=block&blockid=TURBd01EQXdNREF3TURBd01EQXdNREF3TURBd01EQXdNREF3TURBd01EQSUzRA%3D%3D&timeout=30
RobustScaler GradientBoosting                  0:03:03       0.0842    0.0505
        90   MinMaxScaler LightGBM                          0:00:25       0.0656    0.0505
        91   MinMaxScaler RandomForest                      0:00:30       0.0608    0.0505
        92   RobustScaler RandomForest                      0:00:24       0.0717    0.0505
        93   MinMaxScaler LightGBM                          0:00:25       0.0534    0.0505
        94   StandardScalerWrapper ExtremeRandomTrees       0:00:25       0.0688    0.0505
        95   StandardScalerWrapper LightGBM                 0:00:21       0.0988    0.0505
        96   WARNING - Retrying (Retry(total=2, connect=None, read=None, redirect=None, status=None)) after connection broken by 'ProtocolError('Connection aborted.', ConnectionResetError(104, 'Connection reset by peer'))': /azureml/ExperimentRun/dcid.AutoML_455f7169-035c-4771-b85a-932ae7f9b08b_96/outputs/conda_env_v_1_0_0.yml?sv=2019-02-02&sr=b&sig=SXWxzk4NJjcwvLHMv2r9RaRfvYJz8npiyrj8W9V6ogw%3D&st=2020-10-02T20%3A55%3A44Z&se=2020-10-03T21%3A05%3A44Z&sp=rcw&comp=block&blockid=TURBd01EQXdNREF3TURBd01EQXdNREF3TURBd01EQXdNREF3TURBd01EQSUzRA%3D%3D&timeout=30
RobustScaler GradientBoosting                  0:03:12       0.1097    0.0505
        97   StandardScalerWrapper RandomForest             0:00:27       0.0755    0.0505
        98   StandardScalerWrapper ExtremeRandomTrees       0:00:21       0.0793    0.0505
        99   StandardScalerWrapper ExtremeRandomTrees       0:00:30       0.0619    0.0505
       100   MinMaxScaler LightGBM                          0:00:26       0.1093    0.0505
       101   RobustScaler ExtremeRandomTrees                0:00:24       0.0593    0.0505
       102   RobustScaler RandomForest                      0:00:24       0.0562    0.0505
       103   MinMaxScaler ExtremeRandomTrees                0:01:25       0.0630    0.0505
       104   MinMaxScaler RandomForest                      0:00:31       0.0575    0.0505
       105   MinMaxScaler LightGBM                          0:00:28       0.0535    0.0505
       106   StandardScalerWrapper RandomForest             0:00:25       0.0842    0.0505
       107   RobustScaler LightGBM                          0:00:29       0.0952    0.0505
       108   MinMaxScaler RandomForest                      0:00:30       0.0630    0.0505
       109   StandardScalerWrapper RandomForest             0:00:26       0.0754    0.0505
       110   StandardScalerWrapper LightGBM                 0:00:23       0.0712    0.0505
       111   MinMaxScaler ExtremeRandomTrees                0:00:22       0.0728    0.0505
       112   MinMaxScaler ExtremeRandomTrees                0:00:21       0.0904    0.0505
       113   MinMaxScaler ExtremeRandomTrees                0:00:24       0.0619    0.0505
       114   StandardScalerWrapper ExtremeRandomTrees       0:00:28       0.0681    0.0505
       115   RobustScaler LightGBM                          0:00:26       0.0734    0.0505
       116   MinMaxScaler ExtremeRandomTrees                0:00:21       0.0675    0.0505
       117   StandardScalerWrapper ExtremeRandomTrees       0:00:29       0.0681    0.0505
       118   RobustScaler ExtremeRandomTrees                0:00:21       0.0596    0.0505
       119   RobustScaler GradientBoosting                  0:00:23       0.0634    0.0505
       120   RobustScaler LightGBM                          0:00:22       0.0947    0.0505
       121   MinMaxScaler ExtremeRandomTrees                0:00:31       0.0860    0.0505
       122   RobustScaler ExtremeRandomTrees                0:00:27       0.0992    0.0505
       123   RobustScaler LightGBM                          0:00:26       0.1021    0.0505
       124   StandardScalerWrapper ExtremeRandomTrees       0:00:25       0.0661    0.0505
       125   RobustScaler LightGBM                          0:00:19       0.0989    0.0505
       126   StandardScalerWrapper RandomForest             0:00:25       0.0549    0.0505
       127   WARNING - Retrying (Retry(total=2, connect=None, read=None, redirect=None, status=None)) after connection broken by 'ProtocolError('Connection aborted.', ConnectionResetError(104, 'Connection reset by peer'))': /azureml/ExperimentRun/dcid.AutoML_455f7169-035c-4771-b85a-932ae7f9b08b_127/outputs/pipeline_graph.json?sv=2019-02-02&sr=b&sig=8WDeqht1qE17fs65A%2FDGuAuDg6Md95EbZJG0mMK04fk%3D&st=2020-10-02T21%3A12%3A49Z&se=2020-10-03T21%3A22%3A49Z&sp=rcw&comp=block&blockid=TURBd01EQXdNREF3TURBd01EQXdNREF3TURBd01EQXdNREF3TURBd01EQSUzRA%3D%3D&timeout=30
MinMaxScaler ExtremeRandomTrees                0:03:03       0.0704    0.0505
       128   RobustScaler ExtremeRandomTrees                0:00:24       0.0673    0.0505
       129   StandardScalerWrapper RandomForest             0:00:26       0.0842    0.0505
       130   RobustScaler LightGBM                          0:00:18       0.1074    0.0505
       131   MinMaxScaler LightGBM                          0:00:23       0.0856    0.0505
       132   MinMaxScaler RandomForest                      0:01:29       0.0845    0.0505
       133   StandardScalerWrapper ExtremeRandomTrees       0:00:26       0.0733    0.0505
       134   RobustScaler ExtremeRandomTrees                0:00:24       0.0784    0.0505
       135   RobustScaler LightGBM                          0:00:22       0.1059    0.0505
       136   MinMaxScaler ExtremeRandomTrees                0:00:30       0.0798    0.0505
       137   RobustScaler ExtremeRandomTrees                0:00:25       0.0696    0.0505
       138   StandardScalerWrapper ExtremeRandomTrees       0:00:30       0.0716    0.0505
       139   StandardScalerWrapper ExtremeRandomTrees       0:00:30       0.0768    0.0505
       140   MinMaxScaler LightGBM                          0:00:24       0.0905    0.0505
       141   RobustScaler ExtremeRandomTrees                0:00:24       0.0666    0.0505
       142   MinMaxScaler RandomForest                      0:00:24       0.1061    0.0505
       143   MinMaxScaler ExtremeRandomTrees                0:00:24       0.0627    0.0505
       144   MinMaxScaler ExtremeRandomTrees                0:00:23       0.0853    0.0505
       145   StandardScalerWrapper LightGBM                 0:00:23       0.0760    0.0505
       146   MinMaxScaler RandomForest                      0:00:24       0.0924    0.0505
       147   MinMaxScaler RandomForest                      0:00:26       0.0559    0.0505
       148   RobustScaler RandomForest                      0:00:25       0.0597    0.0505
       149   MinMaxScaler RandomForest                      0:00:30       0.0773    0.0505
       150   StandardScalerWrapper LightGBM                 0:00:29       0.0784    0.0505
       151   RobustScaler GradientBoosting                  0:00:25       0.0905    0.0505
       152   MinMaxScaler RandomForest                      0:00:25       0.0918    0.0505
       153   MinMaxScaler ExtremeRandomTrees                0:00:33       0.0541    0.0505
       154   StandardScalerWrapper RandomForest             0:00:26       0.1010    0.0505
       155   StandardScalerWrapper LightGBM                 0:00:23       0.0864    0.0505
       156   MinMaxScaler ExtremeRandomTrees                0:00:23       0.0686    0.0505
       157   RobustScaler ExtremeRandomTrees                0:00:29       0.0706    0.0505
       158   StandardScalerWrapper RandomForest             0:00:24       0.0842    0.0505
       159   StandardScalerWrapper RandomForest             0:00:22       0.0786    0.0505
       160   RobustScaler LightGBM                          0:00:17       0.0962    0.0505
       161   StandardScalerWrapper RandomForest             0:00:19       0.0750    0.0505
       162   MinMaxScaler ExtremeRandomTrees                0:00:24       0.0824    0.0505
       163   MinMaxScaler RandomForest                      0:00:29       0.0597    0.0505
       164   RobustScaler ExtremeRandomTrees                0:00:29       0.0827    0.0505
       165   RobustScaler LightGBM                          0:00:25       0.0615    0.0505
       166   RobustScaler ExtremeRandomTrees                0:00:27       0.0758    0.0505
       167   StandardScalerWrapper ExtremeRandomTrees       0:00:24       0.0664    0.0505
       168   RobustScaler ExtremeRandomTrees                0:00:26       0.0560    0.0505
       169   MinMaxScaler GradientBoosting                  0:00:28       0.0535    0.0505
       170   MinMaxScaler LightGBM                          0:00:23       0.0871    0.0505
       171   MinMaxScaler ExtremeRandomTrees                0:00:24       0.0620    0.0505
       172   WARNING - Retrying (Retry(total=2, connect=None, read=None, redirect=None, status=None)) after connection broken by 'ProtocolError('Connection aborted.', ConnectionResetError(104, 'Connection reset by peer'))': /azureml/ExperimentRun/dcid.AutoML_455f7169-035c-4771-b85a-932ae7f9b08b_172/outputs/internal_cross_validated_models.pkl?sv=2019-02-02&sr=b&sig=jJgg%2FSGlrhLSLbg4qQyj7UKaGSl1e7%2FpnESbWK8OORg%3D&st=2020-10-02T21%3A35%3A44Z&se=2020-10-03T21%3A45%3A44Z&sp=rcw&comp=block&blockid=TURBd01EQXdNREF3TURBd01EQXdNREF3TURBd01EQXdNREF3TURBd01EQSUzRA%3D%3D&timeout=30
StandardScalerWrapper RandomForest             0:00:38       0.0728    0.0505
       173   WARNING - Retrying (Retry(total=2, connect=None, read=None, redirect=None, status=None)) after connection broken by 'ProtocolError('Connection aborted.', ConnectionResetError(104, 'Connection reset by peer'))': /azureml/ExperimentRun/dcid.AutoML_455f7169-035c-4771-b85a-932ae7f9b08b_173/outputs/pipeline_graph.json?sv=2019-02-02&sr=b&sig=gjWdjrsRvd54y6zhJp9YskB%2Byd6QxKBoV48VeFzIxpc%3D&st=2020-10-02T21%3A36%3A21Z&se=2020-10-03T21%3A46%3A21Z&sp=rcw&comp=block&blockid=TURBd01EQXdNREF3TURBd01EQXdNREF3TURBd01EQXdNREF3TURBd01EQSUzRA%3D%3D&timeout=30
WARNING - Retrying (Retry(total=2, connect=None, read=None, redirect=None, status=None)) after connection broken by 'ProtocolError('Connection aborted.', ConnectionResetError(104, 'Connection reset by peer'))': /azureml/ExperimentRun/dcid.AutoML_455f7169-035c-4771-b85a-932ae7f9b08b_173/outputs/conda_env_v_1_0_0.yml?sv=2019-02-02&sr=b&sig=mOO2qNk4inlQc4ufJu1Or8tMsXIqaFXgxLcRcSRERgw%3D&st=2020-10-02T21%3A36%3A21Z&se=2020-10-03T21%3A46%3A21Z&sp=rcw&comp=block&blockid=TURBd01EQXdNREF3TURBd01EQXdNREF3TURBd01EQXdNREF3TURBd01EQSUzRA%3D%3D&timeout=30
MinMaxScaler RandomForest                      0:02:49       0.0774    0.0505
       174   RobustScaler GradientBoosting                  0:00:23       0.0901    0.0505
       175   MinMaxScaler LightGBM                          0:00:29       0.0532    0.0505
       176   RobustScaler RandomForest                      0:00:29       0.0812    0.0505
       177   MinMaxScaler LightGBM                          0:00:29       0.0527    0.0505
       178   MinMaxScaler RandomForest                      0:00:24       0.1024    0.0505
       179   StandardScalerWrapper RandomForest             0:00:27       0.0942    0.0505
       180   WARNING - Retrying (Retry(total=2, connect=None, read=None, redirect=None, status=None)) after connection broken by 'ProtocolError('Connection aborted.', ConnectionResetError(104, 'Connection reset by peer'))': /azureml/ExperimentRun/dcid.AutoML_455f7169-035c-4771-b85a-932ae7f9b08b_180/outputs/conda_env_v_1_0_0.yml?sv=2019-02-02&sr=b&sig=rZoTXzSroqiO8N%2FmyjI4UDMGGhn1OMvHTixuPilplK8%3D&st=2020-10-02T21%3A41%3A55Z&se=2020-10-03T21%3A51%3A55Z&sp=rcw&comp=block&blockid=TURBd01EQXdNREF3TURBd01EQXdNREF3TURBd01EQXdNREF3TURBd01EQSUzRA%3D%3D&timeout=30
MinMaxScaler LightGBM                          0:03:10       0.0854    0.0505
       181   MinMaxScaler ExtremeRandomTrees                0:00:37       0.0693    0.0505
       182   MinMaxScaler RandomForest                      0:00:24       0.0699    0.0505
       183   MinMaxScaler RandomForest                      0:00:25       0.0539    0.0505
       184   MinMaxScaler LightGBM                          0:00:20       0.0513    0.0505
       185   RobustScaler LightGBM                          0:00:23       0.1107    0.0505
       186   MinMaxScaler RandomForest                      0:00:20       0.0686    0.0505
       187   StandardScalerWrapper RandomForest             0:00:24       0.0946    0.0505
       188   RobustScaler ExtremeRandomTrees                0:00:26       0.1019    0.0505
       189   StandardScalerWrapper ExtremeRandomTrees       0:00:26       0.0702    0.0505
       190   StandardScalerWrapper LightGBM                 0:00:23       0.1017    0.0505
       191   StandardScalerWrapper RandomForest             0:00:24       0.0735    0.0505
       192   MinMaxScaler RandomForest                      0:00:23       0.0945    0.0505
       193   RobustScaler ExtremeRandomTrees                0:00:24       0.0562    0.0505
       194   RobustScaler ExtremeRandomTrees                0:00:28       0.0903    0.0505
       195   StandardScalerWrapper LightGBM                 0:00:19       0.1216    0.0505
       196   StandardScalerWrapper ExtremeRandomTrees       0:00:25       0.1008    0.0505
       197   MinMaxScaler GradientBoosting                  0:00:19       0.0796    0.0505
       198   MinMaxScaler RandomForest                      0:00:24       0.0722    0.0505
       199   RobustScaler RandomForest                      0:00:25       0.0765    0.0505
       200   RobustScaler LightGBM                          0:00:22       0.0936    0.0505
       201   StandardScalerWrapper RandomForest             0:00:27       0.0964    0.0505
       202   RobustScaler GradientBoosting                  0:00:24       0.0582    0.0505
       203   MinMaxScaler LightGBM                          0:00:23       0.0647    0.0505
       204   RobustScaler ExtremeRandomTrees                0:00:23       0.0658    0.0505
       205   MinMaxScaler LightGBM                          0:00:22       0.1220    0.0505
       206   MinMaxScaler ExtremeRandomTrees                0:00:19       0.0866    0.0505
       207   RobustScaler RandomForest                      0:00:24       0.0599    0.0505
       208   MinMaxScaler ExtremeRandomTrees                0:00:27       0.0786    0.0505
       209   RobustScaler RandomForest                      0:00:30       0.0597    0.0505
       210   RobustScaler LightGBM                          0:00:25       0.0925    0.0505
       211   StandardScalerWrapper GradientBoosting         0:00:32       0.0818    0.0505
       212   RobustScaler ExtremeRandomTrees                0:00:26       0.0969    0.0505
       213   RobustScaler ExtremeRandomTrees                0:00:25       0.0597    0.0505
       214   MinMaxScaler ExtremeRandomTrees                0:00:30       0.1188    0.0505
       215   StandardScalerWrapper LightGBM                 0:00:18       0.0732    0.0505
       216   MinMaxScaler ExtremeRandomTrees                0:00:25       0.0886    0.0505
       217   MinMaxScaler ExtremeRandomTrees                0:00:19       0.0734    0.0505
       218   StandardScalerWrapper ExtremeRandomTrees       0:00:29       0.0997    0.0505
       219   MinMaxScaler ExtremeRandomTrees                0:00:27       0.0554    0.0505
       220   MinMaxScaler LightGBM                          0:00:33       0.0526    0.0505
       221   RobustScaler RandomForest                      0:00:30       0.0573    0.0505
       222   RobustScaler RandomForest                      0:00:19       0.0585    0.0505
       223   StandardScalerWrapper RandomForest             0:00:25       0.0548    0.0505
       224   StandardScalerWrapper ExtremeRandomTrees       0:00:30       0.0606    0.0505
       225   RobustScaler LightGBM                          0:00:24       0.1003    0.0505
       226   StandardScalerWrapper RandomForest             0:00:25       0.1030    0.0505
       227   WARNING - Received unrecognized parameter ensemble_download_models_timeout_sec
WARNING - Received unrecognized parameter ensemble_download_models_timeout_sec
WARNING - Connection pool is full, discarding connection: automlws9124637538.blob.core.windows.net
WARNING - Connection pool is full, discarding connection: automlws9124637538.blob.core.windows.net
WARNING - Connection pool is full, discarding connection: automlws9124637538.blob.core.windows.net
WARNING - Connection pool is full, discarding connection: automlws9124637538.blob.core.windows.net
WARNING - Connection pool is full, discarding connection: automlws9124637538.blob.core.windows.net
WARNING - Connection pool is full, discarding connection: automlws9124637538.blob.core.windows.net
WARNING - Connection pool is full, discarding connection: automlws9124637538.blob.core.windows.net
WARNING - Connection pool is full, discarding connection: automlws9124637538.blob.core.windows.net
WARNING - Connection pool is full, discarding connection: automlws9124637538.blob.core.windows.net
WARNING - Connection pool is full, discarding connection: automlws9124637538.blob.core.windows.net
WARNING - Connection pool is full, discarding connection: automlws9124637538.blob.core.windows.net
WARNING - Connection pool is full, discarding connection: automlws9124637538.blob.core.windows.net
WARNING - Connection pool is full, discarding connection: automlws9124637538.blob.core.windows.net
WARNING - Connection pool is full, discarding connection: automlws9124637538.blob.core.windows.net
WARNING - Connection pool is full, discarding connection: automlws9124637538.blob.core.windows.net
WARNING - Connection pool is full, discarding connection: automlws9124637538.blob.core.windows.net
WARNING - Connection pool is full, discarding connection: automlws9124637538.blob.core.windows.net
WARNING - Connection pool is full, discarding connection: automlws9124637538.blob.core.windows.net
WARNING - Connection pool is full, discarding connection: automlws9124637538.blob.core.windows.net
WARNING - Connection pool is full, discarding connection: automlws9124637538.blob.core.windows.net
WARNING - Connection pool is full, discarding connection: automlws9124637538.blob.core.windows.net
WARNING - Connection pool is full, discarding connection: automlws9124637538.blob.core.windows.net
WARNING - Connection pool is full, discarding connection: automlws9124637538.blob.core.windows.net
WARNING - Connection pool is full, discarding connection: automlws9124637538.blob.core.windows.net
WARNING - Connection pool is full, discarding connection: automlws9124637538.blob.core.windows.net
WARNING - Connection pool is full, discarding connection: automlws9124637538.blob.core.windows.net
WARNING - Connection pool is full, discarding connection: automlws9124637538.blob.core.windows.net
WARNING - Connection pool is full, discarding connection: automlws9124637538.blob.core.windows.net
WARNING - Connection pool is full, discarding connection: automlws9124637538.blob.core.windows.net
WARNING - Connection pool is full, discarding connection: automlws9124637538.blob.core.windows.net
WARNING - Connection pool is full, discarding connection: automlws9124637538.blob.core.windows.net
WARNING - Connection pool is full, discarding connection: automlws9124637538.blob.core.windows.net
WARNING - Connection pool is full, discarding connection: automlws9124637538.blob.core.windows.net
WARNING - Connection pool is full, discarding connection: automlws9124637538.blob.core.windows.net
WARNING - Connection pool is full, discarding connection: automlws9124637538.blob.core.windows.net
WARNING - Connection pool is full, discarding connection: automlws9124637538.blob.core.windows.net
WARNING - Connection pool is full, discarding connection: automlws9124637538.blob.core.windows.net
WARNING - Connection pool is full, discarding connection: automlws9124637538.blob.core.windows.net
VotingEnsemble                                 0:02:18       0.0503    0.0503
Stopping criteria reached at iteration 228. Ending experiment.
WARNING - Received unrecognized parameter ensemble_download_models_timeout_sec
WARNING - Received unrecognized parameter ensemble_download_models_timeout_sec
WARNING - Received unrecognized parameter ensemble_download_models_timeout_sec
****************************************************************************************************
Current status: BestRunExplainModel. Best run model explanations started
Current status: ModelExplanationDataSetSetup. Model explanations data setup completed
Current status: PickSurrogateModel. Choosing LightGBM as the surrogate model for explanations
Current status: EngineeredFeatureExplanations. Computation of engineered features started
Current status: EngineeredFeatureExplanations. Computation of engineered features completed
Current status: BestRunExplainModel. Best run model explanations completed
****************************************************************************************************
WARNING - Received unrecognized parameter ensemble_download_models_timeout_sec
WARNING - Received unrecognized parameter ensemble_download_models_timeout_sec
WARNING - Received unrecognized parameter ensemble_download_models_timeout_sec
Best pipeline:
<class 'sklearn.ensemble._voting.VotingRegressor'>
0. Pipeline(memory=None,
         steps=[('minmaxscaler', MinMaxScaler(copy=True, feature_range=(0, 1))),
                ('lightgbmregressor',
                 LightGBMRegressor(boosting_type='gbdt', class_weight=None,
                                   colsample_bytree=1, importance_type='split',
                                   learning_rate=0.02106157894736842,
                                   max_bin=255, max_depth=9,
                                   min_child_samples=73, min_child_weight=0.001,
                                   min_split_gain=0.9473684210526315,
                                   n_estimators=600, n_jobs=-1, num_leaves=63,
                                   objective=None, random_state=None,
                                   reg_alpha=1.125,
                                   reg_lambda=0.8999999999999999, silent=True,
                                   subsample=0.7, subsample_for_bin=200000,
                                   subsample_freq=9, verbose=-1))],
         verbose=False)
1. Pipeline(memory=None,
         steps=[('minmaxscaler', MinMaxScaler(copy=True, feature_range=(0, 1))),
                ('lightgbmregressor',
                 LightGBMRegressor(boosting_type='gbdt', class_weight=None,
                                   colsample_bytree=0.8,
                                   importance_type='split',
                                   learning_rate=0.01053578947368421,
                                   max_bin=63, max_depth=9,
                                   min_child_samples=86, min_child_weight=0.001,
                                   min_split_gain=0, n_estimators=600,
                                   n_jobs=-1, num_leaves=511, objective=None,
                                   random_state=None,
                                   reg_alpha=0.6749999999999999,
                                   reg_lambda=0.15, silent=True, subsample=0.1,
                                   subsample_for_bin=200000, subsample_freq=0,
                                   verbose=-1))],
         verbose=False)
2. Pipeline(memory=None,
         steps=[('minmaxscaler', MinMaxScaler(copy=True, feature_range=(0, 1))),
                ('lightgbmregressor',
                 LightGBMRegressor(boosting_type='gbdt', class_weight=None,
                                   colsample_bytree=0.9,
                                   importance_type='split',
                                   learning_rate=0.09474210526315789,
                                   max_bin=63, max_depth=10,
                                   min_child_samples=27, min_child_weight=0.001,
                                   min_split_gain=0.5263157894736842,
                                   n_estimators=100, n_jobs=-1, num_leaves=1023,
                                   objective=None, random_state=None,
                                   reg_alpha=0.525, reg_lambda=0.075,
                                   silent=True, subsample=0.35,
                                   subsample_for_bin=200000, subsample_freq=1,
                                   verbose=-1))],
         verbose=False)
3. Pipeline(memory=None,
         steps=[('standardscalerwrapper',
                 <azureml.automl.runtime.shared.model_wrappers.StandardScalerWrapper object at 0x7fc8de581e50>),
                ('lightgbmregressor',
                 LightGBMRegressor(boosting_type='gbdt', class_weight=None,
                                   colsample_bytree=0.6,
                                   importance_type='split',
                                   learning_rate=0.12631947368421054,
                                   max_bin=255, max_depth=7,
                                   min_child_samples=53, min_child_weight=0.001,
                                   min_split_gain=0.7894736842105263,
                                   n_estimators=200, n_jobs=-1, num_leaves=63,
                                   objective=None, random_state=None,
                                   reg_alpha=1.3499999999999999, reg_lambda=0.6,
                                   silent=True, subsample=0.7,
                                   subsample_for_bin=200000, subsample_freq=3,
                                   verbose=-1))],
         verbose=False)
4. Pipeline(memory=None,
         steps=[('minmaxscaler', MinMaxScaler(copy=True, feature_range=(0, 1))),
                ('lightgbmregressor',
                 LightGBMRegressor(boosting_type='gbdt', class_weight=None,
                                   colsample_bytree=0.4,
                                   importance_type='split',
                                   learning_rate=0.1052678947368421,
                                   max_bin=1023, max_depth=6,
                                   min_child_samples=102,
                                   min_child_weight=0.001, min_split_gain=1,
                                   n_estimators=600, n_jobs=-1, num_leaves=63,
                                   objective=None, random_state=None,
                                   reg_alpha=1.125, reg_lambda=0.15,
                                   silent=True, subsample=0.95,
                                   subsample_for_bin=200000, subsample_freq=4,
                                   verbose=-1))],
         verbose=False)
5. Pipeline(memory=None,
         steps=[('minmaxscaler', MinMaxScaler(copy=True, feature_range=(0, 1))),
                ('lightgbmregressor',
                 LightGBMRegressor(boosting_type='gbdt', class_weight=None,
                                   colsample_bytree=0.30000000000000004,
                                   importance_type='split',
                                   learning_rate=0.06316473684210526,
                                   max_bin=1023, max_depth=7,
                                   min_child_samples=62, min_child_weight=0.001,
                                   min_split_gain=0.2631578947368421,
                                   n_estimators=800, n_jobs=-1, num_leaves=127,
                                   objective=None, random_state=None,
                                   reg_alpha=0.3,
                                   reg_lambda=0.22499999999999998, silent=True,
                                   subsample=0.49999999999999994,
                                   subsample_for_bin=200000, subsample_freq=9,
                                   verbose=-1))],
         verbose=False)
6. Pipeline(memory=None,
         steps=[('minmaxscaler', MinMaxScaler(copy=True, feature_range=(0, 1))),
                ('lightgbmregressor',
                 LightGBMRegressor(boosting_type='gbdt', class_weight=None,
                                   colsample_bytree=0.6,
                                   importance_type='split',
                                   learning_rate=0.15789684210526317,
                                   max_bin=63, max_depth=6,
                                   min_child_samples=32, min_child_weight=0.001,
                                   min_split_gain=0.631578947368421,
                                   n_estimators=400, n_jobs=-1, num_leaves=31,
                                   objective=None, random_state=None,
                                   reg_alpha=0.44999999999999996,
                                   reg_lambda=1.275, silent=True,
                                   subsample=0.85, subsample_for_bin=200000,
                                   subsample_freq=8, verbose=-1))],
         verbose=False)

['quarter', 'month', 'day', 'hour', 'minute', 'am_pm', 'hour12', 'wday', 'qday', 'yday']
  RawFeatureName TypeDetected Dropped  EngineeredFeatureCount  \
0  timestamp      DateTime     No      10                       

                                                                                                                                                                                                      Transformations  
0  [DateTimeTransformer, DateTimeTransformer, DateTimeTransformer, DateTimeTransformer, DateTimeTransformer, DateTimeTransformer, DateTimeTransformer, DateTimeTransformer, DateTimeTransformer, DateTimeTransformer]  
