Running on local machine
Parent Run ID: AutoML_eb238090-8c14-42aa-8980-02f560a99515

Current status: DatasetFeaturization. Beginning to featurize the dataset.
Current status: DatasetFeaturizationCompleted. Completed featurizing the dataset.
Heuristic parameters: Target_Lag = '[0]', Target_Rolling_Window = '0', Max_Horizon = '2'.
WARNING - Converting non-string tag to string: (forecasting_target_lags: [0])
WARNING - Converting non-string tag to string: (forecasting_target_rolling_window_size: 0)
WARNING - Converting non-string tag to string: (forecasting_max_horizon: 2)
Current status: DatasetCrossValidationSplit. Generating individually featurized CV splits.
Current status: DatasetFeaturization. Beginning to featurize the CV split.
Current status: DatasetFeaturizationCompleted. Completed featurizing the CV split.
Current status: DatasetFeaturization. Beginning to featurize the CV split.
Current status: DatasetFeaturizationCompleted. Completed featurizing the CV split.
Current status: DatasetFeaturization. Beginning to featurize the CV split.
Current status: DatasetFeaturizationCompleted. Completed featurizing the CV split.
Current status: DatasetFeaturization. Beginning to featurize the CV split.
Current status: DatasetFeaturizationCompleted. Completed featurizing the CV split.
Current status: DatasetFeaturization. Beginning to featurize the CV split.
Current status: DatasetFeaturizationCompleted. Completed featurizing the CV split.

****************************************************************************************************
DATA GUARDRAILS: 

TYPE:         Frequency detection
STATUS:       PASSED
DESCRIPTION:  The time series was analyzed, all data points are aligned with detected frequency.
              

****************************************************************************************************

TYPE:         Missing feature values imputation
STATUS:       PASSED
DESCRIPTION:  No feature missing values were detected in the training data.
              Learn more about missing value imputation: https://aka.ms/AutomatedMLFeaturization

****************************************************************************************************

TYPE:         Memory Issues Detection
STATUS:       PASSED
DESCRIPTION:  The selected horizon, lag and rolling window values were analyzed, and no potential memory issues were detected.
              Learn more about time-series forecasting configurations: https://aka.ms/AutomatedMLForecastingConfiguration

****************************************************************************************************
Current status: ModelSelection. Beginning model selection.

****************************************************************************************************
ITERATION: The iteration being evaluated.
PIPELINE: A summary description of the pipeline being evaluated.
DURATION: Time taken for the current iteration.
METRIC: The result of computing score on the fitted pipeline.
BEST: The best observed score thus far.
****************************************************************************************************

 ITERATION   PIPELINE                                       DURATION      METRIC      BEST
         0   MaxAbsScaler DecisionTree                      0:00:23       0.0767    0.0767
         1   MinMaxScaler DecisionTree                      0:00:22       0.0700    0.0700
         2   StandardScalerWrapper LassoLars                0:00:22       0.0905    0.0700
         3   RobustScaler ElasticNet                        0:00:21       0.0889    0.0700
         4   StandardScalerWrapper LassoLars                0:00:21       0.0905    0.0700
         5   RobustScaler ElasticNet                        0:00:22       0.0903    0.0700
         6   WARNING - Retrying (Retry(total=2, connect=None, read=None, redirect=None, status=None)) after connection broken by 'ProtocolError('Connection aborted.', ConnectionResetError(104, 'Connection reset by peer'))': /azureml/ExperimentRun/dcid.AutoML_eb238090-8c14-42aa-8980-02f560a99515_6/outputs/env_dependencies.json?sv=2019-02-02&sr=b&sig=iUK%2FA5WQmIUUiKWMOV2GQ4EUMjszV4v5MJIuoODfon4%3D&st=2020-09-18T15%3A56%3A37Z&se=2020-09-19T16%3A06%3A37Z&sp=rcw&comp=block&blockid=TURBd01EQXdNREF3TURBd01EQXdNREF3TURBd01EQXdNREF3TURBd01EQSUzRA%3D%3D&timeout=30
WARNING - Retrying (Retry(total=2, connect=None, read=None, redirect=None, status=None)) after connection broken by 'ProtocolError('Connection aborted.', ConnectionResetError(104, 'Connection reset by peer'))': /azureml/ExperimentRun/dcid.AutoML_eb238090-8c14-42aa-8980-02f560a99515_6/outputs/conda_env_v_1_0_0.yml?sv=2019-02-02&sr=b&sig=YdsUK4e9Q%2FnzHJmsVHY0n6gRqBOfA6NRteJoEpq%2FS78%3D&st=2020-09-18T15%3A56%3A37Z&se=2020-09-19T16%3A06%3A37Z&sp=rcw&comp=block&blockid=TURBd01EQXdNREF3TURBd01EQXdNREF3TURBd01EQXdNREF3TURBd01EQSUzRA%3D%3D&timeout=30
RobustScaler DecisionTree                      0:03:08       0.0396    0.0396
         7   MinMaxScaler DecisionTree                      0:00:26       0.0161    0.0161
         8   WARNING - Retrying (Retry(total=2, connect=None, read=None, redirect=None, status=None)) after connection broken by 'ProtocolError('Connection aborted.', ConnectionResetError(104, 'Connection reset by peer'))': /azureml/ExperimentRun/dcid.AutoML_eb238090-8c14-42aa-8980-02f560a99515_8/outputs/scoring_file_v_1_0_0.py?sv=2019-02-02&sr=b&sig=4aE6uyy3S8p9dfFTjhyyMkWhGyW9veKhf8MgphS99tw%3D&st=2020-09-18T16%3A00%3A12Z&se=2020-09-19T16%3A10%3A12Z&sp=rcw&comp=block&blockid=TURBd01EQXdNREF3TURBd01EQXdNREF3TURBd01EQXdNREF3TURBd01EQSUzRA%3D%3D&timeout=30
RobustScaler DecisionTree                      0:03:04       0.0770    0.0161
         9   MinMaxScaler DecisionTree                      0:00:25       0.0550    0.0161
        10   StandardScalerWrapper DecisionTree             0:00:24       0.0737    0.0161
        11   StandardScalerWrapper DecisionTree             0:00:26       0.0745    0.0161
        12   RobustScaler DecisionTree                      0:00:22       0.0503    0.0161
        13   RobustScaler ElasticNet                        0:00:21       0.1212    0.0161
        14   StandardScalerWrapper DecisionTree             0:00:21       0.0644    0.0161
        15   WARNING - Retrying (Retry(total=2, connect=None, read=None, redirect=None, status=None)) after connection broken by 'ProtocolError('Connection aborted.', ConnectionResetError(104, 'Connection reset by peer'))': /azureml/ExperimentRun/dcid.AutoML_eb238090-8c14-42aa-8980-02f560a99515_15/outputs/env_dependencies.json?sv=2019-02-02&sr=b&sig=rFvQxXwZW8QWO1UX8H%2B5pkmFGmuO0tlQG%2F9pVuJXcoc%3D&st=2020-09-18T16%3A05%3A39Z&se=2020-09-19T16%3A15%3A39Z&sp=rcw&comp=block&blockid=TURBd01EQXdNREF3TURBd01EQXdNREF3TURBd01EQXdNREF3TURBd01EQSUzRA%3D%3D&timeout=30
MinMaxScaler DecisionTree                      0:03:04       0.0306    0.0161
        16   MinMaxScaler DecisionTree                      0:00:18       0.0973    0.0161
        17   RobustScaler DecisionTree                      0:00:21       0.0874    0.0161
        18   RobustScaler DecisionTree                      0:00:23       0.0880    0.0161
        19   StandardScalerWrapper DecisionTree             0:00:21       0.0494    0.0161
        20   StandardScalerWrapper DecisionTree             0:00:21       0.0190    0.0161
        21   WARNING - Retrying (Retry(total=2, connect=None, read=None, redirect=None, status=None)) after connection broken by 'ProtocolError('Connection aborted.', ConnectionResetError(104, 'Connection reset by peer'))': /azureml/ExperimentRun/dcid.AutoML_eb238090-8c14-42aa-8980-02f560a99515_21/outputs/scoring_file_v_1_0_0.py?sv=2019-02-02&sr=b&sig=IXfSMcnV9ox5TlP9EVxXSEDSiarv7z1pI%2BTgNzZjwC0%3D&st=2020-09-18T16%3A10%3A31Z&se=2020-09-19T16%3A20%3A31Z&sp=rcw&comp=block&blockid=TURBd01EQXdNREF3TURBd01EQXdNREF3TURBd01EQXdNREF3TURBd01EQSUzRA%3D%3D&timeout=30
MinMaxScaler DecisionTree                      0:03:04       0.0191    0.0161
        22   StandardScalerWrapper DecisionTree             0:00:22       0.1082    0.0161
        23   MinMaxScaler DecisionTree                      0:00:21       0.0976    0.0161
        24   RobustScaler DecisionTree                      0:00:23       0.0219    0.0161
        25   StandardScalerWrapper DecisionTree             0:00:22       0.1243    0.0161
        26   RobustScaler DecisionTree                      0:00:22       0.0426    0.0161
        27   StandardScalerWrapper RandomForest             0:00:24       0.0891    0.0161
        28   MinMaxScaler DecisionTree                      0:00:19       0.0548    0.0161
        29   RobustScaler DecisionTree                      0:00:22       0.0200    0.0161
        30   StandardScalerWrapper DecisionTree             0:00:22       0.0972    0.0161
        31   StandardScalerWrapper DecisionTree             0:00:22       0.0315    0.0161
        32   StandardScalerWrapper DecisionTree             0:00:33       0.0756    0.0161
        33   StandardScalerWrapper DecisionTree             0:00:22       0.0542    0.0161
        34   MinMaxScaler DecisionTree                      0:00:23       0.0885    0.0161
        35   RobustScaler DecisionTree                      0:00:21       0.1218    0.0161
        36   StandardScalerWrapper ExtremeRandomTrees       0:00:27       0.1244    0.0161
        37   StandardScalerWrapper DecisionTree             0:00:23       0.0498    0.0161
        38   MinMaxScaler DecisionTree                      0:00:21       0.0333    0.0161
        39   MinMaxScaler RandomForest                      0:00:26       0.1002    0.0161
        40   StandardScalerWrapper DecisionTree             0:00:26       0.0696    0.0161
        41   StandardScalerWrapper DecisionTree             0:00:19       0.0288    0.0161
        42   RobustScaler DecisionTree                      0:00:24       0.0204    0.0161
        43   WARNING - Retrying (Retry(total=2, connect=None, read=None, redirect=None, status=None)) after connection broken by 'ProtocolError('Connection aborted.', ConnectionResetError(104, 'Connection reset by peer'))': /azureml/ExperimentRun/dcid.AutoML_eb238090-8c14-42aa-8980-02f560a99515_43/outputs/model.pkl?sv=2019-02-02&sr=b&sig=XV%2FOpdaPEFRpbaETELLxmDifU%2BbbU2pHtt9%2FJSfu1VA%3D&st=2020-09-18T16%3A21%3A51Z&se=2020-09-19T16%3A31%3A51Z&sp=rcw&comp=block&blockid=TURBd01EQXdNREF3TURBd01EQXdNREF3TURBd01EQXdNREF3TURBd01EQSUzRA%3D%3D&timeout=30
WARNING - Retrying (Retry(total=2, connect=None, read=None, redirect=None, status=None)) after connection broken by 'ProtocolError('Connection aborted.', ConnectionResetError(104, 'Connection reset by peer'))': /azureml/ExperimentRun/dcid.AutoML_eb238090-8c14-42aa-8980-02f560a99515_43/outputs/scoring_file_v_1_0_0.py?sv=2019-02-02&sr=b&sig=mUcBe%2FYgjJqn%2F%2FuLbqIQjkNjml%2B%2BQOUvg1e%2FhXBq7UY%3D&st=2020-09-18T16%3A21%3A51Z&se=2020-09-19T16%3A31%3A51Z&sp=rcw&comp=block&blockid=TURBd01EQXdNREF3TURBd01EQXdNREF3TURBd01EQXdNREF3TURBd01EQSUzRA%3D%3D&timeout=30
RobustScaler DecisionTree                      0:03:08       0.0483    0.0161
        44   MinMaxScaler DecisionTree                      0:00:25       0.0994    0.0161
        45   StandardScalerWrapper DecisionTree             0:00:23       0.0684    0.0161
        46   RobustScaler DecisionTree                      0:00:18       0.0310    0.0161
        47   StandardScalerWrapper DecisionTree             0:00:27       0.0422    0.0161
        48   MinMaxScaler DecisionTree                      0:00:25       0.0599    0.0161
        49   MinMaxScaler DecisionTree                      0:00:27       0.0194    0.0161
        50   StandardScalerWrapper DecisionTree             0:00:26       0.1061    0.0161
        51   WARNING - Retrying (Retry(total=2, connect=None, read=None, redirect=None, status=None)) after connection broken by 'ProtocolError('Connection aborted.', ConnectionResetError(104, 'Connection reset by peer'))': /azureml/ExperimentRun/dcid.AutoML_eb238090-8c14-42aa-8980-02f560a99515_51/outputs/pipeline_graph.json?sv=2019-02-02&sr=b&sig=x7AqsRl%2BqCQ3z6HU%2B8axlr%2B2P7N0JMi4aVSDShdm8oo%3D&st=2020-09-18T16%3A27%3A57Z&se=2020-09-19T16%3A37%3A57Z&sp=rcw&comp=block&blockid=TURBd01EQXdNREF3TURBd01EQXdNREF3TURBd01EQXdNREF3TURBd01EQSUzRA%3D%3D&timeout=30
WARNING - Retrying (Retry(total=2, connect=None, read=None, redirect=None, status=None)) after connection broken by 'ProtocolError('Connection aborted.', ConnectionResetError(104, 'Connection reset by peer'))': /azureml/ExperimentRun/dcid.AutoML_eb238090-8c14-42aa-8980-02f560a99515_51/outputs/conda_env_v_1_0_0.yml?sv=2019-02-02&sr=b&sig=ttACKUj7xnwbOVdmUj%2FL%2BUfbaDI6Opeu00312zSpvLM%3D&st=2020-09-18T16%3A27%3A57Z&se=2020-09-19T16%3A37%3A57Z&sp=rcw&comp=block&blockid=TURBd01EQXdNREF3TURBd01EQXdNREF3TURBd01EQXdNREF3TURBd01EQSUzRA%3D%3D&timeout=30
StandardScalerWrapper DecisionTree             0:03:07       0.0375    0.0161
        52   StandardScalerWrapper DecisionTree             0:00:23       0.0687    0.0161
        53   MinMaxScaler DecisionTree                      0:00:23       0.0793    0.0161
        54   RobustScaler RandomForest                      0:00:24       0.1144    0.0161
        55   StandardScalerWrapper DecisionTree             0:00:18       0.0668    0.0161
        56   MinMaxScaler ExtremeRandomTrees                0:00:30       0.0891    0.0161
        57   RobustScaler RandomForest                      0:00:20       0.0589    0.0161
        58   RobustScaler RandomForest                      0:00:26       0.0610    0.0161
        59   WARNING - Retrying (Retry(total=2, connect=None, read=None, redirect=None, status=None)) after connection broken by 'ProtocolError('Connection aborted.', ConnectionResetError(104, 'Connection reset by peer'))': /azureml/ExperimentRun/dcid.AutoML_eb238090-8c14-42aa-8980-02f560a99515_59/outputs/pipeline_graph.json?sv=2019-02-02&sr=b&sig=2TP2EikAP1dch2nhIlyrKhtzjwYve5Z1DUoXybYGrDE%3D&st=2020-09-18T16%3A33%3A51Z&se=2020-09-19T16%3A43%3A51Z&sp=rcw&comp=block&blockid=TURBd01EQXdNREF3TURBd01EQXdNREF3TURBd01EQXdNREF3TURBd01EQSUzRA%3D%3D&timeout=30
WARNING - Retrying (Retry(total=2, connect=None, read=None, redirect=None, status=None)) after connection broken by 'ProtocolError('Connection aborted.', ConnectionResetError(104, 'Connection reset by peer'))': /azureml/ExperimentRun/dcid.AutoML_eb238090-8c14-42aa-8980-02f560a99515_59/outputs/scoring_file_v_1_0_0.py?sv=2019-02-02&sr=b&sig=zqWoLZrGpKaGy846CFocE4OQInfjDTDmFVl562shSTI%3D&st=2020-09-18T16%3A33%3A51Z&se=2020-09-19T16%3A43%3A51Z&sp=rcw&comp=block&blockid=TURBd01EQXdNREF3TURBd01EQXdNREF3TURBd01EQXdNREF3TURBd01EQSUzRA%3D%3D&timeout=30
StandardScalerWrapper RandomForest             0:03:11       0.0254    0.0161
        60   StandardScalerWrapper DecisionTree             0:00:24       0.0478    0.0161
        61   StandardScalerWrapper RandomForest             0:00:21       0.0242    0.0161
        62   WARNING - Retrying (Retry(total=2, connect=None, read=None, redirect=None, status=None)) after connection broken by 'ProtocolError('Connection aborted.', ConnectionResetError(104, 'Connection reset by peer'))': /azureml/ExperimentRun/dcid.AutoML_eb238090-8c14-42aa-8980-02f560a99515_62/outputs/scoring_file_v_1_0_0.py?sv=2019-02-02&sr=b&sig=1LDrx82sEXRyUL93XnXCdPGvWbi1EqHjRZBK1xyV6NY%3D&st=2020-09-18T16%3A37%3A47Z&se=2020-09-19T16%3A47%3A47Z&sp=rcw&comp=block&blockid=TURBd01EQXdNREF3TURBd01EQXdNREF3TURBd01EQXdNREF3TURBd01EQSUzRA%3D%3D&timeout=30
RobustScaler RandomForest                      0:03:10       0.0661    0.0161
        63   StandardScalerWrapper ExtremeRandomTrees       0:00:25       0.0381    0.0161
        64   MinMaxScaler RandomForest                      0:00:25       0.0929    0.0161
        65   StandardScalerWrapper DecisionTree             0:00:18       0.1358    0.0161
        66   RobustScaler RandomForest                      0:00:24       0.0389    0.0161
        67   RobustScaler RandomForest                      0:00:26       0.0925    0.0161
        68   StandardScalerWrapper RandomForest             0:00:26       0.0155    0.0155
        69   MinMaxScaler RandomForest                      0:00:28       0.0889    0.0155
        70   StandardScalerWrapper RandomForest             0:00:31       0.0887    0.0155
        71   StandardScalerWrapper DecisionTree             0:00:26       0.0982    0.0155
        72   StandardScalerWrapper ExtremeRandomTrees       0:00:26       0.1185    0.0155
        73   MinMaxScaler RandomForest                      0:00:26       0.0540    0.0155
        74   MinMaxScaler ExtremeRandomTrees                0:00:28       0.0828    0.0155
        75   RobustScaler RandomForest                      0:00:25       0.1197    0.0155
        76   MinMaxScaler RandomForest                      0:00:31       0.1026    0.0155
        77   RobustScaler RandomForest                      0:00:22       0.0326    0.0155
        78   StandardScalerWrapper RandomForest             0:00:32       0.0169    0.0155
        79   StandardScalerWrapper RandomForest             0:00:26       0.0689    0.0155
        80   MinMaxScaler RandomForest                      0:00:31       0.1159    0.0155
        81   RobustScaler ExtremeRandomTrees                0:00:28       0.0775    0.0155
        82   StandardScalerWrapper DecisionTree             0:00:26       0.0656    0.0155
        83   MinMaxScaler RandomForest                      0:00:30       0.0479    0.0155
        84   WARNING - Retrying (Retry(total=2, connect=None, read=None, redirect=None, status=None)) after connection broken by 'ProtocolError('Connection aborted.', ConnectionResetError(104, 'Connection reset by peer'))': /azureml/ExperimentRun/dcid.AutoML_eb238090-8c14-42aa-8980-02f560a99515_84/outputs/model.pkl?sv=2019-02-02&sr=b&sig=uT8HH9iB1LfKLx%2F%2BhbeagrCtgnlIKa4JMX%2FJGHpbK%2Bc%3D&st=2020-09-18T16%3A50%3A27Z&se=2020-09-19T17%3A00%3A27Z&sp=rcw&comp=block&blockid=TURBd01EQXdNREF3TURBd01EQXdNREF3TURBd01EQXdNREF3TURBd01EQSUzRA%3D%3D&timeout=30
MinMaxScaler RandomForest                      0:02:59       0.0909    0.0155
        85   WARNING - Retrying (Retry(total=2, connect=None, read=None, redirect=None, status=None)) after connection broken by 'ProtocolError('Connection aborted.', ConnectionResetError(104, 'Connection reset by peer'))': /azureml/ExperimentRun/dcid.AutoML_eb238090-8c14-42aa-8980-02f560a99515_85/outputs/env_dependencies.json?sv=2019-02-02&sr=b&sig=ZqVJOOV88bx1oxVAemhRkWk%2FJeGuxXTO5MwnlkMVCeY%3D&st=2020-09-18T16%3A53%3A28Z&se=2020-09-19T17%3A03%3A28Z&sp=rcw&comp=block&blockid=TURBd01EQXdNREF3TURBd01EQXdNREF3TURBd01EQXdNREF3TURBd01EQSUzRA%3D%3D&timeout=30
WARNING - Retrying (Retry(total=2, connect=None, read=None, redirect=None, status=None)) after connection broken by 'ProtocolError('Connection aborted.', ConnectionResetError(104, 'Connection reset by peer'))': /azureml/ExperimentRun/dcid.AutoML_eb238090-8c14-42aa-8980-02f560a99515_85/outputs/pipeline_graph.json?sv=2019-02-02&sr=b&sig=CvTh3esjdELeNaCKGYEpuxUCxlcQ%2FPsHpDLTFaQ%2BiCY%3D&st=2020-09-18T16%3A53%3A28Z&se=2020-09-19T17%3A03%3A28Z&sp=rcw&comp=block&blockid=TURBd01EQXdNREF3TURBd01EQXdNREF3TURBd01EQXdNREF3TURBd01EQSUzRA%3D%3D&timeout=30
WARNING - Retrying (Retry(total=2, connect=None, read=None, redirect=None, status=None)) after connection broken by 'ProtocolError('Connection aborted.', ConnectionResetError(104, 'Connection reset by peer'))': /azureml/ExperimentRun/dcid.AutoML_eb238090-8c14-42aa-8980-02f560a99515_85/outputs/model.pkl?sv=2019-02-02&sr=b&sig=yaYb1JnKJkJDHMcbPruqOGwvxzhQmP0bVEJ1UWKbWVc%3D&st=2020-09-18T16%3A53%3A28Z&se=2020-09-19T17%3A03%3A28Z&sp=rcw&comp=block&blockid=TURBd01EQXdNREF3TURBd01EQXdNREF3TURBd01EQXdNREF3TURBd01EQSUzRA%3D%3D&timeout=30
RobustScaler RandomForest                      0:00:32       0.0242    0.0155
        86   StandardScalerWrapper ExtremeRandomTrees       0:00:27       0.0970    0.0155
        87   VotingEnsemble                                 0:01:25       0.0138    0.0138
Stopping criteria reached at iteration 88. Ending experiment.
****************************************************************************************************
Current status: BestRunExplainModel. Best run model explanations started
Current status: ModelExplanationDataSetSetup. Model explanations data setup completed
Current status: PickSurrogateModel. Choosing LightGBM as the surrogate model for explanations
Current status: EngineeredFeatureExplanations. Computation of engineered features started
Current status: EngineeredFeatureExplanations. Computation of engineered features completed
Current status: BestRunExplainModel. Best run model explanations completed
****************************************************************************************************
Best pipeline:
<class 'sklearn.ensemble._voting.VotingRegressor'>
0. Pipeline(memory=None,
         steps=[('standardscalerwrapper',
                 <azureml.automl.runtime.shared.model_wrappers.StandardScalerWrapper object at 0x7fd34fc30d10>),
                ('randomforestregressor',
                 RandomForestRegressor(bootstrap=False, ccp_alpha=0.0,
                                       criterion='mse', max_depth=None,
                                       max_features=0.7, max_leaf_nodes=None,
                                       max_samples=None,
                                       min_impurity_decrease=0.0,
                                       min_impurity_split=None,
                                       min_samples_leaf=0.001953125,
                                       min_samples_split=0.000753222139758624,
                                       min_weight_fraction_leaf=0.0,
                                       n_estimators=100, n_jobs=-1,
                                       oob_score=False, random_state=None,
                                       verbose=0, warm_start=False))],
         verbose=False)
1. Pipeline(memory=None,
         steps=[('minmaxscaler', MinMaxScaler(copy=True, feature_range=(0, 1))),
                ('decisiontreeregressor',
                 DecisionTreeRegressor(ccp_alpha=0.0, criterion='mse',
                                       max_depth=None, max_features=0.7,
                                       max_leaf_nodes=None,
                                       min_impurity_decrease=0.0,
                                       min_impurity_split=None,
                                       min_samples_leaf=0.001953125,
                                       min_samples_split=0.0012814223889440828,
                                       min_weight_fraction_leaf=0.0,
                                       presort='deprecated', random_state=None,
                                       splitter='best'))],
         verbose=False)
2. Pipeline(memory=None,
         steps=[('standardscalerwrapper',
                 <azureml.automl.runtime.shared.model_wrappers.StandardScalerWrapper object at 0x7fd34fdce690>),
                ('decisiontreeregressor',
                 DecisionTreeRegressor(ccp_alpha=0.0, criterion='friedman_mse',
                                       max_depth=None, max_features=0.6,
                                       max_leaf_nodes=None,
                                       min_impurity_decrease=0.0,
                                       min_impurity_split=None,
                                       min_samples_leaf=0.003851381725578514,
                                       min_samples_split=0.010734188827013528,
                                       min_weight_fraction_leaf=0.0,
                                       presort='deprecated', random_state=None,
                                       splitter='best'))],
         verbose=False)
3. Pipeline(memory=None,
         steps=[('minmaxscaler', MinMaxScaler(copy=True, feature_range=(0, 1))),
                ('decisiontreeregressor',
                 DecisionTreeRegressor(ccp_alpha=0.0, criterion='friedman_mse',
                                       max_depth=None, max_features=0.8,
                                       max_leaf_nodes=None,
                                       min_impurity_decrease=0.0,
                                       min_impurity_split=None,
                                       min_samples_leaf=0.008504540352732381,
                                       min_samples_split=0.02180025323490051,
                                       min_weight_fraction_leaf=0.0,
                                       presort='deprecated', random_state=None,
                                       splitter='best'))],
         verbose=False)
4. Pipeline(memory=None,
         steps=[('minmaxscaler', MinMaxScaler(copy=True, feature_range=(0, 1))),
                ('decisiontreeregressor',
                 DecisionTreeRegressor(ccp_alpha=0.0, criterion='mse',
                                       max_depth=None, max_features=0.8,
                                       max_leaf_nodes=None,
                                       min_impurity_decrease=0.0,
                                       min_impurity_split=None,
                                       min_samples_leaf=0.001953125,
                                       min_samples_split=0.015297321160913582,
                                       min_weight_fraction_leaf=0.0,
                                       presort='deprecated', random_state=None,
                                       splitter='best'))],
         verbose=False)

