Running on local machine
Parent Run ID: AutoML_d6d2d3fa-fc78-4263-b37e-fc38e9ac4f54

Current status: DatasetFeaturization. Beginning to featurize the dataset.
Current status: DatasetFeaturizationCompleted. Completed featurizing the dataset.
Heuristic parameters: Target_Lag = '[0]', Target_Rolling_Window = '0', Max_Horizon = '2'.
WARNING - Converting non-string tag to string: (forecasting_target_lags: [0])
WARNING - Converting non-string tag to string: (forecasting_target_rolling_window_size: 0)
WARNING - Converting non-string tag to string: (forecasting_max_horizon: 2)
Current status: DatasetCrossValidationSplit. Generating individually featurized CV splits.
Current status: DatasetFeaturization. Beginning to featurize the CV split.
Current status: DatasetFeaturizationCompleted. Completed featurizing the CV split.
Current status: DatasetFeaturization. Beginning to featurize the CV split.
Current status: DatasetFeaturizationCompleted. Completed featurizing the CV split.
Current status: DatasetFeaturization. Beginning to featurize the CV split.
Current status: DatasetFeaturizationCompleted. Completed featurizing the CV split.
Current status: DatasetFeaturization. Beginning to featurize the CV split.
Current status: DatasetFeaturizationCompleted. Completed featurizing the CV split.
Current status: DatasetFeaturization. Beginning to featurize the CV split.
Current status: DatasetFeaturizationCompleted. Completed featurizing the CV split.

****************************************************************************************************
DATA GUARDRAILS: 

TYPE:         Frequency detection
STATUS:       PASSED
DESCRIPTION:  The time series was analyzed, all data points are aligned with detected frequency.
              

****************************************************************************************************

TYPE:         Missing feature values imputation
STATUS:       PASSED
DESCRIPTION:  No feature missing values were detected in the training data.
              Learn more about missing value imputation: https://aka.ms/AutomatedMLFeaturization

****************************************************************************************************

TYPE:         Memory Issues Detection
STATUS:       PASSED
DESCRIPTION:  The selected horizon, lag and rolling window values were analyzed, and no potential memory issues were detected.
              Learn more about time-series forecasting configurations: https://aka.ms/AutomatedMLForecastingConfiguration

****************************************************************************************************
Current status: ModelSelection. Beginning model selection.

****************************************************************************************************
ITERATION: The iteration being evaluated.
PIPELINE: A summary description of the pipeline being evaluated.
DURATION: Time taken for the current iteration.
METRIC: The result of computing score on the fitted pipeline.
BEST: The best observed score thus far.
****************************************************************************************************

 ITERATION   PIPELINE                                       DURATION      METRIC      BEST
         0   MaxAbsScaler DecisionTree                      0:00:17       0.0917    0.0917
         1   MinMaxScaler DecisionTree                      0:00:16       0.0853    0.0853
         2   StandardScalerWrapper LassoLars                0:00:21       0.0965    0.0853
         3   RobustScaler ElasticNet                        0:00:21       0.0968    0.0853
         4   StandardScalerWrapper LassoLars                0:00:21       0.0965    0.0853
         5   RobustScaler ElasticNet                        0:00:25       0.0967    0.0853
         6   RobustScaler DecisionTree                      0:00:17       0.0851    0.0851
         7   MinMaxScaler DecisionTree                      0:00:22       0.1047    0.0851
         8   RobustScaler DecisionTree                      0:00:21       0.0974    0.0851
         9   MinMaxScaler DecisionTree                      0:00:21       0.0925    0.0851
        10   StandardScalerWrapper DecisionTree             0:00:16       0.0766    0.0766
        11   StandardScalerWrapper DecisionTree             0:00:22       0.0985    0.0766
        12   RobustScaler DecisionTree                      0:00:21       0.0832    0.0766
        13   RobustScaler ElasticNet                        0:00:17       0.0973    0.0766
        14   StandardScalerWrapper DecisionTree             0:00:22       0.0917    0.0766
        15   MinMaxScaler DecisionTree                      0:00:22       0.1067    0.0766
        16   MinMaxScaler DecisionTree                      0:00:21       0.0913    0.0766
        17   RobustScaler DecisionTree                      0:00:22       0.0953    0.0766
        18   RobustScaler DecisionTree                      0:00:21       0.0858    0.0766
        19   StandardScalerWrapper DecisionTree             0:00:21       0.0956    0.0766
        20   StandardScalerWrapper DecisionTree             0:00:21       0.0817    0.0766
        21   StandardScalerWrapper DecisionTree             0:00:22       0.0958    0.0766
        22   MinMaxScaler DecisionTree                      0:00:23       0.0882    0.0766
        23   MinMaxScaler DecisionTree                      0:00:22       0.0916    0.0766
        24   StandardScalerWrapper ExtremeRandomTrees       0:00:23       0.0994    0.0766
        25   RobustScaler DecisionTree                      0:00:23       0.0958    0.0766
        26   MinMaxScaler LightGBM                          0:00:23       0.0962    0.0766
        27   MinMaxScaler DecisionTree                      0:00:22       0.0935    0.0766
        28   StandardScalerWrapper DecisionTree             0:00:21       0.0927    0.0766
        29   StandardScalerWrapper RandomForest             0:00:23       0.0957    0.0766
        30   RobustScaler DecisionTree                      0:00:22       0.0985    0.0766
        31   MinMaxScaler DecisionTree                      0:00:18       0.0890    0.0766
        32   RobustScaler ExtremeRandomTrees                0:00:25       0.0944    0.0766
        33   StandardScalerWrapper ExtremeRandomTrees       0:00:24       0.0954    0.0766
        34   StandardScalerWrapper ExtremeRandomTrees       0:00:24       0.0932    0.0766
        35   StandardScalerWrapper DecisionTree             0:00:23       0.1028    0.0766
        36   MinMaxScaler ExtremeRandomTrees                0:00:26       0.0952    0.0766
        37   StandardScalerWrapper RandomForest             0:00:24       0.0926    0.0766
        38   RobustScaler RandomForest                      0:00:24       0.0901    0.0766
        39   MinMaxScaler ExtremeRandomTrees                0:00:30       0.0961    0.0766
        40   RobustScaler DecisionTree                      0:00:16       0.0939    0.0766
        41   RobustScaler ExtremeRandomTrees                0:00:28       0.0952    0.0766
        42   RobustScaler RandomForest                      0:00:19       0.0925    0.0766
        43   StandardScalerWrapper ExtremeRandomTrees       0:00:28       0.0955    0.0766
        44   RobustScaler ExtremeRandomTrees                0:00:28       0.0949    0.0766
        45   MinMaxScaler DecisionTree                      0:00:21       0.0933    0.0766
        46   MinMaxScaler DecisionTree                      0:00:22       0.0873    0.0766
        47   MinMaxScaler RandomForest                      0:00:23       0.0908    0.0766
        48   RobustScaler ExtremeRandomTrees                0:00:30       0.0942    0.0766
        49   StandardScalerWrapper ExtremeRandomTrees       0:00:25       0.0956    0.0766
        50   StandardScalerWrapper DecisionTree             0:00:21       0.1040    0.0766
        51   StandardScalerWrapper ExtremeRandomTrees       0:00:24       0.0963    0.0766
        52   MinMaxScaler ExtremeRandomTrees                0:00:30       0.0963    0.0766
        53   StandardScalerWrapper ExtremeRandomTrees       0:00:25       0.0937    0.0766
        54   MinMaxScaler ExtremeRandomTrees                0:00:19       0.0964    0.0766
        55   RobustScaler DecisionTree                      0:00:23       0.0949    0.0766
        56   RobustScaler ExtremeRandomTrees                0:00:24       0.0963    0.0766
        57   MinMaxScaler ExtremeRandomTrees                0:00:18       0.0941    0.0766
        58   RobustScaler ExtremeRandomTrees                0:00:18       0.0963    0.0766
        59   RobustScaler RandomForest                      0:00:23       0.0949    0.0766
        60   StandardScalerWrapper DecisionTree             0:00:17       0.0968    0.0766
        61   RobustScaler RandomForest                      0:00:24       0.0916    0.0766
        62   RobustScaler RandomForest                      0:00:23       0.0901    0.0766
        63   StandardScalerWrapper ExtremeRandomTrees       0:00:29       0.0953    0.0766
        64   StandardScalerWrapper ExtremeRandomTrees       0:00:28       0.0945    0.0766
        65   RobustScaler DecisionTree                      0:00:22       0.0992    0.0766
        66   WARNING - Retrying (Retry(total=2, connect=None, read=None, redirect=None, status=None)) after connection broken by 'ProtocolError('Connection aborted.', ConnectionResetError(104, 'Connection reset by peer'))': /azureml/ExperimentRun/dcid.AutoML_d6d2d3fa-fc78-4263-b37e-fc38e9ac4f54_66/outputs/env_dependencies.json?sv=2019-02-02&sr=b&sig=j%2Fogkbe2SE4dfuhgJl%2FQf6HtRsnjx4bRRkTicLNRNss%3D&st=2020-09-19T09%3A12%3A57Z&se=2020-09-20T09%3A22%3A57Z&sp=rcw&comp=block&blockid=TURBd01EQXdNREF3TURBd01EQXdNREF3TURBd01EQXdNREF3TURBd01EQSUzRA%3D%3D&timeout=30
StandardScalerWrapper RandomForest             0:03:06       0.0951    0.0766
        67   MinMaxScaler RandomForest                      0:00:23       0.0888    0.0766
        68   StandardScalerWrapper ExtremeRandomTrees       0:00:23       0.0954    0.0766
        69   MinMaxScaler ExtremeRandomTrees                0:00:26       0.0946    0.0766
        70   RobustScaler DecisionTree                      0:00:22       0.0978    0.0766
        71   StandardScalerWrapper RandomForest             0:00:25       0.0939    0.0766
        72   StandardScalerWrapper ExtremeRandomTrees       0:00:24       0.0962    0.0766
        73   MinMaxScaler ExtremeRandomTrees                0:00:20       0.0962    0.0766
        74   StandardScalerWrapper ExtremeRandomTrees       0:00:23       0.0954    0.0766
        75   WARNING - Retrying (Retry(total=2, connect=None, read=None, redirect=None, status=None)) after connection broken by 'ProtocolError('Connection aborted.', ConnectionResetError(104, 'Connection reset by peer'))': /azureml/ExperimentRun/dcid.AutoML_d6d2d3fa-fc78-4263-b37e-fc38e9ac4f54_75/outputs/model.pkl?sv=2019-02-02&sr=b&sig=k5rPnDL0EOC22G18RM4V1GNaKyHmf6Xjt1%2BRAUpMFYA%3D&st=2020-09-19T09%3A19%3A12Z&se=2020-09-20T09%3A29%3A12Z&sp=rcw&comp=block&blockid=TURBd01EQXdNREF3TURBd01EQXdNREF3TURBd01EQXdNREF3TURBd01EQSUzRA%3D%3D&timeout=30
WARNING - Retrying (Retry(total=2, connect=None, read=None, redirect=None, status=None)) after connection broken by 'ProtocolError('Connection aborted.', ConnectionResetError(104, 'Connection reset by peer'))': /azureml/ExperimentRun/dcid.AutoML_d6d2d3fa-fc78-4263-b37e-fc38e9ac4f54_75/outputs/pipeline_graph.json?sv=2019-02-02&sr=b&sig=4d%2FBh%2BVaISNKDlya5zwX%2FYr1AEUjx%2FxjXsfZ26r0Q94%3D&st=2020-09-19T09%3A19%3A12Z&se=2020-09-20T09%3A29%3A12Z&sp=rcw&comp=block&blockid=TURBd01EQXdNREF3TURBd01EQXdNREF3TURBd01EQXdNREF3TURBd01EQSUzRA%3D%3D&timeout=30
StandardScalerWrapper DecisionTree             0:03:06       0.0859    0.0766
        76   MinMaxScaler ExtremeRandomTrees                0:00:23       0.0967    0.0766
        77   StandardScalerWrapper ExtremeRandomTrees       0:00:24       0.0964    0.0766
        78   MinMaxScaler RandomForest                      0:00:26       0.0939    0.0766
        79   RobustScaler ExtremeRandomTrees                0:00:24       0.0958    0.0766
        80   MinMaxScaler DecisionTree                      0:00:22       0.0946    0.0766
        81   MinMaxScaler ExtremeRandomTrees                0:00:24       0.0947    0.0766
        82   WARNING - Retrying (Retry(total=2, connect=None, read=None, redirect=None, status=None)) after connection broken by 'ProtocolError('Connection aborted.', ConnectionResetError(104, 'Connection reset by peer'))': /azureml/ExperimentRun/dcid.AutoML_d6d2d3fa-fc78-4263-b37e-fc38e9ac4f54_82/outputs/env_dependencies.json?sv=2019-02-02&sr=b&sig=3%2BOtC4rW7fp3NeCq6f41%2FtKID7qtwJwJZFYh%2BpMAQbc%3D&st=2020-09-19T09%3A24%3A51Z&se=2020-09-20T09%3A34%3A51Z&sp=rcw&comp=block&blockid=TURBd01EQXdNREF3TURBd01EQXdNREF3TURBd01EQXdNREF3TURBd01EQSUzRA%3D%3D&timeout=30
WARNING - Retrying (Retry(total=2, connect=None, read=None, redirect=None, status=None)) after connection broken by 'ProtocolError('Connection aborted.', ConnectionResetError(104, 'Connection reset by peer'))': /azureml/ExperimentRun/dcid.AutoML_d6d2d3fa-fc78-4263-b37e-fc38e9ac4f54_82/outputs/model.pkl?sv=2019-02-02&sr=b&sig=BwkC7o7Me8WEcvjacqqGcYA65A8mWa7s3NTFkcxAUC8%3D&st=2020-09-19T09%3A24%3A51Z&se=2020-09-20T09%3A34%3A51Z&sp=rcw&comp=block&blockid=TURBd01EQXdNREF3TURBd01EQXdNREF3TURBd01EQXdNREF3TURBd01EQSUzRA%3D%3D&timeout=30
MinMaxScaler ExtremeRandomTrees                0:03:09       0.0954    0.0766
        83   StandardScalerWrapper ExtremeRandomTrees       0:00:28       0.0948    0.0766
        84   WARNING - Retrying (Retry(total=2, connect=None, read=None, redirect=None, status=None)) after connection broken by 'ProtocolError('Connection aborted.', ConnectionResetError(104, 'Connection reset by peer'))': /azureml/ExperimentRun/dcid.AutoML_d6d2d3fa-fc78-4263-b37e-fc38e9ac4f54_84/outputs/scoring_file_v_1_0_0.py?sv=2019-02-02&sr=b&sig=fDl02kNO9LF5OhWfd3gNT0swMT6BbHKY9KBiXf9Btak%3D&st=2020-09-19T09%3A28%3A23Z&se=2020-09-20T09%3A38%3A23Z&sp=rcw&comp=block&blockid=TURBd01EQXdNREF3TURBd01EQXdNREF3TURBd01EQXdNREF3TURBd01EQSUzRA%3D%3D&timeout=30
WARNING - Retrying (Retry(total=2, connect=None, read=None, redirect=None, status=None)) after connection broken by 'ProtocolError('Connection aborted.', ConnectionResetError(104, 'Connection reset by peer'))': /azureml/ExperimentRun/dcid.AutoML_d6d2d3fa-fc78-4263-b37e-fc38e9ac4f54_84/outputs/env_dependencies.json?sv=2019-02-02&sr=b&sig=3NWcUryL0k5UjnekzW%2FPkuIHuChXY0%2BZuo4RPd9u9K8%3D&st=2020-09-19T09%3A28%3A23Z&se=2020-09-20T09%3A38%3A23Z&sp=rcw&comp=block&blockid=TURBd01EQXdNREF3TURBd01EQXdNREF3TURBd01EQXdNREF3TURBd01EQSUzRA%3D%3D&timeout=30
RobustScaler ExtremeRandomTrees                0:03:07       0.0969    0.0766
        85   MinMaxScaler DecisionTree                      0:00:22       0.0962    0.0766
        86   MinMaxScaler ExtremeRandomTrees                0:00:25       0.0946    0.0766
        87   RobustScaler ExtremeRandomTrees                0:00:26       0.0956    0.0766
        88   MinMaxScaler RandomForest                      0:00:25       0.0955    0.0766
        89   RobustScaler ExtremeRandomTrees                0:00:26       0.0936    0.0766
        90   RobustScaler DecisionTree                      0:00:22       0.0931    0.0766
        91   RobustScaler ExtremeRandomTrees                0:00:24       0.0957    0.0766
        92   StandardScalerWrapper ExtremeRandomTrees       0:00:29       0.0956    0.0766
        93   StandardScalerWrapper ExtremeRandomTrees       0:00:27       0.0959    0.0766
        94   RobustScaler ExtremeRandomTrees                0:00:25       0.0961    0.0766
        95   StandardScalerWrapper DecisionTree             0:00:17       0.1056    0.0766
        96   MinMaxScaler ExtremeRandomTrees                0:00:18       0.0959    0.0766
        97   RobustScaler ExtremeRandomTrees                0:00:27       0.0961    0.0766
        98   RobustScaler RandomForest                      0:00:24       0.0942    0.0766
        99   StandardScalerWrapper ExtremeRandomTrees       0:00:23       0.0953    0.0766
       100   WARNING - Retrying (Retry(total=2, connect=None, read=None, redirect=None, status=None)) after connection broken by 'ProtocolError('Connection aborted.', ConnectionResetError(104, 'Connection reset by peer'))': /azureml/ExperimentRun/dcid.AutoML_d6d2d3fa-fc78-4263-b37e-fc38e9ac4f54_100/outputs/conda_env_v_1_0_0.yml?sv=2019-02-02&sr=b&sig=ayO8pBmNNXM6s4WKUJNktpCJ6CMJJMB18wTkZmsRkxE%3D&st=2020-09-19T09%3A37%3A40Z&se=2020-09-20T09%3A47%3A40Z&sp=rcw&comp=block&blockid=TURBd01EQXdNREF3TURBd01EQXdNREF3TURBd01EQXdNREF3TURBd01EQSUzRA%3D%3D&timeout=30
RobustScaler DecisionTree                      0:03:06       0.0998    0.0766
       101   StandardScalerWrapper RandomForest             0:00:24       0.0942    0.0766
       102   StandardScalerWrapper ExtremeRandomTrees       0:00:24       0.0959    0.0766
       103   RobustScaler ExtremeRandomTrees                0:00:19       0.0957    0.0766
       104   StandardScalerWrapper ExtremeRandomTrees       0:00:28       0.0953    0.0766
       105   RobustScaler DecisionTree                      0:00:25       0.0963    0.0766
       106   WARNING - Retrying (Retry(total=2, connect=None, read=None, redirect=None, status=None)) after connection broken by 'ProtocolError('Connection aborted.', ConnectionResetError(104, 'Connection reset by peer'))': /azureml/ExperimentRun/dcid.AutoML_d6d2d3fa-fc78-4263-b37e-fc38e9ac4f54_106/outputs/pipeline_graph.json?sv=2019-02-02&sr=b&sig=0WE4PM%2B2Pw0QKQB2rmJ8vtgec%2Fwu%2BbOK969qPK2YhFg%3D&st=2020-09-19T09%3A42%3A52Z&se=2020-09-20T09%3A52%3A52Z&sp=rcw&comp=block&blockid=TURBd01EQXdNREF3TURBd01EQXdNREF3TURBd01EQXdNREF3TURBd01EQSUzRA%3D%3D&timeout=30
WARNING - Retrying (Retry(total=2, connect=None, read=None, redirect=None, status=None)) after connection broken by 'ProtocolError('Connection aborted.', ConnectionResetError(104, 'Connection reset by peer'))': /azureml/ExperimentRun/dcid.AutoML_d6d2d3fa-fc78-4263-b37e-fc38e9ac4f54_106/outputs/conda_env_v_1_0_0.yml?sv=2019-02-02&sr=b&sig=j%2BjYgDlyihsSAcsZj1RmfT8wz6KK7SOdG6ig6fM1uZA%3D&st=2020-09-19T09%3A42%3A51Z&se=2020-09-20T09%3A52%3A51Z&sp=rcw&comp=block&blockid=TURBd01EQXdNREF3TURBd01EQXdNREF3TURBd01EQXdNREF3TURBd01EQSUzRA%3D%3D&timeout=30
StandardScalerWrapper ExtremeRandomTrees       0:03:11       0.0942    0.0766
       107   RobustScaler ExtremeRandomTrees                0:00:24       0.0948    0.0766
       108   MinMaxScaler ExtremeRandomTrees                0:00:34       0.0962    0.0766
       109   RobustScaler RandomForest                      0:00:27       0.0947    0.0766
       110   StandardScalerWrapper DecisionTree             0:00:22       0.0957    0.0766
       111   VotingEnsemble                                 0:02:28       0.0762    0.0762
Stopping criteria reached at iteration 112. Ending experiment.
****************************************************************************************************
Current status: BestRunExplainModel. Best run model explanations started
Current status: ModelExplanationDataSetSetup. Model explanations data setup completed
Current status: PickSurrogateModel. Choosing LightGBM as the surrogate model for explanations
Current status: EngineeredFeatureExplanations. Computation of engineered features started
Current status: EngineeredFeatureExplanations. Computation of engineered features completed
Current status: BestRunExplainModel. Best run model explanations completed
****************************************************************************************************
Best pipeline:
<class 'sklearn.ensemble._voting.VotingRegressor'>
0. Pipeline(memory=None,
         steps=[('standardscalerwrapper',
                 <azureml.automl.runtime.shared.model_wrappers.StandardScalerWrapper object at 0x7f6fa27c3890>),
                ('decisiontreeregressor',
                 DecisionTreeRegressor(ccp_alpha=0.0, criterion='mse',
                                       max_depth=None, max_features=None,
                                       max_leaf_nodes=None,
                                       min_impurity_decrease=0.0,
                                       min_impurity_split=None,
                                       min_samples_leaf=0.006056302831963706,
                                       min_samples_split=0.000630957344480193,
                                       min_weight_fraction_leaf=0.0,
                                       presort='deprecated', random_state=None,
                                       splitter='random'))],
         verbose=False)
1. Pipeline(memory=None,
         steps=[('minmaxscaler', MinMaxScaler(copy=True, feature_range=(0, 1))),
                ('decisiontreeregressor',
                 DecisionTreeRegressor(ccp_alpha=0.0, criterion='mse',
                                       max_depth=None, max_features=0.6,
                                       max_leaf_nodes=None,
                                       min_impurity_decrease=0.0,
                                       min_impurity_split=None,
                                       min_samples_leaf=0.0024492073147059966,
                                       min_samples_split=0.03708777411774474,
                                       min_weight_fraction_leaf=0.0,
                                       presort='deprecated', random_state=None,
                                       splitter='best'))],
         verbose=False)

