Importing plotly failed. Interactive plots will not work.
INFO:fbprophet:Disabling yearly seasonality. Run prophet with yearly_seasonality=True to override this.
Initial log joint probability = -590.359
    Iter      log prob        ||dx||      ||grad||       alpha      alpha0  # evals  Notes 
      99       12447.7      0.149835       1469.83           1           1      118   
    Iter      log prob        ||dx||      ||grad||       alpha      alpha0  # evals  Notes 
     199       12997.5      0.163801       981.057           1           1      232   
    Iter      log prob        ||dx||      ||grad||       alpha      alpha0  # evals  Notes 
     299       13473.1      0.221765       544.173           1           1      338   
    Iter      log prob        ||dx||      ||grad||       alpha      alpha0  # evals  Notes 
     399       13631.2    0.00505552       480.711           1           1      454   
    Iter      log prob        ||dx||      ||grad||       alpha      alpha0  # evals  Notes 
     499       13796.5      0.211373        1123.2           1           1      572   
    Iter      log prob        ||dx||      ||grad||       alpha      alpha0  # evals  Notes 
     599       13971.7     0.0222293       390.627           1           1      686   
    Iter      log prob        ||dx||      ||grad||       alpha      alpha0  # evals  Notes 
     699       14045.5   0.000741452       237.041           1           1      805   
    Iter      log prob        ||dx||      ||grad||       alpha      alpha0  # evals  Notes 
     799       14085.8     0.0273309       426.911       3.881      0.3881      924   
    Iter      log prob        ||dx||      ||grad||       alpha      alpha0  # evals  Notes 
     899       14217.7     0.0504516       852.157           1           1     1037   
    Iter      log prob        ||dx||      ||grad||       alpha      alpha0  # evals  Notes 
     999       14296.5    0.00242385       180.455           1           1     1160   
    Iter      log prob        ||dx||      ||grad||       alpha      alpha0  # evals  Notes 
    1099       14384.4     0.0521757        325.31           1           1     1272   
    Iter      log prob        ||dx||      ||grad||       alpha      alpha0  # evals  Notes 
    1199       14425.6     0.0436549       441.886     0.09119           1     1397   
    Iter      log prob        ||dx||      ||grad||       alpha      alpha0  # evals  Notes 
    1299       14448.6   0.000723641       90.8949      0.3084      0.3084     1523   
    Iter      log prob        ||dx||      ||grad||       alpha      alpha0  # evals  Notes 
    1360       14454.2   0.000135342       138.611   3.048e-07       0.001     1633  LS failed, Hessian reset 
    1399       14458.3    0.00136355       164.144      0.7054      0.7054     1680   
    Iter      log prob        ||dx||      ||grad||       alpha      alpha0  # evals  Notes 
    1499         14488      0.157892       777.278           1           1     1796   
    Iter      log prob        ||dx||      ||grad||       alpha      alpha0  # evals  Notes 
    1599       14587.3     0.0481255       1215.27      0.9536      0.9536     1906   
    Iter      log prob        ||dx||      ||grad||       alpha      alpha0  # evals  Notes 
    1699         14635      0.003001        479.37      0.9017      0.9017     2025   
    Iter      log prob        ||dx||      ||grad||       alpha      alpha0  # evals  Notes 
    1799       14664.1    0.00610785       189.586           1           1     2134   
    Iter      log prob        ||dx||      ||grad||       alpha      alpha0  # evals  Notes 
    1899       14673.9    0.00639864       224.348           1           1     2260   
    Iter      log prob        ||dx||      ||grad||       alpha      alpha0  # evals  Notes 
    1999       14685.2   0.000415005        135.02      0.4475      0.4475     2377   
    Iter      log prob        ||dx||      ||grad||       alpha      alpha0  # evals  Notes 
    2099       14696.3     0.0291509        125.97           1           1     2492   
    Iter      log prob        ||dx||      ||grad||       alpha      alpha0  # evals  Notes 
    2199       14703.4     0.0022585       72.0378      0.6842      0.6842     2612   
    Iter      log prob        ||dx||      ||grad||       alpha      alpha0  # evals  Notes 
    2299       14705.8   0.000286559       85.1767      0.3378           1     2746   
    Iter      log prob        ||dx||      ||grad||       alpha      alpha0  # evals  Notes 
    2346       14705.9   5.56176e-05       111.461   5.821e-07       0.001     2853  LS failed, Hessian reset 
    2371       14705.9   5.35613e-08        70.821     0.05266     0.05266     2885   
Optimization terminated normally: 
  Convergence detected: relative gradient magnitude is below tolerance
