Running on local machine
Parent Run ID: AutoML_ff9b66ab-b40d-4919-8293-f2fed9f6212b

Current status: DatasetFeaturization. Beginning to featurize the dataset.
Current status: DatasetFeaturizationCompleted. Completed featurizing the dataset.
Heuristic parameters: Target_Lag = '[1]', Target_Rolling_Window = '2', Max_Horizon = '2'.
/projappl/project_2003107/anaconda3/envs/azure_automl/lib/python3.7/site-packages/azureml/_restclient/workspace_client.py:380: DeprecationWarning: The 'warn' method is deprecated, use 'warning' instead
  self._logger.warn('Converting non-string tag to string: (%s: %s)', key, val)
WARNING - Converting non-string tag to string: (forecasting_target_lags: [1])
WARNING - Converting non-string tag to string: (forecasting_target_rolling_window_size: 2)
WARNING - Converting non-string tag to string: (forecasting_max_horizon: 2)
Current status: DatasetCrossValidationSplit. Generating individually featurized CV splits.
Current status: DatasetFeaturization. Beginning to featurize the CV split.
/projappl/project_2003107/anaconda3/envs/azure_automl/lib/python3.7/site-packages/azureml/automl/runtime/featurizer/transformer/timeseries/rolling_window.py:260: UserWarning: RollingWindow: "center" is not a configurable window option.
  'a configurable window option.')
/projappl/project_2003107/anaconda3/envs/azure_automl/lib/python3.7/site-packages/azureml/automl/runtime/featurizer/transformer/timeseries/rolling_window.py:260: UserWarning: RollingWindow: "closed" is not a configurable window option.
  'a configurable window option.')
Current status: DatasetFeaturizationCompleted. Completed featurizing the CV split.
Current status: DatasetFeaturization. Beginning to featurize the CV split.
Current status: DatasetFeaturizationCompleted. Completed featurizing the CV split.
Current status: DatasetFeaturization. Beginning to featurize the CV split.
Current status: DatasetFeaturizationCompleted. Completed featurizing the CV split.
Current status: DatasetFeaturization. Beginning to featurize the CV split.
Current status: DatasetFeaturizationCompleted. Completed featurizing the CV split.
Current status: DatasetFeaturization. Beginning to featurize the CV split.
Current status: DatasetFeaturizationCompleted. Completed featurizing the CV split.

****************************************************************************************************
DATA GUARDRAILS: 

TYPE:         Frequency detection
STATUS:       PASSED
DESCRIPTION:  The time series was analyzed, all data points are aligned with detected frequency.
              

****************************************************************************************************

TYPE:         Missing feature values imputation
STATUS:       PASSED
DESCRIPTION:  No feature missing values were detected in the training data.
              Learn more about missing value imputation: https://aka.ms/AutomatedMLFeaturization

****************************************************************************************************

TYPE:         Memory Issues Detection
STATUS:       PASSED
DESCRIPTION:  The selected horizon, lag and rolling window values were analyzed, and no potential memory issues were detected.
              Learn more about time-series forecasting configurations: https://aka.ms/AutomatedMLForecastingConfiguration

****************************************************************************************************
Current status: ModelSelection. Beginning model selection.

****************************************************************************************************
ITERATION: The iteration being evaluated.
PIPELINE: A summary description of the pipeline being evaluated.
DURATION: Time taken for the current iteration.
METRIC: The result of computing score on the fitted pipeline.
BEST: The best observed score thus far.
****************************************************************************************************

 ITERATION   PIPELINE                                       DURATION      METRIC      BEST
/projappl/project_2003107/anaconda3/envs/azure_automl/lib/python3.7/site-packages/azureml/automl/core/_downloader.py:81: DeprecationWarning: time.clock has been deprecated in Python 3.3 and will be removed from Python 3.8: use time.perf_counter or time.process_time instead
  download_start_time = time.clock()
/projappl/project_2003107/anaconda3/envs/azure_automl/lib/python3.7/site-packages/azureml/automl/core/_downloader.py:89: DeprecationWarning: time.clock has been deprecated in Python 3.3 and will be removed from Python 3.8: use time.perf_counter or time.process_time instead
  download_end_time = time.clock()
         0   /projappl/project_2003107/anaconda3/envs/azure_automl/lib/python3.7/site-packages/sklearn/base.py:197: FutureWarning: From version 0.24, get_params will raise an AttributeError if a parameter cannot be retrieved as an instance attribute. Previously it would return None.
  FutureWarning)
MaxAbsScaler DecisionTree                      0:00:23       0.0108    0.0108
         1   MinMaxScaler DecisionTree                      0:00:32       0.0116    0.0108
         2   StandardScalerWrapper LassoLars                0:00:23       0.0077    0.0077
         3   RobustScaler ElasticNet                        0:00:38       0.0075    0.0075
         4   StandardScalerWrapper LassoLars                0:00:23       0.0077    0.0075
         5   RobustScaler ElasticNet                        0:00:35       0.0077    0.0075
         6   RobustScaler DecisionTree                      0:00:22       0.0111    0.0075
         7   MinMaxScaler DecisionTree                      0:00:22       0.0051    0.0051
         8   RobustScaler DecisionTree                      0:00:21       0.0221    0.0051
         9   MinMaxScaler DecisionTree                      0:00:21       0.0094    0.0051
        10   StandardScalerWrapper DecisionTree             0:00:23       0.0051    0.0051
        11   StandardScalerWrapper DecisionTree             0:00:23       0.0047    0.0047
        12   RobustScaler DecisionTree                      0:00:22       0.0064    0.0047
        13   RobustScaler ElasticNet                        0:00:35       0.0111    0.0047
        14   StandardScalerWrapper DecisionTree             0:00:22       0.0076    0.0047
        15   MinMaxScaler DecisionTree                      0:00:22       0.0080    0.0047
        16   MinMaxScaler DecisionTree                      0:00:21       0.0063    0.0047
        17   RobustScaler DecisionTree                      0:00:22       0.0046    0.0046
        18   RobustScaler DecisionTree                      0:00:26       0.0103    0.0046
        19   StandardScalerWrapper DecisionTree             0:00:23       0.0060    0.0046
        20   WARNING - Retrying (Retry(total=2, connect=None, read=None, redirect=None, status=None)) after connection broken by 'ProtocolError('Connection aborted.', ConnectionResetError(104, 'Connection reset by peer'))': /azureml/ExperimentRun/dcid.AutoML_ff9b66ab-b40d-4919-8293-f2fed9f6212b_20/outputs/conda_env_v_1_0_0.yml?sv=2019-02-02&sr=b&sig=9Nst3QKQTjxXqMI6HOGhknUOqLfIABIafKx63aIQN8k%3D&st=2020-09-02T11%3A30%3A05Z&se=2020-09-03T11%3A40%3A05Z&sp=rcw&comp=block&blockid=TURBd01EQXdNREF3TURBd01EQXdNREF3TURBd01EQXdNREF3TURBd01EQSUzRA%3D%3D&timeout=30
WARNING - Retrying (Retry(total=2, connect=None, read=None, redirect=None, status=None)) after connection broken by 'ProtocolError('Connection aborted.', ConnectionResetError(104, 'Connection reset by peer'))': /azureml/ExperimentRun/dcid.AutoML_ff9b66ab-b40d-4919-8293-f2fed9f6212b_20/outputs/env_dependencies.json?sv=2019-02-02&sr=b&sig=1PoVM4ANx4VMaY%2BN8jqneQSboEIdjXg8oVfEWhUQUkY%3D&st=2020-09-02T11%3A30%3A05Z&se=2020-09-03T11%3A40%3A05Z&sp=rcw&comp=block&blockid=TURBd01EQXdNREF3TURBd01EQXdNREF3TURBd01EQXdNREF3TURBd01EQSUzRA%3D%3D&timeout=30
WARNING - Retrying (Retry(total=2, connect=None, read=None, redirect=None, status=None)) after connection broken by 'ProtocolError('Connection aborted.', ConnectionResetError(104, 'Connection reset by peer'))': /azureml/ExperimentRun/dcid.AutoML_ff9b66ab-b40d-4919-8293-f2fed9f6212b_20/outputs/pipeline_graph.json?sv=2019-02-02&sr=b&sig=kvYfo6axarQg0V4ujUkMvsk8IoaCfzEEVb8G0MgVUlI%3D&st=2020-09-02T11%3A30%3A05Z&se=2020-09-03T11%3A40%3A05Z&sp=rcw&comp=block&blockid=TURBd01EQXdNREF3TURBd01EQXdNREF3TURBd01EQXdNREF3TURBd01EQSUzRA%3D%3D&timeout=30
StandardScalerWrapper DecisionTree             0:03:06       0.0105    0.0046
        21   StandardScalerWrapper DecisionTree             0:00:22       0.0075    0.0046
        22   