WARNING - Received unrecognized parameter ensemble_download_models_timeout_sec
Running on local machine
Parent Run ID: AutoML_84c87eaf-491a-46af-a7c5-caf64185a364

Current status: DatasetFeaturization. Beginning to featurize the dataset.
Current status: DatasetFeaturizationCompleted. Completed featurizing the dataset.
Heuristic parameters: Target_Lag = '[0]', Target_Rolling_Window = '0'.
WARNING - Converting non-string tag to string: (forecasting_target_lags: [0])
WARNING - Converting non-string tag to string: (forecasting_target_rolling_window_size: 0)
WARNING - Converting non-string tag to string: (forecasting_max_horizon: 2223)
Current status: DatasetCrossValidationSplit. Generating individually featurized CV splits.
Current status: DatasetFeaturization. Beginning to featurize the CV split.
Current status: DatasetFeaturizationCompleted. Completed featurizing the CV split.
Current status: DatasetFeaturization. Beginning to featurize the CV split.
Current status: DatasetFeaturizationCompleted. Completed featurizing the CV split.
Current status: DatasetFeaturization. Beginning to featurize the CV split.
Current status: DatasetFeaturizationCompleted. Completed featurizing the CV split.
Current status: DatasetFeaturization. Beginning to featurize the CV split.
Current status: DatasetFeaturizationCompleted. Completed featurizing the CV split.
Current status: DatasetFeaturization. Beginning to featurize the CV split.
Current status: DatasetFeaturizationCompleted. Completed featurizing the CV split.

****************************************************************************************************
DATA GUARDRAILS: 

TYPE:         Frequency detection
STATUS:       PASSED
DESCRIPTION:  The time series was analyzed, all data points are aligned with detected frequency.
              

****************************************************************************************************

TYPE:         Missing feature values imputation
STATUS:       PASSED
DESCRIPTION:  No feature missing values were detected in the training data.
              Learn more about missing value imputation: https://aka.ms/AutomatedMLFeaturization

****************************************************************************************************

TYPE:         Memory Issues Detection
STATUS:       PASSED
DESCRIPTION:  The selected horizon, lag and rolling window values were analyzed, and no potential memory issues were detected.
              Learn more about time-series forecasting configurations: https://aka.ms/AutomatedMLForecastingConfiguration

****************************************************************************************************
Current status: ModelSelection. Beginning model selection.

****************************************************************************************************
ITERATION: The iteration being evaluated.
PIPELINE: A summary description of the pipeline being evaluated.
DURATION: Time taken for the current iteration.
METRIC: The result of computing score on the fitted pipeline.
BEST: The best observed score thus far.
****************************************************************************************************

 ITERATION   PIPELINE                                       DURATION      METRIC      BEST
         0   RobustScaler LassoLars                         0:00:17       0.1414    0.1414
         1   RobustScaler DecisionTree                      0:00:38       0.1344    0.1344
         2   StandardScalerWrapper DecisionTree             0:00:18       0.1329    0.1329
         3   RobustScaler DecisionTree                      0:00:22       0.1339    0.1329
         4   StandardScalerWrapper ElasticNet               0:00:22       0.1410    0.1329
         5   MinMaxScaler DecisionTree                      0:00:26       0.1325    0.1325
         6   MinMaxScaler ElasticNet                        0:00:23       0.1413    0.1325
         7   WARNING - Retrying (Retry(total=2, connect=None, read=None, redirect=None, status=None)) after connection broken by 'ProtocolError('Connection aborted.', ConnectionResetError(104, 'Connection reset by peer'))': /azureml/ExperimentRun/dcid.AutoML_84c87eaf-491a-46af-a7c5-caf64185a364_7/outputs/scoring_file_v_1_0_0.py?sv=2019-02-02&sr=b&sig=HxaTSEH22Gv0pAxjPWKmG8WnI4Ug7mjC56HCj49Gy10%3D&st=2021-01-16T06%3A07%3A31Z&se=2021-01-17T06%3A17%3A31Z&sp=rcw&comp=block&blockid=TURBd01EQXdNREF3TURBd01EQXdNREF3TURBd01EQXdNREF3TURBd01EQSUzRA%3D%3D&timeout=30
StandardScalerWrapper DecisionTree             0:00:25       0.1327    0.1325
         8   StandardScalerWrapper DecisionTree             0:00:16       0.1332    0.1325
         9   RobustScaler DecisionTree                      0:00:16       0.1340    0.1325
        10   WARNING - Retrying (Retry(total=2, connect=None, read=None, redirect=None, status=None)) after connection broken by 'ProtocolError('Connection aborted.', ConnectionResetError(104, 'Connection reset by peer'))': /azureml/ExperimentRun/dcid.AutoML_84c87eaf-491a-46af-a7c5-caf64185a364_10/outputs/env_dependencies.json?sv=2019-02-02&sr=b&sig=t7wH8lvQ2QL1oSLSfhEm3RJ78oF8v1LEqljiLputMbA%3D&st=2021-01-16T06%3A08%3A26Z&se=2021-01-17T06%3A18%3A26Z&sp=rcw&comp=block&blockid=TURBd01EQXdNREF3TURBd01EQXdNREF3TURBd01EQXdNREF3TURBd01EQSUzRA%3D%3D&timeout=30
WARNING - Retrying (Retry(total=2, connect=None, read=None, redirect=None, status=None)) after connection broken by 'ProtocolError('Connection aborted.', ConnectionResetError(104, 'Connection reset by peer'))': /azureml/ExperimentRun/dcid.AutoML_84c87eaf-491a-46af-a7c5-caf64185a364_10/outputs/pipeline_graph.json?sv=2019-02-02&sr=b&sig=DQAt4WsOBaGlVAzVhTKiUjHC8kPIyaCdhf2gdQH2L8Q%3D&st=2021-01-16T06%3A08%3A26Z&se=2021-01-17T06%3A18%3A26Z&sp=rcw&comp=block&blockid=TURBd01EQXdNREF3TURBd01EQXdNREF3TURBd01EQXdNREF3TURBd01EQSUzRA%3D%3D&timeout=30
RobustScaler ElasticNet                        0:00:17       0.1414    0.1325
        11   RobustScaler DecisionTree                      0:00:24       0.1331    0.1325
        12   RobustScaler DecisionTree                      0:00:25       0.1335    0.1325
        13   StandardScalerWrapper DecisionTree             0:00:25       0.1334    0.1325
        14   MinMaxScaler DecisionTree                      0:00:16       0.1331    0.1325
        15   WARNING - Retrying (Retry(total=2, connect=None, read=None, redirect=None, status=None)) after connection broken by 'ProtocolError('Connection aborted.', ConnectionResetError(104, 'Connection reset by peer'))': /azureml/ExperimentRun/dcid.AutoML_84c87eaf-491a-46af-a7c5-caf64185a364_15/outputs/model.pkl?sv=2019-02-02&sr=b&sig=5nm6QCH3YHLzbKAoGgXTVxkpu3uG6O0zwvGshA8xy%2F4%3D&st=2021-01-16T06%3A10%3A19Z&se=2021-01-17T06%3A20%3A19Z&sp=rcw&comp=block&blockid=TURBd01EQXdNREF3TURBd01EQXdNREF3TURBd01EQXdNREF3TURBd01EQSUzRA%3D%3D&timeout=30
MinMaxScaler DecisionTree                      0:00:23       0.1349    0.1325
        16   RobustScaler DecisionTree                      0:00:17       0.1332    0.1325
        17   StandardScalerWrapper DecisionTree             0:00:16       0.1329    0.1325
        18   MinMaxScaler DecisionTree                      0:00:23       0.1332    0.1325
        19   StandardScalerWrapper LassoLars                0:00:19       0.1414    0.1325
        20   StandardScalerWrapper DecisionTree             0:00:17       0.1339    0.1325
        21   StandardScalerWrapper RandomForest             0:00:22       0.1349    0.1325
        22   RobustScaler LassoLars                         0:00:16       0.1415    0.1325
        23   RobustScaler GradientBoosting                  0:00:19       0.1314    0.1314
        24   StandardScalerWrapper RandomForest             0:00:19       0.1330    0.1314
        25   MinMaxScaler GradientBoosting                  0:00:18       0.1432    0.1314
        26   RobustScaler RandomForest                      0:00:28       0.1311    0.1311
        27   MinMaxScaler RandomForest                      0:00:18       0.1314    0.1311
        28   StandardScalerWrapper GradientBoosting         0:00:28       0.1335    0.1311
        29   RobustScaler ExtremeRandomTrees                0:00:26       0.1307    0.1307
        30   RobustScaler ExtremeRandomTrees                0:00:26       0.1317    0.1307
        31   MinMaxScaler RandomForest                      0:00:19       0.1312    0.1307
        32   RobustScaler RandomForest                      0:00:25       0.1308    0.1307
        33   MaxAbsScaler RandomForest                      0:00:20       0.1310    0.1307
        34   WARNING - Retrying (Retry(total=2, connect=None, read=None, redirect=None, status=None)) after connection broken by 'ProtocolError('Connection aborted.', ConnectionResetError(104, 'Connection reset by peer'))': /azureml/ExperimentRun/dcid.AutoML_84c87eaf-491a-46af-a7c5-caf64185a364_34/outputs/env_dependencies.json?sv=2019-02-02&sr=b&sig=%2BN7JcAEQXDf2tf7MYWT0ERFGts%2Bmgv6SmfnPK8vFKus%3D&st=2021-01-16T06%3A17%3A23Z&se=2021-01-17T06%3A27%3A23Z&sp=rcw&comp=block&blockid=TURBd01EQXdNREF3TURBd01EQXdNREF3TURBd01EQXdNREF3TURBd01EQSUzRA%3D%3D&timeout=30
StandardScalerWrapper GradientBoosting         0:00:32       0.1349    0.1307
        35   MinMaxScaler ExtremeRandomTrees                0:00:28       0.1309    0.1307
        36   RobustScaler GradientBoosting                  0:00:24       0.1309    0.1307
        37   MaxAbsScaler GradientBoosting                  0:00:26       0.1318    0.1307
        38   StandardScalerWrapper RandomForest             0:00:34       0.1346    0.1307
        39   StandardScalerWrapper GradientBoosting         0:00:23       0.1335    0.1307
        40   MinMaxScaler ExtremeRandomTrees                0:00:23       0.1316    0.1307
        41   RobustScaler RandomForest                      0:00:19       0.1312    0.1307
        42   StandardScalerWrapper GradientBoosting         0:00:17       0.1312    0.1307
        43   MaxAbsScaler RandomForest                      0:00:20       0.1311    0.1307
        44   StandardScalerWrapper RandomForest             0:00:21       0.1312    0.1307
        45   MinMaxScaler ExtremeRandomTrees                0:00:36       0.1326    0.1307
        46   MaxAbsScaler ExtremeRandomTrees                0:00:20       0.1311    0.1307
        47   RobustScaler ExtremeRandomTrees                0:00:45       0.1348    0.1307
        48   MaxAbsScaler GradientBoosting                  0:00:25       0.1337    0.1307
        49   StandardScalerWrapper RandomForest             0:00:46       0.1355    0.1307
        50   RobustScaler ExtremeRandomTrees                0:00:22       0.1326    0.1307
        51   MaxAbsScaler RandomForest                      0:00:25       0.1318    0.1307
        52   MaxAbsScaler RandomForest                      0:00:26       0.1308    0.1307
        53   RobustScaler RandomForest                      0:00:24       0.1346    0.1307
        54   StandardScalerWrapper RandomForest             0:00:30       0.1350    0.1307
        55   RobustScaler ExtremeRandomTrees                0:00:21       0.1312    0.1307
        56   MinMaxScaler DecisionTree                      0:00:17       0.1323    0.1307
        57   RobustScaler DecisionTree                      0:00:22       0.1326    0.1307
        58   RobustScaler GradientBoosting                  0:00:32       0.1313    0.1307
        59   StandardScalerWrapper ElasticNet               0:00:23       0.1414    0.1307
        60   RobustScaler ExtremeRandomTrees                0:00:23       0.1306    0.1306
        61   RobustScaler RandomForest                      0:00:26       0.1323    0.1306
        62   MinMaxScaler GradientBoosting                  0:00:33       0.1307    0.1306
        63   RobustScaler GradientBoosting                  0:00:31       0.1333    0.1306
        64   StandardScalerWrapper GradientBoosting         0:00:25       0.1341    0.1306
        65   SparseNormalizer ExtremeRandomTrees            0:00:22       0.1338    0.1306
        66   RobustScaler GradientBoosting                  0:00:35       0.1312    0.1306
        67   MaxAbsScaler RandomForest                      0:00:20       0.1317    0.1306
        68   RobustScaler RandomForest                      0:00:24       0.1353    0.1306
        69   StandardScalerWrapper RandomForest             0:00:27       0.1348    0.1306
        70   SparseNormalizer ExtremeRandomTrees            0:00:32       0.1313    0.1306
        71   RobustScaler RandomForest                      0:00:27       0.1330    0.1306
        72   MinMaxScaler RandomForest                      0:00:28       0.1351    0.1306
        73   MinMaxScaler ExtremeRandomTrees                0:00:21       0.1348    0.1306
        74   StandardScalerWrapper ExtremeRandomTrees       0:00:18       0.1312    0.1306
        75   StandardScalerWrapper ExtremeRandomTrees       0:00:26       0.1342    0.1306
        76   MinMaxScaler RandomForest                      0:00:19       0.1312    0.1306
        77   StandardScalerWrapper RandomForest             0:00:25       0.1325    0.1306
        78   MaxAbsScaler GradientBoosting                  0:00:33       0.1329    0.1306
        79   WARNING - Retrying (Retry(total=2, connect=None, read=None, redirect=None, status=None)) after connection broken by 'ProtocolError('Connection aborted.', ConnectionResetError(104, 'Connection reset by peer'))': /azureml/ExperimentRun/dcid.AutoML_84c87eaf-491a-46af-a7c5-caf64185a364_79/outputs/conda_env_v_1_0_0.yml?sv=2019-02-02&sr=b&sig=o7biRb6vZncN3yoOs9TBBx%2BoT0cPErvnM1bPuD8Q3Z0%3D&st=2021-01-16T06%3A37%3A22Z&se=2021-01-17T06%3A47%3A22Z&sp=rcw&comp=block&blockid=TURBd01EQXdNREF3TURBd01EQXdNREF3TURBd01EQXdNREF3TURBd01EQSUzRA%3D%3D&timeout=30
MaxAbsScaler RandomForest                      0:00:24       0.1316    0.1306
        80   StandardScalerWrapper ExtremeRandomTrees       0:01:13       0.1342    0.1306
        81   RobustScaler RandomForest                      0:00:35       0.1347    0.1306
        82   StandardScalerWrapper RandomForest             0:00:29       0.1312    0.1306
        83   MaxAbsScaler GradientBoosting                  0:01:21       0.1355    0.1306
        84   MinMaxScaler GradientBoosting                  0:00:33       0.1318    0.1306
        85   MinMaxScaler ExtremeRandomTrees                0:00:21       0.1309    0.1306
        86   StandardScalerWrapper RandomForest             0:00:25       0.1312    0.1306
        87   RobustScaler RandomForest                      0:00:20       0.1309    0.1306
        88   StandardScalerWrapper ElasticNet               0:00:17       0.1414    0.1306
        89   WARNING - Retrying (Retry(total=2, connect=None, read=None, redirect=None, status=None)) after connection broken by 'ProtocolError('Connection aborted.', ConnectionResetError(104, 'Connection reset by peer'))': /azureml/ExperimentRun/dcid.AutoML_84c87eaf-491a-46af-a7c5-caf64185a364_89/outputs/conda_env_v_1_0_0.yml?sv=2019-02-02&sr=b&sig=feOcretn7gvJhUlaKp3GY0iahbZZLMJXEz2FtOyzh1Q%3D&st=2021-01-16T06%3A43%3A22Z&se=2021-01-17T06%3A53%3A22Z&sp=rcw&comp=block&blockid=TURBd01EQXdNREF3TURBd01EQXdNREF3TURBd01EQXdNREF3TURBd01EQSUzRA%3D%3D&timeout=30
StandardScalerWrapper RandomForest             0:00:24       0.1310    0.1306
        90   MinMaxScaler ExtremeRandomTrees                0:00:28       0.1341    0.1306
        91   RobustScaler RandomForest                      0:00:18       0.1311    0.1306
        92   MinMaxScaler RandomForest                      0:00:19       0.1310    0.1306
        93   RobustScaler RandomForest                      0:00:23       0.1313    0.1306
        94   StandardScalerWrapper GradientBoosting         0:00:24       0.1347    0.1306
        95   RobustScaler ExtremeRandomTrees                0:00:30       0.1337    0.1306
        96   MaxAbsScaler RandomForest                      0:00:23       0.1320    0.1306
        97   StandardScalerWrapper ElasticNet               0:00:17       0.1414    0.1306
        98   MinMaxScaler ExtremeRandomTrees                0:00:24       0.1312    0.1306
        99   MinMaxScaler ExtremeRandomTrees                0:00:27       0.1309    0.1306
       100   SparseNormalizer ExtremeRandomTrees            0:00:42       0.1342    0.1306
       101   StandardScalerWrapper RandomForest             0:00:26       0.1311    0.1306
       102   StandardScalerWrapper ExtremeRandomTrees       0:00:29       0.1314    0.1306
       103   WARNING - Retrying (Retry(total=2, connect=None, read=None, redirect=None, status=None)) after connection broken by 'ProtocolError('Connection aborted.', ConnectionResetError(104, 'Connection reset by peer'))': /azureml/ExperimentRun/dcid.AutoML_84c87eaf-491a-46af-a7c5-caf64185a364_103/outputs/scoring_file_v_1_0_0.py?sv=2019-02-02&sr=b&sig=O0%2BINNwrS8iXRui2NSpwHrzKBIx%2BSR7Jt55BAcedr68%3D&st=2021-01-16T06%3A49%3A23Z&se=2021-01-17T06%3A59%3A23Z&sp=rcw&comp=block&blockid=TURBd01EQXdNREF3TURBd01EQXdNREF3TURBd01EQXdNREF3TURBd01EQSUzRA%3D%3D&timeout=30
RobustScaler RandomForest                      0:00:24       0.1310    0.1306
       104   MinMaxScaler GradientBoosting                  0:00:50       0.1336    0.1306
       105   StandardScalerWrapper ExtremeRandomTrees       0:00:23       0.1309    0.1306
       106   