WARNING - Received unrecognized parameter ensemble_download_models_timeout_sec
Running on local machine
Parent Run ID: AutoML_285bc2b9-0bd4-4e33-a98d-696bc5858606

Current status: DatasetFeaturization. Beginning to featurize the dataset.
Current status: DatasetFeaturizationCompleted. Completed featurizing the dataset.
Heuristic parameters: Target_Lag = '[0]', Target_Rolling_Window = '0'.
WARNING - Converting non-string tag to string: (forecasting_target_lags: [0])
WARNING - Converting non-string tag to string: (forecasting_target_rolling_window_size: 0)
WARNING - Converting non-string tag to string: (forecasting_max_horizon: 2223)
Current status: DatasetCrossValidationSplit. Generating individually featurized CV splits.
Current status: DatasetFeaturization. Beginning to featurize the CV split.
Current status: DatasetFeaturizationCompleted. Completed featurizing the CV split.
Current status: DatasetFeaturization. Beginning to featurize the CV split.
Current status: DatasetFeaturizationCompleted. Completed featurizing the CV split.
Current status: DatasetFeaturization. Beginning to featurize the CV split.
Current status: DatasetFeaturizationCompleted. Completed featurizing the CV split.
Current status: DatasetFeaturization. Beginning to featurize the CV split.
Current status: DatasetFeaturizationCompleted. Completed featurizing the CV split.
Current status: DatasetFeaturization. Beginning to featurize the CV split.
Current status: DatasetFeaturizationCompleted. Completed featurizing the CV split.

****************************************************************************************************
DATA GUARDRAILS: 

TYPE:         Frequency detection
STATUS:       PASSED
DESCRIPTION:  The time series was analyzed, all data points are aligned with detected frequency.
              

****************************************************************************************************

TYPE:         Missing feature values imputation
STATUS:       PASSED
DESCRIPTION:  No feature missing values were detected in the training data.
              Learn more about missing value imputation: https://aka.ms/AutomatedMLFeaturization

****************************************************************************************************

TYPE:         Memory Issues Detection
STATUS:       PASSED
DESCRIPTION:  The selected horizon, lag and rolling window values were analyzed, and no potential memory issues were detected.
              Learn more about time-series forecasting configurations: https://aka.ms/AutomatedMLForecastingConfiguration

****************************************************************************************************
Current status: ModelSelection. Beginning model selection.

****************************************************************************************************
ITERATION: The iteration being evaluated.
PIPELINE: A summary description of the pipeline being evaluated.
DURATION: Time taken for the current iteration.
METRIC: The result of computing score on the fitted pipeline.
BEST: The best observed score thus far.
****************************************************************************************************

 ITERATION   PIPELINE                                       DURATION      METRIC      BEST
         0   MaxAbsScaler DecisionTree                      0:00:22       0.1300    0.1300
         1   MinMaxScaler DecisionTree                      0:00:22       0.1304    0.1300
         2   StandardScalerWrapper LassoLars                0:00:21       0.1329    0.1300
         3   RobustScaler ElasticNet                        0:00:22       0.1325    0.1300
         4   StandardScalerWrapper LassoLars                0:00:23       0.1329    0.1300
         5   RobustScaler ElasticNet                        0:00:21       0.1328    0.1300
         6   RobustScaler DecisionTree                      0:00:23       0.1299    0.1299
         7   MinMaxScaler DecisionTree                      0:00:23       0.1379    0.1299
         8   RobustScaler DecisionTree                      0:00:22       0.1295    0.1295
         9   MinMaxScaler DecisionTree                      0:00:16       0.1310    0.1295
        10   StandardScalerWrapper DecisionTree             0:00:22       0.1307    0.1295
        11   StandardScalerWrapper DecisionTree             0:00:22       0.1307    0.1295
        12   RobustScaler DecisionTree                      0:00:22       0.1313    0.1295
        13   RobustScaler ElasticNet                        0:00:25       0.1322    0.1295
        14   StandardScalerWrapper DecisionTree             0:00:22       0.1312    0.1295
        15   MinMaxScaler DecisionTree                      0:00:22       0.1317    0.1295
        16   MinMaxScaler DecisionTree                      0:00:21       0.1301    0.1295
        17   RobustScaler DecisionTree                      0:00:22       0.1311    0.1295
        18   RobustScaler DecisionTree                      0:00:21       0.1297    0.1295
        19   StandardScalerWrapper DecisionTree             0:00:17       0.1320    0.1295
        20   StandardScalerWrapper DecisionTree             0:00:23       0.1328    0.1295
        21   StandardScalerWrapper ExtremeRandomTrees       0:00:25       0.1287    0.1287
        22   MinMaxScaler LightGBM                          0:00:23       0.1285    0.1285
        23   MinMaxScaler DecisionTree                      0:00:23       0.1320    0.1285
        24   MinMaxScaler DecisionTree                      0:00:22       0.1302    0.1285
        25   MinMaxScaler LightGBM                          0:00:22       0.1285    0.1285
        26   StandardScalerWrapper RandomForest             0:00:23       0.1287    0.1285
        27   StandardScalerWrapper ExtremeRandomTrees       0:00:24       0.1285    0.1285
        28   RobustScaler ExtremeRandomTrees                0:00:24       0.1288    0.1285
        29   MinMaxScaler ExtremeRandomTrees                0:00:26       0.1285    0.1285
        30   RobustScaler ExtremeRandomTrees                0:00:23       0.1287    0.1285
        31   StandardScalerWrapper RandomForest             0:00:25       0.1285    0.1285
        32   StandardScalerWrapper ExtremeRandomTrees       0:00:23       0.1287    0.1285
        33   RobustScaler RandomForest                      0:00:28       0.1295    0.1285
        34   StandardScalerWrapper ExtremeRandomTrees       0:00:25       0.1285    0.1285
        35   MinMaxScaler ExtremeRandomTrees                0:00:23       0.1284    0.1284
        36   MinMaxScaler ExtremeRandomTrees                0:00:23       0.1287    0.1284
        37   RobustScaler RandomForest                      0:00:24       0.1294    0.1284
        38   StandardScalerWrapper ExtremeRandomTrees       0:00:25       0.1287    0.1284
        39   MinMaxScaler RandomForest                      0:00:26       0.1288    0.1284
        40   MinMaxScaler ExtremeRandomTrees                0:00:25       0.1286    0.1284
        41   RobustScaler ExtremeRandomTrees                0:00:23       0.1286    0.1284
        42   RobustScaler ExtremeRandomTrees                0:00:23       0.1292    0.1284
        43   RobustScaler ExtremeRandomTrees                0:00:23       0.1287    0.1284
        44   StandardScalerWrapper ExtremeRandomTrees       0:00:27       0.1285    0.1284
        45   RobustScaler ExtremeRandomTrees                0:00:25       0.1284    0.1284
        46   MinMaxScaler ExtremeRandomTrees                0:00:27       0.1286    0.1284
        47   RobustScaler RandomForest                      0:00:24       0.1285    0.1284
        48   RobustScaler ExtremeRandomTrees                0:00:23       0.1285    0.1284
        49   RobustScaler RandomForest                      0:00:23       0.1287    0.1284
        50   RobustScaler ExtremeRandomTrees                0:00:28       0.1286    0.1284
        51   RobustScaler ExtremeRandomTrees                0:00:28       0.1287    0.1284
        52   RobustScaler ExtremeRandomTrees                0:00:24       0.1285    0.1284
        53   WARNING - Retrying (Retry(total=2, connect=None, read=None, redirect=None, status=None)) after connection broken by 'ProtocolError('Connection aborted.', ConnectionResetError(104, 'Connection reset by peer'))': /azureml/ExperimentRun/dcid.AutoML_285bc2b9-0bd4-4e33-a98d-696bc5858606_53/outputs/model.pkl?sv=2019-02-02&sr=b&sig=qQLYgwD3rJF2ZNfNHxXpyHknyIKZuf5DgsAE8pUHJvk%3D&st=2020-10-01T17%3A47%3A08Z&se=2020-10-02T17%3A57%3A08Z&sp=rcw&comp=block&blockid=TURBd01EQXdNREF3TURBd01EQXdNREF3TURBd01EQXdNREF3TURBd01EQSUzRA%3D%3D&timeout=30
StandardScalerWrapper ExtremeRandomTrees       0:03:09       0.1283    0.1283
        54   StandardScalerWrapper ExtremeRandomTrees       0:00:28       0.1287    0.1283
        55   WARNING - Retrying (Retry(total=2, connect=None, read=None, redirect=None, status=None)) after connection broken by 'ProtocolError('Connection aborted.', ConnectionResetError(104, 'Connection reset by peer'))': /azureml/ExperimentRun/dcid.AutoML_285bc2b9-0bd4-4e33-a98d-696bc5858606_55/outputs/conda_env_v_1_0_0.yml?sv=2019-02-02&sr=b&sig=5ucaNt9srPJLrw5E0yTzrXVtnkajIQMtxMa9YZoa%2FOo%3D&st=2020-10-01T17%3A50%3A42Z&se=2020-10-02T18%3A00%3A42Z&sp=rcw&comp=block&blockid=TURBd01EQXdNREF3TURBd01EQXdNREF3TURBd01EQXdNREF3TURBd01EQSUzRA%3D%3D&timeout=30
MinMaxScaler ExtremeRandomTrees                0:03:10       0.1285    0.1283
        56   MinMaxScaler ExtremeRandomTrees                0:00:24       0.1288    0.1283
        57   MinMaxScaler ExtremeRandomTrees                0:00:24       0.1284    0.1283
        58   MinMaxScaler ExtremeRandomTrees                0:00:24       0.1286    0.1283
        59   MinMaxScaler RandomForest                      0:00:26       0.1286    0.1283
        60   MinMaxScaler ExtremeRandomTrees                0:00:25       0.1288    0.1283
        61   RobustScaler RandomForest                      0:00:25       0.1288    0.1283
        62   WARNING - Retrying (Retry(total=2, connect=None, read=None, redirect=None, status=None)) after connection broken by 'ProtocolError('Connection aborted.', ConnectionResetError(104, 'Connection reset by peer'))': /azureml/ExperimentRun/dcid.AutoML_285bc2b9-0bd4-4e33-a98d-696bc5858606_62/outputs/model.pkl?sv=2019-02-02&sr=b&sig=mY35ieKM%2FE%2BjTy7zYbEtjj%2BvihhbZzNr7Cs%2BCUvtB4s%3D&st=2020-10-01T17%3A56%3A25Z&se=2020-10-02T18%3A06%3A25Z&sp=rcw&comp=block&blockid=TURBd01EQXdNREF3TURBd01EQXdNREF3TURBd01EQXdNREF3TURBd01EQSUzRA%3D%3D&timeout=30
StandardScalerWrapper RandomForest             0:03:08       0.1285    0.1283
        63   MinMaxScaler ExtremeRandomTrees                0:00:26       0.1286    0.1283
        64   RobustScaler ExtremeRandomTrees                0:00:25       0.1287    0.1283
        65   RobustScaler ExtremeRandomTrees                0:00:25       0.1285    0.1283
        66   RobustScaler ExtremeRandomTrees                0:00:27       0.1288    0.1283
        67   MinMaxScaler DecisionTree                      0:00:21       0.1297    0.1283
        68   MinMaxScaler ExtremeRandomTrees                0:00:23       0.1285    0.1283
        69   StandardScalerWrapper ExtremeRandomTrees       0:00:24       0.1287    0.1283
        70   StandardScalerWrapper ExtremeRandomTrees       0:00:24       0.1287    0.1283
        71   RobustScaler ExtremeRandomTrees                0:00:27       0.1287    0.1283
        72   StandardScalerWrapper ExtremeRandomTrees       0:00:24       0.1288    0.1283
        73   WARNING - Retrying (Retry(total=2, connect=None, read=None, redirect=None, status=None)) after connection broken by 'ProtocolError('Connection aborted.', ConnectionResetError(104, 'Connection reset by peer'))': /azureml/ExperimentRun/dcid.AutoML_285bc2b9-0bd4-4e33-a98d-696bc5858606_73/outputs/model.pkl?sv=2019-02-02&sr=b&sig=3LXexeL2lKL4xKgM8QdBJ6T5kBCKolVqtcAKk3qPG5Y%3D&st=2020-10-01T18%3A03%3A43Z&se=2020-10-02T18%3A13%3A43Z&sp=rcw&comp=block&blockid=TURBd01EQXdNREF3TURBd01EQXdNREF3TURBd01EQXdNREF3TURBd01EQSUzRA%3D%3D&timeout=30
WARNING - Retrying (Retry(total=2, connect=None, read=None, redirect=None, status=None)) after connection broken by 'ProtocolError('Connection aborted.', ConnectionResetError(104, 'Connection reset by peer'))': /azureml/ExperimentRun/dcid.AutoML_285bc2b9-0bd4-4e33-a98d-696bc5858606_73/outputs/scoring_file_v_1_0_0.py?sv=2019-02-02&sr=b&sig=DQm%2FGRvWgQlk%2FymOSpJi9Vykz7ItfgnrxHRTfudwrJ4%3D&st=2020-10-01T18%3A03%3A43Z&se=2020-10-02T18%3A13%3A43Z&sp=rcw&comp=block&blockid=TURBd01EQXdNREF3TURBd01EQXdNREF3TURBd01EQXdNREF3TURBd01EQSUzRA%3D%3D&timeout=30
StandardScalerWrapper ExtremeRandomTrees       0:03:09       0.1288    0.1283
        74   MinMaxScaler ExtremeRandomTrees                0:00:26       0.1288    0.1283
        75   StandardScalerWrapper ExtremeRandomTrees       0:00:25       0.1286    0.1283
        76   StandardScalerWrapper ExtremeRandomTrees       0:00:29       0.1284    0.1283
        77   StandardScalerWrapper ExtremeRandomTrees       0:00:24       0.1287    0.1283
        78   MinMaxScaler ExtremeRandomTrees                0:00:26       0.1289    0.1283
        79   MinMaxScaler ExtremeRandomTrees                0:00:28       0.1286    0.1283
        80   StandardScalerWrapper ExtremeRandomTrees       0:00:24       0.1296    0.1283
        81   StandardScalerWrapper RandomForest             0:00:29       0.1286    0.1283
        82   RobustScaler RandomForest                      0:00:26       0.1286    0.1283
        83   StandardScalerWrapper ExtremeRandomTrees       0:00:24       0.1287    0.1283
        84   RobustScaler ExtremeRandomTrees                0:00:26       0.1285    0.1283
        85   RobustScaler ExtremeRandomTrees                0:00:26       0.1286    0.1283
        86   RobustScaler RandomForest                      0:00:26       0.1287    0.1283
        87   RobustScaler GradientBoosting                  0:00:25       0.1287    0.1283
        88   StandardScalerWrapper RandomForest             0:00:27       0.1286    0.1283
        89   StandardScalerWrapper ExtremeRandomTrees       0:00:29       0.1285    0.1283
        90   MinMaxScaler ExtremeRandomTrees                0:00:26       0.1284    0.1283
        91   MinMaxScaler RandomForest                      0:00:24       0.1284    0.1283
        92   RobustScaler ExtremeRandomTrees                0:00:28       0.1287    0.1283
        93   MinMaxScaler ExtremeRandomTrees                0:00:23       0.1286    0.1283
        94   StandardScalerWrapper RandomForest             0:00:24       0.1290    0.1283
        95   StandardScalerWrapper ExtremeRandomTrees       0:00:24       0.1288    0.1283
        96   StandardScalerWrapper ExtremeRandomTrees       0:00:25       0.1287    0.1283
        97   StandardScalerWrapper RandomForest             0:00:24       0.1285    0.1283
        98   StandardScalerWrapper GradientBoosting         0:00:24       0.1284    0.1283
        99   RobustScaler RandomForest                      0:00:24       0.1287    0.1283
       100   StandardScalerWrapper ExtremeRandomTrees       0:00:23       0.1285    0.1283
       101   RobustScaler RandomForest                      0:00:25       0.1286    0.1283
       102   MinMaxScaler RandomForest                      0:00:28       0.1286    0.1283
       103   RobustScaler ExtremeRandomTrees                0:00:27       0.1286    0.1283
       104   StandardScalerWrapper ExtremeRandomTrees       0:00:19       0.1286    0.1283
       105   MinMaxScaler ExtremeRandomTrees                0:00:25       0.1288    0.1283
       106   StandardScalerWrapper ExtremeRandomTrees       0:00:24       0.1287    0.1283
       107   StandardScalerWrapper ExtremeRandomTrees       0:00:26       0.1284    0.1283
       108   WARNING - Retrying (Retry(total=2, connect=None, read=None, redirect=None, status=None)) after connection broken by 'ProtocolError('Connection aborted.', ConnectionResetError(104, 'Connection reset by peer'))': /azureml/ExperimentRun/dcid.AutoML_285bc2b9-0bd4-4e33-a98d-696bc5858606_108/outputs/model.pkl?sv=2019-02-02&sr=b&sig=9vVpsRtBxvbvHBQkm0H0NKAaTj91D%2FYNflf9XH5ztUE%3D&st=2020-10-01T18%3A21%3A40Z&se=2020-10-02T18%3A31%3A40Z&sp=rcw&comp=block&blockid=TURBd01EQXdNREF3TURBd01EQXdNREF3TURBd01EQXdNREF3TURBd01EQSUzRA%3D%3D&timeout=30
RobustScaler ExtremeRandomTrees                0:03:06       0.1288    0.1283
       109   MinMaxScaler ExtremeRandomTrees                0:00:25       0.1286    0.1283
       110   StandardScalerWrapper ExtremeRandomTrees       0:00:29       0.1287    0.1283
       111   StandardScalerWrapper RandomForest             0:00:20       0.1285    0.1283
       112   MinMaxScaler ExtremeRandomTrees                0:00:25       0.1287    0.1283
       113   StandardScalerWrapper ExtremeRandomTrees       0:00:26       0.1286    0.1283
       114   StandardScalerWrapper ExtremeRandomTrees       0:00:25       0.1284    0.1283
       115   MinMaxScaler ExtremeRandomTrees                0:00:27       0.1287    0.1283
       116   RobustScaler ExtremeRandomTrees                0:00:21       0.1285    0.1283
       117   StandardScalerWrapper ExtremeRandomTrees       0:00:27       0.1289    0.1283
       118   StandardScalerWrapper ExtremeRandomTrees       0:00:25       0.1286    0.1283
       119   MinMaxScaler ExtremeRandomTrees                0:00:29       0.1285    0.1283
       120   MinMaxScaler ExtremeRandomTrees                0:00:26       0.1291    0.1283
       121   MinMaxScaler RandomForest                      0:00:30       0.1286    0.1283
       122   RobustScaler ExtremeRandomTrees                0:00:33       0.1285    0.1283
       123   StandardScalerWrapper ExtremeRandomTrees       0:00:26       0.1287    0.1283
       124   RobustScaler LightGBM                          0:00:27       0.1287    0.1283
       125   StandardScalerWrapper ExtremeRandomTrees       0:00:27       0.1288    0.1283
       126   RobustScaler RandomForest                      0:00:25       0.1286    0.1283
       127   RobustScaler ExtremeRandomTrees                0:00:24       0.1286    0.1283
       128   StandardScalerWrapper RandomForest             0:00:26       0.1285    0.1283
       129   StandardScalerWrapper ExtremeRandomTrees       0:00:24       0.1285    0.1283
       130   RobustScaler ExtremeRandomTrees                0:00:30       0.1285    0.1283
       131   MinMaxScaler RandomForest                      0:00:24       0.1285    0.1283
       132   RobustScaler ExtremeRandomTrees                0:00:21       0.1286    0.1283
       133   StandardScalerWrapper GradientBoosting         0:00:25       0.1290    0.1283
       134   StandardScalerWrapper ExtremeRandomTrees       0:00:36       0.1286    0.1283
       135   MinMaxScaler ExtremeRandomTrees                0:00:20       0.1287    0.1283
       136   StandardScalerWrapper ExtremeRandomTrees       0:00:25       0.1286    0.1283
       137   MinMaxScaler ExtremeRandomTrees                0:00:25       0.1286    0.1283
       138   RobustScaler ExtremeRandomTrees                0:00:28       0.1287    0.1283
       139   WARNING - Retrying (Retry(total=2, connect=None, read=None, redirect=None, status=None)) after connection broken by 'ProtocolError('Connection aborted.', ConnectionResetError(104, 'Connection reset by peer'))': /azureml/ExperimentRun/dcid.AutoML_285bc2b9-0bd4-4e33-a98d-696bc5858606_139/outputs/env_dependencies.json?sv=2019-02-02&sr=b&sig=sz7ibpWGu4PL9I2JJIVqV2D%2Fp3nFbI8wj2v7TWV5oPQ%3D&st=2020-10-01T18%3A37%3A56Z&se=2020-10-02T18%3A47%3A56Z&sp=rcw&comp=block&blockid=TURBd01EQXdNREF3TURBd01EQXdNREF3TURBd01EQXdNREF3TURBd01EQSUzRA%3D%3D&timeout=30
StandardScalerWrapper RandomForest             0:03:10       0.1285    0.1283
       140   StandardScalerWrapper ExtremeRandomTrees       0:00:24       0.1284    0.1283
       141   StandardScalerWrapper ExtremeRandomTrees       0:00:30       0.1288    0.1283
       142   MinMaxScaler ExtremeRandomTrees                0:00:25       0.1285    0.1283
       143   RobustScaler ExtremeRandomTrees                0:00:32       0.1286    0.1283
       144   RobustScaler ExtremeRandomTrees                0:00:26       0.1287    0.1283
       145   StandardScalerWrapper ExtremeRandomTrees       0:00:25       0.1285    0.1283
       146   WARNING - Retrying (Retry(total=2, connect=None, read=None, redirect=None, status=None)) after connection broken by 'ProtocolError('Connection aborted.', ConnectionResetError(104, 'Connection reset by peer'))': /azureml/ExperimentRun/dcid.AutoML_285bc2b9-0bd4-4e33-a98d-696bc5858606_146/outputs/env_dependencies.json?sv=2019-02-02&sr=b&sig=owY0GgH8Uxfia7bE7otb3M6LEnHssgFu6yF7L8zKM6o%3D&st=2020-10-01T18%3A43%3A59Z&se=2020-10-02T18%3A53%3A59Z&sp=rcw&comp=block&blockid=TURBd01EQXdNREF3TURBd01EQXdNREF3TURBd01EQXdNREF3TURBd01EQSUzRA%3D%3D&timeout=30
MinMaxScaler RandomForest                      0:03:07       0.1284    0.1283
       147   MinMaxScaler ExtremeRandomTrees                0:00:26       0.1286    0.1283
       148   StandardScalerWrapper ExtremeRandomTrees       0:00:29       0.1286    0.1283
       149   RobustScaler RandomForest                      0:00:32       0.1287    0.1283
       150   StandardScalerWrapper ExtremeRandomTrees       0:00:23       0.1286    0.1283
       151   MinMaxScaler ExtremeRandomTrees                0:00:27       0.1288    0.1283
       152   StandardScalerWrapper ExtremeRandomTrees       0:00:24       0.1287    0.1283
       153   RobustScaler ExtremeRandomTrees                0:00:28       0.1287    0.1283
       154   MinMaxScaler RandomForest                      0:00:24       0.1288    0.1283
       155   RobustScaler ExtremeRandomTrees                0:00:31       0.1288    0.1283
       156   StandardScalerWrapper RandomForest             0:00:28       0.1290    0.1283
       157   StandardScalerWrapper DecisionTree             0:00:23       0.1295    0.1283
       158   StandardScalerWrapper ExtremeRandomTrees       0:00:28       0.1288    0.1283
       159   StandardScalerWrapper ExtremeRandomTrees       0:00:31       0.1287    0.1283
       160   MinMaxScaler ExtremeRandomTrees                0:00:20       0.1285    0.1283
       161   StandardScalerWrapper ExtremeRandomTrees       0:00:28       0.1285    0.1283
       162   StandardScalerWrapper RandomForest             0:00:24       0.1285    0.1283
       163   StandardScalerWrapper ExtremeRandomTrees       0:00:31       0.1285    0.1283
       164   StandardScalerWrapper RandomForest             0:00:29       0.1287    0.1283
       165   MinMaxScaler ExtremeRandomTrees                0:00:25       0.1290    0.1283
       166   RobustScaler ExtremeRandomTrees                0:00:25       0.1288    0.1283
       167   StandardScalerWrapper ExtremeRandomTrees       0:00:30       0.1288    0.1283
       168   StandardScalerWrapper ExtremeRandomTrees       0:00:30       0.1286    0.1283
       169   StandardScalerWrapper RandomForest             0:00:28       0.1286    0.1283
       170   StandardScalerWrapper ExtremeRandomTrees       0:00:32       0.1284    0.1283
       171   RobustScaler RandomForest                      0:00:29       0.1284    0.1283
       172   RobustScaler ExtremeRandomTrees                0:00:24       0.1284    0.1283
       173   MinMaxScaler ExtremeRandomTrees                0:00:26       0.1285    0.1283
       174   WARNING - Retrying (Retry(total=2, connect=None, read=None, redirect=None, status=None)) after connection broken by 'ProtocolError('Connection aborted.', ConnectionResetError(104, 'Connection reset by peer'))': /azureml/ExperimentRun/dcid.AutoML_285bc2b9-0bd4-4e33-a98d-696bc5858606_174/outputs/model.pkl?sv=2019-02-02&sr=b&sig=WtqeHkqbWT6rGcx5zajDcRxyahS5ZWqDGPTw5BU7n9Q%3D&st=2020-10-01T18%3A59%3A33Z&se=2020-10-02T19%3A09%3A33Z&sp=rcw&comp=block&blockid=TURBd01EQXdNREF3TURBd01EQXdNREF3TURBd01EQXdNREF3TURBd01EQSUzRA%3D%3D&timeout=30
WARNING - Retrying (Retry(total=2, connect=None, read=None, redirect=None, status=None)) after connection broken by 'ProtocolError('Connection aborted.', ConnectionResetError(104, 'Connection reset by peer'))': /azureml/ExperimentRun/dcid.AutoML_285bc2b9-0bd4-4e33-a98d-696bc5858606_174/outputs/pipeline_graph.json?sv=2019-02-02&sr=b&sig=ATFpTfGnrh6snj8apqhbxiV142pa08XiBN7qJOykqZE%3D&st=2020-10-01T18%3A59%3A33Z&se=2020-10-02T19%3A09%3A33Z&sp=rcw&comp=block&blockid=TURBd01EQXdNREF3TURBd01EQXdNREF3TURBd01EQXdNREF3TURBd01EQSUzRA%3D%3D&timeout=30
RobustScaler ExtremeRandomTrees                0:03:07       0.1284    0.1283
       175   MinMaxScaler ExtremeRandomTrees                0:00:22       0.1286    0.1283
       176   RobustScaler ExtremeRandomTrees                0:00:26       0.1283    0.1283
       177   RobustScaler ExtremeRandomTrees                0:00:27       0.1287    0.1283
       178   MinMaxScaler ExtremeRandomTrees                0:00:26       0.1288    0.1283
       179   MinMaxScaler RandomForest                      0:00:25       0.1288    0.1283
       180   RobustScaler ExtremeRandomTrees                0:00:24       0.1286    0.1283
       181   MinMaxScaler LightGBM                          0:00:26       0.1288    0.1283
       182   RobustScaler ExtremeRandomTrees                0:00:28       0.1286    0.1283
       183   StandardScalerWrapper ExtremeRandomTrees       0:00:29       0.1286    0.1283
       184   StandardScalerWrapper ExtremeRandomTrees       0:00:28       0.1286    0.1283
       185   MinMaxScaler ExtremeRandomTrees                0:00:22       0.1288    0.1283
       186   StandardScalerWrapper ExtremeRandomTrees       0:00:32       0.1287    0.1283
       187   StandardScalerWrapper ExtremeRandomTrees       0:00:24       0.1287    0.1283
       188   MinMaxScaler ExtremeRandomTrees                0:00:32       0.1284    0.1283
       189   MinMaxScaler ExtremeRandomTrees                0:00:34       0.1286    0.1283
       190   RobustScaler ExtremeRandomTrees                0:00:28       0.1287    0.1283
       191   RobustScaler RandomForest                      0:00:26       0.1287    0.1283
       192   MinMaxScaler ExtremeRandomTrees                0:00:21       0.1286    0.1283
       193   MinMaxScaler RandomForest                      0:00:28       0.1290    0.1283
       194   RobustScaler RandomForest                      0:00:24       0.1288    0.1283
       195   StandardScalerWrapper ExtremeRandomTrees       0:00:27       0.1287    0.1283
       196   WARNING - Retrying (Retry(total=2, connect=None, read=None, redirect=None, status=None)) after connection broken by 'ProtocolError('Connection aborted.', ConnectionResetError(104, 'Connection reset by peer'))': /azureml/ExperimentRun/dcid.AutoML_285bc2b9-0bd4-4e33-a98d-696bc5858606_196/outputs/model.pkl?sv=2019-02-02&sr=b&sig=XYvaXZhrgE5t3GnLcbLclKpkmT3E%2F7B%2BlTfowDk%2Ba%2F8%3D&st=2020-10-01T19%3A12%3A06Z&se=2020-10-02T19%3A22%3A06Z&sp=rcw&comp=block&blockid=TURBd01EQXdNREF3TURBd01EQXdNREF3TURBd01EQXdNREF3TURBd01EQSUzRA%3D%3D&timeout=30
WARNING - Retrying (Retry(total=2, connect=None, read=None, redirect=None, status=None)) after connection broken by 'ProtocolError('Connection aborted.', ConnectionResetError(104, 'Connection reset by peer'))': /azureml/ExperimentRun/dcid.AutoML_285bc2b9-0bd4-4e33-a98d-696bc5858606_196/outputs/env_dependencies.json?sv=2019-02-02&sr=b&sig=6Gu5vEUe1XMcWFMR61%2FTQ4SwNn6aHo20Wg8PaYGJbcc%3D&st=2020-10-01T19%3A12%3A06Z&se=2020-10-02T19%3A22%3A06Z&sp=rcw&comp=block&blockid=TURBd01EQXdNREF3TURBd01EQXdNREF3TURBd01EQXdNREF3TURBd01EQSUzRA%3D%3D&timeout=30
StandardScalerWrapper RandomForest             0:03:04       0.1287    0.1283
       197   StandardScalerWrapper RandomForest             0:00:21       0.1287    0.1283
       198   StandardScalerWrapper RandomForest             0:00:27       0.1285    0.1283
       199   StandardScalerWrapper ExtremeRandomTrees       0:00:26       0.1286    0.1283
       200   RobustScaler ExtremeRandomTrees                0:00:23       0.1286    0.1283
       201   StandardScalerWrapper RandomForest             0:00:26       0.1286    0.1283
       202   MinMaxScaler ExtremeRandomTrees                0:00:27       0.1286    0.1283
       203   MinMaxScaler RandomForest                      0:00:21       0.1287    0.1283
       204   RobustScaler RandomForest                      0:00:19       0.1286    0.1283
       205   StandardScalerWrapper ExtremeRandomTrees       0:00:24       0.1286    0.1283
       206   RobustScaler ExtremeRandomTrees                0:00:26       0.1286    0.1283
       207   StandardScalerWrapper RandomForest             0:00:27       0.1285    0.1283
       208   MinMaxScaler RandomForest                      0:00:27       0.1284    0.1283
       209   StandardScalerWrapper ExtremeRandomTrees       0:00:24       0.1289    0.1283
       210   MinMaxScaler ExtremeRandomTrees                0:00:25       0.1288    0.1283
       211   StandardScalerWrapper ExtremeRandomTrees       0:00:25       0.1286    0.1283
       212   MinMaxScaler RandomForest                      0:00:38       0.1289    0.1283
       213   MinMaxScaler RandomForest                      0:00:28       0.1292    0.1283
       214   StandardScalerWrapper RandomForest             0:00:27       0.1286    0.1283
       215   RobustScaler ExtremeRandomTrees                0:00:36       0.1284    0.1283
       216   MinMaxScaler ExtremeRandomTrees                0:00:27       0.1287    0.1283
       217   MinMaxScaler ExtremeRandomTrees                0:00:25       0.1287    0.1283
       218   StandardScalerWrapper RandomForest             0:00:26       0.1288    0.1283
       219   MinMaxScaler RandomForest                      0:00:24       0.1289    0.1283
       220   MinMaxScaler ExtremeRandomTrees                0:00:26       0.1288    0.1283
       221   MinMaxScaler RandomForest                      0:00:26       0.1290    0.1283
       222   WARNING - Received unrecognized parameter ensemble_download_models_timeout_sec
WARNING - Received unrecognized parameter ensemble_download_models_timeout_sec
VotingEnsemble                                 0:03:36       0.1283    0.1283
Stopping criteria reached at iteration 223. Ending experiment.
WARNING - Received unrecognized parameter ensemble_download_models_timeout_sec
WARNING - Received unrecognized parameter ensemble_download_models_timeout_sec
WARNING - Received unrecognized parameter ensemble_download_models_timeout_sec
****************************************************************************************************
Current status: BestRunExplainModel. Best run model explanations started
Current status: ModelExplanationDataSetSetup. Model explanations data setup completed
Current status: PickSurrogateModel. Choosing LightGBM as the surrogate model for explanations
Current status: EngineeredFeatureExplanations. Computation of engineered features started
Current status: EngineeredFeatureExplanations. Computation of engineered features completed
Current status: BestRunExplainModel. Best run model explanations completed
****************************************************************************************************
WARNING - Received unrecognized parameter ensemble_download_models_timeout_sec
WARNING - Received unrecognized parameter ensemble_download_models_timeout_sec
WARNING - Received unrecognized parameter ensemble_download_models_timeout_sec
Best pipeline:
<class 'sklearn.ensemble._voting.VotingRegressor'>
0. Pipeline(memory=None,
         steps=[('standardscalerwrapper',
                 <azureml.automl.runtime.shared.model_wrappers.StandardScalerWrapper object at 0x7f0ef5a24a50>),
                ('extratreesregressor',
                 ExtraTreesRegressor(bootstrap=True, ccp_alpha=0.0,
                                     criterion='mse', max_depth=None,
                                     max_features=0.2, max_leaf_nodes=None,
                                     max_samples=None,
                                     min_impurity_decrease=0.0,
                                     min_impurity_split=None,
                                     min_samples_leaf=0.005080937188890647,
                                     min_samples_split=0.005285388593079247,
                                     min_weight_fraction_leaf=0.0,
                                     n_estimators=400, n_jobs=-1,
                                     oob_score=False, random_state=None,
                                     verbose=0, warm_start=False))],
         verbose=False)
1. Pipeline(memory=None,
         steps=[('robustscaler',
                 RobustScaler(copy=True, quantile_range=[25, 75],
                              with_centering=False, with_scaling=True)),
                ('extratreesregressor',
                 ExtraTreesRegressor(bootstrap=True, ccp_alpha=0.0,
                                     criterion='mse', max_depth=None,
                                     max_features=0.2, max_leaf_nodes=None,
                                     max_samples=None,
                                     min_impurity_decrease=0.0,
                                     min_impurity_split=None,
                                     min_samples_leaf=0.004196633747563344,
                                     min_samples_split=0.00630957344480193,
                                     min_weight_fraction_leaf=0.0,
                                     n_estimators=200, n_jobs=-1,
                                     oob_score=False, random_state=None,
                                     verbose=0, warm_start=False))],
         verbose=False)
2. Pipeline(memory=None,
         steps=[('standardscalerwrapper',
                 <azureml.automl.runtime.shared.model_wrappers.StandardScalerWrapper object at 0x7f0ef62a6690>),
                ('extratreesregressor',
                 ExtraTreesRegressor(bootstrap=False, ccp_alpha=0.0,
                                     criterion='mse', max_depth=None,
                                     max_features=0.2, max_leaf_nodes=None,
                                     max_samples=None,
                                     min_impurity_decrease=0.0,
                                     min_impurity_split=None,
                                     min_samples_leaf=0.0074478228980205795,
                                     min_samples_split=0.004427451843494491,
                                     min_weight_fraction_leaf=0.0,
                                     n_estimators=600, n_jobs=-1,
                                     oob_score=False, random_state=None,
                                     verbose=0, warm_start=False))],
         verbose=False)
3. Pipeline(memory=None,
         steps=[('standardscalerwrapper',
                 <azureml.automl.runtime.shared.model_wrappers.StandardScalerWrapper object at 0x7f0ef6c18190>),
                ('extratreesregressor',
                 ExtraTreesRegressor(bootstrap=False, ccp_alpha=0.0,
                                     criterion='mse', max_depth=None,
                                     max_features=0.3, max_leaf_nodes=None,
                                     max_samples=None,
                                     min_impurity_decrease=0.0,
                                     min_impurity_split=None,
                                     min_samples_leaf=0.01600296187889058,
                                     min_samples_split=0.008991789964660124,
                                     min_weight_fraction_leaf=0.0,
                                     n_estimators=600, n_jobs=-1,
                                     oob_score=False, random_state=None,
                                     verbose=0, warm_start=False))],
         verbose=False)
4. Pipeline(memory=None,
         steps=[('standardscalerwrapper',
                 <azureml.automl.runtime.shared.model_wrappers.StandardScalerWrapper object at 0x7f0ef72fd0d0>),
                ('extratreesregressor',
                 ExtraTreesRegressor(bootstrap=False, ccp_alpha=0.0,
                                     criterion='mse', max_depth=None,
                                     max_features=0.3, max_leaf_nodes=None,
                                     max_samples=None,
                                     min_impurity_decrease=0.0,
                                     min_impurity_split=None,
                                     min_samples_leaf=0.01600296187889058,
                                     min_samples_split=0.00310675990983383,
                                     min_weight_fraction_leaf=0.0,
                                     n_estimators=200, n_jobs=-1,
                                     oob_score=False, random_state=None,
                                     verbose=0, warm_start=False))],
         verbose=False)
5. Pipeline(memory=None,
         steps=[('minmaxscaler', MinMaxScaler(copy=True, feature_range=(0, 1))),
                ('lightgbmregressor',
                 LightGBMRegressor(boosting_type='gbdt', class_weight=None,
                                   colsample_bytree=0.6,
                                   importance_type='split',
                                   learning_rate=0.1894742105263158, max_bin=7,
                                   max_depth=8, min_child_samples=1591,
                                   min_child_weight=0.001,
                                   min_split_gain=0.8421052631578947,
                                   n_estimators=50, n_jobs=-1, num_leaves=63,
                                   objective=None, random_state=None,
                                   reg_alpha=0.15, reg_lambda=1.125,
                                   silent=True, subsample=0.7999999999999999,
                                   subsample_for_bin=200000, subsample_freq=3,
                                   verbose=-1))],
         verbose=False)
6. Pipeline(memory=None,
         steps=[('robustscaler',
                 RobustScaler(copy=True, quantile_range=[25, 75],
                              with_centering=False, with_scaling=True)),
                ('randomforestregressor',
                 RandomForestRegressor(bootstrap=False, ccp_alpha=0.0,
                                       criterion='mse', max_depth=None,
                                       max_features=0.1, max_leaf_nodes=None,
                                       max_samples=None,
                                       min_impurity_decrease=0.0,
                                       min_impurity_split=None,
                                       min_samples_leaf=0.01091729022778783,
                                       min_samples_split=0.018261584682702607,
                                       min_weight_fraction_leaf=0.0,
                                       n_estimators=100, n_jobs=-1,
                                       oob_score=False, random_state=None,
                                       verbose=0, warm_start=False))],
         verbose=False)
7. Pipeline(memory=None,
         steps=[('minmaxscaler', MinMaxScaler(copy=True, feature_range=(0, 1))),
                ('extratreesregressor',
                 ExtraTreesRegressor(bootstrap=True, ccp_alpha=0.0,
                                     criterion='mse', max_depth=None,
                                     max_features=0.2, max_leaf_nodes=None,
                                     max_samples=None,
                                     min_impurity_decrease=0.0,
                                     min_impurity_split=None,
                                     min_samples_leaf=0.004196633747563344,
                                     min_samples_split=0.012814223889440833,
                                     min_weight_fraction_leaf=0.0,
                                     n_estimators=25, n_jobs=-1,
                                     oob_score=False, random_state=None,
                                     verbose=0, warm_start=False))],
         verbose=False)
8. Pipeline(memory=None,
         steps=[('standardscalerwrapper',
                 <azureml.automl.runtime.shared.model_wrappers.StandardScalerWrapper object at 0x7f0ef62dcc50>),
                ('gradientboostingregressor',
                 GradientBoostingRegressor(alpha=0.30000000000000004,
                                           ccp_alpha=0.0, criterion='mse',
                                           init=None,
                                           learning_rate=0.046415888336127774,
                                           loss='ls', max_depth=5,
                                           max_features='sqrt',
                                           max_leaf_nodes=None,
                                           min_impurity_decrease=0.0,
                                           min_impurity_split=None,
                                           min_samples_leaf=0.07388264419939175,
                                           min_samples_split=0.012814223889440833,
                                           min_weight_fraction_leaf=0.0,
                                           n_estimators=100,
                                           n_iter_no_change=None,
                                           presort='deprecated',
                                           random_state=None, subsample=0.7,
                                           tol=0.0001, validation_fraction=0.1,
                                           verbose=0, warm_start=False))],
         verbose=False)
9. Pipeline(memory=None,
         steps=[('standardscalerwrapper',
                 <azureml.automl.runtime.shared.model_wrappers.StandardScalerWrapper object at 0x7f0ef614a490>),
                ('randomforestregressor',
                 RandomForestRegressor(bootstrap=True, ccp_alpha=0.0,
                                       criterion='mse', max_depth=None,
                                       max_features=0.1, max_leaf_nodes=None,
                                       max_samples=None,
                                       min_impurity_decrease=0.0,
                                       min_impurity_split=None,
                                       min_samples_leaf=0.01321775243133542,
                                       min_samples_split=0.0018261584682702607,
                                       min_weight_fraction_leaf=0.0,
                                       n_estimators=200, n_jobs=-1,
                                       oob_score=False, random_state=None,
                                       verbose=0, warm_start=False))],
         verbose=False)

['year', 'half', 'quarter', 'month', 'day', 'hour', 'am_pm', 'hour12', 'wday', 'qday', 'week']
  RawFeatureName TypeDetected Dropped  EngineeredFeatureCount  \
0  datetime       DateTime     No      11                       

                                                                                                                                                                                                                           Transformations  
0  [DateTimeTransformer, DateTimeTransformer, DateTimeTransformer, DateTimeTransformer, DateTimeTransformer, DateTimeTransformer, DateTimeTransformer, DateTimeTransformer, DateTimeTransformer, DateTimeTransformer, DateTimeTransformer]  
