WARNING - Received unrecognized parameter ensemble_download_models_timeout_sec
Running on local machine
Parent Run ID: AutoML_a7742e9c-d077-4542-8ee8-11b63434eecc

Current status: DatasetFeaturization. Beginning to featurize the dataset.
Current status: DatasetFeaturizationCompleted. Completed featurizing the dataset.
Heuristic parameters: Target_Lag = '[0]', Target_Rolling_Window = '0'.
WARNING - Converting non-string tag to string: (forecasting_target_lags: [0])
WARNING - Converting non-string tag to string: (forecasting_target_rolling_window_size: 0)
WARNING - Converting non-string tag to string: (forecasting_max_horizon: 2223)
Current status: DatasetCrossValidationSplit. Generating individually featurized CV splits.
Current status: DatasetFeaturization. Beginning to featurize the CV split.
Current status: DatasetFeaturizationCompleted. Completed featurizing the CV split.
Current status: DatasetFeaturization. Beginning to featurize the CV split.
Current status: DatasetFeaturizationCompleted. Completed featurizing the CV split.
Current status: DatasetFeaturization. Beginning to featurize the CV split.
Current status: DatasetFeaturizationCompleted. Completed featurizing the CV split.
Current status: DatasetFeaturization. Beginning to featurize the CV split.
Current status: DatasetFeaturizationCompleted. Completed featurizing the CV split.
Current status: DatasetFeaturization. Beginning to featurize the CV split.
Current status: DatasetFeaturizationCompleted. Completed featurizing the CV split.

****************************************************************************************************
DATA GUARDRAILS: 

TYPE:         Frequency detection
STATUS:       PASSED
DESCRIPTION:  The time series was analyzed, all data points are aligned with detected frequency.
              

****************************************************************************************************

TYPE:         Missing feature values imputation
STATUS:       PASSED
DESCRIPTION:  No feature missing values were detected in the training data.
              Learn more about missing value imputation: https://aka.ms/AutomatedMLFeaturization

****************************************************************************************************

TYPE:         Memory Issues Detection
STATUS:       PASSED
DESCRIPTION:  The selected horizon, lag and rolling window values were analyzed, and no potential memory issues were detected.
              Learn more about time-series forecasting configurations: https://aka.ms/AutomatedMLForecastingConfiguration

****************************************************************************************************
Current status: ModelSelection. Beginning model selection.

****************************************************************************************************
ITERATION: The iteration being evaluated.
PIPELINE: A summary description of the pipeline being evaluated.
DURATION: Time taken for the current iteration.
METRIC: The result of computing score on the fitted pipeline.
BEST: The best observed score thus far.
****************************************************************************************************

 ITERATION   PIPELINE                                       DURATION      METRIC      BEST
         0   MaxAbsScaler DecisionTree                      0:00:22       0.1304    0.1304
         1   MinMaxScaler DecisionTree                      0:00:21       0.1309    0.1304
         2   StandardScalerWrapper LassoLars                0:00:21       0.1325    0.1304
         3   RobustScaler ElasticNet                        0:00:23       0.1317    0.1304
         4   StandardScalerWrapper LassoLars                0:00:16       0.1325    0.1304
         5   RobustScaler ElasticNet                        0:00:22       0.1324    0.1304
         6   RobustScaler DecisionTree                      0:00:21       0.1305    0.1304
         7   MinMaxScaler DecisionTree                      0:00:21       0.1374    0.1304
         8   RobustScaler DecisionTree                      0:00:20       0.1292    0.1292
         9   MinMaxScaler DecisionTree                      0:00:22       0.1318    0.1292
        10   StandardScalerWrapper DecisionTree             0:00:22       0.1317    0.1292
        11   StandardScalerWrapper DecisionTree             0:00:21       0.1314    0.1292
        12   RobustScaler DecisionTree                      0:00:17       0.1319    0.1292
        13   RobustScaler ElasticNet                        0:00:21       0.1314    0.1292
        14   StandardScalerWrapper DecisionTree             0:00:21       0.1321    0.1292
        15   MinMaxScaler DecisionTree                      0:00:23       0.1327    0.1292
        16   MinMaxScaler DecisionTree                      0:00:22       0.1319    0.1292
        17   RobustScaler DecisionTree                      0:00:21       0.1312    0.1292
        18   RobustScaler DecisionTree                      0:00:21       0.1302    0.1292
        19   StandardScalerWrapper DecisionTree             0:00:22       0.1319    0.1292
        20   StandardScalerWrapper DecisionTree             0:00:24       0.1335    0.1292
        21   StandardScalerWrapper ExtremeRandomTrees       0:00:24       0.1293    0.1292
        22   MinMaxScaler LightGBM                          0:00:23       0.1289    0.1289
        23   MinMaxScaler DecisionTree                      0:00:22       0.1326    0.1289
        24   MinMaxScaler DecisionTree                      0:00:21       0.1303    0.1289
        25   MinMaxScaler LightGBM                          0:00:23       0.1289    0.1289
        26   StandardScalerWrapper RandomForest             0:00:24       0.1293    0.1289
        27   StandardScalerWrapper ExtremeRandomTrees       0:00:26       0.1289    0.1289
        28   RobustScaler ExtremeRandomTrees                0:00:23       0.1289    0.1289
        29   MinMaxScaler ExtremeRandomTrees                0:00:27       0.1289    0.1289
        30   StandardScalerWrapper LightGBM                 0:00:23       0.1289    0.1289
        31   StandardScalerWrapper RandomForest             0:00:23       0.1291    0.1289
        32   StandardScalerWrapper ExtremeRandomTrees       0:00:23       0.1291    0.1289
        33   RobustScaler RandomForest                      0:00:23       0.1300    0.1289
        34   StandardScalerWrapper ExtremeRandomTrees       0:00:25       0.1289    0.1289
        35   MinMaxScaler LightGBM                          0:00:22       0.1290    0.1289
        36   StandardScalerWrapper ExtremeRandomTrees       0:00:19       0.1290    0.1289
        37   RobustScaler ExtremeRandomTrees                0:00:23       0.1290    0.1289
        38   MinMaxScaler RandomForest                      0:00:18       0.1292    0.1289
        39   RobustScaler RandomForest                      0:00:24       0.1300    0.1289
        40   RobustScaler LightGBM                          0:00:23       0.1291    0.1289
        41   RobustScaler ExtremeRandomTrees                0:00:25       0.1299    0.1289
        42   MinMaxScaler ExtremeRandomTrees                0:00:27       0.1288    0.1288
        43   RobustScaler RandomForest                      0:00:23       0.1292    0.1288
        44   RobustScaler ExtremeRandomTrees                0:00:23       0.1288    0.1288
        45   WARNING - Retrying (Retry(total=2, connect=None, read=None, redirect=None, status=None)) after connection broken by 'ProtocolError('Connection aborted.', ConnectionResetError(104, 'Connection reset by peer'))': /azureml/ExperimentRun/dcid.AutoML_a7742e9c-d077-4542-8ee8-11b63434eecc_45/residuals?sv=2019-02-02&sr=b&sig=lQEjw0Gzu4Za2f9uSdOEdTq7J7W7XdcDZ%2BMJoQxgHhU%3D&st=2020-10-02T19%3A56%3A33Z&se=2020-10-03T20%3A06%3A33Z&sp=rcw&comp=block&blockid=TURBd01EQXdNREF3TURBd01EQXdNREF3TURBd01EQXdNREF3TURBd01EQSUzRA%3D%3D&timeout=30
RobustScaler ExtremeRandomTrees                0:03:24       0.1290    0.1288
        46   RobustScaler ExtremeRandomTrees                0:00:28       0.1288    0.1288
        47   StandardScalerWrapper ExtremeRandomTrees       0:00:30       0.1289    0.1288
        48   RobustScaler ExtremeRandomTrees                0:00:25       0.1289    0.1288
        49   RobustScaler RandomForest                      0:00:23       0.1290    0.1288
        50   WARNING - Retrying (Retry(total=2, connect=None, read=None, redirect=None, status=None)) after connection broken by 'ProtocolError('Connection aborted.', ConnectionResetError(104, 'Connection reset by peer'))': /azureml/ExperimentRun/dcid.AutoML_a7742e9c-d077-4542-8ee8-11b63434eecc_50/outputs/model.pkl?sv=2019-02-02&sr=b&sig=vfqsRY%2By%2FLAjDW9hn%2BOUBMGUqGDgrjJCJp638YW3n1o%3D&st=2020-10-02T20%3A01%3A45Z&se=2020-10-03T20%3A11%3A45Z&sp=rcw&comp=block&blockid=TURBd01EQXdNREF3TURBd01EQXdNREF3TURBd01EQXdNREF3TURBd01EQSUzRA%3D%3D&timeout=30
MinMaxScaler ExtremeRandomTrees                0:03:04       0.1288    0.1288
        51   RobustScaler ExtremeRandomTrees                0:00:23       0.1288    0.1288
        52   MinMaxScaler ExtremeRandomTrees                0:00:24       0.1288    0.1288
        53   StandardScalerWrapper ExtremeRandomTrees       0:00:30       0.1289    0.1288
        54   MinMaxScaler ExtremeRandomTrees                0:01:25       0.1292    0.1288
        55   RobustScaler ExtremeRandomTrees                0:00:28       0.1289    0.1288
        56   MinMaxScaler ExtremeRandomTrees                0:00:21       0.1296    0.1288
        57   StandardScalerWrapper ExtremeRandomTrees       0:00:25       0.1288    0.1288
        58   StandardScalerWrapper ExtremeRandomTrees       0:00:28       0.1288    0.1288
        59   RobustScaler RandomForest                      0:00:24       0.1290    0.1288
        60   RobustScaler ExtremeRandomTrees                0:00:26       0.1289    0.1288
        61   MinMaxScaler RandomForest                      0:00:25       0.1289    0.1288
        62   WARNING - Retrying (Retry(total=2, connect=None, read=None, redirect=None, status=None)) after connection broken by 'ProtocolError('Connection aborted.', ConnectionResetError(104, 'Connection reset by peer'))': /azureml/ExperimentRun/dcid.AutoML_a7742e9c-d077-4542-8ee8-11b63434eecc_62/predicted_true?sv=2019-02-02&sr=b&sig=tta1pOaEGGAIDeITv%2B4Gz72KhCq9CKWlGq%2BHzcub1dk%3D&st=2020-10-02T20%3A10%3A34Z&se=2020-10-03T20%3A20%3A34Z&sp=rcw&comp=block&blockid=TURBd01EQXdNREF3TURBd01EQXdNREF3TURBd01EQXdNREF3TURBd01EQSUzRA%3D%3D&timeout=30
MinMaxScaler DecisionTree                      0:03:23       0.1294    0.1288
        63   RobustScaler RandomForest                      0:00:25       0.1291    0.1288
        64   MinMaxScaler ExtremeRandomTrees                0:00:26       0.1289    0.1288
        65   MinMaxScaler ExtremeRandomTrees                0:00:29       0.1288    0.1288
        66   MinMaxScaler ExtremeRandomTrees                0:00:24       0.1290    0.1288
        67   StandardScalerWrapper RandomForest             0:00:25       0.1289    0.1288
        68   RobustScaler ExtremeRandomTrees                0:00:26       0.1289    0.1288
        69   WARNING - Retrying (Retry(total=2, connect=None, read=None, redirect=None, status=None)) after connection broken by 'ProtocolError('Connection aborted.', ConnectionResetError(104, 'Connection reset by peer'))': /azureml/ExperimentRun/dcid.AutoML_a7742e9c-d077-4542-8ee8-11b63434eecc_69/outputs/model.pkl?sv=2019-02-02&sr=b&sig=gBWZuht4BF3vo%2FisMtjILFVBqTQxFg6N7uOoYhtOFZY%3D&st=2020-10-02T20%3A16%3A34Z&se=2020-10-03T20%3A26%3A34Z&sp=rcw&comp=block&blockid=TURBd01EQXdNREF3TURBd01EQXdNREF3TURBd01EQXdNREF3TURBd01EQSUzRA%3D%3D&timeout=30
MinMaxScaler ExtremeRandomTrees                0:03:09       0.1290    0.1288
        70   WARNING - Retrying (Retry(total=2, connect=None, read=None, redirect=None, status=None)) after connection broken by 'ProtocolError('Connection aborted.', ConnectionResetError(104, 'Connection reset by peer'))': /azureml/ExperimentRun/dcid.AutoML_a7742e9c-d077-4542-8ee8-11b63434eecc_70/outputs/env_dependencies.json?sv=2019-02-02&sr=b&sig=3pSFhzqfKRC3%2FscXq7ybi9QAVPuNX8XqrjjBF8Fucx8%3D&st=2020-10-02T20%3A19%3A43Z&se=2020-10-03T20%3A29%3A43Z&sp=rcw&comp=block&blockid=TURBd01EQXdNREF3TURBd01EQXdNREF3TURBd01EQXdNREF3TURBd01EQSUzRA%3D%3D&timeout=30
RobustScaler ExtremeRandomTrees                0:03:07       0.1290    0.1288
        71   RobustScaler ExtremeRandomTrees                0:00:19       0.1288    0.1288
        72   MinMaxScaler ExtremeRandomTrees                0:00:24       0.1289    0.1288
        73   StandardScalerWrapper ExtremeRandomTrees       0:00:24       0.1288    0.1288
        74   RobustScaler ExtremeRandomTrees                0:00:27       0.1287    0.1287
        75   StandardScalerWrapper ExtremeRandomTrees       0:00:24       0.1294    0.1287
        76   WARNING - Retrying (Retry(total=2, connect=None, read=None, redirect=None, status=None)) after connection broken by 'ProtocolError('Connection aborted.', ConnectionResetError(104, 'Connection reset by peer'))': /azureml/ExperimentRun/dcid.AutoML_a7742e9c-d077-4542-8ee8-11b63434eecc_76/outputs/pipeline_graph.json?sv=2019-02-02&sr=b&sig=t0Kkgt2v0iz8ijXfpEFgVi%2Fbi1IoBR1s%2FhpVfU%2BUcZ8%3D&st=2020-10-02T20%3A24%3A51Z&se=2020-10-03T20%3A34%3A51Z&sp=rcw&comp=block&blockid=TURBd01EQXdNREF3TURBd01EQXdNREF3TURBd01EQXdNREF3TURBd01EQSUzRA%3D%3D&timeout=30
StandardScalerWrapper ExtremeRandomTrees       0:03:05       0.1287    0.1287
        77   StandardScalerWrapper ExtremeRandomTrees       0:00:29       0.1289    0.1287
        78   StandardScalerWrapper ExtremeRandomTrees       0:00:24       0.1290    0.1287
        79   RobustScaler ExtremeRandomTrees                0:00:28       0.1288    0.1287
        80   RobustScaler ExtremeRandomTrees                0:00:25       0.1289    0.1287
        81   StandardScalerWrapper ExtremeRandomTrees       0:00:28       0.1288    0.1287
        82   StandardScalerWrapper RandomForest             0:00:23       0.1292    0.1287
        83   WARNING - Retrying (Retry(total=2, connect=None, read=None, redirect=None, status=None)) after connection broken by 'ProtocolError('Connection aborted.', ConnectionResetError(104, 'Connection reset by peer'))': /azureml/ExperimentRun/dcid.AutoML_a7742e9c-d077-4542-8ee8-11b63434eecc_83/outputs/scoring_file_v_1_0_0.py?sv=2019-02-02&sr=b&sig=gFzZXHxP9lXJ2Uf9nsoImCENup0GOgfgZU09nc%2B9CkY%3D&st=2020-10-02T20%3A30%3A39Z&se=2020-10-03T20%3A40%3A39Z&sp=rcw&comp=block&blockid=TURBd01EQXdNREF3TURBd01EQXdNREF3TURBd01EQXdNREF3TURBd01EQSUzRA%3D%3D&timeout=30
WARNING - Retrying (Retry(total=2, connect=None, read=None, redirect=None, status=None)) after connection broken by 'ProtocolError('Connection aborted.', ConnectionResetError(104, 'Connection reset by peer'))': /azureml/ExperimentRun/dcid.AutoML_a7742e9c-d077-4542-8ee8-11b63434eecc_83/outputs/env_dependencies.json?sv=2019-02-02&sr=b&sig=QiSA28ZnlDIpeQWA1iG6OONtyiY7rdpHXW1S%2B%2Bjc9Qo%3D&st=2020-10-02T20%3A30%3A39Z&se=2020-10-03T20%3A40%3A39Z&sp=rcw&comp=block&blockid=TURBd01EQXdNREF3TURBd01EQXdNREF3TURBd01EQXdNREF3TURBd01EQSUzRA%3D%3D&timeout=30
RobustScaler RandomForest                      0:03:10       0.1288    0.1287
        84   MinMaxScaler RandomForest                      0:00:23       0.1291    0.1287
        85   RobustScaler ExtremeRandomTrees                0:00:26       0.1289    0.1287
        86   StandardScalerWrapper ExtremeRandomTrees       0:00:24       0.1289    0.1287
        87   StandardScalerWrapper RandomForest             0:00:25       0.1291    0.1287
        88   StandardScalerWrapper GradientBoosting         0:00:24       0.1288    0.1287
        89   StandardScalerWrapper ExtremeRandomTrees       0:00:27       0.1292    0.1287
        90   StandardScalerWrapper ExtremeRandomTrees       0:00:24       0.1288    0.1287
        91   WARNING - Retrying (Retry(total=2, connect=None, read=None, redirect=None, status=None)) after connection broken by 'ProtocolError('Connection aborted.', ConnectionResetError(104, 'Connection reset by peer'))': /azureml/ExperimentRun/dcid.AutoML_a7742e9c-d077-4542-8ee8-11b63434eecc_91/outputs/internal_cross_validated_models.pkl?sv=2019-02-02&sr=b&sig=a736FQmpZgcmUZKxIpnzzzu2s62B9LXwcTrs3zN7bjo%3D&st=2020-10-02T20%3A36%3A47Z&se=2020-10-03T20%3A46%3A47Z&sp=rcw&comp=block&blockid=TURBd01EQXdNREF3TURBd01EQXdNREF3TURBd01EQXdNREF3TURBd01EQSUzRA%3D%3D&timeout=30
RobustScaler ExtremeRandomTrees                0:03:33       0.1288    0.1287
        92   RobustScaler ExtremeRandomTrees                0:00:30       0.1289    0.1287
        93   StandardScalerWrapper ExtremeRandomTrees       0:00:25       0.1288    0.1287
        94   MinMaxScaler ExtremeRandomTrees                0:00:27       0.1290    0.1287
        95   StandardScalerWrapper ExtremeRandomTrees       0:00:23       0.1290    0.1287
        96   RobustScaler ExtremeRandomTrees                0:00:24       0.1289    0.1287
        97   StandardScalerWrapper RandomForest             0:00:24       0.1295    0.1287
        98   WARNING - Retrying (Retry(total=2, connect=None, read=None, redirect=None, status=None)) after connection broken by 'ProtocolError('Connection aborted.', ConnectionResetError(104, 'Connection reset by peer'))': /azureml/ExperimentRun/dcid.AutoML_a7742e9c-d077-4542-8ee8-11b63434eecc_98/outputs/pipeline_graph.json?sv=2019-02-02&sr=b&sig=u0HNndvMDH3Ml2gboApaafwX7e0XwCoRjrZLuMMEQZo%3D&st=2020-10-02T20%3A42%3A55Z&se=2020-10-03T20%3A52%3A55Z&sp=rcw&comp=block&blockid=TURBd01EQXdNREF3TURBd01EQXdNREF3TURBd01EQXdNREF3TURBd01EQSUzRA%3D%3D&timeout=30
WARNING - Retrying (Retry(total=2, connect=None, read=None, redirect=None, status=None)) after connection broken by 'ProtocolError('Connection aborted.', ConnectionResetError(104, 'Connection reset by peer'))': /azureml/ExperimentRun/dcid.AutoML_a7742e9c-d077-4542-8ee8-11b63434eecc_98/outputs/env_dependencies.json?sv=2019-02-02&sr=b&sig=gXaAVuTU3iccCTBJo2xkOkg4n%2B6ZYgnyLc6AWol2NhI%3D&st=2020-10-02T20%3A42%3A55Z&se=2020-10-03T20%3A52%3A55Z&sp=rcw&comp=block&blockid=TURBd01EQXdNREF3TURBd01EQXdNREF3TURBd01EQXdNREF3TURBd01EQSUzRA%3D%3D&timeout=30
RobustScaler RandomForest                      0:03:07       0.1289    0.1287
        99   StandardScalerWrapper ExtremeRandomTrees       0:00:26       0.1288    0.1287
       100   StandardScalerWrapper ExtremeRandomTrees       0:00:26       0.1289    0.1287
       101   StandardScalerWrapper RandomForest             0:00:29       0.1289    0.1287
       102   RobustScaler RandomForest                      0:00:28       0.1288    0.1287
       103   MinMaxScaler ExtremeRandomTrees                0:00:25       0.1290    0.1287
       104   StandardScalerWrapper ExtremeRandomTrees       0:00:24       0.1288    0.1287
       105   StandardScalerWrapper ExtremeRandomTrees       0:00:20       0.1289    0.1287
       106   RobustScaler ExtremeRandomTrees                0:00:23       0.1288    0.1287
       107   StandardScalerWrapper ExtremeRandomTrees       0:00:29       0.1287    0.1287
       108   MinMaxScaler ExtremeRandomTrees                0:00:22       0.1293    0.1287
       109   StandardScalerWrapper ExtremeRandomTrees       0:00:31       0.1295    0.1287
       110   RobustScaler ExtremeRandomTrees                0:00:25       0.1292    0.1287
       111   StandardScalerWrapper ExtremeRandomTrees       0:00:26       0.1288    0.1287
       112   StandardScalerWrapper ExtremeRandomTrees       0:00:27       0.1290    0.1287
       113   RobustScaler ExtremeRandomTrees                0:00:31       0.1290    0.1287
       114   RobustScaler ExtremeRandomTrees                0:00:26       0.1290    0.1287
       115   MinMaxScaler ExtremeRandomTrees                0:00:29       0.1287    0.1287
       116   StandardScalerWrapper ExtremeRandomTrees       0:00:25       0.1287    0.1287
       117   MinMaxScaler ExtremeRandomTrees                0:00:29       0.1291    0.1287
       118   MinMaxScaler ExtremeRandomTrees                0:00:27       0.1289    0.1287
       119   StandardScalerWrapper RandomForest             0:00:21       0.1291    0.1287
       120   MinMaxScaler ExtremeRandomTrees                0:00:25       0.1291    0.1287
       121   WARNING - Retrying (Retry(total=2, connect=None, read=None, redirect=None, status=None)) after connection broken by 'ProtocolError('Connection aborted.', ConnectionResetError(104, 'Connection reset by peer'))': /azureml/ExperimentRun/dcid.AutoML_a7742e9c-d077-4542-8ee8-11b63434eecc_121/outputs/pipeline_graph.json?sv=2019-02-02&sr=b&sig=4SAD7RXte74QnPSU6ABRNCoQYBeycLojEehOdS7a8UA%3D&st=2020-10-02T20%3A55%3A46Z&se=2020-10-03T21%3A05%3A46Z&sp=rcw&comp=block&blockid=TURBd01EQXdNREF3TURBd01EQXdNREF3TURBd01EQXdNREF3TURBd01EQSUzRA%3D%3D&timeout=30
WARNING - Retrying (Retry(total=2, connect=None, read=None, redirect=None, status=None)) after connection broken by 'ProtocolError('Connection aborted.', ConnectionResetError(104, 'Connection reset by peer'))': /azureml/ExperimentRun/dcid.AutoML_a7742e9c-d077-4542-8ee8-11b63434eecc_121/outputs/scoring_file_v_1_0_0.py?sv=2019-02-02&sr=b&sig=mOOqCwOH4dvggUbJdeGNGB2D7KW5nYwbRehcmLx%2BbCQ%3D&st=2020-10-02T20%3A55%3A46Z&se=2020-10-03T21%3A05%3A46Z&sp=rcw&comp=block&blockid=TURBd01EQXdNREF3TURBd01EQXdNREF3TURBd01EQXdNREF3TURBd01EQSUzRA%3D%3D&timeout=30
MinMaxScaler ExtremeRandomTrees                0:03:09       0.1288    0.1287
       122   MinMaxScaler ExtremeRandomTrees                0:00:28       0.1288    0.1287
       123   StandardScalerWrapper ExtremeRandomTrees       0:00:27       0.1289    0.1287
       124   StandardScalerWrapper ExtremeRandomTrees       0:00:26       0.1288    0.1287
       125   StandardScalerWrapper ExtremeRandomTrees       0:00:27       0.1290    0.1287
       126   StandardScalerWrapper ExtremeRandomTrees       0:00:25       0.1291    0.1287
       127   WARNING - Retrying (Retry(total=2, connect=None, read=None, redirect=None, status=None)) after connection broken by 'ProtocolError('Connection aborted.', ConnectionResetError(104, 'Connection reset by peer'))': /azureml/ExperimentRun/dcid.AutoML_a7742e9c-d077-4542-8ee8-11b63434eecc_127/outputs/model.pkl?sv=2019-02-02&sr=b&sig=3dglwQvLewiLBGp%2BFRF%2FGg0gNMP8oW%2B9CCxyAmicogg%3D&st=2020-10-02T21%3A01%3A11Z&se=2020-10-03T21%3A11%3A11Z&sp=rcw&comp=block&blockid=TURBd01EQXdNREF3TURBd01EQXdNREF3TURBd01EQXdNREF3TURBd01EQSUzRA%3D%3D&timeout=30
MinMaxScaler ExtremeRandomTrees                0:03:03       0.1290    0.1287
       128   WARNING - Retrying (Retry(total=2, connect=None, read=None, redirect=None, status=None)) after connection broken by 'ProtocolError('Connection aborted.', ConnectionResetError(104, 'Connection reset by peer'))': /azureml/ExperimentRun/dcid.AutoML_a7742e9c-d077-4542-8ee8-11b63434eecc_128/outputs/scoring_file_v_1_0_0.py?sv=2019-02-02&sr=b&sig=j0F8lAgwBfzKJn89qssv1YA%2BWhK9Vz5e5F22N%2BzEdJY%3D&st=2020-10-02T21%3A04%3A16Z&se=2020-10-03T21%3A14%3A16Z&sp=rcw&comp=block&blockid=TURBd01EQXdNREF3TURBd01EQXdNREF3TURBd01EQXdNREF3TURBd01EQSUzRA%3D%3D&timeout=30
StandardScalerWrapper ExtremeRandomTrees       0:00:29       0.1290    0.1287
       129   StandardScalerWrapper ExtremeRandomTrees       0:00:26       0.1289    0.1287
       130   RobustScaler ExtremeRandomTrees                0:00:24       0.1290    0.1287
       131   StandardScalerWrapper ExtremeRandomTrees       0:00:22       0.1289    0.1287
       132   RobustScaler ExtremeRandomTrees                0:00:25       0.1291    0.1287
       133   MinMaxScaler ExtremeRandomTrees                0:00:25       0.1288    0.1287
       134   RobustScaler ExtremeRandomTrees                0:00:26       0.1288    0.1287
       135   MinMaxScaler ExtremeRandomTrees                0:00:24       0.1291    0.1287
       136   MinMaxScaler ExtremeRandomTrees                0:00:21       0.1289    0.1287
       137   StandardScalerWrapper ExtremeRandomTrees       0:00:21       0.1288    0.1287
       138   RobustScaler RandomForest                      0:00:27       0.1291    0.1287
       139   RobustScaler ExtremeRandomTrees                0:00:36       0.1288    0.1287
       140   MinMaxScaler ExtremeRandomTrees                0:00:24       0.1289    0.1287
       141   StandardScalerWrapper RandomForest             0:00:23       0.1290    0.1287
       142   MinMaxScaler LightGBM                          0:00:22       0.1291    0.1287
       143   StandardScalerWrapper ExtremeRandomTrees       0:00:20       0.1288    0.1287
       144   StandardScalerWrapper ExtremeRandomTrees       0:00:23       0.1288    0.1287
       145   StandardScalerWrapper ExtremeRandomTrees       0:00:26       0.1288    0.1287
       146   StandardScalerWrapper ExtremeRandomTrees       0:00:29       0.1289    0.1287
       147   StandardScalerWrapper RandomForest             0:00:29       0.1290    0.1287
       148   RobustScaler ExtremeRandomTrees                0:00:33       0.1292    0.1287
       149   RobustScaler LightGBM                          0:00:17       0.1291    0.1287
       150   WARNING - Retrying (Retry(total=2, connect=None, read=None, redirect=None, status=None)) after connection broken by 'ProtocolError('Connection aborted.', ConnectionResetError(104, 'Connection reset by peer'))': /azureml/ExperimentRun/dcid.AutoML_a7742e9c-d077-4542-8ee8-11b63434eecc_150/outputs/pipeline_graph.json?sv=2019-02-02&sr=b&sig=IvjPpTWsX2PhwRT39bOaoC2D1sCaXOTckRe59fKtLqo%3D&st=2020-10-02T21%3A13%3A42Z&se=2020-10-03T21%3A23%3A42Z&sp=rcw&comp=block&blockid=TURBd01EQXdNREF3TURBd01EQXdNREF3TURBd01EQXdNREF3TURBd01EQSUzRA%3D%3D&timeout=30
WARNING - Retrying (Retry(total=2, connect=None, read=None, redirect=None, status=None)) after connection broken by 'ProtocolError('Connection aborted.', ConnectionResetError(104, 'Connection reset by peer'))': /azureml/ExperimentRun/dcid.AutoML_a7742e9c-d077-4542-8ee8-11b63434eecc_150/outputs/conda_env_v_1_0_0.yml?sv=2019-02-02&sr=b&sig=DLlyQbuz8WhbQ6oCaQ%2FtMdZZeZOQsH2JzpyS1mxatm4%3D&st=2020-10-02T21%3A13%3A42Z&se=2020-10-03T21%3A23%3A42Z&sp=rcw&comp=block&blockid=TURBd01EQXdNREF3TURBd01EQXdNREF3TURBd01EQXdNREF3TURBd01EQSUzRA%3D%3D&timeout=30
StandardScalerWrapper ExtremeRandomTrees       0:03:09       0.1291    0.1287
       151   RobustScaler RandomForest                      0:00:25       0.1290    0.1287
       152   MinMaxScaler RandomForest                      0:00:28       0.1291    0.1287
       153   RobustScaler GradientBoosting                  0:01:12       0.1289    0.1287
       154   StandardScalerWrapper ExtremeRandomTrees       0:00:26       0.1289    0.1287
       155   StandardScalerWrapper ExtremeRandomTrees       0:00:25       0.1289    0.1287
       156   StandardScalerWrapper RandomForest             0:00:24       0.1291    0.1287
       157   StandardScalerWrapper ExtremeRandomTrees       0:00:19       0.1289    0.1287
       158   StandardScalerWrapper RandomForest             0:00:26       0.1290    0.1287
       159   MinMaxScaler RandomForest                      0:00:24       0.1292    0.1287
       160   RobustScaler ExtremeRandomTrees                0:00:23       0.1288    0.1287
       161   RobustScaler ExtremeRandomTrees                0:00:25       0.1290    0.1287
       162   StandardScalerWrapper ExtremeRandomTrees       0:00:24       0.1290    0.1287
       163   WARNING - Retrying (Retry(total=2, connect=None, read=None, redirect=None, status=None)) after connection broken by 'ProtocolError('Connection aborted.', ConnectionResetError(104, 'Connection reset by peer'))': /azureml/ExperimentRun/dcid.AutoML_a7742e9c-d077-4542-8ee8-11b63434eecc_163/outputs/env_dependencies.json?sv=2019-02-02&sr=b&sig=zm1tq27XkMDz5lkekYu0lk8N0ULhdvTrhcIT%2BXH%2FBq0%3D&st=2020-10-02T21%3A22%3A38Z&se=2020-10-03T21%3A32%3A38Z&sp=rcw&comp=block&blockid=TURBd01EQXdNREF3TURBd01EQXdNREF3TURBd01EQXdNREF3TURBd01EQSUzRA%3D%3D&timeout=30
MinMaxScaler ExtremeRandomTrees                0:03:10       0.1288    0.1287
       164   MinMaxScaler ExtremeRandomTrees                0:00:23       0.1291    0.1287
       165   StandardScalerWrapper ExtremeRandomTrees       0:00:23       0.1287    0.1287
       166   MinMaxScaler RandomForest                      0:00:23       0.1292    0.1287
       167   RobustScaler ExtremeRandomTrees                0:00:24       0.1290    0.1287
       168   MinMaxScaler RandomForest                      0:00:25       0.1294    0.1287
       169   RobustScaler RandomForest                      0:00:24       0.1292    0.1287
       170   MinMaxScaler ExtremeRandomTrees                0:00:24       0.1290    0.1287
       171   RobustScaler ExtremeRandomTrees                0:00:25       0.1290    0.1287
       172   MinMaxScaler RandomForest                      0:00:25       0.1293    0.1287
       173   MinMaxScaler ExtremeRandomTrees                0:00:24       0.1294    0.1287
       174   StandardScalerWrapper RandomForest             0:00:24       0.1291    0.1287
       175   RobustScaler ExtremeRandomTrees                0:00:25       0.1289    0.1287
       176   MinMaxScaler RandomForest                      0:00:30       0.1298    0.1287
       177   StandardScalerWrapper DecisionTree             0:00:22       0.1295    0.1287
       178   StandardScalerWrapper ExtremeRandomTrees       0:00:27       0.1292    0.1287
       179   RobustScaler ExtremeRandomTrees                0:00:25       0.1291    0.1287
       180   MinMaxScaler ExtremeRandomTrees                0:00:26       0.1293    0.1287
       181   RobustScaler ExtremeRandomTrees                0:00:24       0.1290    0.1287
       182   MinMaxScaler ExtremeRandomTrees                0:00:20       0.1291    0.1287
       183   MinMaxScaler ExtremeRandomTrees                0:00:29       0.1291    0.1287
       184   MinMaxScaler ExtremeRandomTrees                0:00:24       0.1290    0.1287
       185   StandardScalerWrapper ExtremeRandomTrees       0:00:27       0.1288    0.1287
       186   MinMaxScaler RandomForest                      0:00:26       0.1290    0.1287
       187   RobustScaler ExtremeRandomTrees                0:00:23       0.1291    0.1287
       188   WARNING - Retrying (Retry(total=2, connect=None, read=None, redirect=None, status=None)) after connection broken by 'ProtocolError('Connection aborted.', ConnectionResetError(104, 'Connection reset by peer'))': /azureml/ExperimentRun/dcid.AutoML_a7742e9c-d077-4542-8ee8-11b63434eecc_188/outputs/pipeline_graph.json?sv=2019-02-02&sr=b&sig=jasCGhI80r1FEg6wVQT1v6ujqsPEVIB4ahSkrKi%2FFEU%3D&st=2020-10-02T21%3A35%3A51Z&se=2020-10-03T21%3A45%3A51Z&sp=rcw&comp=block&blockid=TURBd01EQXdNREF3TURBd01EQXdNREF3TURBd01EQXdNREF3TURBd01EQSUzRA%3D%3D&timeout=30
WARNING - Retrying (Retry(total=2, connect=None, read=None, redirect=None, status=None)) after connection broken by 'ProtocolError('Connection aborted.', ConnectionResetError(104, 'Connection reset by peer'))': /azureml/ExperimentRun/dcid.AutoML_a7742e9c-d077-4542-8ee8-11b63434eecc_188/outputs/scoring_file_v_1_0_0.py?sv=2019-02-02&sr=b&sig=s1iqGy8oJGGQwf8%2FR1opGDmWDDAqnkB4%2BKmSC3ku8zw%3D&st=2020-10-02T21%3A35%3A51Z&se=2020-10-03T21%3A45%3A51Z&sp=rcw&comp=block&blockid=TURBd01EQXdNREF3TURBd01EQXdNREF3TURBd01EQXdNREF3TURBd01EQSUzRA%3D%3D&timeout=30
WARNING - Retrying (Retry(total=2, connect=None, read=None, redirect=None, status=None)) after connection broken by 'ProtocolError('Connection aborted.', ConnectionResetError(104, 'Connection reset by peer'))': /azureml/ExperimentRun/dcid.AutoML_a7742e9c-d077-4542-8ee8-11b63434eecc_188/outputs/model.pkl?sv=2019-02-02&sr=b&sig=i4u2RocHEubminfFT3U3zfBm7fYg7Gd8GFW9u2Gs5Rs%3D&st=2020-10-02T21%3A35%3A51Z&se=2020-10-03T21%3A45%3A51Z&sp=rcw&comp=block&blockid=TURBd01EQXdNREF3TURBd01EQXdNREF3TURBd01EQXdNREF3TURBd01EQSUzRA%3D%3D&timeout=30
MinMaxScaler ExtremeRandomTrees                0:03:13       0.1292    0.1287
       189   RobustScaler RandomForest                      0:00:25       0.1291    0.1287
       190   WARNING - Received unrecognized parameter ensemble_download_models_timeout_sec
WARNING - Received unrecognized parameter ensemble_download_models_timeout_sec
VotingEnsemble                                 0:02:08       0.1287    0.1287
Stopping criteria reached at iteration 191. Ending experiment.
WARNING - Received unrecognized parameter ensemble_download_models_timeout_sec
WARNING - Received unrecognized parameter ensemble_download_models_timeout_sec
WARNING - Received unrecognized parameter ensemble_download_models_timeout_sec
****************************************************************************************************
Current status: BestRunExplainModel. Best run model explanations started
Current status: ModelExplanationDataSetSetup. Model explanations data setup completed
Current status: PickSurrogateModel. Choosing LightGBM as the surrogate model for explanations
Current status: EngineeredFeatureExplanations. Computation of engineered features started
Current status: EngineeredFeatureExplanations. Computation of engineered features completed
Current status: BestRunExplainModel. Best run model explanations completed
****************************************************************************************************
WARNING - Received unrecognized parameter ensemble_download_models_timeout_sec
WARNING - Received unrecognized parameter ensemble_download_models_timeout_sec
WARNING - Received unrecognized parameter ensemble_download_models_timeout_sec
Best pipeline:
<class 'sklearn.ensemble._voting.VotingRegressor'>
0. Pipeline(memory=None,
         steps=[('standardscalerwrapper',
                 <azureml.automl.runtime.shared.model_wrappers.StandardScalerWrapper object at 0x7f209380b7d0>),
                ('extratreesregressor',
                 ExtraTreesRegressor(bootstrap=False, ccp_alpha=0.0,
                                     criterion='mse', max_depth=None,
                                     max_features=0.8, max_leaf_nodes=None,
                                     max_samples=None,
                                     min_impurity_decrease=0.0,
                                     min_impurity_split=None,
                                     min_samples_leaf=0.06102385966988887,
                                     min_samples_split=0.08991789964660124,
                                     min_weight_fraction_leaf=0.0,
                                     n_estimators=25, n_jobs=-1,
                                     oob_score=False, random_state=None,
                                     verbose=0, warm_start=False))],
         verbose=False)
1. Pipeline(memory=None,
         steps=[('minmaxscaler', MinMaxScaler(copy=True, feature_range=(0, 1))),
                ('extratreesregressor',
                 ExtraTreesRegressor(bootstrap=False, ccp_alpha=0.0,
                                     criterion='mse', max_depth=None,
                                     max_features=None, max_leaf_nodes=None,
                                     max_samples=None,
                                     min_impurity_decrease=0.0,
                                     min_impurity_split=None,
                                     min_samples_leaf=0.07388264419939175,
                                     min_samples_split=0.012814223889440833,
                                     min_weight_fraction_leaf=0.0,
                                     n_estimators=10, n_jobs=-1,
                                     oob_score=False, random_state=None,
                                     verbose=0, warm_start=False))],
         verbose=False)
2. Pipeline(memory=None,
         steps=[('robustscaler',
                 RobustScaler(copy=True, quantile_range=[10, 90],
                              with_centering=True, with_scaling=True)),
                ('extratreesregressor',
                 ExtraTreesRegressor(bootstrap=False, ccp_alpha=0.0,
                                     criterion='mse', max_depth=None,
                                     max_features=None, max_leaf_nodes=None,
                                     max_samples=None,
                                     min_impurity_decrease=0.0,
                                     min_impurity_split=None,
                                     min_samples_leaf=0.06102385966988887,
                                     min_samples_split=0.0010734188827013528,
                                     min_weight_fraction_leaf=0.0,
                                     n_estimators=400, n_jobs=-1,
                                     oob_score=False, random_state=None,
                                     verbose=0, warm_start=False))],
         verbose=False)
3. Pipeline(memory=None,
         steps=[('standardscalerwrapper',
                 <azureml.automl.runtime.shared.model_wrappers.StandardScalerWrapper object at 0x7f2093597610>),
                ('extratreesregressor',
                 ExtraTreesRegressor(bootstrap=False, ccp_alpha=0.0,
                                     criterion='mse', max_depth=None,
                                     max_features=0.9, max_leaf_nodes=None,
                                     max_samples=None,
                                     min_impurity_decrease=0.0,
                                     min_impurity_split=None,
                                     min_samples_leaf=0.06102385966988887,
                                     min_samples_split=0.052853885930792446,
                                     min_weight_fraction_leaf=0.0,
                                     n_estimators=25, n_jobs=-1,
                                     oob_score=False, random_state=None,
                                     verbose=0, warm_start=False))],
         verbose=False)
4. Pipeline(memory=None,
         steps=[('standardscalerwrapper',
                 <azureml.automl.runtime.shared.model_wrappers.StandardScalerWrapper object at 0x7f2196e7c890>),
                ('extratreesregressor',
                 ExtraTreesRegressor(bootstrap=False, ccp_alpha=0.0,
                                     criterion='mse', max_depth=None,
                                     max_features=None, max_leaf_nodes=None,
                                     max_samples=None,
                                     min_impurity_decrease=0.0,
                                     min_impurity_split=None,
                                     min_samples_leaf=0.07388264419939175,
                                     min_samples_split=0.1281422388944084,
                                     min_weight_fraction_leaf=0.0,
                                     n_estimators=100, n_jobs=-1,
                                     oob_score=False, random_state=None,
                                     verbose=0, warm_start=False))],
         verbose=False)
5. Pipeline(memory=None,
         steps=[('standardscalerwrapper',
                 <azureml.automl.runtime.shared.model_wrappers.StandardScalerWrapper object at 0x7f2195d87b90>),
                ('gradientboostingregressor',
                 GradientBoostingRegressor(alpha=0.30000000000000004,
                                           ccp_alpha=0.0, criterion='mse',
                                           init=None,
                                           learning_rate=0.046415888336127774,
                                           loss='ls', max_depth=5,
                                           max_features='sqrt',
                                           max_leaf_nodes=None,
                                           min_impurity_decrease=0.0,
                                           min_impurity_split=None,
                                           min_samples_leaf=0.07388264419939175,
                                           min_samples_split=0.012814223889440833,
                                           min_weight_fraction_leaf=0.0,
                                           n_estimators=100,
                                           n_iter_no_change=None,
                                           presort='deprecated',
                                           random_state=None, subsample=0.7,
                                           tol=0.0001, validation_fraction=0.1,
                                           verbose=0, warm_start=False))],
         verbose=False)

['year', 'half', 'quarter', 'month', 'day', 'hour', 'am_pm', 'hour12', 'wday', 'qday', 'week']
  RawFeatureName TypeDetected Dropped  EngineeredFeatureCount  \
0  datetime       DateTime     No      11                       

                                                                                                                                                                                                                           Transformations  
0  [DateTimeTransformer, DateTimeTransformer, DateTimeTransformer, DateTimeTransformer, DateTimeTransformer, DateTimeTransformer, DateTimeTransformer, DateTimeTransformer, DateTimeTransformer, DateTimeTransformer, DateTimeTransformer]  
