WARNING - Received unrecognized parameter ensemble_download_models_timeout_sec
Running on local machine
Parent Run ID: AutoML_af8b15bc-19ae-4e2c-9ed3-3db421e85a58

Current status: DatasetFeaturization. Beginning to featurize the dataset.
Current status: DatasetFeaturizationCompleted. Completed featurizing the dataset.
Heuristic parameters: Target_Lag = '[0]', Target_Rolling_Window = '0'.
WARNING - Converting non-string tag to string: (forecasting_target_lags: [0])
WARNING - Converting non-string tag to string: (forecasting_target_rolling_window_size: 0)
WARNING - Converting non-string tag to string: (forecasting_max_horizon: 2223)
Current status: DatasetCrossValidationSplit. Generating individually featurized CV splits.
Current status: DatasetFeaturization. Beginning to featurize the CV split.
Current status: DatasetFeaturizationCompleted. Completed featurizing the CV split.
Current status: DatasetFeaturization. Beginning to featurize the CV split.
Current status: DatasetFeaturizationCompleted. Completed featurizing the CV split.
Current status: DatasetFeaturization. Beginning to featurize the CV split.
Current status: DatasetFeaturizationCompleted. Completed featurizing the CV split.
Current status: DatasetFeaturization. Beginning to featurize the CV split.
Current status: DatasetFeaturizationCompleted. Completed featurizing the CV split.
Current status: DatasetFeaturization. Beginning to featurize the CV split.
Current status: DatasetFeaturizationCompleted. Completed featurizing the CV split.

****************************************************************************************************
DATA GUARDRAILS: 

TYPE:         Frequency detection
STATUS:       PASSED
DESCRIPTION:  The time series was analyzed, all data points are aligned with detected frequency.
              

****************************************************************************************************

TYPE:         Missing feature values imputation
STATUS:       PASSED
DESCRIPTION:  No feature missing values were detected in the training data.
              Learn more about missing value imputation: https://aka.ms/AutomatedMLFeaturization

****************************************************************************************************

TYPE:         Memory Issues Detection
STATUS:       PASSED
DESCRIPTION:  The selected horizon, lag and rolling window values were analyzed, and no potential memory issues were detected.
              Learn more about time-series forecasting configurations: https://aka.ms/AutomatedMLForecastingConfiguration

****************************************************************************************************
Current status: ModelSelection. Beginning model selection.

****************************************************************************************************
ITERATION: The iteration being evaluated.
PIPELINE: A summary description of the pipeline being evaluated.
DURATION: Time taken for the current iteration.
METRIC: The result of computing score on the fitted pipeline.
BEST: The best observed score thus far.
****************************************************************************************************

 ITERATION   PIPELINE                                       DURATION      METRIC      BEST
         0   MaxAbsScaler DecisionTree                      0:00:24       0.1915    0.1915
         1   MinMaxScaler DecisionTree                      0:00:21       0.1920    0.1915
         2   StandardScalerWrapper LassoLars                0:00:21       0.1948    0.1915
         3   RobustScaler ElasticNet                        0:00:23       0.1938    0.1915
         4   StandardScalerWrapper LassoLars                0:00:21       0.1949    0.1915
         5   RobustScaler ElasticNet                        0:00:22       0.1949    0.1915
         6   RobustScaler DecisionTree                      0:00:21       0.1914    0.1914
         7   MinMaxScaler DecisionTree                      0:00:21       0.2018    0.1914
         8   RobustScaler DecisionTree                      0:00:22       0.1901    0.1901
         9   MinMaxScaler DecisionTree                      0:00:22       0.1930    0.1901
        10   StandardScalerWrapper DecisionTree             0:00:22       0.1928    0.1901
        11   StandardScalerWrapper DecisionTree             0:00:23       0.1922    0.1901
        12   WARNING - Retrying (Retry(total=2, connect=None, read=None, redirect=None, status=None)) after connection broken by 'ProtocolError('Connection aborted.', ConnectionResetError(104, 'Connection reset by peer'))': /azureml/ExperimentRun/dcid.AutoML_af8b15bc-19ae-4e2c-9ed3-3db421e85a58_12/outputs/pipeline_graph.json?sv=2019-02-02&sr=b&sig=q4MaFbbnNCiUZocev%2B39IJLaMqCq5LVf6y%2BI83wb5KY%3D&st=2020-10-01T16%3A25%3A45Z&se=2020-10-02T16%3A35%3A45Z&sp=rcw&comp=block&blockid=TURBd01EQXdNREF3TURBd01EQXdNREF3TURBd01EQXdNREF3TURBd01EQSUzRA%3D%3D&timeout=30
WARNING - Retrying (Retry(total=2, connect=None, read=None, redirect=None, status=None)) after connection broken by 'ProtocolError('Connection aborted.', ConnectionResetError(104, 'Connection reset by peer'))': /azureml/ExperimentRun/dcid.AutoML_af8b15bc-19ae-4e2c-9ed3-3db421e85a58_12/outputs/model.pkl?sv=2019-02-02&sr=b&sig=J7MHVkE2ikevsyLCqjKEYUb9IlQ1EnwnqO9vvLA0C9s%3D&st=2020-10-01T16%3A25%3A45Z&se=2020-10-02T16%3A35%3A45Z&sp=rcw&comp=block&blockid=TURBd01EQXdNREF3TURBd01EQXdNREF3TURBd01EQXdNREF3TURBd01EQSUzRA%3D%3D&timeout=30
WARNING - Retrying (Retry(total=2, connect=None, read=None, redirect=None, status=None)) after connection broken by 'ProtocolError('Connection aborted.', ConnectionResetError(104, 'Connection reset by peer'))': /azureml/ExperimentRun/dcid.AutoML_af8b15bc-19ae-4e2c-9ed3-3db421e85a58_12/outputs/env_dependencies.json?sv=2019-02-02&sr=b&sig=9n5Pv9Mxvh5iZC5ylgKAXgucWtf0nDtIbfxrOxRoi0s%3D&st=2020-10-01T16%3A25%3A44Z&se=2020-10-02T16%3A35%3A44Z&sp=rcw&comp=block&blockid=TURBd01EQXdNREF3TURBd01EQXdNREF3TURBd01EQXdNREF3TURBd01EQSUzRA%3D%3D&timeout=30
RobustScaler DecisionTree                      0:03:09       0.1932    0.1901
        13   RobustScaler ElasticNet                        0:00:22       0.1928    0.1901
        14   StandardScalerWrapper DecisionTree             0:00:22       0.1940    0.1901
        15   WARNING - Retrying (Retry(total=2, connect=None, read=None, redirect=None, status=None)) after connection broken by 'ProtocolError('Connection aborted.', ConnectionResetError(104, 'Connection reset by peer'))': /azureml/ExperimentRun/dcid.AutoML_af8b15bc-19ae-4e2c-9ed3-3db421e85a58_15/outputs/scoring_file_v_1_0_0.py?sv=2019-02-02&sr=b&sig=NLgtFKB0Q4q%2FcbjvVcxjMfbZHN9kRn87YB6pFshUc68%3D&st=2020-10-01T16%3A29%3A39Z&se=2020-10-02T16%3A39%3A39Z&sp=rcw&comp=block&blockid=TURBd01EQXdNREF3TURBd01EQXdNREF3TURBd01EQXdNREF3TURBd01EQSUzRA%3D%3D&timeout=30
MinMaxScaler DecisionTree                      0:03:04       0.1946    0.1901
        16   MinMaxScaler DecisionTree                      0:00:17       0.1923    0.1901
        17   RobustScaler DecisionTree                      0:00:21       0.1923    0.1901
        18   RobustScaler DecisionTree                      0:00:22       0.1910    0.1901
        19   StandardScalerWrapper DecisionTree             0:00:18       0.1930    0.1901
        20   StandardScalerWrapper DecisionTree             0:00:21       0.1951    0.1901
        21   StandardScalerWrapper ExtremeRandomTrees       0:00:24       0.1892    0.1892
        22   WARNING - Retrying (Retry(total=2, connect=None, read=None, redirect=None, status=None)) after connection broken by 'ProtocolError('Connection aborted.', ConnectionResetError(104, 'Connection reset by peer'))': /azureml/ExperimentRun/dcid.AutoML_af8b15bc-19ae-4e2c-9ed3-3db421e85a58_22/outputs/model.pkl?sv=2019-02-02&sr=b&sig=GBH4OlTYY70xog4PUgQN10Qu4J8yVhl0sgL3TvedOX0%3D&st=2020-10-01T16%3A34%3A50Z&se=2020-10-02T16%3A44%3A50Z&sp=rcw&comp=block&blockid=TURBd01EQXdNREF3TURBd01EQXdNREF3TURBd01EQXdNREF3TURBd01EQSUzRA%3D%3D&timeout=30
MinMaxScaler LightGBM                          0:03:09       0.1888    0.1888
        23   MinMaxScaler DecisionTree                      0:00:23       0.1949    0.1888
        24   MinMaxScaler DecisionTree                      0:00:23       0.1915    0.1888
        25   MinMaxScaler LightGBM                          0:00:23       0.1885    0.1885
        26   StandardScalerWrapper RandomForest             0:00:24       0.1889    0.1885
        27   StandardScalerWrapper ExtremeRandomTrees       0:00:19       0.1889    0.1885
        28   RobustScaler ExtremeRandomTrees                0:00:24       0.1895    0.1885
        29   MinMaxScaler ExtremeRandomTrees                0:00:32       0.1893    0.1885
        30   StandardScalerWrapper LightGBM                 0:00:23       0.1882    0.1882
        31   StandardScalerWrapper RandomForest             0:00:24       0.1889    0.1882
        32   StandardScalerWrapper ExtremeRandomTrees       0:00:18       0.1896    0.1882
        33   RobustScaler RandomForest                      0:00:24       0.1906    0.1882
        34   StandardScalerWrapper ExtremeRandomTrees       0:00:25       0.1891    0.1882
        35   MinMaxScaler LightGBM                          0:00:23       0.1884    0.1882
        36   StandardScalerWrapper ExtremeRandomTrees       0:00:25       0.1897    0.1882
        37   WARNING - Retrying (Retry(total=2, connect=None, read=None, redirect=None, status=None)) after connection broken by 'ProtocolError('Connection aborted.', ConnectionResetError(104, 'Connection reset by peer'))': /azureml/ExperimentRun/dcid.AutoML_af8b15bc-19ae-4e2c-9ed3-3db421e85a58_37/outputs/model.pkl?sv=2019-02-02&sr=b&sig=LcoLtvb2k6hkwY%2BY%2BdZnGA44hPU9RJ3Xmdqe6XI1RCo%3D&st=2020-10-01T16%3A43%3A38Z&se=2020-10-02T16%3A53%3A38Z&sp=rcw&comp=block&blockid=TURBd01EQXdNREF3TURBd01EQXdNREF3TURBd01EQXdNREF3TURBd01EQSUzRA%3D%3D&timeout=30
RobustScaler ExtremeRandomTrees                0:03:00       0.1898    0.1882
        38   MinMaxScaler RandomForest                      0:00:47       0.1895    0.1882
        39   RobustScaler RandomForest                      0:00:26       0.1907    0.1882
        40   WARNING - Retrying (Retry(total=2, connect=None, read=None, redirect=None, status=None)) after connection broken by 'ProtocolError('Connection aborted.', ConnectionResetError(104, 'Connection reset by peer'))': /azureml/ExperimentRun/dcid.AutoML_af8b15bc-19ae-4e2c-9ed3-3db421e85a58_40/outputs/env_dependencies.json?sv=2019-02-02&sr=b&sig=seXgpfmYMLw%2FbVG8pmJyebEm%2FIWAgySVfTkblgHyWgc%3D&st=2020-10-01T16%3A47%3A50Z&se=2020-10-02T16%3A57%3A50Z&sp=rcw&comp=block&blockid=TURBd01EQXdNREF3TURBd01EQXdNREF3TURBd01EQXdNREF3TURBd01EQSUzRA%3D%3D&timeout=30
WARNING - Retrying (Retry(total=2, connect=None, read=None, redirect=None, status=None)) after connection broken by 'ProtocolError('Connection aborted.', ConnectionResetError(104, 'Connection reset by peer'))': /azureml/ExperimentRun/dcid.AutoML_af8b15bc-19ae-4e2c-9ed3-3db421e85a58_40/outputs/scoring_file_v_1_0_0.py?sv=2019-02-02&sr=b&sig=84VTUymTP6soLtR6NOjhum1wMljTzK6ZWBddqhC2B68%3D&st=2020-10-01T16%3A47%3A50Z&se=2020-10-02T16%3A57%3A50Z&sp=rcw&comp=block&blockid=TURBd01EQXdNREF3TURBd01EQXdNREF3TURBd01EQXdNREF3TURBd01EQSUzRA%3D%3D&timeout=30
WARNING - Retrying (Retry(total=2, connect=None, read=None, redirect=None, status=None)) after connection broken by 'ProtocolError('Connection aborted.', ConnectionResetError(104, 'Connection reset by peer'))': /azureml/ExperimentRun/dcid.AutoML_af8b15bc-19ae-4e2c-9ed3-3db421e85a58_40/outputs/conda_env_v_1_0_0.yml?sv=2019-02-02&sr=b&sig=9VgDww%2BU8hr1v6y3KUJh%2FhNvGylPrHx0Z84veXWyYTM%3D&st=2020-10-01T16%3A47%3A50Z&se=2020-10-02T16%3A57%3A50Z&sp=rcw&comp=block&blockid=TURBd01EQXdNREF3TURBd01EQXdNREF3TURBd01EQXdNREF3TURBd01EQSUzRA%3D%3D&timeout=30
RobustScaler LightGBM                          0:03:07       0.1888    0.1882
        41   RobustScaler ExtremeRandomTrees                0:00:26       0.1905    0.1882
        42   MinMaxScaler ExtremeRandomTrees                0:00:27       0.1883    0.1882
        43   RobustScaler RandomForest                      0:00:25       0.1884    0.1882
        44   RobustScaler ExtremeRandomTrees                0:00:24       0.1888    0.1882
        45   MinMaxScaler LightGBM                          0:00:23       0.1889    0.1882
        46   RobustScaler ExtremeRandomTrees                0:00:29       0.1894    0.1882
        47   MinMaxScaler ExtremeRandomTrees                0:00:25       0.1898    0.1882
        48   MinMaxScaler ExtremeRandomTrees                0:00:38       0.1897    0.1882
        49   StandardScalerWrapper ExtremeRandomTrees       0:00:28       0.1892    0.1882
        50   StandardScalerWrapper LightGBM                 0:00:22       0.1891    0.1882
        51   RobustScaler ExtremeRandomTrees                0:00:24       0.1889    0.1882
        52   RobustScaler RandomForest                      0:00:24       0.1891    0.1882
        53   RobustScaler ExtremeRandomTrees                0:00:26       0.1886    0.1882
        54   MinMaxScaler ExtremeRandomTrees                0:00:24       0.1894    0.1882
        55   RobustScaler LightGBM                          0:00:23       0.1883    0.1882
        56   StandardScalerWrapper RandomForest             0:00:27       0.1889    0.1882
        57   StandardScalerWrapper ExtremeRandomTrees       0:00:29       0.1882    0.1882
        58   StandardScalerWrapper ExtremeRandomTrees       0:00:28       0.1892    0.1882
        59   StandardScalerWrapper ExtremeRandomTrees       0:00:23       0.1890    0.1882
        60   MinMaxScaler LightGBM                          0:00:49       0.2165    0.1882
        61   WARNING - Retrying (Retry(total=2, connect=None, read=None, redirect=None, status=None)) after connection broken by 'ProtocolError('Connection aborted.', ConnectionResetError(104, 'Connection reset by peer'))': /azureml/ExperimentRun/dcid.AutoML_af8b15bc-19ae-4e2c-9ed3-3db421e85a58_61/outputs/conda_env_v_1_0_0.yml?sv=2019-02-02&sr=b&sig=kLRvAZOt4yowIWP16y39949Zy5EiBWMIYxxXEcQsAbU%3D&st=2020-10-01T17%3A00%3A20Z&se=2020-10-02T17%3A10%3A20Z&sp=rcw&comp=block&blockid=TURBd01EQXdNREF3TURBd01EQXdNREF3TURBd01EQXdNREF3TURBd01EQSUzRA%3D%3D&timeout=30
WARNING - Retrying (Retry(total=2, connect=None, read=None, redirect=None, status=None)) after connection broken by 'ProtocolError('Connection aborted.', ConnectionResetError(104, 'Connection reset by peer'))': /azureml/ExperimentRun/dcid.AutoML_af8b15bc-19ae-4e2c-9ed3-3db421e85a58_61/outputs/pipeline_graph.json?sv=2019-02-02&sr=b&sig=KQmPZuu1Pvc0bQ37ZVR1QoThFFLzijKFXKTN7PGB%2B8E%3D&st=2020-10-01T17%3A00%3A20Z&se=2020-10-02T17%3A10%3A20Z&sp=rcw&comp=block&blockid=TURBd01EQXdNREF3TURBd01EQXdNREF3TURBd01EQXdNREF3TURBd01EQSUzRA%3D%3D&timeout=30
RobustScaler RandomForest                      0:03:01       0.1893    0.1882
        62   MinMaxScaler DecisionTree                      0:00:23       0.1904    0.1882
        63   MinMaxScaler RandomForest                      0:00:25       0.1891    0.1882
        64   RobustScaler RandomForest                      0:00:20       0.1895    0.1882
        65   MinMaxScaler LightGBM                          0:00:29       0.1883    0.1882
        66   StandardScalerWrapper RandomForest             0:00:24       0.1898    0.1882
        67   MinMaxScaler ExtremeRandomTrees                0:00:20       0.1892    0.1882
        68   RobustScaler ExtremeRandomTrees                0:00:24       0.1891    0.1882
        69   MinMaxScaler ExtremeRandomTrees                0:00:24       0.1894    0.1882
        70   MinMaxScaler LightGBM                          0:00:29       0.1885    0.1882
        71   StandardScalerWrapper ExtremeRandomTrees       0:00:20       0.1892    0.1882
        72   RobustScaler ExtremeRandomTrees                0:00:28       0.1892    0.1882
        73   RobustScaler RandomForest                      0:00:51       0.1895    0.1882
        74   MinMaxScaler ExtremeRandomTrees                0:00:30       0.1885    0.1882
        75   MinMaxScaler LightGBM                          0:00:22       0.1883    0.1882
        76   WARNING - Retrying (Retry(total=2, connect=None, read=None, redirect=None, status=None)) after connection broken by 'ProtocolError('Connection aborted.', ConnectionResetError(104, 'Connection reset by peer'))': /azureml/ExperimentRun/dcid.AutoML_af8b15bc-19ae-4e2c-9ed3-3db421e85a58_76/outputs/pipeline_graph.json?sv=2019-02-02&sr=b&sig=cA3gp6o9lAF3zvAnTfC5F%2Fdh7ooAHQW2HJpbwjegIhM%3D&st=2020-10-01T17%3A09%3A36Z&se=2020-10-02T17%3A19%3A36Z&sp=rcw&comp=block&blockid=TURBd01EQXdNREF3TURBd01EQXdNREF3TURBd01EQXdNREF3TURBd01EQSUzRA%3D%3D&timeout=30
WARNING - Retrying (Retry(total=2, connect=None, read=None, redirect=None, status=None)) after connection broken by 'ProtocolError('Connection aborted.', ConnectionResetError(104, 'Connection reset by peer'))': /azureml/ExperimentRun/dcid.AutoML_af8b15bc-19ae-4e2c-9ed3-3db421e85a58_76/outputs/env_dependencies.json?sv=2019-02-02&sr=b&sig=xfjdZeR2aPM4y%2F9YoZyNyQACK30dqF%2Fte%2FYANWkzoRM%3D&st=2020-10-01T17%3A09%3A36Z&se=2020-10-02T17%3A19%3A36Z&sp=rcw&comp=block&blockid=TURBd01EQXdNREF3TURBd01EQXdNREF3TURBd01EQXdNREF3TURBd01EQSUzRA%3D%3D&timeout=30
WARNING - Retrying (Retry(total=2, connect=None, read=None, redirect=None, status=None)) after connection broken by 'ProtocolError('Connection aborted.', ConnectionResetError(104, 'Connection reset by peer'))': /azureml/ExperimentRun/dcid.AutoML_af8b15bc-19ae-4e2c-9ed3-3db421e85a58_76/outputs/model.pkl?sv=2019-02-02&sr=b&sig=It12zH6hkeN8YYR8XwYdCOYiF7RrUmCrgmb9%2BkQIHM8%3D&st=2020-10-01T17%3A09%3A36Z&se=2020-10-02T17%3A19%3A36Z&sp=rcw&comp=block&blockid=TURBd01EQXdNREF3TURBd01EQXdNREF3TURBd01EQXdNREF3TURBd01EQSUzRA%3D%3D&timeout=30
StandardScalerWrapper RandomForest             0:03:10       0.1893    0.1882
        77   MinMaxScaler ExtremeRandomTrees                0:00:25       0.1894    0.1882
        78   StandardScalerWrapper RandomForest             0:00:24       0.1891    0.1882
        79   RobustScaler ExtremeRandomTrees                0:00:24       0.1891    0.1882
        80   MinMaxScaler LightGBM                          0:00:24       0.1888    0.1882
        81   MinMaxScaler ExtremeRandomTrees                0:00:25       0.1890    0.1882
        82   StandardScalerWrapper GradientBoosting         0:00:24       0.1891    0.1882
        83   StandardScalerWrapper ExtremeRandomTrees       0:00:27       0.1892    0.1882
        84   StandardScalerWrapper RandomForest             0:00:24       0.1890    0.1882
        85   RobustScaler LightGBM                          0:00:23       0.1880    0.1880
        86   StandardScalerWrapper ExtremeRandomTrees       0:00:23       0.1894    0.1880
        87   RobustScaler RandomForest                      0:00:26       0.1887    0.1880
        88   MinMaxScaler ExtremeRandomTrees                0:00:25       0.1894    0.1880
        89   RobustScaler ExtremeRandomTrees                0:00:26       0.1888    0.1880
        90   MinMaxScaler LightGBM                          0:00:24       0.1893    0.1880
        91   MinMaxScaler ExtremeRandomTrees                0:00:28       0.1893    0.1880
        92   StandardScalerWrapper ExtremeRandomTrees       0:00:27       0.1892    0.1880
        93   MinMaxScaler ExtremeRandomTrees                0:00:27       0.1895    0.1880
        94   StandardScalerWrapper ExtremeRandomTrees       0:00:28       0.1886    0.1880
        95   RobustScaler LightGBM                          0:00:24       0.1894    0.1880
        96   MinMaxScaler RandomForest                      0:00:32       0.1894    0.1880
        97   RobustScaler GradientBoosting                  0:00:25       0.1886    0.1880
        98   RobustScaler ExtremeRandomTrees                0:00:32       0.1888    0.1880
        99   RobustScaler ExtremeRandomTrees                0:00:26       0.1888    0.1880
       100   RobustScaler LightGBM                          0:00:23       0.1899    0.1880
       101   StandardScalerWrapper ExtremeRandomTrees       0:00:24       0.1891    0.1880
       102   RobustScaler RandomForest                      0:00:24       0.1892    0.1880
       103   StandardScalerWrapper ExtremeRandomTrees       0:00:24       0.1893    0.1880
       104   StandardScalerWrapper ExtremeRandomTrees       0:00:29       0.1892    0.1880
       105   WARNING - Retrying (Retry(total=2, connect=None, read=None, redirect=None, status=None)) after connection broken by 'ProtocolError('Connection aborted.', ConnectionResetError(104, 'Connection reset by peer'))': /azureml/ExperimentRun/dcid.AutoML_af8b15bc-19ae-4e2c-9ed3-3db421e85a58_105/outputs/conda_env_v_1_0_0.yml?sv=2019-02-02&sr=b&sig=I68Cs3pdhqkiWvVNXMNLGFy9aQmBCKOv%2BHbfvdudikc%3D&st=2020-10-01T17%3A24%3A57Z&se=2020-10-02T17%3A34%3A57Z&sp=rcw&comp=block&blockid=TURBd01EQXdNREF3TURBd01EQXdNREF3TURBd01EQXdNREF3TURBd01EQSUzRA%3D%3D&timeout=30
MinMaxScaler LightGBM                          0:03:03       0.1886    0.1880
       106   StandardScalerWrapper RandomForest             0:00:21       0.1888    0.1880
       107   MinMaxScaler ExtremeRandomTrees                0:00:27       0.1894    0.1880
       108   MinMaxScaler ExtremeRandomTrees                0:00:20       0.1888    0.1880
       109   MinMaxScaler RandomForest                      0:00:25       0.1887    0.1880
       110   StandardScalerWrapper LightGBM                 0:00:23       0.1887    0.1880
       111   StandardScalerWrapper RandomForest             0:00:30       0.1885    0.1880
       112   RobustScaler RandomForest                      0:00:27       0.1888    0.1880
       113   RobustScaler ExtremeRandomTrees                0:00:30       0.1890    0.1880
       114   StandardScalerWrapper RandomForest             0:00:19       0.1904    0.1880
       115   RobustScaler LightGBM                          0:00:19       0.1914    0.1880
       116   RobustScaler RandomForest                      0:00:24       0.1890    0.1880
       117   StandardScalerWrapper ExtremeRandomTrees       0:00:26       0.1885    0.1880
       118   RobustScaler ExtremeRandomTrees                0:00:25       0.1897    0.1880
       119   StandardScalerWrapper ExtremeRandomTrees       0:00:25       0.1885    0.1880
       120   MinMaxScaler LightGBM                          0:00:23       0.1887    0.1880
       121   StandardScalerWrapper RandomForest             0:00:23       0.1889    0.1880
       122   StandardScalerWrapper RandomForest             0:00:24       0.1896    0.1880
       123   RobustScaler ExtremeRandomTrees                0:00:27       0.1892    0.1880
       124   StandardScalerWrapper RandomForest             0:00:18       0.1890    0.1880
       125   StandardScalerWrapper LightGBM                 0:00:24       0.1899    0.1880
       126   RobustScaler ExtremeRandomTrees                0:00:27       0.1883    0.1880
       127   StandardScalerWrapper ExtremeRandomTrees       0:00:23       0.1888    0.1880
       128   MinMaxScaler RandomForest                      0:00:29       0.1894    0.1880
       129   StandardScalerWrapper RandomForest             0:00:29       0.1893    0.1880
       130   StandardScalerWrapper LightGBM                 0:00:23       0.1903    0.1880
       131   StandardScalerWrapper ExtremeRandomTrees       0:00:27       0.1894    0.1880
       132   RobustScaler RandomForest                      0:00:25       0.1890    0.1880
       133   RobustScaler ExtremeRandomTrees                0:00:31       0.1978    0.1880
       134   StandardScalerWrapper ExtremeRandomTrees       0:00:25       0.1892    0.1880
       135   RobustScaler LightGBM                          0:00:23       0.1880    0.1880
       136   MinMaxScaler ExtremeRandomTrees                0:00:24       0.1888    0.1880
       137   StandardScalerWrapper ExtremeRandomTrees       0:00:27       0.1897    0.1880
       138   RobustScaler RandomForest                      0:00:24       0.1887    0.1880
       139   MinMaxScaler RandomForest                      0:00:31       0.1888    0.1880
       140   RobustScaler LightGBM                          0:00:25       0.1901    0.1880
       141   RobustScaler ExtremeRandomTrees                0:00:29       0.1892    0.1880
       142   RobustScaler RandomForest                      0:00:24       0.1891    0.1880
       143   RobustScaler ExtremeRandomTrees                0:00:31       0.1889    0.1880
       144   StandardScalerWrapper ExtremeRandomTrees       0:00:30       0.1886    0.1880
       145   RobustScaler LightGBM                          0:00:22       0.1889    0.1880
       146   StandardScalerWrapper ExtremeRandomTrees       0:00:24       0.1893    0.1880
       147   MinMaxScaler RandomForest                      0:00:24       0.1889    0.1880
       148   RobustScaler ExtremeRandomTrees                0:00:24       0.1896    0.1880
       149   MinMaxScaler RandomForest                      0:00:25       0.1885    0.1880
       150   WARNING - Retrying (Retry(total=2, connect=None, read=None, redirect=None, status=None)) after connection broken by 'ProtocolError('Connection aborted.', ConnectionResetError(104, 'Connection reset by peer'))': /azureml/ExperimentRun/dcid.AutoML_af8b15bc-19ae-4e2c-9ed3-3db421e85a58_150/outputs/pipeline_graph.json?sv=2019-02-02&sr=b&sig=w97C8TBECiOs90K0LcFvhJnVo85hlGGkeAtXpHdmTc4%3D&st=2020-10-01T17%3A46%3A47Z&se=2020-10-02T17%3A56%3A47Z&sp=rcw&comp=block&blockid=TURBd01EQXdNREF3TURBd01EQXdNREF3TURBd01EQXdNREF3TURBd01EQSUzRA%3D%3D&timeout=30
WARNING - Retrying (Retry(total=2, connect=None, read=None, redirect=None, status=None)) after connection broken by 'ProtocolError('Connection aborted.', ConnectionResetError(104, 'Connection reset by peer'))': /azureml/ExperimentRun/dcid.AutoML_af8b15bc-19ae-4e2c-9ed3-3db421e85a58_150/outputs/scoring_file_v_1_0_0.py?sv=2019-02-02&sr=b&sig=gFfZIJSUS37xHIO%2BZRmAq2HS%2FzfDHFqX%2BdsNdtYNTYw%3D&st=2020-10-01T17%3A46%3A47Z&se=2020-10-02T17%3A56%3A47Z&sp=rcw&comp=block&blockid=TURBd01EQXdNREF3TURBd01EQXdNREF3TURBd01EQXdNREF3TURBd01EQSUzRA%3D%3D&timeout=30
RobustScaler LightGBM                          0:03:05       0.1890    0.1880
       151   RobustScaler ExtremeRandomTrees                0:00:27       0.1888    0.1880
       152   RobustScaler ExtremeRandomTrees                0:00:26       0.1897    0.1880
       153   WARNING - Retrying (Retry(total=2, connect=None, read=None, redirect=None, status=None)) after connection broken by 'ProtocolError('Connection aborted.', ConnectionResetError(104, 'Connection reset by peer'))': /azureml/ExperimentRun/dcid.AutoML_af8b15bc-19ae-4e2c-9ed3-3db421e85a58_153/outputs/scoring_file_v_1_0_0.py?sv=2019-02-02&sr=b&sig=ko5VyT0cw1zjhwQttK7QQMTtv%2BKyrmGwlegkl8ACteI%3D&st=2020-10-01T17%3A50%3A47Z&se=2020-10-02T18%3A00%3A47Z&sp=rcw&comp=block&blockid=TURBd01EQXdNREF3TURBd01EQXdNREF3TURBd01EQXdNREF3TURBd01EQSUzRA%3D%3D&timeout=30
MinMaxScaler ExtremeRandomTrees                0:03:02       0.1891    0.1880
       154   StandardScalerWrapper GradientBoosting         0:00:26       0.1881    0.1880
       155   RobustScaler LightGBM                          0:00:23       0.1886    0.1880
       156   RobustScaler LightGBM                          0:00:23       0.1889    0.1880
       157   StandardScalerWrapper ExtremeRandomTrees       0:00:32       0.1886    0.1880
       158   StandardScalerWrapper RandomForest             0:00:32       0.1896    0.1880
       159   RobustScaler ExtremeRandomTrees                0:00:26       0.1892    0.1880
       160   RobustScaler LightGBM                          0:00:18       0.1890    0.1880
       161   StandardScalerWrapper ExtremeRandomTrees       0:00:27       0.1889    0.1880
       162   StandardScalerWrapper RandomForest             0:00:26       0.1888    0.1880
       163   WARNING - Retrying (Retry(total=2, connect=None, read=None, redirect=None, status=None)) after connection broken by 'ProtocolError('Connection aborted.', ConnectionResetError(104, 'Connection reset by peer'))': /azureml/ExperimentRun/dcid.AutoML_af8b15bc-19ae-4e2c-9ed3-3db421e85a58_163/outputs/model.pkl?sv=2019-02-02&sr=b&sig=ATT3ntNRzjCtEdmcRMi%2Fl1CuJCINweMMDNIzUlxNkQQ%3D&st=2020-10-01T17%3A57%3A54Z&se=2020-10-02T18%3A07%3A54Z&sp=rcw&comp=block&blockid=TURBd01EQXdNREF3TURBd01EQXdNREF3TURBd01EQXdNRFF4T1RRek1EUSUzRA%3D%3D&timeout=30
MinMaxScaler ExtremeRandomTrees                0:01:26       0.1895    0.1880
       164   StandardScalerWrapper RandomForest             0:00:25       0.1898    0.1880
       165   StandardScalerWrapper LightGBM                 0:00:24       0.1882    0.1880
       166   StandardScalerWrapper ExtremeRandomTrees       0:00:25       0.1893    0.1880
       167   MinMaxScaler LightGBM                          0:00:22       0.1883    0.1880
       168   MinMaxScaler ExtremeRandomTrees                0:00:26       0.1892    0.1880
       169   MinMaxScaler RandomForest                      0:00:21       0.1895    0.1880
       170   RobustScaler LightGBM                          0:00:23       0.1889    0.1880
       171   MinMaxScaler ExtremeRandomTrees                0:00:25       0.1897    0.1880
       172   StandardScalerWrapper ExtremeRandomTrees       0:00:26       0.1893    0.1880
       173   MinMaxScaler ExtremeRandomTrees                0:00:25       0.1896    0.1880
       174   MinMaxScaler ExtremeRandomTrees                0:00:30       0.1898    0.1880
       175   WARNING - Retrying (Retry(total=2, connect=None, read=None, redirect=None, status=None)) after connection broken by 'ProtocolError('Connection aborted.', ConnectionResetError(104, 'Connection reset by peer'))': /azureml/ExperimentRun/dcid.AutoML_af8b15bc-19ae-4e2c-9ed3-3db421e85a58_175/outputs/scoring_file_v_1_0_0.py?sv=2019-02-02&sr=b&sig=vYSsL5lUvz5jdv3k4wTIDPNlloSWhyUXNjxF0ltZ2hI%3D&st=2020-10-01T18%3A03%3A51Z&se=2020-10-02T18%3A13%3A51Z&sp=rcw&comp=block&blockid=TURBd01EQXdNREF3TURBd01EQXdNREF3TURBd01EQXdNREF3TURBd01EQSUzRA%3D%3D&timeout=30
StandardScalerWrapper LightGBM                 0:03:07       0.1882    0.1880
       176   RobustScaler RandomForest                      0:00:25       0.1896    0.1880
       177   StandardScalerWrapper ExtremeRandomTrees       0:00:26       0.1895    0.1880
       178   MinMaxScaler ExtremeRandomTrees                0:00:28       0.1891    0.1880
       179   MinMaxScaler ExtremeRandomTrees                0:00:26       0.1897    0.1880
       180   StandardScalerWrapper LightGBM                 0:00:23       0.1881    0.1880
       181   StandardScalerWrapper RandomForest             0:00:27       0.1895    0.1880
       182   RobustScaler RandomForest                      0:00:19       0.1898    0.1880
       183   MinMaxScaler RandomForest                      0:00:26       0.1890    0.1880
       184   MinMaxScaler ExtremeRandomTrees                0:00:26       0.1891    0.1880
       185   RobustScaler LightGBM                          0:00:24       0.1887    0.1880
       186   StandardScalerWrapper ExtremeRandomTrees       0:00:27       0.1894    0.1880
       187   StandardScalerWrapper ExtremeRandomTrees       0:00:26       0.1892    0.1880
       188   MinMaxScaler ExtremeRandomTrees                0:00:24       0.1897    0.1880
       189   StandardScalerWrapper RandomForest             0:00:25       0.1889    0.1880
       190   StandardScalerWrapper LightGBM                 0:00:25       0.1880    0.1880
       191   RobustScaler RandomForest                      0:00:25       0.1889    0.1880
       192   MinMaxScaler ExtremeRandomTrees                0:00:24       0.1894    0.1880
       193   RobustScaler ExtremeRandomTrees                0:00:28       0.1894    0.1880
       194   MinMaxScaler GradientBoosting                  0:00:24       0.1890    0.1880
       195   MinMaxScaler LightGBM                          0:00:28       0.1887    0.1880
       196   MinMaxScaler ExtremeRandomTrees                0:00:24       0.1893    0.1880
       197   MinMaxScaler ExtremeRandomTrees                0:00:27       0.1895    0.1880
       198   StandardScalerWrapper RandomForest             0:00:28       0.1886    0.1880
       199   MinMaxScaler ExtremeRandomTrees                0:00:30       0.1894    0.1880
       200   StandardScalerWrapper LightGBM                 0:00:24       0.1888    0.1880
       201   MinMaxScaler ExtremeRandomTrees                0:00:19       0.1893    0.1880
       202   StandardScalerWrapper ExtremeRandomTrees       0:00:25       0.1889    0.1880
       203   RobustScaler ExtremeRandomTrees                0:00:31       0.1888    0.1880
       204   RobustScaler ExtremeRandomTrees                0:00:30       0.1896    0.1880
       205   StandardScalerWrapper LightGBM                 0:00:24       0.1898    0.1880
       206   RobustScaler LightGBM                          0:00:27       0.1950    0.1880
       207   MinMaxScaler ExtremeRandomTrees                0:00:24       0.1897    0.1880
       208   WARNING - Retrying (Retry(total=2, connect=None, read=None, redirect=None, status=None)) after connection broken by 'ProtocolError('Connection aborted.', ConnectionResetError(104, 'Connection reset by peer'))': /azureml/ExperimentRun/dcid.AutoML_af8b15bc-19ae-4e2c-9ed3-3db421e85a58_208/outputs/scoring_file_v_1_0_0.py?sv=2019-02-02&sr=b&sig=yW30Lmbl2%2FSKo2wwKO%2FarjVMkeYi3DNoEJwZhDXgKp8%3D&st=2020-10-01T18%3A20%3A55Z&se=2020-10-02T18%3A30%3A55Z&sp=rcw&comp=block&blockid=TURBd01EQXdNREF3TURBd01EQXdNREF3TURBd01EQXdNREF3TURBd01EQSUzRA%3D%3D&timeout=30
StandardScalerWrapper ExtremeRandomTrees       0:03:06       0.1898    0.1880
       209   WARNING - Received unrecognized parameter ensemble_download_models_timeout_sec
WARNING - Received unrecognized parameter ensemble_download_models_timeout_sec
VotingEnsemble                                 0:02:29       0.1876    0.1876
Stopping criteria reached at iteration 210. Ending experiment.
WARNING - Received unrecognized parameter ensemble_download_models_timeout_sec
WARNING - Received unrecognized parameter ensemble_download_models_timeout_sec
WARNING - Received unrecognized parameter ensemble_download_models_timeout_sec
****************************************************************************************************
Current status: BestRunExplainModel. Best run model explanations started
Current status: ModelExplanationDataSetSetup. Model explanations data setup completed
Current status: PickSurrogateModel. Choosing LightGBM as the surrogate model for explanations
Current status: EngineeredFeatureExplanations. Computation of engineered features started
Current status: EngineeredFeatureExplanations. Computation of engineered features completed
Current status: BestRunExplainModel. Best run model explanations completed
****************************************************************************************************
WARNING - Received unrecognized parameter ensemble_download_models_timeout_sec
WARNING - Received unrecognized parameter ensemble_download_models_timeout_sec
WARNING - Received unrecognized parameter ensemble_download_models_timeout_sec
Best pipeline:
<class 'sklearn.ensemble._voting.VotingRegressor'>
0. Pipeline(memory=None,
         steps=[('robustscaler',
                 RobustScaler(copy=True, quantile_range=[10, 90],
                              with_centering=True, with_scaling=True)),
                ('lightgbmregressor',
                 LightGBMRegressor(boosting_type='gbdt', class_weight=None,
                                   colsample_bytree=0.2,
                                   importance_type='split',
                                   learning_rate=0.11579368421052631, max_bin=7,
                                   max_depth=8, min_child_samples=1591,
                                   min_child_weight=0.001,
                                   min_split_gain=0.21052631578947367,
                                   n_estimators=50, n_jobs=-1, num_leaves=63,
                                   objective=None, random_state=None,
                                   reg_alpha=0.375, reg_lambda=0.525,
                                   silent=True, subsample=0.65,
                                   subsample_for_bin=200000, subsample_freq=0,
                                   verbose=-1))],
         verbose=False)
1. Pipeline(memory=None,
         steps=[('standardscalerwrapper',
                 <azureml.automl.runtime.shared.model_wrappers.StandardScalerWrapper object at 0x7fd99be33790>),
                ('lightgbmregressor',
                 LightGBMRegressor(boosting_type='gbdt', class_weight=None,
                                   colsample_bytree=0.2,
                                   importance_type='split',
                                   learning_rate=0.11579368421052631, max_bin=7,
                                   max_depth=8, min_child_samples=48,
                                   min_child_weight=0.001, min_split_gain=0,
                                   n_estimators=25, n_jobs=-1, num_leaves=15,
                                   objective=None, random_state=None,
                                   reg_alpha=1.05, reg_lambda=1.125,
                                   silent=True, subsample=0.75,
                                   subsample_for_bin=200000, subsample_freq=2,
                                   verbose=-1))],
         verbose=False)
2. Pipeline(memory=None,
         steps=[('robustscaler',
                 RobustScaler(copy=True, quantile_range=[25, 75],
                              with_centering=True, with_scaling=True)),
                ('lightgbmregressor',
                 LightGBMRegressor(boosting_type='gbdt', class_weight=None,
                                   colsample_bytree=0.5,
                                   importance_type='split',
                                   learning_rate=0.08421631578947368,
                                   max_bin=1023, max_depth=5,
                                   min_child_samples=1139,
                                   min_child_weight=0.001,
                                   min_split_gain=0.47368421052631576,
                                   n_estimators=25, n_jobs=-1, num_leaves=15,
                                   objective=None, random_state=None,
                                   reg_alpha=0.375,
                                   reg_lambda=0.22499999999999998, silent=True,
                                   subsample=0.75, subsample_for_bin=200000,
                                   subsample_freq=1, verbose=-1))],
         verbose=False)
3. Pipeline(memory=None,
         steps=[('standardscalerwrapper',
                 <azureml.automl.runtime.shared.model_wrappers.StandardScalerWrapper object at 0x7fd9e00bf2d0>),
                ('gradientboostingregressor',
                 GradientBoostingRegressor(alpha=0.1, ccp_alpha=0.0,
                                           criterion='mse', init=None,
                                           learning_rate=0.01, loss='ls',
                                           max_depth=10, max_features=0.5,
                                           max_leaf_nodes=None,
                                           min_impurity_decrease=0.0,
                                           min_impurity_split=None,
                                           min_samples_leaf=0.0023646822772690063,
                                           min_samples_split=0.10734188827013527,
                                           min_weight_fraction_leaf=0.0,
                                           n_estimators=100,
                                           n_iter_no_change=None,
                                           presort='deprecated',
                                           random_state=None, subsample=0.85,
                                           tol=0.0001, validation_fraction=0.1,
                                           verbose=0, warm_start=False))],
         verbose=False)
4. Pipeline(memory=None,
         steps=[('standardscalerwrapper',
                 <azureml.automl.runtime.shared.model_wrappers.StandardScalerWrapper object at 0x7fd99b413450>),
                ('lightgbmregressor',
                 LightGBMRegressor(boosting_type='gbdt', class_weight=None,
                                   colsample_bytree=0.30000000000000004,
                                   importance_type='split',
                                   learning_rate=0.1052678947368421, max_bin=63,
                                   max_depth=10, min_child_samples=253,
                                   min_child_weight=0.001,
                                   min_split_gain=0.3684210526315789,
                                   n_estimators=25, n_jobs=-1, num_leaves=255,
                                   objective=None, random_state=None,
                                   reg_alpha=0.6749999999999999,
                                   reg_lambda=0.075, silent=True,
                                   subsample=0.44999999999999996,
                                   subsample_for_bin=200000, subsample_freq=3,
                                   verbose=-1))],
         verbose=False)
5. Pipeline(memory=None,
         steps=[('minmaxscaler', MinMaxScaler(copy=True, feature_range=(0, 1))),
                ('lightgbmregressor',
                 LightGBMRegressor(boosting_type='gbdt', class_weight=None,
                                   colsample_bytree=0.30000000000000004,
                                   importance_type='split',
                                   learning_rate=0.1789484210526316,
                                   max_bin=255, max_depth=8,
                                   min_child_samples=253,
                                   min_child_weight=0.001,
                                   min_split_gain=0.3157894736842105,
                                   n_estimators=10, n_jobs=-1, num_leaves=127,
                                   objective=None, random_state=None,
                                   reg_alpha=0.15, reg_lambda=0.15, silent=True,
                                   subsample=0.49999999999999994,
                                   subsample_for_bin=200000, subsample_freq=9,
                                   verbose=-1))],
         verbose=False)

['year', 'half', 'quarter', 'month', 'day', 'hour', 'am_pm', 'hour12', 'wday', 'qday', 'week']
  RawFeatureName TypeDetected Dropped  EngineeredFeatureCount  \
0  datetime       DateTime     No      11                       

                                                                                                                                                                                                                           Transformations  
0  [DateTimeTransformer, DateTimeTransformer, DateTimeTransformer, DateTimeTransformer, DateTimeTransformer, DateTimeTransformer, DateTimeTransformer, DateTimeTransformer, DateTimeTransformer, DateTimeTransformer, DateTimeTransformer]  
