WARNING - Received unrecognized parameter ensemble_download_models_timeout_sec
Running on local machine
Parent Run ID: AutoML_0556b4f5-2259-4352-8b06-296a0d61a658

Current status: DatasetFeaturization. Beginning to featurize the dataset.
Current status: DatasetFeaturizationCompleted. Completed featurizing the dataset.
Heuristic parameters: Target_Lag = '[1]', Target_Rolling_Window = '3'.
/projappl/project_2003107/anaconda3/envs/azure_automl/lib/python3.7/site-packages/azureml/_restclient/workspace_client.py:380: DeprecationWarning: The 'warn' method is deprecated, use 'warning' instead
  self._logger.warn('Converting non-string tag to string: (%s: %s)', key, val)
WARNING - Converting non-string tag to string: (forecasting_target_lags: [1])
WARNING - Converting non-string tag to string: (forecasting_target_rolling_window_size: 3)
WARNING - Converting non-string tag to string: (forecasting_max_horizon: 2223)
Current status: DatasetCrossValidationSplit. Generating individually featurized CV splits.
Current status: DatasetFeaturization. Beginning to featurize the CV split.
/projappl/project_2003107/anaconda3/envs/azure_automl/lib/python3.7/site-packages/azureml/automl/runtime/featurizer/transformer/timeseries/rolling_window.py:260: UserWarning: RollingWindow: "center" is not a configurable window option.
  'a configurable window option.')
/projappl/project_2003107/anaconda3/envs/azure_automl/lib/python3.7/site-packages/azureml/automl/runtime/featurizer/transformer/timeseries/rolling_window.py:260: UserWarning: RollingWindow: "closed" is not a configurable window option.
  'a configurable window option.')
Current status: DatasetFeaturizationCompleted. Completed featurizing the CV split.
Current status: DatasetFeaturization. Beginning to featurize the CV split.
Current status: DatasetFeaturizationCompleted. Completed featurizing the CV split.
Current status: DatasetFeaturization. Beginning to featurize the CV split.
Current status: DatasetFeaturizationCompleted. Completed featurizing the CV split.
Current status: DatasetFeaturization. Beginning to featurize the CV split.
Current status: DatasetFeaturizationCompleted. Completed featurizing the CV split.
Current status: DatasetFeaturization. Beginning to featurize the CV split.
Current status: DatasetFeaturizationCompleted. Completed featurizing the CV split.

****************************************************************************************************
DATA GUARDRAILS: 

TYPE:         Frequency detection
STATUS:       PASSED
DESCRIPTION:  The time series was analyzed, all data points are aligned with detected frequency.
              

****************************************************************************************************

TYPE:         Missing feature values imputation
STATUS:       PASSED
DESCRIPTION:  No feature missing values were detected in the training data.
              Learn more about missing value imputation: https://aka.ms/AutomatedMLFeaturization

****************************************************************************************************

TYPE:         Memory Issues Detection
STATUS:       PASSED
DESCRIPTION:  The selected horizon, lag and rolling window values were analyzed, and no potential memory issues were detected.
              Learn more about time-series forecasting configurations: https://aka.ms/AutomatedMLForecastingConfiguration

****************************************************************************************************
Current status: ModelSelection. Beginning model selection.

****************************************************************************************************
ITERATION: The iteration being evaluated.
PIPELINE: A summary description of the pipeline being evaluated.
DURATION: Time taken for the current iteration.
METRIC: The result of computing score on the fitted pipeline.
BEST: The best observed score thus far.
****************************************************************************************************

 ITERATION   PIPELINE                                       DURATION      METRIC      BEST
/projappl/project_2003107/anaconda3/envs/azure_automl/lib/python3.7/site-packages/azureml/automl/core/_downloader.py:81: DeprecationWarning: time.clock has been deprecated in Python 3.3 and will be removed from Python 3.8: use time.perf_counter or time.process_time instead
  download_start_time = time.clock()
/projappl/project_2003107/anaconda3/envs/azure_automl/lib/python3.7/site-packages/azureml/automl/core/_downloader.py:89: DeprecationWarning: time.clock has been deprecated in Python 3.3 and will be removed from Python 3.8: use time.perf_counter or time.process_time instead
  download_end_time = time.clock()
         0   /projappl/project_2003107/anaconda3/envs/azure_automl/lib/python3.7/site-packages/sklearn/base.py:197: FutureWarning: From version 0.24, get_params will raise an AttributeError if a parameter cannot be retrieved as an instance attribute. Previously it would return None.
  FutureWarning)
RobustScaler LassoLars                         0:04:32       0.1713    0.1713
         1   RobustScaler DecisionTree                      0:09:52       0.0983    0.0983
         2   StandardScalerWrapper DecisionTree             0:09:53       0.0989    0.0983
         3   RobustScaler DecisionTree                      0:10:38       0.1001    0.0983
         4   StandardScalerWrapper ElasticNet               0:05:28       0.1681    0.0983
         5   MinMaxScaler DecisionTree                      0:08:33       0.1018    0.0983
         6   MinMaxScaler ElasticNet                        0:08:32       0.1702    0.0983
         7   StandardScalerWrapper DecisionTree             0:09:24       0.1016    0.0983
         8   StandardScalerWrapper DecisionTree             0:08:43       0.0970    0.0970
         9   RobustScaler DecisionTree                      0:11:02       0.1013    0.0970
        10   RobustScaler ElasticNet                        0:17:40       0.1714    0.0970
        11   RobustScaler DecisionTree                      0:10:11       0.0979    0.0970
        12   RobustScaler DecisionTree                      0:09:15       0.0992    0.0970
        13   StandardScalerWrapper DecisionTree             0:08:45       0.0981    0.0970
        14   WARNING - Retrying (Retry(total=2, connect=None, read=None, redirect=None, status=None)) after connection broken by 'ProtocolError('Connection aborted.', ConnectionResetError(104, 'Connection reset by peer'))': /azureml/ExperimentRun/dcid.AutoML_0556b4f5-2259-4352-8b06-296a0d61a658_14/outputs/model.pkl?sv=2019-02-02&sr=b&sig=eERuOFpJULm1kTi6aSO95opDf0g1SbePJeovVtV8QpE%3D&st=2021-01-14T14%3A07%3A50Z&se=2021-01-15T14%3A17%3A50Z&sp=rcw&comp=block&blockid=TURBd01EQXdNREF3TURBd01EQXdNREF3TURBd01EQXlNRGszTVRVeU1EQSUzRA%3D%3D&timeout=30
MinMaxScaler DecisionTree                      0:10:01       0.0979    0.0970
        15   MinMaxScaler DecisionTree                      0:10:52       0.1002    0.0970
        16   RobustScaler DecisionTree                      0:09:35       0.0979    0.0970
        17   StandardScalerWrapper DecisionTree             0:10:05       0.0989    0.0970
        18   MinMaxScaler DecisionTree                      0:09:47       0.0985    0.0970
        19   StandardScalerWrapper LassoLars                0:04:03       0.1716    0.0970
        20   StandardScalerWrapper DecisionTree             0:10:41       0.1001    0.0970
        21                                                  2:43:10          nan    0.0970
ERROR:                                                 
        22   WARNING - Received unrecognized parameter ensemble_download_models_timeout_sec
WARNING - Received unrecognized parameter ensemble_download_models_timeout_sec
WARNING - Retrying (Retry(total=2, connect=None, read=None, redirect=None, status=None)) after connection broken by 'ProtocolError('Connection aborted.', ConnectionResetError(104, 'Connection reset by peer'))': /azureml/ExperimentRun/dcid.AutoML_0556b4f5-2259-4352-8b06-296a0d61a658_2/outputs/internal_cross_validated_models.pkl?sv=2019-02-02&sr=b&sig=J5cuMSNdEtnaJkyf7ORaLn%2BgwbJAkGPO66kMLwauk9I%3D&st=2021-01-14T17%3A48%3A11Z&se=2021-01-15T01%3A58%3A11Z&sp=r
WARNING - Retrying (Retry(total=2, connect=None, read=None, redirect=None, status=None)) after connection broken by 'ProtocolError('Connection aborted.', ConnectionResetError(104, 'Connection reset by peer'))': /azureml/ExperimentRun/dcid.AutoML_0556b4f5-2259-4352-8b06-296a0d61a658_4/outputs/internal_cross_validated_models.pkl?sv=2019-02-02&sr=b&sig=zPupddhS6AJ1hHIJJ9zbnixAnBuxloMuSz1ucaRP8H0%3D&st=2021-01-14T17%3A48%3A11Z&se=2021-01-15T01%3A58%3A11Z&sp=r
WARNING - Connection pool is full, discarding connection: automltimeseri1542891604.blob.core.windows.net
WARNING - Connection pool is full, discarding connection: automltimeseri1542891604.blob.core.windows.net
WARNING - Connection pool is full, discarding connection: automltimeseri1542891604.blob.core.windows.net
WARNING - Connection pool is full, discarding connection: automltimeseri1542891604.blob.core.windows.net
WARNING - Connection pool is full, discarding connection: automltimeseri1542891604.blob.core.windows.net
WARNING - Connection pool is full, discarding connection: automltimeseri1542891604.blob.core.windows.net
WARNING - Connection pool is full, discarding connection: automltimeseri1542891604.blob.core.windows.net
WARNING - Connection pool is full, discarding connection: automltimeseri1542891604.blob.core.windows.net
WARNING - Connection pool is full, discarding connection: automltimeseri1542891604.blob.core.windows.net
WARNING - Connection pool is full, discarding connection: automltimeseri1542891604.blob.core.windows.net
WARNING - Connection pool is full, discarding connection: automltimeseri1542891604.blob.core.windows.net
WARNING - Connection pool is full, discarding connection: automltimeseri1542891604.blob.core.windows.net
WARNING - Connection pool is full, discarding connection: automltimeseri1542891604.blob.core.windows.net
WARNING - Connection pool is full, discarding connection: automltimeseri1542891604.blob.core.windows.net
WARNING - Connection pool is full, discarding connection: automltimeseri1542891604.blob.core.windows.net
WARNING - Connection pool is full, discarding connection: automltimeseri1542891604.blob.core.windows.net
WARNING - Connection pool is full, discarding connection: automltimeseri1542891604.blob.core.windows.net
WARNING - Connection pool is full, discarding connection: automltimeseri1542891604.blob.core.windows.net
WARNING - Connection pool is full, discarding connection: automltimeseri1542891604.blob.core.windows.net
WARNING - Connection pool is full, discarding connection: automltimeseri1542891604.blob.core.windows.net
WARNING - Connection pool is full, discarding connection: automltimeseri1542891604.blob.core.windows.net
WARNING - Connection pool is full, discarding connection: automltimeseri1542891604.blob.core.windows.net
WARNING - Connection pool is full, discarding connection: automltimeseri1542891604.blob.core.windows.net
WARNING - Connection pool is full, discarding connection: automltimeseri1542891604.blob.core.windows.net
WARNING - Connection pool is full, discarding connection: automltimeseri1542891604.blob.core.windows.net
WARNING - Connection pool is full, discarding connection: automltimeseri1542891604.blob.core.windows.net
WARNING - Connection pool is full, discarding connection: automltimeseri1542891604.blob.core.windows.net
WARNING - Connection pool is full, discarding connection: automltimeseri1542891604.blob.core.windows.net
WARNING - Connection pool is full, discarding connection: automltimeseri1542891604.blob.core.windows.net
WARNING - Connection pool is full, discarding connection: automltimeseri1542891604.blob.core.windows.net
WARNING - Connection pool is full, discarding connection: automltimeseri1542891604.blob.core.windows.net
WARNING - Connection pool is full, discarding connection: automltimeseri1542891604.blob.core.windows.net
WARNING - Connection pool is full, discarding connection: automltimeseri1542891604.blob.core.windows.net
WARNING - Connection pool is full, discarding connection: automltimeseri1542891604.blob.core.windows.net
WARNING - Connection pool is full, discarding connection: automltimeseri1542891604.blob.core.windows.net
WARNING - Connection pool is full, discarding connection: automltimeseri1542891604.blob.core.windows.net
WARNING - Connection pool is full, discarding connection: automltimeseri1542891604.blob.core.windows.net
WARNING - Connection pool is full, discarding connection: automltimeseri1542891604.blob.core.windows.net
WARNING - Connection pool is full, discarding connection: automltimeseri1542891604.blob.core.windows.net
WARNING - Connection pool is full, discarding connection: automltimeseri1542891604.blob.core.windows.net
WARNING - Connection pool is full, discarding connection: automltimeseri1542891604.blob.core.windows.net
WARNING - Connection pool is full, discarding connection: automltimeseri1542891604.blob.core.windows.net
WARNING - Connection pool is full, discarding connection: automltimeseri1542891604.blob.core.windows.net
WARNING - Connection pool is full, discarding connection: automltimeseri1542891604.blob.core.windows.net
WARNING - Connection pool is full, discarding connection: automltimeseri1542891604.blob.core.windows.net
WARNING - Connection pool is full, discarding connection: automltimeseri1542891604.blob.core.windows.net
WARNING - Connection pool is full, discarding connection: automltimeseri1542891604.blob.core.windows.net
WARNING - Connection pool is full, discarding connection: automltimeseri1542891604.blob.core.windows.net
WARNING - Connection pool is full, discarding connection: automltimeseri1542891604.blob.core.windows.net
WARNING - Connection pool is full, discarding connection: automltimeseri1542891604.blob.core.windows.net
WARNING - Connection pool is full, discarding connection: automltimeseri1542891604.blob.core.windows.net
WARNING - Connection pool is full, discarding connection: automltimeseri1542891604.blob.core.windows.net
WARNING - Connection pool is full, discarding connection: automltimeseri1542891604.blob.core.windows.net
WARNING - Connection pool is full, discarding connection: automltimeseri1542891604.blob.core.windows.net
WARNING - Connection pool is full, discarding connection: automltimeseri1542891604.blob.core.windows.net
WARNING - Connection pool is full, discarding connection: automltimeseri1542891604.blob.core.windows.net
WARNING - Connection pool is full, discarding connection: automltimeseri1542891604.blob.core.windows.net
WARNING - Connection pool is full, discarding connection: automltimeseri1542891604.blob.core.windows.net
WARNING - Connection pool is full, discarding connection: automltimeseri1542891604.blob.core.windows.net
WARNING - Connection pool is full, discarding connection: automltimeseri1542891604.blob.core.windows.net
WARNING - Connection pool is full, discarding connection: automltimeseri1542891604.blob.core.windows.net
WARNING - Connection pool is full, discarding connection: automltimeseri1542891604.blob.core.windows.net
WARNING - Connection pool is full, discarding connection: automltimeseri1542891604.blob.core.windows.net
WARNING - Connection pool is full, discarding connection: automltimeseri1542891604.blob.core.windows.net
WARNING - Connection pool is full, discarding connection: automltimeseri1542891604.blob.core.windows.net
WARNING - Connection pool is full, discarding connection: automltimeseri1542891604.blob.core.windows.net
WARNING - Connection pool is full, discarding connection: automltimeseri1542891604.blob.core.windows.net
WARNING - Connection pool is full, discarding connection: automltimeseri1542891604.blob.core.windows.net
WARNING - Connection pool is full, discarding connection: automltimeseri1542891604.blob.core.windows.net
WARNING - Connection pool is full, discarding connection: automltimeseri1542891604.blob.core.windows.net
WARNING - Connection pool is full, discarding connection: automltimeseri1542891604.blob.core.windows.net
WARNING - Connection pool is full, discarding connection: automltimeseri1542891604.blob.core.windows.net
WARNING - Connection pool is full, discarding connection: automltimeseri1542891604.blob.core.windows.net
WARNING - Connection pool is full, discarding connection: automltimeseri1542891604.blob.core.windows.net
WARNING - Connection pool is full, discarding connection: automltimeseri1542891604.blob.core.windows.net
WARNING - Connection pool is full, discarding connection: automltimeseri1542891604.blob.core.windows.net
WARNING - Connection pool is full, discarding connection: automltimeseri1542891604.blob.core.windows.net
WARNING - Connection pool is full, discarding connection: automltimeseri1542891604.blob.core.windows.net
WARNING - Connection pool is full, discarding connection: automltimeseri1542891604.blob.core.windows.net
WARNING - Connection pool is full, discarding connection: automltimeseri1542891604.blob.core.windows.net
WARNING - Connection pool is full, discarding connection: automltimeseri1542891604.blob.core.windows.net
WARNING - Connection pool is full, discarding connection: automltimeseri1542891604.blob.core.windows.net
WARNING - Connection pool is full, discarding connection: automltimeseri1542891604.blob.core.windows.net
WARNING - Connection pool is full, discarding connection: automltimeseri1542891604.blob.core.windows.net
WARNING - Connection pool is full, discarding connection: automltimeseri1542891604.blob.core.windows.net
WARNING - Connection pool is full, discarding connection: automltimeseri1542891604.blob.core.windows.net
WARNING - Connection pool is full, discarding connection: automltimeseri1542891604.blob.core.windows.net
WARNING - Connection pool is full, discarding connection: automltimeseri1542891604.blob.core.windows.net
WARNING - Connection pool is full, discarding connection: automltimeseri1542891604.blob.core.windows.net
WARNING - Connection pool is full, discarding connection: automltimeseri1542891604.blob.core.windows.net
WARNING - Connection pool is full, discarding connection: automltimeseri1542891604.blob.core.windows.net
WARNING - Connection pool is full, discarding connection: automltimeseri1542891604.blob.core.windows.net
WARNING - Connection pool is full, discarding connection: automltimeseri1542891604.blob.core.windows.net
WARNING - Connection pool is full, discarding connection: automltimeseri1542891604.blob.core.windows.net
WARNING - Connection pool is full, discarding connection: automltimeseri1542891604.blob.core.windows.net
WARNING - Connection pool is full, discarding connection: automltimeseri1542891604.blob.core.windows.net
WARNING - Connection pool is full, discarding connection: automltimeseri1542891604.blob.core.windows.net
WARNING - Connection pool is full, discarding connection: automltimeseri1542891604.blob.core.windows.net
WARNING - Connection pool is full, discarding connection: automltimeseri1542891604.blob.core.windows.net
WARNING - Connection pool is full, discarding connection: automltimeseri1542891604.blob.core.windows.net
WARNING - Connection pool is full, discarding connection: automltimeseri1542891604.blob.core.windows.net
WARNING - Connection pool is full, discarding connection: automltimeseri1542891604.blob.core.windows.net
WARNING - Connection pool is full, discarding connection: automltimeseri1542891604.blob.core.windows.net
WARNING - Connection pool is full, discarding connection: automltimeseri1542891604.blob.core.windows.net
WARNING - Connection pool is full, discarding connection: automltimeseri1542891604.blob.core.windows.net
WARNING - Connection pool is full, discarding connection: automltimeseri1542891604.blob.core.windows.net
WARNING - Connection pool is full, discarding connection: automltimeseri1542891604.blob.core.windows.net
WARNING - Connection pool is full, discarding connection: automltimeseri1542891604.blob.core.windows.net
WARNING - Connection pool is full, discarding connection: automltimeseri1542891604.blob.core.windows.net
WARNING - Connection pool is full, discarding connection: automltimeseri1542891604.blob.core.windows.net
WARNING - Connection pool is full, discarding connection: automltimeseri1542891604.blob.core.windows.net
WARNING - Connection pool is full, discarding connection: automltimeseri1542891604.blob.core.windows.net
WARNING - Connection pool is full, discarding connection: automltimeseri1542891604.blob.core.windows.net
WARNING - Connection pool is full, discarding connection: automltimeseri1542891604.blob.core.windows.net
WARNING - Connection pool is full, discarding connection: automltimeseri1542891604.blob.core.windows.net
WARNING - Connection pool is full, discarding connection: automltimeseri1542891604.blob.core.windows.net
WARNING - Connection pool is full, discarding connection: automltimeseri1542891604.blob.core.windows.net
WARNING - Connection pool is full, discarding connection: automltimeseri1542891604.blob.core.windows.net
WARNING - Connection pool is full, discarding connection: automltimeseri1542891604.blob.core.windows.net
WARNING - Connection pool is full, discarding connection: automltimeseri1542891604.blob.core.windows.net
WARNING - Connection pool is full, discarding connection: automltimeseri1542891604.blob.core.windows.net
WARNING - Connection pool is full, discarding connection: automltimeseri1542891604.blob.core.windows.net
WARNING - Connection pool is full, discarding connection: automltimeseri1542891604.blob.core.windows.net
WARNING - Connection pool is full, discarding connection: automltimeseri1542891604.blob.core.windows.net
WARNING - Connection pool is full, discarding connection: automltimeseri1542891604.blob.core.windows.net
WARNING - Connection pool is full, discarding connection: automltimeseri1542891604.blob.core.windows.net
WARNING - Connection pool is full, discarding connection: automltimeseri1542891604.blob.core.windows.net
WARNING - Connection pool is full, discarding connection: automltimeseri1542891604.blob.core.windows.net
WARNING - Connection pool is full, discarding connection: automltimeseri1542891604.blob.core.windows.net
WARNING - Connection pool is full, discarding connection: automltimeseri1542891604.blob.core.windows.net
WARNING - Connection pool is full, discarding connection: automltimeseri1542891604.blob.core.windows.net
WARNING - Connection pool is full, discarding connection: automltimeseri1542891604.blob.core.windows.net
WARNING - Connection pool is full, discarding connection: automltimeseri1542891604.blob.core.windows.net
WARNING - Connection pool is full, discarding connection: automltimeseri1542891604.blob.core.windows.net
WARNING - Connection pool is full, discarding connection: automltimeseri1542891604.blob.core.windows.net
WARNING - Connection pool is full, discarding connection: automltimeseri1542891604.blob.core.windows.net
WARNING - Connection pool is full, discarding connection: automltimeseri1542891604.blob.core.windows.net
WARNING - Connection pool is full, discarding connection: automltimeseri1542891604.blob.core.windows.net
WARNING - Connection pool is full, discarding connection: automltimeseri1542891604.blob.core.windows.net
WARNING - Connection pool is full, discarding connection: automltimeseri1542891604.blob.core.windows.net
WARNING - Connection pool is full, discarding connection: automltimeseri1542891604.blob.core.windows.net
WARNING - Connection pool is full, discarding connection: automltimeseri1542891604.blob.core.windows.net
WARNING - Connection pool is full, discarding connection: automltimeseri1542891604.blob.core.windows.net
WARNING - Connection pool is full, discarding connection: automltimeseri1542891604.blob.core.windows.net
WARNING - Connection pool is full, discarding connection: automltimeseri1542891604.blob.core.windows.net
WARNING - Connection pool is full, discarding connection: automltimeseri1542891604.blob.core.windows.net
WARNING - Connection pool is full, discarding connection: automltimeseri1542891604.blob.core.windows.net
WARNING - Connection pool is full, discarding connection: automltimeseri1542891604.blob.core.windows.net
WARNING - Connection pool is full, discarding connection: automltimeseri1542891604.blob.core.windows.net
WARNING - Connection pool is full, discarding connection: automltimeseri1542891604.blob.core.windows.net
WARNING - Connection pool is full, discarding connection: automltimeseri1542891604.blob.core.windows.net
WARNING - Connection pool is full, discarding connection: automltimeseri1542891604.blob.core.windows.net
WARNING - Connection pool is full, discarding connection: automltimeseri1542891604.blob.core.windows.net
WARNING - Connection pool is full, discarding connection: automltimeseri1542891604.blob.core.windows.net
WARNING - Connection pool is full, discarding connection: automltimeseri1542891604.blob.core.windows.net
WARNING - Connection pool is full, discarding connection: automltimeseri1542891604.blob.core.windows.net
WARNING - Connection pool is full, discarding connection: automltimeseri1542891604.blob.core.windows.net
WARNING - Connection pool is full, discarding connection: automltimeseri1542891604.blob.core.windows.net
WARNING - Connection pool is full, discarding connection: automltimeseri1542891604.blob.core.windows.net
WARNING - Connection pool is full, discarding connection: automltimeseri1542891604.blob.core.windows.net
WARNING - Connection pool is full, discarding connection: automltimeseri1542891604.blob.core.windows.net
WARNING - Connection pool is full, discarding connection: automltimeseri1542891604.blob.core.windows.net
WARNING - Connection pool is full, discarding connection: automltimeseri1542891604.blob.core.windows.net
WARNING - Connection pool is full, discarding connection: automltimeseri1542891604.blob.core.windows.net
WARNING - Connection pool is full, discarding connection: automltimeseri1542891604.blob.core.windows.net
WARNING - Connection pool is full, discarding connection: automltimeseri1542891604.blob.core.windows.net
WARNING - Connection pool is full, discarding connection: automltimeseri1542891604.blob.core.windows.net
WARNING - Connection pool is full, discarding connection: automltimeseri1542891604.blob.core.windows.net
WARNING - Connection pool is full, discarding connection: automltimeseri1542891604.blob.core.windows.net
WARNING - Connection pool is full, discarding connection: automltimeseri1542891604.blob.core.windows.net
WARNING - Connection pool is full, discarding connection: automltimeseri1542891604.blob.core.windows.net
WARNING - Connection pool is full, discarding connection: automltimeseri1542891604.blob.core.windows.net
WARNING - Connection pool is full, discarding connection: automltimeseri1542891604.blob.core.windows.net
WARNING - Connection pool is full, discarding connection: automltimeseri1542891604.blob.core.windows.net
WARNING - Connection pool is full, discarding connection: automltimeseri1542891604.blob.core.windows.net
WARNING - Connection pool is full, discarding connection: automltimeseri1542891604.blob.core.windows.net
WARNING - Connection pool is full, discarding connection: automltimeseri1542891604.blob.core.windows.net
WARNING - Connection pool is full, discarding connection: automltimeseri1542891604.blob.core.windows.net
WARNING - Connection pool is full, discarding connection: automltimeseri1542891604.blob.core.windows.net
WARNING - Connection pool is full, discarding connection: automltimeseri1542891604.blob.core.windows.net
WARNING - Connection pool is full, discarding connection: automltimeseri1542891604.blob.core.windows.net
WARNING - Retrying (Retry(total=2, connect=None, read=None, redirect=None, status=None)) after connection broken by 'ProtocolError('Connection aborted.', ConnectionResetError(104, 'Connection reset by peer'))': /azureml/ExperimentRun/dcid.AutoML_0556b4f5-2259-4352-8b06-296a0d61a658_7/outputs/internal_cross_validated_models.pkl?sv=2019-02-02&sr=b&sig=sV%2FYdJqmNCJdrTCtAxAC0E%2Bv9S38%2BSb3zg4ZSeWYNJE%3D&st=2021-01-14T17%3A48%3A11Z&se=2021-01-15T01%3A58%3A11Z&sp=r
WARNING - Retrying (Retry(total=2, connect=None, read=None, redirect=None, status=None)) after connection broken by 'ProtocolError('Connection aborted.', ConnectionResetError(104, 'Connection reset by peer'))': /azureml/ExperimentRun/dcid.AutoML_0556b4f5-2259-4352-8b06-296a0d61a658_7/outputs/internal_cross_validated_models.pkl?sv=2019-02-02&sr=b&sig=sV%2FYdJqmNCJdrTCtAxAC0E%2Bv9S38%2BSb3zg4ZSeWYNJE%3D&st=2021-01-14T17%3A48%3A11Z&se=2021-01-15T01%3A58%3A11Z&sp=r
WARNING - Retrying (Retry(total=2, connect=None, read=None, redirect=None, status=None)) after connection broken by 'ProtocolError('Connection aborted.', ConnectionResetError(104, 'Connection reset by peer'))': /azureml/ExperimentRun/dcid.AutoML_0556b4f5-2259-4352-8b06-296a0d61a658_16/outputs/internal_cross_validated_models.pkl?sv=2019-02-02&sr=b&sig=MTgEGn2acVbkvsgqqAJeEjnLSGyhMVqPSnqHZ3M0m68%3D&st=2021-01-14T17%3A48%3A16Z&se=2021-01-15T01%3A58%3A16Z&sp=r
WARNING - Retrying (Retry(total=2, connect=None, read=None, redirect=None, status=None)) after connection broken by 'ProtocolError('Connection aborted.', ConnectionResetError(104, 'Connection reset by peer'))': /azureml/ExperimentRun/dcid.AutoML_0556b4f5-2259-4352-8b06-296a0d61a658_16/outputs/internal_cross_validated_models.pkl?sv=2019-02-02&sr=b&sig=MTgEGn2acVbkvsgqqAJeEjnLSGyhMVqPSnqHZ3M0m68%3D&st=2021-01-14T17%3A48%3A16Z&se=2021-01-15T01%3A58%3A16Z&sp=r
WARNING - Retrying (Retry(total=2, connect=None, read=None, redirect=None, status=None)) after connection broken by 'ProtocolError('Connection aborted.', ConnectionResetError(104, 'Connection reset by peer'))': /azureml/ExperimentRun/dcid.AutoML_0556b4f5-2259-4352-8b06-296a0d61a658_19/outputs/internal_cross_validated_models.pkl?sv=2019-02-02&sr=b&sig=7Mgrh12ROFWWzxRUCp3vkTJ0RGbRkwaeurPxXSyqRsA%3D&st=2021-01-14T17%3A48%3A11Z&se=2021-01-15T01%3A58%3A11Z&sp=r
WARNING - Connection pool is full, discarding connection: automltimeseri1542891604.blob.core.windows.net
WARNING - Connection pool is full, discarding connection: automltimeseri1542891604.blob.core.windows.net
WARNING - Connection pool is full, discarding connection: automltimeseri1542891604.blob.core.windows.net
WARNING - Connection pool is full, discarding connection: automltimeseri1542891604.blob.core.windows.net
WARNING - Connection pool is full, discarding connection: automltimeseri1542891604.blob.core.windows.net
/projappl/project_2003107/anaconda3/envs/azure_automl/lib/python3.7/site-packages/sklearn/base.py:197: FutureWarning: From version 0.24, get_params will raise an AttributeError if a parameter cannot be retrieved as an instance attribute. Previously it would return None.
  FutureWarning)
VotingEnsemble                                 0:09:23       0.0848    0.0848
Stopping criteria reached at iteration 23. Ending experiment.
WARNING - Received unrecognized parameter ensemble_download_models_timeout_sec
WARNING - Received unrecognized parameter ensemble_download_models_timeout_sec
WARNING - Received unrecognized parameter ensemble_download_models_timeout_sec
****************************************************************************************************
numpy.ufunc size changed, may indicate binary incompatibility. Expected 192 from C header, got 216 from PyObject
Current status: BestRunExplainModel. Best run model explanations started
Current status: ModelExplanationDataSetSetup. Model explanations data setup completed
Current status: PickSurrogateModel. Choosing LightGBM as the surrogate model for explanations
Current status: EngineeredFeatureExplanations. Computation of engineered features started
Setting feature_perturbation = "tree_path_dependent" because no background data was given.
Current status: EngineeredFeatureExplanations. Computation of engineered features completed
Current status: BestRunExplainModel. Best run model explanations completed
****************************************************************************************************
WARNING - Received unrecognized parameter ensemble_download_models_timeout_sec
WARNING - Received unrecognized parameter ensemble_download_models_timeout_sec
WARNING - Received unrecognized parameter ensemble_download_models_timeout_sec
Best pipeline:
<class 'sklearn.ensemble._voting.VotingRegressor'>
0. Pipeline(memory=None,
         steps=[('standardscalerwrapper',
                 <azureml.automl.runtime.shared.model_wrappers.StandardScalerWrapper object at 0x7f76530304d0>),
                ('decisiontreeregressor',
                 DecisionTreeRegressor(ccp_alpha=0.0, criterion='friedman_mse',
                                       max_depth=None, max_features=0.8,
                                       max_leaf_nodes=None,
                                       min_impurity_decrease=0.0,
                                       min_impurity_split=None,
                                       min_samples_leaf=0.01066464380934372,
                                       min_samples_split=0.010734188827013528,
                                       min_weight_fraction_leaf=0.0,
                                       presort='deprecated', random_state=None,
                                       splitter='best'))],
         verbose=False)
1. Pipeline(memory=None,
         steps=[('robustscaler',
                 RobustScaler(copy=True, quantile_range=[10, 90],
                              with_centering=False, with_scaling=False)),
                ('decisiontreeregressor',
                 DecisionTreeRegressor(ccp_alpha=0.0, criterion='mse',
                                       max_depth=None, max_features=None,
                                       max_leaf_nodes=None,
                                       min_impurity_decrease=0.0,
                                       min_impurity_split=None,
                                       min_samples_leaf=0.013373400896808276,
                                       min_samples_split=0.0018261584682702607,
                                       min_weight_fraction_leaf=0.0,
                                       presort='deprecated', random_state=None,
                                       splitter='best'))],
         verbose=False)
2. Pipeline(memory=None,
         steps=[('robustscaler',
                 RobustScaler(copy=True, quantile_range=[25, 75],
                              with_centering=True, with_scaling=False)),
                ('decisiontreeregressor',
                 DecisionTreeRegressor(ccp_alpha=0.0, criterion='mse',
                                       max_depth=None, max_features=None,
                                       max_leaf_nodes=None,
                                       min_impurity_decrease=0.0,
                                       min_impurity_split=None,
                                       min_samples_leaf=0.013373400896808276,
                                       min_samples_split=0.03708777411774474,
                                       min_weight_fraction_leaf=0.0,
                                       presort='deprecated', random_state=None,
                                       splitter='best'))],
         verbose=False)
3. Pipeline(memory=None,
         steps=[('robustscaler',
                 RobustScaler(copy=True, quantile_range=[10, 90],
                              with_centering=True, with_scaling=False)),
                ('decisiontreeregressor',
                 DecisionTreeRegressor(ccp_alpha=0.0, criterion='mse',
                                       max_depth=None, max_features=0.9,
                                       max_leaf_nodes=None,
                                       min_impurity_decrease=0.0,
                                       min_impurity_split=None,
                                       min_samples_leaf=0.007594568292413517,
                                       min_samples_split=0.0037087774117744725,
                                       min_weight_fraction_leaf=0.0,
                                       presort='deprecated', random_state=None,
                                       splitter='best'))],
         verbose=False)
4. Pipeline(memory=None,
         steps=[('standardscalerwrapper',
                 <azureml.automl.runtime.shared.model_wrappers.StandardScalerWrapper object at 0x7f81574c8c10>),
                ('decisiontreeregressor',
                 DecisionTreeRegressor(ccp_alpha=0.0, criterion='friedman_mse',
                                       max_depth=None, max_features=None,
                                       max_leaf_nodes=None,
                                       min_impurity_decrease=0.0,
                                       min_impurity_split=None,
                                       min_samples_leaf=0.01877954764413522,
                                       min_samples_split=0.03708777411774474,
                                       min_weight_fraction_leaf=0.0,
                                       presort='deprecated', random_state=None,
                                       splitter='best'))],
         verbose=False)
5. Pipeline(memory=None,
         steps=[('standardscalerwrapper',
                 <azureml.automl.runtime.shared.model_wrappers.StandardScalerWrapper object at 0x7f765301e350>),
                ('elasticnet',
                 ElasticNet(alpha=0.05357894736842105, copy_X=True,
                            fit_intercept=True, l1_ratio=0.6352631578947369,
                            max_iter=1000, normalize=False, positive=False,
                            precompute=False, random_state=None,
                            selection='cyclic', tol=0.0001,
                            warm_start=False))],
         verbose=False)

['horizon_origin', '_automl_target_col_lag1H', '_automl_target_col_min_window3H', '_automl_target_col_max_window3H', '_automl_target_col_mean_window3H', 'year', 'half', 'quarter', 'month', 'day', 'hour', 'am_pm', 'hour12', 'wday', 'qday', 'week']
       RawFeatureName TypeDetected Dropped  EngineeredFeatureCount  \
0  datetime            DateTime     No      12                       
1  _automl_target_col  Numeric      No      4                        

                                                                                                                                                                                                                                                 Transformations  
0  [MaxHorizonFeaturizer, DateTimeTransformer, DateTimeTransformer, DateTimeTransformer, DateTimeTransformer, DateTimeTransformer, DateTimeTransformer, DateTimeTransformer, DateTimeTransformer, DateTimeTransformer, DateTimeTransformer, DateTimeTransformer]  
1  [Lag, minRollingWindow, maxRollingWindow, meanRollingWindow]                                                                                                                                                                                                   
The concatenated objects may have different ts_value_colname values, result using the ts_value_colname of the first object
Sorting because non-concatenation axis is not aligned. A future version
of pandas will change to not sort by default.

To accept the future behavior, pass 'sort=False'.

To retain the current behavior and silence the warning, pass 'sort=True'.

The concatenated objects may have different ts_value_colname values, result using the ts_value_colname of the first object
