WARNING - Received unrecognized parameter ensemble_download_models_timeout_sec
Running on local machine
Parent Run ID: AutoML_998c1a23-6737-4b61-841b-6fefa6660b63

Current status: DatasetFeaturization. Beginning to featurize the dataset.
Current status: DatasetFeaturizationCompleted. Completed featurizing the dataset.
Heuristic parameters: Target_Lag = '[0]', Target_Rolling_Window = '0'.
WARNING - Converting non-string tag to string: (forecasting_target_lags: [0])
WARNING - Converting non-string tag to string: (forecasting_target_rolling_window_size: 0)
WARNING - Converting non-string tag to string: (forecasting_max_horizon: 2223)
Current status: DatasetCrossValidationSplit. Generating individually featurized CV splits.
Current status: DatasetFeaturization. Beginning to featurize the CV split.
Current status: DatasetFeaturizationCompleted. Completed featurizing the CV split.
Current status: DatasetFeaturization. Beginning to featurize the CV split.
Current status: DatasetFeaturizationCompleted. Completed featurizing the CV split.
Current status: DatasetFeaturization. Beginning to featurize the CV split.
Current status: DatasetFeaturizationCompleted. Completed featurizing the CV split.
Current status: DatasetFeaturization. Beginning to featurize the CV split.
Current status: DatasetFeaturizationCompleted. Completed featurizing the CV split.
Current status: DatasetFeaturization. Beginning to featurize the CV split.
Current status: DatasetFeaturizationCompleted. Completed featurizing the CV split.

****************************************************************************************************
DATA GUARDRAILS: 

TYPE:         Frequency detection
STATUS:       PASSED
DESCRIPTION:  The time series was analyzed, all data points are aligned with detected frequency.
              

****************************************************************************************************

TYPE:         Missing feature values imputation
STATUS:       PASSED
DESCRIPTION:  No feature missing values were detected in the training data.
              Learn more about missing value imputation: https://aka.ms/AutomatedMLFeaturization

****************************************************************************************************

TYPE:         Memory Issues Detection
STATUS:       PASSED
DESCRIPTION:  The selected horizon, lag and rolling window values were analyzed, and no potential memory issues were detected.
              Learn more about time-series forecasting configurations: https://aka.ms/AutomatedMLForecastingConfiguration

****************************************************************************************************
Current status: ModelSelection. Beginning model selection.

****************************************************************************************************
ITERATION: The iteration being evaluated.
PIPELINE: A summary description of the pipeline being evaluated.
DURATION: Time taken for the current iteration.
METRIC: The result of computing score on the fitted pipeline.
BEST: The best observed score thus far.
****************************************************************************************************

 ITERATION   PIPELINE                                       DURATION      METRIC      BEST
         0   MaxAbsScaler DecisionTree                      0:00:56       0.1912    0.1912
         1   MinMaxScaler DecisionTree                      0:00:22       0.1919    0.1912
         2   StandardScalerWrapper LassoLars                0:00:24       0.1948    0.1912
         3   RobustScaler ElasticNet                        0:00:26       0.1938    0.1912
         4   StandardScalerWrapper LassoLars                0:00:22       0.1949    0.1912
         5   RobustScaler ElasticNet                        0:00:23       0.1949    0.1912
         6   RobustScaler DecisionTree                      0:00:21       0.1915    0.1912
         7   MinMaxScaler DecisionTree                      0:00:22       0.2009    0.1912
         8   RobustScaler DecisionTree                      0:00:22       0.1904    0.1904
         9   MinMaxScaler DecisionTree                      0:00:21       0.1923    0.1904
        10   StandardScalerWrapper DecisionTree             0:00:23       0.1929    0.1904
        11   StandardScalerWrapper DecisionTree             0:00:22       0.1923    0.1904
        12   RobustScaler DecisionTree                      0:00:22       0.1940    0.1904
        13   RobustScaler ElasticNet                        0:00:28       0.1928    0.1904
        14   StandardScalerWrapper DecisionTree             0:00:24       0.1938    0.1904
        15   MinMaxScaler DecisionTree                      0:00:22       0.1941    0.1904
        16   MinMaxScaler DecisionTree                      0:00:22       0.1924    0.1904
        17   RobustScaler DecisionTree                      0:00:22       0.1925    0.1904
        18   RobustScaler DecisionTree                      0:00:45       0.1909    0.1904
        19   StandardScalerWrapper DecisionTree             0:04:46       0.1925    0.1904
        20   StandardScalerWrapper DecisionTree             0:00:26       0.1961    0.1904
        21   StandardScalerWrapper ExtremeRandomTrees       0:00:33       0.1892    0.1892
        22   MinMaxScaler LightGBM                          0:00:17       0.1888    0.1888
        23   MinMaxScaler DecisionTree                      0:00:22       0.1947    0.1888
        24   MinMaxScaler DecisionTree                      0:00:25       0.1921    0.1888
        25   MinMaxScaler LightGBM                          0:00:23       0.1885    0.1885
        26   StandardScalerWrapper RandomForest             0:00:23       0.1889    0.1885
        27   StandardScalerWrapper ExtremeRandomTrees       0:00:24       0.1889    0.1885
        28   MinMaxScaler ExtremeRandomTrees                0:00:30       0.1893    0.1885
        29   StandardScalerWrapper RandomForest             0:00:28       0.1889    0.1885
        30   StandardScalerWrapper LightGBM                 0:00:37       0.1882    0.1882
        31   StandardScalerWrapper ExtremeRandomTrees       0:00:27       0.1894    0.1882
        32   WARNING - Retrying (Retry(total=2, connect=None, read=None, redirect=None, status=None)) after connection broken by 'ProtocolError('Connection aborted.', ConnectionResetError(104, 'Connection reset by peer'))': /azureml/ExperimentRun/dcid.AutoML_998c1a23-6737-4b61-841b-6fefa6660b63_32/outputs/pipeline_graph.json?sv=2019-02-02&sr=b&sig=z%2FGgCRPM%2B70aV8WRXIi%2FVRzHDs7ZwRM66fbHfpVtqZY%3D&st=2020-10-02T16%3A39%3A42Z&se=2020-10-03T16%3A49%3A42Z&sp=rcw&comp=block&blockid=TURBd01EQXdNREF3TURBd01EQXdNREF3TURBd01EQXdNREF3TURBd01EQSUzRA%3D%3D&timeout=30
RobustScaler RandomForest                      0:03:03       0.1907    0.1882
        33   StandardScalerWrapper ExtremeRandomTrees       0:00:27       0.1891    0.1882
        34   MinMaxScaler ExtremeRandomTrees                0:00:37       0.1897    0.1882
        35   MinMaxScaler LightGBM                          0:00:26       0.1884    0.1882
        36   RobustScaler RandomForest                      0:00:24       0.1893    0.1882
        37   StandardScalerWrapper ExtremeRandomTrees       0:00:25       0.1897    0.1882
        38   RobustScaler ExtremeRandomTrees                0:00:20       0.1897    0.1882
        39   RobustScaler ExtremeRandomTrees                0:00:29       0.1894    0.1882
        40   RobustScaler LightGBM                          0:00:31       0.1888    0.1882
        41   RobustScaler ExtremeRandomTrees                0:00:24       0.1906    0.1882
        42   RobustScaler RandomForest                      0:00:24       0.1884    0.1882
        43   MinMaxScaler ExtremeRandomTrees                0:00:27       0.1883    0.1882
        44   RobustScaler ExtremeRandomTrees                0:00:26       0.1886    0.1882
        45   MinMaxScaler LightGBM                          0:00:24       0.1889    0.1882
        46   RobustScaler RandomForest                      0:00:21       0.1892    0.1882
        47   RobustScaler ExtremeRandomTrees                0:00:26       0.1890    0.1882
        48   RobustScaler ExtremeRandomTrees                0:00:23       0.1888    0.1882
        49   StandardScalerWrapper ExtremeRandomTrees       0:00:57       0.1892    0.1882
        50   StandardScalerWrapper LightGBM                 0:00:24       0.1891    0.1882
        51   RobustScaler RandomForest                      0:00:25       0.1906    0.1882
        52   MinMaxScaler ExtremeRandomTrees                0:00:24       0.1894    0.1882
        53   WARNING - Retrying (Retry(total=0, connect=3, read=2, redirect=None, status=None)) after connection broken by 'ProtocolError('Connection aborted.', RemoteDisconnected('Remote end closed connection without response'))': /history/v1.0/subscriptions/ac2bf819-e9d3-4a00-aa62-b57c563691f9/resourceGroups/automl-rg/providers/Microsoft.MachineLearningServices/workspaces/automl-ws/experimentids/28038141-2afe-454e-92ff-915f864fc0d1/runs/AutoML_998c1a23-6737-4b61-841b-6fefa6660b63_19/metricsingest/wait?sourceValue=2627837&watermarkType=blob
WARNING - Retrying (Retry(total=2, connect=None, read=None, redirect=None, status=None)) after connection broken by 'ProtocolError('Connection aborted.', ConnectionResetError(104, 'Connection reset by peer'))': /azureml/ExperimentRun/dcid.AutoML_998c1a23-6737-4b61-841b-6fefa6660b63_53/outputs/model.pkl?sv=2019-02-02&sr=b&sig=DoET%2Fj4Ypc5PZnhwXRMbipSF%2F8wupKnU4VcykxWyG0c%3D&st=2020-10-02T16%3A51%3A55Z&se=2020-10-03T17%3A01%3A55Z&sp=rcw&comp=block&blockid=TURBd01EQXdNREF3TURBd01EQXdNREF3TURBd01EQXdNREF3TURBd01EQSUzRA%3D%3D&timeout=30
MinMaxScaler ExtremeRandomTrees                0:06:08       0.1898    0.1882
ERROR: Run AutoML_998c1a23-6737-4b61-841b-6fefa6660b63_53 failed with exception of type: ServiceException. Pipeline Class Names: { MinMaxScaler, ExtraTreesRegressor } Pipeline ID: ab3e6eea931dd2637cec06cceb67dae4a3b8a6bc
        54   MinMaxScaler ExtremeRandomTrees                0:03:39       0.1898    0.1882
ERROR: Run AutoML_998c1a23-6737-4b61-841b-6fefa6660b63_54 failed with exception of type: ServiceException. Pipeline Class Names: { MinMaxScaler, ExtraTreesRegressor } Pipeline ID: 3afc9159d309343a7daa60841bf3a9bd558c9cf3
        55   MinMaxScaler LightGBM                          0:05:04       0.2165    0.1882
ERROR: Run AutoML_998c1a23-6737-4b61-841b-6fefa6660b63_55 failed with exception of type: ServiceException. Pipeline Class Names: { MinMaxScaler, LightGBMRegressor } Pipeline ID: e74a8edae749904713b0172124f9d261287b8bb6
        56   MinMaxScaler RandomForest                      0:03:40       0.1896    0.1882
ERROR: Run AutoML_998c1a23-6737-4b61-841b-6fefa6660b63_56 failed with exception of type: ServiceException. Pipeline Class Names: { MinMaxScaler, RandomForestRegressor } Pipeline ID: 8ba206167a5966576677376e39cb1b1b5e5e68be
        57   RobustScaler ExtremeRandomTrees                0:03:41       0.1892    0.1882
ERROR: Run AutoML_998c1a23-6737-4b61-841b-6fefa6660b63_57 failed with exception of type: ServiceException. Pipeline Class Names: { RobustScaler, ExtraTreesRegressor } Pipeline ID: d9023012d4f354661111f266a51af2a1e51cb1a9
        58   MinMaxScaler ExtremeRandomTrees                0:04:05       0.1894    0.1882
ERROR: Run AutoML_998c1a23-6737-4b61-841b-6fefa6660b63_58 failed with exception of type: ServiceException. Pipeline Class Names: { MinMaxScaler, ExtraTreesRegressor } Pipeline ID: 1077437eb1241b4205a5552f6b6534f1da16ed3b
        59   RobustScaler ExtremeRandomTrees                0:03:40       0.1892    0.1882
ERROR: Run AutoML_998c1a23-6737-4b61-841b-6fefa6660b63_59 failed with exception of type: ServiceException. Pipeline Class Names: { RobustScaler, ExtraTreesRegressor } Pipeline ID: ef0ee6c794797e874f68ef05bc80d88570d9eac7
        60   RobustScaler LightGBM                          0:02:26       0.1883    0.1882
        61   MinMaxScaler DecisionTree                      0:00:29       0.1902    0.1882
        62   StandardScalerWrapper ExtremeRandomTrees       0:00:40       0.1893    0.1882
        63   StandardScalerWrapper ExtremeRandomTrees       0:00:35       0.1882    0.1882
        64   StandardScalerWrapper ExtremeRandomTrees       0:00:25       0.1893    0.1882
        65   MinMaxScaler LightGBM                          0:00:23       0.1883    0.1882
        66   MinMaxScaler RandomForest                      0:00:25       0.1891    0.1882
        67   RobustScaler ExtremeRandomTrees                0:04:42       0.1889    0.1882
        68   MinMaxScaler ExtremeRandomTrees                0:00:24       0.1894    0.1882
        69   StandardScalerWrapper RandomForest             0:00:27       0.1889    0.1882
        70   MinMaxScaler LightGBM                          0:00:22       0.1883    0.1882
        71   StandardScalerWrapper ExtremeRandomTrees       0:00:27       0.1891    0.1882
        72   MinMaxScaler ExtremeRandomTrees                0:00:44       0.1885    0.1882
        73   StandardScalerWrapper RandomForest             0:00:28       0.1892    0.1882
        74   RobustScaler RandomForest                      0:00:29       0.1895    0.1882
        75   MinMaxScaler LightGBM                          0:00:27       0.1885    0.1882
        76   RobustScaler ExtremeRandomTrees                0:00:24       0.1894    0.1882
        77   RobustScaler RandomForest                      0:00:25       0.1895    0.1882
        78   StandardScalerWrapper RandomForest             0:00:26       0.1898    0.1882
        79   MinMaxScaler ExtremeRandomTrees                0:00:24       0.1893    0.1882
        80   MinMaxScaler LightGBM                          0:00:24       0.1888    0.1882
        81   MinMaxScaler ExtremeRandomTrees                0:00:33       0.1891    0.1882
        82   StandardScalerWrapper GradientBoosting         0:00:25       0.1891    0.1882
        83   StandardScalerWrapper RandomForest             0:00:42       0.1890    0.1882
        84   RobustScaler ExtremeRandomTrees                0:00:36       0.1890    0.1882
        85   RobustScaler LightGBM                          0:00:24       0.1880    0.1880
        86   WARNING - Retrying (Retry(total=2, connect=None, read=None, redirect=None, status=None)) after connection broken by 'ProtocolError('Connection aborted.', ConnectionResetError(104, 'Connection reset by peer'))': /azureml/ExperimentRun/dcid.AutoML_998c1a23-6737-4b61-841b-6fefa6660b63_86/outputs/conda_env_v_1_0_0.yml?sv=2019-02-02&sr=b&sig=aKv13537BdoONPfqRs5X%2FH2IKMjg65AcJu039dCtjo0%3D&st=2020-10-02T17%3A40%3A36Z&se=2020-10-03T17%3A50%3A36Z&sp=rcw&comp=block&blockid=TURBd01EQXdNREF3TURBd01EQXdNREF3TURBd01EQXdNREF3TURBd01EQSUzRA%3D%3D&timeout=30
StandardScalerWrapper RandomForest             0:03:06       0.1890    0.1880
        87   MinMaxScaler ExtremeRandomTrees                0:00:28       0.1893    0.1880
        88   RobustScaler RandomForest                      0:00:32       0.1888    0.1880
        89   StandardScalerWrapper ExtremeRandomTrees       0:00:25       0.1893    0.1880
        90   MinMaxScaler LightGBM                          0:00:24       0.1893    0.1880
        91   StandardScalerWrapper ExtremeRandomTrees       0:00:27       0.1896    0.1880
        92   StandardScalerWrapper ExtremeRandomTrees       0:00:28       0.1892    0.1880
        93   StandardScalerWrapper ExtremeRandomTrees       0:00:36       0.1887    0.1880
        94   MinMaxScaler RandomForest                      0:00:25       0.1894    0.1880
        95   RobustScaler LightGBM                          0:00:24       0.1894    0.1880
        96   RobustScaler GradientBoosting                  0:00:23       0.1886    0.1880
        97   RobustScaler ExtremeRandomTrees                0:00:34       0.1888    0.1880
        98   WARNING - Retrying (Retry(total=2, connect=None, read=None, redirect=None, status=None)) after connection broken by 'ProtocolError('Connection aborted.', ConnectionResetError(104, 'Connection reset by peer'))': /azureml/ExperimentRun/dcid.AutoML_998c1a23-6737-4b61-841b-6fefa6660b63_98/outputs/scoring_file_v_1_0_0.py?sv=2019-02-02&sr=b&sig=qYLthVI27lFldb0FcQF2bs%2FJuQ8iHOU3s%2BL6ZqPTdTA%3D&st=2020-10-02T17%3A48%3A59Z&se=2020-10-03T17%3A58%3A59Z&sp=rcw&comp=block&blockid=TURBd01EQXdNREF3TURBd01EQXdNREF3TURBd01EQXdNREF3TURBd01EQSUzRA%3D%3D&timeout=30
RobustScaler ExtremeRandomTrees                0:03:07       0.1889    0.1880
        99   StandardScalerWrapper ExtremeRandomTrees       0:00:26       0.1891    0.1880
       100   RobustScaler LightGBM                          0:00:54       0.1899    0.1880
       101   RobustScaler RandomForest                      0:00:24       0.1892    0.1880
       102   StandardScalerWrapper ExtremeRandomTrees       0:00:24       0.1893    0.1880
       103   StandardScalerWrapper ExtremeRandomTrees       0:00:29       0.1892    0.1880
       104   WARNING - Retrying (Retry(total=2, connect=None, read=None, redirect=None, status=None)) after connection broken by 'ProtocolError('Connection aborted.', ConnectionResetError(104, 'Connection reset by peer'))': /azureml/ExperimentRun/dcid.AutoML_998c1a23-6737-4b61-841b-6fefa6660b63_104/outputs/pipeline_graph.json?sv=2019-02-02&sr=b&sig=QduBzYdeaoaJ219VunCwqKGfWa7lYJoLZO3%2BggqeAEQ%3D&st=2020-10-02T17%3A54%3A43Z&se=2020-10-03T18%3A04%3A43Z&sp=rcw&comp=block&blockid=TURBd01EQXdNREF3TURBd01EQXdNREF3TURBd01EQXdNREF3TURBd01EQSUzRA%3D%3D&timeout=30
WARNING - Retrying (Retry(total=2, connect=None, read=None, redirect=None, status=None)) after connection broken by 'ProtocolError('Connection aborted.', ConnectionResetError(104, 'Connection reset by peer'))': /azureml/ExperimentRun/dcid.AutoML_998c1a23-6737-4b61-841b-6fefa6660b63_104/outputs/env_dependencies.json?sv=2019-02-02&sr=b&sig=PimUoMZ%2BumHDzORLXqtROySwM1%2FFdCp1kI%2B%2B9LABBhg%3D&st=2020-10-02T17%3A54%3A43Z&se=2020-10-03T18%3A04%3A43Z&sp=rcw&comp=block&blockid=TURBd01EQXdNREF3TURBd01EQXdNREF3TURBd01EQXdNREF3TURBd01EQSUzRA%3D%3D&timeout=30
StandardScalerWrapper RandomForest             0:03:08       0.1888    0.1880
       105   MinMaxScaler LightGBM                          0:00:23       0.1886    0.1880
       106   MinMaxScaler ExtremeRandomTrees                0:00:26       0.1894    0.1880
       107   MinMaxScaler ExtremeRandomTrees                0:00:25       0.1887    0.1880
       108   MinMaxScaler RandomForest                      0:00:20       0.1886    0.1880
       109   StandardScalerWrapper RandomForest             0:00:28       0.1886    0.1880
       110   StandardScalerWrapper LightGBM                 0:00:25       0.1887    0.1880
       111   RobustScaler RandomForest                      0:00:28       0.1888    0.1880
       112   RobustScaler ExtremeRandomTrees                0:00:57       0.1890    0.1880
       113   StandardScalerWrapper RandomForest             0:00:41       0.1905    0.1880
       114   RobustScaler RandomForest                      0:00:31       0.1890    0.1880
       115   RobustScaler LightGBM                          0:00:27       0.1914    0.1880
       116   StandardScalerWrapper ExtremeRandomTrees       0:00:27       0.1886    0.1880
       117   RobustScaler ExtremeRandomTrees                0:00:19       0.1897    0.1880
       118   StandardScalerWrapper ExtremeRandomTrees       0:00:26       0.1884    0.1880
       119   WARNING - Retrying (Retry(total=2, connect=None, read=None, redirect=None, status=None)) after connection broken by 'ProtocolError('Connection aborted.', ConnectionResetError(104, 'Connection reset by peer'))': /azureml/ExperimentRun/dcid.AutoML_998c1a23-6737-4b61-841b-6fefa6660b63_119/outputs/model.pkl?sv=2019-02-02&sr=b&sig=4CetPoTowKkyA8f6F39BDQLQ5fC%2BS0FhnJ%2BssvNaLXY%3D&st=2020-10-02T18%3A04%3A44Z&se=2020-10-03T18%3A14%3A44Z&sp=rcw&comp=block&blockid=TURBd01EQXdNREF3TURBd01EQXdNREF3TURBd01EQXdNREF3TURBd01EQSUzRA%3D%3D&timeout=30
StandardScalerWrapper RandomForest             0:03:08       0.1887    0.1880
       120   StandardScalerWrapper LightGBM                 0:00:30       0.1903    0.1880
       121   RobustScaler ExtremeRandomTrees                0:00:27       0.1892    0.1880
       122   StandardScalerWrapper RandomForest             0:00:21       0.1896    0.1880
       123   MinMaxScaler RandomForest                      0:00:33       0.1895    0.1880
       124   StandardScalerWrapper ExtremeRandomTrees       0:00:26       0.1897    0.1880
       125   MinMaxScaler LightGBM                          0:00:24       0.1887    0.1880
       126   StandardScalerWrapper ExtremeRandomTrees       0:00:24       0.1890    0.1880
       127   StandardScalerWrapper RandomForest             0:00:29       0.1890    0.1880
       128   MinMaxScaler ExtremeRandomTrees                0:00:29       0.1887    0.1880
       129   RobustScaler RandomForest                      0:00:25       0.1890    0.1880
       130   StandardScalerWrapper LightGBM                 0:00:22       0.1899    0.1880
       131   RobustScaler ExtremeRandomTrees                0:00:22       0.1883    0.1880
       132   RobustScaler RandomForest                      0:00:24       0.1885    0.1880
       133   MinMaxScaler RandomForest                      0:00:26       0.1887    0.1880
       134   RobustScaler ExtremeRandomTrees                0:00:33       0.1980    0.1880
       135   RobustScaler LightGBM                          0:00:18       0.1880    0.1880
       136   RobustScaler ExtremeRandomTrees                0:00:25       0.1889    0.1880
       137   MinMaxScaler ExtremeRandomTrees                0:00:24       0.1896    0.1880
       138   RobustScaler ExtremeRandomTrees                0:00:51       0.1896    0.1880
       139   StandardScalerWrapper ExtremeRandomTrees       0:00:52       0.1890    0.1880
       140   StandardScalerWrapper LightGBM                 0:00:56       0.1881    0.1880
       141   StandardScalerWrapper ExtremeRandomTrees       0:00:24       0.1893    0.1880
       142   StandardScalerWrapper ExtremeRandomTrees       0:00:33       0.1886    0.1880
       143   RobustScaler RandomForest                      0:00:27       0.1891    0.1880
       144   RobustScaler ExtremeRandomTrees                0:00:25       0.1893    0.1880
       145   RobustScaler LightGBM                          0:00:24       0.1889    0.1880
       146   WARNING - Retrying (Retry(total=2, connect=None, read=None, redirect=None, status=None)) after connection broken by 'ProtocolError('Connection aborted.', ConnectionResetError(104, 'Connection reset by peer'))': /azureml/ExperimentRun/dcid.AutoML_998c1a23-6737-4b61-841b-6fefa6660b63_146/outputs/conda_env_v_1_0_0.yml?sv=2019-02-02&sr=b&sig=xdyri6xM6BeF4gDlMfDgnQfmz5EGublZSCnbh0%2BosIU%3D&st=2020-10-02T18%3A20%3A37Z&se=2020-10-03T18%3A30%3A37Z&sp=rcw&comp=block&blockid=TURBd01EQXdNREF3TURBd01EQXdNREF3TURBd01EQXdNREF3TURBd01EQSUzRA%3D%3D&timeout=30
WARNING - Retrying (Retry(total=2, connect=None, read=None, redirect=None, status=None)) after connection broken by 'ProtocolError('Connection aborted.', ConnectionResetError(104, 'Connection reset by peer'))': /azureml/ExperimentRun/dcid.AutoML_998c1a23-6737-4b61-841b-6fefa6660b63_146/outputs/env_dependencies.json?sv=2019-02-02&sr=b&sig=Glkwn552UXcTjoSNV0ti676iqRhEo3%2BOgjDi2p6UsHk%3D&st=2020-10-02T18%3A20%3A37Z&se=2020-10-03T18%3A30%3A37Z&sp=rcw&comp=block&blockid=TURBd01EQXdNREF3TURBd01EQXdNREF3TURBd01EQXdNREF3TURBd01EQSUzRA%3D%3D&timeout=30
MinMaxScaler RandomForest                      0:03:05       0.1887    0.1880
       147   WARNING - Received unrecognized parameter ensemble_download_models_timeout_sec
WARNING - Received unrecognized parameter ensemble_download_models_timeout_sec
VotingEnsemble                                 0:02:20       0.1877    0.1877
Stopping criteria reached at iteration 148. Ending experiment.
WARNING - Received unrecognized parameter ensemble_download_models_timeout_sec
WARNING - Received unrecognized parameter ensemble_download_models_timeout_sec
WARNING - Received unrecognized parameter ensemble_download_models_timeout_sec
****************************************************************************************************
Current status: BestRunExplainModel. Best run model explanations started
Current status: ModelExplanationDataSetSetup. Model explanations data setup completed
Current status: PickSurrogateModel. Choosing LightGBM as the surrogate model for explanations
Current status: EngineeredFeatureExplanations. Computation of engineered features started
Current status: EngineeredFeatureExplanations. Computation of engineered features completed
Current status: BestRunExplainModel. Best run model explanations completed
****************************************************************************************************
WARNING - Received unrecognized parameter ensemble_download_models_timeout_sec
WARNING - Received unrecognized parameter ensemble_download_models_timeout_sec
WARNING - Received unrecognized parameter ensemble_download_models_timeout_sec
Best pipeline:
<class 'sklearn.ensemble._voting.VotingRegressor'>
0. Pipeline(memory=None,
         steps=[('robustscaler',
                 RobustScaler(copy=True, quantile_range=[10, 90],
                              with_centering=True, with_scaling=True)),
                ('lightgbmregressor',
                 LightGBMRegressor(boosting_type='gbdt', class_weight=None,
                                   colsample_bytree=0.2,
                                   importance_type='split',
                                   learning_rate=0.11579368421052631, max_bin=7,
                                   max_depth=8, min_child_samples=1591,
                                   min_child_weight=0.001,
                                   min_split_gain=0.21052631578947367,
                                   n_estimators=50, n_jobs=-1, num_leaves=63,
                                   objective=None, random_state=None,
                                   reg_alpha=0.375, reg_lambda=0.525,
                                   silent=True, subsample=0.65,
                                   subsample_for_bin=200000, subsample_freq=0,
                                   verbose=-1))],
         verbose=False)
1. Pipeline(memory=None,
         steps=[('robustscaler',
                 RobustScaler(copy=True, quantile_range=[25, 75],
                              with_centering=True, with_scaling=True)),
                ('lightgbmregressor',
                 LightGBMRegressor(boosting_type='gbdt', class_weight=None,
                                   colsample_bytree=0.5,
                                   importance_type='split',
                                   learning_rate=0.08421631578947368,
                                   max_bin=1023, max_depth=5,
                                   min_child_samples=1139,
                                   min_child_weight=0.001,
                                   min_split_gain=0.47368421052631576,
                                   n_estimators=25, n_jobs=-1, num_leaves=15,
                                   objective=None, random_state=None,
                                   reg_alpha=0.375,
                                   reg_lambda=0.22499999999999998, silent=True,
                                   subsample=0.75, subsample_for_bin=200000,
                                   subsample_freq=1, verbose=-1))],
         verbose=False)
2. Pipeline(memory=None,
         steps=[('standardscalerwrapper',
                 <azureml.automl.runtime.shared.model_wrappers.StandardScalerWrapper object at 0x7f78586457d0>),
                ('lightgbmregressor',
                 LightGBMRegressor(boosting_type='gbdt', class_weight=None,
                                   colsample_bytree=0.30000000000000004,
                                   importance_type='split',
                                   learning_rate=0.1052678947368421, max_bin=63,
                                   max_depth=10, min_child_samples=253,
                                   min_child_weight=0.001,
                                   min_split_gain=0.3684210526315789,
                                   n_estimators=25, n_jobs=-1, num_leaves=255,
                                   objective=None, random_state=None,
                                   reg_alpha=0.6749999999999999,
                                   reg_lambda=0.075, silent=True,
                                   subsample=0.44999999999999996,
                                   subsample_for_bin=200000, subsample_freq=3,
                                   verbose=-1))],
         verbose=False)
3. Pipeline(memory=None,
         steps=[('standardscalerwrapper',
                 <azureml.automl.runtime.shared.model_wrappers.StandardScalerWrapper object at 0x7f7858db29d0>),
                ('lightgbmregressor',
                 LightGBMRegressor(boosting_type='gbdt', class_weight=None,
                                   colsample_bytree=0.2,
                                   importance_type='split',
                                   learning_rate=0.031587368421052635,
                                   max_bin=63, max_depth=4,
                                   min_child_samples=253,
                                   min_child_weight=0.001,
                                   min_split_gain=0.10526315789473684,
                                   n_estimators=100, n_jobs=-1, num_leaves=15,
                                   objective=None, random_state=None,
                                   reg_alpha=1.125, reg_lambda=1.05,
                                   silent=True, subsample=0.6,
                                   subsample_for_bin=200000, subsample_freq=2,
                                   verbose=-1))],
         verbose=False)
4. Pipeline(memory=None,
         steps=[('standardscalerwrapper',
                 <azureml.automl.runtime.shared.model_wrappers.StandardScalerWrapper object at 0x7f785993fbd0>),
                ('extratreesregressor',
                 ExtraTreesRegressor(bootstrap=True, ccp_alpha=0.0,
                                     criterion='mse', max_depth=None,
                                     max_features=0.2, max_leaf_nodes=None,
                                     max_samples=None,
                                     min_impurity_decrease=0.0,
                                     min_impurity_split=None,
                                     min_samples_leaf=0.005080937188890647,
                                     min_samples_split=0.005285388593079247,
                                     min_weight_fraction_leaf=0.0,
                                     n_estimators=400, n_jobs=-1,
                                     oob_score=False, random_state=None,
                                     verbose=0, warm_start=False))],
         verbose=False)
5. Pipeline(memory=None,
         steps=[('minmaxscaler', MinMaxScaler(copy=True, feature_range=(0, 1))),
                ('lightgbmregressor',
                 LightGBMRegressor(boosting_type='gbdt', class_weight=None,
                                   colsample_bytree=0.30000000000000004,
                                   importance_type='split',
                                   learning_rate=0.1789484210526316,
                                   max_bin=255, max_depth=8,
                                   min_child_samples=253,
                                   min_child_weight=0.001,
                                   min_split_gain=0.3157894736842105,
                                   n_estimators=10, n_jobs=-1, num_leaves=127,
                                   objective=None, random_state=None,
                                   reg_alpha=0.15, reg_lambda=0.15, silent=True,
                                   subsample=0.49999999999999994,
                                   subsample_for_bin=200000, subsample_freq=9,
                                   verbose=-1))],
         verbose=False)
6. Pipeline(memory=None,
         steps=[('minmaxscaler', MinMaxScaler(copy=True, feature_range=(0, 1))),
                ('lightgbmregressor',
                 LightGBMRegressor(boosting_type='gbdt', class_weight=None,
                                   colsample_bytree=0.4,
                                   importance_type='split',
                                   learning_rate=0.09474210526315789,
                                   max_bin=63, max_depth=4,
                                   min_child_samples=130,
                                   min_child_weight=0.001,
                                   min_split_gain=0.5263157894736842,
                                   n_estimators=10, n_jobs=-1, num_leaves=7,
                                   objective=None, random_state=None,
                                   reg_alpha=0.825, reg_lambda=1.275,
                                   silent=True, subsample=0.5499999999999999,
                                   subsample_for_bin=200000, subsample_freq=1,
                                   verbose=-1))],
         verbose=False)

['year', 'half', 'quarter', 'month', 'day', 'hour', 'am_pm', 'hour12', 'wday', 'qday', 'week']
  RawFeatureName TypeDetected Dropped  EngineeredFeatureCount  \
0  datetime       DateTime     No      11                       

                                                                                                                                                                                                                           Transformations  
0  [DateTimeTransformer, DateTimeTransformer, DateTimeTransformer, DateTimeTransformer, DateTimeTransformer, DateTimeTransformer, DateTimeTransformer, DateTimeTransformer, DateTimeTransformer, DateTimeTransformer, DateTimeTransformer]  
