WARNING - Received unrecognized parameter ensemble_download_models_timeout_sec
Running on local machine
Parent Run ID: AutoML_93547166-7d72-4f61-a806-fa40269e0a4c

Current status: DatasetFeaturization. Beginning to featurize the dataset.
Current status: DatasetFeaturizationCompleted. Completed featurizing the dataset.
Heuristic parameters: Target_Lag = '[0]', Target_Rolling_Window = '0'.
WARNING - Converting non-string tag to string: (forecasting_target_lags: [0])
WARNING - Converting non-string tag to string: (forecasting_target_rolling_window_size: 0)
WARNING - Converting non-string tag to string: (forecasting_max_horizon: 2223)
Current status: DatasetCrossValidationSplit. Generating individually featurized CV splits.
Current status: DatasetFeaturization. Beginning to featurize the CV split.
Current status: DatasetFeaturizationCompleted. Completed featurizing the CV split.
Current status: DatasetFeaturization. Beginning to featurize the CV split.
Current status: DatasetFeaturizationCompleted. Completed featurizing the CV split.
Current status: DatasetFeaturization. Beginning to featurize the CV split.
Current status: DatasetFeaturizationCompleted. Completed featurizing the CV split.
Current status: DatasetFeaturization. Beginning to featurize the CV split.
Current status: DatasetFeaturizationCompleted. Completed featurizing the CV split.
Current status: DatasetFeaturization. Beginning to featurize the CV split.
Current status: DatasetFeaturizationCompleted. Completed featurizing the CV split.

****************************************************************************************************
DATA GUARDRAILS: 

TYPE:         Frequency detection
STATUS:       PASSED
DESCRIPTION:  The time series was analyzed, all data points are aligned with detected frequency.
              

****************************************************************************************************

TYPE:         Missing feature values imputation
STATUS:       PASSED
DESCRIPTION:  No feature missing values were detected in the training data.
              Learn more about missing value imputation: https://aka.ms/AutomatedMLFeaturization

****************************************************************************************************

TYPE:         Memory Issues Detection
STATUS:       PASSED
DESCRIPTION:  The selected horizon, lag and rolling window values were analyzed, and no potential memory issues were detected.
              Learn more about time-series forecasting configurations: https://aka.ms/AutomatedMLForecastingConfiguration

****************************************************************************************************
Current status: ModelSelection. Beginning model selection.

****************************************************************************************************
ITERATION: The iteration being evaluated.
PIPELINE: A summary description of the pipeline being evaluated.
DURATION: Time taken for the current iteration.
METRIC: The result of computing score on the fitted pipeline.
BEST: The best observed score thus far.
****************************************************************************************************

 ITERATION   PIPELINE                                       DURATION      METRIC      BEST
         0   RobustScaler LassoLars                         0:00:16       0.1819    0.1819
         1   RobustScaler DecisionTree                      0:00:16       0.1779    0.1779
         2   StandardScalerWrapper DecisionTree             0:00:22       0.1759    0.1759
         3   RobustScaler DecisionTree                      0:00:15       0.1772    0.1759
         4   StandardScalerWrapper ElasticNet               0:00:15       0.1814    0.1759
         5   WARNING - Retrying (Retry(total=2, connect=None, read=None, redirect=None, status=None)) after connection broken by 'ProtocolError('Connection aborted.', ConnectionResetError(104, 'Connection reset by peer'))': /azureml/ExperimentRun/dcid.AutoML_93547166-7d72-4f61-a806-fa40269e0a4c_5/outputs/model.pkl?sv=2019-02-02&sr=b&sig=2fZawtUYhK43ila9n5%2Bsh7ER0Lq9M%2BFgkveIIPazaB0%3D&st=2020-12-19T00%3A56%3A55Z&se=2020-12-20T01%3A06%3A55Z&sp=rcw&comp=block&blockid=TURBd01EQXdNREF3TURBd01EQXdNREF3TURBd01EQXdNREF3TURBd01EQSUzRA%3D%3D&timeout=30
MinMaxScaler DecisionTree                      0:03:06       0.1759    0.1759
         6   MinMaxScaler ElasticNet                        0:00:23       0.1818    0.1759
         7   StandardScalerWrapper DecisionTree             0:00:16       0.1757    0.1757
         8   StandardScalerWrapper DecisionTree             0:00:16       0.1768    0.1757
         9   RobustScaler DecisionTree                      0:00:23       0.1775    0.1757
        10   RobustScaler ElasticNet                        0:00:16       0.1820    0.1757
        11   RobustScaler DecisionTree                      0:00:15       0.1768    0.1757
        12   RobustScaler DecisionTree                      0:00:16       0.1760    0.1757
        13   StandardScalerWrapper DecisionTree             0:00:16       0.1765    0.1757
        14   MinMaxScaler DecisionTree                      0:00:21       0.1768    0.1757
        15   MinMaxScaler DecisionTree                      0:00:23       0.1786    0.1757
        16   RobustScaler DecisionTree                      0:00:21       0.1765    0.1757
        17   StandardScalerWrapper DecisionTree             0:00:16       0.1759    0.1757
        18   MinMaxScaler DecisionTree                      0:00:21       0.1766    0.1757
        19   StandardScalerWrapper LassoLars                0:00:23       0.1820    0.1757
        20   StandardScalerWrapper DecisionTree             0:00:17       0.1772    0.1757
        21   MaxAbsScaler GradientBoosting                  0:00:41       0.1811    0.1757
        22   StandardScalerWrapper RandomForest             0:00:27       0.1750    0.1750
        23   StandardScalerWrapper GradientBoosting         0:00:17       0.1749    0.1749
        24   RobustScaler RandomForest                      0:00:29       0.1814    0.1749
        25   TruncatedSVDWrapper GradientBoosting           0:00:55       0.1832    0.1749
        26   StandardScalerWrapper ExtremeRandomTrees       0:00:28       0.1811    0.1749
        27   WARNING - Retrying (Retry(total=2, connect=None, read=None, redirect=None, status=None)) after connection broken by 'ProtocolError('Connection aborted.', ConnectionResetError(104, 'Connection reset by peer'))': /azureml/ExperimentRun/dcid.AutoML_93547166-7d72-4f61-a806-fa40269e0a4c_27/outputs/scoring_file_v_1_0_0.py?sv=2019-02-02&sr=b&sig=%2BnX6g7qh40Cyf2vKt%2Fu2J%2F6rqM%2FEGuKxC7rWkXK5mRU%3D&st=2020-12-19T01%3A09%3A21Z&se=2020-12-20T01%3A19%3A21Z&sp=rcw&comp=block&blockid=TURBd01EQXdNREF3TURBd01EQXdNREF3TURBd01EQXdNREF3TURBd01EQSUzRA%3D%3D&timeout=30
WARNING - Retrying (Retry(total=2, connect=None, read=None, redirect=None, status=None)) after connection broken by 'ProtocolError('Connection aborted.', ConnectionResetError(104, 'Connection reset by peer'))': /azureml/ExperimentRun/dcid.AutoML_93547166-7d72-4f61-a806-fa40269e0a4c_27/outputs/pipeline_graph.json?sv=2019-02-02&sr=b&sig=mm2nMg%2F7sPKXzBNf4xtihjvlKYz8iieXgC5cALd%2F2z8%3D&st=2020-12-19T01%3A09%3A21Z&se=2020-12-20T01%3A19%3A21Z&sp=rcw&comp=block&blockid=TURBd01EQXdNREF3TURBd01EQXdNREF3TURBd01EQXdNREF3TURBd01EQSUzRA%3D%3D&timeout=30
WARNING - Retrying (Retry(total=2, connect=None, read=None, redirect=None, status=None)) after connection broken by 'ProtocolError('Connection aborted.', ConnectionResetError(104, 'Connection reset by peer'))': /azureml/ExperimentRun/dcid.AutoML_93547166-7d72-4f61-a806-fa40269e0a4c_27/outputs/conda_env_v_1_0_0.yml?sv=2019-02-02&sr=b&sig=p7H6ADoeECt6HCJd6WEo%2B5KQH1iVUMpw5PwUcjdbMvs%3D&st=2020-12-19T01%3A09%3A21Z&se=2020-12-20T01%3A19%3A21Z&sp=rcw&comp=block&blockid=TURBd01EQXdNREF3TURBd01EQXdNREF3TURBd01EQXdNREF3TURBd01EQSUzRA%3D%3D&timeout=30
WARNING - Retrying (Retry(total=2, connect=None, read=None, redirect=None, status=None)) after connection broken by 'ProtocolError('Connection aborted.', ConnectionResetError(104, 'Connection reset by peer'))': /azureml/ExperimentRun/dcid.AutoML_93547166-7d72-4f61-a806-fa40269e0a4c_27/outputs/model.pkl?sv=2019-02-02&sr=b&sig=xApx0pD%2F7Olz6GGpzZO%2FoAaUG9ra1e0lJq3pIyzXokk%3D&st=2020-12-19T01%3A09%3A21Z&se=2020-12-20T01%3A19%3A21Z&sp=rcw&comp=block&blockid=TURBd01EQXdNREF3TURBd01EQXdNREF3TURBd01EQXdNREF3TURBd01EQSUzRA%3D%3D&timeout=30
StandardScalerWrapper ExtremeRandomTrees       0:03:11       0.1814    0.1749
        28   StandardScalerWrapper RandomForest             0:00:18       0.1752    0.1749
        29   MinMaxScaler RandomForest                      0:00:18       0.1753    0.1749
        30   MinMaxScaler GradientBoosting                  0:01:02       0.1789    0.1749
        31   MaxAbsScaler RandomForest                      0:00:25       0.1813    0.1749
        32   RobustScaler RandomForest                      0:00:23       0.1751    0.1749
        33   MinMaxScaler GradientBoosting                  0:00:58       0.1816    0.1749
        34   StandardScalerWrapper RandomForest             0:00:18       0.1754    0.1749
        35   SparseNormalizer GradientBoosting              0:01:49       0.1803    0.1749
        36   WARNING - Retrying (Retry(total=2, connect=None, read=None, redirect=None, status=None)) after connection broken by 'ProtocolError('Connection aborted.', ConnectionResetError(104, 'Connection reset by peer'))': /azureml/ExperimentRun/dcid.AutoML_93547166-7d72-4f61-a806-fa40269e0a4c_36/outputs/scoring_file_v_1_0_0.py?sv=2019-02-02&sr=b&sig=UdeuteoE2s5bctfoj6wAC9QuFuMzMvSSptYTHpoS0gk%3D&st=2020-12-19T01%3A17%3A03Z&se=2020-12-20T01%3A27%3A03Z&sp=rcw&comp=block&blockid=TURBd01EQXdNREF3TURBd01EQXdNREF3TURBd01EQXdNREF3TURBd01EQSUzRA%3D%3D&timeout=30
RobustScaler RandomForest                      0:03:04       0.1754    0.1749
        37   RobustScaler GradientBoosting                  0:00:42       0.1816    0.1749
        38   MaxAbsScaler GradientBoosting                  0:00:24       0.1799    0.1749
        39   StandardScalerWrapper RandomForest             0:00:39       0.1826    0.1749
        40   RobustScaler GradientBoosting                  0:00:23       0.1848    0.1749
        41   RobustScaler LassoLars                         0:00:17       0.1819    0.1749
        42   StandardScalerWrapper RandomForest             0:00:24       0.1747    0.1747
        43   StandardScalerWrapper GradientBoosting         0:00:24       0.1816    0.1747
        44   MaxAbsScaler RandomForest                      0:00:20       0.1817    0.1747
        45   StandardScalerWrapper RandomForest             0:00:19       0.1751    0.1747
        46   StandardScalerWrapper GradientBoosting         0:00:48       0.1766    0.1747
        47   WARNING - Retrying (Retry(total=2, connect=None, read=None, redirect=None, status=None)) after connection broken by 'ProtocolError('Connection aborted.', ConnectionResetError(104, 'Connection reset by peer'))': /azureml/ExperimentRun/dcid.AutoML_93547166-7d72-4f61-a806-fa40269e0a4c_47/outputs/conda_env_v_1_0_0.yml?sv=2019-02-02&sr=b&sig=9tLO%2F0ZaBSK%2By9RNBzgexIYfdcwL8d5PROaMbvLe%2Fhc%3D&st=2020-12-19T01%3A24%3A57Z&se=2020-12-20T01%3A34%3A57Z&sp=rcw&comp=block&blockid=TURBd01EQXdNREF3TURBd01EQXdNREF3TURBd01EQXdNREF3TURBd01EQSUzRA%3D%3D&timeout=30
StandardScalerWrapper GradientBoosting         0:03:00       0.1803    0.1747
        48   MaxAbsScaler GradientBoosting                  0:00:32       0.1792    0.1747
        49   StandardScalerWrapper RandomForest             0:00:46       0.1803    0.1747
        50   StandardScalerWrapper RandomForest             0:00:20       0.1749    0.1747
        51   StandardScalerWrapper RandomForest             0:00:21       0.1751    0.1747
        52   WARNING - Retrying (Retry(total=2, connect=None, read=None, redirect=None, status=None)) after connection broken by 'ProtocolError('Connection aborted.', ConnectionResetError(104, 'Connection reset by peer'))': /azureml/ExperimentRun/dcid.AutoML_93547166-7d72-4f61-a806-fa40269e0a4c_52/outputs/conda_env_v_1_0_0.yml?sv=2019-02-02&sr=b&sig=ZdosWKkX57V67aoFyohSFmzV0derJA%2BYS1NFnVgSyW0%3D&st=2020-12-19T01%3A29%3A56Z&se=2020-12-20T01%3A39%3A56Z&sp=rcw&comp=block&blockid=TURBd01EQXdNREF3TURBd01EQXdNREF3TURBd01EQXdNREF3TURBd01EQSUzRA%3D%3D&timeout=30
StandardScalerWrapper ExtremeRandomTrees       0:03:05       0.1751    0.1747
        53   StandardScalerWrapper GradientBoosting         0:00:24       0.1798    0.1747
        54   RobustScaler RandomForest                      0:00:23       0.1747    0.1747
        55   RobustScaler RandomForest                      0:00:28       0.1750    0.1747
        56   StandardScalerWrapper GradientBoosting         0:00:29       0.1812    0.1747
        57   MaxAbsScaler RandomForest                      0:00:24       0.1749    0.1747
        58   MaxAbsScaler RandomForest                      0:00:21       0.1753    0.1747
        59   StandardScalerWrapper ExtremeRandomTrees       0:00:29       0.1751    0.1747
        60   SparseNormalizer RandomForest                  0:00:24       0.1760    0.1747
        61   MaxAbsScaler RandomForest                      0:00:27       0.1755    0.1747
        62   RobustScaler GradientBoosting                  0:00:20       0.1807    0.1747
        63   MaxAbsScaler RandomForest                      0:00:25       0.1750    0.1747
        64   MinMaxScaler RandomForest                      0:00:24       0.1763    0.1747
        65   WARNING - Retrying (Retry(total=2, connect=None, read=None, redirect=None, status=None)) after connection broken by 'ProtocolError('Connection aborted.', ConnectionResetError(104, 'Connection reset by peer'))': /azureml/ExperimentRun/dcid.AutoML_93547166-7d72-4f61-a806-fa40269e0a4c_65/outputs/conda_env_v_1_0_0.yml?sv=2019-02-02&sr=b&sig=LKDPE8w0GC%2FOGhwxRdF01SboY%2FnD1j10EVWnsqmMz%2FA%3D&st=2020-12-19T01%3A38%3A06Z&se=2020-12-20T01%3A48%3A06Z&sp=rcw&comp=block&blockid=TURBd01EQXdNREF3TURBd01EQXdNREF3TURBd01EQXdNREF3TURBd01EQSUzRA%3D%3D&timeout=30
MinMaxScaler RandomForest                      0:03:08       0.1750    0.1747
        66   MaxAbsScaler RandomForest                      0:00:22       0.1757    0.1747
        67   RobustScaler ExtremeRandomTrees                0:00:38       0.1814    0.1747
        68   StandardScalerWrapper GradientBoosting         0:00:25       0.1748    0.1747
        69   StandardScalerWrapper RandomForest             0:00:30       0.1760    0.1747
        70   WARNING - Retrying (Retry(total=2, connect=None, read=None, redirect=None, status=None)) after connection broken by 'ProtocolError('Connection aborted.', ConnectionResetError(104, 'Connection reset by peer'))': /azureml/ExperimentRun/dcid.AutoML_93547166-7d72-4f61-a806-fa40269e0a4c_70/outputs/pipeline_graph.json?sv=2019-02-02&sr=b&sig=4Eo5KqGiLPoZmxXI4hHA9xW0fGfTxwObigB8b2ZZmoE%3D&st=2020-12-19T01%3A43%3A11Z&se=2020-12-20T01%3A53%3A11Z&sp=rcw&comp=block&blockid=TURBd01EQXdNREF3TURBd01EQXdNREF3TURBd01EQXdNREF3TURBd01EQSUzRA%3D%3D&timeout=30
StandardScalerWrapper RandomForest             0:02:53       0.1750    0.1747
        71   StandardScalerWrapper ElasticNet               0:00:22       0.1820    0.1747
        72   MinMaxScaler RandomForest                      0:00:23       0.1815    0.1747
        73   MaxAbsScaler RandomForest                      0:00:22       0.1750    0.1747
        74   RobustScaler RandomForest                      0:00:23       0.1751    0.1747
        75   MaxAbsScaler RandomForest                      0:00:24       0.1749    0.1747
        76   RobustScaler RandomForest                      0:00:18       0.1750    0.1747
        77   StandardScalerWrapper ExtremeRandomTrees       0:00:18       0.1751    0.1747
        78   MaxAbsScaler RandomForest                      0:00:24       0.1753    0.1747
        79   StandardScalerWrapper RandomForest             0:00:27       0.1815    0.1747
        80   StandardScalerWrapper RandomForest             0:00:24       0.1759    0.1747
        81   StandardScalerWrapper RandomForest             0:00:24       0.1772    0.1747
        82   RobustScaler RandomForest                      0:00:26       0.1753    0.1747
        83   MaxAbsScaler RandomForest                      0:00:18       0.1752    0.1747
        84   StandardScalerWrapper ElasticNet               0:00:17       0.1820    0.1747
        85   StandardScalerWrapper RandomForest             0:00:27       0.1810    0.1747
        86   MinMaxScaler ExtremeRandomTrees                0:00:22       0.1749    0.1747
        87   MinMaxScaler GradientBoosting                  0:00:24       0.1813    0.1747
        88   StandardScalerWrapper GradientBoosting         0:00:17       0.1753    0.1747
        89   RobustScaler RandomForest                      0:00:31       0.1759    0.1747
        90   MinMaxScaler RandomForest                      0:00:40       0.1787    0.1747
        91   StandardScalerWrapper ExtremeRandomTrees       0:00:19       0.1751    0.1747
        92   MinMaxScaler GradientBoosting                  0:00:31       0.1749    0.1747
        93   StandardScalerWrapper RandomForest             0:00:18       0.1753    0.1747
        94   MaxAbsScaler RandomForest                      0:00:23       0.1752    0.1747
        95   MaxAbsScaler RandomForest                      0:00:36       0.1803    0.1747
        96   MaxAbsScaler GradientBoosting                  0:00:23       0.1750    0.1747
        97   StandardScalerWrapper RandomForest             0:00:25       0.1819    0.1747
        98   RobustScaler GradientBoosting                  0:00:21       0.1750    0.1747
        99   MinMaxScaler RandomForest                      0:00:18       0.1749    0.1747
       100   RobustScaler RandomForest                      0:01:28       0.1805    0.1747
       101   RobustScaler GradientBoosting                  0:00:26       0.1751    0.1747
       102   MinMaxScaler DecisionTree                      0:00:16       0.1768    0.1747
       103   MaxAbsScaler RandomForest                      0:00:24       0.1750    0.1747
       104   StandardScalerWrapper GradientBoosting         0:00:19       0.1752    0.1747
       105   SparseNormalizer RandomForest                  0:00:27       0.1755    0.1747
       106   RobustScaler DecisionTree                      0:00:21       0.1756    0.1747
       107   MaxAbsScaler RandomForest                      0:00:25       0.1752    0.1747
       108   StandardScalerWrapper RandomForest             0:00:21       0.1818    0.1747
       109   StandardScalerWrapper RandomForest             0:00:25       0.1748    0.1747
       110   StandardScalerWrapper RandomForest             0:00:20       0.1751    0.1747
       111   StandardScalerWrapper GradientBoosting         0:00:19       0.1814    0.1747
       112   MaxAbsScaler ExtremeRandomTrees                0:00:19       0.1752    0.1747
       113   WARNING - Retrying (Retry(total=2, connect=None, read=None, redirect=None, status=None)) after connection broken by 'ProtocolError('Connection aborted.', ConnectionResetError(104, 'Connection reset by peer'))': /azureml/ExperimentRun/dcid.AutoML_93547166-7d72-4f61-a806-fa40269e0a4c_113/outputs/model.pkl?sv=2019-02-02&sr=b&sig=Ciwqk0saOD56i7gpxkei9%2BzODADZGZ4Ep3Vu9%2FHQ53k%3D&st=2020-12-19T02%3A03%3A44Z&se=2020-12-20T02%3A13%3A44Z&sp=rcw&comp=block&blockid=TURBd01EQXdNREF3TURBd01EQXdNREF3TURBd01EQXdNREF3TURBd01EQSUzRA%3D%3D&timeout=30
MinMaxScaler RandomForest                      0:03:06       0.1759    0.1747
       114   StandardScalerWrapper ExtremeRandomTrees       0:00:26       0.1810    0.1747
       115   StandardScalerWrapper RandomForest             0:00:21       0.1804    0.1747
       116   StandardScalerWrapper RandomForest             0:00:25       0.1752    0.1747
       117   StandardScalerWrapper RandomForest             0:00:27       0.1749    0.1747
       118   RobustScaler GradientBoosting                  0:00:19       0.1764    0.1747
       119   StandardScalerWrapper ExtremeRandomTrees       0:00:27       0.1817    0.1747
       120   StandardScalerWrapper RandomForest             0:00:44       0.1818    0.1747
       121   StandardScalerWrapper RandomForest             0:00:35       0.1825    0.1747
       122   StandardScalerWrapper RandomForest             0:00:24       0.1749    0.1747
       123   WARNING - Retrying (Retry(total=2, connect=None, read=None, redirect=None, status=None)) after connection broken by 'ProtocolError('Connection aborted.', ConnectionResetError(104, 'Connection reset by peer'))': /azureml/ExperimentRun/dcid.AutoML_93547166-7d72-4f61-a806-fa40269e0a4c_123/outputs/model.pkl?sv=2019-02-02&sr=b&sig=lfXiUbZ4%2FMeW8XvisKDSM8ckK6n1jOvXzCSEbfYyEpg%3D&st=2020-12-19T02%3A11%3A03Z&se=2020-12-20T02%3A21%3A03Z&sp=rcw&comp=block&blockid=TURBd01EQXdNREF3TURBd01EQXdNREF3TURBd01EQXdNREF3TURBd01EQSUzRA%3D%3D&timeout=30
WARNING - Retrying (Retry(total=2, connect=None, read=None, redirect=None, status=None)) after connection broken by 'ProtocolError('Connection aborted.', ConnectionResetError(104, 'Connection reset by peer'))': /azureml/ExperimentRun/dcid.AutoML_93547166-7d72-4f61-a806-fa40269e0a4c_123/outputs/pipeline_graph.json?sv=2019-02-02&sr=b&sig=Lv%2BXjoZXVDmP%2FhrDAA%2BymIjQFEf%2FvWMiG8hnHz0Rr84%3D&st=2020-12-19T02%3A11%3A03Z&se=2020-12-20T02%3A21%3A03Z&sp=rcw&comp=block&blockid=TURBd01EQXdNREF3TURBd01EQXdNREF3TURBd01EQXdNREF3TURBd01EQSUzRA%3D%3D&timeout=30
StandardScalerWrapper ExtremeRandomTrees       0:03:07       0.1748    0.1747
       124   StandardScalerWrapper LassoLars                0:00:23       0.1820    0.1747
       125   MinMaxScaler RandomForest                      0:00:30       0.1757    0.1747
       126   MaxAbsScaler GradientBoosting                  0:01:14       0.1821    0.1747
       127   StandardScalerWrapper RandomForest             0:00:26       0.1820    0.1747
       128   MaxAbsScaler GradientBoosting                  0:00:24       0.1751    0.1747
       129   RobustScaler ExtremeRandomTrees                0:00:22       0.1753    0.1747
       130   MinMaxScaler RandomForest                      0:00:19       0.1758    0.1747
       131   RobustScaler RandomForest                      0:00:19       0.1752    0.1747
       132   MinMaxScaler RandomForest                      0:00:44       0.1817    0.1747
       133   RobustScaler RandomForest                      0:00:28       0.1755    0.1747
       134   MinMaxScaler RandomForest                      0:00:29       0.1822    0.1747
       135   MinMaxScaler RandomForest                      0:00:25       0.1756    0.1747
       136   RobustScaler ExtremeRandomTrees                0:00:21       0.1748    0.1747
       137   RobustScaler RandomForest                      0:00:29       0.1815    0.1747
       138   RobustScaler GradientBoosting                  0:00:26       0.1750    0.1747
       139   StandardScalerWrapper RandomForest             0:00:24       0.1755    0.1747
       140   StandardScalerWrapper RandomForest             0:00:21       0.1753    0.1747
       141   StandardScalerWrapper GradientBoosting         0:00:18       0.1791    0.1747
       142   RobustScaler RandomForest                      0:00:27       0.1760    0.1747
       143   RobustScaler GradientBoosting                  0:00:37       0.1799    0.1747
       144   RobustScaler RandomForest                      0:00:25       0.1747    0.1747
       145   MinMaxScaler RandomForest                      0:01:03       0.1794    0.1747
       146   RobustScaler RandomForest                      0:00:23       0.1749    0.1747
       147   StandardScalerWrapper GradientBoosting         0:00:41       0.1813    0.1747
       148   StandardScalerWrapper RandomForest             0:00:28       0.1814    0.1747
       149   RobustScaler RandomForest                      0:00:23       0.1820    0.1747
       150   StandardScalerWrapper RandomForest             0:00:19       0.1767    0.1747
       151   MinMaxScaler GradientBoosting                  0:00:49       0.1801    0.1747
       152   RobustScaler GradientBoosting                  0:00:25       0.1753    0.1747
       153   MinMaxScaler RandomForest                      0:00:25       0.1751    0.1747
       154   RobustScaler GradientBoosting                  0:00:19       0.1744    0.1744
       155   MinMaxScaler GradientBoosting                  0:00:29       0.1759    0.1744
       156   MinMaxScaler ExtremeRandomTrees                0:00:18       0.1751    0.1744
       157   MinMaxScaler GradientBoosting                  0:00:21       0.1746    0.1744
       158   StandardScalerWrapper RandomForest             0:00:22       0.1746    0.1744
       159   StandardScalerWrapper RandomForest             0:00:18       0.1750    0.1744
       160   StandardScalerWrapper GradientBoosting         0:03:58       0.1819    0.1744
       161   StandardScalerWrapper RandomForest             0:00:40       0.1815    0.1744
       162   MinMaxScaler RandomForest                      0:00:19       0.1752    0.1744
       163   MinMaxScaler GradientBoosting                  0:00:26       0.1817    0.1744
       164   StandardScalerWrapper GradientBoosting         0:00:52       0.1760    0.1744
       165   RobustScaler GradientBoosting                  0:00:19       0.1828    0.1744
       166   MaxAbsScaler RandomForest                      0:00:19       0.1749    0.1744
       167   RobustScaler RandomForest                      0:00:25       0.1750    0.1744
       168   StandardScalerWrapper GradientBoosting         0:00:23       0.1815    0.1744
       169   MinMaxScaler RandomForest                      0:00:19       0.1747    0.1744
       170   SparseNormalizer GradientBoosting              0:00:46       0.1802    0.1744
       171   MaxAbsScaler RandomForest                      0:00:26       0.1747    0.1744
       172   StandardScalerWrapper RandomForest             0:00:27       0.1818    0.1744
       173   MinMaxScaler DecisionTree                      0:00:22       0.1757    0.1744
       174   StandardScalerWrapper RandomForest             0:00:25       0.1763    0.1744
       175   SparseNormalizer GradientBoosting              0:00:35       0.1791    0.1744
       176   StandardScalerWrapper RandomForest             0:00:19       0.1752    0.1744
       177   StandardScalerWrapper ElasticNet               0:00:17       0.1819    0.1744
       178   MinMaxScaler RandomForest                      0:00:24       0.1749    0.1744
       179   RobustScaler GradientBoosting                  0:00:26       0.1753    0.1744
       180   StandardScalerWrapper GradientBoosting         0:00:18       0.1832    0.1744
       181   StandardScalerWrapper RandomForest             0:00:20       0.1750    0.1744
       182   RobustScaler ElasticNet                        0:00:17       0.1820    0.1744
       183   StandardScalerWrapper RandomForest             0:00:18       0.1750    0.1744
       184   StandardScalerWrapper RandomForest             0:00:18       0.1753    0.1744
       185   PCA GradientBoosting                           0:00:46       0.1857    0.1744
       186   MaxAbsScaler RandomForest                      0:00:25       0.1762    0.1744
       187   MaxAbsScaler ExtremeRandomTrees                0:00:18       0.1749    0.1744
       188   MaxAbsScaler RandomForest                      0:00:24       0.1756    0.1744
       189   MaxAbsScaler RandomForest                      0:00:28       0.1821    0.1744
       190   RobustScaler GradientBoosting                  0:00:20       0.1744    0.1744
       191   WARNING - Retrying (Retry(total=2, connect=None, read=None, redirect=None, status=None)) after connection broken by 'ProtocolError('Connection aborted.', ConnectionResetError(104, 'Connection reset by peer'))': /azureml/ExperimentRun/dcid.AutoML_93547166-7d72-4f61-a806-fa40269e0a4c_191/outputs/model.pkl?sv=2019-02-02&sr=b&sig=xi6wFzHYVRxXFYV7ZzI7fsKMzVa6Ep0XN4RELcKJh4Q%3D&st=2020-12-19T02%3A48%3A42Z&se=2020-12-20T02%3A58%3A42Z&sp=rcw&comp=block&blockid=TURBd01EQXdNREF3TURBd01EQXdNREF3TURBd01EQXdNREF3TURBd01EQSUzRA%3D%3D&timeout=30
RobustScaler ExtremeRandomTrees                0:03:12       0.1816    0.1744
       192   WARNING - Retrying (Retry(total=2, connect=None, read=None, redirect=None, status=None)) after connection broken by 'ProtocolError('Connection aborted.', ConnectionResetError(104, 'Connection reset by peer'))': /azureml/ExperimentRun/dcid.AutoML_93547166-7d72-4f61-a806-fa40269e0a4c_192/outputs/pipeline_graph.json?sv=2019-02-02&sr=b&sig=HgHyIyb6xQhvCqxoqJZC2yySJD4IwYuOnvUHWOMez1Y%3D&st=2020-12-19T02%3A51%3A28Z&se=2020-12-20T03%3A01%3A28Z&sp=rcw&comp=block&blockid=TURBd01EQXdNREF3TURBd01EQXdNREF3TURBd01EQXdNREF3TURBd01EQSUzRA%3D%3D&timeout=30
MinMaxScaler RandomForest                      0:00:40       0.1752    0.1744
       193   WARNING - Retrying (Retry(total=2, connect=None, read=None, redirect=None, status=None)) after connection broken by 'ProtocolError('Connection aborted.', ConnectionResetError(104, 'Connection reset by peer'))': /azureml/ExperimentRun/dcid.AutoML_93547166-7d72-4f61-a806-fa40269e0a4c_193/outputs/conda_env_v_1_0_0.yml?sv=2019-02-02&sr=b&sig=kKymbtLwmvQE8Ua1%2Bizw%2BXILJDRnGrAYIP6HuGNRb3U%3D&st=2020-12-19T02%3A52%3A15Z&se=2020-12-20T03%3A02%3A15Z&sp=rcw&comp=block&blockid=TURBd01EQXdNREF3TURBd01EQXdNREF3TURBd01EQXdNREF3TURBd01EQSUzRA%3D%3D&timeout=30
WARNING - Retrying (Retry(total=2, connect=None, read=None, redirect=None, status=None)) after connection broken by 'ProtocolError('Connection aborted.', ConnectionResetError(104, 'Connection reset by peer'))': /azureml/ExperimentRun/dcid.AutoML_93547166-7d72-4f61-a806-fa40269e0a4c_193/outputs/model.pkl?sv=2019-02-02&sr=b&sig=BF8BY%2B2BY7EMZNfJKpX6Q1X0iZhgeEea4mVkuL1KxBc%3D&st=2020-12-19T02%3A52%3A15Z&se=2020-12-20T03%3A02%3A15Z&sp=rcw&comp=block&blockid=TURBd01EQXdNREF3TURBd01EQXdNREF3TURBd01EQXdNREF3TURBd01EQSUzRA%3D%3D&timeout=30
MaxAbsScaler RandomForest                      0:02:44       0.1751    0.1744
       194   MinMaxScaler RandomForest                      0:00:21       0.1754    0.1744
       195   RobustScaler GradientBoosting                  0:00:25       0.1854    0.1744
       196   StandardScalerWrapper GradientBoosting         0:00:20       0.1802    0.1744
       197   MaxAbsScaler RandomForest                      0:00:24       0.1751    0.1744
       198   MinMaxScaler GradientBoosting                  0:00:38       0.1812    0.1744
       199   StandardScalerWrapper RandomForest             0:00:32       0.1814    0.1744
       200   RobustScaler GradientBoosting                  0:00:18       0.1759    0.1744
       201   StandardScalerWrapper RandomForest             0:00:23       0.1749    0.1744
       202   StandardScalerWrapper RandomForest             0:00:29       0.1752    0.1744
       203   StandardScalerWrapper GradientBoosting         0:00:29       0.1804    0.1744
       204   RobustScaler ExtremeRandomTrees                0:00:24       0.1751    0.1744
       205   RobustScaler GradientBoosting                  0:15:24       0.1791    0.1744
       206   MaxAbsScaler RandomForest                      0:00:42       0.1820    0.1744
       207   RobustScaler GradientBoosting                  0:00:23       0.1744    0.1744
       208   MinMaxScaler ExtremeRandomTrees                0:00:25       0.1817    0.1744
       209   MaxAbsScaler RandomForest                      0:00:25       0.1751    0.1744
       210   TruncatedSVDWrapper GradientBoosting           0:00:22       0.1818    0.1744
       211   RobustScaler RandomForest                      0:00:23       0.1754    0.1744
       212   MaxAbsScaler GradientBoosting                  0:00:30       0.1762    0.1744
       213   MinMaxScaler GradientBoosting                  0:00:37       0.1754    0.1744
       214   StandardScalerWrapper GradientBoosting         0:00:23       0.1748    0.1744
       215   SparseNormalizer GradientBoosting              0:00:40       0.1801    0.1744
       216   StandardScalerWrapper GradientBoosting         0:00:20       0.1804    0.1744
       217   StandardScalerWrapper RandomForest             0:00:20       0.1749    0.1744
       218   StandardScalerWrapper GradientBoosting         0:00:20       0.1749    0.1744
       219   MinMaxScaler GradientBoosting                  0:00:31       0.1747    0.1744
       220   MaxAbsScaler GradientBoosting                  0:00:23       0.1832    0.1744
       221   RobustScaler RandomForest                      0:00:23       0.1746    0.1744
       222   StandardScalerWrapper RandomForest             0:00:22       0.1820    0.1744
       223   StandardScalerWrapper ElasticNet               0:00:24       0.1819    0.1744
       224   RobustScaler GradientBoosting                  0:00:19       0.1803    0.1744
       225   MaxAbsScaler GradientBoosting                  0:00:20       0.1795    0.1744
       226   MaxAbsScaler RandomForest                      0:00:22       0.1751    0.1744
       227   MaxAbsScaler GradientBoosting                  0:00:27       0.1750    0.1744
       228   RobustScaler LassoLars                         0:00:23       0.1820    0.1744
       229   MaxAbsScaler DecisionTree                      0:00:16       0.1780    0.1744
       230   MaxAbsScaler GradientBoosting                  0:00:31       0.1837    0.1744
       231   StandardScalerWrapper DecisionTree             0:00:17       0.1757    0.1744
       232   RobustScaler RandomForest                      0:00:24       0.1757    0.1744
       233   StandardScalerWrapper DecisionTree             0:00:16       0.1758    0.1744
       234   RobustScaler ElasticNet                        0:00:22       0.1819    0.1744
       235   StandardScalerWrapper GradientBoosting         0:00:27       0.1760    0.1744
       236   MinMaxScaler RandomForest                      0:00:18       0.1775    0.1744
       237   MinMaxScaler DecisionTree                      0:00:23       0.1760    0.1744
       238   MaxAbsScaler RandomForest                      0:00:39       0.1817    0.1744
       239   StandardScalerWrapper DecisionTree             0:00:22       0.1758    0.1744
       240   TruncatedSVDWrapper GradientBoosting           0:00:19       0.1841    0.1744
       241   RobustScaler RandomForest                      0:00:19       0.1761    0.1744
       242   StandardScalerWrapper ElasticNet               0:00:24       0.1819    0.1744
       243   RobustScaler DecisionTree                      0:00:18       0.1768    0.1744
       244   RobustScaler DecisionTree                      0:00:17       0.1769    0.1744
       245   SparseNormalizer GradientBoosting              0:00:18       0.1832    0.1744
       246   MinMaxScaler DecisionTree                      0:00:22       0.1768    0.1744
       247   MinMaxScaler DecisionTree                      0:00:22       0.1766    0.1744
       248   RobustScaler DecisionTree                      0:00:22       0.1758    0.1744
       249   StandardScalerWrapper DecisionTree             0:00:17       0.1760    0.1744
       250   MaxAbsScaler GradientBoosting                  0:00:36       0.1854    0.1744
       251   RobustScaler RandomForest                      0:00:18       0.1786    0.1744
       252   StandardScalerWrapper LightGBM                 0:00:17       0.1749    0.1744
       253   StandardScalerWrapper RandomForest             0:00:24       0.1753    0.1744
       254   RobustScaler RandomForest                      0:00:24       0.1755    0.1744
       255   MaxAbsScaler GradientBoosting                  0:00:39       0.1812    0.1744
       256   StandardScalerWrapper RandomForest             0:00:28       0.1781    0.1744
       257   StandardScalerWrapper RandomForest             0:00:26       0.1752    0.1744
       258   StandardScalerWrapper ElasticNet               0:00:18       0.1817    0.1744
       259   StandardScalerWrapper RandomForest             0:00:20       0.1773    0.1744
       260   TruncatedSVDWrapper GradientBoosting           0:00:30       0.1810    0.1744
       261   StandardScalerWrapper DecisionTree             0:00:17       0.1757    0.1744
       262   RobustScaler RandomForest                      0:00:23       0.1754    0.1744
       263   RobustScaler RandomForest                      0:00:20       0.1752    0.1744
       264   RobustScaler RandomForest                      0:00:18       0.1758    0.1744
       265   RobustScaler GradientBoosting                  0:00:23       0.1798    0.1744
       266   StandardScalerWrapper DecisionTree             0:00:17       0.1757    0.1744
       267   StandardScalerWrapper RandomForest             0:00:24       0.1779    0.1744
       268   MinMaxScaler ExtremeRandomTrees                0:00:27       0.1750    0.1744
       269   StandardScalerWrapper ExtremeRandomTrees       0:00:25       0.1751    0.1744
       270   TruncatedSVDWrapper GradientBoosting           0:01:48       0.1790    0.1744
       271   StandardScalerWrapper RandomForest             0:00:21       0.1764    0.1744
       272   RobustScaler RandomForest                      0:00:21       0.1751    0.1744
       273   StandardScalerWrapper ExtremeRandomTrees       0:00:24       0.1747    0.1744
       274   RobustScaler ExtremeRandomTrees                0:00:25       0.1813    0.1744
       275   MinMaxScaler GradientBoosting                  0:00:26       0.1829    0.1744
       276   StandardScalerWrapper ExtremeRandomTrees       0:00:19       0.1752    0.1744
       277   MinMaxScaler RandomForest                      0:00:21       0.1753    0.1744
       278   StandardScalerWrapper RandomForest             0:00:21       0.1755    0.1744
       279   MinMaxScaler RandomForest                      0:00:21       0.1750    0.1744
       280   MinMaxScaler GradientBoosting                  0:00:27       0.1827    0.1744
       281   MinMaxScaler ExtremeRandomTrees                0:00:29       0.1748    0.1744
       282   StandardScalerWrapper ExtremeRandomTrees       0:00:28       0.1749    0.1744
       283   StandardScalerWrapper RandomForest             0:00:25       0.1753    0.1744
       284   WARNING - Retrying (Retry(total=2, connect=None, read=None, redirect=None, status=None)) after connection broken by 'ProtocolError('Connection aborted.', ConnectionResetError(104, 'Connection reset by peer'))': /azureml/ExperimentRun/dcid.AutoML_93547166-7d72-4f61-a806-fa40269e0a4c_284/outputs/scoring_file_v_1_0_0.py?sv=2019-02-02&sr=b&sig=uRwrr%2FaLw326e9jnRhIF4HHTUgbuP0G%2BjIaExBtIYUw%3D&st=2020-12-19T03%3A47%3A55Z&se=2020-12-20T03%3A57%3A55Z&sp=rcw&comp=block&blockid=TURBd01EQXdNREF3TURBd01EQXdNREF3TURBd01EQXdNREF3TURBd01EQSUzRA%3D%3D&timeout=30
StandardScalerWrapper RandomForest             0:03:03       0.1751    0.1744
       285   SparseNormalizer GradientBoosting              0:00:22       0.1792    0.1744
       286   RobustScaler RandomForest                      0:00:19       0.1750    0.1744
       287   StandardScalerWrapper RandomForest             0:00:19       0.1752    0.1744
       288   StandardScalerWrapper ExtremeRandomTrees       0:00:22       0.1752    0.1744
       289   MinMaxScaler ExtremeRandomTrees                0:00:24       0.1750    0.1744
       290   RobustScaler GradientBoosting                  0:00:22       0.1818    0.1744
       291   WARNING - Retrying (Retry(total=2, connect=None, read=None, redirect=None, status=None)) after connection broken by 'ProtocolError('Connection aborted.', ConnectionResetError(104, 'Connection reset by peer'))': /azureml/ExperimentRun/dcid.AutoML_93547166-7d72-4f61-a806-fa40269e0a4c_291/outputs/scoring_file_v_1_0_0.py?sv=2019-02-02&sr=b&sig=lE4bzzmxfcSa9sS%2F3tV43%2BYhLLuYFBsBzpiSPvSvf7Q%3D&st=2020-12-19T03%3A53%3A12Z&se=2020-12-20T04%3A03%3A12Z&sp=rcw&comp=block&blockid=TURBd01EQXdNREF3TURBd01EQXdNREF3TURBd01EQXdNREF3TURBd01EQSUzRA%3D%3D&timeout=30
MinMaxScaler ExtremeRandomTrees                0:03:11       0.1746    0.1744
       292   RobustScaler ExtremeRandomTrees                0:00:21       0.1748    0.1744
       293   MinMaxScaler ExtremeRandomTrees                0:00:25       0.1815    0.1744
       294   MinMaxScaler ExtremeRandomTrees                0:00:21       0.1749    0.1744
       295   WARNING - Retrying (Retry(total=2, connect=None, read=None, redirect=None, status=None)) after connection broken by 'ProtocolError('Connection aborted.', ConnectionResetError(104, 'Connection reset by peer'))': /azureml/ExperimentRun/dcid.AutoML_93547166-7d72-4f61-a806-fa40269e0a4c_295/outputs/conda_env_v_1_0_0.yml?sv=2019-02-02&sr=b&sig=CL6%2BxhbXoefdbzZMRzKPUDOyFVLvy5%2BovRKRvKwRGj0%3D&st=2020-12-19T03%3A58%3A03Z&se=2020-12-20T04%3A08%3A03Z&sp=rcw&comp=block&blockid=TURBd01EQXdNREF3TURBd01EQXdNREF3TURBd01EQXdNREF3TURBd01EQSUzRA%3D%3D&timeout=30
SparseNormalizer GradientBoosting              0:03:06       0.1830    0.1744
       296   RobustScaler RandomForest                      0:00:19       0.1754    0.1744
       297   MinMaxScaler ExtremeRandomTrees                0:00:18       0.1752    0.1744
       298   MinMaxScaler ExtremeRandomTrees                0:00:26       0.1747    0.1744
       299   RobustScaler ExtremeRandomTrees                0:00:19       0.1748    0.1744
       300   PCA GradientBoosting                           0:06:04       0.1859    0.1744
       301   StandardScalerWrapper ExtremeRandomTrees       0:00:25       0.1757    0.1744
       302   MinMaxScaler RandomForest                      0:00:19       0.1752    0.1744
       303   MinMaxScaler RandomForest                      0:00:30       0.1747    0.1744
       304   StandardScalerWrapper ExtremeRandomTrees       0:00:26       0.1750    0.1744
       305   MaxAbsScaler GradientBoosting                  0:00:44       0.1788    0.1744
       306   RobustScaler ExtremeRandomTrees                0:00:24       0.1756    0.1744
       307   RobustScaler RandomForest                      0:00:20       0.1753    0.1744
       308   MinMaxScaler ExtremeRandomTrees                0:00:25       0.1813    0.1744
       309   RobustScaler ExtremeRandomTrees                0:00:27       0.1751    0.1744
       310   RobustScaler GradientBoosting                  0:27:57       0.1818    0.1744
       311   StandardScalerWrapper ExtremeRandomTrees       0:00:25       0.1751    0.1744
       312   StandardScalerWrapper ExtremeRandomTrees       0:00:25       0.1749    0.1744
       313   StandardScalerWrapper RandomForest             0:00:29       0.1749    0.1744
       314   StandardScalerWrapper RandomForest             0:00:18       0.1752    0.1744
       315   MinMaxScaler GradientBoosting                  0:11:59       0.1805    0.1744
       316   MinMaxScaler ExtremeRandomTrees                0:00:27       0.1750    0.1744
       317   MinMaxScaler ExtremeRandomTrees                0:00:24       0.1750    0.1744
       318   StandardScalerWrapper RandomForest             0:00:25       0.1767    0.1744
       319   MinMaxScaler ExtremeRandomTrees                0:00:23       0.1750    0.1744
       320   MinMaxScaler GradientBoosting                  0:00:26       0.1778    0.1744
       321   RobustScaler RandomForest                      0:00:20       0.1750    0.1744
       322   RobustScaler ExtremeRandomTrees                0:00:19       0.1756    0.1744
       323   StandardScalerWrapper RandomForest             0:00:22       0.1751    0.1744
       324   RobustScaler ExtremeRandomTrees                0:00:27       0.1747    0.1744
       325   MinMaxScaler GradientBoosting                  0:00:27       0.1821    0.1744
       326   WARNING - Retrying (Retry(total=2, connect=None, read=None, redirect=None, status=None)) after connection broken by 'ProtocolError('Connection aborted.', ConnectionResetError(104, 'Connection reset by peer'))': /azureml/ExperimentRun/dcid.AutoML_93547166-7d72-4f61-a806-fa40269e0a4c_326/outputs/pipeline_graph.json?sv=2019-02-02&sr=b&sig=ypl2%2BolESMzoWsSauUu0ef9HYtqnJ%2FxR8dmugzOFQyk%3D&st=2020-12-19T04%3A57%3A49Z&se=2020-12-20T05%3A07%3A49Z&sp=rcw&comp=block&blockid=TURBd01EQXdNREF3TURBd01EQXdNREF3TURBd01EQXdNREF3TURBd01EQSUzRA%3D%3D&timeout=30
RobustScaler ExtremeRandomTrees                0:02:59       0.1749    0.1744
       327   MinMaxScaler GradientBoosting                  0:00:25       0.1744    0.1744
       328   StandardScalerWrapper RandomForest             0:00:28       0.1750    0.1744
       329   MinMaxScaler ExtremeRandomTrees                0:00:20       0.1753    0.1744
       330   PCA GradientBoosting                           0:00:29       0.1863    0.1744
       331   MinMaxScaler RandomForest                      0:00:26       0.1749    0.1744
       332   StandardScalerWrapper RandomForest             0:00:25       0.1748    0.1744
       333   StandardScalerWrapper ExtremeRandomTrees       0:00:32       0.1750    0.1744
       334   WARNING - Retrying (Retry(total=2, connect=None, read=None, redirect=None, status=None)) after connection broken by 'ProtocolError('Connection aborted.', ConnectionResetError(104, 'Connection reset by peer'))': /azureml/ExperimentRun/dcid.AutoML_93547166-7d72-4f61-a806-fa40269e0a4c_334/outputs/conda_env_v_1_0_0.yml?sv=2019-02-02&sr=b&sig=kgUC4ZI%2BsEHLZHCV7DekoultHs78yRzsD6PZG3J%2B33U%3D&st=2020-12-19T05%3A03%3A58Z&se=2020-12-20T05%3A13%3A58Z&sp=rcw&comp=block&blockid=TURBd01EQXdNREF3TURBd01EQXdNREF3TURBd01EQXdNREF3TURBd01EQSUzRA%3D%3D&timeout=30
StandardScalerWrapper RandomForest             0:02:55       0.1747    0.1744
       335   WARNING - Retrying (Retry(total=2, connect=None, read=None, redirect=None, status=None)) after connection broken by 'ProtocolError('Connection aborted.', ConnectionResetError(104, 'Connection reset by peer'))': /azureml/ExperimentRun/dcid.AutoML_93547166-7d72-4f61-a806-fa40269e0a4c_335/outputs/conda_env_v_1_0_0.yml?sv=2019-02-02&sr=b&sig=2SYx8OKplrJckCirNDyEvw2TmUNIRhaRVV1FOfeqYGM%3D&st=2020-12-19T05%3A06%3A53Z&se=2020-12-20T05%3A16%3A53Z&sp=rcw&comp=block&blockid=TURBd01EQXdNREF3TURBd01EQXdNREF3TURBd01EQXdNREF3TURBd01EQSUzRA%3D%3D&timeout=30
MaxAbsScaler GradientBoosting                  0:00:33       0.1762    0.1744
       336   RobustScaler ExtremeRandomTrees                0:00:23       0.1747    0.1744
       337   MinMaxScaler RandomForest                      0:00:24       0.1754    0.1744
       338   MinMaxScaler ExtremeRandomTrees                0:00:21       0.1750    0.1744
       339   MinMaxScaler RandomForest                      0:00:26       0.1772    0.1744
       340   SparseNormalizer GradientBoosting              0:00:22       0.1846    0.1744
       341   WARNING - Retrying (Retry(total=2, connect=None, read=None, redirect=None, status=None)) after connection broken by 'ProtocolError('Connection aborted.', ConnectionResetError(104, 'Connection reset by peer'))': /azureml/ExperimentRun/dcid.AutoML_93547166-7d72-4f61-a806-fa40269e0a4c_341/outputs/model.pkl?sv=2019-02-02&sr=b&sig=f6sn26qr0ewvKnl7WEgnChXmnMfUbSgRbrZI5c7JMk8%3D&st=2020-12-19T05%3A09%3A27Z&se=2020-12-20T05%3A19%3A27Z&sp=rcw&comp=block&blockid=TURBd01EQXdNREF3TURBd01EQXdNREF3TURBd01EQXdNREF3TURBd01EQSUzRA%3D%3D&timeout=30
StandardScalerWrapper ExtremeRandomTrees       0:03:08       0.1751    0.1744
       342   MinMaxScaler ExtremeRandomTrees                0:00:26       0.1750    0.1744
       343   StandardScalerWrapper RandomForest             0:00:23       0.1752    0.1744
       344   StandardScalerWrapper RandomForest             0:00:24       0.1751    0.1744
       345   MaxAbsScaler GradientBoosting                  0:00:24       0.1832    0.1744
       346   MinMaxScaler RandomForest                      0:00:19       0.1750    0.1744
       347   MinMaxScaler ExtremeRandomTrees                0:00:24       0.1752    0.1744
       348   RobustScaler RandomForest                      0:00:20       0.1749    0.1744
       349   MinMaxScaler RandomForest                      0:00:28       0.1747    0.1744
       350   MaxAbsScaler GradientBoosting                  0:06:44       0.1825    0.1744
       351   StandardScalerWrapper ExtremeRandomTrees       0:00:24       0.1752    0.1744
       352   StandardScalerWrapper RandomForest             0:00:24       0.1749    0.1744
       353   StandardScalerWrapper RandomForest             0:00:25       0.1752    0.1744
       354   StandardScalerWrapper ExtremeRandomTrees       0:00:23       0.1750    0.1744
       355   MaxAbsScaler GradientBoosting                  0:01:26       0.1812    0.1744
       356   StandardScalerWrapper ExtremeRandomTrees       0:00:19       0.1754    0.1744
       357   MinMaxScaler ExtremeRandomTrees                0:00:21       0.1751    0.1744
       358   RobustScaler ExtremeRandomTrees                0:00:28       0.1752    0.1744
       359   MinMaxScaler ExtremeRandomTrees                0:00:25       0.1752    0.1744
       360   StandardScalerWrapper GradientBoosting         0:00:18       0.1817    0.1744
       361   RobustScaler ExtremeRandomTrees                0:00:20       0.1752    0.1744
       362   RobustScaler RandomForest                      0:00:24       0.1749    0.1744
       363   StandardScalerWrapper ExtremeRandomTrees       0:00:19       0.1751    0.1744
       364   StandardScalerWrapper ExtremeRandomTrees       0:00:28       0.1750    0.1744
       365   WARNING - Retrying (Retry(total=2, connect=None, read=None, redirect=None, status=None)) after connection broken by 'ProtocolError('Connection aborted.', ConnectionResetError(104, 'Connection reset by peer'))': /azureml/ExperimentRun/dcid.AutoML_93547166-7d72-4f61-a806-fa40269e0a4c_365/outputs/conda_env_v_1_0_0.yml?sv=2019-02-02&sr=b&sig=eliC35cmywa5BpjACUTFSgMLzDJfU7ppLQ6fvdhsiFU%3D&st=2020-12-19T05%3A30%3A47Z&se=2020-12-20T05%3A40%3A47Z&sp=rcw&comp=block&blockid=TURBd01EQXdNREF3TURBd01EQXdNREF3TURBd01EQXdNREF3TURBd01EQSUzRA%3D%3D&timeout=30
WARNING - Retrying (Retry(total=2, connect=None, read=None, redirect=None, status=None)) after connection broken by 'ProtocolError('Connection aborted.', ConnectionResetError(104, 'Connection reset by peer'))': /azureml/ExperimentRun/dcid.AutoML_93547166-7d72-4f61-a806-fa40269e0a4c_365/outputs/env_dependencies.json?sv=2019-02-02&sr=b&sig=RM%2FVljLizr4p800y7vhWXy28tO5j8%2BSm8qei1%2FU%2B6V8%3D&st=2020-12-19T05%3A30%3A47Z&se=2020-12-20T05%3A40%3A47Z&sp=rcw&comp=block&blockid=TURBd01EQXdNREF3TURBd01EQXdNREF3TURBd01EQXdNREF3TURBd01EQSUzRA%3D%3D&timeout=30
SparseNormalizer GradientBoosting              0:03:02       0.1835    0.1744
       366   StandardScalerWrapper RandomForest             0:00:26       0.1750    0.1744
       367   StandardScalerWrapper ExtremeRandomTrees       0:00:25       0.1751    0.1744
       368   MinMaxScaler RandomForest                      0:00:19       0.1751    0.1744
       369   MinMaxScaler GradientBoosting                  0:00:19       0.1746    0.1744
       370   MaxAbsScaler GradientBoosting                  0:00:26       0.1817    0.1744
       371   StandardScalerWrapper ExtremeRandomTrees       0:00:21       0.1751    0.1744
       372   StandardScalerWrapper ExtremeRandomTrees       0:00:26       0.1751    0.1744
       373   MinMaxScaler ExtremeRandomTrees                0:00:26       0.1751    0.1744
       374   RobustScaler ExtremeRandomTrees                0:00:23       0.1750    0.1744
       375   TruncatedSVDWrapper GradientBoosting           0:02:18       0.1764    0.1744
       376   StandardScalerWrapper ExtremeRandomTrees       0:00:31       0.1752    0.1744
       377   StandardScalerWrapper RandomForest             0:00:32       0.1814    0.1744
       378   RobustScaler ExtremeRandomTrees                0:00:19       0.1753    0.1744
       379   RobustScaler ExtremeRandomTrees                0:00:27       0.1750    0.1744
       380   RobustScaler GradientBoosting                  0:00:19       0.1832    0.1744
       381   RobustScaler RandomForest                      0:00:24       0.1752    0.1744
       382   MinMaxScaler ExtremeRandomTrees                0:00:32       0.1748    0.1744
       383   MinMaxScaler ExtremeRandomTrees                0:00:21       0.1747    0.1744
       384   MinMaxScaler ExtremeRandomTrees                0:00:32       0.1748    0.1744
       385   SparseNormalizer GradientBoosting              0:00:26       0.1830    0.1744
       386   WARNING - Retrying (Retry(total=2, connect=None, read=None, redirect=None, status=None)) after connection broken by 'ProtocolError('Connection aborted.', ConnectionResetError(104, 'Connection reset by peer'))': /azureml/ExperimentRun/dcid.AutoML_93547166-7d72-4f61-a806-fa40269e0a4c_386/outputs/conda_env_v_1_0_0.yml?sv=2019-02-02&sr=b&sig=pydgP2zybI%2BH8sxCbMJdKjEaajYedEpwMwwJyr6n24Q%3D&st=2020-12-19T05%3A42%3A25Z&se=2020-12-20T05%3A52%3A25Z&sp=rcw&comp=block&blockid=TURBd01EQXdNREF3TURBd01EQXdNREF3TURBd01EQXdNREF3TURBd01EQSUzRA%3D%3D&timeout=30
RobustScaler RandomForest                      0:03:06       0.1753    0.1744
       387   StandardScalerWrapper ExtremeRandomTrees       0:00:27       0.1752    0.1744
       388   RobustScaler ExtremeRandomTrees                0:00:20       0.1750    0.1744
       389   StandardScalerWrapper ExtremeRandomTrees       0:00:24       0.1752    0.1744
       390   SparseNormalizer GradientBoosting              0:00:20       0.1815    0.1744
       391   StandardScalerWrapper RandomForest             0:00:19       0.1747    0.1744
       392   MinMaxScaler ExtremeRandomTrees                0:00:25       0.1749    0.1744
       393   MinMaxScaler ExtremeRandomTrees                0:00:24       0.1749    0.1744
       394   WARNING - Retrying (Retry(total=2, connect=None, read=None, redirect=None, status=None)) after connection broken by 'ProtocolError('Connection aborted.', ConnectionResetError(104, 'Connection reset by peer'))': /azureml/ExperimentRun/dcid.AutoML_93547166-7d72-4f61-a806-fa40269e0a4c_394/outputs/pipeline_graph.json?sv=2019-02-02&sr=b&sig=3le93HcwEqedUBEcU5umdsaYp3d2Vo91tLqQw85J7HE%3D&st=2020-12-19T05%3A48%3A14Z&se=2020-12-20T05%3A58%3A14Z&sp=rcw&comp=block&blockid=TURBd01EQXdNREF3TURBd01EQXdNREF3TURBd01EQXdNREF3TURBd01EQSUzRA%3D%3D&timeout=30
WARNING - Retrying (Retry(total=2, connect=None, read=None, redirect=None, status=None)) after connection broken by 'ProtocolError('Connection aborted.', ConnectionResetError(104, 'Connection reset by peer'))': /azureml/ExperimentRun/dcid.AutoML_93547166-7d72-4f61-a806-fa40269e0a4c_394/outputs/env_dependencies.json?sv=2019-02-02&sr=b&sig=s449gP3vshb0l%2FuHWaGpa6HzwUehVcn04zI20qJBw8A%3D&st=2020-12-19T05%3A48%3A14Z&se=2020-12-20T05%3A58%3A14Z&sp=rcw&comp=block&blockid=TURBd01EQXdNREF3TURBd01EQXdNREF3TURBd01EQXdNREF3TURBd01EQSUzRA%3D%3D&timeout=30
MinMaxScaler RandomForest                      0:03:04       0.1754    0.1744
       395   MaxAbsScaler GradientBoosting                  0:00:18       0.1812    0.1744
       396   MinMaxScaler ExtremeRandomTrees                0:00:24       0.1752    0.1744
       397   MinMaxScaler RandomForest                      0:00:24       0.1752    0.1744
       398   MinMaxScaler ExtremeRandomTrees                0:00:24       0.1753    0.1744
       399   StandardScalerWrapper ExtremeRandomTrees       0:00:24       0.1751    0.1744
       400   TruncatedSVDWrapper GradientBoosting           0:00:30       0.1817    0.1744
       401   StandardScalerWrapper ExtremeRandomTrees       0:00:27       0.1750    0.1744
       402   StandardScalerWrapper RandomForest             0:00:19       0.1752    0.1744
       403   RobustScaler ExtremeRandomTrees                0:00:23       0.1751    0.1744
       404   StandardScalerWrapper ExtremeRandomTrees       0:00:22       0.1749    0.1744
       405   WARNING - Retrying (Retry(total=2, connect=None, read=None, redirect=None, status=None)) after connection broken by 'ProtocolError('Connection aborted.', ConnectionResetError(104, 'Connection reset by peer'))': /azureml/ExperimentRun/dcid.AutoML_93547166-7d72-4f61-a806-fa40269e0a4c_405/outputs/scoring_file_v_1_0_0.py?sv=2019-02-02&sr=b&sig=CoIZ9ZZKQqtOah5mPBw9IzMit1A2UTvOCgyx6urLDv8%3D&st=2020-12-19T05%3A55%3A20Z&se=2020-12-20T06%3A05%3A20Z&sp=rcw&comp=block&blockid=TURBd01EQXdNREF3TURBd01EQXdNREF3TURBd01EQXdNREF3TURBd01EQSUzRA%3D%3D&timeout=30
MinMaxScaler GradientBoosting                  0:03:03       0.1850    0.1744
       406   RobustScaler RandomForest                      0:00:24       0.1750    0.1744
       407   MinMaxScaler RandomForest                      0:00:22       0.1746    0.1744
       408   StandardScalerWrapper ExtremeRandomTrees       0:00:30       0.1752    0.1744
       409   StandardScalerWrapper ExtremeRandomTrees       0:00:23       0.1750    0.1744
       410   WARNING - Retrying (Retry(total=2, connect=None, read=None, redirect=None, status=None)) after connection broken by 'ProtocolError('Connection aborted.', ConnectionResetError(104, 'Connection reset by peer'))': /azureml/ExperimentRun/dcid.AutoML_93547166-7d72-4f61-a806-fa40269e0a4c_410/outputs/model.pkl?sv=2019-02-02&sr=b&sig=HJmgHq4ob2r0ssRlumB43VVphKXMS%2F5yl0eWTbVnD%2B8%3D&st=2020-12-19T06%3A00%3A08Z&se=2020-12-20T06%3A10%3A08Z&sp=rcw&comp=block&blockid=TURBd01EQXdNREF3TURBd01EQXdNREF3TURBd01EQXdNREF3TURBd01EQSUzRA%3D%3D&timeout=30
WARNING - Retrying (Retry(total=2, connect=None, read=None, redirect=None, status=None)) after connection broken by 'ProtocolError('Connection aborted.', ConnectionResetError(104, 'Connection reset by peer'))': /azureml/ExperimentRun/dcid.AutoML_93547166-7d72-4f61-a806-fa40269e0a4c_410/outputs/scoring_file_v_1_0_0.py?sv=2019-02-02&sr=b&sig=D%2BeAVEPd4IaJUR45wRYxI2LlUEBown%2F%2BOx1JYpbLwFo%3D&st=2020-12-19T06%3A00%3A08Z&se=2020-12-20T06%3A10%3A08Z&sp=rcw&comp=block&blockid=TURBd01EQXdNREF3TURBd01EQXdNREF3TURBd01EQXdNREF3TURBd01EQSUzRA%3D%3D&timeout=30
WARNING - Retrying (Retry(total=2, connect=None, read=None, redirect=None, status=None)) after connection broken by 'ProtocolError('Connection aborted.', ConnectionResetError(104, 'Connection reset by peer'))': /azureml/ExperimentRun/dcid.AutoML_93547166-7d72-4f61-a806-fa40269e0a4c_410/outputs/pipeline_graph.json?sv=2019-02-02&sr=b&sig=e%2FrmFMr2R8N7WMG%2B6zUywUQ1uEyM5SUrsXyv3IVNUyU%3D&st=2020-12-19T06%3A00%3A08Z&se=2020-12-20T06%3A10%3A08Z&sp=rcw&comp=block&blockid=TURBd01EQXdNREF3TURBd01EQXdNREF3TURBd01EQXdNREF3TURBd01EQSUzRA%3D%3D&timeout=30
WARNING - Retrying (Retry(total=2, connect=None, read=None, redirect=None, status=None)) after connection broken by 'ProtocolError('Connection aborted.', ConnectionResetError(104, 'Connection reset by peer'))': /azureml/ExperimentRun/dcid.AutoML_93547166-7d72-4f61-a806-fa40269e0a4c_410/outputs/env_dependencies.json?sv=2019-02-02&sr=b&sig=s9%2Fp9lYLxeEUPlWVX8Gbrani9LzQvqtbJnwExoKYDgw%3D&st=2020-12-19T06%3A00%3A08Z&se=2020-12-20T06%3A10%3A08Z&sp=rcw&comp=block&blockid=TURBd01EQXdNREF3TURBd01EQXdNREF3TURBd01EQXdNREF3TURBd01EQSUzRA%3D%3D&timeout=30
StandardScalerWrapper GradientBoosting         0:03:10       0.1779    0.1744
       411   RobustScaler ExtremeRandomTrees                0:00:26       0.1752    0.1744
       412   RobustScaler ExtremeRandomTrees                0:00:22       0.1747    0.1744
       413   MinMaxScaler ExtremeRandomTrees                0:00:28       0.1747    0.1744
       414   RobustScaler RandomForest                      0:00:21       0.1750    0.1744
       415   TruncatedSVDWrapper GradientBoosting           0:01:04       0.1786    0.1744
       416   RobustScaler RandomForest                      0:00:23       0.1750    0.1744
       417   StandardScalerWrapper ExtremeRandomTrees       0:00:30       0.1750    0.1744
       418   MinMaxScaler ExtremeRandomTrees                0:00:25       0.1749    0.1744
       419   MinMaxScaler ExtremeRandomTrees                0:00:28       0.1749    0.1744
       420   SparseNormalizer GradientBoosting              0:00:24       0.1806    0.1744
       421   WARNING - Retrying (Retry(total=2, connect=None, read=None, redirect=None, status=None)) after connection broken by 'ProtocolError('Connection aborted.', ConnectionResetError(104, 'Connection reset by peer'))': /azureml/ExperimentRun/dcid.AutoML_93547166-7d72-4f61-a806-fa40269e0a4c_421/outputs/model.pkl?sv=2019-02-02&sr=b&sig=%2FKsisD%2BnsNQbeFVUBb2%2FLlo6HcQ%2FrF9CTDNwhLf1f9Y%3D&st=2020-12-19T06%3A08%3A12Z&se=2020-12-20T06%3A18%3A12Z&sp=rcw&comp=block&blockid=TURBd01EQXdNREF3TURBd01EQXdNREF3TURBd01EQXdNREF3TURBd01EQSUzRA%3D%3D&timeout=30
WARNING - Retrying (Retry(total=2, connect=None, read=None, redirect=None, status=None)) after connection broken by 'ProtocolError('Connection aborted.', ConnectionResetError(104, 'Connection reset by peer'))': /azureml/ExperimentRun/dcid.AutoML_93547166-7d72-4f61-a806-fa40269e0a4c_421/outputs/scoring_file_v_1_0_0.py?sv=2019-02-02&sr=b&sig=xofngaT3Vi7QkS5Kk1%2BZOMJa4xQdytOFDaD0ixa31pc%3D&st=2020-12-19T06%3A08%3A12Z&se=2020-12-20T06%3A18%3A12Z&sp=rcw&comp=block&blockid=TURBd01EQXdNREF3TURBd01EQXdNREF3TURBd01EQXdNREF3TURBd01EQSUzRA%3D%3D&timeout=30
WARNING - Retrying (Retry(total=2, connect=None, read=None, redirect=None, status=None)) after connection broken by 'ProtocolError('Connection aborted.', ConnectionResetError(104, 'Connection reset by peer'))': /azureml/ExperimentRun/dcid.AutoML_93547166-7d72-4f61-a806-fa40269e0a4c_421/outputs/pipeline_graph.json?sv=2019-02-02&sr=b&sig=K5bhMX1KK5D8gCIKz3akEVca2o1DeS3g3asgd1poBy0%3D&st=2020-12-19T06%3A08%3A12Z&se=2020-12-20T06%3A18%3A12Z&sp=rcw&comp=block&blockid=TURBd01EQXdNREF3TURBd01EQXdNREF3TURBd01EQXdNREF3TURBd01EQSUzRA%3D%3D&timeout=30
WARNING - Retrying (Retry(total=2, connect=None, read=None, redirect=None, status=None)) after connection broken by 'ProtocolError('Connection aborted.', ConnectionResetError(104, 'Connection reset by peer'))': /azureml/ExperimentRun/dcid.AutoML_93547166-7d72-4f61-a806-fa40269e0a4c_421/outputs/conda_env_v_1_0_0.yml?sv=2019-02-02&sr=b&sig=Ae0Mfr0PXDsV1b1zfzAW7JGNxiuGh3ZFH%2Bcc8fNOWyA%3D&st=2020-12-19T06%3A08%3A12Z&se=2020-12-20T06%3A18%3A12Z&sp=rcw&comp=block&blockid=TURBd01EQXdNREF3TURBd01EQXdNREF3TURBd01EQXdNREF3TURBd01EQSUzRA%3D%3D&timeout=30
StandardScalerWrapper ExtremeRandomTrees       0:03:08       0.1751    0.1744
       422   MinMaxScaler ExtremeRandomTrees                0:00:20       0.1751    0.1744
       423   StandardScalerWrapper RandomForest             0:00:27       0.1750    0.1744
       424   StandardScalerWrapper ExtremeRandomTrees       0:00:20       0.1748    0.1744
       425   TruncatedSVDWrapper GradientBoosting           0:00:24       0.1837    0.1744
       426   MinMaxScaler ExtremeRandomTrees                0:00:27       0.1751    0.1744
       427   StandardScalerWrapper RandomForest             0:00:28       0.1746    0.1744
       428   StandardScalerWrapper ExtremeRandomTrees       0:00:24       0.1752    0.1744
       429   RobustScaler ExtremeRandomTrees                0:00:21       0.1750    0.1744
       430   StandardScalerWrapper GradientBoosting         0:00:19       0.1814    0.1744
       431   StandardScalerWrapper RandomForest             0:00:19       0.1747    0.1744
       432   WARNING - Retrying (Retry(total=2, connect=None, read=None, redirect=None, status=None)) after connection broken by 'ProtocolError('Connection aborted.', ConnectionResetError(104, 'Connection reset by peer'))': /azureml/ExperimentRun/dcid.AutoML_93547166-7d72-4f61-a806-fa40269e0a4c_432/outputs/scoring_file_v_1_0_0.py?sv=2019-02-02&sr=b&sig=l7nznN%2FCw5B56M%2FZd%2FH7FhSBXp1D4rx5f3QLyfJWcl8%3D&st=2020-12-19T06%3A15%3A22Z&se=2020-12-20T06%3A25%3A22Z&sp=rcw&comp=block&blockid=TURBd01EQXdNREF3TURBd01EQXdNREF3TURBd01EQXdNREF3TURBd01EQSUzRA%3D%3D&timeout=30
WARNING - Retrying (Retry(total=2, connect=None, read=None, redirect=None, status=None)) after connection broken by 'ProtocolError('Connection aborted.', ConnectionResetError(104, 'Connection reset by peer'))': /azureml/ExperimentRun/dcid.AutoML_93547166-7d72-4f61-a806-fa40269e0a4c_432/outputs/pipeline_graph.json?sv=2019-02-02&sr=b&sig=dtTsh8tnjOpBnrKiWSJKWvmZUCx1QgFG6Yldr1FDcuM%3D&st=2020-12-19T06%3A15%3A22Z&se=2020-12-20T06%3A25%3A22Z&sp=rcw&comp=block&blockid=TURBd01EQXdNREF3TURBd01EQXdNREF3TURBd01EQXdNREF3TURBd01EQSUzRA%3D%3D&timeout=30
WARNING - Retrying (Retry(total=2, connect=None, read=None, redirect=None, status=None)) after connection broken by 'ProtocolError('Connection aborted.', ConnectionResetError(104, 'Connection reset by peer'))': /azureml/ExperimentRun/dcid.AutoML_93547166-7d72-4f61-a806-fa40269e0a4c_432/outputs/env_dependencies.json?sv=2019-02-02&sr=b&sig=bRT9B57qcgB%2Fz2oVrMBNCmteN8YSZHVDlj9cELdvnr4%3D&st=2020-12-19T06%3A15%3A22Z&se=2020-12-20T06%3A25%3A22Z&sp=rcw&comp=block&blockid=TURBd01EQXdNREF3TURBd01EQXdNREF3TURBd01EQXdNREF3TURBd01EQSUzRA%3D%3D&timeout=30
WARNING - Retrying (Retry(total=2, connect=None, read=None, redirect=None, status=None)) after connection broken by 'ProtocolError('Connection aborted.', ConnectionResetError(104, 'Connection reset by peer'))': /azureml/ExperimentRun/dcid.AutoML_93547166-7d72-4f61-a806-fa40269e0a4c_432/outputs/model.pkl?sv=2019-02-02&sr=b&sig=P3vdV6iaeZ1NCVILdJNFQivjeswF%2Bjd%2F6jOMqVkAJHA%3D&st=2020-12-19T06%3A15%3A22Z&se=2020-12-20T06%3A25%3A22Z&sp=rcw&comp=block&blockid=TURBd01EQXdNREF3TURBd01EQXdNREF3TURBd01EQXdNREF3TURBd01EQSUzRA%3D%3D&timeout=30
WARNING - Retrying (Retry(total=2, connect=None, read=None, redirect=None, status=None)) after connection broken by 'ProtocolError('Connection aborted.', ConnectionResetError(104, 'Connection reset by peer'))': /azureml/ExperimentRun/dcid.AutoML_93547166-7d72-4f61-a806-fa40269e0a4c_432/outputs/conda_env_v_1_0_0.yml?sv=2019-02-02&sr=b&sig=GD0fKEx9d9e8jSlC06T3B6asaXIz46SUBkq0ZzRM%2FOs%3D&st=2020-12-19T06%3A15%3A22Z&se=2020-12-20T06%3A25%3A22Z&sp=rcw&comp=block&blockid=TURBd01EQXdNREF3TURBd01EQXdNREF3TURBd01EQXdNREF3TURBd01EQSUzRA%3D%3D&timeout=30
MinMaxScaler ExtremeRandomTrees                0:03:09       0.1747    0.1744
       433   StandardScalerWrapper RandomForest             0:00:24       0.1762    0.1744
       434   MinMaxScaler ExtremeRandomTrees                0:00:28       0.1748    0.1744
       435   MaxAbsScaler GradientBoosting                  0:01:01       0.1824    0.1744
       436   StandardScalerWrapper ExtremeRandomTrees       0:00:26       0.1751    0.1744
       437   StandardScalerWrapper RandomForest             0:00:28       0.1751    0.1744
       438   RobustScaler RandomForest                      0:00:24       0.1750    0.1744
       439   MinMaxScaler RandomForest                      0:00:20       0.1751    0.1744
       440   WARNING - Retrying (Retry(total=2, connect=None, read=None, redirect=None, status=None)) after connection broken by 'ProtocolError('Connection aborted.', ConnectionResetError(104, 'Connection reset by peer'))': /azureml/ExperimentRun/dcid.AutoML_93547166-7d72-4f61-a806-fa40269e0a4c_440/outputs/env_dependencies.json?sv=2019-02-02&sr=b&sig=L8Z1twxfMwaCyBQBp6tM7iYPIy55t6WQij7flYhcQE8%3D&st=2020-12-19T06%3A22%3A01Z&se=2020-12-20T06%3A32%3A01Z&sp=rcw&comp=block&blockid=TURBd01EQXdNREF3TURBd01EQXdNREF3TURBd01EQXdNREF3TURBd01EQSUzRA%3D%3D&timeout=30
WARNING - Retrying (Retry(total=2, connect=None, read=None, redirect=None, status=None)) after connection broken by 'ProtocolError('Connection aborted.', ConnectionResetError(104, 'Connection reset by peer'))': /azureml/ExperimentRun/dcid.AutoML_93547166-7d72-4f61-a806-fa40269e0a4c_440/outputs/pipeline_graph.json?sv=2019-02-02&sr=b&sig=Mk1Pl%2ByFf%2Bs3sr1%2FpOt8haCCfhTtb4vmRsQUicEeRKM%3D&st=2020-12-19T06%3A22%3A01Z&se=2020-12-20T06%3A32%3A01Z&sp=rcw&comp=block&blockid=TURBd01EQXdNREF3TURBd01EQXdNREF3TURBd01EQXdNREF3TURBd01EQSUzRA%3D%3D&timeout=30
WARNING - Retrying (Retry(total=2, connect=None, read=None, redirect=None, status=None)) after connection broken by 'ProtocolError('Connection aborted.', ConnectionResetError(104, 'Connection reset by peer'))': /azureml/ExperimentRun/dcid.AutoML_93547166-7d72-4f61-a806-fa40269e0a4c_440/outputs/model.pkl?sv=2019-02-02&sr=b&sig=%2BuM%2FJ%2BvVQggcvu3267%2BYtlvv5M9WJtH1dgQry4as%2FLg%3D&st=2020-12-19T06%3A22%3A01Z&se=2020-12-20T06%3A32%3A01Z&sp=rcw&comp=block&blockid=TURBd01EQXdNREF3TURBd01EQXdNREF3TURBd01EQXdNREF3TURBd01EQSUzRA%3D%3D&timeout=30
WARNING - Retrying (Retry(total=2, connect=None, read=None, redirect=None, status=None)) after connection broken by 'ProtocolError('Connection aborted.', ConnectionResetError(104, 'Connection reset by peer'))': /azureml/ExperimentRun/dcid.AutoML_93547166-7d72-4f61-a806-fa40269e0a4c_440/outputs/conda_env_v_1_0_0.yml?sv=2019-02-02&sr=b&sig=PPq5HdUk8FoOlShyAXZTbH1uEM9SJBxsrpiRf0o88V4%3D&st=2020-12-19T06%3A22%3A01Z&se=2020-12-20T06%3A32%3A01Z&sp=rcw&comp=block&blockid=TURBd01EQXdNREF3TURBd01EQXdNREF3TURBd01EQXdNREF3TURBd01EQSUzRA%3D%3D&timeout=30
MinMaxScaler GradientBoosting                  0:03:05       0.1848    0.1744
       441   WARNING - Retrying (Retry(total=2, connect=None, read=None, redirect=None, status=None)) after connection broken by 'ProtocolError('Connection aborted.', ConnectionResetError(104, 'Connection reset by peer'))': /azureml/ExperimentRun/dcid.AutoML_93547166-7d72-4f61-a806-fa40269e0a4c_441/outputs/pipeline_graph.json?sv=2019-02-02&sr=b&sig=B3Ei9V4qrDFM4vzR1in6yar2OY5Ajiqbt0iVwe%2BwR3U%3D&st=2020-12-19T06%3A25%3A12Z&se=2020-12-20T06%3A35%3A12Z&sp=rcw&comp=block&blockid=TURBd01EQXdNREF3TURBd01EQXdNREF3TURBd01EQXdNREF3TURBd01EQSUzRA%3D%3D&timeout=30
StandardScalerWrapper RandomForest             0:03:09       0.1747    0.1744
       442   StandardScalerWrapper ExtremeRandomTrees       0:00:29       0.1748    0.1744
       443   RobustScaler RandomForest                      0:00:19       0.1752    0.1744
       444   MinMaxScaler ExtremeRandomTrees                0:00:19       0.1753    0.1744
       445   TruncatedSVDWrapper GradientBoosting           0:02:39       0.1742    0.1742
       446   StandardScalerWrapper RandomForest             0:00:29       0.1751    0.1742
       447   StandardScalerWrapper ExtremeRandomTrees       0:00:25       0.1747    0.1742
       448   StandardScalerWrapper ExtremeRandomTrees       0:00:28       0.1748    0.1742
       449   MinMaxScaler RandomForest                      0:00:19       0.1749    0.1742
       450   RobustScaler GradientBoosting                  0:00:19       0.1814    0.1742
       451   StandardScalerWrapper ExtremeRandomTrees       0:00:23       0.1749    0.1742
       452   RobustScaler ExtremeRandomTrees                0:00:25       0.1750    0.1742
       453   MinMaxScaler ExtremeRandomTrees                0:00:26       0.1746    0.1742
       454   RobustScaler ExtremeRandomTrees                0:00:20       0.1751    0.1742
       455   PCA GradientBoosting                           0:01:37       0.1794    0.1742
       456   RobustScaler RandomForest                      0:00:27       0.1751    0.1742
       457   StandardScalerWrapper RandomForest             0:00:20       0.1755    0.1742
       458   MinMaxScaler LightGBM                          0:00:24       0.1751    0.1742
       459   RobustScaler RandomForest                      0:00:34       0.1752    0.1742
       460   MinMaxScaler GradientBoosting                  0:00:21       0.1798    0.1742
       461   StandardScalerWrapper ExtremeRandomTrees       0:00:26       0.1751    0.1742
       462   MinMaxScaler ExtremeRandomTrees                0:00:21       0.1748    0.1742
       463   MinMaxScaler ExtremeRandomTrees                0:00:20       0.1749    0.1742
       464   MinMaxScaler ExtremeRandomTrees                0:00:20       0.1750    0.1742
       465   WARNING - Retrying (Retry(total=2, connect=None, read=None, redirect=None, status=None)) after connection broken by 'ProtocolError('Connection aborted.', ConnectionResetError(104, 'Connection reset by peer'))': /azureml/ExperimentRun/dcid.AutoML_93547166-7d72-4f61-a806-fa40269e0a4c_465/outputs/env_dependencies.json?sv=2019-02-02&sr=b&sig=B5z0Yy2S3vR339uCQip8SQtS1%2Bqb1wm1AkzyxCSu%2Fu8%3D&st=2020-12-19T06%3A43%3A26Z&se=2020-12-20T06%3A53%3A26Z&sp=rcw&comp=block&blockid=TURBd01EQXdNREF3TURBd01EQXdNREF3TURBd01EQXdNREF3TURBd01EQSUzRA%3D%3D&timeout=30
TruncatedSVDWrapper GradientBoosting           0:03:16       0.1831    0.1742
       466   WARNING - Retrying (Retry(total=2, connect=None, read=None, redirect=None, status=None)) after connection broken by 'ProtocolError('Connection aborted.', ConnectionResetError(104, 'Connection reset by peer'))': /azureml/ExperimentRun/dcid.AutoML_93547166-7d72-4f61-a806-fa40269e0a4c_466/outputs/conda_env_v_1_0_0.yml?sv=2019-02-02&sr=b&sig=xqYnEJ3DCS0mGjrODF17IvtNnqPf2zFx%2Bt0Xj1pYAgI%3D&st=2020-12-19T06%3A44%3A15Z&se=2020-12-20T06%3A54%3A15Z&sp=rcw&comp=block&blockid=TURBd01EQXdNREF3TURBd01EQXdNREF3TURBd01EQXdNREF3TURBd01EQSUzRA%3D%3D&timeout=30
MinMaxScaler ExtremeRandomTrees                0:02:37       0.1749    0.1742
       467   WARNING - Retrying (Retry(total=2, connect=None, read=None, redirect=None, status=None)) after connection broken by 'ProtocolError('Connection aborted.', ConnectionResetError(104, 'Connection reset by peer'))': /azureml/ExperimentRun/dcid.AutoML_93547166-7d72-4f61-a806-fa40269e0a4c_467/outputs/model.pkl?sv=2019-02-02&sr=b&sig=DMo97NN5i0ctRRko4HiIcQJf552qzxPtraQv9COyB4U%3D&st=2020-12-19T06%3A46%3A51Z&se=2020-12-20T06%3A56%3A51Z&sp=rcw&comp=block&blockid=TURBd01EQXdNREF3TURBd01EQXdNREF3TURBd01EQXdNREF3TURBd01EQSUzRA%3D%3D&timeout=30
StandardScalerWrapper ExtremeRandomTrees       0:00:52       0.1751    0.1742
       468   RobustScaler ExtremeRandomTrees                0:00:21       0.1751    0.1742
       469   RobustScaler ExtremeRandomTrees                0:00:25       0.1748    0.1742
       470   StandardScalerWrapper GradientBoosting         0:00:20       0.1750    0.1742
       471   MinMaxScaler ExtremeRandomTrees                0:00:24       0.1751    0.1742
       472   StandardScalerWrapper ExtremeRandomTrees       0:00:20       0.1751    0.1742
       473   StandardScalerWrapper ExtremeRandomTrees       0:00:26       0.1752    0.1742
       474   MinMaxScaler ExtremeRandomTrees                0:00:37       0.1749    0.1742
       475   PCA GradientBoosting                           0:01:24       0.1857    0.1742
       476   RobustScaler ExtremeRandomTrees                0:00:20       0.1752    0.1742
       477   WARNING - Retrying (Retry(total=2, connect=None, read=None, redirect=None, status=None)) after connection broken by 'ProtocolError('Connection aborted.', ConnectionResetError(104, 'Connection reset by peer'))': /azureml/ExperimentRun/dcid.AutoML_93547166-7d72-4f61-a806-fa40269e0a4c_477/outputs/pipeline_graph.json?sv=2019-02-02&sr=b&sig=SmM6Qvf%2BJpIMC%2BF9flDmBjkZAi1X4sgs2vXuzJSH34A%3D&st=2020-12-19T06%3A52%3A24Z&se=2020-12-20T07%3A02%3A24Z&sp=rcw&comp=block&blockid=TURBd01EQXdNREF3TURBd01EQXdNREF3TURBd01EQXdNREF3TURBd01EQSUzRA%3D%3D&timeout=30
StandardScalerWrapper RandomForest             0:03:02       0.1751    0.1742
       478   WARNING - Received unrecognized parameter ensemble_download_models_timeout_sec
WARNING - Received unrecognized parameter ensemble_download_models_timeout_sec
WARNING - Connection pool is full, discarding connection: automltimeseri1542891604.blob.core.windows.net
WARNING - Connection pool is full, discarding connection: automltimeseri1542891604.blob.core.windows.net
WARNING - Connection pool is full, discarding connection: automltimeseri1542891604.blob.core.windows.net
WARNING - Connection pool is full, discarding connection: automltimeseri1542891604.blob.core.windows.net
WARNING - Connection pool is full, discarding connection: automltimeseri1542891604.blob.core.windows.net
WARNING - Connection pool is full, discarding connection: automltimeseri1542891604.blob.core.windows.net
WARNING - Connection pool is full, discarding connection: automltimeseri1542891604.blob.core.windows.net
WARNING - Connection pool is full, discarding connection: automltimeseri1542891604.blob.core.windows.net
WARNING - Connection pool is full, discarding connection: automltimeseri1542891604.blob.core.windows.net
WARNING - Connection pool is full, discarding connection: automltimeseri1542891604.blob.core.windows.net
WARNING - Connection pool is full, discarding connection: automltimeseri1542891604.blob.core.windows.net
WARNING - Connection pool is full, discarding connection: automltimeseri1542891604.blob.core.windows.net
WARNING - Connection pool is full, discarding connection: automltimeseri1542891604.blob.core.windows.net
WARNING - Connection pool is full, discarding connection: automltimeseri1542891604.blob.core.windows.net
WARNING - Connection pool is full, discarding connection: automltimeseri1542891604.blob.core.windows.net
WARNING - Connection pool is full, discarding connection: automltimeseri1542891604.blob.core.windows.net
WARNING - Connection pool is full, discarding connection: automltimeseri1542891604.blob.core.windows.net
WARNING - Connection pool is full, discarding connection: automltimeseri1542891604.blob.core.windows.net
VotingEnsemble                                 0:03:30       0.1739    0.1739
Stopping criteria reached at iteration 479. Ending experiment.
WARNING - Received unrecognized parameter ensemble_download_models_timeout_sec
WARNING - Received unrecognized parameter ensemble_download_models_timeout_sec
WARNING - Received unrecognized parameter ensemble_download_models_timeout_sec
Best pipeline:
<class 'sklearn.ensemble._voting.VotingRegressor'>
0. Pipeline(memory=None,
         steps=[('truncatedsvdwrapper',
                 TruncatedSVDWrapper(n_components=0.45526315789473687,
                                     random_state=None)),
                ('gradientboostingregressor',
                 GradientBoostingRegressor(alpha=0.7000000000000001,
                                           ccp_alpha=0.0, criterion='mse',
                                           init=None, learning_rate=0.01,
                                           loss='ls', max_depth=6,
                                           max_features=0.8,
                                           max_leaf_nodes=None,
                                           min_impurity_decrease=0.0,
                                           min_impurity_split=None,
                                           min_samples_leaf=0.0074478228980205795,
                                           min_samples_split=0.026024633095283807,
                                           min_weight_fraction_leaf=0.0,
                                           n_estimators=400,
                                           n_iter_no_change=None,
                                           presort='deprecated',
                                           random_state=None, subsample=0.1,
                                           tol=0.0001, validation_fraction=0.1,
                                           verbose=0, warm_start=False))],
         verbose=False)
1. Pipeline(memory=None,
         steps=[('robustscaler',
                 RobustScaler(copy=True, quantile_range=[25, 75],
                              with_centering=True, with_scaling=False)),
                ('gradientboostingregressor',
                 GradientBoostingRegressor(alpha=0.9, ccp_alpha=0.0,
                                           criterion='friedman_mse', init=None,
                                           learning_rate=0.021544346900318822,
                                           loss='ls', max_depth=10,
                                           max_features='log2',
                                           max_leaf_nodes=None,
                                           min_impurity_decrease=0.0,
                                           min_impurity_split=None,
                                           min_samples_leaf=0.06102385966988887,
                                           min_samples_split=0.052853885930792446,
                                           min_weight_fraction_leaf=0.0,
                                           n_estimators=100,
                                           n_iter_no_change=None,
                                           presort='deprecated',
                                           random_state=None, subsample=0.95,
                                           tol=0.0001, validation_fraction=0.1,
                                           verbose=0, warm_start=False))],
         verbose=False)
2. Pipeline(memory=None,
         steps=[('robustscaler',
                 RobustScaler(copy=True, quantile_range=[10, 90],
                              with_centering=True, with_scaling=True)),
                ('gradientboostingregressor',
                 GradientBoostingRegressor(alpha=0.7000000000000001,
                                           ccp_alpha=0.0, criterion='mse',
                                           init=None,
                                           learning_rate=0.021544346900318822,
                                           loss='ls', max_depth=7,
                                           max_features='sqrt',
                                           max_leaf_nodes=None,
                                           min_impurity_decrease=0.0,
                                           min_impurity_split=None,
                                           min_samples_leaf=0.06102385966988887,
                                           min_samples_split=0.03708777411774474,
                                           min_weight_fraction_leaf=0.0,
                                           n_estimators=100,
                                           n_iter_no_change=None,
                                           presort='deprecated',
                                           random_state=None, subsample=0.85,
                                           tol=0.0001, validation_fraction=0.1,
                                           verbose=0, warm_start=False))],
         verbose=False)
3. Pipeline(memory=None,
         steps=[('robustscaler',
                 RobustScaler(copy=True, quantile_range=[25, 75],
                              with_centering=True, with_scaling=True)),
                ('gradientboostingregressor',
                 GradientBoostingRegressor(alpha=0.5, ccp_alpha=0.0,
                                           criterion='friedman_mse', init=None,
                                           learning_rate=0.046415888336127774,
                                           loss='ls', max_depth=4,
                                           max_features=0.5,
                                           max_leaf_nodes=None,
                                           min_impurity_decrease=0.0,
                                           min_impurity_split=None,
                                           min_samples_leaf=0.0074478228980205795,
                                           min_samples_split=0.04427451843494491,
                                           min_weight_fraction_leaf=0.0,
                                           n_estimators=50,
                                           n_iter_no_change=None,
                                           presort='deprecated',
                                           random_state=None, subsample=0.3,
                                           tol=0.0001, validation_fraction=0.1,
                                           verbose=0, warm_start=False))],
         verbose=False)
4. Pipeline(memory=None,
         steps=[('minmaxscaler', MinMaxScaler(copy=True, feature_range=(0, 1))),
                ('gradientboostingregressor',
                 GradientBoostingRegressor(alpha=0.9, ccp_alpha=0.0,
                                           criterion='friedman_mse', init=None,
                                           learning_rate=0.004641588833612777,
                                           loss='ls', max_depth=5,
                                           max_features=0.3,
                                           max_leaf_nodes=None,
                                           min_impurity_decrease=0.0,
                                           min_impurity_split=None,
                                           min_samples_leaf=0.0074478228980205795,
                                           min_samples_split=0.018261584682702607,
                                           min_weight_fraction_leaf=0.0,
                                           n_estimators=400,
                                           n_iter_no_change=None,
                                           presort='deprecated',
                                           random_state=None, subsample=0.35,
                                           tol=0.0001, validation_fraction=0.1,
                                           verbose=0, warm_start=False))],
         verbose=False)
5. Pipeline(memory=None,
         steps=[('standardscalerwrapper',
                 <azureml.automl.runtime.shared.model_wrappers.StandardScalerWrapper object at 0x7f5de7a01410>),
                ('randomforestregressor',
                 RandomForestRegressor(bootstrap=False, ccp_alpha=0.0,
                                       criterion='mse', max_depth=None,
                                       max_features='log2', max_leaf_nodes=None,
                                       max_samples=None,
                                       min_impurity_decrease=0.0,
                                       min_impurity_split=None,
                                       min_samples_leaf=0.003466237459044996,
                                       min_samples_split=0.04427451843494491,
                                       min_weight_fraction_leaf=0.0,
                                       n_estimators=200, n_jobs=-1,
                                       oob_score=False, random_state=None,
                                       verbose=0, warm_start=False))],
         verbose=False)
6. Pipeline(memory=None,
         steps=[('standardscalerwrapper',
                 <azureml.automl.runtime.shared.model_wrappers.StandardScalerWrapper object at 0x7f5d17a82390>),
                ('gradientboostingregressor',
                 GradientBoostingRegressor(alpha=0.7000000000000001,
                                           ccp_alpha=0.0,
                                           criterion='friedman_mse', init=None,
                                           learning_rate=0.021544346900318822,
                                           loss='ls', max_depth=5,
                                           max_features=0.3,
                                           max_leaf_nodes=None,
                                           min_impurity_decrease=0.0,
                                           min_impurity_split=None,
                                           min_samples_leaf=0.009017208223328022,
                                           min_samples_split=0.026024633095283807,
                                           min_weight_fraction_leaf=0.0,
                                           n_estimators=50,
                                           n_iter_no_change=None,
                                           presort='deprecated',
                                           random_state=None, subsample=0.9,
                                           tol=0.0001, validation_fraction=0.1,
                                           verbose=0, warm_start=False))],
         verbose=False)

['year', 'half', 'quarter', 'month', 'day', 'hour', 'am_pm', 'hour12', 'wday', 'qday', 'week']
  RawFeatureName TypeDetected Dropped  EngineeredFeatureCount  \
0  datetime       DateTime     No      11                       

                                                                                                                                                                                                                           Transformations  
0  [DateTimeTransformer, DateTimeTransformer, DateTimeTransformer, DateTimeTransformer, DateTimeTransformer, DateTimeTransformer, DateTimeTransformer, DateTimeTransformer, DateTimeTransformer, DateTimeTransformer, DateTimeTransformer]  
