WARNING - Received unrecognized parameter ensemble_download_models_timeout_sec
Running on local machine
Parent Run ID: AutoML_81ff7166-8c73-428a-993d-b0c85d36496a

Current status: DatasetFeaturization. Beginning to featurize the dataset.
Current status: DatasetFeaturizationCompleted. Completed featurizing the dataset.
Heuristic parameters: Target_Lag = '[1]', Target_Rolling_Window = '2'.
/projappl/project_2003107/anaconda3/envs/azure_automl/lib/python3.7/site-packages/azureml/_restclient/workspace_client.py:380: DeprecationWarning: The 'warn' method is deprecated, use 'warning' instead
  self._logger.warn('Converting non-string tag to string: (%s: %s)', key, val)
WARNING - Converting non-string tag to string: (forecasting_target_lags: [1])
WARNING - Converting non-string tag to string: (forecasting_target_rolling_window_size: 2)
WARNING - Converting non-string tag to string: (forecasting_max_horizon: 2223)
Current status: DatasetCrossValidationSplit. Generating individually featurized CV splits.
Current status: DatasetFeaturization. Beginning to featurize the CV split.
/projappl/project_2003107/anaconda3/envs/azure_automl/lib/python3.7/site-packages/azureml/automl/runtime/featurizer/transformer/timeseries/rolling_window.py:260: UserWarning: RollingWindow: "center" is not a configurable window option.
  'a configurable window option.')
/projappl/project_2003107/anaconda3/envs/azure_automl/lib/python3.7/site-packages/azureml/automl/runtime/featurizer/transformer/timeseries/rolling_window.py:260: UserWarning: RollingWindow: "closed" is not a configurable window option.
  'a configurable window option.')
Current status: DatasetFeaturizationCompleted. Completed featurizing the CV split.
Current status: DatasetFeaturization. Beginning to featurize the CV split.
Current status: DatasetFeaturizationCompleted. Completed featurizing the CV split.
Current status: DatasetFeaturization. Beginning to featurize the CV split.
Current status: DatasetFeaturizationCompleted. Completed featurizing the CV split.
Current status: DatasetFeaturization. Beginning to featurize the CV split.
Current status: DatasetFeaturizationCompleted. Completed featurizing the CV split.
Current status: DatasetFeaturization. Beginning to featurize the CV split.
Current status: DatasetFeaturizationCompleted. Completed featurizing the CV split.

****************************************************************************************************
DATA GUARDRAILS: 

TYPE:         Frequency detection
STATUS:       PASSED
DESCRIPTION:  The time series was analyzed, all data points are aligned with detected frequency.
              

****************************************************************************************************

TYPE:         Missing feature values imputation
STATUS:       PASSED
DESCRIPTION:  No feature missing values were detected in the training data.
              Learn more about missing value imputation: https://aka.ms/AutomatedMLFeaturization

****************************************************************************************************

TYPE:         Memory Issues Detection
STATUS:       PASSED
DESCRIPTION:  The selected horizon, lag and rolling window values were analyzed, and no potential memory issues were detected.
              Learn more about time-series forecasting configurations: https://aka.ms/AutomatedMLForecastingConfiguration

****************************************************************************************************
Current status: ModelSelection. Beginning model selection.

****************************************************************************************************
ITERATION: The iteration being evaluated.
PIPELINE: A summary description of the pipeline being evaluated.
DURATION: Time taken for the current iteration.
METRIC: The result of computing score on the fitted pipeline.
BEST: The best observed score thus far.
****************************************************************************************************

 ITERATION   PIPELINE                                       DURATION      METRIC      BEST
/projappl/project_2003107/anaconda3/envs/azure_automl/lib/python3.7/site-packages/azureml/automl/core/_downloader.py:81: DeprecationWarning: time.clock has been deprecated in Python 3.3 and will be removed from Python 3.8: use time.perf_counter or time.process_time instead
  download_start_time = time.clock()
/projappl/project_2003107/anaconda3/envs/azure_automl/lib/python3.7/site-packages/azureml/automl/core/_downloader.py:89: DeprecationWarning: time.clock has been deprecated in Python 3.3 and will be removed from Python 3.8: use time.perf_counter or time.process_time instead
  download_end_time = time.clock()
         0   /projappl/project_2003107/anaconda3/envs/azure_automl/lib/python3.7/site-packages/sklearn/base.py:197: FutureWarning: From version 0.24, get_params will raise an AttributeError if a parameter cannot be retrieved as an instance attribute. Previously it would return None.
  FutureWarning)
MaxAbsScaler DecisionTree                      0:07:31       0.6848    0.6848
         1   MinMaxScaler DecisionTree                      0:06:42       0.6852    0.6848
         2   StandardScalerWrapper LassoLars                0:03:38       0.6704    0.6704
         3   RobustScaler ElasticNet                        0:11:19       0.6822    0.6704
         4   StandardScalerWrapper LassoLars                0:03:44       0.6705    0.6704
         5   RobustScaler ElasticNet                        0:16:35       0.6711    0.6704
         6   RobustScaler DecisionTree                      0:07:18       0.6851    0.6704
         7   MinMaxScaler DecisionTree                      0:08:41       0.6852    0.6704
         8   RobustScaler DecisionTree                      0:06:31       0.6857    0.6704
         9   MinMaxScaler DecisionTree                      0:06:49       0.6847    0.6704
        10   WARNING - Received unrecognized parameter ensemble_download_models_timeout_sec
WARNING - Received unrecognized parameter ensemble_download_models_timeout_sec
WARNING - Connection pool is full, discarding connection: automlws9124637538.blob.core.windows.net
WARNING - Connection pool is full, discarding connection: automlws9124637538.blob.core.windows.net
WARNING - Connection pool is full, discarding connection: automlws9124637538.blob.core.windows.net
WARNING - Connection pool is full, discarding connection: automlws9124637538.blob.core.windows.net
WARNING - Connection pool is full, discarding connection: automlws9124637538.blob.core.windows.net
WARNING - Connection pool is full, discarding connection: automlws9124637538.blob.core.windows.net
WARNING - Connection pool is full, discarding connection: automlws9124637538.blob.core.windows.net
WARNING - Connection pool is full, discarding connection: automlws9124637538.blob.core.windows.net
WARNING - Connection pool is full, discarding connection: automlws9124637538.blob.core.windows.net
WARNING - Connection pool is full, discarding connection: automlws9124637538.blob.core.windows.net
WARNING - Connection pool is full, discarding connection: automlws9124637538.blob.core.windows.net
WARNING - Connection pool is full, discarding connection: automlws9124637538.blob.core.windows.net
WARNING - Connection pool is full, discarding connection: automlws9124637538.blob.core.windows.net
WARNING - Connection pool is full, discarding connection: automlws9124637538.blob.core.windows.net
WARNING - Connection pool is full, discarding connection: automlws9124637538.blob.core.windows.net
WARNING - Connection pool is full, discarding connection: automlws9124637538.blob.core.windows.net
WARNING - Connection pool is full, discarding connection: automlws9124637538.blob.core.windows.net
WARNING - Connection pool is full, discarding connection: automlws9124637538.blob.core.windows.net
WARNING - Connection pool is full, discarding connection: automlws9124637538.blob.core.windows.net
WARNING - Connection pool is full, discarding connection: automlws9124637538.blob.core.windows.net
WARNING - Connection pool is full, discarding connection: automlws9124637538.blob.core.windows.net
WARNING - Connection pool is full, discarding connection: automlws9124637538.blob.core.windows.net
WARNING - Connection pool is full, discarding connection: automlws9124637538.blob.core.windows.net
WARNING - Connection pool is full, discarding connection: automlws9124637538.blob.core.windows.net
WARNING - Connection pool is full, discarding connection: automlws9124637538.blob.core.windows.net
WARNING - Connection pool is full, discarding connection: automlws9124637538.blob.core.windows.net
WARNING - Connection pool is full, discarding connection: automlws9124637538.blob.core.windows.net
WARNING - Connection pool is full, discarding connection: automlws9124637538.blob.core.windows.net
WARNING - Connection pool is full, discarding connection: automlws9124637538.blob.core.windows.net
WARNING - Connection pool is full, discarding connection: automlws9124637538.blob.core.windows.net
/projappl/project_2003107/anaconda3/envs/azure_automl/lib/python3.7/site-packages/sklearn/base.py:197: FutureWarning: From version 0.24, get_params will raise an AttributeError if a parameter cannot be retrieved as an instance attribute. Previously it would return None.
  FutureWarning)
VotingEnsemble                                 0:04:00       0.6719    0.6704
Stopping criteria reached at iteration 11. Ending experiment.
WARNING - Received unrecognized parameter ensemble_download_models_timeout_sec
WARNING - Received unrecognized parameter ensemble_download_models_timeout_sec
WARNING - Received unrecognized parameter ensemble_download_models_timeout_sec
****************************************************************************************************
numpy.ufunc size changed, may indicate binary incompatibility. Expected 192 from C header, got 216 from PyObject
Current status: BestRunExplainModel. Best run model explanations started
Current status: ModelExplanationDataSetSetup. Model explanations data setup completed
Current status: PickSurrogateModel. Choosing LightGBM as the surrogate model for explanations
Current status: EngineeredFeatureExplanations. Computation of engineered features started
Setting feature_perturbation = "tree_path_dependent" because no background data was given.
Current status: EngineeredFeatureExplanations. Computation of engineered features completed
Current status: BestRunExplainModel. Best run model explanations completed
****************************************************************************************************
WARNING - Received unrecognized parameter ensemble_download_models_timeout_sec
WARNING - Received unrecognized parameter ensemble_download_models_timeout_sec
WARNING - Received unrecognized parameter ensemble_download_models_timeout_sec
Best pipeline:
From version 0.24, get_params will raise an AttributeError if a parameter cannot be retrieved as an instance attribute. Previously it would return None.
0. ('timeseriestransformer', TimeSeriesTransformer(featurization_config=None,
                      pipeline_type=<TimeSeriesPipelineType.FULL: 1>))
1. ('StandardScalerWrapper', <azureml.automl.runtime.shared.model_wrappers.StandardScalerWrapper object at 0x7f60d2198110>)
2. ('LassoLars', LassoLars(alpha=0.001, copy_X=True, eps=2.220446049250313e-16,
          fit_intercept=True, fit_path=True, max_iter=500, normalize=False,
          positive=False, precompute='auto', verbose=False))

['horizon_origin', '_automl_target_col_lag1H', '_automl_target_col_min_window2H', '_automl_target_col_max_window2H', '_automl_target_col_mean_window2H', 'year', 'half', 'quarter', 'month', 'day', 'hour', 'am_pm', 'hour12', 'wday', 'qday', 'week']
       RawFeatureName TypeDetected Dropped  EngineeredFeatureCount  \
0  datetime            DateTime     No      12                       
1  _automl_target_col  Numeric      No      4                        

                                                                                                                                                                                                                                                 Transformations  
0  [MaxHorizonFeaturizer, DateTimeTransformer, DateTimeTransformer, DateTimeTransformer, DateTimeTransformer, DateTimeTransformer, DateTimeTransformer, DateTimeTransformer, DateTimeTransformer, DateTimeTransformer, DateTimeTransformer, DateTimeTransformer]  
1  [Lag, minRollingWindow, maxRollingWindow, meanRollingWindow]                                                                                                                                                                                                   
The concatenated objects may have different ts_value_colname values, result using the ts_value_colname of the first object
Sorting because non-concatenation axis is not aligned. A future version
of pandas will change to not sort by default.

To accept the future behavior, pass 'sort=False'.

To retain the current behavior and silence the warning, pass 'sort=True'.

The concatenated objects may have different ts_value_colname values, result using the ts_value_colname of the first object
