Importing plotly failed. Interactive plots will not work.
Initial log joint probability = -79.3835
    Iter      log prob        ||dx||      ||grad||       alpha      alpha0  # evals  Notes 
      99       25110.5     0.0550403       18045.6           1           1      113   
    Iter      log prob        ||dx||      ||grad||       alpha      alpha0  # evals  Notes 
     199       25741.2    0.00353756        4072.6           1           1      223   
    Iter      log prob        ||dx||      ||grad||       alpha      alpha0  # evals  Notes 
     299       26777.6     0.0177622       2330.46           1           1      328   
    Iter      log prob        ||dx||      ||grad||       alpha      alpha0  # evals  Notes 
     399       27080.3     0.0775432       7032.87      0.8474      0.8474      445   
    Iter      log prob        ||dx||      ||grad||       alpha      alpha0  # evals  Notes 
     499       27227.5    0.00630296       4446.89           1           1      552   
    Iter      log prob        ||dx||      ||grad||       alpha      alpha0  # evals  Notes 
     599       27453.9     0.0124029       6361.16           1           1      657   
    Iter      log prob        ||dx||      ||grad||       alpha      alpha0  # evals  Notes 
     699       27585.8    0.00100042       1449.37      0.8072      0.8072      766   
    Iter      log prob        ||dx||      ||grad||       alpha      alpha0  # evals  Notes 
     799       27711.5    0.00707767       1926.69           1           1      876   
    Iter      log prob        ||dx||      ||grad||       alpha      alpha0  # evals  Notes 
     899       27774.8    0.00459696       2785.34      0.8049      0.8049      984   
    Iter      log prob        ||dx||      ||grad||       alpha      alpha0  # evals  Notes 
     999       27807.2   0.000124189       343.376           1           1     1096   
    Iter      log prob        ||dx||      ||grad||       alpha      alpha0  # evals  Notes 
    1099       28009.5      0.027094       4493.46           1           1     1204   
    Iter      log prob        ||dx||      ||grad||       alpha      alpha0  # evals  Notes 
    1199         28185    0.00186677       5950.67           1           1     1306   
    Iter      log prob        ||dx||      ||grad||       alpha      alpha0  # evals  Notes 
    1299       28268.9       0.01294       3192.53      0.5029           1     1413   
    Iter      log prob        ||dx||      ||grad||       alpha      alpha0  # evals  Notes 
    1399       28316.9   0.000820897       2677.85      0.3251           1     1518   
    Iter      log prob        ||dx||      ||grad||       alpha      alpha0  # evals  Notes 
    1499       28356.9     0.0012038       980.584           1           1     1626   
    Iter      log prob        ||dx||      ||grad||       alpha      alpha0  # evals  Notes 
    1599       28390.8     0.0235575       4718.31      0.8316      0.8316     1735   
    Iter      log prob        ||dx||      ||grad||       alpha      alpha0  # evals  Notes 
    1699       28413.4    0.00341659       2686.32      0.2908           1     1846   
    Iter      log prob        ||dx||      ||grad||       alpha      alpha0  # evals  Notes 
    1799       28428.3     0.0329791       701.283           1           1     1956   
    Iter      log prob        ||dx||      ||grad||       alpha      alpha0  # evals  Notes 
    1899       28458.6    0.00348477       2651.27      0.6292      0.6292     2060   
    Iter      log prob        ||dx||      ||grad||       alpha      alpha0  # evals  Notes 
    1999       28484.9    0.00148895        1029.8           1           1     2176   
    Iter      log prob        ||dx||      ||grad||       alpha      alpha0  # evals  Notes 
    2099       28500.6    0.00287556       1952.51           1           1     2283   
    Iter      log prob        ||dx||      ||grad||       alpha      alpha0  # evals  Notes 
    2199       28514.8    0.00241901       2187.13           1           1     2388   
    Iter      log prob        ||dx||      ||grad||       alpha      alpha0  # evals  Notes 
    2299         28527     0.0117499        2131.5           1           1     2499   
    Iter      log prob        ||dx||      ||grad||       alpha      alpha0  # evals  Notes 
    2399       28532.4    0.00278404          1224           1           1     2614   
    Iter      log prob        ||dx||      ||grad||       alpha      alpha0  # evals  Notes 
    2499       28534.6   0.000991071       441.292           1           1     2728   
    Iter      log prob        ||dx||      ||grad||       alpha      alpha0  # evals  Notes 
    2599       28538.2   0.000240494       2121.02       0.549       0.549     2845   
    Iter      log prob        ||dx||      ||grad||       alpha      alpha0  # evals  Notes 
    2699       28544.8   0.000592301       745.696      0.3168           1     2960   
    Iter      log prob        ||dx||      ||grad||       alpha      alpha0  # evals  Notes 
    2799       28546.5   0.000548263       885.606      0.3627      0.3627     3075   
    Iter      log prob        ||dx||      ||grad||       alpha      alpha0  # evals  Notes 
    2899       28547.8    0.00034018       538.257           1           1     3185   
    Iter      log prob        ||dx||      ||grad||       alpha      alpha0  # evals  Notes 
    2999       28551.3    0.00297639       1148.77           1           1     3299   
    Iter      log prob        ||dx||      ||grad||       alpha      alpha0  # evals  Notes 
    3099       28556.1   0.000175605       166.285           1           1     3408   
    Iter      log prob        ||dx||      ||grad||       alpha      alpha0  # evals  Notes 
    3199       28558.9    0.00928727       1278.25      0.2699           1     3528   
    Iter      log prob        ||dx||      ||grad||       alpha      alpha0  # evals  Notes 
    3299       28564.3    0.00348073       864.529           1           1     3640   
    Iter      log prob        ||dx||      ||grad||       alpha      alpha0  # evals  Notes 
    3399       28567.4   0.000629333       293.672           1           1     3746   
    Iter      log prob        ||dx||      ||grad||       alpha      alpha0  # evals  Notes 
    3499       28568.8   0.000177446       140.435           1           1     3863   
    Iter      log prob        ||dx||      ||grad||       alpha      alpha0  # evals  Notes 
    3599       28569.7   9.33466e-05       120.713      0.8534      0.8534     3976   
    Iter      log prob        ||dx||      ||grad||       alpha      alpha0  # evals  Notes 
    3699       28572.1   8.23524e-05       103.741           1           1     4082   
    Iter      log prob        ||dx||      ||grad||       alpha      alpha0  # evals  Notes 
    3799       28573.8   0.000237478       286.406           1           1     4194   
    Iter      log prob        ||dx||      ||grad||       alpha      alpha0  # evals  Notes 
    3899       28575.1   1.42868e-05       86.9858           1           1     4317   
    Iter      log prob        ||dx||      ||grad||       alpha      alpha0  # evals  Notes 
    3999       28575.8   0.000418105       447.266           1           1     4429   
    Iter      log prob        ||dx||      ||grad||       alpha      alpha0  # evals  Notes 
    4099       28576.3    6.0066e-05       296.432      0.8914      0.8914     4551   
    Iter      log prob        ||dx||      ||grad||       alpha      alpha0  # evals  Notes 
    4199       28577.3   0.000375475       448.579       0.493           1     4666   
    Iter      log prob        ||dx||      ||grad||       alpha      alpha0  # evals  Notes 
    4299       28578.3    0.00538266       847.819           1           1     4778   
    Iter      log prob        ||dx||      ||grad||       alpha      alpha0  # evals  Notes 
    4399       28580.1   0.000107947       381.228           1           1     4892   
    Iter      log prob        ||dx||      ||grad||       alpha      alpha0  # evals  Notes 
    4499       28580.9    0.00512758       637.834           1           1     5009   
    Iter      log prob        ||dx||      ||grad||       alpha      alpha0  # evals  Notes 
    4502       28580.9   2.27436e-05       509.109   2.071e-08       0.001     5056  LS failed, Hessian reset 
    4599       28581.4   8.50593e-05       175.797       2.288      0.2288     5169   
    Iter      log prob        ||dx||      ||grad||       alpha      alpha0  # evals  Notes 
    4615       28581.5   8.80121e-06       190.617   5.631e-08       0.001     5240  LS failed, Hessian reset 
    4699       28581.6   2.60586e-05        111.59           1           1     5342   
    Iter      log prob        ||dx||      ||grad||       alpha      alpha0  # evals  Notes 
    4799       28581.8   2.49088e-05       107.111      0.3041      0.3041     5464   
    Iter      log prob        ||dx||      ||grad||       alpha      alpha0  # evals  Notes 
    4832       28581.9   7.67929e-06        199.12   2.801e-08       0.001     5543  LS failed, Hessian reset 
    4899         28582   3.75173e-05       142.942     0.06249      0.9069     5621   
    Iter      log prob        ||dx||      ||grad||       alpha      alpha0  # evals  Notes 
    4999       28583.7   0.000960988       299.289           1           1     5731   
    Iter      log prob        ||dx||      ||grad||       alpha      alpha0  # evals  Notes 
    5043       28584.5    2.5324e-05       449.175   7.848e-08       0.001     5835  LS failed, Hessian reset 
    5099       28585.2   0.000200089         146.4      0.9586      0.9586     5897   
    Iter      log prob        ||dx||      ||grad||       alpha      alpha0  # evals  Notes 
    5199       28585.7   0.000147954       526.893      0.5079      0.5079     6014   
    Iter      log prob        ||dx||      ||grad||       alpha      alpha0  # evals  Notes 
    5218       28585.8   7.40699e-06       186.616    4.12e-08       0.001     6084  LS failed, Hessian reset 
    5289         28586    7.5296e-06       37.9986           1           1     6168   
Optimization terminated normally: 
  Convergence detected: relative gradient magnitude is below tolerance
