WARNING - Received unrecognized parameter ensemble_download_models_timeout_sec
Running on local machine
Parent Run ID: AutoML_be889896-3726-428f-a6d9-197949f5add7

Current status: DatasetFeaturization. Beginning to featurize the dataset.
Current status: DatasetFeaturizationCompleted. Completed featurizing the dataset.
Heuristic parameters: Target_Lag = '[0]', Target_Rolling_Window = '0'.
WARNING - Converting non-string tag to string: (forecasting_target_lags: [0])
WARNING - Converting non-string tag to string: (forecasting_target_rolling_window_size: 0)
WARNING - Converting non-string tag to string: (forecasting_max_horizon: 2223)
Current status: DatasetCrossValidationSplit. Generating individually featurized CV splits.
Current status: DatasetFeaturization. Beginning to featurize the CV split.
Current status: DatasetFeaturizationCompleted. Completed featurizing the CV split.
Current status: DatasetFeaturization. Beginning to featurize the CV split.
Current status: DatasetFeaturizationCompleted. Completed featurizing the CV split.
Current status: DatasetFeaturization. Beginning to featurize the CV split.
Current status: DatasetFeaturizationCompleted. Completed featurizing the CV split.
Current status: DatasetFeaturization. Beginning to featurize the CV split.
Current status: DatasetFeaturizationCompleted. Completed featurizing the CV split.
Current status: DatasetFeaturization. Beginning to featurize the CV split.
Current status: DatasetFeaturizationCompleted. Completed featurizing the CV split.

****************************************************************************************************
DATA GUARDRAILS: 

TYPE:         Frequency detection
STATUS:       PASSED
DESCRIPTION:  The time series was analyzed, all data points are aligned with detected frequency.
              

****************************************************************************************************

TYPE:         Missing feature values imputation
STATUS:       PASSED
DESCRIPTION:  No feature missing values were detected in the training data.
              Learn more about missing value imputation: https://aka.ms/AutomatedMLFeaturization

****************************************************************************************************

TYPE:         Memory Issues Detection
STATUS:       PASSED
DESCRIPTION:  The selected horizon, lag and rolling window values were analyzed, and no potential memory issues were detected.
              Learn more about time-series forecasting configurations: https://aka.ms/AutomatedMLForecastingConfiguration

****************************************************************************************************
Current status: ModelSelection. Beginning model selection.

****************************************************************************************************
ITERATION: The iteration being evaluated.
PIPELINE: A summary description of the pipeline being evaluated.
DURATION: Time taken for the current iteration.
METRIC: The result of computing score on the fitted pipeline.
BEST: The best observed score thus far.
****************************************************************************************************

 ITERATION   PIPELINE                                       DURATION      METRIC      BEST
         0   MaxAbsScaler DecisionTree                      0:00:22       0.1246    0.1246
         1   MinMaxScaler DecisionTree                      0:00:22       0.1248    0.1246
         2   StandardScalerWrapper LassoLars                0:00:27       0.1307    0.1246
         3   RobustScaler ElasticNet                        0:00:22       0.1294    0.1246
         4   WARNING - Retrying (Retry(total=2, connect=None, read=None, redirect=None, status=None)) after connection broken by 'ProtocolError('Connection aborted.', ConnectionResetError(104, 'Connection reset by peer'))': /azureml/ExperimentRun/dcid.AutoML_be889896-3726-428f-a6d9-197949f5add7_4/outputs/conda_env_v_1_0_0.yml?sv=2019-02-02&sr=b&sig=hrRaXra6HFvjJFuqlV06AWBBRa53EZ%2BQXEiBaHACtxw%3D&st=2020-10-03T17%3A36%3A54Z&se=2020-10-04T17%3A46%3A54Z&sp=rcw&comp=block&blockid=TURBd01EQXdNREF3TURBd01EQXdNREF3TURBd01EQXdNREF3TURBd01EQSUzRA%3D%3D&timeout=30
StandardScalerWrapper LassoLars                0:03:04       0.1307    0.1246
         5   RobustScaler ElasticNet                        0:00:24       0.1307    0.1246
         6   RobustScaler DecisionTree                      0:00:22       0.1250    0.1246
         7   MinMaxScaler DecisionTree                      0:00:28       0.1310    0.1246
         8   RobustScaler DecisionTree                      0:00:25       0.1242    0.1242
         9   MinMaxScaler DecisionTree                      0:00:22       0.1254    0.1242
        10   StandardScalerWrapper DecisionTree             0:00:23       0.1263    0.1242
        11   StandardScalerWrapper DecisionTree             0:00:23       0.1255    0.1242
        12   RobustScaler DecisionTree                      0:00:22       0.1261    0.1242
        13   RobustScaler ElasticNet                        0:00:24       0.1292    0.1242
        14   StandardScalerWrapper DecisionTree             0:00:22       0.1261    0.1242
        15   WARNING - Retrying (Retry(total=2, connect=None, read=None, redirect=None, status=None)) after connection broken by 'ProtocolError('Connection aborted.', ConnectionResetError(104, 'Connection reset by peer'))': /azureml/ExperimentRun/dcid.AutoML_be889896-3726-428f-a6d9-197949f5add7_15/outputs/env_dependencies.json?sv=2019-02-02&sr=b&sig=BYNtTqSIx1kJtNwNsezn%2FzzH6%2BGk7nDpGZFpK%2Bfwr2g%3D&st=2020-10-03T17%3A43%3A57Z&se=2020-10-04T17%3A53%3A57Z&sp=rcw&comp=block&blockid=TURBd01EQXdNREF3TURBd01EQXdNREF3TURBd01EQXdNREF3TURBd01EQSUzRA%3D%3D&timeout=30
WARNING - Retrying (Retry(total=2, connect=None, read=None, redirect=None, status=None)) after connection broken by 'ProtocolError('Connection aborted.', ConnectionResetError(104, 'Connection reset by peer'))': /azureml/ExperimentRun/dcid.AutoML_be889896-3726-428f-a6d9-197949f5add7_15/outputs/model.pkl?sv=2019-02-02&sr=b&sig=nWslxIMxmQqAl7cruU4ljSj%2Bs59beYdVrJrZn3v%2FEBM%3D&st=2020-10-03T17%3A43%3A58Z&se=2020-10-04T17%3A53%3A58Z&sp=rcw&comp=block&blockid=TURBd01EQXdNREF3TURBd01EQXdNREF3TURBd01EQXdNREF3TURBd01EQSUzRA%3D%3D&timeout=30
WARNING - Retrying (Retry(total=2, connect=None, read=None, redirect=None, status=None)) after connection broken by 'ProtocolError('Connection aborted.', ConnectionResetError(104, 'Connection reset by peer'))': /azureml/ExperimentRun/dcid.AutoML_be889896-3726-428f-a6d9-197949f5add7_15/outputs/conda_env_v_1_0_0.yml?sv=2019-02-02&sr=b&sig=mypVNcwtvrDWrksf44nDL0IXtV8x54qNT%2FIbT2CSVDo%3D&st=2020-10-03T17%3A43%3A58Z&se=2020-10-04T17%3A53%3A58Z&sp=rcw&comp=block&blockid=TURBd01EQXdNREF3TURBd01EQXdNREF3TURBd01EQXdNREF3TURBd01EQSUzRA%3D%3D&timeout=30
MinMaxScaler DecisionTree                      0:03:14       0.1263    0.1242
        16   MinMaxScaler DecisionTree                      0:00:23       0.1255    0.1242
        17   RobustScaler DecisionTree                      0:00:22       0.1266    0.1242
        18   RobustScaler DecisionTree                      0:00:22       0.1244    0.1242
        19   StandardScalerWrapper DecisionTree             0:00:27       0.1278    0.1242
        20   StandardScalerWrapper DecisionTree             0:00:22       0.1277    0.1242
        21   StandardScalerWrapper ExtremeRandomTrees       0:00:24       0.1231    0.1231
        22   MinMaxScaler LightGBM                          0:00:28       0.1230    0.1230
        23   MinMaxScaler DecisionTree                      0:00:23       0.1261    0.1230
        24   MinMaxScaler DecisionTree                      0:00:23       0.1246    0.1230
        25   MinMaxScaler LightGBM                          0:00:23       0.1230    0.1230
        26   StandardScalerWrapper RandomForest             0:00:25       0.1231    0.1230
        27   StandardScalerWrapper ExtremeRandomTrees       0:00:27       0.1230    0.1230
        28   RobustScaler ExtremeRandomTrees                0:00:24       0.1233    0.1230
        29   MinMaxScaler ExtremeRandomTrees                0:00:27       0.1231    0.1230
        30   StandardScalerWrapper LightGBM                 0:00:23       0.1230    0.1230
        31   StandardScalerWrapper RandomForest             0:00:25       0.1229    0.1229
        32   StandardScalerWrapper ExtremeRandomTrees       0:00:32       0.1233    0.1229
        33   RobustScaler RandomForest                      0:00:30       0.1241    0.1229
        34   WARNING - Retrying (Retry(total=2, connect=None, read=None, redirect=None, status=None)) after connection broken by 'ProtocolError('Connection aborted.', ConnectionResetError(104, 'Connection reset by peer'))': /azureml/ExperimentRun/dcid.AutoML_be889896-3726-428f-a6d9-197949f5add7_34/outputs/scoring_file_v_1_0_0.py?sv=2019-02-02&sr=b&sig=Belqi9Q6ylLfQ0NSSWiyYUHl1EHCQLQZlK%2BO1Z22hRk%3D&st=2020-10-03T17%3A54%3A56Z&se=2020-10-04T18%3A04%3A56Z&sp=rcw&comp=block&blockid=TURBd01EQXdNREF3TURBd01EQXdNREF3TURBd01EQXdNREF3TURBd01EQSUzRA%3D%3D&timeout=30
StandardScalerWrapper ExtremeRandomTrees       0:03:08       0.1231    0.1229
        35   StandardScalerWrapper RandomForest             0:00:26       0.1239    0.1229
        36   RobustScaler RandomForest                      0:00:25       0.1231    0.1229
        37   RobustScaler ExtremeRandomTrees                0:00:29       0.1231    0.1229
        38   MinMaxScaler ExtremeRandomTrees                0:00:25       0.1233    0.1229
        39   MinMaxScaler RandomForest                      0:00:30       0.1233    0.1229
        40   MinMaxScaler RandomForest                      0:00:30       0.1234    0.1229
        41   StandardScalerWrapper ExtremeRandomTrees       0:00:26       0.1233    0.1229
        42   RobustScaler ExtremeRandomTrees                0:00:28       0.1232    0.1229
        43   RobustScaler RandomForest                      0:00:32       0.1230    0.1229
        44   RobustScaler ExtremeRandomTrees                0:00:34       0.1231    0.1229
        45   StandardScalerWrapper RandomForest             0:00:28       0.1232    0.1229
        46   MinMaxScaler DecisionTree                      0:00:22       0.1244    0.1229
        47   RobustScaler ExtremeRandomTrees                0:00:25       0.1234    0.1229
        48   StandardScalerWrapper ExtremeRandomTrees       0:00:26       0.1234    0.1229
        49   RobustScaler RandomForest                      0:00:25       0.1236    0.1229
        50   StandardScalerWrapper RandomForest             0:00:27       0.1235    0.1229
        51   RobustScaler ExtremeRandomTrees                0:00:25       0.1237    0.1229
        52   MinMaxScaler RandomForest                      0:00:25       0.1234    0.1229
        53   StandardScalerWrapper ExtremeRandomTrees       0:00:30       0.1231    0.1229
        54   RobustScaler ExtremeRandomTrees                0:00:24       0.1232    0.1229
        55   RobustScaler RandomForest                      0:00:26       0.1238    0.1229
        56   WARNING - Retrying (Retry(total=2, connect=None, read=None, redirect=None, status=None)) after connection broken by 'ProtocolError('Connection aborted.', ConnectionResetError(104, 'Connection reset by peer'))': /azureml/ExperimentRun/dcid.AutoML_be889896-3726-428f-a6d9-197949f5add7_56/outputs/conda_env_v_1_0_0.yml?sv=2019-02-02&sr=b&sig=E6BqEFWgNGOORVbVJCB8rn49wKCzla%2B7FLemzQWcu0I%3D&st=2020-10-03T18%3A07%3A42Z&se=2020-10-04T18%3A17%3A42Z&sp=rcw&comp=block&blockid=TURBd01EQXdNREF3TURBd01EQXdNREF3TURBd01EQXdNREF3TURBd01EQSUzRA%3D%3D&timeout=30
RobustScaler RandomForest                      0:03:10       0.1231    0.1229
        57   RobustScaler ExtremeRandomTrees                0:00:26       0.1230    0.1229
        58   MinMaxScaler ExtremeRandomTrees                0:00:28       0.1232    0.1229
        59   RobustScaler RandomForest                      0:00:25       0.1233    0.1229
        60   RobustScaler RandomForest                      0:00:26       0.1234    0.1229
        61   MinMaxScaler ExtremeRandomTrees                0:00:26       0.1234    0.1229
        62   MinMaxScaler ExtremeRandomTrees                0:00:27       0.1234    0.1229
        63   StandardScalerWrapper ExtremeRandomTrees       0:00:24       0.1233    0.1229
        64   RobustScaler ExtremeRandomTrees                0:00:27       0.1231    0.1229
        65   RobustScaler RandomForest                      0:00:31       0.1237    0.1229
        66   MinMaxScaler ExtremeRandomTrees                0:00:25       0.1230    0.1229
        67   MinMaxScaler ExtremeRandomTrees                0:00:32       0.1233    0.1229
        68   MinMaxScaler ExtremeRandomTrees                0:00:31       0.1232    0.1229
        69   StandardScalerWrapper RandomForest             0:00:30       0.1229    0.1229
        70   StandardScalerWrapper RandomForest             0:00:36       0.1247    0.1229
        71   RobustScaler ExtremeRandomTrees                0:00:27       0.1230    0.1229
        72   StandardScalerWrapper ExtremeRandomTrees       0:00:26       0.1232    0.1229
        73   StandardScalerWrapper ExtremeRandomTrees       0:00:24       0.1234    0.1229
        74   StandardScalerWrapper GradientBoosting         0:00:25       0.1228    0.1228
        75   MinMaxScaler GradientBoosting                  0:00:30       0.1237    0.1228
        76   RobustScaler ExtremeRandomTrees                0:00:25       0.1231    0.1228
        77   StandardScalerWrapper RandomForest             0:00:27       0.1229    0.1228
        78   StandardScalerWrapper ExtremeRandomTrees       0:00:24       0.1232    0.1228
        79   MinMaxScaler ExtremeRandomTrees                0:00:24       0.1232    0.1228
        80   StandardScalerWrapper GradientBoosting         0:00:26       0.1226    0.1226
        81   StandardScalerWrapper RandomForest             0:00:27       0.1230    0.1226
        82   RobustScaler RandomForest                      0:00:26       0.1229    0.1226
        83   MinMaxScaler RandomForest                      0:00:26       0.1230    0.1226
        84   RobustScaler ExtremeRandomTrees                0:00:29       0.1232    0.1226
        85   RobustScaler GradientBoosting                  0:00:24       0.1268    0.1226
        86   StandardScalerWrapper ExtremeRandomTrees       0:00:31       0.1230    0.1226
        87   WARNING - Retrying (Retry(total=2, connect=None, read=None, redirect=None, status=None)) after connection broken by 'ProtocolError('Connection aborted.', ConnectionResetError(104, 'Connection reset by peer'))': /azureml/ExperimentRun/dcid.AutoML_be889896-3726-428f-a6d9-197949f5add7_87/outputs/model.pkl?sv=2019-02-02&sr=b&sig=bx1SHPwIXJgD4vIXoUWl%2B5kaIeL01N%2BVb96if7dba18%3D&st=2020-10-03T18%3A24%3A42Z&se=2020-10-04T18%3A34%3A42Z&sp=rcw&comp=block&blockid=TURBd01EQXdNREF3TURBd01EQXdNREF3TURBd01EQXdNREF3TURBd01EQSUzRA%3D%3D&timeout=30
StandardScalerWrapper ExtremeRandomTrees       0:03:07       0.1233    0.1226
        88   StandardScalerWrapper ExtremeRandomTrees       0:00:29       0.1232    0.1226
        89   MinMaxScaler ExtremeRandomTrees                0:00:25       0.1232    0.1226
        90   StandardScalerWrapper GradientBoosting         0:00:31       0.1234    0.1226
        91   StandardScalerWrapper RandomForest             0:00:29       0.1230    0.1226
        92   WARNING - Retrying (Retry(total=2, connect=None, read=None, redirect=None, status=None)) after connection broken by 'ProtocolError('Connection aborted.', ConnectionResetError(104, 'Connection reset by peer'))': /azureml/ExperimentRun/dcid.AutoML_be889896-3726-428f-a6d9-197949f5add7_92/outputs/pipeline_graph.json?sv=2019-02-02&sr=b&sig=gmqJaKhCOTJ%2F4pkFYVi7HcoSZcsE31chxlKu83dHIac%3D&st=2020-10-03T18%3A29%3A48Z&se=2020-10-04T18%3A39%3A48Z&sp=rcw&comp=block&blockid=TURBd01EQXdNREF3TURBd01EQXdNREF3TURBd01EQXdNREF3TURBd01EQSUzRA%3D%3D&timeout=30
MinMaxScaler RandomForest                      0:03:06       0.1229    0.1226
        93   RobustScaler RandomForest                      0:00:26       0.1231    0.1226
        94   RobustScaler RandomForest                      0:00:30       0.1231    0.1226
        95   RobustScaler GradientBoosting                  0:00:25       0.1229    0.1226
        96   StandardScalerWrapper ExtremeRandomTrees       0:00:27       0.1230    0.1226
        97   WARNING - Retrying (Retry(total=2, connect=None, read=None, redirect=None, status=None)) after connection broken by 'ProtocolError('Connection aborted.', ConnectionResetError(104, 'Connection reset by peer'))': /azureml/ExperimentRun/dcid.AutoML_be889896-3726-428f-a6d9-197949f5add7_97/outputs/conda_env_v_1_0_0.yml?sv=2019-02-02&sr=b&sig=k3%2Ba8Sm4D2t2hUJQaBndxYiw92xlEdH7%2BbbvSi2lncg%3D&st=2020-10-03T18%3A34%3A47Z&se=2020-10-04T18%3A44%3A47Z&sp=rcw&comp=block&blockid=TURBd01EQXdNREF3TURBd01EQXdNREF3TURBd01EQXdNREF3TURBd01EQSUzRA%3D%3D&timeout=30
StandardScalerWrapper ExtremeRandomTrees       0:03:01       0.1233    0.1226
        98   MinMaxScaler ExtremeRandomTrees                0:00:24       0.1232    0.1226
        99   StandardScalerWrapper ExtremeRandomTrees       0:00:27       0.1230    0.1226
       100   RobustScaler GradientBoosting                  0:00:27       0.1229    0.1226
       101   StandardScalerWrapper RandomForest             0:00:25       0.1233    0.1226
       102   MinMaxScaler ExtremeRandomTrees                0:00:32       0.1232    0.1226
       103   StandardScalerWrapper ExtremeRandomTrees       0:00:25       0.1232    0.1226
       104   StandardScalerWrapper ExtremeRandomTrees       0:00:25       0.1232    0.1226
       105   StandardScalerWrapper GradientBoosting         0:00:26       0.1230    0.1226
       106   MinMaxScaler ExtremeRandomTrees                0:00:25       0.1233    0.1226
       107   RobustScaler RandomForest                      0:00:28       0.1229    0.1226
       108   StandardScalerWrapper RandomForest             0:00:24       0.1234    0.1226
       109   RobustScaler ExtremeRandomTrees                0:00:24       0.1231    0.1226
       110   MinMaxScaler GradientBoosting                  0:00:25       0.1250    0.1226
       111   MinMaxScaler RandomForest                      0:00:26       0.1230    0.1226
       112   RobustScaler ExtremeRandomTrees                0:00:27       0.1230    0.1226
       113   StandardScalerWrapper ExtremeRandomTrees       0:00:34       0.1232    0.1226
       114   WARNING - Retrying (Retry(total=2, connect=None, read=None, redirect=None, status=None)) after connection broken by 'ProtocolError('Connection aborted.', ConnectionResetError(104, 'Connection reset by peer'))': /azureml/ExperimentRun/dcid.AutoML_be889896-3726-428f-a6d9-197949f5add7_114/outputs/conda_env_v_1_0_0.yml?sv=2019-02-02&sr=b&sig=VOLR17DdEEtC55iabAI8krA1AIZIbJ60kTy66jKbPro%3D&st=2020-10-03T18%3A44%3A58Z&se=2020-10-04T18%3A54%3A58Z&sp=rcw&comp=block&blockid=TURBd01EQXdNREF3TURBd01EQXdNREF3TURBd01EQXdNREF3TURBd01EQSUzRA%3D%3D&timeout=30
WARNING - Retrying (Retry(total=2, connect=None, read=None, redirect=None, status=None)) after connection broken by 'ProtocolError('Connection aborted.', ConnectionResetError(104, 'Connection reset by peer'))': /azureml/ExperimentRun/dcid.AutoML_be889896-3726-428f-a6d9-197949f5add7_114/outputs/env_dependencies.json?sv=2019-02-02&sr=b&sig=M4PDrifBO17bZ2tL1uJggjqIHWkGjx4ruI2ShVz%2BO8Y%3D&st=2020-10-03T18%3A44%3A57Z&se=2020-10-04T18%3A54%3A57Z&sp=rcw&comp=block&blockid=TURBd01EQXdNREF3TURBd01EQXdNREF3TURBd01EQXdNREF3TURBd01EQSUzRA%3D%3D&timeout=30
WARNING - Retrying (Retry(total=2, connect=None, read=None, redirect=None, status=None)) after connection broken by 'ProtocolError('Connection aborted.', ConnectionResetError(104, 'Connection reset by peer'))': /azureml/ExperimentRun/dcid.AutoML_be889896-3726-428f-a6d9-197949f5add7_114/outputs/scoring_file_v_1_0_0.py?sv=2019-02-02&sr=b&sig=m35tbSxNVs3QAMzw8P1kg3nCk7X2Pv99FS9kAxOzatY%3D&st=2020-10-03T18%3A44%3A57Z&se=2020-10-04T18%3A54%3A57Z&sp=rcw&comp=block&blockid=TURBd01EQXdNREF3TURBd01EQXdNREF3TURBd01EQXdNREF3TURBd01EQSUzRA%3D%3D&timeout=30
WARNING - Retrying (Retry(total=2, connect=None, read=None, redirect=None, status=None)) after connection broken by 'ProtocolError('Connection aborted.', ConnectionResetError(104, 'Connection reset by peer'))': /azureml/ExperimentRun/dcid.AutoML_be889896-3726-428f-a6d9-197949f5add7_114/outputs/pipeline_graph.json?sv=2019-02-02&sr=b&sig=uu2UsNIJCZnU5Za5LwgaGBwfU%2FZ6eGlGtiG%2FHnctZIs%3D&st=2020-10-03T18%3A44%3A57Z&se=2020-10-04T18%3A54%3A57Z&sp=rcw&comp=block&blockid=TURBd01EQXdNREF3TURBd01EQXdNREF3TURBd01EQXdNREF3TURBd01EQSUzRA%3D%3D&timeout=30
StandardScalerWrapper ExtremeRandomTrees       0:03:04       0.1230    0.1226
       115   WARNING - Retrying (Retry(total=2, connect=None, read=None, redirect=None, status=None)) after connection broken by 'ProtocolError('Connection aborted.', ConnectionResetError(104, 'Connection reset by peer'))': /azureml/ExperimentRun/dcid.AutoML_be889896-3726-428f-a6d9-197949f5add7_115/outputs/scoring_file_v_1_0_0.py?sv=2019-02-02&sr=b&sig=idKjYv2wV%2FExJ%2BFjNz5SvRDBCwbTNOmYUFwZI7ynAmg%3D&st=2020-10-03T18%3A48%3A02Z&se=2020-10-04T18%3A58%3A02Z&sp=rcw&comp=block&blockid=TURBd01EQXdNREF3TURBd01EQXdNREF3TURBd01EQXdNREF3TURBd01EQSUzRA%3D%3D&timeout=30
RobustScaler GradientBoosting                  0:00:29       0.1228    0.1226
       116   RobustScaler ExtremeRandomTrees                0:00:27       0.1232    0.1226
       117   WARNING - Retrying (Retry(total=2, connect=None, read=None, redirect=None, status=None)) after connection broken by 'ProtocolError('Connection aborted.', ConnectionResetError(104, 'Connection reset by peer'))': /azureml/ExperimentRun/dcid.AutoML_be889896-3726-428f-a6d9-197949f5add7_117/outputs/scoring_file_v_1_0_0.py?sv=2019-02-02&sr=b&sig=U8lOY1g4HHiCfixC1nU8u5Q3iYgOrHZyEhbJMedNyzQ%3D&st=2020-10-03T18%3A48%3A57Z&se=2020-10-04T18%3A58%3A57Z&sp=rcw&comp=block&blockid=TURBd01EQXdNREF3TURBd01EQXdNREF3TURBd01EQXdNREF3TURBd01EQSUzRA%3D%3D&timeout=30
RobustScaler RandomForest                      0:03:09       0.1231    0.1226
       118   RobustScaler ExtremeRandomTrees                0:00:36       0.1231    0.1226
       119   RobustScaler ExtremeRandomTrees                0:00:32       0.1235    0.1226
       120   RobustScaler GradientBoosting                  0:00:24       0.1236    0.1226
       121   MinMaxScaler RandomForest                      0:00:32       0.1229    0.1226
       122   RobustScaler ExtremeRandomTrees                0:00:25       0.1232    0.1226
       123   StandardScalerWrapper ExtremeRandomTrees       0:00:26       0.1232    0.1226
       124   MinMaxScaler ExtremeRandomTrees                0:00:25       0.1233    0.1226
       125   MinMaxScaler GradientBoosting                  0:00:30       0.1234    0.1226
       126   WARNING - Retrying (Retry(total=2, connect=None, read=None, redirect=None, status=None)) after connection broken by 'ProtocolError('Connection aborted.', ConnectionResetError(104, 'Connection reset by peer'))': /azureml/ExperimentRun/dcid.AutoML_be889896-3726-428f-a6d9-197949f5add7_126/outputs/conda_env_v_1_0_0.yml?sv=2019-02-02&sr=b&sig=5luUp7Iz1wsGfuawGiE5Vz7EOKfu25ZV%2FKeWLatvymU%3D&st=2020-10-03T18%3A56%3A01Z&se=2020-10-04T19%3A06%3A01Z&sp=rcw&comp=block&blockid=TURBd01EQXdNREF3TURBd01EQXdNREF3TURBd01EQXdNREF3TURBd01EQSUzRA%3D%3D&timeout=30
WARNING - Retrying (Retry(total=2, connect=None, read=None, redirect=None, status=None)) after connection broken by 'ProtocolError('Connection aborted.', ConnectionResetError(104, 'Connection reset by peer'))': /azureml/ExperimentRun/dcid.AutoML_be889896-3726-428f-a6d9-197949f5add7_126/outputs/pipeline_graph.json?sv=2019-02-02&sr=b&sig=%2B2z7E1GAHyDJbsPqRmj3ky2ZMU%2BXUKi2Uh%2Fp5pWUIlY%3D&st=2020-10-03T18%3A56%3A01Z&se=2020-10-04T19%3A06%3A01Z&sp=rcw&comp=block&blockid=TURBd01EQXdNREF3TURBd01EQXdNREF3TURBd01EQXdNREF3TURBd01EQSUzRA%3D%3D&timeout=30
MinMaxScaler RandomForest                      0:02:58       0.1231    0.1226
       127   RobustScaler ExtremeRandomTrees                0:00:38       0.1238    0.1226
       128   RobustScaler ExtremeRandomTrees                0:00:32       0.1231    0.1226
       129   RobustScaler ExtremeRandomTrees                0:00:27       0.1233    0.1226
       130   MinMaxScaler GradientBoosting                  0:00:32       0.1233    0.1226
       131   StandardScalerWrapper ExtremeRandomTrees       0:00:25       0.1232    0.1226
       132   WARNING - Retrying (Retry(total=2, connect=None, read=None, redirect=None, status=None)) after connection broken by 'ProtocolError('Connection aborted.', ConnectionResetError(104, 'Connection reset by peer'))': /azureml/ExperimentRun/dcid.AutoML_be889896-3726-428f-a6d9-197949f5add7_132/outputs/model.pkl?sv=2019-02-02&sr=b&sig=Rd6Oj30jpKpnc%2BV7gUgJ4M8uDawWrIE1g4Ihsf6Ygnk%3D&st=2020-10-03T19%3A01%3A40Z&se=2020-10-04T19%3A11%3A40Z&sp=rcw&comp=block&blockid=TURBd01EQXdNREF3TURBd01EQXdNREF3TURBd01EQXdNREF3TURBd01EQSUzRA%3D%3D&timeout=30
WARNING - Retrying (Retry(total=2, connect=None, read=None, redirect=None, status=None)) after connection broken by 'ProtocolError('Connection aborted.', ConnectionResetError(104, 'Connection reset by peer'))': /azureml/ExperimentRun/dcid.AutoML_be889896-3726-428f-a6d9-197949f5add7_132/outputs/env_dependencies.json?sv=2019-02-02&sr=b&sig=t%2BElWP5QqHxqH0uU9PWgA4pxHHZ2fAz6vFMsevg2Un4%3D&st=2020-10-03T19%3A01%3A40Z&se=2020-10-04T19%3A11%3A40Z&sp=rcw&comp=block&blockid=TURBd01EQXdNREF3TURBd01EQXdNREF3TURBd01EQXdNREF3TURBd01EQSUzRA%3D%3D&timeout=30
MinMaxScaler RandomForest                      0:03:09       0.1232    0.1226
       133   MinMaxScaler ExtremeRandomTrees                0:00:30       0.1230    0.1226
       134   MinMaxScaler ExtremeRandomTrees                0:00:25       0.1232    0.1226
       135   StandardScalerWrapper GradientBoosting         0:00:31       0.1233    0.1226
       136   StandardScalerWrapper RandomForest             0:00:31       0.1230    0.1226
       137   RobustScaler ExtremeRandomTrees                0:00:28       0.1232    0.1226
       138   RobustScaler RandomForest                      0:00:25       0.1230    0.1226
       139   RobustScaler LightGBM                          0:00:30       0.1230    0.1226
       140   MinMaxScaler GradientBoosting                  0:00:33       0.1239    0.1226
       141   StandardScalerWrapper DecisionTree             0:00:29       0.1247    0.1226
       142   RobustScaler RandomForest                      0:00:26       0.1232    0.1226
       143   MinMaxScaler ExtremeRandomTrees                0:00:31       0.1232    0.1226
       144   StandardScalerWrapper RandomForest             0:00:27       0.1231    0.1226
       145   RobustScaler GradientBoosting                  0:00:26       0.1236    0.1226
       146   MinMaxScaler ExtremeRandomTrees                0:00:25       0.1231    0.1226
       147   StandardScalerWrapper RandomForest             0:00:29       0.1229    0.1226
       148   MinMaxScaler ExtremeRandomTrees                0:00:27       0.1231    0.1226
       149   MinMaxScaler ExtremeRandomTrees                0:00:28       0.1233    0.1226
       150   MinMaxScaler GradientBoosting                  0:00:24       0.1236    0.1226
       151   StandardScalerWrapper ExtremeRandomTrees       0:00:32       0.1234    0.1226
       152   StandardScalerWrapper RandomForest             0:00:26       0.1232    0.1226
       153   MinMaxScaler RandomForest                      0:00:25       0.1234    0.1226
       154   StandardScalerWrapper ExtremeRandomTrees       0:00:28       0.1231    0.1226
       155   StandardScalerWrapper GradientBoosting         0:00:25       0.1233    0.1226
       156   WARNING - Retrying (Retry(total=2, connect=None, read=None, redirect=None, status=None)) after connection broken by 'ProtocolError('Connection aborted.', ConnectionResetError(104, 'Connection reset by peer'))': /azureml/ExperimentRun/dcid.AutoML_be889896-3726-428f-a6d9-197949f5add7_156/outputs/pipeline_graph.json?sv=2019-02-02&sr=b&sig=oMZloTX4MosC%2B62radZqghBfj0r3chqHo3Cjy0SmDGQ%3D&st=2020-10-03T19%3A15%3A38Z&se=2020-10-04T19%3A25%3A38Z&sp=rcw&comp=block&blockid=TURBd01EQXdNREF3TURBd01EQXdNREF3TURBd01EQXdNREF3TURBd01EQSUzRA%3D%3D&timeout=30
WARNING - Retrying (Retry(total=2, connect=None, read=None, redirect=None, status=None)) after connection broken by 'ProtocolError('Connection aborted.', ConnectionResetError(104, 'Connection reset by peer'))': /azureml/ExperimentRun/dcid.AutoML_be889896-3726-428f-a6d9-197949f5add7_156/outputs/conda_env_v_1_0_0.yml?sv=2019-02-02&sr=b&sig=kv3pSoqCi4AkezTrNeaF8li%2BUUbVakxKdclSdONMPt8%3D&st=2020-10-03T19%3A15%3A38Z&se=2020-10-04T19%3A25%3A38Z&sp=rcw&comp=block&blockid=TURBd01EQXdNREF3TURBd01EQXdNREF3TURBd01EQXdNREF3TURBd01EQSUzRA%3D%3D&timeout=30
WARNING - Retrying (Retry(total=2, connect=None, read=None, redirect=None, status=None)) after connection broken by 'ProtocolError('Connection aborted.', ConnectionResetError(104, 'Connection reset by peer'))': /azureml/ExperimentRun/dcid.AutoML_be889896-3726-428f-a6d9-197949f5add7_156/outputs/scoring_file_v_1_0_0.py?sv=2019-02-02&sr=b&sig=QAFbGI3vaaL9i4gCMvqrQoBRwTXMO62ZL9xH%2BTaw2Bw%3D&st=2020-10-03T19%3A15%3A38Z&se=2020-10-04T19%3A25%3A38Z&sp=rcw&comp=block&blockid=TURBd01EQXdNREF3TURBd01EQXdNREF3TURBd01EQXdNREF3TURBd01EQSUzRA%3D%3D&timeout=30
MinMaxScaler ExtremeRandomTrees                0:03:08       0.1236    0.1226
       157   StandardScalerWrapper ExtremeRandomTrees       0:00:28       0.1236    0.1226
       158   MinMaxScaler ExtremeRandomTrees                0:00:30       0.1236    0.1226
       159   MinMaxScaler RandomForest                      0:00:24       0.1234    0.1226
       160   MinMaxScaler GradientBoosting                  0:00:33       0.1241    0.1226
       161   StandardScalerWrapper ExtremeRandomTrees       0:00:25       0.1233    0.1226
       162   RobustScaler ExtremeRandomTrees                0:00:28       0.1232    0.1226
       163   WARNING - Retrying (Retry(total=2, connect=None, read=None, redirect=None, status=None)) after connection broken by 'ProtocolError('Connection aborted.', ConnectionResetError(104, 'Connection reset by peer'))': /azureml/ExperimentRun/dcid.AutoML_be889896-3726-428f-a6d9-197949f5add7_163/outputs/env_dependencies.json?sv=2019-02-02&sr=b&sig=amiETp1Y3C3B0uVGPBxwm%2FMU%2F9W2IRCuv7OuJ%2FgmkYc%3D&st=2020-10-03T19%3A21%3A36Z&se=2020-10-04T19%3A31%3A36Z&sp=rcw&comp=block&blockid=TURBd01EQXdNREF3TURBd01EQXdNREF3TURBd01EQXdNREF3TURBd01EQSUzRA%3D%3D&timeout=30
StandardScalerWrapper ExtremeRandomTrees       0:03:05       0.1233    0.1226
       164   StandardScalerWrapper RandomForest             0:00:25       0.1229    0.1226
       165   StandardScalerWrapper GradientBoosting         0:00:32       0.1230    0.1226
       166   MinMaxScaler RandomForest                      0:00:25       0.1231    0.1226
       167   MinMaxScaler ExtremeRandomTrees                0:00:25       0.1232    0.1226
       168   StandardScalerWrapper ExtremeRandomTrees       0:00:25       0.1231    0.1226
       169   RobustScaler ExtremeRandomTrees                0:00:27       0.1233    0.1226
       170   RobustScaler GradientBoosting                  0:00:25       0.1229    0.1226
       171   WARNING - Retrying (Retry(total=2, connect=None, read=None, redirect=None, status=None)) after connection broken by 'ProtocolError('Connection aborted.', ConnectionResetError(104, 'Connection reset by peer'))': /azureml/ExperimentRun/dcid.AutoML_be889896-3726-428f-a6d9-197949f5add7_171/outputs/env_dependencies.json?sv=2019-02-02&sr=b&sig=ChlF%2BvgfOUdYUcVlWfMvJvwbTf635BDZqrlxPhEoI84%3D&st=2020-10-03T19%3A27%3A49Z&se=2020-10-04T19%3A37%3A49Z&sp=rcw&comp=block&blockid=TURBd01EQXdNREF3TURBd01EQXdNREF3TURBd01EQXdNREF3TURBd01EQSUzRA%3D%3D&timeout=30
StandardScalerWrapper ExtremeRandomTrees       0:03:08       0.1235    0.1226
       172   RobustScaler ExtremeRandomTrees                0:00:32       0.1230    0.1226
       173   RobustScaler RandomForest                      0:00:33       0.1231    0.1226
       174   MinMaxScaler RandomForest                      0:00:24       0.1231    0.1226
       175   MinMaxScaler GradientBoosting                  0:00:24       0.1234    0.1226
       176   StandardScalerWrapper RandomForest             0:00:27       0.1230    0.1226
       177   StandardScalerWrapper RandomForest             0:00:26       0.1230    0.1226
       178   RobustScaler ExtremeRandomTrees                0:00:26       0.1234    0.1226
       179   RobustScaler ExtremeRandomTrees                0:00:26       0.1230    0.1226
       180   StandardScalerWrapper GradientBoosting         0:00:23       0.1228    0.1226
       181   StandardScalerWrapper ExtremeRandomTrees       0:00:25       0.1233    0.1226
       182   WARNING - Received unrecognized parameter ensemble_download_models_timeout_sec
WARNING - Received unrecognized parameter ensemble_download_models_timeout_sec
WARNING - Retrying (Retry(total=2, connect=None, read=None, redirect=None, status=None)) after connection broken by 'ProtocolError('Connection aborted.', ConnectionResetError(104, 'Connection reset by peer'))': /azureml/ExperimentRun/dcid.AutoML_be889896-3726-428f-a6d9-197949f5add7_182/outputs/model.pkl?sv=2019-02-02&sr=b&sig=3c2hH6LrrUA867JkTelx6OBc6ufWoDEDBXsrfNVFTqk%3D&st=2020-10-03T19%3A37%3A28Z&se=2020-10-04T19%3A47%3A28Z&sp=rcw&comp=block&blockid=TURBd01EQXdNREF3TURBd01EQXdNREF3TURBd01EQXdNREF3TURBd01EQSUzRA%3D%3D&timeout=30
WARNING - Retrying (Retry(total=2, connect=None, read=None, redirect=None, status=None)) after connection broken by 'ProtocolError('Connection aborted.', ConnectionResetError(104, 'Connection reset by peer'))': /azureml/ExperimentRun/dcid.AutoML_be889896-3726-428f-a6d9-197949f5add7_182/outputs/env_dependencies.json?sv=2019-02-02&sr=b&sig=yV5Jt9iwXUwFvAVLNETh2YT30jLNsA7IfaJOyF8Hb1A%3D&st=2020-10-03T19%3A37%3A28Z&se=2020-10-04T19%3A47%3A28Z&sp=rcw&comp=block&blockid=TURBd01EQXdNREF3TURBd01EQXdNREF3TURBd01EQXdNREF3TURBd01EQSUzRA%3D%3D&timeout=30
VotingEnsemble                                 0:03:17       0.1225    0.1225
Stopping criteria reached at iteration 183. Ending experiment.
WARNING - Received unrecognized parameter ensemble_download_models_timeout_sec
WARNING - Received unrecognized parameter ensemble_download_models_timeout_sec
WARNING - Received unrecognized parameter ensemble_download_models_timeout_sec
****************************************************************************************************
Current status: BestRunExplainModel. Best run model explanations started
Current status: ModelExplanationDataSetSetup. Model explanations data setup completed
Current status: PickSurrogateModel. Choosing LightGBM as the surrogate model for explanations
Current status: EngineeredFeatureExplanations. Computation of engineered features started
Current status: EngineeredFeatureExplanations. Computation of engineered features completed
Current status: BestRunExplainModel. Best run model explanations completed
****************************************************************************************************
WARNING - Received unrecognized parameter ensemble_download_models_timeout_sec
WARNING - Received unrecognized parameter ensemble_download_models_timeout_sec
WARNING - Received unrecognized parameter ensemble_download_models_timeout_sec
Best pipeline:
<class 'sklearn.ensemble._voting.VotingRegressor'>
0. Pipeline(memory=None,
         steps=[('standardscalerwrapper',
                 <azureml.automl.runtime.shared.model_wrappers.StandardScalerWrapper object at 0x7fa56848c890>),
                ('gradientboostingregressor',
                 GradientBoostingRegressor(alpha=0.7000000000000001,
                                           ccp_alpha=0.0,
                                           criterion='friedman_mse', init=None,
                                           learning_rate=0.1, loss='ls',
                                           max_depth=3, max_features=0.2,
                                           max_leaf_nodes=None,
                                           min_impurity_decrease=0.0,
                                           min_impurity_split=None,
                                           min_samples_leaf=0.23270138847999622,
                                           min_samples_split=0.0075322213975862395,
                                           min_weight_fraction_leaf=0.0,
                                           n_estimators=200,
                                           n_iter_no_change=None,
                                           presort='deprecated',
                                           random_state=None, subsample=0.95,
                                           tol=0.0001, validation_fraction=0.1,
                                           verbose=0, warm_start=False))],
         verbose=False)
1. Pipeline(memory=None,
         steps=[('standardscalerwrapper',
                 <azureml.automl.runtime.shared.model_wrappers.StandardScalerWrapper object at 0x7fa566575790>),
                ('gradientboostingregressor',
                 GradientBoostingRegressor(alpha=0.30000000000000004,
                                           ccp_alpha=0.0, criterion='mse',
                                           init=None,
                                           learning_rate=0.046415888336127774,
                                           loss='ls', max_depth=5,
                                           max_features='sqrt',
                                           max_leaf_nodes=None,
                                           min_impurity_decrease=0.0,
                                           min_impurity_split=None,
                                           min_samples_leaf=0.07388264419939175,
                                           min_samples_split=0.012814223889440833,
                                           min_weight_fraction_leaf=0.0,
                                           n_estimators=100,
                                           n_iter_no_change=None,
                                           presort='deprecated',
                                           random_state=None, subsample=0.7,
                                           tol=0.0001, validation_fraction=0.1,
                                           verbose=0, warm_start=False))],
         verbose=False)
2. Pipeline(memory=None,
         steps=[('standardscalerwrapper',
                 <azureml.automl.runtime.shared.model_wrappers.StandardScalerWrapper object at 0x7fa56755b1d0>),
                ('gradientboostingregressor',
                 GradientBoostingRegressor(alpha=0.30000000000000004,
                                           ccp_alpha=0.0, criterion='mse',
                                           init=None, learning_rate=0.1,
                                           loss='ls', max_depth=10,
                                           max_features='sqrt',
                                           max_leaf_nodes=None,
                                           min_impurity_decrease=0.0,
                                           min_impurity_split=None,
                                           min_samples_leaf=0.15874989977926784,
                                           min_samples_split=0.0018261584682702607,
                                           min_weight_fraction_leaf=0.0,
                                           n_estimators=50,
                                           n_iter_no_change=None,
                                           presort='deprecated',
                                           random_state=None, subsample=0.85,
                                           tol=0.0001, validation_fraction=0.1,
                                           verbose=0, warm_start=False))],
         verbose=False)
3. Pipeline(memory=None,
         steps=[('robustscaler',
                 RobustScaler(copy=True, quantile_range=[25, 75],
                              with_centering=True, with_scaling=True)),
                ('gradientboostingregressor',
                 GradientBoostingRegressor(alpha=0.7000000000000001,
                                           ccp_alpha=0.0,
                                           criterion='friedman_mse', init=None,
                                           learning_rate=0.01, loss='lad',
                                           max_depth=2, max_features=0.8,
                                           max_leaf_nodes=None,
                                           min_impurity_decrease=0.0,
                                           min_impurity_split=None,
                                           min_samples_leaf=0.005080937188890647,
                                           min_samples_split=0.000630957344480193,
                                           min_weight_fraction_leaf=0.0,
                                           n_estimators=400,
                                           n_iter_no_change=None,
                                           presort='deprecated',
                                           random_state=None, subsample=0.05,
                                           tol=0.0001, validation_fraction=0.1,
                                           verbose=0, warm_start=False))],
         verbose=False)
4. Pipeline(memory=None,
         steps=[('robustscaler',
                 RobustScaler(copy=True, quantile_range=[25, 75],
                              with_centering=True, with_scaling=True)),
                ('gradientboostingregressor',
                 GradientBoostingRegressor(alpha=0.9, ccp_alpha=0.0,
                                           criterion='mse', init=None,
                                           learning_rate=0.1, loss='huber',
                                           max_depth=4, max_features='sqrt',
                                           max_leaf_nodes=None,
                                           min_impurity_decrease=0.0,
                                           min_impurity_split=None,
                                           min_samples_leaf=0.19220125415744788,
                                           min_samples_split=0.000753222139758624,
                                           min_weight_fraction_leaf=0.0,
                                           n_estimators=50,
                                           n_iter_no_change=None,
                                           presort='deprecated',
                                           random_state=None,
                                           subsample=0.7999999999999999,
                                           tol=0.0001, validation_fraction=0.1,
                                           verbose=0, warm_start=False))],
         verbose=False)
5. Pipeline(memory=None,
         steps=[('minmaxscaler', MinMaxScaler(copy=True, feature_range=(0, 1))),
                ('randomforestregressor',
                 RandomForestRegressor(bootstrap=True, ccp_alpha=0.0,
                                       criterion='mse', max_depth=None,
                                       max_features=0.3, max_leaf_nodes=None,
                                       max_samples=None,
                                       min_impurity_decrease=0.0,
                                       min_impurity_split=None,
                                       min_samples_leaf=0.004196633747563344,
                                       min_samples_split=0.031067599098338297,
                                       min_weight_fraction_leaf=0.0,
                                       n_estimators=600, n_jobs=-1,
                                       oob_score=False, random_state=None,
                                       verbose=0, warm_start=False))],
         verbose=False)
6. Pipeline(memory=None,
         steps=[('standardscalerwrapper',
                 <azureml.automl.runtime.shared.model_wrappers.StandardScalerWrapper object at 0x7fa5667c81d0>),
                ('randomforestregressor',
                 RandomForestRegressor(bootstrap=False, ccp_alpha=0.0,
                                       criterion='mse', max_depth=None,
                                       max_features=0.2, max_leaf_nodes=None,
                                       max_samples=None,
                                       min_impurity_decrease=0.0,
                                       min_impurity_split=None,
                                       min_samples_leaf=0.01600296187889058,
                                       min_samples_split=0.001529732116091358,
                                       min_weight_fraction_leaf=0.0,
                                       n_estimators=50, n_jobs=-1,
                                       oob_score=False, random_state=None,
                                       verbose=0, warm_start=False))],
         verbose=False)
7. Pipeline(memory=None,
         steps=[('robustscaler',
                 RobustScaler(copy=True, quantile_range=[25, 75],
                              with_centering=True, with_scaling=False)),
                ('gradientboostingregressor',
                 GradientBoostingRegressor(alpha=0.9, ccp_alpha=0.0,
                                           criterion='friedman_mse', init=None,
                                           learning_rate=0.021544346900318822,
                                           loss='ls', max_depth=3,
                                           max_features=0.9,
                                           max_leaf_nodes=None,
                                           min_impurity_decrease=0.0,
                                           min_impurity_split=None,
                                           min_samples_leaf=0.009017208223328022,
                                           min_samples_split=0.15297321160913582,
                                           min_weight_fraction_leaf=0.0,
                                           n_estimators=100,
                                           n_iter_no_change=None,
                                           presort='deprecated',
                                           random_state=None, subsample=0.35,
                                           tol=0.0001, validation_fraction=0.1,
                                           verbose=0, warm_start=False))],
         verbose=False)

['year', 'half', 'quarter', 'month', 'day', 'hour', 'am_pm', 'hour12', 'wday', 'qday', 'week']
  RawFeatureName TypeDetected Dropped  EngineeredFeatureCount  \
0  datetime       DateTime     No      11                       

                                                                                                                                                                                                                           Transformations  
0  [DateTimeTransformer, DateTimeTransformer, DateTimeTransformer, DateTimeTransformer, DateTimeTransformer, DateTimeTransformer, DateTimeTransformer, DateTimeTransformer, DateTimeTransformer, DateTimeTransformer, DateTimeTransformer]  
