WARNING - Received unrecognized parameter ensemble_download_models_timeout_sec
Running on local machine
Parent Run ID: AutoML_ba5b4120-4690-4320-9e52-3b97cde8155b

Current status: DatasetFeaturization. Beginning to featurize the dataset.
Current status: DatasetFeaturizationCompleted. Completed featurizing the dataset.
Heuristic parameters: Target_Lag = '[0]', Target_Rolling_Window = '0'.
WARNING - Converting non-string tag to string: (forecasting_target_lags: [0])
WARNING - Converting non-string tag to string: (forecasting_target_rolling_window_size: 0)
WARNING - Converting non-string tag to string: (forecasting_max_horizon: 2223)
Current status: DatasetCrossValidationSplit. Generating individually featurized CV splits.
Current status: DatasetFeaturization. Beginning to featurize the CV split.
Current status: DatasetFeaturizationCompleted. Completed featurizing the CV split.
Current status: DatasetFeaturization. Beginning to featurize the CV split.
Current status: DatasetFeaturizationCompleted. Completed featurizing the CV split.
Current status: DatasetFeaturization. Beginning to featurize the CV split.
Current status: DatasetFeaturizationCompleted. Completed featurizing the CV split.
Current status: DatasetFeaturization. Beginning to featurize the CV split.
Current status: DatasetFeaturizationCompleted. Completed featurizing the CV split.
Current status: DatasetFeaturization. Beginning to featurize the CV split.
Current status: DatasetFeaturizationCompleted. Completed featurizing the CV split.

****************************************************************************************************
DATA GUARDRAILS: 

TYPE:         Frequency detection
STATUS:       PASSED
DESCRIPTION:  The time series was analyzed, all data points are aligned with detected frequency.
              

****************************************************************************************************

TYPE:         Missing feature values imputation
STATUS:       PASSED
DESCRIPTION:  No feature missing values were detected in the training data.
              Learn more about missing value imputation: https://aka.ms/AutomatedMLFeaturization

****************************************************************************************************

TYPE:         Memory Issues Detection
STATUS:       PASSED
DESCRIPTION:  The selected horizon, lag and rolling window values were analyzed, and no potential memory issues were detected.
              Learn more about time-series forecasting configurations: https://aka.ms/AutomatedMLForecastingConfiguration

****************************************************************************************************
Current status: ModelSelection. Beginning model selection.

****************************************************************************************************
ITERATION: The iteration being evaluated.
PIPELINE: A summary description of the pipeline being evaluated.
DURATION: Time taken for the current iteration.
METRIC: The result of computing score on the fitted pipeline.
BEST: The best observed score thus far.
****************************************************************************************************

 ITERATION   PIPELINE                                       DURATION      METRIC      BEST
         0   MaxAbsScaler DecisionTree                      0:00:22       0.1329    0.1329
         1   MinMaxScaler DecisionTree                      0:00:22       0.1335    0.1329
         2   StandardScalerWrapper LassoLars                0:00:22       0.1415    0.1329
         3   RobustScaler ElasticNet                        0:00:16       0.1405    0.1329
         4   StandardScalerWrapper LassoLars                0:00:22       0.1414    0.1329
         5   RobustScaler ElasticNet                        0:00:22       0.1414    0.1329
         6   RobustScaler DecisionTree                      0:00:22       0.1329    0.1329
         7   MinMaxScaler DecisionTree                      0:00:21       0.1388    0.1329
         8   RobustScaler DecisionTree                      0:00:23       0.1321    0.1321
         9   MinMaxScaler DecisionTree                      0:00:23       0.1336    0.1321
        10   StandardScalerWrapper DecisionTree             0:00:21       0.1330    0.1321
        11   StandardScalerWrapper DecisionTree             0:00:22       0.1332    0.1321
        12   RobustScaler DecisionTree                      0:00:23       0.1332    0.1321
        13   RobustScaler ElasticNet                        0:00:23       0.1400    0.1321
        14   StandardScalerWrapper DecisionTree             0:00:21       0.1340    0.1321
        15   MinMaxScaler DecisionTree                      0:00:23       0.1336    0.1321
        16   MinMaxScaler DecisionTree                      0:00:22       0.1332    0.1321
        17   RobustScaler DecisionTree                      0:00:22       0.1334    0.1321
        18   RobustScaler DecisionTree                      0:00:22       0.1328    0.1321
        19   StandardScalerWrapper DecisionTree             0:00:21       0.1339    0.1321
        20   StandardScalerWrapper DecisionTree             0:00:23       0.1351    0.1321
        21   StandardScalerWrapper ExtremeRandomTrees       0:00:26       0.1311    0.1311
        22   MinMaxScaler LightGBM                          0:00:23       0.1311    0.1311
        23   MinMaxScaler DecisionTree                      0:00:24       0.1352    0.1311
        24   MinMaxScaler DecisionTree                      0:00:23       0.1330    0.1311
        25   MinMaxScaler LightGBM                          0:00:23       0.1318    0.1311
        26   StandardScalerWrapper RandomForest             0:00:23       0.1314    0.1311
        27   StandardScalerWrapper ExtremeRandomTrees       0:00:25       0.1308    0.1308
        28   RobustScaler ExtremeRandomTrees                0:00:24       0.1316    0.1308
        29   MinMaxScaler ExtremeRandomTrees                0:00:25       0.1309    0.1308
        30   RobustScaler ExtremeRandomTrees                0:00:23       0.1313    0.1308
        31   StandardScalerWrapper RandomForest             0:00:24       0.1311    0.1308
        32   StandardScalerWrapper ExtremeRandomTrees       0:00:24       0.1310    0.1308
        33   WARNING - Retrying (Retry(total=2, connect=None, read=None, redirect=None, status=None)) after connection broken by 'ProtocolError('Connection aborted.', ConnectionResetError(104, 'Connection reset by peer'))': /azureml/ExperimentRun/dcid.AutoML_ba5b4120-4690-4320-9e52-3b97cde8155b_33/outputs/env_dependencies.json?sv=2019-02-02&sr=b&sig=wLP6MsNoofmtb9VaEOJOByEMjwWCuG2NAt6FZlHB%2Ffg%3D&st=2020-09-30T21%3A18%3A26Z&se=2020-10-01T21%3A28%3A26Z&sp=rcw&comp=block&blockid=TURBd01EQXdNREF3TURBd01EQXdNREF3TURBd01EQXdNREF3TURBd01EQSUzRA%3D%3D&timeout=30
WARNING - Retrying (Retry(total=2, connect=None, read=None, redirect=None, status=None)) after connection broken by 'ProtocolError('Connection aborted.', ConnectionResetError(104, 'Connection reset by peer'))': /azureml/ExperimentRun/dcid.AutoML_ba5b4120-4690-4320-9e52-3b97cde8155b_33/outputs/scoring_file_v_1_0_0.py?sv=2019-02-02&sr=b&sig=6epw6h3q%2FZra06pbfnBFCSNTw2hKXaLaS0GypmOW24E%3D&st=2020-09-30T21%3A18%3A26Z&se=2020-10-01T21%3A28%3A26Z&sp=rcw&comp=block&blockid=TURBd01EQXdNREF3TURBd01EQXdNREF3TURBd01EQXdNREF3TURBd01EQSUzRA%3D%3D&timeout=30
RobustScaler RandomForest                      0:03:09       0.1320    0.1308
        34   StandardScalerWrapper ExtremeRandomTrees       0:00:30       0.1309    0.1308
        35   MinMaxScaler ExtremeRandomTrees                0:00:25       0.1306    0.1306
        36   RobustScaler RandomForest                      0:00:25       0.1313    0.1306
        37   RobustScaler RandomForest                      0:00:25       0.1318    0.1306
        38   StandardScalerWrapper ExtremeRandomTrees       0:00:24       0.1312    0.1306
        39   MinMaxScaler RandomForest                      0:00:24       0.1316    0.1306
        40   MinMaxScaler ExtremeRandomTrees                0:00:26       0.1312    0.1306
        41   RobustScaler ExtremeRandomTrees                0:00:24       0.1314    0.1306
        42   RobustScaler ExtremeRandomTrees                0:00:25       0.1313    0.1306
        43   WARNING - Retrying (Retry(total=2, connect=None, read=None, redirect=None, status=None)) after connection broken by 'ProtocolError('Connection aborted.', ConnectionResetError(104, 'Connection reset by peer'))': /azureml/ExperimentRun/dcid.AutoML_ba5b4120-4690-4320-9e52-3b97cde8155b_43/outputs/internal_cross_validated_models.pkl?sv=2019-02-02&sr=b&sig=6ltQFCaeyzqPGuqa8bGkd2ceJ10GdRG5YRo8Kh3XBLE%3D&st=2020-09-30T21%3A25%3A33Z&se=2020-10-01T21%3A35%3A33Z&sp=rcw&comp=block&blockid=TURBd01EQXdNREF3TURBd01EQXdNREF3TURBd01EQXdNREF3TURBd01EQSUzRA%3D%3D&timeout=30
RobustScaler ExtremeRandomTrees                0:03:32       0.1313    0.1306
        44   StandardScalerWrapper ExtremeRandomTrees       0:00:28       0.1309    0.1306
        45   RobustScaler ExtremeRandomTrees                0:00:31       0.1306    0.1306
        46   RobustScaler ExtremeRandomTrees                0:00:24       0.1312    0.1306
        47   MinMaxScaler ExtremeRandomTrees                0:00:28       0.1311    0.1306
        48   RobustScaler RandomForest                      0:00:24       0.1310    0.1306
        49   RobustScaler ExtremeRandomTrees                0:00:19       0.1309    0.1306
        50   RobustScaler ExtremeRandomTrees                0:00:26       0.1310    0.1306
        51   RobustScaler RandomForest                      0:00:24       0.1313    0.1306
        52   RobustScaler ExtremeRandomTrees                0:00:23       0.1309    0.1306
        53   StandardScalerWrapper ExtremeRandomTrees       0:00:30       0.1305    0.1305
        54   StandardScalerWrapper ExtremeRandomTrees       0:00:28       0.1314    0.1305
        55   MinMaxScaler ExtremeRandomTrees                0:00:25       0.1309    0.1305
        56   MinMaxScaler ExtremeRandomTrees                0:00:24       0.1316    0.1305
        57   WARNING - Retrying (Retry(total=2, connect=None, read=None, redirect=None, status=None)) after connection broken by 'ProtocolError('Connection aborted.', ConnectionResetError(104, 'Connection reset by peer'))': /azureml/ExperimentRun/dcid.AutoML_ba5b4120-4690-4320-9e52-3b97cde8155b_57/outputs/scoring_file_v_1_0_0.py?sv=2019-02-02&sr=b&sig=GBRGmFJhQ3GAWOxWYwfWvOdRT4lQrZpXnYrq8JojAw8%3D&st=2020-09-30T21%3A34%3A44Z&se=2020-10-01T21%3A44%3A44Z&sp=rcw&comp=block&blockid=TURBd01EQXdNREF3TURBd01EQXdNREF3TURBd01EQXdNREF3TURBd01EQSUzRA%3D%3D&timeout=30
WARNING - Retrying (Retry(total=2, connect=None, read=None, redirect=None, status=None)) after connection broken by 'ProtocolError('Connection aborted.', ConnectionResetError(104, 'Connection reset by peer'))': /azureml/ExperimentRun/dcid.AutoML_ba5b4120-4690-4320-9e52-3b97cde8155b_57/outputs/model.pkl?sv=2019-02-02&sr=b&sig=fLrMlsfMCwdqWpzNWYHLWclP9bR4VOwTSOtrc5t6aJE%3D&st=2020-09-30T21%3A34%3A44Z&se=2020-10-01T21%3A44%3A44Z&sp=rcw&comp=block&blockid=TURBd01EQXdNREF3TURBd01EQXdNREF3TURBd01EQXdNREF3TURBd01EQSUzRA%3D%3D&timeout=30
MinMaxScaler RandomForest                      0:03:05       0.1311    0.1305
        58   RobustScaler RandomForest                      0:00:26       0.1312    0.1305
        59   StandardScalerWrapper ExtremeRandomTrees       0:00:24       0.1316    0.1305
        60   StandardScalerWrapper ExtremeRandomTrees       0:00:24       0.1313    0.1305
        61   MinMaxScaler ExtremeRandomTrees                0:00:25       0.1310    0.1305
        62   MinMaxScaler ExtremeRandomTrees                0:00:27       0.1309    0.1305
        63   StandardScalerWrapper ExtremeRandomTrees       0:00:23       0.1314    0.1305
        64   RobustScaler ExtremeRandomTrees                0:00:26       0.1316    0.1305
        65   RobustScaler ExtremeRandomTrees                0:00:26       0.1313    0.1305
        66   MinMaxScaler DecisionTree                      0:00:24       0.1323    0.1305
        67   MinMaxScaler ExtremeRandomTrees                0:00:26       0.1311    0.1305
        68   StandardScalerWrapper RandomForest             0:00:26       0.1308    0.1305
        69   MinMaxScaler ExtremeRandomTrees                0:00:25       0.1305    0.1305
        70   RobustScaler ExtremeRandomTrees                0:00:25       0.1318    0.1305
        71   MinMaxScaler ExtremeRandomTrees                0:00:25       0.1310    0.1305
        72   RobustScaler ExtremeRandomTrees                0:00:19       0.1310    0.1305
        73   RobustScaler ExtremeRandomTrees                0:00:26       0.1314    0.1305
        74   MinMaxScaler ExtremeRandomTrees                0:00:24       0.1312    0.1305
        75   RobustScaler ExtremeRandomTrees                0:00:27       0.1311    0.1305
        76   StandardScalerWrapper ExtremeRandomTrees       0:00:24       0.1311    0.1305
        77   StandardScalerWrapper ExtremeRandomTrees       0:00:30       0.1306    0.1305
        78   StandardScalerWrapper ExtremeRandomTrees       0:00:25       0.1314    0.1305
        79   StandardScalerWrapper ExtremeRandomTrees       0:00:19       0.1315    0.1305
        80   StandardScalerWrapper ExtremeRandomTrees       0:00:25       0.1331    0.1305
        81   StandardScalerWrapper RandomForest             0:00:25       0.1308    0.1305
        82   RobustScaler ExtremeRandomTrees                0:00:29       0.1313    0.1305
        83   RobustScaler RandomForest                      0:00:26       0.1310    0.1305
        84   MinMaxScaler RandomForest                      0:00:25       0.1309    0.1305
        85   StandardScalerWrapper ExtremeRandomTrees       0:00:24       0.1314    0.1305
        86   StandardScalerWrapper RandomForest             0:00:24       0.1311    0.1305
        87   StandardScalerWrapper GradientBoosting         0:00:24       0.1309    0.1305
        88   StandardScalerWrapper ExtremeRandomTrees       0:00:27       0.1307    0.1305
        89   RobustScaler ExtremeRandomTrees                0:00:25       0.1313    0.1305
        90   MinMaxScaler ExtremeRandomTrees                0:00:25       0.1306    0.1305
        91   RobustScaler ExtremeRandomTrees                0:00:28       0.1315    0.1305
        92   StandardScalerWrapper ExtremeRandomTrees       0:00:33       0.1306    0.1305
        93   RobustScaler RandomForest                      0:00:24       0.1310    0.1305
        94   RobustScaler RandomForest                      0:00:24       0.1311    0.1305
        95   MinMaxScaler ExtremeRandomTrees                0:00:24       0.1316    0.1305
        96   RobustScaler ExtremeRandomTrees                0:00:31       0.1310    0.1305
        97   MinMaxScaler RandomForest                      0:00:29       0.1310    0.1305
        98   StandardScalerWrapper RandomForest             0:00:26       0.1315    0.1305
        99   MinMaxScaler ExtremeRandomTrees                0:00:25       0.1309    0.1305
       100   StandardScalerWrapper ExtremeRandomTrees       0:00:26       0.1309    0.1305
       101   StandardScalerWrapper ExtremeRandomTrees       0:00:26       0.1313    0.1305
       102   StandardScalerWrapper ExtremeRandomTrees       0:00:27       0.1310    0.1305
       103   RobustScaler ExtremeRandomTrees                0:00:28       0.1313    0.1305
       104   StandardScalerWrapper RandomForest             0:00:25       0.1310    0.1305
       105   StandardScalerWrapper ExtremeRandomTrees       0:00:27       0.1314    0.1305
       106   RobustScaler GradientBoosting                  0:00:24       0.1309    0.1305
       107   RobustScaler ExtremeRandomTrees                0:00:31       0.1312    0.1305
       108   StandardScalerWrapper ExtremeRandomTrees       0:00:47       0.1310    0.1305
       109   MinMaxScaler ExtremeRandomTrees                0:00:25       0.1309    0.1305
       110   MinMaxScaler ExtremeRandomTrees                0:00:25       0.1316    0.1305
       111   RobustScaler ExtremeRandomTrees                0:00:24       0.1312    0.1305
       112   RobustScaler RandomForest                      0:00:26       0.1311    0.1305
       113   StandardScalerWrapper RandomForest             0:00:29       0.1312    0.1305
       114   StandardScalerWrapper ExtremeRandomTrees       0:00:25       0.1312    0.1305
       115   StandardScalerWrapper ExtremeRandomTrees       0:00:24       0.1314    0.1305
       116   MinMaxScaler ExtremeRandomTrees                0:00:20       0.1312    0.1305
       117   RobustScaler ExtremeRandomTrees                0:00:26       0.1308    0.1305
       118   StandardScalerWrapper ExtremeRandomTrees       0:00:24       0.1312    0.1305
       119   StandardScalerWrapper RandomForest             0:00:24       0.1317    0.1305
       120   StandardScalerWrapper ExtremeRandomTrees       0:00:27       0.1312    0.1305
       121   StandardScalerWrapper ExtremeRandomTrees       0:00:29       0.1313    0.1305
       122   RobustScaler ExtremeRandomTrees                0:00:34       0.1306    0.1305
       123   StandardScalerWrapper ExtremeRandomTrees       0:00:26       0.1313    0.1305
       124   RobustScaler LightGBM                          0:00:22       0.1313    0.1305
       125   MinMaxScaler ExtremeRandomTrees                0:00:25       0.1307    0.1305
       126   RobustScaler RandomForest                      0:00:19       0.1310    0.1305
       127   StandardScalerWrapper RandomForest             0:00:25       0.1308    0.1305
       128   MinMaxScaler LightGBM                          0:00:24       0.1310    0.1305
       129   MinMaxScaler RandomForest                      0:00:31       0.1310    0.1305
       130   MinMaxScaler ExtremeRandomTrees                0:00:25       0.1316    0.1305
       131   StandardScalerWrapper ExtremeRandomTrees       0:00:25       0.1313    0.1305
       132   StandardScalerWrapper ExtremeRandomTrees       0:00:29       0.1308    0.1305
       133   MinMaxScaler ExtremeRandomTrees                0:00:26       0.1308    0.1305
       134   RobustScaler ExtremeRandomTrees                0:00:26       0.1310    0.1305
       135   StandardScalerWrapper ExtremeRandomTrees       0:00:25       0.1308    0.1305
       136   StandardScalerWrapper ExtremeRandomTrees       0:00:28       0.1309    0.1305
       137   StandardScalerWrapper ExtremeRandomTrees       0:00:26       0.1311    0.1305
       138   MinMaxScaler ExtremeRandomTrees                0:00:24       0.1311    0.1305
       139   StandardScalerWrapper ExtremeRandomTrees       0:00:29       0.1308    0.1305
       140   WARNING - Retrying (Retry(total=2, connect=None, read=None, redirect=None, status=None)) after connection broken by 'ProtocolError('Connection aborted.', ConnectionResetError(104, 'Connection reset by peer'))': /azureml/ExperimentRun/dcid.AutoML_ba5b4120-4690-4320-9e52-3b97cde8155b_140/outputs/model.pkl?sv=2019-02-02&sr=b&sig=Ohlkb1z0Rkc9WEbJCWYamVRFifjZgBUAsM4ptmetYvs%3D&st=2020-09-30T22%3A13%3A59Z&se=2020-10-01T22%3A23%3A59Z&sp=rcw&comp=block&blockid=TURBd01EQXdNREF3TURBd01EQXdNREF3TURBd01EQXdNREF3TURBd01EQSUzRA%3D%3D&timeout=30
StandardScalerWrapper ExtremeRandomTrees       0:03:05       0.1314    0.1305
       141   StandardScalerWrapper ExtremeRandomTrees       0:00:30       0.1313    0.1305
       142   StandardScalerWrapper ExtremeRandomTrees       0:00:25       0.1313    0.1305
       143   MinMaxScaler ExtremeRandomTrees                0:00:30       0.1305    0.1305
       144   StandardScalerWrapper ExtremeRandomTrees       0:00:24       0.1316    0.1305
       145   RobustScaler ExtremeRandomTrees                0:00:24       0.1312    0.1305
       146   StandardScalerWrapper ExtremeRandomTrees       0:00:24       0.1313    0.1305
       147   StandardScalerWrapper ExtremeRandomTrees       0:00:27       0.1306    0.1305
       148   MinMaxScaler RandomForest                      0:00:28       0.1310    0.1305
       149   StandardScalerWrapper ExtremeRandomTrees       0:00:27       0.1312    0.1305
       150   StandardScalerWrapper ExtremeRandomTrees       0:00:25       0.1312    0.1305
       151   MinMaxScaler ExtremeRandomTrees                0:00:25       0.1312    0.1305
       152   MinMaxScaler ExtremeRandomTrees                0:00:27       0.1312    0.1305
       153   StandardScalerWrapper RandomForest             0:00:24       0.1309    0.1305
       154   StandardScalerWrapper ExtremeRandomTrees       0:00:27       0.1313    0.1305
       155   RobustScaler ExtremeRandomTrees                0:00:26       0.1306    0.1305
       156   RobustScaler RandomForest                      0:00:24       0.1312    0.1305
       157   MinMaxScaler ExtremeRandomTrees                0:00:31       0.1311    0.1305
       158   RobustScaler ExtremeRandomTrees                0:00:25       0.1306    0.1305
       159   MinMaxScaler RandomForest                      0:00:24       0.1315    0.1305
       160   MinMaxScaler ExtremeRandomTrees                0:00:24       0.1315    0.1305
       161   MinMaxScaler RandomForest                      0:00:24       0.1315    0.1305
       162   StandardScalerWrapper ExtremeRandomTrees       0:00:20       0.1314    0.1305
       163   MinMaxScaler RandomForest                      0:00:25       0.1312    0.1305
       164   StandardScalerWrapper RandomForest             0:00:25       0.1311    0.1305
       165   MinMaxScaler ExtremeRandomTrees                0:00:25       0.1316    0.1305
       166   RobustScaler RandomForest                      0:00:25       0.1313    0.1305
       167   MinMaxScaler ExtremeRandomTrees                0:00:25       0.1312    0.1305
       168   MinMaxScaler ExtremeRandomTrees                0:00:24       0.1311    0.1305
       169   MinMaxScaler ExtremeRandomTrees                0:00:30       0.1308    0.1305
       170   StandardScalerWrapper ExtremeRandomTrees       0:00:25       0.1308    0.1305
       171   RobustScaler ExtremeRandomTrees                0:00:25       0.1310    0.1305
       172   WARNING - Retrying (Retry(total=2, connect=None, read=None, redirect=None, status=None)) after connection broken by 'ProtocolError('Connection aborted.', ConnectionResetError(104, 'Connection reset by peer'))': /azureml/ExperimentRun/dcid.AutoML_ba5b4120-4690-4320-9e52-3b97cde8155b_172/outputs/conda_env_v_1_0_0.yml?sv=2019-02-02&sr=b&sig=GAI6eetVDyYT5%2BGNS4Td%2FXRVh2JrG8y3HN1f6%2BAMW4U%3D&st=2020-09-30T22%3A30%3A40Z&se=2020-10-01T22%3A40%3A40Z&sp=rcw&comp=block&blockid=TURBd01EQXdNREF3TURBd01EQXdNREF3TURBd01EQXdNREF3TURBd01EQSUzRA%3D%3D&timeout=30
WARNING - Retrying (Retry(total=2, connect=None, read=None, redirect=None, status=None)) after connection broken by 'ProtocolError('Connection aborted.', ConnectionResetError(104, 'Connection reset by peer'))': /azureml/ExperimentRun/dcid.AutoML_ba5b4120-4690-4320-9e52-3b97cde8155b_172/outputs/pipeline_graph.json?sv=2019-02-02&sr=b&sig=TRrB9sva%2BW%2FgTJZBfXwe6RcXDE5zq1n4fLlo%2F6Tldr4%3D&st=2020-09-30T22%3A30%3A40Z&se=2020-10-01T22%3A40%3A40Z&sp=rcw&comp=block&blockid=TURBd01EQXdNREF3TURBd01EQXdNREF3TURBd01EQXdNREF3TURBd01EQSUzRA%3D%3D&timeout=30
MinMaxScaler RandomForest                      0:03:05       0.1307    0.1305
       173   WARNING - Retrying (Retry(total=2, connect=None, read=None, redirect=None, status=None)) after connection broken by 'ProtocolError('Connection aborted.', ConnectionResetError(104, 'Connection reset by peer'))': /azureml/ExperimentRun/dcid.AutoML_ba5b4120-4690-4320-9e52-3b97cde8155b_173/outputs/scoring_file_v_1_0_0.py?sv=2019-02-02&sr=b&sig=zorG%2FM1KbR1XCt29yZmWd140HGQAuf9Qbe9%2FdouGy70%3D&st=2020-09-30T22%3A33%3A38Z&se=2020-10-01T22%3A43%3A38Z&sp=rcw&comp=block&blockid=TURBd01EQXdNREF3TURBd01EQXdNREF3TURBd01EQXdNREF3TURBd01EQSUzRA%3D%3D&timeout=30
StandardScalerWrapper DecisionTree             0:00:28       0.1328    0.1305
       174   RobustScaler ExtremeRandomTrees                0:00:23       0.1314    0.1305
       175   RobustScaler ExtremeRandomTrees                0:00:26       0.1308    0.1305
       176   MinMaxScaler RandomForest                      0:00:24       0.1313    0.1305
       177   MinMaxScaler ExtremeRandomTrees                0:00:27       0.1312    0.1305
       178   StandardScalerWrapper RandomForest             0:00:27       0.1313    0.1305
       179   StandardScalerWrapper ExtremeRandomTrees       0:00:26       0.1314    0.1305
       180   WARNING - Retrying (Retry(total=2, connect=None, read=None, redirect=None, status=None)) after connection broken by 'ProtocolError('Connection aborted.', ConnectionResetError(104, 'Connection reset by peer'))': /azureml/ExperimentRun/dcid.AutoML_ba5b4120-4690-4320-9e52-3b97cde8155b_180/outputs/model.pkl?sv=2019-02-02&sr=b&sig=o1Wxm1b84maCPqIJTHjWxmviUnDfJVxw4B2043w3DyI%3D&st=2020-09-30T22%3A36%3A48Z&se=2020-10-01T22%3A46%3A48Z&sp=rcw&comp=block&blockid=TURBd01EQXdNREF3TURBd01EQXdNREF3TURBd01EQXdNREF3TURBd01EQSUzRA%3D%3D&timeout=30
RobustScaler ExtremeRandomTrees                0:03:07       0.1305    0.1305
       181   StandardScalerWrapper RandomForest             0:00:29       0.1312    0.1305
       182   StandardScalerWrapper ExtremeRandomTrees       0:00:25       0.1310    0.1305
       183   MinMaxScaler RandomForest                      0:00:26       0.1320    0.1305
       184   RobustScaler ExtremeRandomTrees                0:00:27       0.1306    0.1305
       185   RobustScaler ExtremeRandomTrees                0:00:29       0.1312    0.1305
       186   StandardScalerWrapper RandomForest             0:00:35       0.1310    0.1305
       187   MinMaxScaler ExtremeRandomTrees                0:00:21       0.1315    0.1305
       188   StandardScalerWrapper RandomForest             0:00:24       0.1313    0.1305
       189   StandardScalerWrapper RandomForest             0:00:32       0.1310    0.1305
       190   RobustScaler ExtremeRandomTrees                0:00:32       0.1316    0.1305
       191   StandardScalerWrapper ExtremeRandomTrees       0:00:24       0.1312    0.1305
       192   RobustScaler ExtremeRandomTrees                0:00:26       0.1313    0.1305
       193   StandardScalerWrapper ExtremeRandomTrees       0:00:24       0.1311    0.1305
       194   MinMaxScaler ExtremeRandomTrees                0:00:24       0.1311    0.1305
       195   StandardScalerWrapper ExtremeRandomTrees       0:00:30       0.1307    0.1305
       196   StandardScalerWrapper ExtremeRandomTrees       0:00:24       0.1312    0.1305
       197   StandardScalerWrapper ExtremeRandomTrees       0:00:34       0.1311    0.1305
       198   RobustScaler ExtremeRandomTrees                0:00:32       0.1310    0.1305
       199   StandardScalerWrapper RandomForest             0:00:24       0.1312    0.1305
       200   StandardScalerWrapper ExtremeRandomTrees       0:00:29       0.1334    0.1305
       201   RobustScaler RandomForest                      0:00:30       0.1313    0.1305
       202   StandardScalerWrapper RandomForest             0:00:22       0.1313    0.1305
       203   MinMaxScaler ExtremeRandomTrees                0:00:24       0.1312    0.1305
       204   RobustScaler ExtremeRandomTrees                0:00:33       0.1312    0.1305
       205   MinMaxScaler ExtremeRandomTrees                0:00:36       0.1319    0.1305
       206   StandardScalerWrapper ExtremeRandomTrees       0:01:00       0.1308    0.1305
       207   RobustScaler ExtremeRandomTrees                0:00:27       0.1307    0.1305
       208   MinMaxScaler ExtremeRandomTrees                0:00:30       0.1312    0.1305
       209   MinMaxScaler ExtremeRandomTrees                0:00:32       0.1313    0.1305
       210   RobustScaler ExtremeRandomTrees                0:00:25       0.1311    0.1305
       211   RobustScaler ExtremeRandomTrees                0:00:35       0.1309    0.1305
       212   MinMaxScaler ExtremeRandomTrees                0:00:25       0.1310    0.1305
       213   StandardScalerWrapper ExtremeRandomTrees       0:00:29       0.1312    0.1305
       214   StandardScalerWrapper GradientBoosting         0:00:32       0.1314    0.1305
       215   RobustScaler ExtremeRandomTrees                0:00:29       0.1311    0.1305
       216   MinMaxScaler ExtremeRandomTrees                0:00:24       0.1309    0.1305
       217   WARNING - Retrying (Retry(total=2, connect=None, read=None, redirect=None, status=None)) after connection broken by 'ProtocolError('Connection aborted.', ConnectionResetError(104, 'Connection reset by peer'))': /azureml/ExperimentRun/dcid.AutoML_ba5b4120-4690-4320-9e52-3b97cde8155b_217/outputs/pipeline_graph.json?sv=2019-02-02&sr=b&sig=Yp2STxdRSDEUyE3XQTdtU34NjZEX%2Fb18e8qxp6z8Vyw%3D&st=2020-09-30T22%3A57%3A34Z&se=2020-10-01T23%3A07%3A34Z&sp=rcw&comp=block&blockid=TURBd01EQXdNREF3TURBd01EQXdNREF3TURBd01EQXdNREF3TURBd01EQSUzRA%3D%3D&timeout=30
WARNING - Retrying (Retry(total=2, connect=None, read=None, redirect=None, status=None)) after connection broken by 'ProtocolError('Connection aborted.', ConnectionResetError(104, 'Connection reset by peer'))': /azureml/ExperimentRun/dcid.AutoML_ba5b4120-4690-4320-9e52-3b97cde8155b_217/outputs/env_dependencies.json?sv=2019-02-02&sr=b&sig=duOI32SCH8pz7Sq64WDypwnXorno0dJfa%2F4%2BNW5drt8%3D&st=2020-09-30T22%3A57%3A34Z&se=2020-10-01T23%3A07%3A34Z&sp=rcw&comp=block&blockid=TURBd01EQXdNREF3TURBd01EQXdNREF3TURBd01EQXdNREF3TURBd01EQSUzRA%3D%3D&timeout=30
MinMaxScaler LightGBM                          0:03:12       0.1318    0.1305
       218   MinMaxScaler RandomForest                      0:00:27       0.1313    0.1305
       219   MinMaxScaler ExtremeRandomTrees                0:00:22       0.1313    0.1305
       220   MinMaxScaler ExtremeRandomTrees                0:00:28       0.1314    0.1305
       221   StandardScalerWrapper ExtremeRandomTrees       0:00:30       0.1316    0.1305
       222   RobustScaler ExtremeRandomTrees                0:00:31       0.1316    0.1305
       223   RobustScaler ExtremeRandomTrees                0:00:30       0.1310    0.1305
       224   RobustScaler ExtremeRandomTrees                0:00:36       0.1351    0.1305
       225   StandardScalerWrapper ExtremeRandomTrees       0:00:21       0.1313    0.1305
       226   RobustScaler RandomForest                      0:00:28       0.1311    0.1305
       227   StandardScalerWrapper ExtremeRandomTrees       0:00:28       0.1313    0.1305
       228   StandardScalerWrapper ExtremeRandomTrees       0:00:26       0.1313    0.1305
       229   WARNING - Received unrecognized parameter ensemble_download_models_timeout_sec
WARNING - Received unrecognized parameter ensemble_download_models_timeout_sec
WARNING - Connection pool is full, discarding connection: automlws9124637538.blob.core.windows.net
WARNING - Connection pool is full, discarding connection: automlws9124637538.blob.core.windows.net
WARNING - Connection pool is full, discarding connection: automlws9124637538.blob.core.windows.net
WARNING - Connection pool is full, discarding connection: automlws9124637538.blob.core.windows.net
WARNING - Connection pool is full, discarding connection: automlws9124637538.blob.core.windows.net
WARNING - Connection pool is full, discarding connection: automlws9124637538.blob.core.windows.net
WARNING - Connection pool is full, discarding connection: automlws9124637538.blob.core.windows.net
WARNING - Connection pool is full, discarding connection: automlws9124637538.blob.core.windows.net
WARNING - Connection pool is full, discarding connection: automlws9124637538.blob.core.windows.net
WARNING - Connection pool is full, discarding connection: automlws9124637538.blob.core.windows.net
WARNING - Connection pool is full, discarding connection: automlws9124637538.blob.core.windows.net
WARNING - Connection pool is full, discarding connection: automlws9124637538.blob.core.windows.net
WARNING - Connection pool is full, discarding connection: automlws9124637538.blob.core.windows.net
WARNING - Connection pool is full, discarding connection: automlws9124637538.blob.core.windows.net
WARNING - Connection pool is full, discarding connection: automlws9124637538.blob.core.windows.net
WARNING - Connection pool is full, discarding connection: automlws9124637538.blob.core.windows.net
VotingEnsemble                                 0:03:31       0.1304    0.1304
Stopping criteria reached at iteration 230. Ending experiment.
WARNING - Received unrecognized parameter ensemble_download_models_timeout_sec
WARNING - Received unrecognized parameter ensemble_download_models_timeout_sec
WARNING - Received unrecognized parameter ensemble_download_models_timeout_sec
****************************************************************************************************
Current status: BestRunExplainModel. Best run model explanations started
Current status: ModelExplanationDataSetSetup. Model explanations data setup completed
Current status: PickSurrogateModel. Choosing LightGBM as the surrogate model for explanations
Current status: EngineeredFeatureExplanations. Computation of engineered features started
Current status: EngineeredFeatureExplanations. Computation of engineered features completed
Current status: BestRunExplainModel. Best run model explanations completed
****************************************************************************************************
WARNING - Received unrecognized parameter ensemble_download_models_timeout_sec
WARNING - Received unrecognized parameter ensemble_download_models_timeout_sec
WARNING - Received unrecognized parameter ensemble_download_models_timeout_sec
Best pipeline:
<class 'sklearn.ensemble._voting.VotingRegressor'>
0. Pipeline(memory=None,
         steps=[('standardscalerwrapper',
                 <azureml.automl.runtime.shared.model_wrappers.StandardScalerWrapper object at 0x7f7508375f90>),
                ('extratreesregressor',
                 ExtraTreesRegressor(bootstrap=True, ccp_alpha=0.0,
                                     criterion='mse', max_depth=None,
                                     max_features=0.2, max_leaf_nodes=None,
                                     max_samples=None,
                                     min_impurity_decrease=0.0,
                                     min_impurity_split=None,
                                     min_samples_leaf=0.005080937188890647,
                                     min_samples_split=0.005285388593079247,
                                     min_weight_fraction_leaf=0.0,
                                     n_estimators=400, n_jobs=-1,
                                     oob_score=False, random_state=None,
                                     verbose=0, warm_start=False))],
         verbose=False)
1. Pipeline(memory=None,
         steps=[('minmaxscaler', MinMaxScaler(copy=True, feature_range=(0, 1))),
                ('extratreesregressor',
                 ExtraTreesRegressor(bootstrap=True, ccp_alpha=0.0,
                                     criterion='mse', max_depth=None,
                                     max_features=0.2, max_leaf_nodes=None,
                                     max_samples=None,
                                     min_impurity_decrease=0.0,
                                     min_impurity_split=None,
                                     min_samples_leaf=0.0028629618034842247,
                                     min_samples_split=0.0010734188827013528,
                                     min_weight_fraction_leaf=0.0,
                                     n_estimators=400, n_jobs=-1,
                                     oob_score=False, random_state=None,
                                     verbose=0, warm_start=False))],
         verbose=False)
2. Pipeline(memory=None,
         steps=[('minmaxscaler', MinMaxScaler(copy=True, feature_range=(0, 1))),
                ('extratreesregressor',
                 ExtraTreesRegressor(bootstrap=False, ccp_alpha=0.0,
                                     criterion='mse', max_depth=None,
                                     max_features='sqrt', max_leaf_nodes=None,
                                     max_samples=None,
                                     min_impurity_decrease=0.0,
                                     min_impurity_split=None,
                                     min_samples_leaf=0.01091729022778783,
                                     min_samples_split=0.0037087774117744725,
                                     min_weight_fraction_leaf=0.0,
                                     n_estimators=100, n_jobs=-1,
                                     oob_score=False, random_state=None,
                                     verbose=0, warm_start=False))],
         verbose=False)
3. Pipeline(memory=None,
         steps=[('robustscaler',
                 RobustScaler(copy=True, quantile_range=[25, 75],
                              with_centering=False, with_scaling=True)),
                ('extratreesregressor',
                 ExtraTreesRegressor(bootstrap=True, ccp_alpha=0.0,
                                     criterion='mse', max_depth=None,
                                     max_features=0.2, max_leaf_nodes=None,
                                     max_samples=None,
                                     min_impurity_decrease=0.0,
                                     min_impurity_split=None,
                                     min_samples_leaf=0.006151578686713196,
                                     min_samples_split=0.0075322213975862395,
                                     min_weight_fraction_leaf=0.0,
                                     n_estimators=50, n_jobs=-1,
                                     oob_score=False, random_state=None,
                                     verbose=0, warm_start=False))],
         verbose=False)
4. Pipeline(memory=None,
         steps=[('robustscaler',
                 RobustScaler(copy=True, quantile_range=[25, 75],
                              with_centering=True, with_scaling=False)),
                ('extratreesregressor',
                 ExtraTreesRegressor(bootstrap=False, ccp_alpha=0.0,
                                     criterion='mse', max_depth=None,
                                     max_features=0.2, max_leaf_nodes=None,
                                     max_samples=None,
                                     min_impurity_decrease=0.0,
                                     min_impurity_split=None,
                                     min_samples_leaf=0.0028629618034842247,
                                     min_samples_split=0.001529732116091358,
                                     min_weight_fraction_leaf=0.0,
                                     n_estimators=600, n_jobs=-1,
                                     oob_score=False, random_state=None,
                                     verbose=0, warm_start=False))],
         verbose=False)
5. Pipeline(memory=None,
         steps=[('robustscaler',
                 RobustScaler(copy=True, quantile_range=[25, 75],
                              with_centering=True, with_scaling=False)),
                ('gradientboostingregressor',
                 GradientBoostingRegressor(alpha=0.9, ccp_alpha=0.0,
                                           criterion='friedman_mse', init=None,
                                           learning_rate=0.021544346900318822,
                                           loss='ls', max_depth=3,
                                           max_features=0.9,
                                           max_leaf_nodes=None,
                                           min_impurity_decrease=0.0,
                                           min_impurity_split=None,
                                           min_samples_leaf=0.009017208223328022,
                                           min_samples_split=0.15297321160913582,
                                           min_weight_fraction_leaf=0.0,
                                           n_estimators=100,
                                           n_iter_no_change=None,
                                           presort='deprecated',
                                           random_state=None, subsample=0.35,
                                           tol=0.0001, validation_fraction=0.1,
                                           verbose=0, warm_start=False))],
         verbose=False)
6. Pipeline(memory=None,
         steps=[('minmaxscaler', MinMaxScaler(copy=True, feature_range=(0, 1))),
                ('extratreesregressor',
                 ExtraTreesRegressor(bootstrap=True, ccp_alpha=0.0,
                                     criterion='mse', max_depth=None,
                                     max_features=0.2, max_leaf_nodes=None,
                                     max_samples=None,
                                     min_impurity_decrease=0.0,
                                     min_impurity_split=None,
                                     min_samples_leaf=0.004196633747563344,
                                     min_samples_split=0.012814223889440833,
                                     min_weight_fraction_leaf=0.0,
                                     n_estimators=25, n_jobs=-1,
                                     oob_score=False, random_state=None,
                                     verbose=0, warm_start=False))],
         verbose=False)

['year', 'half', 'quarter', 'month', 'day', 'hour', 'am_pm', 'hour12', 'wday', 'qday', 'week']
  RawFeatureName TypeDetected Dropped  EngineeredFeatureCount  \
0  datetime       DateTime     No      11                       

                                                                                                                                                                                                                           Transformations  
0  [DateTimeTransformer, DateTimeTransformer, DateTimeTransformer, DateTimeTransformer, DateTimeTransformer, DateTimeTransformer, DateTimeTransformer, DateTimeTransformer, DateTimeTransformer, DateTimeTransformer, DateTimeTransformer]  
