WARNING - Received unrecognized parameter ensemble_download_models_timeout_sec
Running on local machine
Parent Run ID: AutoML_37fd6c6d-b9ad-49d2-8e41-494870337ec6

Current status: DatasetFeaturization. Beginning to featurize the dataset.
Current status: DatasetFeaturizationCompleted. Completed featurizing the dataset.
Heuristic parameters: Target_Lag = '[0]', Target_Rolling_Window = '0'.
WARNING - Converting non-string tag to string: (forecasting_target_lags: [0])
WARNING - Converting non-string tag to string: (forecasting_target_rolling_window_size: 0)
WARNING - Converting non-string tag to string: (forecasting_max_horizon: 2223)
Current status: DatasetCrossValidationSplit. Generating individually featurized CV splits.
Current status: DatasetFeaturization. Beginning to featurize the CV split.
Current status: DatasetFeaturizationCompleted. Completed featurizing the CV split.
Current status: DatasetFeaturization. Beginning to featurize the CV split.
Current status: DatasetFeaturizationCompleted. Completed featurizing the CV split.
Current status: DatasetFeaturization. Beginning to featurize the CV split.
Current status: DatasetFeaturizationCompleted. Completed featurizing the CV split.
Current status: DatasetFeaturization. Beginning to featurize the CV split.
Current status: DatasetFeaturizationCompleted. Completed featurizing the CV split.
Current status: DatasetFeaturization. Beginning to featurize the CV split.
Current status: DatasetFeaturizationCompleted. Completed featurizing the CV split.

****************************************************************************************************
DATA GUARDRAILS: 

TYPE:         Frequency detection
STATUS:       PASSED
DESCRIPTION:  The time series was analyzed, all data points are aligned with detected frequency.
              

****************************************************************************************************

TYPE:         Missing feature values imputation
STATUS:       PASSED
DESCRIPTION:  No feature missing values were detected in the training data.
              Learn more about missing value imputation: https://aka.ms/AutomatedMLFeaturization

****************************************************************************************************

TYPE:         Memory Issues Detection
STATUS:       PASSED
DESCRIPTION:  The selected horizon, lag and rolling window values were analyzed, and no potential memory issues were detected.
              Learn more about time-series forecasting configurations: https://aka.ms/AutomatedMLForecastingConfiguration

****************************************************************************************************
Current status: ModelSelection. Beginning model selection.

****************************************************************************************************
ITERATION: The iteration being evaluated.
PIPELINE: A summary description of the pipeline being evaluated.
DURATION: Time taken for the current iteration.
METRIC: The result of computing score on the fitted pipeline.
BEST: The best observed score thus far.
****************************************************************************************************

 ITERATION   PIPELINE                                       DURATION      METRIC      BEST
         0   RobustScaler LassoLars                         0:00:22       0.1414    0.1414
         1   RobustScaler DecisionTree                      0:00:16       0.1342    0.1342
         2   StandardScalerWrapper DecisionTree             0:00:21       0.1329    0.1329
         3   RobustScaler DecisionTree                      0:00:16       0.1339    0.1329
         4   StandardScalerWrapper ElasticNet               0:00:21       0.1410    0.1329
         5   MinMaxScaler DecisionTree                      0:00:17       0.1323    0.1323
         6   MinMaxScaler ElasticNet                        0:00:16       0.1413    0.1323
         7   StandardScalerWrapper DecisionTree             0:00:17       0.1327    0.1323
         8   StandardScalerWrapper DecisionTree             0:00:17       0.1334    0.1323
         9   RobustScaler DecisionTree                      0:00:17       0.1340    0.1323
        10   RobustScaler ElasticNet                        0:00:19       0.1414    0.1323
        11   RobustScaler DecisionTree                      0:00:17       0.1331    0.1323
        12   RobustScaler DecisionTree                      0:00:24       0.1335    0.1323
        13   StandardScalerWrapper DecisionTree             0:00:17       0.1328    0.1323
        14   MinMaxScaler DecisionTree                      0:00:17       0.1331    0.1323
        15   MinMaxScaler DecisionTree                      0:00:16       0.1350    0.1323
        16   RobustScaler DecisionTree                      0:00:22       0.1331    0.1323
        17   StandardScalerWrapper DecisionTree             0:00:25       0.1329    0.1323
        18   MinMaxScaler DecisionTree                      0:00:22       0.1328    0.1323
        19   StandardScalerWrapper LassoLars                0:00:16       0.1414    0.1323
        20   StandardScalerWrapper DecisionTree             0:00:16       0.1339    0.1323
        21   MaxAbsScaler GradientBoosting                  0:00:25       0.1317    0.1317
        22   MinMaxScaler ExtremeRandomTrees                0:00:21       0.1309    0.1309
        23   MaxAbsScaler RandomForest                      0:00:26       0.1349    0.1309
        24   RobustScaler RandomForest                      0:00:28       0.1307    0.1307
        25   StandardScalerWrapper RandomForest             0:00:22       0.1338    0.1307
        26   MinMaxScaler RandomForest                      0:00:23       0.1309    0.1307
        27   WARNING - Retrying (Retry(total=2, connect=None, read=None, redirect=None, status=None)) after connection broken by 'ProtocolError('Connection aborted.', ConnectionResetError(104, 'Connection reset by peer'))': /azureml/ExperimentRun/dcid.AutoML_37fd6c6d-b9ad-49d2-8e41-494870337ec6_27/outputs/pipeline_graph.json?sv=2019-02-02&sr=b&sig=nKPahaUt6pEOE5lziEhFzWBKn6lWrIz23ug1MqUqS7M%3D&st=2021-01-21T12%3A38%3A41Z&se=2021-01-22T12%3A48%3A41Z&sp=rcw&comp=block&blockid=TURBd01EQXdNREF3TURBd01EQXdNREF3TURBd01EQXdNREF3TURBd01EQSUzRA%3D%3D&timeout=30
WARNING - Retrying (Retry(total=2, connect=None, read=None, redirect=None, status=None)) after connection broken by 'ProtocolError('Connection aborted.', ConnectionResetError(104, 'Connection reset by peer'))': /azureml/ExperimentRun/dcid.AutoML_37fd6c6d-b9ad-49d2-8e41-494870337ec6_27/outputs/scoring_file_v_1_0_0.py?sv=2019-02-02&sr=b&sig=Sg4xRWDRqAi4b5SQKtkCtK0DNwEKyZ0osLjCkLGKcuw%3D&st=2021-01-21T12%3A38%3A41Z&se=2021-01-22T12%3A48%3A41Z&sp=rcw&comp=block&blockid=TURBd01EQXdNREF3TURBd01EQXdNREF3TURBd01EQXdNREF3TURBd01EQSUzRA%3D%3D&timeout=30
RobustScaler RandomForest                      0:00:27       0.1353    0.1307
        28   StandardScalerWrapper RandomForest             0:00:22       0.1311    0.1307
        29   MaxAbsScaler RandomForest                      0:00:19       0.1311    0.1307
        30   MinMaxScaler RandomForest                      0:00:52       0.1344    0.1307
        31   RobustScaler RandomForest                      0:00:24       0.1311    0.1307
        32   MinMaxScaler GradientBoosting                  0:00:31       0.1351    0.1307
        33   MinMaxScaler ExtremeRandomTrees                0:00:18       0.1314    0.1307
        34   MaxAbsScaler GradientBoosting                  0:00:22       0.1315    0.1307
        35   MaxAbsScaler RandomForest                      0:00:26       0.1316    0.1307
        36   RobustScaler ExtremeRandomTrees                0:00:18       0.1314    0.1307
        37   MaxAbsScaler GradientBoosting                  0:00:26       0.1321    0.1307
        38   MinMaxScaler RandomForest                      0:00:30       0.1347    0.1307
        39   MinMaxScaler DecisionTree                      0:00:23       0.1331    0.1307
        40   StandardScalerWrapper RandomForest             0:00:45       0.1338    0.1307
        41   StandardScalerWrapper GradientBoosting         0:00:51       0.1324    0.1307
        42   WARNING - Retrying (Retry(total=2, connect=None, read=None, redirect=None, status=None)) after connection broken by 'ProtocolError('Connection aborted.', ConnectionResetError(104, 'Connection reset by peer'))': /azureml/ExperimentRun/dcid.AutoML_37fd6c6d-b9ad-49d2-8e41-494870337ec6_42/outputs/scoring_file_v_1_0_0.py?sv=2019-02-02&sr=b&sig=HteoUig595cjaj7WT71z%2BCOBtsr8N4gua2C4l0V8IZ4%3D&st=2021-01-21T12%3A46%3A13Z&se=2021-01-22T12%3A56%3A13Z&sp=rcw&comp=block&blockid=TURBd01EQXdNREF3TURBd01EQXdNREF3TURBd01EQXdNREF3TURBd01EQSUzRA%3D%3D&timeout=30
WARNING - Retrying (Retry(total=2, connect=None, read=None, redirect=None, status=None)) after connection broken by 'ProtocolError('Connection aborted.', ConnectionResetError(104, 'Connection reset by peer'))': /azureml/ExperimentRun/dcid.AutoML_37fd6c6d-b9ad-49d2-8e41-494870337ec6_42/outputs/env_dependencies.json?sv=2019-02-02&sr=b&sig=2syOsMQtUde%2FIHA2ncot2uMHqta8wFDI%2BCnOaPsHizI%3D&st=2021-01-21T12%3A46%3A13Z&se=2021-01-22T12%3A56%3A13Z&sp=rcw&comp=block&blockid=TURBd01EQXdNREF3TURBd01EQXdNREF3TURBd01EQXdNREF3TURBd01EQSUzRA%3D%3D&timeout=30
WARNING - Retrying (Retry(total=2, connect=None, read=None, redirect=None, status=None)) after connection broken by 'ProtocolError('Connection aborted.', ConnectionResetError(104, 'Connection reset by peer'))': /azureml/ExperimentRun/dcid.AutoML_37fd6c6d-b9ad-49d2-8e41-494870337ec6_42/outputs/model.pkl?sv=2019-02-02&sr=b&sig=992FaidSqSzQzZ3%2BBKphVVmleqguOsernN1T4BUqmf4%3D&st=2021-01-21T12%3A46%3A13Z&se=2021-01-22T12%3A56%3A13Z&sp=rcw&comp=block&blockid=TURBd01EQXdNREF3TURBd01EQXdNREF3TURBd01EQXdNREF3TURBd01EQSUzRA%3D%3D&timeout=30
WARNING - Retrying (Retry(total=2, connect=None, read=None, redirect=None, status=None)) after connection broken by 'ProtocolError('Connection aborted.', ConnectionResetError(104, 'Connection reset by peer'))': /azureml/ExperimentRun/dcid.AutoML_37fd6c6d-b9ad-49d2-8e41-494870337ec6_42/outputs/pipeline_graph.json?sv=2019-02-02&sr=b&sig=8oXizbBSmT4ma%2FOVeUWunXME%2Fc7if9zCikPbRA%2FL5zY%3D&st=2021-01-21T12%3A46%3A13Z&se=2021-01-22T12%3A56%3A13Z&sp=rcw&comp=block&blockid=TURBd01EQXdNREF3TURBd01EQXdNREF3TURBd01EQXdNREF3TURBd01EQSUzRA%3D%3D&timeout=30
MinMaxScaler GradientBoosting                  0:00:37       0.1345    0.1307
        43   StandardScalerWrapper ExtremeRandomTrees       0:00:24       0.1344    0.1307
        44   StandardScalerWrapper GradientBoosting         0:00:22       0.1340    0.1307
        45   MaxAbsScaler RandomForest                      0:00:25       0.1329    0.1307
        46   StandardScalerWrapper GradientBoosting         0:00:19       0.1349    0.1307
        47   MinMaxScaler RandomForest                      0:00:19       0.1310    0.1307
        48   StandardScalerWrapper RandomForest             0:00:21       0.1312    0.1307
        49   MaxAbsScaler GradientBoosting                  0:00:25       0.1337    0.1307
        50   RobustScaler RandomForest                      0:00:32       0.1345    0.1307
        51   StandardScalerWrapper RandomForest             0:00:19       0.1330    0.1307
        52   RobustScaler RandomForest                      0:00:29       0.1313    0.1307
        53   MaxAbsScaler RandomForest                      0:00:24       0.1314    0.1307
        54   MinMaxScaler GradientBoosting                  0:00:34       0.1307    0.1307
        55   StandardScalerWrapper RandomForest             0:00:20       0.1316    0.1307
        56   MinMaxScaler GradientBoosting                  0:00:59       0.1348    0.1307
        57   StandardScalerWrapper RandomForest             0:00:19       0.1315    0.1307
        58   MaxAbsScaler RandomForest                      0:00:21       0.1316    0.1307
        59   RobustScaler RandomForest                      0:00:18       0.1316    0.1307
        60   StandardScalerWrapper RandomForest             0:00:24       0.1336    0.1307
        61   RobustScaler ElasticNet                        0:00:21       0.1414    0.1307
        62   StandardScalerWrapper RandomForest             0:00:19       0.1310    0.1307
        63   MaxAbsScaler RandomForest                      0:00:27       0.1319    0.1307
        64   RobustScaler ExtremeRandomTrees                0:00:32       0.1347    0.1307
        65   MinMaxScaler RandomForest                      0:00:32       0.1336    0.1307
        66   WARNING - Retrying (Retry(total=2, connect=None, read=None, redirect=None, status=None)) after connection broken by 'ProtocolError('Connection aborted.', ConnectionResetError(104, 'Connection reset by peer'))': /azureml/ExperimentRun/dcid.AutoML_37fd6c6d-b9ad-49d2-8e41-494870337ec6_66/outputs/conda_env_v_1_0_0.yml?sv=2019-02-02&sr=b&sig=Tbv5DeJutemx5zdlYYOX7Z%2BL0W7N6StkLlBR321tncM%3D&st=2021-01-21T12%3A56%3A34Z&se=2021-01-22T13%3A06%3A34Z&sp=rcw&comp=block&blockid=TURBd01EQXdNREF3TURBd01EQXdNREF3TURBd01EQXdNREF3TURBd01EQSUzRA%3D%3D&timeout=30
StandardScalerWrapper RandomForest             0:00:21       0.1318    0.1307
        67   StandardScalerWrapper RandomForest             0:00:24       0.1322    0.1307
        68   WARNING - Retrying (Retry(total=2, connect=None, read=None, redirect=None, status=None)) after connection broken by 'ProtocolError('Connection aborted.', ConnectionResetError(104, 'Connection reset by peer'))': /azureml/ExperimentRun/dcid.AutoML_37fd6c6d-b9ad-49d2-8e41-494870337ec6_68/outputs/scoring_file_v_1_0_0.py?sv=2019-02-02&sr=b&sig=dVHLiqUZ7xW%2FYkTUgNUo7TPvbyn%2BbFTFxXZOSvwag%2FA%3D&st=2021-01-21T12%3A57%3A27Z&se=2021-01-22T13%3A07%3A27Z&sp=rcw&comp=block&blockid=TURBd01EQXdNREF3TURBd01EQXdNREF3TURBd01EQXdNREF3TURBd01EQSUzRA%3D%3D&timeout=30
RobustScaler GradientBoosting                  0:00:26       0.1313    0.1307
        69   MinMaxScaler RandomForest                      0:00:18       0.1314    0.1307
        70   RobustScaler RandomForest                      0:01:27       0.1342    0.1307
        71   MinMaxScaler RandomForest                      0:00:40       0.1350    0.1307
        72   StandardScalerWrapper ExtremeRandomTrees       0:00:27       0.1313    0.1307
        73   StandardScalerWrapper ElasticNet               0:00:17       0.1414    0.1307
        74   StandardScalerWrapper ExtremeRandomTrees       0:00:26       0.1313    0.1307
        75   StandardScalerWrapper RandomForest             0:00:50       0.1337    0.1307
        76   WARNING - Retrying (Retry(total=2, connect=None, read=None, redirect=None, status=None)) after connection broken by 'ProtocolError('Connection aborted.', ConnectionResetError(104, 'Connection reset by peer'))': /azureml/ExperimentRun/dcid.AutoML_37fd6c6d-b9ad-49d2-8e41-494870337ec6_76/outputs/scoring_file_v_1_0_0.py?sv=2019-02-02&sr=b&sig=bB2fLXVgBAlPeoo9HCE%2FWAmA7%2FHXKFJWSuTWTT0xpoQ%3D&st=2021-01-21T13%3A02%3A17Z&se=2021-01-22T13%3A12%3A17Z&sp=rcw&comp=block&blockid=TURBd01EQXdNREF3TURBd01EQXdNREF3TURBd01EQXdNREF3TURBd01EQSUzRA%3D%3D&timeout=30
WARNING - Retrying (Retry(total=2, connect=None, read=None, redirect=None, status=None)) after connection broken by 'ProtocolError('Connection aborted.', ConnectionResetError(104, 'Connection reset by peer'))': /azureml/ExperimentRun/dcid.AutoML_37fd6c6d-b9ad-49d2-8e41-494870337ec6_76/outputs/pipeline_graph.json?sv=2019-02-02&sr=b&sig=wxFvJk0ozAAUy%2B1hAle3pXGrtCyg1OyuHU4fAEyJTUQ%3D&st=2021-01-21T13%3A02%3A17Z&se=2021-01-22T13%3A12%3A17Z&sp=rcw&comp=block&blockid=TURBd01EQXdNREF3TURBd01EQXdNREF3TURBd01EQXdNREF3TURBd01EQSUzRA%3D%3D&timeout=30
RobustScaler GradientBoosting                  0:00:26       0.1310    0.1307
        77   RobustScaler GradientBoosting                  0:00:25       0.1315    0.1307
        78   StandardScalerWrapper RandomForest             0:00:28       0.1353    0.1307
        79   MinMaxScaler GradientBoosting                  0:00:21       0.1311    0.1307
        80   StandardScalerWrapper RandomForest             0:00:27       0.1315    0.1307
        81   RobustScaler RandomForest                      0:00:18       0.1310    0.1307
        82   StandardScalerWrapper GradientBoosting         0:00:18       0.1309    0.1307
        83   StandardScalerWrapper RandomForest             0:00:22       0.1312    0.1307
        84   StandardScalerWrapper GradientBoosting         0:00:32       0.1348    0.1307
        85   TruncatedSVDWrapper RandomForest               0:00:27       0.1323    0.1307
        86   WARNING - Retrying (Retry(total=2, connect=None, read=None, redirect=None, status=None)) after connection broken by 'ProtocolError('Connection aborted.', ConnectionResetError(104, 'Connection reset by peer'))': /azureml/ExperimentRun/dcid.AutoML_37fd6c6d-b9ad-49d2-8e41-494870337ec6_86/outputs/conda_env_v_1_0_0.yml?sv=2019-02-02&sr=b&sig=ZOuQ6WDzwaoNNhd7jNb240%2FXBRREx4x3ULSTqR0yv0k%3D&st=2021-01-21T13%3A06%3A29Z&se=2021-01-22T13%3A16%3A29Z&sp=rcw&comp=block&blockid=TURBd01EQXdNREF3TURBd01EQXdNREF3TURBd01EQXdNREF3TURBd01EQSUzRA%3D%3D&timeout=30
StandardScalerWrapper RandomForest             0:00:25       0.1323    0.1307
        87   StandardScalerWrapper ElasticNet               0:00:24       0.1414    0.1307
        88   MinMaxScaler ExtremeRandomTrees                0:00:26       0.1348    0.1307
        89   RobustScaler GradientBoosting                  0:00:21       0.1312    0.1307
        90   MinMaxScaler RandomForest                      0:00:30       0.1313    0.1307
        91   MaxAbsScaler RandomForest                      0:00:23       0.1318    0.1307
        92   StandardScalerWrapper GradientBoosting         0:00:18       0.1311    0.1307
        93   MinMaxScaler RandomForest                      0:00:19       0.1326    0.1307
        94   MaxAbsScaler RandomForest                      0:00:31       0.1311    0.1307
        95   MaxAbsScaler RandomForest                      0:00:24       0.1333    0.1307
        96   StandardScalerWrapper GradientBoosting         0:00:29       0.1314    0.1307
        97   MaxAbsScaler RandomForest                      0:00:22       0.1314    0.1307
        98   MinMaxScaler RandomForest                      0:00:45       0.1348    0.1307
        99   StandardScalerWrapper RandomForest             0:00:30       0.1312    0.1307
       100   StandardScalerWrapper RandomForest             0:00:45       0.1340    0.1307
       101   StandardScalerWrapper RandomForest             0:00:19       0.1310    0.1307
       102   StandardScalerWrapper GradientBoosting         0:00:18       0.1314    0.1307
       103   StandardScalerWrapper RandomForest             0:00:43       0.1355    0.1307
       104   MinMaxScaler GradientBoosting                  0:00:33       0.1318    0.1307
       105   StandardScalerWrapper RandomForest             0:00:25       0.1312    0.1307
       106   MaxAbsScaler RandomForest                      0:00:18       0.1309    0.1307
       107   MinMaxScaler GradientBoosting                  0:01:03       0.1336    0.1307
       108   StandardScalerWrapper RandomForest             0:00:35       0.1348    0.1307
       109   RobustScaler RandomForest                      0:00:31       0.1309    0.1307
       110   WARNING - Retrying (Retry(total=2, connect=None, read=None, redirect=None, status=None)) after connection broken by 'ProtocolError('Connection aborted.', ConnectionResetError(104, 'Connection reset by peer'))': /azureml/ExperimentRun/dcid.AutoML_37fd6c6d-b9ad-49d2-8e41-494870337ec6_110/outputs/scoring_file_v_1_0_0.py?sv=2019-02-02&sr=b&sig=CmPr0kAQAw5%2FlVdsWHbcJFLF7g%2BXUevV1gh81Go%2BrXk%3D&st=2021-01-21T13%3A18%3A22Z&se=2021-01-22T13%3A28%3A22Z&sp=rcw&comp=block&blockid=TURBd01EQXdNREF3TURBd01EQXdNREF3TURBd01EQXdNREF3TURBd01EQSUzRA%3D%3D&timeout=30
StandardScalerWrapper RandomForest             0:00:27       0.1318    0.1307
       111   StandardScalerWrapper RandomForest             0:00:26       0.1315    0.1307
       112   RobustScaler LassoLars                         0:00:23       0.1415    0.1307
       113   RobustScaler RandomForest                      0:00:28       0.1311    0.1307
       114   RobustScaler LassoLars                         0:00:26       0.1414    0.1307
       115   StandardScalerWrapper RandomForest             0:00:59       0.1334    0.1307
       116   StandardScalerWrapper GradientBoosting         0:00:29       0.1346    0.1307
       117   MinMaxScaler GradientBoosting                  0:00:34       0.1316    0.1307
       118   StandardScalerWrapper RandomForest             0:00:29       0.1327    0.1307
       119   MinMaxScaler GradientBoosting                  0:00:27       0.1311    0.1307
       120   StandardScalerWrapper RandomForest             0:00:24       0.1315    0.1307
       121   MaxAbsScaler RandomForest                      0:00:23       0.1320    0.1307
       122   MaxAbsScaler RandomForest                      0:00:20       0.1312    0.1307
       123   MaxAbsScaler ExtremeRandomTrees                0:00:25       0.1312    0.1307
       124   StandardScalerWrapper RandomForest             0:00:27       0.1310    0.1307
       125   StandardScalerWrapper RandomForest             0:00:28       0.1351    0.1307
       126   RobustScaler GradientBoosting                  0:00:21       0.1306    0.1306
       127   MaxAbsScaler RandomForest                      0:00:28       0.1314    0.1306
       128   StandardScalerWrapper GradientBoosting         0:00:27       0.1311    0.1306
       129   StandardScalerWrapper RandomForest             0:00:21       0.1350    0.1306
       130   RobustScaler GradientBoosting                  0:00:29       0.1313    0.1306
       131   StandardScalerWrapper RandomForest             0:00:26       0.1313    0.1306
       132   MinMaxScaler RandomForest                      0:00:26       0.1310    0.1306
       133   MaxAbsScaler RandomForest                      0:00:33       0.1311    0.1306
       134   MaxAbsScaler GradientBoosting                  0:00:33       0.1329    0.1306
       135   MinMaxScaler GradientBoosting                  0:04:52       0.1405    0.1306
       136   StandardScalerWrapper LassoLars                0:00:19       0.1414    0.1306
       137   MaxAbsScaler RandomForest                      0:00:25       0.1308    0.1306
       138   RobustScaler RandomForest                      0:00:25       0.1315    0.1306
       139   StandardScalerWrapper RandomForest             0:00:33       0.1351    0.1306
       140   RobustScaler GradientBoosting                  0:00:23       0.1314    0.1306
       141   RobustScaler DecisionTree                      0:00:18       0.1324    0.1306
       142   MaxAbsScaler RandomForest                      0:00:30       0.1312    0.1306
       143   StandardScalerWrapper RandomForest             0:00:38       0.1355    0.1306
       144   StandardScalerWrapper RandomForest             0:00:23       0.1310    0.1306
       145   SparseNormalizer GradientBoosting              0:00:32       0.1400    0.1306
       146   RobustScaler RandomForest                      0:00:25       0.1345    0.1306
       147   StandardScalerWrapper RandomForest             0:00:19       0.1313    0.1306
       148   RobustScaler ExtremeRandomTrees                0:00:23       0.1313    0.1306
       149   RobustScaler ExtremeRandomTrees                0:00:46       0.1348    0.1306
       150   StandardScalerWrapper GradientBoosting         0:00:26       0.1437    0.1306
       151   StandardScalerWrapper RandomForest             0:00:29       0.1308    0.1306
       152   MaxAbsScaler RandomForest                      0:00:27       0.1348    0.1306
       153   StandardScalerWrapper GradientBoosting         0:00:24       0.1330    0.1306
       154   StandardScalerWrapper GradientBoosting         0:00:21       0.1334    0.1306
       155   StandardScalerWrapper GradientBoosting         0:00:32       0.1348    0.1306
       156   RobustScaler RandomForest                      0:00:28       0.1319    0.1306
       157   MinMaxScaler RandomForest                      0:00:23       0.1321    0.1306
       158   StandardScalerWrapper RandomForest             0:00:50       0.1336    0.1306
       159   StandardScalerWrapper RandomForest             0:00:38       0.1344    0.1306
       160   StandardScalerWrapper GradientBoosting         0:00:25       0.1398    0.1306
       161   MaxAbsScaler RandomForest                      0:00:42       0.1355    0.1306
       162   StandardScalerWrapper ExtremeRandomTrees       0:00:21       0.1312    0.1306
       163   StandardScalerWrapper ExtremeRandomTrees       0:00:27       0.1348    0.1306
       164   MaxAbsScaler RandomForest                      0:00:26       0.1312    0.1306
       165   SparseNormalizer GradientBoosting              0:00:25       0.1432    0.1306
       166   MinMaxScaler RandomForest                      0:00:19       0.1314    0.1306
       167   MinMaxScaler RandomForest                      0:00:21       0.1314    0.1306
       168   StandardScalerWrapper GradientBoosting         0:00:38       0.1346    0.1306
       169   StandardScalerWrapper RandomForest             0:00:22       0.1306    0.1306
       170   StandardScalerWrapper GradientBoosting         0:00:26       0.1317    0.1306
       171   MinMaxScaler RandomForest                      0:00:19       0.1314    0.1306
       172   MinMaxScaler RandomForest                      0:00:26       0.1314    0.1306
       173   StandardScalerWrapper GradientBoosting         0:00:26       0.1337    0.1306
       174   StandardScalerWrapper RandomForest             0:00:24       0.1311    0.1306
       175   MaxAbsScaler GradientBoosting                  0:00:23       0.1333    0.1306
       176   MaxAbsScaler RandomForest                      0:00:22       0.1317    0.1306
       177   RobustScaler RandomForest                      0:00:24       0.1310    0.1306
       178   MaxAbsScaler GradientBoosting                  0:01:12       0.1355    0.1306
       179   StandardScalerWrapper ElasticNet               0:00:18       0.1414    0.1306
       180   MinMaxScaler GradientBoosting                  0:00:33       0.1429    0.1306
       181   StandardScalerWrapper RandomForest             0:00:28       0.1350    0.1306
       182   StandardScalerWrapper GradientBoosting         0:00:46       0.1320    0.1306
       183   MaxAbsScaler GradientBoosting                  0:00:41       0.1345    0.1306
       184   RobustScaler RandomForest                      0:00:24       0.1313    0.1306
       185   RobustScaler GradientBoosting                  0:00:26       0.1306    0.1306
       186   MaxAbsScaler RandomForest                      0:00:19       0.1315    0.1306
       187   RobustScaler RandomForest                      0:00:18       0.1310    0.1306
       188   MaxAbsScaler RandomForest                      0:00:26       0.1310    0.1306
       189   StandardScalerWrapper ExtremeRandomTrees       0:00:23       0.1308    0.1306
       190   StandardScalerWrapper GradientBoosting         0:00:27       0.1433    0.1306
       191   RobustScaler GradientBoosting                  0:00:34       0.1333    0.1306
       192   StandardScalerWrapper ExtremeRandomTrees       0:00:27       0.1344    0.1306
       193   RobustScaler RandomForest                      0:00:31       0.1347    0.1306
       194   StandardScalerWrapper GradientBoosting         0:00:20       0.1316    0.1306
       195   RobustScaler GradientBoosting                  0:00:21       0.1383    0.1306
       196   MaxAbsScaler RandomForest                      0:00:48       0.1324    0.1306
       197   StandardScalerWrapper ElasticNet               0:00:18       0.1414    0.1306
       198   RobustScaler GradientBoosting                  0:00:21       0.1343    0.1306
       199   StandardScalerWrapper ExtremeRandomTrees       0:00:25       0.1311    0.1306
       200   RobustScaler GradientBoosting                  0:00:26       0.1353    0.1306
       201   RobustScaler RandomForest                      0:00:26       0.1323    0.1306
       202   StandardScalerWrapper RandomForest             0:00:30       0.1346    0.1306
       203   MinMaxScaler GradientBoosting                  0:00:31       0.1347    0.1306
       204   RobustScaler RandomForest                      0:00:20       0.1309    0.1306
       205   MaxAbsScaler GradientBoosting                  0:00:26       0.1343    0.1306
       206   MinMaxScaler DecisionTree                      0:00:17       0.1326    0.1306
       207   RobustScaler GradientBoosting                  0:00:24       0.1326    0.1306
       208   MinMaxScaler RandomForest                      0:00:25       0.1312    0.1306
       209   StandardScalerWrapper RandomForest             0:00:31       0.1350    0.1306
       210   StandardScalerWrapper GradientBoosting         0:00:19       0.1373    0.1306
       211   MaxAbsScaler RandomForest                      0:00:44       0.1350    0.1306
       212   StandardScalerWrapper RandomForest             0:00:27       0.1311    0.1306
       213   MaxAbsScaler GradientBoosting                  0:00:25       0.1314    0.1306
       214   StandardScalerWrapper GradientBoosting         0:00:20       0.1334    0.1306
       215   TruncatedSVDWrapper GradientBoosting           0:01:52       0.1337    0.1306
       216   StandardScalerWrapper ExtremeRandomTrees       0:01:31       0.1346    0.1306
       217   StandardScalerWrapper RandomForest             0:00:25       0.1311    0.1306
       218   StandardScalerWrapper GradientBoosting         0:00:27       0.1336    0.1306
       219   RobustScaler ExtremeRandomTrees                0:00:24       0.1307    0.1306
       220   TruncatedSVDWrapper GradientBoosting           0:00:20       0.1399    0.1306
       221   RobustScaler GradientBoosting                  0:00:23       0.1337    0.1306
       222   MaxAbsScaler ExtremeRandomTrees                0:00:23       0.1309    0.1306
       223   RobustScaler RandomForest                      0:00:32       0.1330    0.1306
       224   RobustScaler GradientBoosting                  0:00:47       0.1350    0.1306
       225   StandardScalerWrapper GradientBoosting         0:00:20       0.1430    0.1306
       226   MaxAbsScaler DecisionTree                      0:00:18       0.1351    0.1306
       227   RobustScaler RandomForest                      0:00:18       0.1329    0.1306
       228   StandardScalerWrapper DecisionTree             0:00:20       0.1323    0.1306
       229   StandardScalerWrapper DecisionTree             0:00:24       0.1322    0.1306
       230   MaxAbsScaler GradientBoosting                  0:07:26       0.1355    0.1306
       231   MinMaxScaler RandomForest                      0:00:18       0.1335    0.1306
       232   MinMaxScaler DecisionTree                      0:00:17       0.1332    0.1306
       233   MaxAbsScaler RandomForest                      0:00:39       0.1350    0.1306
       234   RobustScaler ElasticNet                        0:00:19       0.1414    0.1306
       235   RobustScaler GradientBoosting                  0:00:30       0.1440    0.1306
       236   StandardScalerWrapper DecisionTree             0:00:16       0.1324    0.1306
       237   RobustScaler RandomForest                      0:00:18       0.1335    0.1306
       238   StandardScalerWrapper ElasticNet               0:00:21       0.1414    0.1306
       239   RobustScaler DecisionTree                      0:00:19       0.1337    0.1306
       240   TruncatedSVDWrapper GradientBoosting           0:00:23       0.1431    0.1306
       241   RobustScaler DecisionTree                      0:00:20       0.1340    0.1306
       242   MinMaxScaler DecisionTree                      0:00:17       0.1331    0.1306
       243   MinMaxScaler DecisionTree                      0:00:22       0.1331    0.1306
       244   RobustScaler DecisionTree                      0:00:20       0.1325    0.1306
       245   MaxAbsScaler GradientBoosting                  0:00:28       0.1404    0.1306
       246   StandardScalerWrapper DecisionTree             0:00:23       0.1332    0.1306
       247   RobustScaler RandomForest                      0:00:19       0.1340    0.1306
       248   StandardScalerWrapper LightGBM                 0:00:18       0.1315    0.1306
       249   StandardScalerWrapper RandomForest             0:00:19       0.1318    0.1306
       250   MaxAbsScaler GradientBoosting                  0:00:20       0.1360    0.1306
       251   RobustScaler RandomForest                      0:00:19       0.1317    0.1306
       252   StandardScalerWrapper RandomForest             0:00:25       0.1345    0.1306
       253   StandardScalerWrapper RandomForest             0:00:27       0.1317    0.1306
       254   StandardScalerWrapper ElasticNet               0:00:22       0.1413    0.1306
       255   MaxAbsScaler GradientBoosting                  0:00:35       0.1404    0.1306
       256   StandardScalerWrapper RandomForest             0:00:19       0.1329    0.1306
       257   StandardScalerWrapper DecisionTree             0:00:52       0.1328    0.1306
       258   WARNING - Retrying (Retry(total=2, connect=None, read=None, redirect=None, status=None)) after connection broken by 'ProtocolError('Connection aborted.', ConnectionResetError(104, 'Connection reset by peer'))': /azureml/ExperimentRun/dcid.AutoML_37fd6c6d-b9ad-49d2-8e41-494870337ec6_258/outputs/scoring_file_v_1_0_0.py?sv=2019-02-02&sr=b&sig=wYFRHfGXW0qg7Yktngo%2F%2FlG%2FRj1kw%2BCuNmEZoSl0anw%3D&st=2021-01-21T14%3A39%3A26Z&se=2021-01-22T14%3A49%3A26Z&sp=rcw&comp=block&blockid=TURBd01EQXdNREF3TURBd01EQXdNREF3TURBd01EQXdNREF3TURBd01EQSUzRA%3D%3D&timeout=30
RobustScaler RandomForest                      0:00:22       0.1318    0.1306
       259   RobustScaler RandomForest                      0:00:20       0.1313    0.1306
       260   StandardScalerWrapper GradientBoosting         0:00:24       0.1440    0.1306
       261   WARNING - Retrying (Retry(total=2, connect=None, read=None, redirect=None, status=None)) after connection broken by 'ProtocolError('Connection aborted.', ConnectionResetError(104, 'Connection reset by peer'))': /azureml/ExperimentRun/dcid.AutoML_37fd6c6d-b9ad-49d2-8e41-494870337ec6_261/outputs/conda_env_v_1_0_0.yml?sv=2019-02-02&sr=b&sig=tmELBQ1fVOctuNfbjJYG8WDzx750lJvEtSk6bq%2Fjdcg%3D&st=2021-01-21T14%3A40%3A32Z&se=2021-01-22T14%3A50%3A32Z&sp=rcw&comp=block&blockid=TURBd01EQXdNREF3TURBd01EQXdNREF3TURBd01EQXdNREF3TURBd01EQSUzRA%3D%3D&timeout=30
WARNING - Retrying (Retry(total=2, connect=None, read=None, redirect=None, status=None)) after connection broken by 'ProtocolError('Connection aborted.', ConnectionResetError(104, 'Connection reset by peer'))': /azureml/ExperimentRun/dcid.AutoML_37fd6c6d-b9ad-49d2-8e41-494870337ec6_261/outputs/env_dependencies.json?sv=2019-02-02&sr=b&sig=22w5WwNwNJvvd75WNJJLgE17Q7ZD08YuGQQNt6pMB1Q%3D&st=2021-01-21T14%3A40%3A32Z&se=2021-01-22T14%3A50%3A32Z&sp=rcw&comp=block&blockid=TURBd01EQXdNREF3TURBd01EQXdNREF3TURBd01EQXdNREF3TURBd01EQSUzRA%3D%3D&timeout=30
WARNING - Retrying (Retry(total=2, connect=None, read=None, redirect=None, status=None)) after connection broken by 'ProtocolError('Connection aborted.', ConnectionResetError(104, 'Connection reset by peer'))': /azureml/ExperimentRun/dcid.AutoML_37fd6c6d-b9ad-49d2-8e41-494870337ec6_261/outputs/pipeline_graph.json?sv=2019-02-02&sr=b&sig=9hDdK2mAltthBkcrwhDtz%2BKmcvWykMr%2BdwtbewZiX8Q%3D&st=2021-01-21T14%3A40%3A32Z&se=2021-01-22T14%3A50%3A32Z&sp=rcw&comp=block&blockid=TURBd01EQXdNREF3TURBd01EQXdNREF3TURBd01EQXdNREF3TURBd01EQSUzRA%3D%3D&timeout=30
WARNING - Retrying (Retry(total=2, connect=None, read=None, redirect=None, status=None)) after connection broken by 'ProtocolError('Connection aborted.', ConnectionResetError(104, 'Connection reset by peer'))': /azureml/ExperimentRun/dcid.AutoML_37fd6c6d-b9ad-49d2-8e41-494870337ec6_261/outputs/model.pkl?sv=2019-02-02&sr=b&sig=gSakzS%2FjMYJyktdWCHoF7T%2FUd4bjXAU%2F7IbPkkaHEAQ%3D&st=2021-01-21T14%3A40%3A32Z&se=2021-01-22T14%3A50%3A32Z&sp=rcw&comp=block&blockid=TURBd01EQXdNREF3TURBd01EQXdNREF3TURBd01EQXdNREF3TURBd01EQSUzRA%3D%3D&timeout=30
RobustScaler RandomForest                      0:00:20       0.1325    0.1306
       262   StandardScalerWrapper DecisionTree             0:00:18       0.1328    0.1306
       263   StandardScalerWrapper RandomForest             0:00:19       0.1337    0.1306
       264   MinMaxScaler ExtremeRandomTrees                0:00:21       0.1310    0.1306
       265   TruncatedSVDWrapper GradientBoosting           0:00:31       0.1351    0.1306
       266   WARNING - Retrying (Retry(total=2, connect=None, read=None, redirect=None, status=None)) after connection broken by 'ProtocolError('Connection aborted.', ConnectionResetError(104, 'Connection reset by peer'))': /azureml/ExperimentRun/dcid.AutoML_37fd6c6d-b9ad-49d2-8e41-494870337ec6_266/outputs/pipeline_graph.json?sv=2019-02-02&sr=b&sig=XNe0zeiAteHWsi4%2FYLFdmm74JvZjNUrRCETN3DQyG7I%3D&st=2021-01-21T14%3A42%3A24Z&se=2021-01-22T14%3A52%3A24Z&sp=rcw&comp=block&blockid=TURBd01EQXdNREF3TURBd01EQXdNREF3TURBd01EQXdNREF3TURBd01EQSUzRA%3D%3D&timeout=30
StandardScalerWrapper ExtremeRandomTrees       0:00:20       0.1313    0.1306
       267   RobustScaler RandomForest                      0:00:20       0.1311    0.1306
       268   StandardScalerWrapper RandomForest             0:00:37       0.1326    0.1306
       269   StandardScalerWrapper ExtremeRandomTrees       0:00:33       0.1305    0.1305
       270   RobustScaler ExtremeRandomTrees                0:00:29       0.1349    0.1305
       271   RobustScaler ExtremeRandomTrees                0:00:21       0.1345    0.1305
       272   StandardScalerWrapper ExtremeRandomTrees       0:00:19       0.1313    0.1305
       273   MinMaxScaler RandomForest                      0:00:27       0.1317    0.1305
       274   StandardScalerWrapper RandomForest             0:00:29       0.1320    0.1305
       275   StandardScalerWrapper ExtremeRandomTrees       0:00:21       0.1308    0.1305
       276   MinMaxScaler RandomForest                      0:00:20       0.1312    0.1305
       277   MinMaxScaler ExtremeRandomTrees                0:00:32       0.1308    0.1305
       278   StandardScalerWrapper ExtremeRandomTrees       0:00:20       0.1309    0.1305
       279   StandardScalerWrapper RandomForest             0:00:19       0.1316    0.1305
       280   SparseNormalizer ExtremeRandomTrees            0:00:38       0.1342    0.1305
       281   StandardScalerWrapper RandomForest             0:00:21       0.1310    0.1305
       282   WARNING - Retrying (Retry(total=2, connect=None, read=None, redirect=None, status=None)) after connection broken by 'ProtocolError('Connection aborted.', ConnectionResetError(104, 'Connection reset by peer'))': /azureml/ExperimentRun/dcid.AutoML_37fd6c6d-b9ad-49d2-8e41-494870337ec6_282/outputs/conda_env_v_1_0_0.yml?sv=2019-02-02&sr=b&sig=xejJrsStdwdZAhBhDZxjFkdEkmVXpufiMzWs6abwGWc%3D&st=2021-01-21T14%3A49%3A30Z&se=2021-01-22T14%3A59%3A30Z&sp=rcw&comp=block&blockid=TURBd01EQXdNREF3TURBd01EQXdNREF3TURBd01EQXdNREF3TURBd01EQSUzRA%3D%3D&timeout=30
WARNING - Retrying (Retry(total=2, connect=None, read=None, redirect=None, status=None)) after connection broken by 'ProtocolError('Connection aborted.', ConnectionResetError(104, 'Connection reset by peer'))': /azureml/ExperimentRun/dcid.AutoML_37fd6c6d-b9ad-49d2-8e41-494870337ec6_282/outputs/pipeline_graph.json?sv=2019-02-02&sr=b&sig=yEMLJVj0vcydxDxNzptiBHUgznecqE20UoRlwB5ZjNs%3D&st=2021-01-21T14%3A49%3A30Z&se=2021-01-22T14%3A59%3A30Z&sp=rcw&comp=block&blockid=TURBd01EQXdNREF3TURBd01EQXdNREF3TURBd01EQXdNREF3TURBd01EQSUzRA%3D%3D&timeout=30
RobustScaler RandomForest                      0:00:19       0.1313    0.1305
       283   StandardScalerWrapper RandomForest             0:00:22       0.1314    0.1305
       284   StandardScalerWrapper ExtremeRandomTrees       0:00:24       0.1313    0.1305
       285   MinMaxScaler ExtremeRandomTrees                0:00:49       0.1330    0.1305
       286   MinMaxScaler ExtremeRandomTrees                0:00:22       0.1311    0.1305
       287   MinMaxScaler ExtremeRandomTrees                0:00:25       0.1305    0.1305
       288   RobustScaler ExtremeRandomTrees                0:00:21       0.1308    0.1305
       289   MinMaxScaler ExtremeRandomTrees                0:00:27       0.1344    0.1305
       290   StandardScalerWrapper ExtremeRandomTrees       0:00:29       0.1337    0.1305
       291   MinMaxScaler ExtremeRandomTrees                0:00:22       0.1310    0.1305
       292   WARNING - Retrying (Retry(total=2, connect=None, read=None, redirect=None, status=None)) after connection broken by 'ProtocolError('Connection aborted.', ConnectionResetError(104, 'Connection reset by peer'))': /azureml/ExperimentRun/dcid.AutoML_37fd6c6d-b9ad-49d2-8e41-494870337ec6_292/outputs/env_dependencies.json?sv=2019-02-02&sr=b&sig=W1%2FGZAinzBtjahRUAhBDhNEYOlx32wKyKBvo2c3gUMM%3D&st=2021-01-21T14%3A53%3A56Z&se=2021-01-22T15%3A03%3A56Z&sp=rcw&comp=block&blockid=TURBd01EQXdNREF3TURBd01EQXdNREF3TURBd01EQXdNREF3TURBd01EQSUzRA%3D%3D&timeout=30
WARNING - Retrying (Retry(total=2, connect=None, read=None, redirect=None, status=None)) after connection broken by 'ProtocolError('Connection aborted.', ConnectionResetError(104, 'Connection reset by peer'))': /azureml/ExperimentRun/dcid.AutoML_37fd6c6d-b9ad-49d2-8e41-494870337ec6_292/outputs/scoring_file_v_1_0_0.py?sv=2019-02-02&sr=b&sig=U5fJ1JioY4EgSarcvSfHc8ZFYZ%2BUC5jM6mFDGDy%2F0I4%3D&st=2021-01-21T14%3A53%3A56Z&se=2021-01-22T15%3A03%3A56Z&sp=rcw&comp=block&blockid=TURBd01EQXdNREF3TURBd01EQXdNREF3TURBd01EQXdNREF3TURBd01EQSUzRA%3D%3D&timeout=30
WARNING - Retrying (Retry(total=2, connect=None, read=None, redirect=None, status=None)) after connection broken by 'ProtocolError('Connection aborted.', ConnectionResetError(104, 'Connection reset by peer'))': /azureml/ExperimentRun/dcid.AutoML_37fd6c6d-b9ad-49d2-8e41-494870337ec6_292/outputs/model.pkl?sv=2019-02-02&sr=b&sig=U45FLvFjpPaeGABOC1giOySfUlIqGtgTpqf5v3mw4sc%3D&st=2021-01-21T14%3A53%3A56Z&se=2021-01-22T15%3A03%3A56Z&sp=rcw&comp=block&blockid=TURBd01EQXdNREF3TURBd01EQXdNREF3TURBd01EQXdNREF3TURBd01EQSUzRA%3D%3D&timeout=30
RobustScaler RandomForest                      0:00:25       0.1317    0.1305
       293   MinMaxScaler ExtremeRandomTrees                0:00:19       0.1315    0.1305
       294   MinMaxScaler ExtremeRandomTrees                0:00:22       0.1306    0.1305
       295   MaxAbsScaler ExtremeRandomTrees                0:00:26       0.1312    0.1305
       296   RobustScaler ExtremeRandomTrees                0:00:22       0.1308    0.1305
       297   StandardScalerWrapper ExtremeRandomTrees       0:00:25       0.1318    0.1305
       298   MinMaxScaler RandomForest                      0:00:21       0.1314    0.1305
       299   MinMaxScaler RandomForest                      0:00:26       0.1309    0.1305
       300   StandardScalerWrapper ExtremeRandomTrees       0:00:26       0.1310    0.1305
       301   StandardScalerWrapper ExtremeRandomTrees       0:00:20       0.1311    0.1305
       302   RobustScaler ExtremeRandomTrees                0:00:20       0.1319    0.1305
       303   RobustScaler RandomForest                      0:00:27       0.1312    0.1305
       304   MinMaxScaler ExtremeRandomTrees                0:00:21       0.1349    0.1305
       305   StandardScalerWrapper ExtremeRandomTrees       0:00:23       0.1325    0.1305
       306   RobustScaler ExtremeRandomTrees                0:00:24       0.1312    0.1305
       307   StandardScalerWrapper ExtremeRandomTrees       0:00:27       0.1313    0.1305
       308   StandardScalerWrapper ExtremeRandomTrees       0:00:21       0.1309    0.1305
       309   StandardScalerWrapper RandomForest             0:00:28       0.1310    0.1305
       310   StandardScalerWrapper ExtremeRandomTrees       0:01:40       0.1345    0.1305
       311   StandardScalerWrapper RandomForest             0:00:20       0.1314    0.1305
       312   MinMaxScaler ExtremeRandomTrees                0:00:28       0.1310    0.1305
       313   WARNING - Retrying (Retry(total=2, connect=None, read=None, redirect=None, status=None)) after connection broken by 'ProtocolError('Connection aborted.', ConnectionResetError(104, 'Connection reset by peer'))': /azureml/ExperimentRun/dcid.AutoML_37fd6c6d-b9ad-49d2-8e41-494870337ec6_313/outputs/conda_env_v_1_0_0.yml?sv=2019-02-02&sr=b&sig=T%2F4JNVxPtvlpwcCKxG1vcoSgXBj39PL%2FxArwtG029n0%3D&st=2021-01-21T15%3A03%3A46Z&se=2021-01-22T15%3A13%3A46Z&sp=rcw&comp=block&blockid=TURBd01EQXdNREF3TURBd01EQXdNREF3TURBd01EQXdNREF3TURBd01EQSUzRA%3D%3D&timeout=30
MinMaxScaler ExtremeRandomTrees                0:00:19       0.1311    0.1305
       314   StandardScalerWrapper RandomForest             0:00:22       0.1330    0.1305
       315   SparseNormalizer ExtremeRandomTrees            0:00:24       0.1316    0.1305
       316   MinMaxScaler ExtremeRandomTrees                0:00:24       0.1310    0.1305
       317   RobustScaler RandomForest                      0:00:19       0.1312    0.1305
       318   RobustScaler ExtremeRandomTrees                0:00:18       0.1322    0.1305
       319   StandardScalerWrapper RandomForest             0:00:25       0.1314    0.1305
       320   StandardScalerWrapper ExtremeRandomTrees       0:01:03       0.1343    0.1305
       321   RobustScaler ExtremeRandomTrees                0:00:30       0.1306    0.1305
       322   RobustScaler ExtremeRandomTrees                0:00:20       0.1308    0.1305
       323   MinMaxScaler GradientBoosting                  0:00:25       0.1306    0.1305
       324   StandardScalerWrapper RandomForest             0:00:23       0.1312    0.1305
       325   RobustScaler ExtremeRandomTrees                0:00:20       0.1309    0.1305
       326   MinMaxScaler ExtremeRandomTrees                0:00:20       0.1314    0.1305
       327   MinMaxScaler RandomForest                      0:00:21       0.1310    0.1305
       328   StandardScalerWrapper RandomForest             0:00:26       0.1310    0.1305
       329   StandardScalerWrapper ExtremeRandomTrees       0:00:32       0.1310    0.1305
       330   StandardScalerWrapper ExtremeRandomTrees       0:00:22       0.1310    0.1305
       331   StandardScalerWrapper RandomForest             0:00:27       0.1309    0.1305
       332   RobustScaler ExtremeRandomTrees                0:00:30       0.1306    0.1305
       333   MinMaxScaler RandomForest                      0:00:19       0.1311    0.1305
       334   MinMaxScaler ExtremeRandomTrees                0:00:22       0.1311    0.1305
       335   StandardScalerWrapper ExtremeRandomTrees       0:00:39       0.1334    0.1305
       336   MinMaxScaler RandomForest                      0:00:31       0.1337    0.1305
       337   StandardScalerWrapper ExtremeRandomTrees       0:00:26       0.1311    0.1305
       338   MinMaxScaler ExtremeRandomTrees                0:00:33       0.1310    0.1305
       339   StandardScalerWrapper RandomForest             0:00:26       0.1310    0.1305
       340   RobustScaler ExtremeRandomTrees                0:00:25       0.1317    0.1305
       341   StandardScalerWrapper RandomForest             0:00:20       0.1312    0.1305
       342   MinMaxScaler RandomForest                      0:00:19       0.1311    0.1305
       343   MinMaxScaler ExtremeRandomTrees                0:00:32       0.1314    0.1305
       344   RobustScaler RandomForest                      0:00:20       0.1312    0.1305
       345   MinMaxScaler ExtremeRandomTrees                0:00:26       0.1316    0.1305
       346   MinMaxScaler RandomForest                      0:00:25       0.1309    0.1305
       347   StandardScalerWrapper ExtremeRandomTrees       0:00:19       0.1314    0.1305
       348   StandardScalerWrapper RandomForest             0:00:20       0.1312    0.1305
       349   StandardScalerWrapper ExtremeRandomTrees       0:00:21       0.1311    0.1305
       350   RobustScaler ExtremeRandomTrees                0:00:31       0.1337    0.1305
       351   StandardScalerWrapper RandomForest             0:00:32       0.1316    0.1305
       352   StandardScalerWrapper ExtremeRandomTrees       0:00:32       0.1311    0.1305
       353   StandardScalerWrapper ExtremeRandomTrees       0:00:29       0.1310    0.1305
       354   RobustScaler RandomForest                      0:00:30       0.1311    0.1305
       355   MinMaxScaler ExtremeRandomTrees                0:00:22       0.1309    0.1305
       356   StandardScalerWrapper ExtremeRandomTrees       0:00:19       0.1315    0.1305
       357   RobustScaler ExtremeRandomTrees                0:00:24       0.1315    0.1305
       358   MinMaxScaler ExtremeRandomTrees                0:00:19       0.1311    0.1305
       359   WARNING - Retrying (Retry(total=2, connect=None, read=None, redirect=None, status=None)) after connection broken by 'ProtocolError('Connection aborted.', ConnectionResetError(104, 'Connection reset by peer'))': /azureml/ExperimentRun/dcid.AutoML_37fd6c6d-b9ad-49d2-8e41-494870337ec6_359/outputs/scoring_file_v_1_0_0.py?sv=2019-02-02&sr=b&sig=q51gdGG%2BuQi2CFBTSPiVFutfOuSm%2BpLsNbEn1b8YS3s%3D&st=2021-01-21T15%3A23%3A49Z&se=2021-01-22T15%3A33%3A49Z&sp=rcw&comp=block&blockid=TURBd01EQXdNREF3TURBd01EQXdNREF3TURBd01EQXdNREF3TURBd01EQSUzRA%3D%3D&timeout=30
WARNING - Retrying (Retry(total=2, connect=None, read=None, redirect=None, status=None)) after connection broken by 'ProtocolError('Connection aborted.', ConnectionResetError(104, 'Connection reset by peer'))': /azureml/ExperimentRun/dcid.AutoML_37fd6c6d-b9ad-49d2-8e41-494870337ec6_359/outputs/env_dependencies.json?sv=2019-02-02&sr=b&sig=UiIF%2BcrEezm7f0Gvzw0QD9SabEHEyeVDuSlP%2BXS58QE%3D&st=2021-01-21T15%3A23%3A49Z&se=2021-01-22T15%3A33%3A49Z&sp=rcw&comp=block&blockid=TURBd01EQXdNREF3TURBd01EQXdNREF3TURBd01EQXdNREF3TURBd01EQSUzRA%3D%3D&timeout=30
RobustScaler ExtremeRandomTrees                0:00:24       0.1312    0.1305
       360   SparseNormalizer ExtremeRandomTrees            0:00:23       0.1337    0.1305
       361   StandardScalerWrapper RandomForest             0:00:21       0.1309    0.1305
       362   MinMaxScaler ExtremeRandomTrees                0:00:27       0.1313    0.1305
       363   StandardScalerWrapper ExtremeRandomTrees       0:00:28       0.1312    0.1305
       364   MinMaxScaler RandomForest                      0:00:19       0.1311    0.1305
       365   StandardScalerWrapper ExtremeRandomTrees       0:00:30       0.1394    0.1305
       366   MinMaxScaler GradientBoosting                  0:00:21       0.1308    0.1305
       367   StandardScalerWrapper ExtremeRandomTrees       0:00:24       0.1314    0.1305
       368   StandardScalerWrapper ExtremeRandomTrees       0:00:20       0.1310    0.1305
       369   MinMaxScaler ExtremeRandomTrees                0:00:35       0.1311    0.1305
       370   TruncatedSVDWrapper ExtremeRandomTrees         0:00:44       0.1340    0.1305
       371   StandardScalerWrapper ExtremeRandomTrees       0:00:25       0.1313    0.1305
       372   RobustScaler ExtremeRandomTrees                0:00:23       0.1311    0.1305
       373   StandardScalerWrapper RandomForest             0:00:29       0.1344    0.1305
       374   RobustScaler ExtremeRandomTrees                0:00:21       0.1314    0.1305
       375   MinMaxScaler ExtremeRandomTrees                0:00:29       0.1341    0.1305
       376   RobustScaler ExtremeRandomTrees                0:00:29       0.1309    0.1305
       377   RobustScaler RandomForest                      0:00:23       0.1310    0.1305
       378   MinMaxScaler ExtremeRandomTrees                0:00:32       0.1308    0.1305
       379   MinMaxScaler ExtremeRandomTrees                0:00:26       0.1307    0.1305
       380   StandardScalerWrapper ExtremeRandomTrees       0:00:25       0.1328    0.1305
       381   MinMaxScaler ExtremeRandomTrees                0:00:28       0.1308    0.1305
       382   RobustScaler RandomForest                      0:00:27       0.1314    0.1305
       383   StandardScalerWrapper ExtremeRandomTrees       0:00:31       0.1314    0.1305
       384   RobustScaler ExtremeRandomTrees                0:00:20       0.1310    0.1305
       385   RobustScaler ExtremeRandomTrees                0:00:30       0.1306    0.1305
       386   StandardScalerWrapper ExtremeRandomTrees       0:00:21       0.1314    0.1305
       387   StandardScalerWrapper RandomForest             0:00:26       0.1309    0.1305
       388   MinMaxScaler ExtremeRandomTrees                0:00:25       0.1309    0.1305
       389   MinMaxScaler ExtremeRandomTrees                0:00:25       0.1310    0.1305
       390   StandardScalerWrapper ExtremeRandomTrees       0:00:33       0.1318    0.1305
       391   MinMaxScaler RandomForest                      0:00:19       0.1313    0.1305
       392   MinMaxScaler RandomForest                      0:00:19       0.1314    0.1305
       393   MinMaxScaler ExtremeRandomTrees                0:00:20       0.1315    0.1305
       394   MinMaxScaler ExtremeRandomTrees                0:00:26       0.1311    0.1305
       395   MinMaxScaler ExtremeRandomTrees                0:00:31       0.1327    0.1305
       396   StandardScalerWrapper ExtremeRandomTrees       0:00:22       0.1314    0.1305
       397   StandardScalerWrapper ExtremeRandomTrees       0:00:20       0.1310    0.1305
       398   StandardScalerWrapper RandomForest             0:00:21       0.1316    0.1305
       399   RobustScaler ExtremeRandomTrees                0:00:24       0.1313    0.1305
       400   RobustScaler ExtremeRandomTrees                0:00:22       0.1310    0.1305
       401   StandardScalerWrapper ExtremeRandomTrees       0:00:21       0.1308    0.1305
       402   MinMaxScaler RandomForest                      0:00:29       0.1308    0.1305
       403   StandardScalerWrapper ExtremeRandomTrees       0:00:25       0.1314    0.1305
       404   StandardScalerWrapper ExtremeRandomTrees       0:00:25       0.1312    0.1305
       405   MinMaxScaler ExtremeRandomTrees                0:00:26       0.1309    0.1305
       406   RobustScaler RandomForest                      0:00:25       0.1312    0.1305
       407   RobustScaler ExtremeRandomTrees                0:00:21       0.1307    0.1305
       408   MinMaxScaler ExtremeRandomTrees                0:00:23       0.1306    0.1305
       409   RobustScaler ExtremeRandomTrees                0:00:34       0.1313    0.1305
       410   WARNING - Retrying (Retry(total=2, connect=None, read=None, redirect=None, status=None)) after connection broken by 'ProtocolError('Connection aborted.', ConnectionResetError(104, 'Connection reset by peer'))': /azureml/ExperimentRun/dcid.AutoML_37fd6c6d-b9ad-49d2-8e41-494870337ec6_410/outputs/model.pkl?sv=2019-02-02&sr=b&sig=O1WIUdgRTxm6ReDmWOdnvwzVbMGm7dSmZ2bAwB6mCOw%3D&st=2021-01-21T15%3A46%3A43Z&se=2021-01-22T15%3A56%3A43Z&sp=rcw&comp=block&blockid=TURBd01EQXdNREF3TURBd01EQXdNREF3TURBd01EQXdNREF3TURBd01EQSUzRA%3D%3D&timeout=30
WARNING - Retrying (Retry(total=2, connect=None, read=None, redirect=None, status=None)) after connection broken by 'ProtocolError('Connection aborted.', ConnectionResetError(104, 'Connection reset by peer'))': /azureml/ExperimentRun/dcid.AutoML_37fd6c6d-b9ad-49d2-8e41-494870337ec6_410/outputs/scoring_file_v_1_0_0.py?sv=2019-02-02&sr=b&sig=tfPInSacgpOEjYyQ%2BzWb%2BKhh8JCw2uRcqXMLRtQmc14%3D&st=2021-01-21T15%3A46%3A43Z&se=2021-01-22T15%3A56%3A43Z&sp=rcw&comp=block&blockid=TURBd01EQXdNREF3TURBd01EQXdNREF3TURBd01EQXdNREF3TURBd01EQSUzRA%3D%3D&timeout=30
RobustScaler ExtremeRandomTrees                0:01:07       0.1320    0.1305
       411   RobustScaler RandomForest                      0:00:20       0.1309    0.1305
       412   RobustScaler RandomForest                      0:00:24       0.1312    0.1305
       413   StandardScalerWrapper ExtremeRandomTrees       0:00:31       0.1313    0.1305
       414   StandardScalerWrapper RandomForest             0:00:22       0.1313    0.1305
       415   MinMaxScaler ExtremeRandomTrees                0:00:26       0.1332    0.1305
       416   MinMaxScaler ExtremeRandomTrees                0:00:20       0.1309    0.1305
       417   MinMaxScaler ExtremeRandomTrees                0:00:20       0.1310    0.1305
       418   StandardScalerWrapper ExtremeRandomTrees       0:00:25       0.1313    0.1305
       419   MinMaxScaler ExtremeRandomTrees                0:00:31       0.1311    0.1305
       420   RobustScaler ExtremeRandomTrees                0:00:38       0.1325    0.1305
       421   StandardScalerWrapper RandomForest             0:00:27       0.1312    0.1305
       422   StandardScalerWrapper ExtremeRandomTrees       0:00:21       0.1307    0.1305
       423   StandardScalerWrapper RandomForest             0:00:25       0.1306    0.1305
       424   MinMaxScaler ExtremeRandomTrees                0:00:22       0.1311    0.1305
       425   SparseNormalizer ExtremeRandomTrees            0:00:25       0.1339    0.1305
       426   StandardScalerWrapper ExtremeRandomTrees       0:00:25       0.1313    0.1305
       427   RobustScaler ExtremeRandomTrees                0:00:27       0.1311    0.1305
       428   StandardScalerWrapper RandomForest             0:00:21       0.1309    0.1305
       429   StandardScalerWrapper RandomForest             0:00:26       0.1323    0.1305
       430   RobustScaler ExtremeRandomTrees                0:00:56       0.1334    0.1305
       431   MinMaxScaler ExtremeRandomTrees                0:00:30       0.1306    0.1305
       432   MinMaxScaler ExtremeRandomTrees                0:00:30       0.1307    0.1305
       433   StandardScalerWrapper ExtremeRandomTrees       0:00:29       0.1311    0.1305
       434   RobustScaler RandomForest                      0:00:22       0.1312    0.1305
       435   WARNING - Retrying (Retry(total=2, connect=None, read=None, redirect=None, status=None)) after connection broken by 'ProtocolError('Connection aborted.', ConnectionResetError(104, 'Connection reset by peer'))': /azureml/ExperimentRun/dcid.AutoML_37fd6c6d-b9ad-49d2-8e41-494870337ec6_435/outputs/pipeline_graph.json?sv=2019-02-02&sr=b&sig=SwRu%2FU9GizwkG9oBvkmYJg%2F%2FlkbJRKTzchtPCLYe7hs%3D&st=2021-01-21T15%3A58%3A23Z&se=2021-01-22T16%3A08%3A23Z&sp=rcw&comp=block&blockid=TURBd01EQXdNREF3TURBd01EQXdNREF3TURBd01EQXdNREF3TURBd01EQSUzRA%3D%3D&timeout=30
RobustScaler ExtremeRandomTrees                0:00:34       0.1340    0.1305
       436   MinMaxScaler RandomForest                      0:00:21       0.1311    0.1305
       437   StandardScalerWrapper RandomForest             0:00:36       0.1307    0.1305
       438   StandardScalerWrapper ExtremeRandomTrees       0:00:36       0.1307    0.1305
       439   MinMaxScaler ExtremeRandomTrees                0:00:27       0.1315    0.1305
       440   SparseNormalizer ExtremeRandomTrees            0:00:23       0.1313    0.1305
       441   StandardScalerWrapper RandomForest             0:00:21       0.1311    0.1305
       442   RobustScaler RandomForest                      0:00:25       0.1313    0.1305
       443   StandardScalerWrapper ExtremeRandomTrees       0:00:27       0.1306    0.1305
       444   StandardScalerWrapper ExtremeRandomTrees       0:00:28       0.1308    0.1305
       445   MinMaxScaler ExtremeRandomTrees                0:00:24       0.1319    0.1305
       446   MinMaxScaler RandomForest                      0:00:28       0.1315    0.1305
       447   StandardScalerWrapper ExtremeRandomTrees       0:00:30       0.1309    0.1305
       448   RobustScaler ExtremeRandomTrees                0:00:19       0.1310    0.1305
       449   MinMaxScaler ExtremeRandomTrees                0:00:27       0.1307    0.1305
       450   RobustScaler ExtremeRandomTrees                0:00:33       0.1328    0.1305
       451   RobustScaler ExtremeRandomTrees                0:00:20       0.1313    0.1305
       452   RobustScaler RandomForest                      0:00:21       0.1312    0.1305
       453   StandardScalerWrapper RandomForest             0:00:19       0.1317    0.1305
       454   WARNING - Retrying (Retry(total=2, connect=None, read=None, redirect=None, status=None)) after connection broken by 'ProtocolError('Connection aborted.', ConnectionResetError(104, 'Connection reset by peer'))': /azureml/ExperimentRun/dcid.AutoML_37fd6c6d-b9ad-49d2-8e41-494870337ec6_454/outputs/model.pkl?sv=2019-02-02&sr=b&sig=BG8W98OawfPGifnlU2Yz7VndUpq2C9V32ux8IOoqwk4%3D&st=2021-01-21T16%3A06%3A52Z&se=2021-01-22T16%3A16%3A52Z&sp=rcw&comp=block&blockid=TURBd01EQXdNREF3TURBd01EQXdNREF3TURBd01EQXdNREF3TURBd01EQSUzRA%3D%3D&timeout=30
RobustScaler RandomForest                      0:00:27       0.1313    0.1305
       455   RobustScaler ExtremeRandomTrees                0:00:22       0.1326    0.1305
       456   MinMaxScaler LightGBM                          0:00:25       0.1321    0.1305
       457   StandardScalerWrapper ExtremeRandomTrees       0:00:24       0.1312    0.1305
       458   MinMaxScaler ExtremeRandomTrees                0:00:26       0.1308    0.1305
       459   RobustScaler ExtremeRandomTrees                0:00:20       0.1309    0.1305
       460   MinMaxScaler ExtremeRandomTrees                0:00:23       0.1309    0.1305
       461   StandardScalerWrapper ExtremeRandomTrees       0:00:23       0.1312    0.1305
       462   RobustScaler ExtremeRandomTrees                0:00:20       0.1313    0.1305
       463   MinMaxScaler ExtremeRandomTrees                0:00:26       0.1309    0.1305
       464   MinMaxScaler ExtremeRandomTrees                0:00:32       0.1309    0.1305
       465   MaxAbsScaler ExtremeRandomTrees                0:00:26       0.1311    0.1305
       466   MinMaxScaler ExtremeRandomTrees                0:00:26       0.1308    0.1305
       467   StandardScalerWrapper LightGBM                 0:00:24       0.1307    0.1305
       468   MinMaxScaler RandomForest                      0:00:25       0.1310    0.1305
       469   StandardScalerWrapper RandomForest             0:00:20       0.1310    0.1305
       470   MinMaxScaler ExtremeRandomTrees                0:00:23       0.1325    0.1305
       471   WARNING - Retrying (Retry(total=2, connect=None, read=None, redirect=None, status=None)) after connection broken by 'ProtocolError('Connection aborted.', ConnectionResetError(104, 'Connection reset by peer'))': /azureml/ExperimentRun/dcid.AutoML_37fd6c6d-b9ad-49d2-8e41-494870337ec6_471/outputs/internal_cross_validated_models.pkl?sv=2019-02-02&sr=b&sig=NQ4MMvCQhasZ0VO52rPM9dJ0%2B5iCER6lhnpF3ZvNoEg%3D&st=2021-01-21T16%3A13%3A54Z&se=2021-01-22T16%3A23%3A54Z&sp=rcw&comp=block&blockid=TURBd01EQXdNREF3TURBd01EQXdNREF3TURBd01EQXdNREF3TURBd01EQSUzRA%3D%3D&timeout=30
MinMaxScaler RandomForest                      0:00:27       0.1307    0.1305
       472   WARNING - Retrying (Retry(total=2, connect=None, read=None, redirect=None, status=None)) after connection broken by 'ProtocolError('Connection aborted.', ConnectionResetError(104, 'Connection reset by peer'))': /azureml/ExperimentRun/dcid.AutoML_37fd6c6d-b9ad-49d2-8e41-494870337ec6_472/outputs/pipeline_graph.json?sv=2019-02-02&sr=b&sig=ReDcvu%2FtfE%2F8xYAMbdrmvXLqWqOXf0quvUHzEkUqNhQ%3D&st=2021-01-21T16%3A14%3A17Z&se=2021-01-22T16%3A24%3A17Z&sp=rcw&comp=block&blockid=TURBd01EQXdNREF3TURBd01EQXdNREF3TURBd01EQXdNREF3TURBd01EQSUzRA%3D%3D&timeout=30
StandardScalerWrapper ExtremeRandomTrees       0:00:29       0.1312    0.1305
       473   MinMaxScaler RandomForest                      0:00:22       0.1311    0.1305
       474   MinMaxScaler ExtremeRandomTrees                0:00:30       0.1310    0.1305
       475   MinMaxScaler ExtremeRandomTrees                0:00:24       0.1311    0.1305
       476   WARNING - Retrying (Retry(total=2, connect=None, read=None, redirect=None, status=None)) after connection broken by 'ProtocolError('Connection aborted.', ConnectionResetError(104, 'Connection reset by peer'))': /azureml/ExperimentRun/dcid.AutoML_37fd6c6d-b9ad-49d2-8e41-494870337ec6_476/outputs/env_dependencies.json?sv=2019-02-02&sr=b&sig=vnsLEEBQTM4oK3Ny3gV5WtG297fD59g7Sgr3zflbQow%3D&st=2021-01-21T16%3A16%3A08Z&se=2021-01-22T16%3A26%3A08Z&sp=rcw&comp=block&blockid=TURBd01EQXdNREF3TURBd01EQXdNREF3TURBd01EQXdNREF3TURBd01EQSUzRA%3D%3D&timeout=30
MinMaxScaler RandomForest                      0:00:26       0.1310    0.1305
       477   MinMaxScaler RandomForest                      0:00:21       0.1308    0.1305
       478   RobustScaler ExtremeRandomTrees                0:00:24       0.1314    0.1305
       479   MinMaxScaler ExtremeRandomTrees                0:00:22       0.1314    0.1305
       480   MinMaxScaler ExtremeRandomTrees                0:00:51       0.1330    0.1305
       481   StandardScalerWrapper RandomForest             0:00:32       0.1311    0.1305
       482   MinMaxScaler RandomForest                      0:00:25       0.1312    0.1305
       483   RobustScaler RandomForest                      0:00:19       0.1309    0.1305
       484   MinMaxScaler ExtremeRandomTrees                0:00:25       0.1307    0.1305
       485   TruncatedSVDWrapper ExtremeRandomTrees         0:00:34       0.1319    0.1305
       486   MinMaxScaler LightGBM                          0:00:19       0.1310    0.1305
       487   RobustScaler RandomForest                      0:00:30       0.1308    0.1305
       488   StandardScalerWrapper ExtremeRandomTrees       0:00:20       0.1312    0.1305
       489   RobustScaler RandomForest                      0:00:20       0.1309    0.1305
       490   StandardScalerWrapper ExtremeRandomTrees       0:00:25       0.1331    0.1305
       491   StandardScalerWrapper RandomForest             0:00:31       0.1306    0.1305
       492   StandardScalerWrapper ExtremeRandomTrees       0:00:23       0.1309    0.1305
       493   StandardScalerWrapper RandomForest             0:00:24       0.1312    0.1305
       494   RobustScaler RandomForest                      0:00:20       0.1311    0.1305
       495   RobustScaler ExtremeRandomTrees                0:00:22       0.1318    0.1305
       496   StandardScalerWrapper RandomForest             0:00:21       0.1310    0.1305
       497   StandardScalerWrapper ExtremeRandomTrees       0:00:19       0.1314    0.1305
       498   MinMaxScaler ExtremeRandomTrees                0:00:25       0.1308    0.1305
       499   RobustScaler RandomForest                      0:00:22       0.1312    0.1305
       500   StandardScalerWrapper ExtremeRandomTrees       0:00:22       0.1310    0.1305
       501   MinMaxScaler RandomForest                      0:00:19       0.1312    0.1305
       502   StandardScalerWrapper RandomForest             0:00:21       0.1316    0.1305
       503   StandardScalerWrapper RandomForest             0:00:38       0.1307    0.1305
       504   MinMaxScaler ExtremeRandomTrees                0:00:29       0.1308    0.1305
       505   MinMaxScaler ExtremeRandomTrees                0:00:27       0.1313    0.1305
       506   RobustScaler RandomForest                      0:00:22       0.1310    0.1305
       507   StandardScalerWrapper GradientBoosting         0:00:24       0.1340    0.1305
       508   WARNING - Retrying (Retry(total=2, connect=None, read=None, redirect=None, status=None)) after connection broken by 'ProtocolError('Connection aborted.', ConnectionResetError(104, 'Connection reset by peer'))': /azureml/ExperimentRun/dcid.AutoML_37fd6c6d-b9ad-49d2-8e41-494870337ec6_508/outputs/conda_env_v_1_0_0.yml?sv=2019-02-02&sr=b&sig=xE66Bo3LJKoe7Pqpy%2F4IFeVUVUhUMkkH%2F0YOOpC%2Boqw%3D&st=2021-01-21T16%3A29%3A48Z&se=2021-01-22T16%3A39%3A48Z&sp=rcw&comp=block&blockid=TURBd01EQXdNREF3TURBd01EQXdNREF3TURBd01EQXdNREF3TURBd01EQSUzRA%3D%3D&timeout=30
MinMaxScaler ExtremeRandomTrees                0:00:29       0.1311    0.1305
       509   RobustScaler ExtremeRandomTrees                0:00:26       0.1316    0.1305
       510   StandardScalerWrapper ExtremeRandomTrees       0:00:28       0.1340    0.1305
       511   RobustScaler ExtremeRandomTrees                0:00:20       0.1312    0.1305
       512   RobustScaler ExtremeRandomTrees                0:00:24       0.1312    0.1305
       513   MinMaxScaler RandomForest                      0:00:29       0.1308    0.1305
       514   StandardScalerWrapper ExtremeRandomTrees       0:00:21       0.1312    0.1305
       515   RobustScaler ExtremeRandomTrees                0:00:28       0.1314    0.1305
       516   MinMaxScaler ExtremeRandomTrees                0:00:33       0.1318    0.1305
       517   RobustScaler ExtremeRandomTrees                0:00:33       0.1310    0.1305
       518   MinMaxScaler ExtremeRandomTrees                0:00:25       0.1315    0.1305
       519   StandardScalerWrapper RandomForest             0:00:20       0.1316    0.1305
       520   RobustScaler ExtremeRandomTrees                0:00:21       0.1312    0.1305
       521   RobustScaler ExtremeRandomTrees                0:00:20       0.1311    0.1305
       522   StandardScalerWrapper ExtremeRandomTrees       0:00:19       0.1319    0.1305
       523   RobustScaler ExtremeRandomTrees                0:00:26       0.1310    0.1305
       524   StandardScalerWrapper RandomForest             0:00:28       0.1308    0.1305
       525   RobustScaler ExtremeRandomTrees                0:44:24       0.1312    0.1305
       526   MinMaxScaler RandomForest                      0:00:24       0.1313    0.1305
       527   StandardScalerWrapper ExtremeRandomTrees       0:00:19       0.1315    0.1305
       528   StandardScalerWrapper RandomForest             0:00:21       0.1311    0.1305
       529                                                  2:14:47          nan    0.1305
       530   WARNING - Received unrecognized parameter ensemble_download_models_timeout_sec
WARNING - Received unrecognized parameter ensemble_download_models_timeout_sec
WARNING - Retrying (Retry(total=2, connect=3, read=2, redirect=None, status=None)) after connection broken by 'ProtocolError('Connection aborted.', OSError(0, 'Error'))': /history/v1.0/subscriptions/140247fd-63ff-4369-8eab-15ff11693adb/resourceGroups/automl_time_series/providers/Microsoft.MachineLearningServices/workspaces/automl_time_series_ws/experiments/experiment/runs/AutoML_37fd6c6d-b9ad-49d2-8e41-494870337ec6_530
WARNING - Retrying (Retry(total=2, connect=3, read=2, redirect=None, status=None)) after connection broken by 'ProtocolError('Connection aborted.', RemoteDisconnected('Remote end closed connection without response'))': /history/v1.0/subscriptions/140247fd-63ff-4369-8eab-15ff11693adb/resourceGroups/automl_time_series/providers/Microsoft.MachineLearningServices/workspaces/automl_time_series_ws/experiments/experiment/runs/AutoML_37fd6c6d-b9ad-49d2-8e41-494870337ec6/children?$continuationToken=MTAw&$orderby=StartTimeUtc%20desc&$top=500
WARNING - Retrying (Retry(total=1, connect=3, read=1, redirect=None, status=None)) after connection broken by 'ProtocolError('Connection aborted.', OSError(0, 'Error'))': /history/v1.0/subscriptions/140247fd-63ff-4369-8eab-15ff11693adb/resourceGroups/automl_time_series/providers/Microsoft.MachineLearningServices/workspaces/automl_time_series_ws/experiments/experiment/runs/AutoML_37fd6c6d-b9ad-49d2-8e41-494870337ec6/children?$continuationToken=MTAw&$orderby=StartTimeUtc%20desc&$top=500
WARNING - Retrying (Retry(total=1, connect=3, read=1, redirect=None, status=None)) after connection broken by 'ProtocolError('Connection aborted.', RemoteDisconnected('Remote end closed connection without response'))': /history/v1.0/subscriptions/140247fd-63ff-4369-8eab-15ff11693adb/resourceGroups/automl_time_series/providers/Microsoft.MachineLearningServices/workspaces/automl_time_series_ws/experiments/experiment/runs/AutoML_37fd6c6d-b9ad-49d2-8e41-494870337ec6_530
WARNING - Retrying (Retry(total=0, connect=3, read=0, redirect=None, status=None)) after connection broken by 'ProtocolError('Connection aborted.', OSError(0, 'Error'))': /history/v1.0/subscriptions/140247fd-63ff-4369-8eab-15ff11693adb/resourceGroups/automl_time_series/providers/Microsoft.MachineLearningServices/workspaces/automl_time_series_ws/experiments/experiment/runs/AutoML_37fd6c6d-b9ad-49d2-8e41-494870337ec6_530
WARNING - Retrying (Retry(total=0, connect=3, read=0, redirect=None, status=None)) after connection broken by 'ProtocolError('Connection aborted.', RemoteDisconnected('Remote end closed connection without response'))': /history/v1.0/subscriptions/140247fd-63ff-4369-8eab-15ff11693adb/resourceGroups/automl_time_series/providers/Microsoft.MachineLearningServices/workspaces/automl_time_series_ws/experiments/experiment/runs/AutoML_37fd6c6d-b9ad-49d2-8e41-494870337ec6/children?$continuationToken=MTAw&$orderby=StartTimeUtc%20desc&$top=500
WARNING - Retrying (Retry(total=2, connect=3, read=2, redirect=None, status=None)) after connection broken by 'ProtocolError('Connection aborted.', RemoteDisconnected('Remote end closed connection without response'))': /history/v1.0/subscriptions/140247fd-63ff-4369-8eab-15ff11693adb/resourceGroups/automl_time_series/providers/Microsoft.MachineLearningServices/workspaces/automl_time_series_ws/experiments/experiment/runs/AutoML_37fd6c6d-b9ad-49d2-8e41-494870337ec6_529
WARNING - Retrying (Retry(total=1, connect=3, read=1, redirect=None, status=None)) after connection broken by 'ProtocolError('Connection aborted.', RemoteDisconnected('Remote end closed connection without response'))': /history/v1.0/subscriptions/140247fd-63ff-4369-8eab-15ff11693adb/resourceGroups/automl_time_series/providers/Microsoft.MachineLearningServices/workspaces/automl_time_series_ws/experiments/experiment/runs/AutoML_37fd6c6d-b9ad-49d2-8e41-494870337ec6_529
WARNING - Retrying (Retry(total=0, connect=3, read=0, redirect=None, status=None)) after connection broken by 'ProtocolError('Connection aborted.', OSError(0, 'Error'))': /history/v1.0/subscriptions/140247fd-63ff-4369-8eab-15ff11693adb/resourceGroups/automl_time_series/providers/Microsoft.MachineLearningServices/workspaces/automl_time_series_ws/experiments/experiment/runs/AutoML_37fd6c6d-b9ad-49d2-8e41-494870337ec6_529
                                               0:31:29          nan    0.1305
ERROR: Run AutoML_37fd6c6d-b9ad-49d2-8e41-494870337ec6_530 failed with exception of type: PipelineRunException. Pipeline Class Names: { Ensemble } Pipeline ID: __AutoML_Ensemble__
Stopping criteria reached at iteration 531. Ending experiment.
WARNING - Retrying (Retry(total=2, connect=3, read=2, redirect=None, status=None)) after connection broken by 'ProtocolError('Connection aborted.', OSError(0, 'Error'))': /history/v1.0/subscriptions/140247fd-63ff-4369-8eab-15ff11693adb/resourceGroups/automl_time_series/providers/Microsoft.MachineLearningServices/workspaces/automl_time_series_ws/experiments/experiment/metrics:query?mergestrategytype=None
WARNING - Retrying (Retry(total=1, connect=3, read=1, redirect=None, status=None)) after connection broken by 'ProtocolError('Connection aborted.', BrokenPipeError(32, 'Broken pipe'))': /history/v1.0/subscriptions/140247fd-63ff-4369-8eab-15ff11693adb/resourceGroups/automl_time_series/providers/Microsoft.MachineLearningServices/workspaces/automl_time_series_ws/experiments/experiment/metrics:query?mergestrategytype=None
WARNING - Retrying (Retry(total=0, connect=3, read=0, redirect=None, status=None)) after connection broken by 'ProtocolError('Connection aborted.', OSError(0, 'Error'))': /history/v1.0/subscriptions/140247fd-63ff-4369-8eab-15ff11693adb/resourceGroups/automl_time_series/providers/Microsoft.MachineLearningServices/workspaces/automl_time_series_ws/experiments/experiment/metrics:query?mergestrategytype=None
Current status: FailedModelExplanations. Failed to explain best model
****************************************************************************************************
WARNING - Retrying (Retry(total=2, connect=3, read=2, redirect=None, status=None)) after connection broken by 'ProtocolError('Connection aborted.', OSError(0, 'Error'))': /history/v1.0/subscriptions/140247fd-63ff-4369-8eab-15ff11693adb/resourceGroups/automl_time_series/providers/Microsoft.MachineLearningServices/workspaces/automl_time_series_ws/experimentids/4af4e9b5-1028-4323-a4cd-55a1a708ef60/runs/AutoML_37fd6c6d-b9ad-49d2-8e41-494870337ec6
WARNING - Retrying (Retry(total=2, connect=3, read=2, redirect=None, status=None)) after connection broken by 'ProtocolError('Connection aborted.', BrokenPipeError(32, 'Broken pipe'))': /metric/v2.0/subscriptions/140247fd-63ff-4369-8eab-15ff11693adb/resourceGroups/automl_time_series/providers/Microsoft.MachineLearningServices/workspaces/automl_time_series_ws/runs/AutoML_37fd6c6d-b9ad-49d2-8e41-494870337ec6/batch
WARNING - Retrying (Retry(total=1, connect=3, read=1, redirect=None, status=None)) after connection broken by 'ProtocolError('Connection aborted.', OSError(0, 'Error'))': /history/v1.0/subscriptions/140247fd-63ff-4369-8eab-15ff11693adb/resourceGroups/automl_time_series/providers/Microsoft.MachineLearningServices/workspaces/automl_time_series_ws/experimentids/4af4e9b5-1028-4323-a4cd-55a1a708ef60/runs/AutoML_37fd6c6d-b9ad-49d2-8e41-494870337ec6
WARNING - Retrying (Retry(total=1, connect=3, read=1, redirect=None, status=None)) after connection broken by 'ProtocolError('Connection aborted.', OSError(0, 'Error'))': /metric/v2.0/subscriptions/140247fd-63ff-4369-8eab-15ff11693adb/resourceGroups/automl_time_series/providers/Microsoft.MachineLearningServices/workspaces/automl_time_series_ws/runs/AutoML_37fd6c6d-b9ad-49d2-8e41-494870337ec6/batch
WARNING - Retrying (Retry(total=0, connect=3, read=0, redirect=None, status=None)) after connection broken by 'ProtocolError('Connection aborted.', BrokenPipeError(32, 'Broken pipe'))': /history/v1.0/subscriptions/140247fd-63ff-4369-8eab-15ff11693adb/resourceGroups/automl_time_series/providers/Microsoft.MachineLearningServices/workspaces/automl_time_series_ws/experimentids/4af4e9b5-1028-4323-a4cd-55a1a708ef60/runs/AutoML_37fd6c6d-b9ad-49d2-8e41-494870337ec6
WARNING - Retrying (Retry(total=0, connect=3, read=0, redirect=None, status=None)) after connection broken by 'ProtocolError('Connection aborted.', OSError(0, 'Error'))': /metric/v2.0/subscriptions/140247fd-63ff-4369-8eab-15ff11693adb/resourceGroups/automl_time_series/providers/Microsoft.MachineLearningServices/workspaces/automl_time_series_ws/runs/AutoML_37fd6c6d-b9ad-49d2-8e41-494870337ec6/batch
WARNING - Retrying (Retry(total=2, connect=3, read=2, redirect=None, status=None)) after connection broken by 'ProtocolError('Connection aborted.', OSError(0, 'Error'))': /jasmine/v1.0/subscriptions/140247fd-63ff-4369-8eab-15ff11693adb/resourceGroups/automl_time_series/providers/Microsoft.MachineLearningServices/workspaces/automl_time_series_ws/experiment/experiment/runs/AutoML_37fd6c6d-b9ad-49d2-8e41-494870337ec6/status/completed
WARNING - Retrying (Retry(total=1, connect=3, read=1, redirect=None, status=None)) after connection broken by 'ProtocolError('Connection aborted.', RemoteDisconnected('Remote end closed connection without response'))': /jasmine/v1.0/subscriptions/140247fd-63ff-4369-8eab-15ff11693adb/resourceGroups/automl_time_series/providers/Microsoft.MachineLearningServices/workspaces/automl_time_series_ws/experiment/experiment/runs/AutoML_37fd6c6d-b9ad-49d2-8e41-494870337ec6/status/completed
WARNING - Retrying (Retry(total=0, connect=3, read=0, redirect=None, status=None)) after connection broken by 'ProtocolError('Connection aborted.', OSError(0, 'Error'))': /jasmine/v1.0/subscriptions/140247fd-63ff-4369-8eab-15ff11693adb/resourceGroups/automl_time_series/providers/Microsoft.MachineLearningServices/workspaces/automl_time_series_ws/experiment/experiment/runs/AutoML_37fd6c6d-b9ad-49d2-8e41-494870337ec6/status/completed
Exception thrown. Cancelling run, since there is at least one successful child run.
ERROR: ServiceException:
	Code: 409
	Message: (UserError) Cannot change run status. Current Status: Completed, TargetStatus: canceled
	Details:

	Headers: {
	    "Date": "Thu, 21 Jan 2021 21:06:43 GMT",
	    "Content-Type": "application/json; charset=utf-8",
	    "Content-Length": "892",
	    "Connection": "keep-alive",
	    "Request-Context": "appId=cid-v1:6a27ce65-5555-41a3-85f7-b7a1ce31fd6b",
	    "x-ms-response-type": "error",
	    "x-ms-client-request-id": "39844488-3273-47aa-8ab8-e65aae958e1d",
	    "x-ms-client-session-id": "",
	    "X-Content-Type-Options": "nosniff",
	    "x-request-time": "23.072",
	    "Strict-Transport-Security": "max-age=15724800; includeSubDomains; preload"
	}
	InnerException: {
    "additional_properties": {
        "componentName": "jasmine"
    },
    "error": {
        "additional_properties": {
            "severity": null
        },
        "code": "UserError",
        "message": "Cannot change run status. Current Status: Completed, TargetStatus: canceled",
        "details_uri": null,
        "target": null,
        "details": [],
        "inner_error": {
            "additional_properties": {},
            "code": "Conflict",
            "inner_error": {
                "additional_properties": {},
                "code": "InvalidRunStateTransition",
                "inner_error": null
            }
        },
        "debug_info": null,
        "message_format": "Cannot change run status. Current Status: {currentStatus}, TargetStatus: {targetStatus}",
        "message_parameters": {
            "currentStatus": "Completed",
            "targetStatus": "canceled"
        },
        "reference_code": null
    },
    "correlation": {
        "operation": "a55d2fc3f3cad048bcaaf05246ed2846",
        "request": "b98171d865b6f148"
    },
    "environment": "northeurope",
    "location": "northeurope",
    "time": {}
}
WARNING - Received unrecognized parameter ensemble_download_models_timeout_sec
WARNING - Received unrecognized parameter ensemble_download_models_timeout_sec
WARNING - Received unrecognized parameter ensemble_download_models_timeout_sec
WARNING - Retrying (Retry(total=2, connect=3, read=2, redirect=None, status=None)) after connection broken by 'ProtocolError('Connection aborted.', BrokenPipeError(32, 'Broken pipe'))': /history/v1.0/subscriptions/140247fd-63ff-4369-8eab-15ff11693adb/resourceGroups/automl_time_series/providers/Microsoft.MachineLearningServices/workspaces/automl_time_series_ws/experiments/experiment/runs:query
WARNING - Retrying (Retry(total=1, connect=3, read=1, redirect=None, status=None)) after connection broken by 'ProtocolError('Connection aborted.', OSError(0, 'Error'))': /history/v1.0/subscriptions/140247fd-63ff-4369-8eab-15ff11693adb/resourceGroups/automl_time_series/providers/Microsoft.MachineLearningServices/workspaces/automl_time_series_ws/experiments/experiment/runs:query
WARNING - Retrying (Retry(total=0, connect=3, read=0, redirect=None, status=None)) after connection broken by 'ProtocolError('Connection aborted.', OSError(0, 'Error'))': /history/v1.0/subscriptions/140247fd-63ff-4369-8eab-15ff11693adb/resourceGroups/automl_time_series/providers/Microsoft.MachineLearningServices/workspaces/automl_time_series_ws/experiments/experiment/runs:query
Traceback (most recent call last):
  File "/projappl/project_2003107/anaconda3/envs/azure_automl/lib/python3.7/site-packages/urllib3/connectionpool.py", line 677, in urlopen
    chunked=chunked,
  File "/projappl/project_2003107/anaconda3/envs/azure_automl/lib/python3.7/site-packages/urllib3/connectionpool.py", line 392, in _make_request
    conn.request(method, url, **httplib_request_kw)
  File "/projappl/project_2003107/anaconda3/envs/azure_automl/lib/python3.7/http/client.py", line 1252, in request
    self._send_request(method, url, body, headers, encode_chunked)
  File "/projappl/project_2003107/anaconda3/envs/azure_automl/lib/python3.7/http/client.py", line 1298, in _send_request
    self.endheaders(body, encode_chunked=encode_chunked)
  File "/projappl/project_2003107/anaconda3/envs/azure_automl/lib/python3.7/http/client.py", line 1247, in endheaders
    self._send_output(message_body, encode_chunked=encode_chunked)
  File "/projappl/project_2003107/anaconda3/envs/azure_automl/lib/python3.7/http/client.py", line 1065, in _send_output
    self.send(chunk)
  File "/projappl/project_2003107/anaconda3/envs/azure_automl/lib/python3.7/http/client.py", line 987, in send
    self.sock.sendall(data)
  File "/projappl/project_2003107/anaconda3/envs/azure_automl/lib/python3.7/ssl.py", line 1034, in sendall
    v = self.send(byte_view[count:])
  File "/projappl/project_2003107/anaconda3/envs/azure_automl/lib/python3.7/ssl.py", line 1003, in send
    return self._sslobj.write(data)
BrokenPipeError: [Errno 32] Broken pipe

During handling of the above exception, another exception occurred:

Traceback (most recent call last):
  File "/projappl/project_2003107/anaconda3/envs/azure_automl/lib/python3.7/site-packages/requests/adapters.py", line 449, in send
    timeout=timeout
  File "/projappl/project_2003107/anaconda3/envs/azure_automl/lib/python3.7/site-packages/urllib3/connectionpool.py", line 767, in urlopen
    **response_kw
  File "/projappl/project_2003107/anaconda3/envs/azure_automl/lib/python3.7/site-packages/urllib3/connectionpool.py", line 767, in urlopen
    **response_kw
  File "/projappl/project_2003107/anaconda3/envs/azure_automl/lib/python3.7/site-packages/urllib3/connectionpool.py", line 767, in urlopen
    **response_kw
  File "/projappl/project_2003107/anaconda3/envs/azure_automl/lib/python3.7/site-packages/urllib3/connectionpool.py", line 727, in urlopen
    method, url, error=e, _pool=self, _stacktrace=sys.exc_info()[2]
  File "/projappl/project_2003107/anaconda3/envs/azure_automl/lib/python3.7/site-packages/urllib3/util/retry.py", line 439, in increment
    raise MaxRetryError(_pool, url, error or ResponseError(cause))
urllib3.exceptions.MaxRetryError: HTTPSConnectionPool(host='northeurope.experiments.azureml.net', port=443): Max retries exceeded with url: /history/v1.0/subscriptions/140247fd-63ff-4369-8eab-15ff11693adb/resourceGroups/automl_time_series/providers/Microsoft.MachineLearningServices/workspaces/automl_time_series_ws/experiments/experiment/runs:query (Caused by ProtocolError('Connection aborted.', BrokenPipeError(32, 'Broken pipe')))

During handling of the above exception, another exception occurred:

Traceback (most recent call last):
  File "/projappl/project_2003107/anaconda3/envs/azure_automl/lib/python3.7/site-packages/msrest/universal_http/requests.py", line 142, in send
    **kwargs)
  File "/projappl/project_2003107/anaconda3/envs/azure_automl/lib/python3.7/site-packages/requests/sessions.py", line 530, in request
    resp = self.send(prep, **send_kwargs)
  File "/projappl/project_2003107/anaconda3/envs/azure_automl/lib/python3.7/site-packages/requests/sessions.py", line 643, in send
    r = adapter.send(request, **kwargs)
  File "/projappl/project_2003107/anaconda3/envs/azure_automl/lib/python3.7/site-packages/requests/adapters.py", line 516, in send
    raise ConnectionError(e, request=request)
requests.exceptions.ConnectionError: HTTPSConnectionPool(host='northeurope.experiments.azureml.net', port=443): Max retries exceeded with url: /history/v1.0/subscriptions/140247fd-63ff-4369-8eab-15ff11693adb/resourceGroups/automl_time_series/providers/Microsoft.MachineLearningServices/workspaces/automl_time_series_ws/experiments/experiment/runs:query (Caused by ProtocolError('Connection aborted.', BrokenPipeError(32, 'Broken pipe')))

During handling of the above exception, another exception occurred:

Traceback (most recent call last):
  File "azure_automl.py", line 72, in <module>
    main(args.train_path, args.pred_path, args.n_pred, args.dt, args.target, args.time_limit_min)
  File "azure_automl.py", line 33, in main
    best_run, fitted_model = experiment.submit(automl_config, show_output=True).get_output()
  File "/projappl/project_2003107/anaconda3/envs/azure_automl/lib/python3.7/site-packages/azureml/train/automl/run.py", line 666, in get_output
    activity_name=automl_shared_constants.TelemetryConstants.GET_OUTPUT
  File "/projappl/project_2003107/anaconda3/envs/azure_automl/lib/python3.7/site-packages/azureml/train/automl/run.py", line 591, in _get_child_run
    curr_run, child_runs_and_scores = self._get_run_internal(iteration, metric, "get_output")
  File "/projappl/project_2003107/anaconda3/envs/azure_automl/lib/python3.7/site-packages/azureml/train/automl/run.py", line 746, in _get_run_internal
    child_runs_and_scores = self._get_all_automl_child_runs(metric)
  File "/projappl/project_2003107/anaconda3/envs/azure_automl/lib/python3.7/site-packages/azureml/train/automl/run.py", line 766, in _get_all_automl_child_runs
    metrics = self.get_metrics(recursive=True)
  File "/projappl/project_2003107/anaconda3/envs/azure_automl/lib/python3.7/site-packages/azureml/core/run.py", line 1160, in get_metrics
    populate=populate, root_run_id=self._root_run_id)
  File "/projappl/project_2003107/anaconda3/envs/azure_automl/lib/python3.7/site-packages/azureml/_run_impl/run_history_facade.py", line 337, in get_metrics
    runtype=run_type)
  File "/projappl/project_2003107/anaconda3/envs/azure_automl/lib/python3.7/site-packages/azureml/_run_impl/run_history_facade.py", line 334, in <listcomp>
    child.run_id for child in self.get_descendants(
  File "/projappl/project_2003107/anaconda3/envs/azure_automl/lib/python3.7/site-packages/azureml/_run_impl/run_history_facade.py", line 386, in get_descendants
    for child in children:
  File "/projappl/project_2003107/anaconda3/envs/azure_automl/lib/python3.7/site-packages/azureml/_restclient/clientbase.py", line 251, in _call_paginated_api
    paginated_dto = next_page.wait(awaiter_name="ApiPagination")
  File "/projappl/project_2003107/anaconda3/envs/azure_automl/lib/python3.7/site-packages/azureml/_common/async_utils/async_task.py", line 59, in wait
    res = self._handler(self._future, self._logger)
  File "/projappl/project_2003107/anaconda3/envs/azure_automl/lib/python3.7/site-packages/azureml/_common/async_utils/async_task.py", line 16, in basic_handler
    return future.result()
  File "/projappl/project_2003107/anaconda3/envs/azure_automl/lib/python3.7/concurrent/futures/_base.py", line 435, in result
    return self.__get_result()
  File "/projappl/project_2003107/anaconda3/envs/azure_automl/lib/python3.7/concurrent/futures/_base.py", line 384, in __get_result
    raise self._exception
  File "/projappl/project_2003107/anaconda3/envs/azure_automl/lib/python3.7/concurrent/futures/thread.py", line 57, in run
    result = self.fn(*self.args, **self.kwargs)
  File "/projappl/project_2003107/anaconda3/envs/azure_automl/lib/python3.7/site-packages/azureml/_restclient/clientbase.py", line 321, in _execute_with_base_arguments
    back_off, total_retry, self._logger, func, _noop_reset, *args, **kwargs)
  File "/projappl/project_2003107/anaconda3/envs/azure_automl/lib/python3.7/site-packages/azureml/_restclient/clientbase.py", line 336, in _execute_func_internal
    left_retry = cls._handle_retry(back_off, left_retry, total_retry, error, logger, func)
  File "/projappl/project_2003107/anaconda3/envs/azure_automl/lib/python3.7/site-packages/azureml/_restclient/clientbase.py", line 387, in _handle_retry
    raise error
  File "/projappl/project_2003107/anaconda3/envs/azure_automl/lib/python3.7/site-packages/azureml/_restclient/clientbase.py", line 334, in _execute_func_internal
    return func(*args, **kwargs)
  File "/projappl/project_2003107/anaconda3/envs/azure_automl/lib/python3.7/site-packages/azureml/_restclient/operations/run_operations.py", line 651, in get_by_query
    request, header_parameters, body_content, stream=False, **operation_config)
  File "/projappl/project_2003107/anaconda3/envs/azure_automl/lib/python3.7/site-packages/msrest/service_client.py", line 336, in send
    pipeline_response = self.config.pipeline.run(request, **kwargs)
  File "/projappl/project_2003107/anaconda3/envs/azure_automl/lib/python3.7/site-packages/msrest/pipeline/__init__.py", line 197, in run
    return first_node.send(pipeline_request, **kwargs)  # type: ignore
  File "/projappl/project_2003107/anaconda3/envs/azure_automl/lib/python3.7/site-packages/msrest/pipeline/__init__.py", line 150, in send
    response = self.next.send(request, **kwargs)
  File "/projappl/project_2003107/anaconda3/envs/azure_automl/lib/python3.7/site-packages/msrest/pipeline/requests.py", line 72, in send
    return self.next.send(request, **kwargs)
  File "/projappl/project_2003107/anaconda3/envs/azure_automl/lib/python3.7/site-packages/msrest/pipeline/requests.py", line 137, in send
    return self.next.send(request, **kwargs)
  File "/projappl/project_2003107/anaconda3/envs/azure_automl/lib/python3.7/site-packages/msrest/pipeline/__init__.py", line 150, in send
    response = self.next.send(request, **kwargs)
  File "/projappl/project_2003107/anaconda3/envs/azure_automl/lib/python3.7/site-packages/msrest/pipeline/requests.py", line 193, in send
    self.driver.send(request.http_request, **kwargs)
  File "/projappl/project_2003107/anaconda3/envs/azure_automl/lib/python3.7/site-packages/msrest/universal_http/requests.py", line 333, in send
    return super(RequestsHTTPSender, self).send(request, **requests_kwargs)
  File "/projappl/project_2003107/anaconda3/envs/azure_automl/lib/python3.7/site-packages/msrest/universal_http/requests.py", line 145, in send
    raise_with_traceback(ClientRequestError, msg, err)
  File "/projappl/project_2003107/anaconda3/envs/azure_automl/lib/python3.7/site-packages/msrest/exceptions.py", line 51, in raise_with_traceback
    raise error.with_traceback(exc_traceback)
  File "/projappl/project_2003107/anaconda3/envs/azure_automl/lib/python3.7/site-packages/msrest/universal_http/requests.py", line 142, in send
    **kwargs)
  File "/projappl/project_2003107/anaconda3/envs/azure_automl/lib/python3.7/site-packages/requests/sessions.py", line 530, in request
    resp = self.send(prep, **send_kwargs)
  File "/projappl/project_2003107/anaconda3/envs/azure_automl/lib/python3.7/site-packages/requests/sessions.py", line 643, in send
    r = adapter.send(request, **kwargs)
  File "/projappl/project_2003107/anaconda3/envs/azure_automl/lib/python3.7/site-packages/requests/adapters.py", line 516, in send
    raise ConnectionError(e, request=request)
msrest.exceptions.ClientRequestError: Error occurred in request., ConnectionError: HTTPSConnectionPool(host='northeurope.experiments.azureml.net', port=443): Max retries exceeded with url: /history/v1.0/subscriptions/140247fd-63ff-4369-8eab-15ff11693adb/resourceGroups/automl_time_series/providers/Microsoft.MachineLearningServices/workspaces/automl_time_series_ws/experiments/experiment/runs:query (Caused by ProtocolError('Connection aborted.', BrokenPipeError(32, 'Broken pipe')))
