WARNING - Received unrecognized parameter ensemble_download_models_timeout_sec
Running on local machine
Parent Run ID: AutoML_195016a4-4473-4e8d-b6c5-93e768b900d6

Current status: DatasetFeaturization. Beginning to featurize the dataset.
Current status: DatasetFeaturizationCompleted. Completed featurizing the dataset.
Heuristic parameters: Target_Lag = '[0]', Target_Rolling_Window = '0'.
WARNING - Converting non-string tag to string: (forecasting_target_lags: [0])
WARNING - Converting non-string tag to string: (forecasting_target_rolling_window_size: 0)
WARNING - Converting non-string tag to string: (forecasting_max_horizon: 2223)
Current status: DatasetCrossValidationSplit. Generating individually featurized CV splits.
Current status: DatasetFeaturization. Beginning to featurize the CV split.
Current status: DatasetFeaturizationCompleted. Completed featurizing the CV split.
Current status: DatasetFeaturization. Beginning to featurize the CV split.
Current status: DatasetFeaturizationCompleted. Completed featurizing the CV split.
Current status: DatasetFeaturization. Beginning to featurize the CV split.
Current status: DatasetFeaturizationCompleted. Completed featurizing the CV split.
Current status: DatasetFeaturization. Beginning to featurize the CV split.
Current status: DatasetFeaturizationCompleted. Completed featurizing the CV split.
Current status: DatasetFeaturization. Beginning to featurize the CV split.
Current status: DatasetFeaturizationCompleted. Completed featurizing the CV split.

****************************************************************************************************
DATA GUARDRAILS: 

TYPE:         Frequency detection
STATUS:       PASSED
DESCRIPTION:  The time series was analyzed, all data points are aligned with detected frequency.
              

****************************************************************************************************

TYPE:         Missing feature values imputation
STATUS:       PASSED
DESCRIPTION:  No feature missing values were detected in the training data.
              Learn more about missing value imputation: https://aka.ms/AutomatedMLFeaturization

****************************************************************************************************

TYPE:         Memory Issues Detection
STATUS:       PASSED
DESCRIPTION:  The selected horizon, lag and rolling window values were analyzed, and no potential memory issues were detected.
              Learn more about time-series forecasting configurations: https://aka.ms/AutomatedMLForecastingConfiguration

****************************************************************************************************
Current status: ModelSelection. Beginning model selection.

****************************************************************************************************
ITERATION: The iteration being evaluated.
PIPELINE: A summary description of the pipeline being evaluated.
DURATION: Time taken for the current iteration.
METRIC: The result of computing score on the fitted pipeline.
BEST: The best observed score thus far.
****************************************************************************************************

 ITERATION   PIPELINE                                       DURATION      METRIC      BEST
         0   MaxAbsScaler DecisionTree                      0:00:22       0.2072    0.2072
         1   MinMaxScaler DecisionTree                      0:00:22       0.2086    0.2072
         2   StandardScalerWrapper LassoLars                0:00:23       0.2149    0.2072
         3   RobustScaler ElasticNet                        0:00:32       0.2138    0.2072
         4   StandardScalerWrapper LassoLars                0:00:28       0.2149    0.2072
         5   RobustScaler ElasticNet                        0:00:28       0.2149    0.2072
         6   RobustScaler DecisionTree                      0:00:34       0.2076    0.2072
         7   MinMaxScaler DecisionTree                      0:00:28       0.2175    0.2072
         8   RobustScaler DecisionTree                      0:00:28       0.2072    0.2072
         9   MinMaxScaler DecisionTree                      0:00:27       0.2099    0.2072
        10   StandardScalerWrapper DecisionTree             0:00:27       0.2095    0.2072
        11   StandardScalerWrapper DecisionTree             0:00:26       0.2095    0.2072
        12   RobustScaler DecisionTree                      0:00:27       0.2096    0.2072
        13   RobustScaler ElasticNet                        0:00:26       0.2136    0.2072
        14   StandardScalerWrapper DecisionTree             0:00:27       0.2098    0.2072
        15   MinMaxScaler DecisionTree                      0:00:25       0.2110    0.2072
        16   MinMaxScaler DecisionTree                      0:00:23       0.2089    0.2072
        17   RobustScaler DecisionTree                      0:00:23       0.2088    0.2072
        18   RobustScaler DecisionTree                      0:00:24       0.2081    0.2072
        19   StandardScalerWrapper DecisionTree             0:00:23       0.2094    0.2072
        20   WARNING - Retrying (Retry(total=2, connect=None, read=None, redirect=None, status=None)) after connection broken by 'ProtocolError('Connection aborted.', ConnectionResetError(104, 'Connection reset by peer'))': /azureml/ExperimentRun/dcid.AutoML_195016a4-4473-4e8d-b6c5-93e768b900d6_20/outputs/conda_env_v_1_0_0.yml?sv=2019-02-02&sr=b&sig=RVsQURpw11th2vOctBFoFenXTrlqT%2Fk3Hg5iRTEtyms%3D&st=2020-10-02T18%3A47%3A20Z&se=2020-10-03T18%3A57%3A20Z&sp=rcw&comp=block&blockid=TURBd01EQXdNREF3TURBd01EQXdNREF3TURBd01EQXdNREF3TURBd01EQSUzRA%3D%3D&timeout=30
WARNING - Retrying (Retry(total=2, connect=None, read=None, redirect=None, status=None)) after connection broken by 'ProtocolError('Connection aborted.', ConnectionResetError(104, 'Connection reset by peer'))': /azureml/ExperimentRun/dcid.AutoML_195016a4-4473-4e8d-b6c5-93e768b900d6_20/outputs/env_dependencies.json?sv=2019-02-02&sr=b&sig=%2FgD2tfiZ4gsS7iHNKH1AJ5DtLpR7R21jmUbx410Jd0k%3D&st=2020-10-02T18%3A47%3A20Z&se=2020-10-03T18%3A57%3A20Z&sp=rcw&comp=block&blockid=TURBd01EQXdNREF3TURBd01EQXdNREF3TURBd01EQXdNREF3TURBd01EQSUzRA%3D%3D&timeout=30
StandardScalerWrapper DecisionTree             0:03:07       0.2128    0.2072
        21   StandardScalerWrapper ExtremeRandomTrees       0:00:25       0.2066    0.2066
        22   MinMaxScaler LightGBM                          0:00:22       0.2061    0.2061
        23   MinMaxScaler DecisionTree                      0:00:30       0.2112    0.2061
        24   MinMaxScaler DecisionTree                      0:00:33       0.2082    0.2061
        25   MinMaxScaler LightGBM                          0:00:33       0.2068    0.2061
        26   StandardScalerWrapper RandomForest             0:00:29       0.2069    0.2061
        27   StandardScalerWrapper ExtremeRandomTrees       0:00:32       0.2063    0.2061
        28   WARNING - Retrying (Retry(total=2, connect=None, read=None, redirect=None, status=None)) after connection broken by 'ProtocolError('Connection aborted.', ConnectionResetError(104, 'Connection reset by peer'))': /azureml/ExperimentRun/dcid.AutoML_195016a4-4473-4e8d-b6c5-93e768b900d6_28/outputs/scoring_file_v_1_0_0.py?sv=2019-02-02&sr=b&sig=4HllYIwdo7lekwqw%2FhEoJ95BoGiAq4IhCIkOx8L0kDc%3D&st=2020-10-02T18%3A54%3A02Z&se=2020-10-03T19%3A04%3A02Z&sp=rcw&comp=block&blockid=TURBd01EQXdNREF3TURBd01EQXdNREF3TURBd01EQXdNREF3TURBd01EQSUzRA%3D%3D&timeout=30
RobustScaler ExtremeRandomTrees                0:03:05       0.2064    0.2061
        29   MinMaxScaler ExtremeRandomTrees                0:00:30       0.2063    0.2061
        30   StandardScalerWrapper LightGBM                 0:00:28       0.2063    0.2061
        31   WARNING - Retrying (Retry(total=2, connect=None, read=None, redirect=None, status=None)) after connection broken by 'ProtocolError('Connection aborted.', ConnectionResetError(104, 'Connection reset by peer'))': /azureml/ExperimentRun/dcid.AutoML_195016a4-4473-4e8d-b6c5-93e768b900d6_31/outputs/model.pkl?sv=2019-02-02&sr=b&sig=wJj9DF6xWCEHV9REbsmv66zmB6ZiLuJs7l2BYmjarqs%3D&st=2020-10-02T18%3A58%3A10Z&se=2020-10-03T19%3A08%3A10Z&sp=rcw&comp=block&blockid=TURBd01EQXdNREF3TURBd01EQXdNREF3TURBd01EQXdNREF3TURBd01EQSUzRA%3D%3D&timeout=30
StandardScalerWrapper RandomForest             0:03:01       0.2063    0.2061
        32   StandardScalerWrapper ExtremeRandomTrees       0:00:23       0.2064    0.2061
        33   RobustScaler RandomForest                      0:00:25       0.2073    0.2061
        34   StandardScalerWrapper ExtremeRandomTrees       0:00:33       0.2063    0.2061
        35   MinMaxScaler LightGBM                          0:00:29       0.2068    0.2061
        36   StandardScalerWrapper ExtremeRandomTrees       0:00:35       0.2063    0.2061
        37   RobustScaler RandomForest                      0:00:28       0.2064    0.2061
        38   RobustScaler ExtremeRandomTrees                0:00:24       0.2064    0.2061
        39   RobustScaler ExtremeRandomTrees                0:00:29       0.2064    0.2061
        40   RobustScaler LightGBM                          0:00:23       0.2067    0.2061
        41   RobustScaler RandomForest                      0:00:25       0.2066    0.2061
        42   MinMaxScaler ExtremeRandomTrees                0:00:28       0.2067    0.2061
        43   RobustScaler ExtremeRandomTrees                0:00:24       0.2064    0.2061
        44   RobustScaler ExtremeRandomTrees                0:00:27       0.2068    0.2061
        45   MinMaxScaler LightGBM                          0:00:24       0.2062    0.2061
        46   MinMaxScaler RandomForest                      0:00:22       0.2065    0.2061
        47   RobustScaler RandomForest                      0:00:29       0.2070    0.2061
        48   MinMaxScaler ExtremeRandomTrees                0:00:31       0.2063    0.2061
        49   MinMaxScaler ExtremeRandomTrees                0:00:31       0.2064    0.2061
        50   StandardScalerWrapper LightGBM                 0:00:26       0.2062    0.2061
        51   StandardScalerWrapper ExtremeRandomTrees       0:00:30       0.2063    0.2061
        52   RobustScaler ExtremeRandomTrees                0:00:27       0.2063    0.2061
        53   RobustScaler RandomForest                      0:00:27       0.2063    0.2061
        54   RobustScaler ExtremeRandomTrees                0:00:28       0.2065    0.2061
        55   MinMaxScaler LightGBM                          0:00:31       0.2402    0.2061
        56   MinMaxScaler ExtremeRandomTrees                0:00:44       0.2065    0.2061
        57   StandardScalerWrapper ExtremeRandomTrees       0:00:25       0.2066    0.2061
        58   StandardScalerWrapper ExtremeRandomTrees       0:00:32       0.2063    0.2061
        59   StandardScalerWrapper ExtremeRandomTrees       0:00:30       0.2064    0.2061
        60   RobustScaler LightGBM                          0:00:27       0.2067    0.2061
        61   MinMaxScaler DecisionTree                      0:00:23       0.2073    0.2061
        62   MinMaxScaler RandomForest                      0:00:27       0.2064    0.2061
        63   RobustScaler RandomForest                      0:00:25       0.2064    0.2061
        64   StandardScalerWrapper RandomForest             0:00:27       0.2066    0.2061
        65   MinMaxScaler LightGBM                          0:00:24       0.2070    0.2061
        66   RobustScaler ExtremeRandomTrees                0:00:31       0.2064    0.2061
        67   StandardScalerWrapper RandomForest             0:00:24       0.2066    0.2061
        68   MinMaxScaler ExtremeRandomTrees                0:00:25       0.2062    0.2061
        69   WARNING - Retrying (Retry(total=2, connect=None, read=None, redirect=None, status=None)) after connection broken by 'ProtocolError('Connection aborted.', ConnectionResetError(104, 'Connection reset by peer'))': /azureml/ExperimentRun/dcid.AutoML_195016a4-4473-4e8d-b6c5-93e768b900d6_69/outputs/env_dependencies.json?sv=2019-02-02&sr=b&sig=NrtkV0ivU1ih2qMZ3m9p%2FScUz7FFv1WSFPF9rQnJmtM%3D&st=2020-10-02T19%3A18%3A25Z&se=2020-10-03T19%3A28%3A25Z&sp=rcw&comp=block&blockid=TURBd01EQXdNREF3TURBd01EQXdNREF3TURBd01EQXdNREF3TURBd01EQSUzRA%3D%3D&timeout=30
RobustScaler ExtremeRandomTrees                0:03:07       0.2063    0.2061
        70   MinMaxScaler LightGBM                          0:00:22       0.2070    0.2061
        71   StandardScalerWrapper ExtremeRandomTrees       0:00:27       0.2064    0.2061
        72   StandardScalerWrapper RandomForest             0:00:30       0.2065    0.2061
        73   MinMaxScaler ExtremeRandomTrees                0:00:32       0.2063    0.2061
        74   RobustScaler RandomForest                      0:00:31       0.2063    0.2061
        75   WARNING - Retrying (Retry(total=2, connect=None, read=None, redirect=None, status=None)) after connection broken by 'ProtocolError('Connection aborted.', ConnectionResetError(104, 'Connection reset by peer'))': /azureml/ExperimentRun/dcid.AutoML_195016a4-4473-4e8d-b6c5-93e768b900d6_75/outputs/conda_env_v_1_0_0.yml?sv=2019-02-02&sr=b&sig=d6aBLgbVhzEvWj2ZXFdB%2BecsGelUNtJF3O9uYdm1lHo%3D&st=2020-10-02T19%3A23%3A56Z&se=2020-10-03T19%3A33%3A56Z&sp=rcw&comp=block&blockid=TURBd01EQXdNREF3TURBd01EQXdNREF3TURBd01EQXdNREF3TURBd01EQSUzRA%3D%3D&timeout=30
MinMaxScaler LightGBM                          0:03:06       0.2069    0.2061
        76   MinMaxScaler ExtremeRandomTrees                0:00:25       0.2063    0.2061
        77   MinMaxScaler ExtremeRandomTrees                0:00:24       0.2063    0.2061
        78   StandardScalerWrapper RandomForest             0:00:24       0.2063    0.2061
        79   RobustScaler ExtremeRandomTrees                0:00:24       0.2064    0.2061
        80   MinMaxScaler LightGBM                          0:00:17       0.2068    0.2061
        81   MinMaxScaler ExtremeRandomTrees                0:00:24       0.2063    0.2061
        82   StandardScalerWrapper GradientBoosting         0:00:24       0.2062    0.2061
        83   StandardScalerWrapper ExtremeRandomTrees       0:00:26       0.2062    0.2061
        84   StandardScalerWrapper RandomForest             0:00:24       0.2063    0.2061
        85   RobustScaler LightGBM                          0:00:22       0.2073    0.2061
        86   StandardScalerWrapper ExtremeRandomTrees       0:00:23       0.2065    0.2061
        87   RobustScaler RandomForest                      0:00:25       0.2064    0.2061
        88   RobustScaler ExtremeRandomTrees                0:00:25       0.2066    0.2061
        89   MinMaxScaler ExtremeRandomTrees                0:00:26       0.2063    0.2061
        90   MinMaxScaler LightGBM                          0:00:18       0.2069    0.2061
        91   StandardScalerWrapper ExtremeRandomTrees       0:00:25       0.2064    0.2061
        92   MinMaxScaler ExtremeRandomTrees                0:00:24       0.2064    0.2061
        93   RobustScaler GradientBoosting                  0:00:24       0.2063    0.2061
        94   RobustScaler ExtremeRandomTrees                0:00:26       0.2063    0.2061
        95   RobustScaler LightGBM                          0:00:24       0.2064    0.2061
        96   RobustScaler ExtremeRandomTrees                0:00:32       0.2062    0.2061
        97   StandardScalerWrapper ExtremeRandomTrees       0:00:28       0.2063    0.2061
        98   StandardScalerWrapper ExtremeRandomTrees       0:00:24       0.2064    0.2061
        99   StandardScalerWrapper ExtremeRandomTrees       0:00:28       0.2064    0.2061
       100   RobustScaler LightGBM                          0:00:23       0.2062    0.2061
       101   StandardScalerWrapper ExtremeRandomTrees       0:00:24       0.2064    0.2061
       102   RobustScaler RandomForest                      0:00:26       0.2064    0.2061
       103   StandardScalerWrapper RandomForest             0:00:25       0.2063    0.2061
       104   MinMaxScaler ExtremeRandomTrees                0:00:25       0.2063    0.2061
       105   MinMaxScaler LightGBM                          0:00:22       0.2077    0.2061
       106   MinMaxScaler ExtremeRandomTrees                0:00:25       0.2063    0.2061
       107   MinMaxScaler RandomForest                      0:00:24       0.2062    0.2061
       108   StandardScalerWrapper RandomForest             0:00:28       0.2066    0.2061
       109   RobustScaler RandomForest                      0:00:25       0.2064    0.2061
       110   RobustScaler LightGBM                          0:00:24       0.2087    0.2061
       111   RobustScaler ExtremeRandomTrees                0:00:22       0.2065    0.2061
       112   StandardScalerWrapper RandomForest             0:00:24       0.2068    0.2061
       113   RobustScaler RandomForest                      0:00:25       0.2064    0.2061
       114   MinMaxScaler RandomForest                      0:00:30       0.2062    0.2061
       115   StandardScalerWrapper LightGBM                 0:00:22       0.2076    0.2061
       116   StandardScalerWrapper ExtremeRandomTrees       0:00:26       0.2063    0.2061
       117   RobustScaler ExtremeRandomTrees                0:00:26       0.2063    0.2061
       118   StandardScalerWrapper ExtremeRandomTrees       0:00:27       0.2064    0.2061
       119   StandardScalerWrapper RandomForest             0:00:27       0.2072    0.2061
       120   StandardScalerWrapper LightGBM                 0:00:23       0.2071    0.2061
       121   StandardScalerWrapper ExtremeRandomTrees       0:00:25       0.2064    0.2061
       122   RobustScaler ExtremeRandomTrees                0:00:26       0.2064    0.2061
       123   RobustScaler ExtremeRandomTrees                0:01:22       0.2064    0.2061
       124   StandardScalerWrapper RandomForest             0:00:24       0.2064    0.2061
       125   MinMaxScaler LightGBM                          0:00:22       0.2075    0.2061
       126   StandardScalerWrapper RandomForest             0:00:25       0.2065    0.2061
       127   StandardScalerWrapper ExtremeRandomTrees       0:00:25       0.2065    0.2061
       128   MinMaxScaler RandomForest                      0:00:29       0.2062    0.2061
       129   RobustScaler RandomForest                      0:00:25       0.2064    0.2061
       130   StandardScalerWrapper LightGBM                 0:00:24       0.2068    0.2061
       131   RobustScaler ExtremeRandomTrees                0:00:28       0.2063    0.2061
       132   MinMaxScaler ExtremeRandomTrees                0:00:24       0.2064    0.2061
       133   RobustScaler RandomForest                      0:00:19       0.2064    0.2061
       134   RobustScaler RandomForest                      0:00:24       0.2066    0.2061
       135   RobustScaler LightGBM                          0:00:18       0.2068    0.2061
       136   MinMaxScaler RandomForest                      0:00:31       0.2064    0.2061
       137   RobustScaler ExtremeRandomTrees                0:00:32       0.2167    0.2061
       138   RobustScaler ExtremeRandomTrees                0:00:24       0.2065    0.2061
       139   MinMaxScaler RandomForest                      0:00:24       0.2063    0.2061
       140   RobustScaler LightGBM                          0:00:23       0.2065    0.2061
       141   MinMaxScaler RandomForest                      0:00:25       0.2063    0.2061
       142   RobustScaler ExtremeRandomTrees                0:00:24       0.2062    0.2061
       143   RobustScaler RandomForest                      0:00:18       0.2065    0.2061
       144   StandardScalerWrapper ExtremeRandomTrees       0:00:28       0.2065    0.2061
       145   RobustScaler LightGBM                          0:00:22       0.2060    0.2060
       146   RobustScaler ExtremeRandomTrees                0:00:27       0.2064    0.2060
       147   StandardScalerWrapper ExtremeRandomTrees       0:00:23       0.2065    0.2060
       148   MinMaxScaler ExtremeRandomTrees                0:00:24       0.2064    0.2060
       149   MinMaxScaler ExtremeRandomTrees                0:00:24       0.2064    0.2060
       150   RobustScaler LightGBM                          0:00:24       0.2065    0.2060
       151   RobustScaler ExtremeRandomTrees                0:00:25       0.2064    0.2060
       152   WARNING - Retrying (Retry(total=2, connect=None, read=None, redirect=None, status=None)) after connection broken by 'ProtocolError('Connection aborted.', ConnectionResetError(104, 'Connection reset by peer'))': /azureml/ExperimentRun/dcid.AutoML_195016a4-4473-4e8d-b6c5-93e768b900d6_152/outputs/model.pkl?sv=2019-02-02&sr=b&sig=Bs6Z4uaxp%2FwXOLCEBkLnhUwK0B%2B%2Ft%2BLcnz1bIjUBZ%2B8%3D&st=2020-10-02T19%3A59%3A48Z&se=2020-10-03T20%3A09%3A48Z&sp=rcw&comp=block&blockid=TURBd01EQXdNREF3TURBd01EQXdNREF3TURBd01EQXdNREF3TURBd01EQSUzRA%3D%3D&timeout=30
StandardScalerWrapper ExtremeRandomTrees       0:03:07       0.2064    0.2060
       153   MinMaxScaler ExtremeRandomTrees                0:00:24       0.2064    0.2060
       154   StandardScalerWrapper ExtremeRandomTrees       0:00:27       0.2064    0.2060
       155   StandardScalerWrapper LightGBM                 0:00:23       0.2067    0.2060
       156   MinMaxScaler ExtremeRandomTrees                0:01:10       0.2066    0.2060
       157   RobustScaler ExtremeRandomTrees                0:00:27       0.2062    0.2060
       158   MinMaxScaler RandomForest                      0:00:26       0.2063    0.2060
       159   MinMaxScaler ExtremeRandomTrees                0:00:26       0.2064    0.2060
       160   RobustScaler LightGBM                          0:00:24       0.2070    0.2060
       161   StandardScalerWrapper RandomForest             0:00:27       0.2065    0.2060
       162   WARNING - Retrying (Retry(total=2, connect=None, read=None, redirect=None, status=None)) after connection broken by 'ProtocolError('Connection aborted.', ConnectionResetError(104, 'Connection reset by peer'))': /azureml/ExperimentRun/dcid.AutoML_195016a4-4473-4e8d-b6c5-93e768b900d6_162/outputs/model.pkl?sv=2019-02-02&sr=b&sig=cGWRXQO8yr%2BkypMbKcbx%2FBhqmLKjgwxDdiKn06isQ%2Bw%3D&st=2020-10-02T20%3A07%3A34Z&se=2020-10-03T20%3A17%3A34Z&sp=rcw&comp=block&blockid=TURBd01EQXdNREF3TURBd01EQXdNREF3TURBd01EQXdNREF3TURBd01EQSUzRA%3D%3D&timeout=30
MinMaxScaler RandomForest                      0:03:01       0.2065    0.2060
       163   WARNING - Retrying (Retry(total=2, connect=None, read=None, redirect=None, status=None)) after connection broken by 'ProtocolError('Connection aborted.', ConnectionResetError(104, 'Connection reset by peer'))': /azureml/ExperimentRun/dcid.AutoML_195016a4-4473-4e8d-b6c5-93e768b900d6_163/outputs/conda_env_v_1_0_0.yml?sv=2019-02-02&sr=b&sig=s2d3gOnBq%2F6f81apfHgfZe9wBUPbnIIfNaejp1Q1gOE%3D&st=2020-10-02T20%3A10%3A37Z&se=2020-10-03T20%3A20%3A37Z&sp=rcw&comp=block&blockid=TURBd01EQXdNREF3TURBd01EQXdNREF3TURBd01EQXdNREF3TURBd01EQSUzRA%3D%3D&timeout=30
MinMaxScaler RandomForest                      0:00:30       0.2067    0.2060
       164   StandardScalerWrapper ExtremeRandomTrees       0:00:24       0.2065    0.2060
       165   StandardScalerWrapper LightGBM                 0:01:22       0.2078    0.2060
       166   RobustScaler RandomForest                      0:00:24       0.2064    0.2060
       167   MinMaxScaler RandomForest                      0:00:25       0.2065    0.2060
       168   RobustScaler ExtremeRandomTrees                0:00:26       0.2066    0.2060
       169   RobustScaler ExtremeRandomTrees                0:00:29       0.2063    0.2060
       170   RobustScaler LightGBM                          0:00:26       0.2123    0.2060
       171   MinMaxScaler RandomForest                      0:00:25       0.2066    0.2060
       172   StandardScalerWrapper RandomForest             0:00:24       0.2062    0.2060
       173   MinMaxScaler ExtremeRandomTrees                0:00:23       0.2065    0.2060
       174   RobustScaler GradientBoosting                  0:00:24       0.2151    0.2060
       175   RobustScaler LightGBM                          0:00:23       0.2066    0.2060
       176   MinMaxScaler RandomForest                      0:00:24       0.2064    0.2060
       177   MinMaxScaler RandomForest                      0:00:24       0.2070    0.2060
       178   MinMaxScaler ExtremeRandomTrees                0:00:24       0.2063    0.2060
       179   StandardScalerWrapper ExtremeRandomTrees       0:00:26       0.2067    0.2060
       180   WARNING - Retrying (Retry(total=2, connect=None, read=None, redirect=None, status=None)) after connection broken by 'ProtocolError('Connection aborted.', ConnectionResetError(104, 'Connection reset by peer'))': /azureml/ExperimentRun/dcid.AutoML_195016a4-4473-4e8d-b6c5-93e768b900d6_180/outputs/model.pkl?sv=2019-02-02&sr=b&sig=16aa7zVdG3URgwdiBufEeN14Q6SidBwLk%2FwcaulVXYs%3D&st=2020-10-02T20%3A19%3A51Z&se=2020-10-03T20%3A29%3A51Z&sp=rcw&comp=block&blockid=TURBd01EQXdNREF3TURBd01EQXdNREF3TURBd01EQXdNREF3TURBd01EQSUzRA%3D%3D&timeout=30
WARNING - Retrying (Retry(total=2, connect=None, read=None, redirect=None, status=None)) after connection broken by 'ProtocolError('Connection aborted.', ConnectionResetError(104, 'Connection reset by peer'))': /azureml/ExperimentRun/dcid.AutoML_195016a4-4473-4e8d-b6c5-93e768b900d6_180/outputs/scoring_file_v_1_0_0.py?sv=2019-02-02&sr=b&sig=KxL9mlkTPg5yGX0%2BxGILcgfQv92LakqB0SX5h2j%2Bhms%3D&st=2020-10-02T20%3A19%3A51Z&se=2020-10-03T20%3A29%3A51Z&sp=rcw&comp=block&blockid=TURBd01EQXdNREF3TURBd01EQXdNREF3TURBd01EQXdNREF3TURBd01EQSUzRA%3D%3D&timeout=30
StandardScalerWrapper LightGBM                 0:03:07       0.2061    0.2060
       181   StandardScalerWrapper ExtremeRandomTrees       0:00:24       0.2065    0.2060
       182   StandardScalerWrapper LightGBM                 0:00:23       0.2077    0.2060
       183   RobustScaler RandomForest                      0:00:21       0.2064    0.2060
       184   StandardScalerWrapper RandomForest             0:00:25       0.2063    0.2060
       185   RobustScaler LightGBM                          0:00:24       0.2063    0.2060
       186   StandardScalerWrapper ExtremeRandomTrees       0:00:28       0.2063    0.2060
       187   RobustScaler ExtremeRandomTrees                0:00:25       0.2063    0.2060
       188   WARNING - Retrying (Retry(total=2, connect=None, read=None, redirect=None, status=None)) after connection broken by 'ProtocolError('Connection aborted.', ConnectionResetError(104, 'Connection reset by peer'))': /azureml/ExperimentRun/dcid.AutoML_195016a4-4473-4e8d-b6c5-93e768b900d6_188/outputs/conda_env_v_1_0_0.yml?sv=2019-02-02&sr=b&sig=DEhZ4uvSlrWAPlw522jEkZ35m%2FN%2BlDajWyru2xxCDbs%3D&st=2020-10-02T20%3A24%3A50Z&se=2020-10-03T20%3A34%3A50Z&sp=rcw&comp=block&blockid=TURBd01EQXdNREF3TURBd01EQXdNREF3TURBd01EQXdNREF3TURBd01EQSUzRA%3D%3D&timeout=30
WARNING - Retrying (Retry(total=2, connect=None, read=None, redirect=None, status=None)) after connection broken by 'ProtocolError('Connection aborted.', ConnectionResetError(104, 'Connection reset by peer'))': /azureml/ExperimentRun/dcid.AutoML_195016a4-4473-4e8d-b6c5-93e768b900d6_188/outputs/scoring_file_v_1_0_0.py?sv=2019-02-02&sr=b&sig=Amp3PAswrRdLjqpvpwWrWAaJ21a9tAyl8LJRo61cfbE%3D&st=2020-10-02T20%3A24%3A50Z&se=2020-10-03T20%3A34%3A50Z&sp=rcw&comp=block&blockid=TURBd01EQXdNREF3TURBd01EQXdNREF3TURBd01EQXdNREF3TURBd01EQSUzRA%3D%3D&timeout=30
WARNING - Retrying (Retry(total=2, connect=None, read=None, redirect=None, status=None)) after connection broken by 'ProtocolError('Connection aborted.', ConnectionResetError(104, 'Connection reset by peer'))': /azureml/ExperimentRun/dcid.AutoML_195016a4-4473-4e8d-b6c5-93e768b900d6_188/outputs/model.pkl?sv=2019-02-02&sr=b&sig=wLUjPfXBKcLqi5VG0zGsgYbrWkWArClUG7%2BPZJ6IoMc%3D&st=2020-10-02T20%3A24%3A50Z&se=2020-10-03T20%3A34%3A50Z&sp=rcw&comp=block&blockid=TURBd01EQXdNREF3TURBd01EQXdNREF3TURBd01EQXdNREF3TURBd01EQSUzRA%3D%3D&timeout=30
WARNING - Retrying (Retry(total=2, connect=None, read=None, redirect=None, status=None)) after connection broken by 'ProtocolError('Connection aborted.', ConnectionResetError(104, 'Connection reset by peer'))': /azureml/ExperimentRun/dcid.AutoML_195016a4-4473-4e8d-b6c5-93e768b900d6_188/outputs/env_dependencies.json?sv=2019-02-02&sr=b&sig=AJcXHN%2FG3pscOup9QVG2a0kUnjBnCbkYQGK8e7wg2yE%3D&st=2020-10-02T20%3A24%3A50Z&se=2020-10-03T20%3A34%3A50Z&sp=rcw&comp=block&blockid=TURBd01EQXdNREF3TURBd01EQXdNREF3TURBd01EQXdNREF3TURBd01EQSUzRA%3D%3D&timeout=30
StandardScalerWrapper RandomForest             0:03:09       0.2065    0.2060
       189   StandardScalerWrapper ExtremeRandomTrees       0:00:25       0.2065    0.2060
       190   MinMaxScaler LightGBM                          0:00:23       0.2069    0.2060
       191   StandardScalerWrapper RandomForest             0:00:28       0.2064    0.2060
       192   StandardScalerWrapper ExtremeRandomTrees       0:00:27       0.2062    0.2060
       193   StandardScalerWrapper ExtremeRandomTrees       0:00:28       0.2062    0.2060
       194   StandardScalerWrapper ExtremeRandomTrees       0:00:24       0.2065    0.2060
       195   WARNING - Retrying (Retry(total=2, connect=None, read=None, redirect=None, status=None)) after connection broken by 'ProtocolError('Connection aborted.', ConnectionResetError(104, 'Connection reset by peer'))': /azureml/ExperimentRun/dcid.AutoML_195016a4-4473-4e8d-b6c5-93e768b900d6_195/outputs/conda_env_v_1_0_0.yml?sv=2019-02-02&sr=b&sig=GnUH8dJkJarl%2FXqokABLLy41Ke9LtqJm7jSJH0viN6A%3D&st=2020-10-02T20%3A30%3A40Z&se=2020-10-03T20%3A40%3A40Z&sp=rcw&comp=block&blockid=TURBd01EQXdNREF3TURBd01EQXdNREF3TURBd01EQXdNREF3TURBd01EQSUzRA%3D%3D&timeout=30
WARNING - Retrying (Retry(total=2, connect=None, read=None, redirect=None, status=None)) after connection broken by 'ProtocolError('Connection aborted.', ConnectionResetError(104, 'Connection reset by peer'))': /azureml/ExperimentRun/dcid.AutoML_195016a4-4473-4e8d-b6c5-93e768b900d6_195/outputs/model.pkl?sv=2019-02-02&sr=b&sig=nJ4vO6vcw0kPnhr2US6J%2BmheGoFAgqTs8VgfaQjPPpM%3D&st=2020-10-02T20%3A30%3A40Z&se=2020-10-03T20%3A40%3A40Z&sp=rcw&comp=block&blockid=TURBd01EQXdNREF3TURBd01EQXdNREF3TURBd01EQXdNREF3TURBd01EQSUzRA%3D%3D&timeout=30
StandardScalerWrapper LightGBM                 0:03:09       0.2105    0.2060
       196   StandardScalerWrapper ExtremeRandomTrees       0:00:25       0.2066    0.2060
       197   StandardScalerWrapper ExtremeRandomTrees       0:00:25       0.2065    0.2060
       198   StandardScalerWrapper RandomForest             0:00:27       0.2065    0.2060
       199   StandardScalerWrapper RandomForest             0:00:31       0.2064    0.2060
       200   RobustScaler LightGBM                          0:00:23       0.2060    0.2060
       201   StandardScalerWrapper ExtremeRandomTrees       0:00:24       0.2071    0.2060
       202   StandardScalerWrapper ExtremeRandomTrees       0:00:25       0.2066    0.2060
       203   MinMaxScaler ExtremeRandomTrees                0:00:59       0.2064    0.2060
       204   RobustScaler ExtremeRandomTrees                0:00:24       0.2064    0.2060
       205   StandardScalerWrapper LightGBM                 0:00:23       0.2070    0.2060
       206   WARNING - Received unrecognized parameter ensemble_download_models_timeout_sec
WARNING - Received unrecognized parameter ensemble_download_models_timeout_sec
VotingEnsemble                                 0:02:32       0.2058    0.2058
Stopping criteria reached at iteration 207. Ending experiment.
WARNING - Received unrecognized parameter ensemble_download_models_timeout_sec
WARNING - Received unrecognized parameter ensemble_download_models_timeout_sec
WARNING - Received unrecognized parameter ensemble_download_models_timeout_sec
Best pipeline:
<class 'sklearn.ensemble._voting.VotingRegressor'>
0. Pipeline(memory=None,
         steps=[('robustscaler',
                 RobustScaler(copy=True, quantile_range=[10, 90],
                              with_centering=False, with_scaling=False)),
                ('lightgbmregressor',
                 LightGBMRegressor(boosting_type='gbdt', class_weight=None,
                                   colsample_bytree=0.30000000000000004,
                                   importance_type='split',
                                   learning_rate=0.12631947368421054,
                                   max_bin=255, max_depth=10,
                                   min_child_samples=153,
                                   min_child_weight=0.001,
                                   min_split_gain=0.21052631578947367,
                                   n_estimators=25, n_jobs=-1, num_leaves=127,
                                   objective=None, random_state=None,
                                   reg_alpha=0.8999999999999999,
                                   reg_lambda=0.44999999999999996, silent=True,
                                   subsample=0.7, subsample_for_bin=200000,
                                   subsample_freq=1, verbose=-1))],
         verbose=False)
1. Pipeline(memory=None,
         steps=[('robustscaler',
                 RobustScaler(copy=True, quantile_range=[25, 75],
                              with_centering=True, with_scaling=True)),
                ('lightgbmregressor',
                 LightGBMRegressor(boosting_type='gbdt', class_weight=None,
                                   colsample_bytree=0.5,
                                   importance_type='split',
                                   learning_rate=0.08421631578947368,
                                   max_bin=63, max_depth=3,
                                   min_child_samples=181,
                                   min_child_weight=0.001,
                                   min_split_gain=0.05263157894736842,
                                   n_estimators=25, n_jobs=-1, num_leaves=7,
                                   objective=None, random_state=None,
                                   reg_alpha=0.975,
                                   reg_lambda=0.44999999999999996, silent=True,
                                   subsample=0.25, subsample_for_bin=200000,
                                   subsample_freq=2, verbose=-1))],
         verbose=False)
2. Pipeline(memory=None,
         steps=[('minmaxscaler', MinMaxScaler(copy=True, feature_range=(0, 1))),
                ('lightgbmregressor',
                 LightGBMRegressor(boosting_type='gbdt', class_weight=None,
                                   colsample_bytree=0.8,
                                   importance_type='split',
                                   learning_rate=0.11579368421052631,
                                   max_bin=1023, max_depth=10,
                                   min_child_samples=690,
                                   min_child_weight=0.001,
                                   min_split_gain=0.5789473684210527,
                                   n_estimators=25, n_jobs=-1, num_leaves=255,
                                   objective=None, random_state=None,
                                   reg_alpha=0.15,
                                   reg_lambda=0.6749999999999999, silent=True,
                                   subsample=0.9, subsample_for_bin=200000,
                                   subsample_freq=8, verbose=-1))],
         verbose=False)
3. Pipeline(memory=None,
         steps=[('standardscalerwrapper',
                 <azureml.automl.runtime.shared.model_wrappers.StandardScalerWrapper object at 0x7f5c7bcc4290>),
                ('lightgbmregressor',
                 LightGBMRegressor(boosting_type='gbdt', class_weight=None,
                                   colsample_bytree=0.30000000000000004,
                                   importance_type='split',
                                   learning_rate=0.1052678947368421, max_bin=63,
                                   max_depth=10, min_child_samples=253,
                                   min_child_weight=0.001,
                                   min_split_gain=0.3684210526315789,
                                   n_estimators=25, n_jobs=-1, num_leaves=255,
                                   objective=None, random_state=None,
                                   reg_alpha=0.6749999999999999,
                                   reg_lambda=0.075, silent=True,
                                   subsample=0.44999999999999996,
                                   subsample_for_bin=200000, subsample_freq=3,
                                   verbose=-1))],
         verbose=False)
4. Pipeline(memory=None,
         steps=[('standardscalerwrapper',
                 <azureml.automl.runtime.shared.model_wrappers.StandardScalerWrapper object at 0x7f5c7bef2e50>),
                ('extratreesregressor',
                 ExtraTreesRegressor(bootstrap=True, ccp_alpha=0.0,
                                     criterion='mse', max_depth=None,
                                     max_features=0.3, max_leaf_nodes=None,
                                     max_samples=None,
                                     min_impurity_decrease=0.0,
                                     min_impurity_split=None,
                                     min_samples_leaf=0.0028629618034842247,
                                     min_samples_split=0.00310675990983383,
                                     min_weight_fraction_leaf=0.0,
                                     n_estimators=200, n_jobs=-1,
                                     oob_score=False, random_state=None,
                                     verbose=0, warm_start=False))],
         verbose=False)

['year', 'half', 'quarter', 'month', 'day', 'hour', 'am_pm', 'hour12', 'wday', 'qday', 'week']
  RawFeatureName TypeDetected Dropped  EngineeredFeatureCount  \
0  datetime       DateTime     No      11                       

                                                                                                                                                                                                                           Transformations  
0  [DateTimeTransformer, DateTimeTransformer, DateTimeTransformer, DateTimeTransformer, DateTimeTransformer, DateTimeTransformer, DateTimeTransformer, DateTimeTransformer, DateTimeTransformer, DateTimeTransformer, DateTimeTransformer]  
