WARNING - Received unrecognized parameter ensemble_download_models_timeout_sec
Running on local machine
Parent Run ID: AutoML_889fb216-611f-4a9a-af9a-03d5ed7f1d2d

Current status: DatasetFeaturization. Beginning to featurize the dataset.
Current status: DatasetFeaturizationCompleted. Completed featurizing the dataset.
Heuristic parameters: Target_Lag = '[0]', Target_Rolling_Window = '0'.
WARNING - Converting non-string tag to string: (forecasting_target_lags: [0])
WARNING - Converting non-string tag to string: (forecasting_target_rolling_window_size: 0)
WARNING - Converting non-string tag to string: (forecasting_max_horizon: 2223)
Current status: DatasetCrossValidationSplit. Generating individually featurized CV splits.
Current status: DatasetFeaturization. Beginning to featurize the CV split.
Current status: DatasetFeaturizationCompleted. Completed featurizing the CV split.
Current status: DatasetFeaturization. Beginning to featurize the CV split.
Current status: DatasetFeaturizationCompleted. Completed featurizing the CV split.
Current status: DatasetFeaturization. Beginning to featurize the CV split.
Current status: DatasetFeaturizationCompleted. Completed featurizing the CV split.
Current status: DatasetFeaturization. Beginning to featurize the CV split.
Current status: DatasetFeaturizationCompleted. Completed featurizing the CV split.
Current status: DatasetFeaturization. Beginning to featurize the CV split.
Current status: DatasetFeaturizationCompleted. Completed featurizing the CV split.

****************************************************************************************************
DATA GUARDRAILS: 

TYPE:         Frequency detection
STATUS:       PASSED
DESCRIPTION:  The time series was analyzed, all data points are aligned with detected frequency.
              

****************************************************************************************************

TYPE:         Missing feature values imputation
STATUS:       PASSED
DESCRIPTION:  No feature missing values were detected in the training data.
              Learn more about missing value imputation: https://aka.ms/AutomatedMLFeaturization

****************************************************************************************************

TYPE:         Memory Issues Detection
STATUS:       PASSED
DESCRIPTION:  The selected horizon, lag and rolling window values were analyzed, and no potential memory issues were detected.
              Learn more about time-series forecasting configurations: https://aka.ms/AutomatedMLForecastingConfiguration

****************************************************************************************************
Current status: ModelSelection. Beginning model selection.

****************************************************************************************************
ITERATION: The iteration being evaluated.
PIPELINE: A summary description of the pipeline being evaluated.
DURATION: Time taken for the current iteration.
METRIC: The result of computing score on the fitted pipeline.
BEST: The best observed score thus far.
****************************************************************************************************

 ITERATION   PIPELINE                                       DURATION      METRIC      BEST
         0   RobustScaler LassoLars                         0:00:22       0.1324    0.1324
         1   RobustScaler DecisionTree                      0:00:23       0.1324    0.1324
         2   StandardScalerWrapper DecisionTree             0:00:17       0.1302    0.1302
         3   RobustScaler DecisionTree                      0:00:18       0.1317    0.1302
         4   StandardScalerWrapper ElasticNet               0:00:21       0.1321    0.1302
         5   MinMaxScaler DecisionTree                      0:00:23       0.1297    0.1297
         6   MinMaxScaler ElasticNet                        0:00:24       0.1323    0.1297
         7   StandardScalerWrapper DecisionTree             0:00:24       0.1297    0.1297
         8   StandardScalerWrapper DecisionTree             0:00:28       0.1315    0.1297
         9   RobustScaler DecisionTree                      0:00:17       0.1320    0.1297
        10   RobustScaler ElasticNet                        0:00:17       0.1324    0.1297
        11   RobustScaler DecisionTree                      0:00:17       0.1306    0.1297
        12   RobustScaler DecisionTree                      0:00:23       0.1305    0.1297
        13   StandardScalerWrapper DecisionTree             0:00:23       0.1308    0.1297
        14   MinMaxScaler DecisionTree                      0:00:17       0.1306    0.1297
        15   MinMaxScaler DecisionTree                      0:00:22       0.1325    0.1297
        16   RobustScaler DecisionTree                      0:00:17       0.1303    0.1297
        17   StandardScalerWrapper DecisionTree             0:00:18       0.1302    0.1297
        18   MinMaxScaler DecisionTree                      0:00:16       0.1310    0.1297
        19   StandardScalerWrapper LassoLars                0:00:16       0.1325    0.1297
        20   StandardScalerWrapper DecisionTree             0:00:28       0.1317    0.1297
        21   MaxAbsScaler RandomForest                      0:00:23       0.1291    0.1291
        22   StandardScalerWrapper GradientBoosting         0:00:20       0.1289    0.1289
        23   MaxAbsScaler GradientBoosting                  0:00:18       0.1292    0.1289
        24   RobustScaler RandomForest                      0:00:24       0.1294    0.1289
        25   TruncatedSVDWrapper GradientBoosting           0:08:42       0.1323    0.1289
        26   StandardScalerWrapper ElasticNet               0:00:22       0.1324    0.1289
        27   MaxAbsScaler GradientBoosting                  0:01:13       0.1303    0.1289
        28   RobustScaler RandomForest                      0:00:35       0.1308    0.1289
        29   RobustScaler RandomForest                      0:00:20       0.1289    0.1289
        30   StandardScalerWrapper GradientBoosting         0:00:22       0.1293    0.1289
        31   MaxAbsScaler RandomForest                      0:00:23       0.1302    0.1289
        32   MaxAbsScaler RandomForest                      0:00:21       0.1291    0.1289
        33   MinMaxScaler GradientBoosting                  0:00:56       0.1290    0.1289
        34   StandardScalerWrapper RandomForest             0:00:18       0.1294    0.1289
        35   StandardScalerWrapper GradientBoosting         0:00:25       0.1324    0.1289
        36   StandardScalerWrapper RandomForest             0:00:18       0.1292    0.1289
        37   MaxAbsScaler RandomForest                      0:00:27       0.1292    0.1289
        38   RobustScaler RandomForest                      0:00:23       0.1296    0.1289
        39   StandardScalerWrapper GradientBoosting         0:00:21       0.1290    0.1289
        40   MaxAbsScaler GradientBoosting                  0:00:23       0.1290    0.1289
        41   StandardScalerWrapper GradientBoosting         0:00:25       0.1299    0.1289
        42   StandardScalerWrapper RandomForest             0:00:20       0.1292    0.1289
        43   MaxAbsScaler RandomForest                      0:00:18       0.1291    0.1289
        44   WARNING - Retrying (Retry(total=2, connect=None, read=None, redirect=None, status=None)) after connection broken by 'ProtocolError('Connection aborted.', ConnectionResetError(104, 'Connection reset by peer'))': /azureml/ExperimentRun/dcid.AutoML_889fb216-611f-4a9a-af9a-03d5ed7f1d2d_44/outputs/model.pkl?sv=2019-02-02&sr=b&sig=Rtfy1RX69xvO8T9rmwyWgC1qzTRh6AJ0qR6x6wkE4jI%3D&st=2021-01-21T08%3A14%3A32Z&se=2021-01-22T08%3A24%3A32Z&sp=rcw&comp=block&blockid=TURBd01EQXdNREF3TURBd01EQXdNREF3TURBd01EQXdNREF3TURBd01EQSUzRA%3D%3D&timeout=30
StandardScalerWrapper RandomForest             0:00:42       0.1338    0.1289
        45   TruncatedSVDWrapper GradientBoosting           0:00:42       0.1301    0.1289
        46   StandardScalerWrapper RandomForest             0:00:22       0.1296    0.1289
        47   StandardScalerWrapper RandomForest             0:00:38       0.1298    0.1289
        48   StandardScalerWrapper ExtremeRandomTrees       0:00:25       0.1288    0.1288
        49   StandardScalerWrapper RandomForest             0:00:28       0.1297    0.1288
        50   RobustScaler ExtremeRandomTrees                0:01:04       0.1291    0.1288
        51   RobustScaler RandomForest                      0:00:31       0.1303    0.1288
        52   StandardScalerWrapper GradientBoosting         0:00:19       0.1290    0.1288
        53   RobustScaler GradientBoosting                  0:00:41       0.1291    0.1288
        54   RobustScaler RandomForest                      0:00:25       0.1304    0.1288
        55   MaxAbsScaler ExtremeRandomTrees                0:00:21       0.1293    0.1288
        56   StandardScalerWrapper ElasticNet               0:00:22       0.1324    0.1288
        57   MinMaxScaler GradientBoosting                  0:00:58       0.1297    0.1288
        58   RobustScaler GradientBoosting                  0:00:23       0.1290    0.1288
        59   StandardScalerWrapper GradientBoosting         0:00:19       0.1292    0.1288
        60   StandardScalerWrapper ExtremeRandomTrees       0:00:22       0.1290    0.1288
        61   MinMaxScaler ExtremeRandomTrees                0:00:20       0.1294    0.1288
        62   StandardScalerWrapper ExtremeRandomTrees       0:00:18       0.1290    0.1288
        63   MaxAbsScaler RandomForest                      0:00:23       0.1290    0.1288
        64   MinMaxScaler GradientBoosting                  0:00:34       0.1290    0.1288
        65   MinMaxScaler ExtremeRandomTrees                0:00:27       0.1293    0.1288
        66   RobustScaler GradientBoosting                  0:00:19       0.1293    0.1288
        67   MaxAbsScaler GradientBoosting                  0:00:20       0.1289    0.1288
        68   RobustScaler RandomForest                      0:00:29       0.1290    0.1288
        69   MaxAbsScaler GradientBoosting                  0:00:26       0.1290    0.1288
        70   TruncatedSVDWrapper ExtremeRandomTrees         0:00:29       0.1292    0.1288
        71   MinMaxScaler RandomForest                      0:00:19       0.1296    0.1288
        72   RobustScaler RandomForest                      0:00:24       0.1312    0.1288
        73   StandardScalerWrapper RandomForest             0:00:30       0.1289    0.1288
        74   RobustScaler GradientBoosting                  0:00:27       0.1291    0.1288
        75   MinMaxScaler ExtremeRandomTrees                0:00:25       0.1288    0.1288
        76   RobustScaler RandomForest                      0:00:18       0.1291    0.1288
        77   StandardScalerWrapper RandomForest             0:00:18       0.1293    0.1288
        78   StandardScalerWrapper RandomForest             0:00:26       0.1297    0.1288
        79   StandardScalerWrapper ExtremeRandomTrees       0:00:20       0.1293    0.1288
        80   MinMaxScaler ExtremeRandomTrees                0:00:24       0.1291    0.1288
        81   RobustScaler GradientBoosting                  0:00:20       0.1293    0.1288
        82   RobustScaler RandomForest                      0:00:23       0.1292    0.1288
        83   MaxAbsScaler RandomForest                      0:00:23       0.1290    0.1288
        84   RobustScaler GradientBoosting                  0:00:18       0.1289    0.1288
        85   MinMaxScaler ExtremeRandomTrees                0:00:19       0.1288    0.1288
        86   StandardScalerWrapper RandomForest             0:00:41       0.1292    0.1288
        87   MinMaxScaler RandomForest                      0:00:20       0.1298    0.1288
        88   StandardScalerWrapper GradientBoosting         0:00:25       0.1291    0.1288
        89   StandardScalerWrapper GradientBoosting         0:00:17       0.1290    0.1288
        90   StandardScalerWrapper ExtremeRandomTrees       0:00:22       0.1289    0.1288
        91   MinMaxScaler GradientBoosting                  0:00:40       0.1293    0.1288
        92   StandardScalerWrapper RandomForest             0:00:25       0.1291    0.1288
        93   RobustScaler RandomForest                      0:00:26       0.1289    0.1288
        94   StandardScalerWrapper RandomForest             0:00:25       0.1289    0.1288
        95   SparseNormalizer ExtremeRandomTrees            0:00:20       0.1296    0.1288
        96   StandardScalerWrapper RandomForest             0:00:26       0.1294    0.1288
        97   MaxAbsScaler GradientBoosting                  0:00:24       0.1300    0.1288
        98   StandardScalerWrapper RandomForest             0:00:22       0.1292    0.1288
        99   MinMaxScaler GradientBoosting                  0:00:22       0.1289    0.1288
       100   SparseNormalizer ExtremeRandomTrees            0:00:20       0.1291    0.1288
       101   MinMaxScaler RandomForest                      0:00:30       0.1317    0.1288
       102   StandardScalerWrapper RandomForest             0:00:29       0.1291    0.1288
       103   RobustScaler RandomForest                      0:00:26       0.1292    0.1288
       104   MaxAbsScaler RandomForest                      0:00:28       0.1305    0.1288
       105   WARNING - Retrying (Retry(total=2, connect=None, read=None, redirect=None, status=None)) after connection broken by 'ProtocolError('Connection aborted.', ConnectionResetError(104, 'Connection reset by peer'))': /azureml/ExperimentRun/dcid.AutoML_889fb216-611f-4a9a-af9a-03d5ed7f1d2d_105/outputs/pipeline_graph.json?sv=2019-02-02&sr=b&sig=Zd0ASgZ7iS2zH87vYEROXvzsl%2FeOWfgISr6OuNsEIs0%3D&st=2021-01-21T08%3A41%3A52Z&se=2021-01-22T08%3A51%3A52Z&sp=rcw&comp=block&blockid=TURBd01EQXdNREF3TURBd01EQXdNREF3TURBd01EQXdNREF3TURBd01EQSUzRA%3D%3D&timeout=30
SparseNormalizer ExtremeRandomTrees            0:00:48       0.1293    0.1288
       106   MaxAbsScaler RandomForest                      0:00:19       0.1291    0.1288
       107   StandardScalerWrapper ExtremeRandomTrees       0:00:25       0.1289    0.1288
       108   StandardScalerWrapper RandomForest             0:00:32       0.1305    0.1288
       109   StandardScalerWrapper GradientBoosting         0:00:52       0.1298    0.1288
       110   RobustScaler ExtremeRandomTrees                0:00:29       0.1289    0.1288
       111   MinMaxScaler GradientBoosting                  0:00:29       0.1295    0.1288
       112   StandardScalerWrapper RandomForest             0:00:46       0.1297    0.1288
       113   RobustScaler RandomForest                      0:00:28       0.1294    0.1288
       114   RobustScaler LassoLars                         0:00:17       0.1324    0.1288
       115   SparseNormalizer ExtremeRandomTrees            0:00:22       0.1288    0.1288
       116   MinMaxScaler GradientBoosting                  0:00:35       0.1291    0.1288
       117   StandardScalerWrapper GradientBoosting         0:00:27       0.1296    0.1288
       118   StandardScalerWrapper ExtremeRandomTrees       0:00:27       0.1296    0.1288
       119   MinMaxScaler RandomForest                      0:00:19       0.1291    0.1288
       120   RobustScaler ExtremeRandomTrees                0:00:39       0.1292    0.1288
       121   RobustScaler LassoLars                         0:00:17       0.1325    0.1288
       122   MaxAbsScaler RandomForest                      0:00:23       0.1292    0.1288
       123   WARNING - Retrying (Retry(total=2, connect=None, read=None, redirect=None, status=None)) after connection broken by 'ProtocolError('Connection aborted.', ConnectionResetError(104, 'Connection reset by peer'))': /azureml/ExperimentRun/dcid.AutoML_889fb216-611f-4a9a-af9a-03d5ed7f1d2d_123/outputs/pipeline_graph.json?sv=2019-02-02&sr=b&sig=xceEBSfmAdZ9wKggGrjj37EYwtYgh4Pj3al6SnrOYJE%3D&st=2021-01-21T08%3A50%3A35Z&se=2021-01-22T09%3A00%3A35Z&sp=rcw&comp=block&blockid=TURBd01EQXdNREF3TURBd01EQXdNREF3TURBd01EQXdNREF3TURBd01EQSUzRA%3D%3D&timeout=30
StandardScalerWrapper LassoLars                0:00:17       0.1325    0.1288
       124   RobustScaler RandomForest                      0:00:26       0.1288    0.1288
       125   RobustScaler ExtremeRandomTrees                0:00:26       0.1293    0.1288
       126   MaxAbsScaler GradientBoosting                  0:00:34       0.1289    0.1288
       127   MinMaxScaler GradientBoosting                  0:00:38       0.1292    0.1288
       128   StandardScalerWrapper ElasticNet               0:00:20       0.1324    0.1288
       129   StandardScalerWrapper RandomForest             0:00:21       0.1297    0.1288
       130   StandardScalerWrapper ExtremeRandomTrees       0:00:24       0.1288    0.1288
       131   MaxAbsScaler RandomForest                      0:00:19       0.1289    0.1288
       132   MinMaxScaler GradientBoosting                  0:00:34       0.1304    0.1288
       133   StandardScalerWrapper RandomForest             0:00:26       0.1293    0.1288
       134   MinMaxScaler RandomForest                      0:00:29       0.1305    0.1288
       135   MinMaxScaler ExtremeRandomTrees                0:00:28       0.1288    0.1288
       136   StandardScalerWrapper RandomForest             0:00:24       0.1292    0.1288
       137   StandardScalerWrapper RandomForest             0:00:19       0.1293    0.1288
       138   MaxAbsScaler RandomForest                      0:00:19       0.1293    0.1288
       139   RobustScaler RandomForest                      0:00:18       0.1291    0.1288
       140   MinMaxScaler ExtremeRandomTrees                0:00:25       0.1290    0.1288
       141   MinMaxScaler RandomForest                      0:00:19       0.1295    0.1288
       142   MaxAbsScaler RandomForest                      0:00:22       0.1295    0.1288
       143   MinMaxScaler GradientBoosting                  0:00:32       0.1298    0.1288
       144   MaxAbsScaler RandomForest                      0:00:26       0.1300    0.1288
       145   RobustScaler ExtremeRandomTrees                0:00:25       0.1293    0.1288
       146   RobustScaler DecisionTree                      0:00:17       0.1299    0.1288
       147   MaxAbsScaler RandomForest                      0:00:24       0.1293    0.1288
       148   StandardScalerWrapper GradientBoosting         0:00:26       0.1290    0.1288
       149   MinMaxScaler RandomForest                      0:00:40       0.1307    0.1288
       150   StandardScalerWrapper ExtremeRandomTrees       0:01:35       0.1288    0.1288
       151   MinMaxScaler RandomForest                      0:00:19       0.1293    0.1288
       152   StandardScalerWrapper RandomForest             0:00:42       0.1293    0.1288
       153   StandardScalerWrapper GradientBoosting         0:00:25       0.1291    0.1288
       154   MaxAbsScaler GradientBoosting                  0:00:43       0.1289    0.1288
       155   RobustScaler ExtremeRandomTrees                0:00:25       0.1300    0.1288
       156   MaxAbsScaler RandomForest                      0:00:47       0.1290    0.1288
       157   StandardScalerWrapper RandomForest             0:00:18       0.1291    0.1288
       158   MinMaxScaler RandomForest                      0:00:19       0.1307    0.1288
       159   MinMaxScaler RandomForest                      0:00:28       0.1289    0.1288
       160   StandardScalerWrapper ExtremeRandomTrees       0:00:24       0.1291    0.1288
       161   StandardScalerWrapper GradientBoosting         0:00:24       0.1311    0.1288
       162   StandardScalerWrapper RandomForest             0:00:19       0.1291    0.1288
       163   StandardScalerWrapper GradientBoosting         0:00:30       0.1289    0.1288
       164   MaxAbsScaler RandomForest                      0:00:26       0.1295    0.1288
       165   RobustScaler ExtremeRandomTrees                0:00:25       0.1290    0.1288
       166   StandardScalerWrapper GradientBoosting         0:00:18       0.1289    0.1288
       167   RobustScaler ExtremeRandomTrees                0:00:23       0.1289    0.1288
       168   RobustScaler RandomForest                      0:00:18       0.1288    0.1288
       169   StandardScalerWrapper RandomForest             0:00:22       0.1288    0.1288
       170   StandardScalerWrapper ExtremeRandomTrees       0:00:24       0.1289    0.1288
       171   StandardScalerWrapper ElasticNet               0:00:24       0.1324    0.1288
       172   MinMaxScaler ExtremeRandomTrees                0:00:22       0.1289    0.1288
       173   StandardScalerWrapper ExtremeRandomTrees       0:00:24       0.1292    0.1288
       174   MinMaxScaler RandomForest                      0:00:25       0.1289    0.1288
       175   RobustScaler ExtremeRandomTrees                0:00:21       0.1293    0.1288
       176   RobustScaler GradientBoosting                  0:00:25       0.1292    0.1288
       177   MaxAbsScaler RandomForest                      0:00:33       0.1297    0.1288
       178   MaxAbsScaler RandomForest                      0:00:18       0.1293    0.1288
       179   MaxAbsScaler RandomForest                      0:00:28       0.1296    0.1288
       180   MaxAbsScaler ExtremeRandomTrees                0:00:19       0.1289    0.1288
       181   RobustScaler RandomForest                      0:00:24       0.1298    0.1288
       182   StandardScalerWrapper RandomForest             0:00:27       0.1302    0.1288
       183   StandardScalerWrapper RandomForest             0:00:23       0.1289    0.1288
       184   MinMaxScaler RandomForest                      0:00:19       0.1290    0.1288
       185   MinMaxScaler ExtremeRandomTrees                0:00:24       0.1292    0.1288
       186   RobustScaler GradientBoosting                  0:00:21       0.1289    0.1288
       187   StandardScalerWrapper RandomForest             0:00:27       0.1292    0.1288
       188   StandardScalerWrapper RandomForest             0:00:20       0.1294    0.1288
       189   StandardScalerWrapper ExtremeRandomTrees       0:00:25       0.1289    0.1288
       190   RobustScaler ExtremeRandomTrees                0:00:28       0.1289    0.1288
       191   MaxAbsScaler ExtremeRandomTrees                0:00:20       0.1289    0.1288
       192   StandardScalerWrapper GradientBoosting         0:00:48       0.1302    0.1288
       193   MinMaxScaler RandomForest                      0:00:23       0.1292    0.1288
       194   StandardScalerWrapper GradientBoosting         0:00:17       0.1294    0.1288
       195   MinMaxScaler ExtremeRandomTrees                0:00:49       0.1289    0.1288
       196   MaxAbsScaler RandomForest                      0:00:28       0.1290    0.1288
       197   RobustScaler ExtremeRandomTrees                0:00:44       0.1290    0.1288
       198   RobustScaler ElasticNet                        0:00:22       0.1324    0.1288
       199   MaxAbsScaler RandomForest                      0:00:27       0.1306    0.1288
       200   RobustScaler ExtremeRandomTrees                0:00:50       0.1292    0.1288
       201   RobustScaler GradientBoosting                  0:00:34       0.1291    0.1288
       202   MinMaxScaler RandomForest                      0:00:25       0.1297    0.1288
       203   StandardScalerWrapper RandomForest             0:00:24       0.1291    0.1288
       204   MinMaxScaler DecisionTree                      0:00:24       0.1305    0.1288
       205   RobustScaler ExtremeRandomTrees                0:00:26       0.1289    0.1288
       206   MaxAbsScaler GradientBoosting                  0:00:24       0.1293    0.1288
       207   RobustScaler ExtremeRandomTrees                0:00:21       0.1291    0.1288
       208   StandardScalerWrapper RandomForest             0:00:32       0.1295    0.1288
       209   RobustScaler GradientBoosting                  0:00:25       0.1304    0.1288
       210   StandardScalerWrapper ExtremeRandomTrees       0:00:31       0.1288    0.1288
       211   StandardScalerWrapper RandomForest             0:00:29       0.1292    0.1288
       212   MaxAbsScaler RandomForest                      0:00:22       0.1298    0.1288
       213   StandardScalerWrapper ExtremeRandomTrees       0:01:28       0.1290    0.1288
       214   StandardScalerWrapper RandomForest             0:00:42       0.1296    0.1288
       215   StandardScalerWrapper ExtremeRandomTrees       0:00:21       0.1290    0.1288
       216   RobustScaler GradientBoosting                  0:00:20       0.1288    0.1288
       217   RobustScaler RandomForest                      0:00:28       0.1293    0.1288
       218   RobustScaler GradientBoosting                  0:00:19       0.1289    0.1288
       219   StandardScalerWrapper RandomForest             0:00:31       0.1334    0.1288
       220   WARNING - Retrying (Retry(total=2, connect=None, read=None, redirect=None, status=None)) after connection broken by 'ProtocolError('Connection aborted.', ConnectionResetError(104, 'Connection reset by peer'))': /azureml/ExperimentRun/dcid.AutoML_889fb216-611f-4a9a-af9a-03d5ed7f1d2d_220/outputs/conda_env_v_1_0_0.yml?sv=2019-02-02&sr=b&sig=jfCeo7myOhJbYhfMoH%2BcRSfkEkKPR%2BMliuqSnOsjj%2Fo%3D&st=2021-01-21T09%3A36%3A37Z&se=2021-01-22T09%3A46%3A37Z&sp=rcw&comp=block&blockid=TURBd01EQXdNREF3TURBd01EQXdNREF3TURBd01EQXdNREF3TURBd01EQSUzRA%3D%3D&timeout=30
StandardScalerWrapper ExtremeRandomTrees       0:01:02       0.1288    0.1288
       221   MinMaxScaler RandomForest                      0:00:19       0.1294    0.1288
       222   StandardScalerWrapper RandomForest             0:00:27       0.1304    0.1288
       223   MinMaxScaler DecisionTree                      0:00:22       0.1298    0.1288
       224   StandardScalerWrapper GradientBoosting         0:00:29       0.1289    0.1288
       225   StandardScalerWrapper ExtremeRandomTrees       0:00:29       0.1288    0.1288
       226   StandardScalerWrapper GradientBoosting         0:00:25       0.1291    0.1288
       227   WARNING - Retrying (Retry(total=2, connect=None, read=None, redirect=None, status=None)) after connection broken by 'ProtocolError('Connection aborted.', ConnectionResetError(104, 'Connection reset by peer'))': /azureml/ExperimentRun/dcid.AutoML_889fb216-611f-4a9a-af9a-03d5ed7f1d2d_227/outputs/scoring_file_v_1_0_0.py?sv=2019-02-02&sr=b&sig=JdpHHRuNrqyfSbD3u3FVzTvEQDx7N6xhz74PCGEQimc%3D&st=2021-01-21T09%3A39%3A32Z&se=2021-01-22T09%3A49%3A32Z&sp=rcw&comp=block&blockid=TURBd01EQXdNREF3TURBd01EQXdNREF3TURBd01EQXdNREF3TURBd01EQSUzRA%3D%3D&timeout=30
StandardScalerWrapper RandomForest             0:00:22       0.1305    0.1288
       228   MaxAbsScaler RandomForest                      0:00:27       0.1288    0.1288
       229   StandardScalerWrapper GradientBoosting         0:00:37       0.1293    0.1288
       230   MinMaxScaler ExtremeRandomTrees                0:00:24       0.1292    0.1288
       231   MaxAbsScaler DecisionTree                      0:00:17       0.1321    0.1288
       232   RobustScaler RandomForest                      0:00:19       0.1301    0.1288
       233   StandardScalerWrapper DecisionTree             0:00:17       0.1298    0.1288
       234   StandardScalerWrapper DecisionTree             0:00:25       0.1296    0.1288
       235   SparseNormalizer ExtremeRandomTrees            0:00:24       0.1297    0.1288
       236   RobustScaler ElasticNet                        0:00:17       0.1324    0.1288
       237   MinMaxScaler DecisionTree                      0:00:22       0.1304    0.1288
       238   MinMaxScaler RandomForest                      0:00:19       0.1309    0.1288
       239   MaxAbsScaler RandomForest                      0:00:40       0.1305    0.1288
       240   MaxAbsScaler ExtremeRandomTrees                0:00:30       0.1289    0.1288
       241   StandardScalerWrapper ElasticNet               0:00:18       0.1324    0.1288
       242   RobustScaler DecisionTree                      0:00:19       0.1304    0.1288
       243   StandardScalerWrapper DecisionTree             0:00:18       0.1293    0.1288
       244   RobustScaler RandomForest                      0:00:18       0.1305    0.1288
       245   TruncatedSVDWrapper ExtremeRandomTrees         0:00:43       0.1292    0.1288
       246   RobustScaler DecisionTree                      0:00:17       0.1319    0.1288
       247   MinMaxScaler DecisionTree                      0:00:17       0.1306    0.1288
       248   MinMaxScaler DecisionTree                      0:00:18       0.1312    0.1288
       249   RobustScaler DecisionTree                      0:00:22       0.1309    0.1288
       250   MinMaxScaler ExtremeRandomTrees                0:00:21       0.1288    0.1288
       251   StandardScalerWrapper DecisionTree             0:00:23       0.1304    0.1288
       252   RobustScaler RandomForest                      0:00:20       0.1313    0.1288
       253   StandardScalerWrapper LightGBM                 0:00:25       0.1292    0.1288
       254   StandardScalerWrapper RandomForest             0:00:26       0.1297    0.1288
       255   RobustScaler ExtremeRandomTrees                0:00:38       0.1292    0.1288
       256   RobustScaler RandomForest                      0:00:26       0.1289    0.1288
       257   StandardScalerWrapper RandomForest             0:00:28       0.1322    0.1288
       258   StandardScalerWrapper ElasticNet               0:00:24       0.1322    0.1288
       259   StandardScalerWrapper RandomForest             0:00:26       0.1305    0.1288
       260   StandardScalerWrapper ExtremeRandomTrees       0:00:25       0.1289    0.1288
       261   StandardScalerWrapper DecisionTree             0:00:22       0.1295    0.1288
       262   RobustScaler RandomForest                      0:00:24       0.1294    0.1288
       263   RobustScaler RandomForest                      0:00:19       0.1292    0.1288
       264   StandardScalerWrapper ExtremeRandomTrees       0:00:26       0.1288    0.1288
       265   MinMaxScaler ExtremeRandomTrees                0:00:26       0.1288    0.1288
       266   MinMaxScaler ExtremeRandomTrees                0:00:22       0.1292    0.1288
       267   StandardScalerWrapper RandomForest             0:00:21       0.1309    0.1288
       268   RobustScaler RandomForest                      0:00:19       0.1301    0.1288
       269   RobustScaler RandomForest                      0:00:21       0.1292    0.1288
       270   StandardScalerWrapper ExtremeRandomTrees       0:00:25       0.1294    0.1288
       271   StandardScalerWrapper RandomForest             0:00:19       0.1324    0.1288
       272   StandardScalerWrapper ExtremeRandomTrees       0:00:31       0.1291    0.1288
       273   RobustScaler ExtremeRandomTrees                0:00:21       0.1297    0.1288
       274   StandardScalerWrapper ExtremeRandomTrees       0:00:28       0.1293    0.1288
       275   RobustScaler ExtremeRandomTrees                0:00:36       0.1292    0.1288
       276   MinMaxScaler RandomForest                      0:00:23       0.1293    0.1288
       277   MinMaxScaler ExtremeRandomTrees                0:00:30       0.1291    0.1288
       278   MinMaxScaler RandomForest                      0:00:33       0.1299    0.1288
       279   StandardScalerWrapper RandomForest             0:00:24       0.1295    0.1288
       280   StandardScalerWrapper ExtremeRandomTrees       0:00:25       0.1314    0.1288
       281   StandardScalerWrapper ExtremeRandomTrees       0:00:25       0.1291    0.1288
       282   StandardScalerWrapper RandomForest             0:00:20       0.1296    0.1288
       283   StandardScalerWrapper RandomForest             0:00:26       0.1291    0.1288
       284   RobustScaler RandomForest                      0:00:27       0.1292    0.1288
       285   MinMaxScaler ExtremeRandomTrees                0:00:43       0.1290    0.1288
       286   StandardScalerWrapper RandomForest             0:00:21       0.1293    0.1288
       287   StandardScalerWrapper ExtremeRandomTrees       0:00:25       0.1293    0.1288
       288   RobustScaler RandomForest                      0:00:30       0.1319    0.1288
       289   StandardScalerWrapper RandomForest             0:00:19       0.1291    0.1288
       290   MinMaxScaler ExtremeRandomTrees                0:00:20       0.1289    0.1288
       291   RobustScaler RandomForest                      0:00:24       0.1297    0.1288
       292   RobustScaler ExtremeRandomTrees                0:00:30       0.1292    0.1288
       293   MinMaxScaler ExtremeRandomTrees                0:00:20       0.1289    0.1288
       294   StandardScalerWrapper RandomForest             0:00:19       0.1312    0.1288
       295   RobustScaler ExtremeRandomTrees                0:00:30       0.1287    0.1287
       296   MinMaxScaler ExtremeRandomTrees                0:00:19       0.1292    0.1287
       297   MinMaxScaler ExtremeRandomTrees                0:00:22       0.1290    0.1287
       298   RobustScaler ExtremeRandomTrees                0:00:25       0.1291    0.1287
       299   RobustScaler ExtremeRandomTrees                0:00:20       0.1302    0.1287
       300   StandardScalerWrapper ExtremeRandomTrees       0:00:38       0.1289    0.1287
       301   StandardScalerWrapper RandomForest             0:00:24       0.1292    0.1287
       302   StandardScalerWrapper ExtremeRandomTrees       0:00:27       0.1289    0.1287
       303   StandardScalerWrapper RandomForest             0:00:20       0.1304    0.1287
       304   RobustScaler RandomForest                      0:00:19       0.1291    0.1287
       305   RobustScaler ExtremeRandomTrees                0:00:20       0.1290    0.1287
       306   MinMaxScaler RandomForest                      0:00:26       0.1325    0.1287
       307   WARNING - Retrying (Retry(total=2, connect=None, read=None, redirect=None, status=None)) after connection broken by 'ProtocolError('Connection aborted.', ConnectionResetError(104, 'Connection reset by peer'))': /azureml/ExperimentRun/dcid.AutoML_889fb216-611f-4a9a-af9a-03d5ed7f1d2d_307/predicted_true?sv=2019-02-02&sr=b&sig=8s8MZHlKytW75WE9pwCfp8wvqQQU7tKNS%2Fch8Z1eILs%3D&st=2021-01-21T10%3A12%3A42Z&se=2021-01-22T10%3A22%3A42Z&sp=rcw
RobustScaler ExtremeRandomTrees                0:00:27       0.1300    0.1287
       308   WARNING - Retrying (Retry(total=2, connect=None, read=None, redirect=None, status=None)) after connection broken by 'ProtocolError('Connection aborted.', ConnectionResetError(104, 'Connection reset by peer'))': /azureml/ExperimentRun/dcid.AutoML_889fb216-611f-4a9a-af9a-03d5ed7f1d2d_308/outputs/conda_env_v_1_0_0.yml?sv=2019-02-02&sr=b&sig=sUWjlZTOHz7Zlc2LYpUqiVdM7BMfXKqjQX9kR1W0wOk%3D&st=2021-01-21T10%3A13%3A05Z&se=2021-01-22T10%3A23%3A05Z&sp=rcw&comp=block&blockid=TURBd01EQXdNREF3TURBd01EQXdNREF3TURBd01EQXdNREF3TURBd01EQSUzRA%3D%3D&timeout=30
MinMaxScaler RandomForest                      0:00:19       0.1289    0.1287
       309   RobustScaler ExtremeRandomTrees                0:00:24       0.1288    0.1287
       310   WARNING - Retrying (Retry(total=2, connect=None, read=None, redirect=None, status=None)) after connection broken by 'ProtocolError('Connection aborted.', ConnectionResetError(104, 'Connection reset by peer'))': /azureml/ExperimentRun/dcid.AutoML_889fb216-611f-4a9a-af9a-03d5ed7f1d2d_310/outputs/model.pkl?sv=2019-02-02&sr=b&sig=b%2BbqA5J4yukc0o3yeroHEDF1LCzoG453YEuQMlRxIKA%3D&st=2021-01-21T10%3A13%3A55Z&se=2021-01-22T10%3A23%3A55Z&sp=rcw&comp=block&blockid=TURBd01EQXdNREF3TURBd01EQXdNREF3TURBd01EQXdNREF3TURBd01EQSUzRA%3D%3D&timeout=30
MinMaxScaler ExtremeRandomTrees                0:00:31       0.1289    0.1287
       311   MinMaxScaler ExtremeRandomTrees                0:00:22       0.1289    0.1287
       312   RobustScaler RandomForest                      0:00:26       0.1300    0.1287
       313   MinMaxScaler ExtremeRandomTrees                0:00:23       0.1289    0.1287
       314   MinMaxScaler RandomForest                      0:00:25       0.1292    0.1287
       315   MinMaxScaler ExtremeRandomTrees                0:00:26       0.1290    0.1287
       316   MinMaxScaler ExtremeRandomTrees                0:00:20       0.1289    0.1287
       317   MinMaxScaler ExtremeRandomTrees                0:00:24       0.1289    0.1287
       318   StandardScalerWrapper ExtremeRandomTrees       0:00:21       0.1288    0.1287
       319   RobustScaler ExtremeRandomTrees                0:00:24       0.1291    0.1287
       320   StandardScalerWrapper ExtremeRandomTrees       0:00:31       0.1289    0.1287
       321   MinMaxScaler ExtremeRandomTrees                0:00:32       0.1292    0.1287
       322   RobustScaler ExtremeRandomTrees                0:00:23       0.1288    0.1287
       323   MinMaxScaler ExtremeRandomTrees                0:00:30       0.1290    0.1287
       324   MinMaxScaler ExtremeRandomTrees                0:00:25       0.1293    0.1287
       325   MinMaxScaler ExtremeRandomTrees                0:00:27       0.1289    0.1287
       326   RobustScaler RandomForest                      0:00:20       0.1289    0.1287
       327   RobustScaler RandomForest                      0:00:25       0.1289    0.1287
       328   StandardScalerWrapper RandomForest             0:00:36       0.1290    0.1287
       329   MinMaxScaler RandomForest                      0:00:21       0.1290    0.1287
       330   MinMaxScaler ExtremeRandomTrees                0:00:25       0.1288    0.1287
       331   StandardScalerWrapper ExtremeRandomTrees       0:00:28       0.1288    0.1287
       332   MinMaxScaler ExtremeRandomTrees                0:00:20       0.1290    0.1287
       333   MinMaxScaler ExtremeRandomTrees                0:00:24       0.1289    0.1287
       334   RobustScaler ExtremeRandomTrees                0:00:40       0.1292    0.1287
       335   RobustScaler ExtremeRandomTrees                0:00:35       0.1288    0.1287
       336   RobustScaler ExtremeRandomTrees                0:00:22       0.1293    0.1287
       337   MinMaxScaler ExtremeRandomTrees                0:00:19       0.1293    0.1287
       338   StandardScalerWrapper RandomForest             0:00:25       0.1293    0.1287
       339   StandardScalerWrapper ExtremeRandomTrees       0:00:32       0.1296    0.1287
       340   MinMaxScaler ExtremeRandomTrees                0:00:35       0.1287    0.1287
       341   StandardScalerWrapper ExtremeRandomTrees       0:00:24       0.1292    0.1287
       342   MinMaxScaler RandomForest                      0:00:24       0.1291    0.1287
       343   StandardScalerWrapper ExtremeRandomTrees       0:00:19       0.1289    0.1287
       344   StandardScalerWrapper RandomForest             0:00:37       0.1295    0.1287
       345   RobustScaler ExtremeRandomTrees                0:00:26       0.1288    0.1287
       346   StandardScalerWrapper RandomForest             0:00:28       0.1291    0.1287
       347   StandardScalerWrapper RandomForest             0:00:19       0.1291    0.1287
       348   StandardScalerWrapper ExtremeRandomTrees       0:00:19       0.1290    0.1287
       349   MinMaxScaler ExtremeRandomTrees                0:00:26       0.1288    0.1287
       350   StandardScalerWrapper ExtremeRandomTrees       0:00:27       0.1289    0.1287
       351   MinMaxScaler ExtremeRandomTrees                0:00:27       0.1292    0.1287
       352   StandardScalerWrapper ExtremeRandomTrees       0:00:25       0.1288    0.1287
       353   StandardScalerWrapper RandomForest             0:00:23       0.1292    0.1287
       354   StandardScalerWrapper ExtremeRandomTrees       0:00:24       0.1288    0.1287
       355   StandardScalerWrapper ExtremeRandomTrees       0:00:22       0.1290    0.1287
       356   RobustScaler ExtremeRandomTrees                0:00:19       0.1288    0.1287
       357   StandardScalerWrapper ExtremeRandomTrees       0:00:20       0.1290    0.1287
       358   StandardScalerWrapper RandomForest             0:00:28       0.1289    0.1287
       359   MinMaxScaler ExtremeRandomTrees                0:00:20       0.1289    0.1287
       360   MinMaxScaler ExtremeRandomTrees                0:00:22       0.1288    0.1287
       361   RobustScaler ExtremeRandomTrees                0:00:19       0.1289    0.1287
       362   StandardScalerWrapper RandomForest             0:00:22       0.1289    0.1287
       363   MinMaxScaler GradientBoosting                  0:00:33       0.1289    0.1287
       364   StandardScalerWrapper ExtremeRandomTrees       0:00:25       0.1290    0.1287
       365   StandardScalerWrapper ExtremeRandomTrees       0:00:21       0.1289    0.1287
       366   MinMaxScaler ExtremeRandomTrees                0:00:27       0.1289    0.1287
       367   RobustScaler RandomForest                      0:00:21       0.1289    0.1287
       368   StandardScalerWrapper RandomForest             0:00:32       0.1292    0.1287
       369   RobustScaler RandomForest                      0:00:30       0.1291    0.1287
       370   StandardScalerWrapper ExtremeRandomTrees       0:00:27       0.1289    0.1287
       371   RobustScaler ExtremeRandomTrees                0:00:26       0.1289    0.1287
       372   MinMaxScaler ExtremeRandomTrees                0:00:26       0.1290    0.1287
       373   MinMaxScaler RandomForest                      0:00:23       0.1292    0.1287
       374   StandardScalerWrapper ExtremeRandomTrees       0:00:20       0.1289    0.1287
       375   MinMaxScaler ExtremeRandomTrees                0:00:23       0.1292    0.1287
       376   RobustScaler ExtremeRandomTrees                0:00:28       0.1288    0.1287
       377   RobustScaler ExtremeRandomTrees                0:00:25       0.1288    0.1287
       378   MinMaxScaler ExtremeRandomTrees                0:00:27       0.1288    0.1287
       379   StandardScalerWrapper RandomForest             0:00:30       0.1288    0.1287
       380   RobustScaler ExtremeRandomTrees                0:00:23       0.1290    0.1287
       381   StandardScalerWrapper RandomForest             0:00:25       0.1290    0.1287
       382   StandardScalerWrapper ExtremeRandomTrees       0:00:28       0.1288    0.1287
       383   StandardScalerWrapper ExtremeRandomTrees       0:00:22       0.1288    0.1287
       384   RobustScaler ExtremeRandomTrees                0:00:24       0.1288    0.1287
       385   StandardScalerWrapper ExtremeRandomTrees       0:00:26       0.1290    0.1287
       386   StandardScalerWrapper ExtremeRandomTrees       0:00:26       0.1288    0.1287
       387   MinMaxScaler RandomForest                      0:00:24       0.1293    0.1287
       388   RobustScaler RandomForest                      0:00:27       0.1290    0.1287
       389   RobustScaler ExtremeRandomTrees                0:00:19       0.1289    0.1287
       390   MinMaxScaler ExtremeRandomTrees                0:00:20       0.1291    0.1287
       391   MinMaxScaler ExtremeRandomTrees                0:00:32       0.1289    0.1287
       392   MinMaxScaler RandomForest                      0:00:26       0.1292    0.1287
       393   RobustScaler ExtremeRandomTrees                0:00:22       0.1290    0.1287
       394   MinMaxScaler LightGBM                          0:00:23       0.1289    0.1287
       395   RobustScaler ExtremeRandomTrees                0:00:26       0.1289    0.1287
       396   RobustScaler ExtremeRandomTrees                0:00:27       0.1291    0.1287
       397   MinMaxScaler RandomForest                      0:00:19       0.1289    0.1287
       398   MinMaxScaler ExtremeRandomTrees                0:00:19       0.1288    0.1287
       399   StandardScalerWrapper ExtremeRandomTrees       0:00:21       0.1289    0.1287
       400   StandardScalerWrapper ExtremeRandomTrees       0:00:22       0.1290    0.1287
       401   MinMaxScaler RandomForest                      0:00:26       0.1289    0.1287
       402   StandardScalerWrapper RandomForest             0:00:26       0.1289    0.1287
       403   MinMaxScaler ExtremeRandomTrees                0:00:22       0.1291    0.1287
       404   MinMaxScaler ExtremeRandomTrees                0:00:24       0.1288    0.1287
       405   RobustScaler ExtremeRandomTrees                0:00:32       0.1289    0.1287
       406   MinMaxScaler ExtremeRandomTrees                0:00:26       0.1288    0.1287
       407   StandardScalerWrapper RandomForest             0:00:25       0.1304    0.1287
       408   StandardScalerWrapper ExtremeRandomTrees       0:00:25       0.1289    0.1287
       409   StandardScalerWrapper RandomForest             0:00:19       0.1289    0.1287
       410   RobustScaler ExtremeRandomTrees                0:00:25       0.1287    0.1287
       411   MinMaxScaler ExtremeRandomTrees                0:00:29       0.1288    0.1287
       412   StandardScalerWrapper ExtremeRandomTrees       0:00:21       0.1288    0.1287
       413   StandardScalerWrapper ExtremeRandomTrees       0:00:33       0.1288    0.1287
       414   MinMaxScaler ExtremeRandomTrees                0:00:21       0.1290    0.1287
       415   MinMaxScaler ExtremeRandomTrees                0:00:25       0.1291    0.1287
       416   RobustScaler GradientBoosting                  0:00:24       0.1288    0.1287
       417   StandardScalerWrapper RandomForest             0:00:24       0.1289    0.1287
       418   MinMaxScaler RandomForest                      0:00:22       0.1288    0.1287
       419   StandardScalerWrapper RandomForest             0:00:27       0.1290    0.1287
       420   RobustScaler ExtremeRandomTrees                0:00:24       0.1289    0.1287
       421   MinMaxScaler ExtremeRandomTrees                0:00:23       0.1292    0.1287
       422   RobustScaler RandomForest                      0:00:26       0.1289    0.1287
       423   RobustScaler RandomForest                      0:00:21       0.1289    0.1287
       424   MinMaxScaler ExtremeRandomTrees                0:00:35       0.1289    0.1287
       425   MinMaxScaler ExtremeRandomTrees                0:00:23       0.1292    0.1287
       426   RobustScaler ExtremeRandomTrees                0:00:28       0.1292    0.1287
       427   MinMaxScaler ExtremeRandomTrees                0:00:27       0.1288    0.1287
       428   RobustScaler ExtremeRandomTrees                0:00:20       0.1290    0.1287
       429   StandardScalerWrapper ExtremeRandomTrees       0:00:20       0.1289    0.1287
       430   RobustScaler ExtremeRandomTrees                0:00:28       0.1289    0.1287
       431   RobustScaler ExtremeRandomTrees                0:00:21       0.1288    0.1287
       432   RobustScaler ExtremeRandomTrees                0:00:24       0.1288    0.1287
       433   StandardScalerWrapper RandomForest             0:00:20       0.1294    0.1287
       434   StandardScalerWrapper ExtremeRandomTrees       0:00:21       0.1289    0.1287
       435   MinMaxScaler ExtremeRandomTrees                0:00:34       0.1290    0.1287
       436   StandardScalerWrapper RandomForest             0:00:19       0.1290    0.1287
       437   StandardScalerWrapper RandomForest             0:00:21       0.1290    0.1287
       438   MinMaxScaler RandomForest                      0:00:21       0.1288    0.1287
       439   StandardScalerWrapper RandomForest             0:00:30       0.1288    0.1287
       440   MinMaxScaler ExtremeRandomTrees                0:00:26       0.1288    0.1287
       441   MinMaxScaler RandomForest                      0:00:19       0.1291    0.1287
       442   MinMaxScaler ExtremeRandomTrees                0:00:20       0.1289    0.1287
       443   StandardScalerWrapper ExtremeRandomTrees       0:00:19       0.1290    0.1287
       444   RobustScaler ExtremeRandomTrees                0:00:20       0.1288    0.1287
       445   MinMaxScaler ExtremeRandomTrees                0:00:25       0.1289    0.1287
       446   StandardScalerWrapper ExtremeRandomTrees       0:00:22       0.1290    0.1287
       447   MinMaxScaler RandomForest                      0:00:25       0.1290    0.1287
       448   MinMaxScaler ExtremeRandomTrees                0:00:21       0.1288    0.1287
       449   MinMaxScaler RandomForest                      0:00:25       0.1292    0.1287
       450   MinMaxScaler ExtremeRandomTrees                0:00:27       0.1293    0.1287
       451   StandardScalerWrapper RandomForest             0:00:20       0.1289    0.1287
       452   RobustScaler RandomForest                      0:00:19       0.1288    0.1287
       453   StandardScalerWrapper ExtremeRandomTrees       0:00:20       0.1290    0.1287
       454   MinMaxScaler RandomForest                      0:00:19       0.1292    0.1287
       455   MinMaxScaler ExtremeRandomTrees                0:00:21       0.1291    0.1287
       456   MinMaxScaler RandomForest                      0:00:27       0.1289    0.1287
       457   StandardScalerWrapper RandomForest             0:00:20       0.1291    0.1287
       458   WARNING - Retrying (Retry(total=2, connect=None, read=None, redirect=None, status=None)) after connection broken by 'ProtocolError('Connection aborted.', ConnectionResetError(104, 'Connection reset by peer'))': /azureml/ExperimentRun/dcid.AutoML_889fb216-611f-4a9a-af9a-03d5ed7f1d2d_458/outputs/scoring_file_v_1_0_0.py?sv=2019-02-02&sr=b&sig=roPLb38T9c%2F55gyJ%2FIwbL3z6Xtd0SYDQyZMvZqDhV2Y%3D&st=2021-01-21T11%3A15%3A53Z&se=2021-01-22T11%3A25%3A53Z&sp=rcw&comp=block&blockid=TURBd01EQXdNREF3TURBd01EQXdNREF3TURBd01EQXdNREF3TURBd01EQSUzRA%3D%3D&timeout=30
StandardScalerWrapper RandomForest             0:00:20       0.1292    0.1287
       459   StandardScalerWrapper ExtremeRandomTrees       0:00:24       0.1295    0.1287
       460   MinMaxScaler ExtremeRandomTrees                0:00:31       0.1288    0.1287
       461   MinMaxScaler ExtremeRandomTrees                0:00:20       0.1290    0.1287
       462   StandardScalerWrapper ExtremeRandomTrees       0:00:19       0.1288    0.1287
       463   MinMaxScaler RandomForest                      0:00:29       0.1290    0.1287
       464   StandardScalerWrapper RandomForest             0:00:29       0.1288    0.1287
       465   RobustScaler ExtremeRandomTrees                0:00:23       0.1297    0.1287
       466   MinMaxScaler RandomForest                      0:00:20       0.1293    0.1287
       467   MinMaxScaler ExtremeRandomTrees                0:00:25       0.1289    0.1287
       468   MinMaxScaler ExtremeRandomTrees                0:00:19       0.1288    0.1287
       469   RobustScaler ExtremeRandomTrees                0:00:19       0.1289    0.1287
       470   StandardScalerWrapper ExtremeRandomTrees       0:00:24       0.1288    0.1287
       471   MinMaxScaler ExtremeRandomTrees                0:00:23       0.1294    0.1287
       472   MinMaxScaler RandomForest                      0:00:25       0.1289    0.1287
       473   StandardScalerWrapper RandomForest             0:00:24       0.1289    0.1287
       474   MinMaxScaler ExtremeRandomTrees                0:00:27       0.1296    0.1287
       475   RobustScaler ExtremeRandomTrees                0:00:30       0.1289    0.1287
       476   StandardScalerWrapper RandomForest             0:00:28       0.1290    0.1287
       477   RobustScaler RandomForest                      0:00:25       0.1291    0.1287
       478   MinMaxScaler RandomForest                      0:00:19       0.1292    0.1287
       479   RobustScaler RandomForest                      0:00:27       0.1292    0.1287
       480   RobustScaler ExtremeRandomTrees                0:00:26       0.1287    0.1287
       481   MinMaxScaler ExtremeRandomTrees                0:00:24       0.1295    0.1287
       482   RobustScaler RandomForest                      0:00:19       0.1289    0.1287
       483   RobustScaler ExtremeRandomTrees                0:00:25       0.1294    0.1287
       484   RobustScaler ExtremeRandomTrees                0:00:22       0.1288    0.1287
       485   RobustScaler ExtremeRandomTrees                0:00:20       0.1290    0.1287
       486   StandardScalerWrapper ExtremeRandomTrees       0:00:24       0.1288    0.1287
       487   MinMaxScaler RandomForest                      0:00:26       0.1291    0.1287
       488   MinMaxScaler ExtremeRandomTrees                0:00:29       0.1288    0.1287
       489   RobustScaler RandomForest                      0:00:29       0.1291    0.1287
       490   StandardScalerWrapper ExtremeRandomTrees       0:00:23       0.1288    0.1287
       491   StandardScalerWrapper ExtremeRandomTrees       0:00:28       0.1288    0.1287
       492   StandardScalerWrapper ExtremeRandomTrees       0:00:24       0.1291    0.1287
       493   MinMaxScaler RandomForest                      0:00:25       0.1289    0.1287
       494   StandardScalerWrapper ExtremeRandomTrees       0:00:20       0.1290    0.1287
       495   MinMaxScaler ExtremeRandomTrees                0:00:42       0.1290    0.1287
       496   RobustScaler RandomForest                      0:00:27       0.1291    0.1287
       497   StandardScalerWrapper ExtremeRandomTrees       0:00:21       0.1289    0.1287
       498   MinMaxScaler RandomForest                      0:00:28       0.1291    0.1287
       499   RobustScaler RandomForest                      0:00:29       0.1290    0.1287
       500   RobustScaler ExtremeRandomTrees                0:00:31       0.1289    0.1287
       501   RobustScaler ExtremeRandomTrees                0:00:27       0.1303    0.1287
       502   RobustScaler ExtremeRandomTrees                0:00:19       0.1291    0.1287
       503   StandardScalerWrapper ExtremeRandomTrees       0:00:20       0.1290    0.1287
       504   MinMaxScaler ExtremeRandomTrees                0:00:27       0.1290    0.1287
       505   MinMaxScaler ExtremeRandomTrees                0:00:26       0.1301    0.1287
       506   RobustScaler ExtremeRandomTrees                0:00:25       0.1289    0.1287
       507   RobustScaler ExtremeRandomTrees                0:00:23       0.1288    0.1287
       508   StandardScalerWrapper ExtremeRandomTrees       0:00:33       0.1292    0.1287
       509   StandardScalerWrapper RandomForest             0:00:22       0.1300    0.1287
       510   RobustScaler ExtremeRandomTrees                0:00:29       0.1290    0.1287
       511   RobustScaler ExtremeRandomTrees                0:00:25       0.1294    0.1287
       512   StandardScalerWrapper ExtremeRandomTrees       0:00:19       0.1288    0.1287
       513   RobustScaler ExtremeRandomTrees                0:00:23       0.1290    0.1287
       514   StandardScalerWrapper ExtremeRandomTrees       0:00:29       0.1294    0.1287
       515   MinMaxScaler ExtremeRandomTrees                0:00:23       0.1289    0.1287
       516   WARNING - Retrying (Retry(total=2, connect=3, read=2, redirect=None, status=None)) after connection broken by 'ProtocolError('Connection aborted.', BrokenPipeError(32, 'Broken pipe'))': /history/v1.0/subscriptions/140247fd-63ff-4369-8eab-15ff11693adb/resourceGroups/automl_time_series/providers/Microsoft.MachineLearningServices/workspaces/automl_time_series_ws/experiments/experiment/runs/AutoML_889fb216-611f-4a9a-af9a-03d5ed7f1d2d_516/events
WARNING - Retrying (Retry(total=2, connect=3, read=2, redirect=None, status=None)) after connection broken by 'ProtocolError('Connection aborted.', OSError(0, 'Error'))': /history/v1.0/subscriptions/140247fd-63ff-4369-8eab-15ff11693adb/resourceGroups/automl_time_series/providers/Microsoft.MachineLearningServices/workspaces/automl_time_series_ws/experiments/experiment/runs/AutoML_889fb216-611f-4a9a-af9a-03d5ed7f1d2d_516/token
WARNING - Retrying (Retry(total=1, connect=3, read=1, redirect=None, status=None)) after connection broken by 'ProtocolError('Connection aborted.', RemoteDisconnected('Remote end closed connection without response'))': /history/v1.0/subscriptions/140247fd-63ff-4369-8eab-15ff11693adb/resourceGroups/automl_time_series/providers/Microsoft.MachineLearningServices/workspaces/automl_time_series_ws/experiments/experiment/runs/AutoML_889fb216-611f-4a9a-af9a-03d5ed7f1d2d_516/token
WARNING - Retrying (Retry(total=0, connect=3, read=0, redirect=None, status=None)) after connection broken by 'ProtocolError('Connection aborted.', RemoteDisconnected('Remote end closed connection without response'))': /history/v1.0/subscriptions/140247fd-63ff-4369-8eab-15ff11693adb/resourceGroups/automl_time_series/providers/Microsoft.MachineLearningServices/workspaces/automl_time_series_ws/experiments/experiment/runs/AutoML_889fb216-611f-4a9a-af9a-03d5ed7f1d2d_516/token
WARNING - Retrying (Retry(total=2, connect=3, read=2, redirect=None, status=None)) after connection broken by 'ProtocolError('Connection aborted.', RemoteDisconnected('Remote end closed connection without response'))': /history/v1.0/subscriptions/140247fd-63ff-4369-8eab-15ff11693adb/resourceGroups/automl_time_series/providers/Microsoft.MachineLearningServices/workspaces/automl_time_series_ws/experimentids/4af4e9b5-1028-4323-a4cd-55a1a708ef60/runs/AutoML_889fb216-611f-4a9a-af9a-03d5ed7f1d2d_516
WARNING - Retrying (Retry(total=1, connect=3, read=1, redirect=None, status=None)) after connection broken by 'ProtocolError('Connection aborted.', OSError(0, 'Error'))': /history/v1.0/subscriptions/140247fd-63ff-4369-8eab-15ff11693adb/resourceGroups/automl_time_series/providers/Microsoft.MachineLearningServices/workspaces/automl_time_series_ws/experimentids/4af4e9b5-1028-4323-a4cd-55a1a708ef60/runs/AutoML_889fb216-611f-4a9a-af9a-03d5ed7f1d2d_516
WARNING - Retrying (Retry(total=0, connect=3, read=0, redirect=None, status=None)) after connection broken by 'ProtocolError('Connection aborted.', RemoteDisconnected('Remote end closed connection without response'))': /history/v1.0/subscriptions/140247fd-63ff-4369-8eab-15ff11693adb/resourceGroups/automl_time_series/providers/Microsoft.MachineLearningServices/workspaces/automl_time_series_ws/experimentids/4af4e9b5-1028-4323-a4cd-55a1a708ef60/runs/AutoML_889fb216-611f-4a9a-af9a-03d5ed7f1d2d_516
                                               0:33:40          nan    0.1287
ERROR: Run AutoML_889fb216-611f-4a9a-af9a-03d5ed7f1d2d_516 failed with exception of type: ClientRequestError
       517                                                  0:33:40          nan    0.1287
ERROR: Run AutoML_889fb216-611f-4a9a-af9a-03d5ed7f1d2d_516 failed with exception of type: ServiceException
       518                                                  0:33:43          nan    0.1287
ERROR: Run AutoML_889fb216-611f-4a9a-af9a-03d5ed7f1d2d_516 failed with exception of type: ServiceException
       519                                                  0:33:46          nan    0.1287
ERROR: Run AutoML_889fb216-611f-4a9a-af9a-03d5ed7f1d2d_516 failed with exception of type: ServiceException
       520                                                  0:33:51          nan    0.1287
ERROR: Run AutoML_889fb216-611f-4a9a-af9a-03d5ed7f1d2d_516 failed with exception of type: ServiceException
       521                                                  0:33:54          nan    0.1287
ERROR: Run AutoML_889fb216-611f-4a9a-af9a-03d5ed7f1d2d_516 failed with exception of type: ServiceException
       522                                                  0:33:57          nan    0.1287
ERROR: Run AutoML_889fb216-611f-4a9a-af9a-03d5ed7f1d2d_516 failed with exception of type: ServiceException
       523                                                  0:33:59          nan    0.1287
ERROR: Run AutoML_889fb216-611f-4a9a-af9a-03d5ed7f1d2d_516 failed with exception of type: ServiceException
       524                                                  0:34:02          nan    0.1287
ERROR: Run AutoML_889fb216-611f-4a9a-af9a-03d5ed7f1d2d_516 failed with exception of type: ServiceException
       525                                                  0:34:04          nan    0.1287
ERROR: Run AutoML_889fb216-611f-4a9a-af9a-03d5ed7f1d2d_516 failed with exception of type: ServiceException
       526                                                  0:34:06          nan    0.1287
ERROR: Run AutoML_889fb216-611f-4a9a-af9a-03d5ed7f1d2d_516 failed with exception of type: ServiceException
       527                                                  0:34:09          nan    0.1287
ERROR: Run AutoML_889fb216-611f-4a9a-af9a-03d5ed7f1d2d_516 failed with exception of type: ServiceException
       528                                                  0:34:12          nan    0.1287
ERROR: Run AutoML_889fb216-611f-4a9a-af9a-03d5ed7f1d2d_516 failed with exception of type: ServiceException
       529                                                  0:34:15          nan    0.1287
ERROR: Run AutoML_889fb216-611f-4a9a-af9a-03d5ed7f1d2d_516 failed with exception of type: ServiceException
       530                                                  0:34:18          nan    0.1287
ERROR: Run AutoML_889fb216-611f-4a9a-af9a-03d5ed7f1d2d_516 failed with exception of type: ServiceException
       531                                                  0:34:20          nan    0.1287
ERROR: Run AutoML_889fb216-611f-4a9a-af9a-03d5ed7f1d2d_516 failed with exception of type: ServiceException
       532                                                  0:34:22          nan    0.1287
ERROR: Run AutoML_889fb216-611f-4a9a-af9a-03d5ed7f1d2d_516 failed with exception of type: ServiceException
       533                                                  0:34:24          nan    0.1287
ERROR: Run AutoML_889fb216-611f-4a9a-af9a-03d5ed7f1d2d_516 failed with exception of type: ServiceException
       534                                                  0:34:27          nan    0.1287
ERROR: Run AutoML_889fb216-611f-4a9a-af9a-03d5ed7f1d2d_516 failed with exception of type: ServiceException
       535                                                  0:34:29          nan    0.1287
ERROR: Run AutoML_889fb216-611f-4a9a-af9a-03d5ed7f1d2d_516 failed with exception of type: ServiceException
       536                                                  0:34:31          nan    0.1287
ERROR: Run AutoML_889fb216-611f-4a9a-af9a-03d5ed7f1d2d_516 failed with exception of type: ServiceException
       537                                                  0:34:34          nan    0.1287
ERROR: Run AutoML_889fb216-611f-4a9a-af9a-03d5ed7f1d2d_516 failed with exception of type: ServiceException
       538                                                  0:34:36          nan    0.1287
ERROR: Run AutoML_889fb216-611f-4a9a-af9a-03d5ed7f1d2d_516 failed with exception of type: ServiceException
       539                                                  0:34:38          nan    0.1287
ERROR: Run AutoML_889fb216-611f-4a9a-af9a-03d5ed7f1d2d_516 failed with exception of type: ServiceException
       540                                                  0:34:41          nan    0.1287
ERROR: Run AutoML_889fb216-611f-4a9a-af9a-03d5ed7f1d2d_516 failed with exception of type: ServiceException
       541                                                  0:34:43          nan    0.1287
ERROR: Run AutoML_889fb216-611f-4a9a-af9a-03d5ed7f1d2d_516 failed with exception of type: ServiceException
       542                                                  0:34:45          nan    0.1287
ERROR: Run AutoML_889fb216-611f-4a9a-af9a-03d5ed7f1d2d_516 failed with exception of type: ServiceException
       543                                                  0:34:48          nan    0.1287
ERROR: Run AutoML_889fb216-611f-4a9a-af9a-03d5ed7f1d2d_516 failed with exception of type: ServiceException
       544                                                  0:34:50          nan    0.1287
ERROR: Run AutoML_889fb216-611f-4a9a-af9a-03d5ed7f1d2d_516 failed with exception of type: ServiceException
       545                                                  0:34:53          nan    0.1287
ERROR: Run AutoML_889fb216-611f-4a9a-af9a-03d5ed7f1d2d_516 failed with exception of type: ServiceException
       546                                                  0:34:55          nan    0.1287
ERROR: Run AutoML_889fb216-611f-4a9a-af9a-03d5ed7f1d2d_516 failed with exception of type: ServiceException
       547                                                  0:34:58          nan    0.1287
ERROR: Run AutoML_889fb216-611f-4a9a-af9a-03d5ed7f1d2d_516 failed with exception of type: ServiceException
       548                                                  0:35:00          nan    0.1287
ERROR: Run AutoML_889fb216-611f-4a9a-af9a-03d5ed7f1d2d_516 failed with exception of type: ServiceException
       549                                                  0:35:03          nan    0.1287
ERROR: Run AutoML_889fb216-611f-4a9a-af9a-03d5ed7f1d2d_516 failed with exception of type: ServiceException
       550                                                  0:35:06          nan    0.1287
ERROR: Run AutoML_889fb216-611f-4a9a-af9a-03d5ed7f1d2d_516 failed with exception of type: ServiceException
       551                                                  0:35:08          nan    0.1287
ERROR: Run AutoML_889fb216-611f-4a9a-af9a-03d5ed7f1d2d_516 failed with exception of type: ServiceException
       552                                                  0:35:10          nan    0.1287
ERROR: Run AutoML_889fb216-611f-4a9a-af9a-03d5ed7f1d2d_516 failed with exception of type: ServiceException
       553                                                  0:35:13          nan    0.1287
ERROR: Run AutoML_889fb216-611f-4a9a-af9a-03d5ed7f1d2d_516 failed with exception of type: ServiceException
       554                                                  0:35:16          nan    0.1287
ERROR: Run AutoML_889fb216-611f-4a9a-af9a-03d5ed7f1d2d_516 failed with exception of type: ServiceException
       555                                                  0:35:18          nan    0.1287
ERROR: Run AutoML_889fb216-611f-4a9a-af9a-03d5ed7f1d2d_516 failed with exception of type: ServiceException
       556                                                  0:35:21          nan    0.1287
ERROR: Run AutoML_889fb216-611f-4a9a-af9a-03d5ed7f1d2d_516 failed with exception of type: ServiceException
       557                                                  0:35:24          nan    0.1287
ERROR: Run AutoML_889fb216-611f-4a9a-af9a-03d5ed7f1d2d_516 failed with exception of type: ServiceException
       558                                                  0:35:26          nan    0.1287
ERROR: Run AutoML_889fb216-611f-4a9a-af9a-03d5ed7f1d2d_516 failed with exception of type: ServiceException
       559                                                  0:35:28          nan    0.1287
ERROR: Run AutoML_889fb216-611f-4a9a-af9a-03d5ed7f1d2d_516 failed with exception of type: ServiceException
       560                                                  0:35:30          nan    0.1287
ERROR: Run AutoML_889fb216-611f-4a9a-af9a-03d5ed7f1d2d_516 failed with exception of type: ServiceException
       561                                                  0:35:33          nan    0.1287
ERROR: Run AutoML_889fb216-611f-4a9a-af9a-03d5ed7f1d2d_516 failed with exception of type: ServiceException
       562                                                  0:35:35          nan    0.1287
ERROR: Run AutoML_889fb216-611f-4a9a-af9a-03d5ed7f1d2d_516 failed with exception of type: ServiceException
       563                                                  0:35:38          nan    0.1287
ERROR: Run AutoML_889fb216-611f-4a9a-af9a-03d5ed7f1d2d_516 failed with exception of type: ServiceException
       564                                                  0:35:40          nan    0.1287
ERROR: Run AutoML_889fb216-611f-4a9a-af9a-03d5ed7f1d2d_516 failed with exception of type: ServiceException
       565                                                  0:35:42          nan    0.1287
ERROR: Run AutoML_889fb216-611f-4a9a-af9a-03d5ed7f1d2d_516 failed with exception of type: ServiceException
       566                                                  0:35:45          nan    0.1287
ERROR: Run AutoML_889fb216-611f-4a9a-af9a-03d5ed7f1d2d_516 failed with exception of type: ServiceException
       567                                                  0:35:47          nan    0.1287
ERROR: Run AutoML_889fb216-611f-4a9a-af9a-03d5ed7f1d2d_516 failed with exception of type: ServiceException
       568                                                  0:35:50          nan    0.1287
ERROR: Run AutoML_889fb216-611f-4a9a-af9a-03d5ed7f1d2d_516 failed with exception of type: ServiceException
       569                                                  0:35:53          nan    0.1287
ERROR: Run AutoML_889fb216-611f-4a9a-af9a-03d5ed7f1d2d_516 failed with exception of type: ServiceException
Exception thrown. Cancelling run, since there is at least one successful child run.
ERROR: ServiceException:
	Code: 409
	Message: (UserError) Cannot change run status. Current Status: Failed, TargetStatus: canceled
	Details:

	Headers: {
	    "Date": "Thu, 21 Jan 2021 12:26:34 GMT",
	    "Content-Type": "application/json; charset=utf-8",
	    "Content-Length": "886",
	    "Connection": "keep-alive",
	    "Request-Context": "appId=cid-v1:6a27ce65-5555-41a3-85f7-b7a1ce31fd6b",
	    "x-ms-response-type": "error",
	    "x-ms-client-request-id": "96ba02b3-cf60-4904-966e-f8a2be707d6e",
	    "x-ms-client-session-id": "",
	    "X-Content-Type-Options": "nosniff",
	    "x-request-time": "21.435",
	    "Strict-Transport-Security": "max-age=15724800; includeSubDomains; preload"
	}
	InnerException: {
    "additional_properties": {
        "componentName": "jasmine"
    },
    "error": {
        "additional_properties": {
            "severity": null
        },
        "code": "UserError",
        "message": "Cannot change run status. Current Status: Failed, TargetStatus: canceled",
        "details_uri": null,
        "target": null,
        "details": [],
        "inner_error": {
            "additional_properties": {},
            "code": "Conflict",
            "inner_error": {
                "additional_properties": {},
                "code": "InvalidRunStateTransition",
                "inner_error": null
            }
        },
        "debug_info": null,
        "message_format": "Cannot change run status. Current Status: {currentStatus}, TargetStatus: {targetStatus}",
        "message_parameters": {
            "currentStatus": "Failed",
            "targetStatus": "canceled"
        },
        "reference_code": null
    },
    "correlation": {
        "operation": "2148d76e9fb81543b9b7f6e134627050",
        "request": "6c3da3dabfc2314b"
    },
    "environment": "northeurope",
    "location": "northeurope",
    "time": {}
}
WARNING - Received unrecognized parameter ensemble_download_models_timeout_sec
WARNING - Received unrecognized parameter ensemble_download_models_timeout_sec
WARNING - Received unrecognized parameter ensemble_download_models_timeout_sec
Best pipeline:
0. ('timeseriestransformer', TimeSeriesTransformer(featurization_config=None,
                      pipeline_type=<TimeSeriesPipelineType.FULL: 1>))
1. ('RobustScaler', RobustScaler(copy=True, quantile_range=[10, 90], with_centering=True,
             with_scaling=True))
2. ('ExtraTreesRegressor', ExtraTreesRegressor(bootstrap=False, ccp_alpha=0.0, criterion='mae',
                    max_depth=None, max_features=0.6, max_leaf_nodes=None,
                    max_samples=None, min_impurity_decrease=0.0,
                    min_impurity_split=None,
                    min_samples_leaf=0.05040306135985514,
                    min_samples_split=0.00310675990983383,
                    min_weight_fraction_leaf=0.0, n_estimators=25, n_jobs=-1,
                    oob_score=False, random_state=None, verbose=0,
                    warm_start=False))

['year', 'half', 'quarter', 'month', 'day', 'hour', 'am_pm', 'hour12', 'wday', 'qday', 'week']
  RawFeatureName TypeDetected Dropped  EngineeredFeatureCount  \
0  datetime       DateTime     No      11                       

                                                                                                                                                                                                                           Transformations  
0  [DateTimeTransformer, DateTimeTransformer, DateTimeTransformer, DateTimeTransformer, DateTimeTransformer, DateTimeTransformer, DateTimeTransformer, DateTimeTransformer, DateTimeTransformer, DateTimeTransformer, DateTimeTransformer]  
