WARNING - Received unrecognized parameter ensemble_download_models_timeout_sec
Running on local machine
Parent Run ID: AutoML_2de28412-bd77-4a52-8417-aa8db9e5e058

Current status: DatasetFeaturization. Beginning to featurize the dataset.
Current status: DatasetFeaturizationCompleted. Completed featurizing the dataset.
Heuristic parameters: Target_Lag = '[0]', Target_Rolling_Window = '0'.
WARNING - Converting non-string tag to string: (forecasting_target_lags: [0])
WARNING - Converting non-string tag to string: (forecasting_target_rolling_window_size: 0)
WARNING - Converting non-string tag to string: (forecasting_max_horizon: 2223)
Current status: DatasetCrossValidationSplit. Generating individually featurized CV splits.
Current status: DatasetFeaturization. Beginning to featurize the CV split.
Current status: DatasetFeaturizationCompleted. Completed featurizing the CV split.
Current status: DatasetFeaturization. Beginning to featurize the CV split.
Current status: DatasetFeaturizationCompleted. Completed featurizing the CV split.
Current status: DatasetFeaturization. Beginning to featurize the CV split.
Current status: DatasetFeaturizationCompleted. Completed featurizing the CV split.
Current status: DatasetFeaturization. Beginning to featurize the CV split.
Current status: DatasetFeaturizationCompleted. Completed featurizing the CV split.
Current status: DatasetFeaturization. Beginning to featurize the CV split.
Current status: DatasetFeaturizationCompleted. Completed featurizing the CV split.

****************************************************************************************************
DATA GUARDRAILS: 

TYPE:         Frequency detection
STATUS:       PASSED
DESCRIPTION:  The time series was analyzed, all data points are aligned with detected frequency.
              

****************************************************************************************************

TYPE:         Missing feature values imputation
STATUS:       PASSED
DESCRIPTION:  No feature missing values were detected in the training data.
              Learn more about missing value imputation: https://aka.ms/AutomatedMLFeaturization

****************************************************************************************************

TYPE:         Memory Issues Detection
STATUS:       PASSED
DESCRIPTION:  The selected horizon, lag and rolling window values were analyzed, and no potential memory issues were detected.
              Learn more about time-series forecasting configurations: https://aka.ms/AutomatedMLForecastingConfiguration

****************************************************************************************************
Current status: ModelSelection. Beginning model selection.

****************************************************************************************************
ITERATION: The iteration being evaluated.
PIPELINE: A summary description of the pipeline being evaluated.
DURATION: Time taken for the current iteration.
METRIC: The result of computing score on the fitted pipeline.
BEST: The best observed score thus far.
****************************************************************************************************

 ITERATION   PIPELINE                                       DURATION      METRIC      BEST
         0   RobustScaler LassoLars                         0:00:18       0.2149    0.2149
         1   RobustScaler DecisionTree                      0:00:25       0.2102    0.2102
         2   StandardScalerWrapper DecisionTree             0:00:17       0.2071    0.2071
         3   RobustScaler DecisionTree                      0:00:19       0.2088    0.2071
         4   StandardScalerWrapper ElasticNet               0:00:17       0.2146    0.2071
         5   MinMaxScaler DecisionTree                      0:00:34       0.2074    0.2071
         6   MinMaxScaler ElasticNet                        0:00:18       0.2148    0.2071
         7   StandardScalerWrapper DecisionTree             0:00:18       0.2070    0.2070
         8   StandardScalerWrapper DecisionTree             0:00:16       0.2092    0.2070
         9   RobustScaler DecisionTree                      0:00:19       0.2093    0.2070
        10   RobustScaler ElasticNet                        0:00:26       0.2149    0.2070
        11   RobustScaler DecisionTree                      0:00:26       0.2082    0.2070
        12   RobustScaler DecisionTree                      0:00:18       0.2076    0.2070
        13   StandardScalerWrapper DecisionTree             0:00:19       0.2087    0.2070
        14   MinMaxScaler DecisionTree                      0:00:17       0.2082    0.2070
        15   MinMaxScaler DecisionTree                      0:00:22       0.2107    0.2070
        16   RobustScaler DecisionTree                      0:00:27       0.2072    0.2070
        17   StandardScalerWrapper DecisionTree             0:00:21       0.2071    0.2070
        18   MinMaxScaler DecisionTree                      0:00:24       0.2088    0.2070
        19   StandardScalerWrapper LassoLars                0:00:26       0.2149    0.2070
        20   WARNING - Retrying (Retry(total=2, connect=None, read=None, redirect=None, status=None)) after connection broken by 'ProtocolError('Connection aborted.', ConnectionResetError(104, 'Connection reset by peer'))': /azureml/ExperimentRun/dcid.AutoML_2de28412-bd77-4a52-8417-aa8db9e5e058_20/outputs/env_dependencies.json?sv=2019-02-02&sr=b&sig=ElSM7zNtR7yWygHGJmaGyrVWToJFBOl11I8VbLFzJ4Q%3D&st=2021-01-14T14%3A39%3A31Z&se=2021-01-15T14%3A49%3A31Z&sp=rcw&comp=block&blockid=TURBd01EQXdNREF3TURBd01EQXdNREF3TURBd01EQXdNREF3TURBd01EQSUzRA%3D%3D&timeout=30
WARNING - Retrying (Retry(total=2, connect=None, read=None, redirect=None, status=None)) after connection broken by 'ProtocolError('Connection aborted.', ConnectionResetError(104, 'Connection reset by peer'))': /azureml/ExperimentRun/dcid.AutoML_2de28412-bd77-4a52-8417-aa8db9e5e058_20/outputs/scoring_file_v_1_0_0.py?sv=2019-02-02&sr=b&sig=%2B0kFwkCJdUNtzJJjM5ARledDIcLMeOmeIbTUEH6X%2Fmw%3D&st=2021-01-14T14%3A39%3A31Z&se=2021-01-15T14%3A49%3A31Z&sp=rcw&comp=block&blockid=TURBd01EQXdNREF3TURBd01EQXdNREF3TURBd01EQXdNREF3TURBd01EQSUzRA%3D%3D&timeout=30
WARNING - Retrying (Retry(total=2, connect=None, read=None, redirect=None, status=None)) after connection broken by 'ProtocolError('Connection aborted.', ConnectionResetError(104, 'Connection reset by peer'))': /azureml/ExperimentRun/dcid.AutoML_2de28412-bd77-4a52-8417-aa8db9e5e058_20/outputs/model.pkl?sv=2019-02-02&sr=b&sig=1zOExFiW3roSBTF8OxTshaxeWOrKkq9JNfFPZ2podgU%3D&st=2021-01-14T14%3A39%3A31Z&se=2021-01-15T14%3A49%3A31Z&sp=rcw&comp=block&blockid=TURBd01EQXdNREF3TURBd01EQXdNREF3TURBd01EQXdNREF3TURBd01EQSUzRA%3D%3D&timeout=30
StandardScalerWrapper DecisionTree             0:00:24       0.2088    0.2070
        21   StandardScalerWrapper RandomForest             0:00:29       0.2062    0.2062
        22   StandardScalerWrapper RandomForest             0:00:43       0.2165    0.2062
        23   MaxAbsScaler RandomForest                      0:00:28       0.2066    0.2062
        24   MinMaxScaler RandomForest                      0:00:28       0.2067    0.2062
        25   MaxAbsScaler RandomForest                      0:00:44       0.2162    0.2062
        26   StandardScalerWrapper RandomForest             0:00:32       0.2165    0.2062
        27   StandardScalerWrapper GradientBoosting         0:00:55       0.2078    0.2062
        28   MinMaxScaler ExtremeRandomTrees                0:00:21       0.2064    0.2062
        29   StandardScalerWrapper RandomForest             0:00:27       0.2064    0.2062
        30   RobustScaler RandomForest                      0:00:25       0.2066    0.2062
        31   MinMaxScaler GradientBoosting                  0:01:01       0.2158    0.2062
        32   RobustScaler RandomForest                      0:00:22       0.2066    0.2062
        33   RobustScaler ExtremeRandomTrees                0:00:46       0.2163    0.2062
        34   MinMaxScaler DecisionTree                      0:00:23       0.2075    0.2062
        35   StandardScalerWrapper RandomForest             0:00:23       0.2168    0.2062
        36   MinMaxScaler DecisionTree                      0:00:34       0.2082    0.2062
        37   MaxAbsScaler ExtremeRandomTrees                0:00:19       0.2063    0.2062
        38   MinMaxScaler RandomForest                      0:00:22       0.2076    0.2062
        39   RobustScaler GradientBoosting                  0:00:21       0.2156    0.2062
        40   MinMaxScaler RandomForest                      0:00:27       0.2064    0.2062
        41   MaxAbsScaler RandomForest                      0:00:25       0.2161    0.2062
        42   MaxAbsScaler RandomForest                      0:00:30       0.2063    0.2062
        43   RobustScaler RandomForest                      0:00:34       0.2066    0.2062
        44   StandardScalerWrapper GradientBoosting         0:00:20       0.2063    0.2062
        45   MaxAbsScaler RandomForest                      0:00:25       0.2069    0.2062
        46   RobustScaler RandomForest                      0:00:25       0.2064    0.2062
        47   StandardScalerWrapper ExtremeRandomTrees       0:00:24       0.2165    0.2062
        48   StandardScalerWrapper GradientBoosting         0:00:32       0.2155    0.2062
        49   StandardScalerWrapper RandomForest             0:00:21       0.2068    0.2062
        50   StandardScalerWrapper RandomForest             0:02:42       0.2166    0.2062
        51   StandardScalerWrapper GradientBoosting         0:00:31       0.2156    0.2062
        52   RobustScaler RandomForest                      0:00:20       0.2063    0.2062
        53   StandardScalerWrapper RandomForest             0:00:33       0.2066    0.2062
        54   StandardScalerWrapper RandomForest             0:00:51       0.2166    0.2062
        55   StandardScalerWrapper RandomForest             0:00:31       0.2065    0.2062
        56   MaxAbsScaler RandomForest                      0:00:20       0.2068    0.2062
        57   RobustScaler GradientBoosting                  0:00:25       0.2148    0.2062
        58   MinMaxScaler RandomForest                      0:00:35       0.2065    0.2062
        59   RobustScaler RandomForest                      0:00:29       0.2166    0.2062
        60   MinMaxScaler RandomForest                      0:00:47       0.2154    0.2062
        61   StandardScalerWrapper RandomForest             0:00:24       0.2061    0.2061
        62   RobustScaler RandomForest                      0:00:23       0.2065    0.2061
        63   MaxAbsScaler RandomForest                      0:00:26       0.2064    0.2061
        64   StandardScalerWrapper GradientBoosting         0:00:20       0.2062    0.2061
        65   WARNING - Retrying (Retry(total=2, connect=None, read=None, redirect=None, status=None)) after connection broken by 'ProtocolError('Connection aborted.', ConnectionResetError(104, 'Connection reset by peer'))': /azureml/ExperimentRun/dcid.AutoML_2de28412-bd77-4a52-8417-aa8db9e5e058_65/outputs/env_dependencies.json?sv=2019-02-02&sr=b&sig=2KmSKYZj%2Bt2NssoONAxEglYfeJjknU73DUPJjzyYpNA%3D&st=2021-01-14T15%3A04%3A36Z&se=2021-01-15T15%3A14%3A36Z&sp=rcw&comp=block&blockid=TURBd01EQXdNREF3TURBd01EQXdNREF3TURBd01EQXdNREF3TURBd01EQSUzRA%3D%3D&timeout=30
WARNING - Retrying (Retry(total=2, connect=None, read=None, redirect=None, status=None)) after connection broken by 'ProtocolError('Connection aborted.', ConnectionResetError(104, 'Connection reset by peer'))': /azureml/ExperimentRun/dcid.AutoML_2de28412-bd77-4a52-8417-aa8db9e5e058_65/outputs/pipeline_graph.json?sv=2019-02-02&sr=b&sig=iSEEQKpxkPPMz444sb66wygK%2FWBpy587VKZRs9Ke0m8%3D&st=2021-01-14T15%3A04%3A36Z&se=2021-01-15T15%3A14%3A36Z&sp=rcw&comp=block&blockid=TURBd01EQXdNREF3TURBd01EQXdNREF3TURBd01EQXdNREF3TURBd01EQSUzRA%3D%3D&timeout=30
WARNING - Retrying (Retry(total=2, connect=None, read=None, redirect=None, status=None)) after connection broken by 'ProtocolError('Connection aborted.', ConnectionResetError(104, 'Connection reset by peer'))': /azureml/ExperimentRun/dcid.AutoML_2de28412-bd77-4a52-8417-aa8db9e5e058_65/outputs/conda_env_v_1_0_0.yml?sv=2019-02-02&sr=b&sig=Jv49%2BTgiF8Nn9RcsHCM5g9Y3DgTLpsk38QNw6%2FUe8ZM%3D&st=2021-01-14T15%3A04%3A36Z&se=2021-01-15T15%3A14%3A36Z&sp=rcw&comp=block&blockid=TURBd01EQXdNREF3TURBd01EQXdNREF3TURBd01EQXdNREF3TURBd01EQSUzRA%3D%3D&timeout=30
MaxAbsScaler RandomForest                      0:00:29       0.2068    0.2061
        66   RobustScaler RandomForest                      0:00:26       0.2070    0.2061
        67   MinMaxScaler RandomForest                      0:00:28       0.2064    0.2061
        68   StandardScalerWrapper GradientBoosting         0:00:46       0.2156    0.2061
        69   StandardScalerWrapper ExtremeRandomTrees       0:00:36       0.2062    0.2061
        70   RobustScaler RandomForest                      0:01:23       0.2154    0.2061
        71   StandardScalerWrapper RandomForest             0:00:24       0.2066    0.2061
        72   MaxAbsScaler GradientBoosting                  0:00:37       0.2077    0.2061
        73   MinMaxScaler GradientBoosting                  0:00:56       0.2146    0.2061
        74   StandardScalerWrapper RandomForest             0:00:20       0.2066    0.2061
        75   MinMaxScaler RandomForest                      0:00:28       0.2074    0.2061
        76   RobustScaler RandomForest                      0:00:41       0.2164    0.2061
        77   RobustScaler RandomForest                      0:00:26       0.2063    0.2061
        78   StandardScalerWrapper RandomForest             0:00:43       0.2163    0.2061
        79   MaxAbsScaler GradientBoosting                  0:00:44       0.2157    0.2061
        80   MinMaxScaler RandomForest                      0:00:33       0.2081    0.2061
        81   RobustScaler GradientBoosting                  0:00:25       0.2065    0.2061
        82   StandardScalerWrapper RandomForest             0:00:39       0.2164    0.2061
        83   MaxAbsScaler RandomForest                      0:00:29       0.2066    0.2061
        84   WARNING - Retrying (Retry(total=2, connect=None, read=None, redirect=None, status=None)) after connection broken by 'ProtocolError('Connection aborted.', ConnectionResetError(104, 'Connection reset by peer'))': /azureml/ExperimentRun/dcid.AutoML_2de28412-bd77-4a52-8417-aa8db9e5e058_84/outputs/pipeline_graph.json?sv=2019-02-02&sr=b&sig=CpgX8bgF0r3WP9s5ZgfKsXipYIA0TxELkc4Ck1uq%2F5k%3D&st=2021-01-14T15%3A16%3A19Z&se=2021-01-15T15%3A26%3A19Z&sp=rcw&comp=block&blockid=TURBd01EQXdNREF3TURBd01EQXdNREF3TURBd01EQXdNREF3TURBd01EQSUzRA%3D%3D&timeout=30
MinMaxScaler RandomForest                      0:00:21       0.2063    0.2061
        85   RobustScaler RandomForest                      0:00:20       0.2066    0.2061
        86   RobustScaler RandomForest                      0:00:29       0.2063    0.2061
        87   StandardScalerWrapper GradientBoosting         0:00:18       0.2067    0.2061
        88   RobustScaler ExtremeRandomTrees                0:00:21       0.2062    0.2061
        89   RobustScaler RandomForest                      0:00:30       0.2077    0.2061
        90   RobustScaler RandomForest                      0:00:31       0.2066    0.2061
        91   MaxAbsScaler RandomForest                      0:00:24       0.2073    0.2061
        92   MaxAbsScaler RandomForest                      0:00:21       0.2066    0.2061
        93   MaxAbsScaler ExtremeRandomTrees                0:00:35       0.2065    0.2061
        94   StandardScalerWrapper RandomForest             0:00:20       0.2072    0.2061
        95   RobustScaler RandomForest                      0:00:28       0.2144    0.2061
        96   MinMaxScaler GradientBoosting                  0:00:22       0.2063    0.2061
        97   MinMaxScaler GradientBoosting                  0:00:37       0.2065    0.2061
        98   StandardScalerWrapper GradientBoosting         0:00:37       0.2065    0.2061
        99   RobustScaler GradientBoosting                  0:00:39       0.2142    0.2061
       100   SparseNormalizer RandomForest                  0:00:33       0.2162    0.2061
       101   RobustScaler GradientBoosting                  0:00:34       0.2063    0.2061
       102   MinMaxScaler RandomForest                      0:00:40       0.2164    0.2061
       103   StandardScalerWrapper RandomForest             0:00:24       0.2062    0.2061
       104   MaxAbsScaler RandomForest                      0:00:27       0.2066    0.2061
       105   MinMaxScaler RandomForest                      0:00:24       0.2071    0.2061
       106   MinMaxScaler GradientBoosting                  0:00:34       0.2068    0.2061
       107   StandardScalerWrapper RandomForest             0:00:26       0.2063    0.2061
       108   MinMaxScaler RandomForest                      0:00:20       0.2067    0.2061
       109   MaxAbsScaler GradientBoosting                  0:00:18       0.2071    0.2061
       110   MinMaxScaler RandomForest                      0:01:04       0.2145    0.2061
       111   StandardScalerWrapper ElasticNet               0:00:18       0.2149    0.2061
       112   MaxAbsScaler RandomForest                      0:00:25       0.2063    0.2061
       113   StandardScalerWrapper GradientBoosting         0:00:30       0.2159    0.2061
       114   MaxAbsScaler RandomForest                      0:00:25       0.2074    0.2061
       115   StandardScalerWrapper RandomForest             0:00:31       0.2068    0.2061
       116   RobustScaler GradientBoosting                  0:00:29       0.2062    0.2061
       117   MinMaxScaler GradientBoosting                  0:00:27       0.2161    0.2061
       118   RobustScaler ExtremeRandomTrees                0:00:21       0.2063    0.2061
       119   StandardScalerWrapper GradientBoosting         0:00:29       0.2146    0.2061
       120   StandardScalerWrapper RandomForest             0:00:30       0.2157    0.2061
       121   MaxAbsScaler GradientBoosting                  0:01:14       0.2166    0.2061
       122   MinMaxScaler RandomForest                      0:00:21       0.2079    0.2061
       123   StandardScalerWrapper GradientBoosting         0:00:28       0.2143    0.2061
       124   StandardScalerWrapper ElasticNet               0:00:19       0.2149    0.2061
       125   RobustScaler RandomForest                      0:00:31       0.2135    0.2061
       126   StandardScalerWrapper ExtremeRandomTrees       0:00:26       0.2160    0.2061
       127   RobustScaler LassoLars                         0:00:19       0.2149    0.2061
       128   StandardScalerWrapper GradientBoosting         0:00:28       0.2137    0.2061
       129   StandardScalerWrapper GradientBoosting         0:00:33       0.2166    0.2061
       130   StandardScalerWrapper RandomForest             0:00:22       0.2096    0.2061
       131   MinMaxScaler RandomForest                      0:00:23       0.2062    0.2061
       132   StandardScalerWrapper GradientBoosting         0:00:32       0.2154    0.2061
       133   StandardScalerWrapper RandomForest             0:00:40       0.2161    0.2061
       134   RobustScaler GradientBoosting                  0:00:35       0.2159    0.2061
       135   MinMaxScaler RandomForest                      0:01:12       0.2156    0.2061
       136   MaxAbsScaler RandomForest                      0:00:23       0.2068    0.2061
       137   StandardScalerWrapper RandomForest             0:00:19       0.2065    0.2061
       138   StandardScalerWrapper RandomForest             0:00:19       0.2087    0.2061
       139   StandardScalerWrapper RandomForest             0:00:37       0.2063    0.2061
       140   MinMaxScaler RandomForest                      0:00:36       0.2144    0.2061
       141   MaxAbsScaler GradientBoosting                  0:00:39       0.2065    0.2061
       142   RobustScaler RandomForest                      0:00:21       0.2065    0.2061
       143   StandardScalerWrapper ExtremeRandomTrees       0:00:20       0.2064    0.2061
       144   MinMaxScaler RandomForest                      0:00:19       0.2069    0.2061
       145   StandardScalerWrapper RandomForest             0:00:20       0.2062    0.2061
       146   RobustScaler ElasticNet                        0:00:19       0.2149    0.2061
       147   MinMaxScaler GradientBoosting                  0:00:30       0.2071    0.2061
       148   MaxAbsScaler RandomForest                      0:00:25       0.2064    0.2061
       149   RobustScaler ExtremeRandomTrees                0:00:19       0.2064    0.2061
       150   WARNING - Retrying (Retry(total=2, connect=None, read=None, redirect=None, status=None)) after connection broken by 'ProtocolError('Connection aborted.', ConnectionResetError(104, 'Connection reset by peer'))': /azureml/ExperimentRun/dcid.AutoML_2de28412-bd77-4a52-8417-aa8db9e5e058_150/outputs/model.pkl?sv=2019-02-02&sr=b&sig=kjFgHJZ6ziupr9lN%2FG3iE4pn6ZjjrWZeS4%2FDIFq2XJA%3D&st=2021-01-14T15%3A48%3A43Z&se=2021-01-15T15%3A58%3A43Z&sp=rcw&comp=block&blockid=TURBd01EQXdNREF3TURBd01EQXdNREF3TURBd01EQXdNREF3TURBd01EQSUzRA%3D%3D&timeout=30
StandardScalerWrapper RandomForest             0:00:25       0.2154    0.2061
       151   StandardScalerWrapper RandomForest             0:00:25       0.2160    0.2061
       152   MinMaxScaler RandomForest                      0:00:21       0.2064    0.2061
       153   StandardScalerWrapper ElasticNet               0:00:22       0.2149    0.2061
       154   MinMaxScaler ExtremeRandomTrees                0:00:31       0.2063    0.2061
       155   WARNING - Retrying (Retry(total=2, connect=None, read=None, redirect=None, status=None)) after connection broken by 'ProtocolError('Connection aborted.', ConnectionResetError(104, 'Connection reset by peer'))': /azureml/ExperimentRun/dcid.AutoML_2de28412-bd77-4a52-8417-aa8db9e5e058_155/outputs/env_dependencies.json?sv=2019-02-02&sr=b&sig=D7jNjExADKEKsHKKHUiIjuvYsfDAWhJkbu%2BN%2B8HHFBM%3D&st=2021-01-14T15%3A50%3A52Z&se=2021-01-15T16%3A00%3A52Z&sp=rcw&comp=block&blockid=TURBd01EQXdNREF3TURBd01EQXdNREF3TURBd01EQXdNREF3TURBd01EQSUzRA%3D%3D&timeout=30
MaxAbsScaler RandomForest                      0:00:25       0.2066    0.2061
       156   MaxAbsScaler RandomForest                      0:00:22       0.2165    0.2061
       157   MinMaxScaler RandomForest                      0:00:20       0.2065    0.2061
       158   StandardScalerWrapper RandomForest             0:00:30       0.2064    0.2061
       159   StandardScalerWrapper LassoLars                0:00:23       0.2149    0.2061
       160   WARNING - Retrying (Retry(total=2, connect=None, read=None, redirect=None, status=None)) after connection broken by 'ProtocolError('Connection aborted.', ConnectionResetError(104, 'Connection reset by peer'))': /azureml/ExperimentRun/dcid.AutoML_2de28412-bd77-4a52-8417-aa8db9e5e058_160/outputs/env_dependencies.json?sv=2019-02-02&sr=b&sig=BgY5n6w1vBUMe3Pbtmi5EPgAdlAwqnFr9sl7Jkp42zI%3D&st=2021-01-14T15%3A53%3A09Z&se=2021-01-15T16%3A03%3A09Z&sp=rcw&comp=block&blockid=TURBd01EQXdNREF3TURBd01EQXdNREF3TURBd01EQXdNREF3TURBd01EQSUzRA%3D%3D&timeout=30
StandardScalerWrapper RandomForest             0:00:46       0.2066    0.2061
       161   StandardScalerWrapper RandomForest             0:00:25       0.2064    0.2061
       162   WARNING - Retrying (Retry(total=2, connect=None, read=None, redirect=None, status=None)) after connection broken by 'ProtocolError('Connection aborted.', ConnectionResetError(104, 'Connection reset by peer'))': /azureml/ExperimentRun/dcid.AutoML_2de28412-bd77-4a52-8417-aa8db9e5e058_162/outputs/pipeline_graph.json?sv=2019-02-02&sr=b&sig=eQlpMN4R1JIwzyrEzNfBEP5cAoT66m17%2FWzDrxq8tR0%3D&st=2021-01-14T15%3A54%3A03Z&se=2021-01-15T16%3A04%3A03Z&sp=rcw&comp=block&blockid=TURBd01EQXdNREF3TURBd01EQXdNREF3TURBd01EQXdNREF3TURBd01EQSUzRA%3D%3D&timeout=30
MaxAbsScaler RandomForest                      0:00:22       0.2063    0.2061
       163   StandardScalerWrapper RandomForest             0:00:26       0.2070    0.2061
       164   MinMaxScaler GradientBoosting                  0:00:41       0.2154    0.2061
       165   StandardScalerWrapper RandomForest             0:00:26       0.2167    0.2061
       166   RobustScaler RandomForest                      0:00:27       0.2063    0.2061
       167   MaxAbsScaler GradientBoosting                  0:00:32       0.2137    0.2061
       168   StandardScalerWrapper RandomForest             0:00:26       0.2063    0.2061
       169   RobustScaler GradientBoosting                  0:00:20       0.2068    0.2061
       170   StandardScalerWrapper RandomForest             0:01:07       0.2150    0.2061
       171   MinMaxScaler RandomForest                      0:00:25       0.2165    0.2061
       172   StandardScalerWrapper RandomForest             0:00:27       0.2064    0.2061
       173   RobustScaler GradientBoosting                  0:00:24       0.2063    0.2061
       174   RobustScaler LassoLars                         0:00:27       0.2149    0.2061
       175   RobustScaler RandomForest                      0:01:31       0.2154    0.2061
       176   MaxAbsScaler GradientBoosting                  0:00:23       0.2147    0.2061
       177   MaxAbsScaler RandomForest                      0:00:36       0.2168    0.2061
       178   StandardScalerWrapper ExtremeRandomTrees       0:00:22       0.2064    0.2061
       179   RobustScaler RandomForest                      0:00:29       0.2163    0.2061
       180   RobustScaler RandomForest                      0:00:27       0.2072    0.2061
       181   MinMaxScaler GradientBoosting                  0:00:33       0.2061    0.2061
       182   StandardScalerWrapper GradientBoosting         0:00:25       0.2071    0.2061
       183   WARNING - Retrying (Retry(total=2, connect=None, read=None, redirect=None, status=None)) after connection broken by 'ProtocolError('Connection aborted.', ConnectionResetError(104, 'Connection reset by peer'))': /azureml/ExperimentRun/dcid.AutoML_2de28412-bd77-4a52-8417-aa8db9e5e058_183/outputs/model.pkl?sv=2019-02-02&sr=b&sig=Hpbu8UTNXinKqXV00PXHofsBOUq9%2B2gQwNOCFSSr3uk%3D&st=2021-01-14T16%3A05%3A37Z&se=2021-01-15T16%3A15%3A37Z&sp=rcw&comp=block&blockid=TURBd01EQXdNREF3TURBd01EQXdNREF3TURBd01EQXdNREF3TURBd01EQSUzRA%3D%3D&timeout=30
RobustScaler RandomForest                      0:00:27       0.2076    0.2061
       184   WARNING - Retrying (Retry(total=2, connect=None, read=None, redirect=None, status=None)) after connection broken by 'ProtocolError('Connection aborted.', ConnectionResetError(104, 'Connection reset by peer'))': /azureml/ExperimentRun/dcid.AutoML_2de28412-bd77-4a52-8417-aa8db9e5e058_184/outputs/env_dependencies.json?sv=2019-02-02&sr=b&sig=zyLnMX5T8kpoM66DtC22mSsolsKeBAdMdWPTs0BN5fw%3D&st=2021-01-14T16%3A07%3A07Z&se=2021-01-15T16%3A17%3A07Z&sp=rcw&comp=block&blockid=TURBd01EQXdNREF3TURBd01EQXdNREF3TURBd01EQXdNREF3TURBd01EQSUzRA%3D%3D&timeout=30
StandardScalerWrapper ExtremeRandomTrees       0:01:28       0.2161    0.2061
       185   WARNING - Retrying (Retry(total=2, connect=None, read=None, redirect=None, status=None)) after connection broken by 'ProtocolError('Connection aborted.', ConnectionResetError(104, 'Connection reset by peer'))': /azureml/ExperimentRun/dcid.AutoML_2de28412-bd77-4a52-8417-aa8db9e5e058_185/outputs/pipeline_graph.json?sv=2019-02-02&sr=b&sig=i%2BR247%2BvSazTskEG3Vrf0QIP2w8pOa9traEXaB6MCI8%3D&st=2021-01-14T16%3A07%3A39Z&se=2021-01-15T16%3A17%3A39Z&sp=rcw&comp=block&blockid=TURBd01EQXdNREF3TURBd01EQXdNREF3TURBd01EQXdNREF3TURBd01EQSUzRA%3D%3D&timeout=30
MaxAbsScaler GradientBoosting                  0:00:35       0.2198    0.2061
       186   StandardScalerWrapper RandomForest             0:00:27       0.2078    0.2061
       187   StandardScalerWrapper GradientBoosting         0:00:22       0.2151    0.2061
       188   StandardScalerWrapper ExtremeRandomTrees       0:00:31       0.2157    0.2061
       189   MinMaxScaler GradientBoosting                  0:00:29       0.2161    0.2061
       190   TruncatedSVDWrapper GradientBoosting           0:02:31       0.2202    0.2061
       191   MaxAbsScaler RandomForest                      0:00:30       0.2064    0.2061
       192   StandardScalerWrapper GradientBoosting         0:00:29       0.2156    0.2061
       193   RobustScaler ExtremeRandomTrees                0:00:37       0.2162    0.2061
       194   RobustScaler GradientBoosting                  0:00:30       0.2067    0.2061
       195   MaxAbsScaler GradientBoosting                  0:00:27       0.2181    0.2061
       196   StandardScalerWrapper RandomForest             0:00:49       0.2151    0.2061
       197   StandardScalerWrapper GradientBoosting         0:00:46       0.2091    0.2061
       198   WARNING - Retrying (Retry(total=2, connect=None, read=None, redirect=None, status=None)) after connection broken by 'ProtocolError('Connection aborted.', ConnectionResetError(104, 'Connection reset by peer'))': /azureml/ExperimentRun/dcid.AutoML_2de28412-bd77-4a52-8417-aa8db9e5e058_198/outputs/model.pkl?sv=2019-02-02&sr=b&sig=oooKVqeeFjDFTw3IYrD4katDo2d30XZj6Obi3fAiSrk%3D&st=2021-01-14T16%3A16%3A48Z&se=2021-01-15T16%3A26%3A48Z&sp=rcw&comp=block&blockid=TURBd01EQXdNREF3TURBd01EQXdNREF3TURBd01EQXdNRFF4T1RRek1EUSUzRA%3D%3D&timeout=30
MaxAbsScaler RandomForest                      0:00:32       0.2079    0.2061
       199   StandardScalerWrapper ExtremeRandomTrees       0:00:28       0.2063    0.2061
       200   StandardScalerWrapper GradientBoosting         0:10:35       0.2109    0.2061
       201   StandardScalerWrapper GradientBoosting         0:00:20       0.2063    0.2061
       202   MinMaxScaler RandomForest                      0:00:36       0.2166    0.2061
       203   RobustScaler GradientBoosting                  0:00:20       0.2063    0.2061
       204   WARNING - Retrying (Retry(total=2, connect=None, read=None, redirect=None, status=None)) after connection broken by 'ProtocolError('Connection aborted.', ConnectionResetError(104, 'Connection reset by peer'))': /azureml/ExperimentRun/dcid.AutoML_2de28412-bd77-4a52-8417-aa8db9e5e058_204/outputs/scoring_file_v_1_0_0.py?sv=2019-02-02&sr=b&sig=5BfsxLa9Ff8YtoVFLd6ZH4bRL6rxSeNAbvEnXvbxheA%3D&st=2021-01-14T16%3A29%3A46Z&se=2021-01-15T16%3A39%3A46Z&sp=rcw&comp=block&blockid=TURBd01EQXdNREF3TURBd01EQXdNREF3TURBd01EQXdNREF3TURBd01EQSUzRA%3D%3D&timeout=30
MaxAbsScaler RandomForest                      0:00:36       0.2063    0.2061
       205   RobustScaler GradientBoosting                  0:00:35       0.2169    0.2061
       206   WARNING - Retrying (Retry(total=2, connect=None, read=None, redirect=None, status=None)) after connection broken by 'ProtocolError('Connection aborted.', ConnectionResetError(104, 'Connection reset by peer'))': /azureml/ExperimentRun/dcid.AutoML_2de28412-bd77-4a52-8417-aa8db9e5e058_206/outputs/scoring_file_v_1_0_0.py?sv=2019-02-02&sr=b&sig=rVVrrjnuAggBF4Iota%2FwecxKMf%2FFJmVQ6XgLN9w5Bf0%3D&st=2021-01-14T16%3A30%3A50Z&se=2021-01-15T16%3A40%3A50Z&sp=rcw&comp=block&blockid=TURBd01EQXdNREF3TURBd01EQXdNREF3TURBd01EQXdNREF3TURBd01EQSUzRA%3D%3D&timeout=30
StandardScalerWrapper RandomForest             0:00:27       0.2063    0.2061
       207   RobustScaler GradientBoosting                  0:00:29       0.2094    0.2061
       208   StandardScalerWrapper RandomForest             0:00:29       0.2064    0.2061
       209   WARNING - Received unrecognized parameter ensemble_download_models_timeout_sec
WARNING - Received unrecognized parameter ensemble_download_models_timeout_sec
VotingEnsemble                                 0:02:11       0.2059    0.2059
Stopping criteria reached at iteration 210. Ending experiment.
WARNING - Received unrecognized parameter ensemble_download_models_timeout_sec
WARNING - Received unrecognized parameter ensemble_download_models_timeout_sec
WARNING - Received unrecognized parameter ensemble_download_models_timeout_sec
****************************************************************************************************
Current status: BestRunExplainModel. Best run model explanations started
Current status: ModelExplanationDataSetSetup. Model explanations data setup completed
Current status: PickSurrogateModel. Choosing LightGBM as the surrogate model for explanations
Current status: EngineeredFeatureExplanations. Computation of engineered features started
Current status: EngineeredFeatureExplanations. Computation of engineered features completed
Current status: BestRunExplainModel. Best run model explanations completed
****************************************************************************************************
WARNING - Received unrecognized parameter ensemble_download_models_timeout_sec
WARNING - Received unrecognized parameter ensemble_download_models_timeout_sec
WARNING - Received unrecognized parameter ensemble_download_models_timeout_sec
Best pipeline:
<class 'sklearn.ensemble._voting.VotingRegressor'>
0. Pipeline(memory=None,
         steps=[('minmaxscaler', MinMaxScaler(copy=True, feature_range=(0, 1))),
                ('gradientboostingregressor',
                 GradientBoostingRegressor(alpha=0.9, ccp_alpha=0.0,
                                           criterion='friedman_mse', init=None,
                                           learning_rate=0.01, loss='ls',
                                           max_depth=5, max_features=0.2,
                                           max_leaf_nodes=None,
                                           min_impurity_decrease=0.0,
                                           min_impurity_split=None,
                                           min_samples_leaf=0.03438518777954402,
                                           min_samples_split=0.15297321160913582,
                                           min_weight_fraction_leaf=0.0,
                                           n_estimators=600,
                                           n_iter_no_change=None,
                                           presort='deprecated',
                                           random_state=None,
                                           subsample=0.7999999999999999,
                                           tol=0.0001, validation_fraction=0.1,
                                           verbose=0, warm_start=False))],
         verbose=False)
1. Pipeline(memory=None,
         steps=[('standardscalerwrapper',
                 <azureml.automl.runtime.shared.model_wrappers.StandardScalerWrapper object at 0x7f7a02b25ad0>),
                ('randomforestregressor',
                 RandomForestRegressor(bootstrap=False, ccp_alpha=0.0,
                                       criterion='mse', max_depth=None,
                                       max_features=0.2, max_leaf_nodes=None,
                                       max_samples=None,
                                       min_impurity_decrease=0.0,
                                       min_impurity_split=None,
                                       min_samples_leaf=0.01321775243133542,
                                       min_samples_split=0.0012814223889440828,
                                       min_weight_fraction_leaf=0.0,
                                       n_estimators=400, n_jobs=-1,
                                       oob_score=False, random_state=None,
                                       verbose=0, warm_start=False))],
         verbose=False)
2. Pipeline(memory=None,
         steps=[('robustscaler',
                 RobustScaler(copy=True, quantile_range=[25, 75],
                              with_centering=True, with_scaling=True)),
                ('gradientboostingregressor',
                 GradientBoostingRegressor(alpha=0.5, ccp_alpha=0.0,
                                           criterion='friedman_mse', init=None,
                                           learning_rate=0.046415888336127774,
                                           loss='ls', max_depth=4,
                                           max_features=0.5,
                                           max_leaf_nodes=None,
                                           min_impurity_decrease=0.0,
                                           min_impurity_split=None,
                                           min_samples_leaf=0.0074478228980205795,
                                           min_samples_split=0.04427451843494491,
                                           min_weight_fraction_leaf=0.0,
                                           n_estimators=50,
                                           n_iter_no_change=None,
                                           presort='deprecated',
                                           random_state=None, subsample=0.3,
                                           tol=0.0001, validation_fraction=0.1,
                                           verbose=0, warm_start=False))],
         verbose=False)
3. Pipeline(memory=None,
         steps=[('standardscalerwrapper',
                 <azureml.automl.runtime.shared.model_wrappers.StandardScalerWrapper object at 0x7f7a4013f1d0>),
                ('gradientboostingregressor',
                 GradientBoostingRegressor(alpha=0.7000000000000001,
                                           ccp_alpha=0.0, criterion='mse',
                                           init=None,
                                           learning_rate=0.021544346900318822,
                                           loss='ls', max_depth=6,
                                           max_features=0.4,
                                           max_leaf_nodes=None,
                                           min_impurity_decrease=0.0,
                                           min_impurity_split=None,
                                           min_samples_leaf=0.01600296187889058,
                                           min_samples_split=0.008991789964660124,
                                           min_weight_fraction_leaf=0.0,
                                           n_estimators=200,
                                           n_iter_no_change=None,
                                           presort='deprecated',
                                           random_state=None, subsample=0.25,
                                           tol=0.0001, validation_fraction=0.1,
                                           verbose=0, warm_start=False))],
         verbose=False)
4. Pipeline(memory=None,
         steps=[('robustscaler',
                 RobustScaler(copy=True, quantile_range=[25, 75],
                              with_centering=False, with_scaling=False)),
                ('extratreesregressor',
                 ExtraTreesRegressor(bootstrap=False, ccp_alpha=0.0,
                                     criterion='mse', max_depth=None,
                                     max_features=0.3, max_leaf_nodes=None,
                                     max_samples=None,
                                     min_impurity_decrease=0.0,
                                     min_impurity_split=None,
                                     min_samples_leaf=0.006151578686713196,
                                     min_samples_split=0.002602463309528381,
                                     min_weight_fraction_leaf=0.0,
                                     n_estimators=200, n_jobs=-1,
                                     oob_score=False, random_state=None,
                                     verbose=0, warm_start=False))],
         verbose=False)
5. Pipeline(memory=None,
         steps=[('standardscalerwrapper',
                 <azureml.automl.runtime.shared.model_wrappers.StandardScalerWrapper object at 0x7f7a4098f590>),
                ('extratreesregressor',
                 ExtraTreesRegressor(bootstrap=False, ccp_alpha=0.0,
                                     criterion='mse', max_depth=None,
                                     max_features='sqrt', max_leaf_nodes=None,
                                     max_samples=None,
                                     min_impurity_decrease=0.0,
                                     min_impurity_split=None,
                                     min_samples_leaf=0.004196633747563344,
                                     min_samples_split=0.005285388593079247,
                                     min_weight_fraction_leaf=0.0,
                                     n_estimators=100, n_jobs=-1,
                                     oob_score=False, random_state=None,
                                     verbose=0, warm_start=False))],
         verbose=False)
6. Pipeline(memory=None,
         steps=[('minmaxscaler', MinMaxScaler(copy=True, feature_range=(0, 1))),
                ('gradientboostingregressor',
                 GradientBoostingRegressor(alpha=0.9, ccp_alpha=0.0,
                                           criterion='mse', init=None,
                                           learning_rate=0.021544346900318822,
                                           loss='ls', max_depth=4,
                                           max_features=0.2,
                                           max_leaf_nodes=None,
                                           min_impurity_decrease=0.0,
                                           min_impurity_split=None,
                                           min_samples_leaf=0.023457724724161487,
                                           min_samples_split=0.5285388593079247,
                                           min_weight_fraction_leaf=0.0,
                                           n_estimators=400,
                                           n_iter_no_change=None,
                                           presort='deprecated',
                                           random_state=None, subsample=0.65,
                                           tol=0.0001, validation_fraction=0.1,
                                           verbose=0, warm_start=False))],
         verbose=False)
7. Pipeline(memory=None,
         steps=[('robustscaler',
                 RobustScaler(copy=True, quantile_range=[25, 75],
                              with_centering=True, with_scaling=True)),
                ('randomforestregressor',
                 RandomForestRegressor(bootstrap=True, ccp_alpha=0.0,
                                       criterion='mse', max_depth=None,
                                       max_features=None, max_leaf_nodes=None,
                                       max_samples=None,
                                       min_impurity_decrease=0.0,
                                       min_impurity_split=None,
                                       min_samples_leaf=0.05040306135985514,
                                       min_samples_split=0.0075322213975862395,
                                       min_weight_fraction_leaf=0.0,
                                       n_estimators=100, n_jobs=-1,
                                       oob_score=False, random_state=None,
                                       verbose=0, warm_start=False))],
         verbose=False)

['year', 'half', 'quarter', 'month', 'day', 'hour', 'am_pm', 'hour12', 'wday', 'qday', 'week']
  RawFeatureName TypeDetected Dropped  EngineeredFeatureCount  \
0  datetime       DateTime     No      11                       

                                                                                                                                                                                                                           Transformations  
0  [DateTimeTransformer, DateTimeTransformer, DateTimeTransformer, DateTimeTransformer, DateTimeTransformer, DateTimeTransformer, DateTimeTransformer, DateTimeTransformer, DateTimeTransformer, DateTimeTransformer, DateTimeTransformer]  
