WARNING - Received unrecognized parameter ensemble_download_models_timeout_sec
Running on local machine
Parent Run ID: AutoML_55474aad-0599-4270-a45e-5a988863c8ad

Current status: DatasetFeaturization. Beginning to featurize the dataset.
Current status: DatasetFeaturizationCompleted. Completed featurizing the dataset.
Heuristic parameters: Target_Lag = '[0]', Target_Rolling_Window = '0'.
WARNING - Converting non-string tag to string: (forecasting_target_lags: [0])
WARNING - Converting non-string tag to string: (forecasting_target_rolling_window_size: 0)
WARNING - Converting non-string tag to string: (forecasting_max_horizon: 2223)
Current status: DatasetCrossValidationSplit. Generating individually featurized CV splits.
Current status: DatasetFeaturization. Beginning to featurize the CV split.
Current status: DatasetFeaturizationCompleted. Completed featurizing the CV split.
Current status: DatasetFeaturization. Beginning to featurize the CV split.
Current status: DatasetFeaturizationCompleted. Completed featurizing the CV split.
Current status: DatasetFeaturization. Beginning to featurize the CV split.
Current status: DatasetFeaturizationCompleted. Completed featurizing the CV split.
Current status: DatasetFeaturization. Beginning to featurize the CV split.
Current status: DatasetFeaturizationCompleted. Completed featurizing the CV split.
Current status: DatasetFeaturization. Beginning to featurize the CV split.
Current status: DatasetFeaturizationCompleted. Completed featurizing the CV split.

****************************************************************************************************
DATA GUARDRAILS: 

TYPE:         Frequency detection
STATUS:       PASSED
DESCRIPTION:  The time series was analyzed, all data points are aligned with detected frequency.
              

****************************************************************************************************

TYPE:         Missing feature values imputation
STATUS:       PASSED
DESCRIPTION:  No feature missing values were detected in the training data.
              Learn more about missing value imputation: https://aka.ms/AutomatedMLFeaturization

****************************************************************************************************

TYPE:         Memory Issues Detection
STATUS:       PASSED
DESCRIPTION:  The selected horizon, lag and rolling window values were analyzed, and no potential memory issues were detected.
              Learn more about time-series forecasting configurations: https://aka.ms/AutomatedMLForecastingConfiguration

****************************************************************************************************
Current status: ModelSelection. Beginning model selection.

****************************************************************************************************
ITERATION: The iteration being evaluated.
PIPELINE: A summary description of the pipeline being evaluated.
DURATION: Time taken for the current iteration.
METRIC: The result of computing score on the fitted pipeline.
BEST: The best observed score thus far.
****************************************************************************************************

 ITERATION   PIPELINE                                       DURATION      METRIC      BEST
         0   MaxAbsScaler DecisionTree                      0:00:22       0.1301    0.1301
         1   MinMaxScaler DecisionTree                      0:00:18       0.1308    0.1301
         2   StandardScalerWrapper LassoLars                0:00:24       0.1325    0.1301
         3   RobustScaler ElasticNet                        0:00:21       0.1317    0.1301
         4   StandardScalerWrapper LassoLars                0:00:21       0.1325    0.1301
         5   RobustScaler ElasticNet                        0:00:22       0.1324    0.1301
         6   RobustScaler DecisionTree                      0:00:22       0.1305    0.1301
         7   MinMaxScaler DecisionTree                      0:00:16       0.1376    0.1301
         8   RobustScaler DecisionTree                      0:00:22       0.1292    0.1292
         9   MinMaxScaler DecisionTree                      0:00:26       0.1316    0.1292
        10   StandardScalerWrapper DecisionTree             0:00:22       0.1315    0.1292
        11   StandardScalerWrapper DecisionTree             0:00:23       0.1310    0.1292
        12   RobustScaler DecisionTree                      0:00:25       0.1314    0.1292
        13   RobustScaler ElasticNet                        0:00:23       0.1314    0.1292
        14   StandardScalerWrapper DecisionTree             0:00:23       0.1320    0.1292
        15   MinMaxScaler DecisionTree                      0:00:22       0.1325    0.1292
        16   MinMaxScaler DecisionTree                      0:00:22       0.1305    0.1292
        17   RobustScaler DecisionTree                      0:00:22       0.1311    0.1292
        18   RobustScaler DecisionTree                      0:00:23       0.1303    0.1292
        19   StandardScalerWrapper DecisionTree             0:00:23       0.1320    0.1292
        20   StandardScalerWrapper DecisionTree             0:00:22       0.1332    0.1292
        21   StandardScalerWrapper ExtremeRandomTrees       0:00:33       0.1290    0.1290
        22   MinMaxScaler LightGBM                          0:00:34       0.1289    0.1289
        23   MinMaxScaler DecisionTree                      0:00:33       0.1323    0.1289
        24   MinMaxScaler DecisionTree                      0:00:28       0.1309    0.1289
        25   MinMaxScaler LightGBM                          0:00:29       0.1289    0.1289
        26   StandardScalerWrapper RandomForest             0:00:32       0.1292    0.1289
        27   StandardScalerWrapper ExtremeRandomTrees       0:00:29       0.1289    0.1289
        28   RobustScaler ExtremeRandomTrees                0:00:29       0.1289    0.1289
        29   MinMaxScaler ExtremeRandomTrees                0:00:31       0.1290    0.1289
        30   StandardScalerWrapper LightGBM                 0:00:28       0.1289    0.1289
        31   StandardScalerWrapper RandomForest             0:00:28       0.1291    0.1289
        32   StandardScalerWrapper ExtremeRandomTrees       0:00:30       0.1291    0.1289
        33   RobustScaler RandomForest                      0:00:25       0.1300    0.1289
        34   StandardScalerWrapper ExtremeRandomTrees       0:00:29       0.1289    0.1289
        35   MinMaxScaler LightGBM                          0:00:24       0.1290    0.1289
        36   StandardScalerWrapper ExtremeRandomTrees       0:00:26       0.1290    0.1289
        37   RobustScaler ExtremeRandomTrees                0:00:23       0.1290    0.1289
        38   MinMaxScaler RandomForest                      0:00:25       0.1292    0.1289
        39   RobustScaler RandomForest                      0:00:24       0.1299    0.1289
        40   RobustScaler LightGBM                          0:00:25       0.1291    0.1289
        41   RobustScaler ExtremeRandomTrees                0:00:24       0.1297    0.1289
        42   MinMaxScaler ExtremeRandomTrees                0:00:28       0.1288    0.1288
        43   RobustScaler RandomForest                      0:00:25       0.1292    0.1288
        44   RobustScaler ExtremeRandomTrees                0:00:26       0.1288    0.1288
        45   RobustScaler ExtremeRandomTrees                0:00:25       0.1289    0.1288
        46   RobustScaler ExtremeRandomTrees                0:00:38       0.1288    0.1288
        47   StandardScalerWrapper ExtremeRandomTrees       0:00:39       0.1289    0.1288
        48   RobustScaler ExtremeRandomTrees                0:00:31       0.1289    0.1288
        49   RobustScaler RandomForest                      0:00:29       0.1289    0.1288
        50   WARNING - Retrying (Retry(total=2, connect=None, read=None, redirect=None, status=None)) after connection broken by 'ProtocolError('Connection aborted.', ConnectionResetError(104, 'Connection reset by peer'))': /azureml/ExperimentRun/dcid.AutoML_55474aad-0599-4270-a45e-5a988863c8ad_50/outputs/scoring_file_v_1_0_0.py?sv=2019-02-02&sr=b&sig=dDA2sEyNg3%2FPiVCOlFKBIk%2Bhgbl%2FH5CGixoQAiK81%2FQ%3D&st=2020-10-02T18%3A53%3A47Z&se=2020-10-03T19%3A03%3A47Z&sp=rcw&comp=block&blockid=TURBd01EQXdNREF3TURBd01EQXdNREF3TURBd01EQXdNREF3TURBd01EQSUzRA%3D%3D&timeout=30
MinMaxScaler ExtremeRandomTrees                0:03:08       0.1288    0.1288
        51   WARNING - Retrying (Retry(total=2, connect=None, read=None, redirect=None, status=None)) after connection broken by 'ProtocolError('Connection aborted.', ConnectionResetError(104, 'Connection reset by peer'))': /azureml/ExperimentRun/dcid.AutoML_55474aad-0599-4270-a45e-5a988863c8ad_51/outputs/model.pkl?sv=2019-02-02&sr=b&sig=MJ2x7yw21ITFjSkqRGv12Wb4pC0jdof53oqkTFqgvEI%3D&st=2020-10-02T18%3A56%3A52Z&se=2020-10-03T19%3A06%3A52Z&sp=rcw&comp=block&blockid=TURBd01EQXdNREF3TURBd01EQXdNREF3TURBd01EQXdNREF3TURBd01EQSUzRA%3D%3D&timeout=30
RobustScaler ExtremeRandomTrees                0:00:27       0.1288    0.1288
        52   MinMaxScaler ExtremeRandomTrees                0:00:27       0.1288    0.1288
        53   StandardScalerWrapper ExtremeRandomTrees       0:00:35       0.1289    0.1288
        54   WARNING - Retrying (Retry(total=2, connect=None, read=None, redirect=None, status=None)) after connection broken by 'ProtocolError('Connection aborted.', ConnectionResetError(104, 'Connection reset by peer'))': /azureml/ExperimentRun/dcid.AutoML_55474aad-0599-4270-a45e-5a988863c8ad_54/outputs/model.pkl?sv=2019-02-02&sr=b&sig=7vstK3JqWa9wEhK03RjWgbPlZA2yWyS4TR%2FfAbo%2BggY%3D&st=2020-10-02T18%3A58%3A23Z&se=2020-10-03T19%3A08%3A23Z&sp=rcw&comp=block&blockid=TURBd01EQXdNREF3TURBd01EQXdNREF3TURBd01EQXdNREF3TURBd01EQSUzRA%3D%3D&timeout=30
MinMaxScaler ExtremeRandomTrees                0:03:04       0.1292    0.1288
        55   RobustScaler ExtremeRandomTrees                0:00:31       0.1289    0.1288
        56   MinMaxScaler ExtremeRandomTrees                0:00:55       0.1296    0.1288
        57   StandardScalerWrapper ExtremeRandomTrees       0:00:24       0.1290    0.1288
        58   StandardScalerWrapper ExtremeRandomTrees       0:00:40       0.1288    0.1288
        59   RobustScaler RandomForest                      0:00:25       0.1290    0.1288
        60   RobustScaler ExtremeRandomTrees                0:00:27       0.1289    0.1288
        61   MinMaxScaler RandomForest                      0:00:25       0.1289    0.1288
        62   MinMaxScaler DecisionTree                      0:00:22       0.1295    0.1288
        63   RobustScaler RandomForest                      0:00:26       0.1292    0.1288
        64   MinMaxScaler ExtremeRandomTrees                0:00:27       0.1289    0.1288
        65   MinMaxScaler ExtremeRandomTrees                0:00:25       0.1288    0.1288
        66   MinMaxScaler ExtremeRandomTrees                0:00:24       0.1290    0.1288
        67   StandardScalerWrapper RandomForest             0:00:28       0.1290    0.1288
        68   RobustScaler ExtremeRandomTrees                0:00:30       0.1289    0.1288
        69   MinMaxScaler ExtremeRandomTrees                0:00:29       0.1290    0.1288
        70   RobustScaler ExtremeRandomTrees                0:00:28       0.1289    0.1288
        71   RobustScaler ExtremeRandomTrees                0:00:27       0.1288    0.1288
        72   MinMaxScaler ExtremeRandomTrees                0:00:27       0.1288    0.1288
        73   StandardScalerWrapper ExtremeRandomTrees       0:00:26       0.1288    0.1288
        74   RobustScaler ExtremeRandomTrees                0:00:28       0.1287    0.1287
        75   StandardScalerWrapper ExtremeRandomTrees       0:00:29       0.1295    0.1287
        76   StandardScalerWrapper ExtremeRandomTrees       0:00:26       0.1287    0.1287
        77   StandardScalerWrapper ExtremeRandomTrees       0:00:50       0.1289    0.1287
        78   StandardScalerWrapper ExtremeRandomTrees       0:00:24       0.1289    0.1287
        79   MinMaxScaler RandomForest                      0:00:27       0.1291    0.1287
        80   RobustScaler ExtremeRandomTrees                0:00:26       0.1289    0.1287
        81   RobustScaler ExtremeRandomTrees                0:00:30       0.1288    0.1287
        82   WARNING - Retrying (Retry(total=2, connect=None, read=None, redirect=None, status=None)) after connection broken by 'ProtocolError('Connection aborted.', ConnectionResetError(104, 'Connection reset by peer'))': /azureml/ExperimentRun/dcid.AutoML_55474aad-0599-4270-a45e-5a988863c8ad_82/outputs/env_dependencies.json?sv=2019-02-02&sr=b&sig=Ee%2Fl0UwAt%2F7vAYO%2B8aivYrA3p2JMyw%2BqGW1ZkUMdFxs%3D&st=2020-10-02T19%3A14%3A47Z&se=2020-10-03T19%3A24%3A47Z&sp=rcw&comp=block&blockid=TURBd01EQXdNREF3TURBd01EQXdNREF3TURBd01EQXdNREF3TURBd01EQSUzRA%3D%3D&timeout=30
StandardScalerWrapper ExtremeRandomTrees       0:03:11       0.1289    0.1287
        83   RobustScaler RandomForest                      0:00:27       0.1288    0.1287
        84   StandardScalerWrapper RandomForest             0:00:50       0.1291    0.1287
        85   StandardScalerWrapper ExtremeRandomTrees       0:00:25       0.1289    0.1287
        86   StandardScalerWrapper GradientBoosting         0:00:24       0.1288    0.1287
        87   StandardScalerWrapper ExtremeRandomTrees       0:00:26       0.1292    0.1287
        88   RobustScaler ExtremeRandomTrees                0:00:25       0.1291    0.1287
        89   RobustScaler ExtremeRandomTrees                0:00:24       0.1288    0.1287
        90   MinMaxScaler ExtremeRandomTrees                0:00:27       0.1289    0.1287
        91   StandardScalerWrapper ExtremeRandomTrees       0:00:27       0.1288    0.1287
        92   StandardScalerWrapper RandomForest             0:00:28       0.1295    0.1287
        93   MinMaxScaler ExtremeRandomTrees                0:00:27       0.1289    0.1287
        94   RobustScaler RandomForest                      0:00:27       0.1289    0.1287
        95   WARNING - Retrying (Retry(total=2, connect=None, read=None, redirect=None, status=None)) after connection broken by 'ProtocolError('Connection aborted.', ConnectionResetError(104, 'Connection reset by peer'))': /azureml/ExperimentRun/dcid.AutoML_55474aad-0599-4270-a45e-5a988863c8ad_95/outputs/conda_env_v_1_0_0.yml?sv=2019-02-02&sr=b&sig=eLLP1KXbAyU4ISJhzZnKTIsOCE53NehAIua98dnfPOY%3D&st=2020-10-02T19%3A23%3A39Z&se=2020-10-03T19%3A33%3A39Z&sp=rcw&comp=block&blockid=TURBd01EQXdNREF3TURBd01EQXdNREF3TURBd01EQXdNREF3TURBd01EQSUzRA%3D%3D&timeout=30
WARNING - Retrying (Retry(total=2, connect=None, read=None, redirect=None, status=None)) after connection broken by 'ProtocolError('Connection aborted.', ConnectionResetError(104, 'Connection reset by peer'))': /azureml/ExperimentRun/dcid.AutoML_55474aad-0599-4270-a45e-5a988863c8ad_95/outputs/pipeline_graph.json?sv=2019-02-02&sr=b&sig=GRyi8Z5kODycrOcKerY5fRKV3WQsC8znjMdG2rIioN4%3D&st=2020-10-02T19%3A23%3A39Z&se=2020-10-03T19%3A33%3A39Z&sp=rcw&comp=block&blockid=TURBd01EQXdNREF3TURBd01EQXdNREF3TURBd01EQXdNREF3TURBd01EQSUzRA%3D%3D&timeout=30
RobustScaler ExtremeRandomTrees                0:03:04       0.1289    0.1287
        96   StandardScalerWrapper ExtremeRandomTrees       0:00:25       0.1288    0.1287
        97   WARNING - Retrying (Retry(total=2, connect=None, read=None, redirect=None, status=None)) after connection broken by 'ProtocolError('Connection aborted.', ConnectionResetError(104, 'Connection reset by peer'))': /azureml/ExperimentRun/dcid.AutoML_55474aad-0599-4270-a45e-5a988863c8ad_97/outputs/scoring_file_v_1_0_0.py?sv=2019-02-02&sr=b&sig=zy7WJyhVObhidwbC17zkUepA6lq8g7SK69dHkwWqEm4%3D&st=2020-10-02T19%3A27%3A06Z&se=2020-10-03T19%3A37%3A06Z&sp=rcw&comp=block&blockid=TURBd01EQXdNREF3TURBd01EQXdNREF3TURBd01EQXdNREF3TURBd01EQSUzRA%3D%3D&timeout=30
MinMaxScaler ExtremeRandomTrees                0:03:06       0.1288    0.1287
        98   RobustScaler ExtremeRandomTrees                0:00:28       0.1288    0.1287
        99   StandardScalerWrapper RandomForest             0:00:28       0.1289    0.1287
       100   StandardScalerWrapper ExtremeRandomTrees       0:00:23       0.1288    0.1287
       101   RobustScaler RandomForest                      0:00:26       0.1288    0.1287
       102   RobustScaler RandomForest                      0:00:24       0.1290    0.1287
       103   MinMaxScaler RandomForest                      0:00:29       0.1291    0.1287
       104   StandardScalerWrapper ExtremeRandomTrees       0:00:25       0.1288    0.1287
       105   MinMaxScaler ExtremeRandomTrees                0:00:24       0.1291    0.1287
       106   StandardScalerWrapper RandomForest             0:00:25       0.1291    0.1287
       107   StandardScalerWrapper ExtremeRandomTrees       0:00:27       0.1288    0.1287
       108   StandardScalerWrapper RandomForest             0:00:23       0.1290    0.1287
       109   RobustScaler ExtremeRandomTrees                0:00:30       0.1288    0.1287
       110   StandardScalerWrapper ExtremeRandomTrees       0:00:25       0.1288    0.1287
       111   StandardScalerWrapper RandomForest             0:00:23       0.1291    0.1287
       112   MinMaxScaler ExtremeRandomTrees                0:00:24       0.1290    0.1287
       113   MinMaxScaler ExtremeRandomTrees                0:00:24       0.1293    0.1287
       114   MinMaxScaler LightGBM                          0:00:23       0.1291    0.1287
       115   MinMaxScaler ExtremeRandomTrees                0:00:31       0.1291    0.1287
       116   StandardScalerWrapper ExtremeRandomTrees       0:00:25       0.1288    0.1287
       117   StandardScalerWrapper ExtremeRandomTrees       0:00:24       0.1288    0.1287
       118   WARNING - Retrying (Retry(total=2, connect=None, read=None, redirect=None, status=None)) after connection broken by 'ProtocolError('Connection aborted.', ConnectionResetError(104, 'Connection reset by peer'))': /azureml/ExperimentRun/dcid.AutoML_55474aad-0599-4270-a45e-5a988863c8ad_118/outputs/pipeline_graph.json?sv=2019-02-02&sr=b&sig=6U0Zzx5sg0HX4EgQ2HFYsqlths0cktS9SxrRiuSxea4%3D&st=2020-10-02T19%3A38%3A55Z&se=2020-10-03T19%3A48%3A55Z&sp=rcw&comp=block&blockid=TURBd01EQXdNREF3TURBd01EQXdNREF3TURBd01EQXdNREF3TURBd01EQSUzRA%3D%3D&timeout=30
WARNING - Retrying (Retry(total=2, connect=None, read=None, redirect=None, status=None)) after connection broken by 'ProtocolError('Connection aborted.', ConnectionResetError(104, 'Connection reset by peer'))': /azureml/ExperimentRun/dcid.AutoML_55474aad-0599-4270-a45e-5a988863c8ad_118/outputs/model.pkl?sv=2019-02-02&sr=b&sig=%2Btn%2FrRLlTPnPcXiVSm2jrCRuWdE%2BZENp06eZbhJzo%2FM%3D&st=2020-10-02T19%3A38%3A55Z&se=2020-10-03T19%3A48%3A55Z&sp=rcw&comp=block&blockid=TURBd01EQXdNREF3TURBd01EQXdNREF3TURBd01EQXdNREF3TURBd01EQSUzRA%3D%3D&timeout=30
RobustScaler ExtremeRandomTrees                0:03:06       0.1288    0.1287
       119   StandardScalerWrapper ExtremeRandomTrees       0:00:24       0.1290    0.1287
       120   StandardScalerWrapper ExtremeRandomTrees       0:00:26       0.1289    0.1287
       121   StandardScalerWrapper ExtremeRandomTrees       0:00:28       0.1288    0.1287
       122   MinMaxScaler ExtremeRandomTrees                0:00:25       0.1290    0.1287
       123   RobustScaler RandomForest                      0:00:26       0.1290    0.1287
       124   RobustScaler LightGBM                          0:00:24       0.1291    0.1287
       125   StandardScalerWrapper ExtremeRandomTrees       0:00:27       0.1291    0.1287
       126   RobustScaler ExtremeRandomTrees                0:00:31       0.1292    0.1287
       127   RobustScaler GradientBoosting                  0:00:24       0.1288    0.1287
       128   MinMaxScaler RandomForest                      0:00:31       0.1291    0.1287
       129   WARNING - Retrying (Retry(total=2, connect=None, read=None, redirect=None, status=None)) after connection broken by 'ProtocolError('Connection aborted.', ConnectionResetError(104, 'Connection reset by peer'))': /azureml/ExperimentRun/dcid.AutoML_55474aad-0599-4270-a45e-5a988863c8ad_129/outputs/scoring_file_v_1_0_0.py?sv=2019-02-02&sr=b&sig=%2Ffr%2BX6H8SFNScLhZE4R8lG2DV6OIXOYeTqQX8OpkSPs%3D&st=2020-10-02T19%3A46%3A36Z&se=2020-10-03T19%3A56%3A36Z&sp=rcw&comp=block&blockid=TURBd01EQXdNREF3TURBd01EQXdNREF3TURBd01EQXdNREF3TURBd01EQSUzRA%3D%3D&timeout=30
WARNING - Retrying (Retry(total=2, connect=None, read=None, redirect=None, status=None)) after connection broken by 'ProtocolError('Connection aborted.', ConnectionResetError(104, 'Connection reset by peer'))': /azureml/ExperimentRun/dcid.AutoML_55474aad-0599-4270-a45e-5a988863c8ad_129/outputs/model.pkl?sv=2019-02-02&sr=b&sig=nVWRnEf9Gycgp7rcj8o32UybpOepqg2e6LrLxcmp4aM%3D&st=2020-10-02T19%3A46%3A36Z&se=2020-10-03T19%3A56%3A36Z&sp=rcw&comp=block&blockid=TURBd01EQXdNREF3TURBd01EQXdNREF3TURBd01EQXdNREF3TURBd01EQSUzRA%3D%3D&timeout=30
RobustScaler ExtremeRandomTrees                0:03:09       0.1292    0.1287
       130   WARNING - Retrying (Retry(total=2, connect=None, read=None, redirect=None, status=None)) after connection broken by 'ProtocolError('Connection aborted.', ConnectionResetError(104, 'Connection reset by peer'))': /azureml/ExperimentRun/dcid.AutoML_55474aad-0599-4270-a45e-5a988863c8ad_130/outputs/model.pkl?sv=2019-02-02&sr=b&sig=u7V5eeuJVszG6K723TefZy2WhFX6rBF8470A0MBLuVU%3D&st=2020-10-02T19%3A49%3A41Z&se=2020-10-03T19%3A59%3A41Z&sp=rcw&comp=block&blockid=TURBd01EQXdNREF3TURBd01EQXdNREF3TURBd01EQXdNREF3TURBd01EQSUzRA%3D%3D&timeout=30
StandardScalerWrapper ExtremeRandomTrees       0:00:24       0.1289    0.1287
       131   StandardScalerWrapper RandomForest             0:00:26       0.1290    0.1287
       132   WARNING - Retrying (Retry(total=2, connect=None, read=None, redirect=None, status=None)) after connection broken by 'ProtocolError('Connection aborted.', ConnectionResetError(104, 'Connection reset by peer'))': /azureml/ExperimentRun/dcid.AutoML_55474aad-0599-4270-a45e-5a988863c8ad_132/outputs/model.pkl?sv=2019-02-02&sr=b&sig=C7%2FGNVAD20BIYeVMwTY6oJS0Za%2BD0UH9U9S8h9JycIk%3D&st=2020-10-02T19%3A50%3A39Z&se=2020-10-03T20%3A00%3A39Z&sp=rcw&comp=block&blockid=TURBd01EQXdNREF3TURBd01EQXdNREF3TURBd01EQXdNREF3TURBd01EQSUzRA%3D%3D&timeout=30
StandardScalerWrapper ExtremeRandomTrees       0:03:09       0.1294    0.1287
       133   RobustScaler ExtremeRandomTrees                0:00:26       0.1290    0.1287
       134   MinMaxScaler ExtremeRandomTrees                0:00:23       0.1290    0.1287
       135   RobustScaler ExtremeRandomTrees                0:00:24       0.1288    0.1287
       136   StandardScalerWrapper ExtremeRandomTrees       0:00:25       0.1288    0.1287
       137   StandardScalerWrapper ExtremeRandomTrees       0:00:28       0.1288    0.1287
       138   StandardScalerWrapper ExtremeRandomTrees       0:00:26       0.1289    0.1287
       139   RobustScaler ExtremeRandomTrees                0:00:26       0.1288    0.1287
       140   WARNING - Retrying (Retry(total=2, connect=None, read=None, redirect=None, status=None)) after connection broken by 'ProtocolError('Connection aborted.', ConnectionResetError(104, 'Connection reset by peer'))': /azureml/ExperimentRun/dcid.AutoML_55474aad-0599-4270-a45e-5a988863c8ad_140/outputs/pipeline_graph.json?sv=2019-02-02&sr=b&sig=PsCjORlDPEC0Gt3VEzJjEfsjCep0Vi43kK1NNxhrRH0%3D&st=2020-10-02T19%3A56%3A44Z&se=2020-10-03T20%3A06%3A44Z&sp=rcw&comp=block&blockid=TURBd01EQXdNREF3TURBd01EQXdNREF3TURBd01EQXdNREF3TURBd01EQSUzRA%3D%3D&timeout=30
MinMaxScaler ExtremeRandomTrees                0:03:06       0.1288    0.1287
       141   StandardScalerWrapper ExtremeRandomTrees       0:00:27       0.1287    0.1287
       142   MinMaxScaler ExtremeRandomTrees                0:00:29       0.1290    0.1287
       143   StandardScalerWrapper ExtremeRandomTrees       0:00:20       0.1288    0.1287
       144   RobustScaler ExtremeRandomTrees                0:00:31       0.1290    0.1287
       145   StandardScalerWrapper ExtremeRandomTrees       0:00:23       0.1288    0.1287
       146   MinMaxScaler ExtremeRandomTrees                0:00:32       0.1295    0.1287
       147   StandardScalerWrapper GradientBoosting         0:00:25       0.1292    0.1287
       148   MinMaxScaler ExtremeRandomTrees                0:00:24       0.1291    0.1287
       149   StandardScalerWrapper ExtremeRandomTrees       0:00:25       0.1289    0.1287
       150   StandardScalerWrapper ExtremeRandomTrees       0:00:25       0.1292    0.1287
       151   StandardScalerWrapper ExtremeRandomTrees       0:00:24       0.1293    0.1287
       152   MinMaxScaler ExtremeRandomTrees                0:00:24       0.1291    0.1287
       153   RobustScaler RandomForest                      0:00:30       0.1289    0.1287
       154   MinMaxScaler RandomForest                      0:00:24       0.1290    0.1287
       155   MinMaxScaler ExtremeRandomTrees                0:00:25       0.1291    0.1287
       156   StandardScalerWrapper ExtremeRandomTrees       0:00:28       0.1290    0.1287
       157   StandardScalerWrapper ExtremeRandomTrees       0:00:26       0.1288    0.1287
       158   MinMaxScaler ExtremeRandomTrees                0:00:24       0.1291    0.1287
       159   MinMaxScaler ExtremeRandomTrees                0:00:25       0.1289    0.1287
       160   MinMaxScaler ExtremeRandomTrees                0:00:24       0.1290    0.1287
       161   StandardScalerWrapper RandomForest             0:00:24       0.1293    0.1287
       162   MinMaxScaler ExtremeRandomTrees                0:00:24       0.1289    0.1287
       163   StandardScalerWrapper ExtremeRandomTrees       0:00:26       0.1289    0.1287
       164   MinMaxScaler ExtremeRandomTrees                0:00:31       0.1288    0.1287
       165   MinMaxScaler ExtremeRandomTrees                0:00:25       0.1292    0.1287
       166   MinMaxScaler RandomForest                      0:00:24       0.1288    0.1287
       167   RobustScaler ExtremeRandomTrees                0:00:24       0.1290    0.1287
       168   StandardScalerWrapper RandomForest             0:01:17       0.1290    0.1287
       169   MinMaxScaler RandomForest                      0:00:25       0.1293    0.1287
       170   RobustScaler ExtremeRandomTrees                0:00:24       0.1292    0.1287
       171   StandardScalerWrapper ExtremeRandomTrees       0:00:27       0.1288    0.1287
       172   MinMaxScaler RandomForest                      0:00:31       0.1290    0.1287
       173   StandardScalerWrapper ExtremeRandomTrees       0:00:24       0.1291    0.1287
       174   RobustScaler ExtremeRandomTrees                0:00:26       0.1291    0.1287
       175   MinMaxScaler ExtremeRandomTrees                0:00:23       0.1289    0.1287
       176   StandardScalerWrapper RandomForest             0:00:25       0.1291    0.1287
       177   RobustScaler ExtremeRandomTrees                0:00:27       0.1290    0.1287
       178   RobustScaler ExtremeRandomTrees                0:00:24       0.1290    0.1287
       179   StandardScalerWrapper ExtremeRandomTrees       0:00:29       0.1292    0.1287
       180   RobustScaler ExtremeRandomTrees                0:00:25       0.1288    0.1287
       181   StandardScalerWrapper DecisionTree             0:00:21       0.1295    0.1287
       182   MinMaxScaler RandomForest                      0:00:24       0.1294    0.1287
       183   RobustScaler RandomForest                      0:00:26       0.1291    0.1287
       184   RobustScaler ExtremeRandomTrees                0:00:29       0.1291    0.1287
       185   WARNING - Retrying (Retry(total=2, connect=None, read=None, redirect=None, status=None)) after connection broken by 'ProtocolError('Connection aborted.', ConnectionResetError(104, 'Connection reset by peer'))': /azureml/ExperimentRun/dcid.AutoML_55474aad-0599-4270-a45e-5a988863c8ad_185/outputs/scoring_file_v_1_0_0.py?sv=2019-02-02&sr=b&sig=yrxvRQ8nT4CrPIvSgM8Pn%2FueqemyRVzn5eQECpdiiJs%3D&st=2020-10-02T20%3A19%3A54Z&se=2020-10-03T20%3A29%3A54Z&sp=rcw&comp=block&blockid=TURBd01EQXdNREF3TURBd01EQXdNREF3TURBd01EQXdNREF3TURBd01EQSUzRA%3D%3D&timeout=30
WARNING - Retrying (Retry(total=2, connect=None, read=None, redirect=None, status=None)) after connection broken by 'ProtocolError('Connection aborted.', ConnectionResetError(104, 'Connection reset by peer'))': /azureml/ExperimentRun/dcid.AutoML_55474aad-0599-4270-a45e-5a988863c8ad_185/outputs/pipeline_graph.json?sv=2019-02-02&sr=b&sig=puZMtxOBtkRC0EnGbZwBMfbpH4dcn4LO58buOrNnoRk%3D&st=2020-10-02T20%3A19%3A54Z&se=2020-10-03T20%3A29%3A54Z&sp=rcw&comp=block&blockid=TURBd01EQXdNREF3TURBd01EQXdNREF3TURBd01EQXdNREF3TURBd01EQSUzRA%3D%3D&timeout=30
WARNING - Retrying (Retry(total=2, connect=None, read=None, redirect=None, status=None)) after connection broken by 'ProtocolError('Connection aborted.', ConnectionResetError(104, 'Connection reset by peer'))': /azureml/ExperimentRun/dcid.AutoML_55474aad-0599-4270-a45e-5a988863c8ad_185/outputs/conda_env_v_1_0_0.yml?sv=2019-02-02&sr=b&sig=cCTRA3rNRpWnKJYpP97WHzkSwiVmn4vTHVe3PNpvaMs%3D&st=2020-10-02T20%3A19%3A54Z&se=2020-10-03T20%3A29%3A54Z&sp=rcw&comp=block&blockid=TURBd01EQXdNREF3TURBd01EQXdNREF3TURBd01EQXdNREF3TURBd01EQSUzRA%3D%3D&timeout=30
MinMaxScaler ExtremeRandomTrees                0:03:12       0.1293    0.1287
       186   StandardScalerWrapper ExtremeRandomTrees       0:00:25       0.1288    0.1287
       187   StandardScalerWrapper ExtremeRandomTrees       0:00:24       0.1291    0.1287
       188   MinMaxScaler ExtremeRandomTrees                0:00:24       0.1291    0.1287
       189   RobustScaler RandomForest                      0:00:26       0.1291    0.1287
       190   WARNING - Retrying (Retry(total=2, connect=None, read=None, redirect=None, status=None)) after connection broken by 'ProtocolError('Connection aborted.', ConnectionResetError(104, 'Connection reset by peer'))': /azureml/ExperimentRun/dcid.AutoML_55474aad-0599-4270-a45e-5a988863c8ad_190/outputs/model.pkl?sv=2019-02-02&sr=b&sig=SFwQpExfOHFNwxgv8qUQrzxBFENH9sHWkRi7XmflfJw%3D&st=2020-10-02T20%3A24%3A44Z&se=2020-10-03T20%3A34%3A44Z&sp=rcw&comp=block&blockid=TURBd01EQXdNREF3TURBd01EQXdNREF3TURBd01EQXdNREF3TURBd01EQSUzRA%3D%3D&timeout=30
WARNING - Retrying (Retry(total=2, connect=None, read=None, redirect=None, status=None)) after connection broken by 'ProtocolError('Connection aborted.', ConnectionResetError(104, 'Connection reset by peer'))': /azureml/ExperimentRun/dcid.AutoML_55474aad-0599-4270-a45e-5a988863c8ad_190/outputs/pipeline_graph.json?sv=2019-02-02&sr=b&sig=x%2BI8DWki%2FXtEG5h%2B03bgl5chdqu0XWhgkegPWd%2F%2F6x4%3D&st=2020-10-02T20%3A24%3A44Z&se=2020-10-03T20%3A34%3A44Z&sp=rcw&comp=block&blockid=TURBd01EQXdNREF3TURBd01EQXdNREF3TURBd01EQXdNREF3TURBd01EQSUzRA%3D%3D&timeout=30
WARNING - Retrying (Retry(total=2, connect=None, read=None, redirect=None, status=None)) after connection broken by 'ProtocolError('Connection aborted.', ConnectionResetError(104, 'Connection reset by peer'))': /azureml/ExperimentRun/dcid.AutoML_55474aad-0599-4270-a45e-5a988863c8ad_190/outputs/conda_env_v_1_0_0.yml?sv=2019-02-02&sr=b&sig=q3A%2F%2F4GA2kx%2BkerSZdpSHb%2FarACNuDFqxlu9XDhzSJc%3D&st=2020-10-02T20%3A24%3A44Z&se=2020-10-03T20%3A34%3A44Z&sp=rcw&comp=block&blockid=TURBd01EQXdNREF3TURBd01EQXdNREF3TURBd01EQXdNREF3TURBd01EQSUzRA%3D%3D&timeout=30
StandardScalerWrapper ExtremeRandomTrees       0:03:08       0.1290    0.1287
       191   MinMaxScaler ExtremeRandomTrees                0:00:33       0.1292    0.1287
       192   MinMaxScaler ExtremeRandomTrees                0:00:24       0.1288    0.1287
       193   RobustScaler ExtremeRandomTrees                0:00:31       0.1290    0.1287
       194   RobustScaler ExtremeRandomTrees                0:00:25       0.1291    0.1287
       195   StandardScalerWrapper ExtremeRandomTrees       0:00:25       0.1289    0.1287
       196   StandardScalerWrapper RandomForest             0:00:25       0.1289    0.1287
       197   WARNING - Retrying (Retry(total=2, connect=None, read=None, redirect=None, status=None)) after connection broken by 'ProtocolError('Connection aborted.', ConnectionResetError(104, 'Connection reset by peer'))': /azureml/ExperimentRun/dcid.AutoML_55474aad-0599-4270-a45e-5a988863c8ad_197/outputs/model.pkl?sv=2019-02-02&sr=b&sig=NfnzL1G9B1b%2F%2FjivV6q4HIwCMYR6DKIlXS0NpV3RDPo%3D&st=2020-10-02T20%3A30%3A38Z&se=2020-10-03T20%3A40%3A38Z&sp=rcw&comp=block&blockid=TURBd01EQXdNREF3TURBd01EQXdNREF3TURBd01EQXdNREF3TURBd01EQSUzRA%3D%3D&timeout=30
MinMaxScaler RandomForest                      0:03:08       0.1291    0.1287
       198   WARNING - Received unrecognized parameter ensemble_download_models_timeout_sec
WARNING - Received unrecognized parameter ensemble_download_models_timeout_sec
VotingEnsemble                                 0:02:20       0.1287    0.1287
Stopping criteria reached at iteration 199. Ending experiment.
WARNING - Received unrecognized parameter ensemble_download_models_timeout_sec
WARNING - Received unrecognized parameter ensemble_download_models_timeout_sec
WARNING - Received unrecognized parameter ensemble_download_models_timeout_sec
****************************************************************************************************
Current status: BestRunExplainModel. Best run model explanations started
Current status: ModelExplanationDataSetSetup. Model explanations data setup completed
Current status: PickSurrogateModel. Choosing LightGBM as the surrogate model for explanations
Current status: EngineeredFeatureExplanations. Computation of engineered features started
Current status: EngineeredFeatureExplanations. Computation of engineered features completed
Current status: BestRunExplainModel. Best run model explanations completed
****************************************************************************************************
WARNING - Received unrecognized parameter ensemble_download_models_timeout_sec
WARNING - Received unrecognized parameter ensemble_download_models_timeout_sec
WARNING - Received unrecognized parameter ensemble_download_models_timeout_sec
Best pipeline:
<class 'sklearn.ensemble._voting.VotingRegressor'>
0. Pipeline(memory=None,
         steps=[('robustscaler',
                 RobustScaler(copy=True, quantile_range=[10, 90],
                              with_centering=True, with_scaling=True)),
                ('extratreesregressor',
                 ExtraTreesRegressor(bootstrap=False, ccp_alpha=0.0,
                                     criterion='mse', max_depth=None,
                                     max_features=None, max_leaf_nodes=None,
                                     max_samples=None,
                                     min_impurity_decrease=0.0,
                                     min_impurity_split=None,
                                     min_samples_leaf=0.06102385966988887,
                                     min_samples_split=0.0010734188827013528,
                                     min_weight_fraction_leaf=0.0,
                                     n_estimators=400, n_jobs=-1,
                                     oob_score=False, random_state=None,
                                     verbose=0, warm_start=False))],
         verbose=False)
1. Pipeline(memory=None,
         steps=[('standardscalerwrapper',
                 <azureml.automl.runtime.shared.model_wrappers.StandardScalerWrapper object at 0x7f58c8767110>),
                ('extratreesregressor',
                 ExtraTreesRegressor(bootstrap=False, ccp_alpha=0.0,
                                     criterion='mse', max_depth=None,
                                     max_features=0.8, max_leaf_nodes=None,
                                     max_samples=None,
                                     min_impurity_decrease=0.0,
                                     min_impurity_split=None,
                                     min_samples_leaf=0.06102385966988887,
                                     min_samples_split=0.00310675990983383,
                                     min_weight_fraction_leaf=0.0,
                                     n_estimators=400, n_jobs=-1,
                                     oob_score=False, random_state=None,
                                     verbose=0, warm_start=False))],
         verbose=False)
2. Pipeline(memory=None,
         steps=[('standardscalerwrapper',
                 <azureml.automl.runtime.shared.model_wrappers.StandardScalerWrapper object at 0x7f58c9773fd0>),
                ('extratreesregressor',
                 ExtraTreesRegressor(bootstrap=False, ccp_alpha=0.0,
                                     criterion='mse', max_depth=None,
                                     max_features=None, max_leaf_nodes=None,
                                     max_samples=None,
                                     min_impurity_decrease=0.0,
                                     min_impurity_split=None,
                                     min_samples_leaf=0.07388264419939175,
                                     min_samples_split=0.1281422388944084,
                                     min_weight_fraction_leaf=0.0,
                                     n_estimators=100, n_jobs=-1,
                                     oob_score=False, random_state=None,
                                     verbose=0, warm_start=False))],
         verbose=False)
3. Pipeline(memory=None,
         steps=[('standardscalerwrapper',
                 <azureml.automl.runtime.shared.model_wrappers.StandardScalerWrapper object at 0x7f58c941b310>),
                ('extratreesregressor',
                 ExtraTreesRegressor(bootstrap=False, ccp_alpha=0.0,
                                     criterion='mse', max_depth=None,
                                     max_features=0.8, max_leaf_nodes=None,
                                     max_samples=None,
                                     min_impurity_decrease=0.0,
                                     min_impurity_split=None,
                                     min_samples_leaf=0.05040306135985514,
                                     min_samples_split=0.08991789964660124,
                                     min_weight_fraction_leaf=0.0,
                                     n_estimators=200, n_jobs=-1,
                                     oob_score=False, random_state=None,
                                     verbose=0, warm_start=False))],
         verbose=False)
4. Pipeline(memory=None,
         steps=[('standardscalerwrapper',
                 <azureml.automl.runtime.shared.model_wrappers.StandardScalerWrapper object at 0x7f58c969de50>),
                ('extratreesregressor',
                 ExtraTreesRegressor(bootstrap=False, ccp_alpha=0.0,
                                     criterion='mse', max_depth=None,
                                     max_features=0.6, max_leaf_nodes=None,
                                     max_samples=None,
                                     min_impurity_decrease=0.0,
                                     min_impurity_split=None,
                                     min_samples_leaf=0.0023646822772690063,
                                     min_samples_split=0.1281422388944084,
                                     min_weight_fraction_leaf=0.0,
                                     n_estimators=25, n_jobs=-1,
                                     oob_score=False, random_state=None,
                                     verbose=0, warm_start=False))],
         verbose=False)
5. Pipeline(memory=None,
         steps=[('robustscaler',
                 RobustScaler(copy=True, quantile_range=[10, 90],
                              with_centering=True, with_scaling=True)),
                ('extratreesregressor',
                 ExtraTreesRegressor(bootstrap=False, ccp_alpha=0.0,
                                     criterion='mse', max_depth=None,
                                     max_features=0.3, max_leaf_nodes=None,
                                     max_samples=None,
                                     min_impurity_decrease=0.0,
                                     min_impurity_split=None,
                                     min_samples_leaf=0.01321775243133542,
                                     min_samples_split=0.1281422388944084,
                                     min_weight_fraction_leaf=0.0,
                                     n_estimators=200, n_jobs=-1,
                                     oob_score=False, random_state=None,
                                     verbose=0, warm_start=False))],
         verbose=False)
6. Pipeline(memory=None,
         steps=[('standardscalerwrapper',
                 <azureml.automl.runtime.shared.model_wrappers.StandardScalerWrapper object at 0x7f58c9363a90>),
                ('gradientboostingregressor',
                 GradientBoostingRegressor(alpha=0.30000000000000004,
                                           ccp_alpha=0.0, criterion='mse',
                                           init=None,
                                           learning_rate=0.046415888336127774,
                                           loss='ls', max_depth=5,
                                           max_features='sqrt',
                                           max_leaf_nodes=None,
                                           min_impurity_decrease=0.0,
                                           min_impurity_split=None,
                                           min_samples_leaf=0.07388264419939175,
                                           min_samples_split=0.012814223889440833,
                                           min_weight_fraction_leaf=0.0,
                                           n_estimators=100,
                                           n_iter_no_change=None,
                                           presort='deprecated',
                                           random_state=None, subsample=0.7,
                                           tol=0.0001, validation_fraction=0.1,
                                           verbose=0, warm_start=False))],
         verbose=False)

['year', 'half', 'quarter', 'month', 'day', 'hour', 'am_pm', 'hour12', 'wday', 'qday', 'week']
  RawFeatureName TypeDetected Dropped  EngineeredFeatureCount  \
0  datetime       DateTime     No      11                       

                                                                                                                                                                                                                           Transformations  
0  [DateTimeTransformer, DateTimeTransformer, DateTimeTransformer, DateTimeTransformer, DateTimeTransformer, DateTimeTransformer, DateTimeTransformer, DateTimeTransformer, DateTimeTransformer, DateTimeTransformer, DateTimeTransformer]  
