WARNING - Received unrecognized parameter ensemble_download_models_timeout_sec
Running on local machine
Parent Run ID: AutoML_6c4805a8-8627-4105-920c-a640d9fa3e42

Current status: DatasetFeaturization. Beginning to featurize the dataset.
Current status: DatasetFeaturizationCompleted. Completed featurizing the dataset.
Heuristic parameters: Target_Lag = '[0]', Target_Rolling_Window = '0'.
WARNING - Converting non-string tag to string: (forecasting_target_lags: [0])
WARNING - Converting non-string tag to string: (forecasting_target_rolling_window_size: 0)
WARNING - Converting non-string tag to string: (forecasting_max_horizon: 2223)
Current status: DatasetCrossValidationSplit. Generating individually featurized CV splits.
Current status: DatasetFeaturization. Beginning to featurize the CV split.
Current status: DatasetFeaturizationCompleted. Completed featurizing the CV split.
Current status: DatasetFeaturization. Beginning to featurize the CV split.
Current status: DatasetFeaturizationCompleted. Completed featurizing the CV split.
Current status: DatasetFeaturization. Beginning to featurize the CV split.
Current status: DatasetFeaturizationCompleted. Completed featurizing the CV split.
Current status: DatasetFeaturization. Beginning to featurize the CV split.
Current status: DatasetFeaturizationCompleted. Completed featurizing the CV split.
Current status: DatasetFeaturization. Beginning to featurize the CV split.
Current status: DatasetFeaturizationCompleted. Completed featurizing the CV split.

****************************************************************************************************
DATA GUARDRAILS: 

TYPE:         Frequency detection
STATUS:       PASSED
DESCRIPTION:  The time series was analyzed, all data points are aligned with detected frequency.
              

****************************************************************************************************

TYPE:         Missing feature values imputation
STATUS:       PASSED
DESCRIPTION:  No feature missing values were detected in the training data.
              Learn more about missing value imputation: https://aka.ms/AutomatedMLFeaturization

****************************************************************************************************

TYPE:         Memory Issues Detection
STATUS:       PASSED
DESCRIPTION:  The selected horizon, lag and rolling window values were analyzed, and no potential memory issues were detected.
              Learn more about time-series forecasting configurations: https://aka.ms/AutomatedMLForecastingConfiguration

****************************************************************************************************
Current status: ModelSelection. Beginning model selection.

****************************************************************************************************
ITERATION: The iteration being evaluated.
PIPELINE: A summary description of the pipeline being evaluated.
DURATION: Time taken for the current iteration.
METRIC: The result of computing score on the fitted pipeline.
BEST: The best observed score thus far.
****************************************************************************************************

 ITERATION   PIPELINE                                       DURATION      METRIC      BEST
         0   MaxAbsScaler DecisionTree                      0:00:22       0.1762    0.1762
         1   MinMaxScaler DecisionTree                      0:00:21       0.1764    0.1762
         2   StandardScalerWrapper LassoLars                0:00:21       0.1820    0.1762
         3   RobustScaler ElasticNet                        0:00:21       0.1811    0.1762
         4   StandardScalerWrapper LassoLars                0:00:22       0.1820    0.1762
         5   RobustScaler ElasticNet                        0:00:21       0.1820    0.1762
         6   RobustScaler DecisionTree                      0:00:21       0.1764    0.1762
         7   MinMaxScaler DecisionTree                      0:00:22       0.1822    0.1762
         8   RobustScaler DecisionTree                      0:00:21       0.1758    0.1758
         9   WARNING - Retrying (Retry(total=2, connect=None, read=None, redirect=None, status=None)) after connection broken by 'ProtocolError('Connection aborted.', ConnectionResetError(104, 'Connection reset by peer'))': /azureml/ExperimentRun/dcid.AutoML_6c4805a8-8627-4105-920c-a640d9fa3e42_9/outputs/pipeline_graph.json?sv=2019-02-02&sr=b&sig=rSMH3FCgeAQVNDFKHrT6j%2BKyCZ8KE4PbDZA8yERND7g%3D&st=2020-10-03T03%3A50%3A44Z&se=2020-10-04T04%3A00%3A44Z&sp=rcw&comp=block&blockid=TURBd01EQXdNREF3TURBd01EQXdNREF3TURBd01EQXdNREF3TURBd01EQSUzRA%3D%3D&timeout=30
MinMaxScaler DecisionTree                      0:03:05       0.1769    0.1758
        10   StandardScalerWrapper DecisionTree             0:00:22       0.1770    0.1758
        11   StandardScalerWrapper DecisionTree             0:00:21       0.1766    0.1758
        12   RobustScaler DecisionTree                      0:00:21       0.1770    0.1758
        13   RobustScaler ElasticNet                        0:00:21       0.1806    0.1758
        14   StandardScalerWrapper DecisionTree             0:00:22       0.1773    0.1758
        15   WARNING - Retrying (Retry(total=2, connect=None, read=None, redirect=None, status=None)) after connection broken by 'ProtocolError('Connection aborted.', ConnectionResetError(104, 'Connection reset by peer'))': /azureml/ExperimentRun/dcid.AutoML_6c4805a8-8627-4105-920c-a640d9fa3e42_15/outputs/model.pkl?sv=2019-02-02&sr=b&sig=3IVvK%2FqglHrDkw78rJI5YxDShFsaouDe1Fx6JhhqUxo%3D&st=2020-10-03T03%3A55%3A38Z&se=2020-10-04T04%3A05%3A38Z&sp=rcw&comp=block&blockid=TURBd01EQXdNREF3TURBd01EQXdNREF3TURBd01EQXdNREF3TURBd01EQSUzRA%3D%3D&timeout=30
WARNING - Retrying (Retry(total=2, connect=None, read=None, redirect=None, status=None)) after connection broken by 'ProtocolError('Connection aborted.', ConnectionResetError(104, 'Connection reset by peer'))': /azureml/ExperimentRun/dcid.AutoML_6c4805a8-8627-4105-920c-a640d9fa3e42_15/outputs/pipeline_graph.json?sv=2019-02-02&sr=b&sig=LuGLg3FSDMeI4UAmmn3kXSvbCWBB5ZP9buzFU2LxLfE%3D&st=2020-10-03T03%3A55%3A38Z&se=2020-10-04T04%3A05%3A38Z&sp=rcw&comp=block&blockid=TURBd01EQXdNREF3TURBd01EQXdNREF3TURBd01EQXdNREF3TURBd01EQSUzRA%3D%3D&timeout=30
MinMaxScaler DecisionTree                      0:03:09       0.1781    0.1758
        16   MinMaxScaler DecisionTree                      0:00:22       0.1766    0.1758
        17   RobustScaler DecisionTree                      0:00:22       0.1768    0.1758
        18   RobustScaler DecisionTree                      0:00:22       0.1759    0.1758
        19   StandardScalerWrapper DecisionTree             0:00:21       0.1775    0.1758
        20   StandardScalerWrapper DecisionTree             0:00:21       0.1792    0.1758
        21   StandardScalerWrapper ExtremeRandomTrees       0:00:23       0.1749    0.1749
        22   MinMaxScaler LightGBM                          0:00:22       0.1745    0.1745
        23   MinMaxScaler DecisionTree                      0:00:22       0.1785    0.1745
        24   MinMaxScaler DecisionTree                      0:00:22       0.1762    0.1745
        25   MinMaxScaler LightGBM                          0:00:23       0.1747    0.1745
        26   StandardScalerWrapper RandomForest             0:00:23       0.1753    0.1745
        27   StandardScalerWrapper ExtremeRandomTrees       0:00:24       0.1748    0.1745
        28   RobustScaler ExtremeRandomTrees                0:00:24       0.1753    0.1745
        29   MinMaxScaler ExtremeRandomTrees                0:00:26       0.1749    0.1745
        30   StandardScalerWrapper LightGBM                 0:00:23       0.1745    0.1745
        31   StandardScalerWrapper RandomForest             0:00:24       0.1748    0.1745
        32   StandardScalerWrapper ExtremeRandomTrees       0:00:24       0.1749    0.1745
        33   RobustScaler RandomForest                      0:00:24       0.1754    0.1745
        34   StandardScalerWrapper ExtremeRandomTrees       0:00:21       0.1749    0.1745
        35   MinMaxScaler LightGBM                          0:00:23       0.1750    0.1745
        36   StandardScalerWrapper ExtremeRandomTrees       0:00:24       0.1751    0.1745
        37   WARNING - Retrying (Retry(total=2, connect=None, read=None, redirect=None, status=None)) after connection broken by 'ProtocolError('Connection aborted.', ConnectionResetError(104, 'Connection reset by peer'))': /azureml/ExperimentRun/dcid.AutoML_6c4805a8-8627-4105-920c-a640d9fa3e42_37/outputs/scoring_file_v_1_0_0.py?sv=2019-02-02&sr=b&sig=UoIumsjK2yCYuI9V%2FX8IqHAs9arTh4VK4%2FNGrTr4EB4%3D&st=2020-10-03T04%3A07%3A01Z&se=2020-10-04T04%3A17%3A01Z&sp=rcw&comp=block&blockid=TURBd01EQXdNREF3TURBd01EQXdNREF3TURBd01EQXdNREF3TURBd01EQSUzRA%3D%3D&timeout=30
RobustScaler RandomForest                      0:03:07       0.1751    0.1745
        38   RobustScaler ExtremeRandomTrees                0:00:40       0.1751    0.1745
        39   RobustScaler ExtremeRandomTrees                0:00:29       0.1752    0.1745
        40   RobustScaler LightGBM                          0:00:23       0.1748    0.1745
        41   RobustScaler RandomForest                      0:00:24       0.1748    0.1745
        42   MinMaxScaler ExtremeRandomTrees                0:00:28       0.1751    0.1745
        43   RobustScaler ExtremeRandomTrees                0:00:23       0.1749    0.1745
        44   RobustScaler ExtremeRandomTrees                0:00:25       0.1755    0.1745
        45   MinMaxScaler LightGBM                          0:00:25       0.1749    0.1745
        46   WARNING - Retrying (Retry(total=2, connect=None, read=None, redirect=None, status=None)) after connection broken by 'ProtocolError('Connection aborted.', ConnectionResetError(104, 'Connection reset by peer'))': /azureml/ExperimentRun/dcid.AutoML_6c4805a8-8627-4105-920c-a640d9fa3e42_46/outputs/pipeline_graph.json?sv=2019-02-02&sr=b&sig=RTfAk6UNy97B%2B3h3d7uIVf%2FC4ntD0%2BM64WJDwg%2BOKt4%3D&st=2020-10-03T04%3A13%3A48Z&se=2020-10-04T04%3A23%3A48Z&sp=rcw&comp=block&blockid=TURBd01EQXdNREF3TURBd01EQXdNREF3TURBd01EQXdNREF3TURBd01EQSUzRA%3D%3D&timeout=30
MinMaxScaler RandomForest                      0:03:04       0.1751    0.1745
        47   RobustScaler RandomForest                      0:00:24       0.1754    0.1745
        48   MinMaxScaler ExtremeRandomTrees                0:00:25       0.1751    0.1745
        49   MinMaxScaler ExtremeRandomTrees                0:00:27       0.1750    0.1745
        50   StandardScalerWrapper LightGBM                 0:00:22       0.1748    0.1745
        51   StandardScalerWrapper ExtremeRandomTrees       0:00:28       0.1748    0.1745
        52   RobustScaler ExtremeRandomTrees                0:00:26       0.1748    0.1745
        53   RobustScaler RandomForest                      0:00:24       0.1749    0.1745
        54   WARNING - Retrying (Retry(total=2, connect=None, read=None, redirect=None, status=None)) after connection broken by 'ProtocolError('Connection aborted.', ConnectionResetError(104, 'Connection reset by peer'))': /azureml/ExperimentRun/dcid.AutoML_6c4805a8-8627-4105-920c-a640d9fa3e42_54/outputs/env_dependencies.json?sv=2019-02-02&sr=b&sig=BdUKC5qATGn%2BX14A3ZNhz1gDYQnpt5mWMrfnuVMuJ7k%3D&st=2020-10-03T04%3A19%3A52Z&se=2020-10-04T04%3A29%3A52Z&sp=rcw&comp=block&blockid=TURBd01EQXdNREF3TURBd01EQXdNREF3TURBd01EQXdNREF3TURBd01EQSUzRA%3D%3D&timeout=30
RobustScaler ExtremeRandomTrees                0:03:08       0.1752    0.1745
        55   MinMaxScaler LightGBM                          0:00:35       0.2009    0.1745
        56   MinMaxScaler ExtremeRandomTrees                0:00:24       0.1752    0.1745
        57   StandardScalerWrapper ExtremeRandomTrees       0:00:23       0.1752    0.1745
        58   StandardScalerWrapper ExtremeRandomTrees       0:00:30       0.1746    0.1745
        59   StandardScalerWrapper ExtremeRandomTrees       0:00:28       0.1752    0.1745
        60   RobustScaler LightGBM                          0:00:24       0.1748    0.1745
        61   MinMaxScaler DecisionTree                      0:00:22       0.1758    0.1745
        62   MinMaxScaler RandomForest                      0:00:26       0.1750    0.1745
        63   RobustScaler RandomForest                      0:00:25       0.1750    0.1745
        64   StandardScalerWrapper RandomForest             0:00:26       0.1751    0.1745
        65   MinMaxScaler LightGBM                          0:00:23       0.1749    0.1745
        66   StandardScalerWrapper RandomForest             0:00:23       0.1754    0.1745
        67   MinMaxScaler ExtremeRandomTrees                0:00:25       0.1748    0.1745
        68   RobustScaler ExtremeRandomTrees                0:00:23       0.1751    0.1745
        69   MinMaxScaler ExtremeRandomTrees                0:00:24       0.1749    0.1745
        70   RobustScaler LightGBM                          0:00:24       0.1750    0.1745
        71   StandardScalerWrapper ExtremeRandomTrees       0:00:22       0.1753    0.1745
        72   RobustScaler GradientBoosting                  0:00:25       0.1747    0.1745
        73   RobustScaler RandomForest                      0:00:26       0.1750    0.1745
        74   RobustScaler ExtremeRandomTrees                0:00:26       0.1748    0.1745
        75   MinMaxScaler LightGBM                          0:00:24       0.1753    0.1745
        76   StandardScalerWrapper ExtremeRandomTrees       0:00:26       0.1751    0.1745
        77   RobustScaler RandomForest                      0:00:31       0.1749    0.1745
        78   RobustScaler ExtremeRandomTrees                0:00:29       0.1752    0.1745
        79   MinMaxScaler ExtremeRandomTrees                0:00:25       0.1750    0.1745
        80   MinMaxScaler LightGBM                          0:00:22       0.1752    0.1745
        81   MinMaxScaler ExtremeRandomTrees                0:00:29       0.1747    0.1745
        82   StandardScalerWrapper RandomForest             0:00:24       0.1750    0.1745
        83   StandardScalerWrapper RandomForest             0:00:19       0.1748    0.1745
        84   RobustScaler ExtremeRandomTrees                0:00:24       0.1748    0.1745
        85   MinMaxScaler LightGBM                          0:00:22       0.1752    0.1745
        86   RobustScaler ExtremeRandomTrees                0:00:24       0.1750    0.1745
        87   StandardScalerWrapper ExtremeRandomTrees       0:00:30       0.1752    0.1745
        88   RobustScaler ExtremeRandomTrees                0:00:26       0.1753    0.1745
        89   StandardScalerWrapper GradientBoosting         0:00:25       0.1746    0.1745
        90   MinMaxScaler LightGBM                          0:00:22       0.1756    0.1745
        91   StandardScalerWrapper RandomForest             0:00:23       0.1747    0.1745
        92   MinMaxScaler ExtremeRandomTrees                0:00:25       0.1748    0.1745
        93   StandardScalerWrapper ExtremeRandomTrees       0:00:25       0.1751    0.1745
        94   RobustScaler ExtremeRandomTrees                0:00:34       0.1747    0.1745
        95   RobustScaler LightGBM                          0:00:22       0.1750    0.1745
        96   StandardScalerWrapper ExtremeRandomTrees       0:00:29       0.1750    0.1745
        97   MinMaxScaler ExtremeRandomTrees                0:00:25       0.1752    0.1745
        98   StandardScalerWrapper ExtremeRandomTrees       0:00:25       0.1751    0.1745
        99   StandardScalerWrapper ExtremeRandomTrees       0:00:24       0.1751    0.1745
       100   MinMaxScaler LightGBM                          0:00:22       0.1749    0.1745
       101   MinMaxScaler ExtremeRandomTrees                0:00:24       0.1749    0.1745
       102   StandardScalerWrapper RandomForest             0:00:26       0.1748    0.1745
       103   MinMaxScaler ExtremeRandomTrees                0:00:26       0.1750    0.1745
       104   RobustScaler RandomForest                      0:00:26       0.1750    0.1745
       105   RobustScaler LightGBM                          0:00:23       0.1753    0.1745
       106   RobustScaler RandomForest                      0:00:29       0.1749    0.1745
       107   StandardScalerWrapper RandomForest             0:00:28       0.1751    0.1745
       108   MinMaxScaler ExtremeRandomTrees                0:00:30       0.1747    0.1745
       109   MinMaxScaler RandomForest                      0:00:23       0.1747    0.1745
       110   RobustScaler LightGBM                          0:00:28       0.1769    0.1745
       111   RobustScaler ExtremeRandomTrees                0:00:34       0.1752    0.1745
       112   StandardScalerWrapper RandomForest             0:00:24       0.1753    0.1745
       113   WARNING - Retrying (Retry(total=2, connect=None, read=None, redirect=None, status=None)) after connection broken by 'ProtocolError('Connection aborted.', ConnectionResetError(104, 'Connection reset by peer'))': /azureml/ExperimentRun/dcid.AutoML_6c4805a8-8627-4105-920c-a640d9fa3e42_113/outputs/pipeline_graph.json?sv=2019-02-02&sr=b&sig=8zftaH3Z4VKiHY7Va26VRhAkqHVQlthtg%2Fp6UfG4JJo%3D&st=2020-10-03T04%3A48%3A13Z&se=2020-10-04T04%3A58%3A13Z&sp=rcw&comp=block&blockid=TURBd01EQXdNREF3TURBd01EQXdNREF3TURBd01EQXdNREF3TURBd01EQSUzRA%3D%3D&timeout=30
WARNING - Retrying (Retry(total=2, connect=None, read=None, redirect=None, status=None)) after connection broken by 'ProtocolError('Connection aborted.', ConnectionResetError(104, 'Connection reset by peer'))': /azureml/ExperimentRun/dcid.AutoML_6c4805a8-8627-4105-920c-a640d9fa3e42_113/outputs/model.pkl?sv=2019-02-02&sr=b&sig=om94UIAE9byerq7MAhMKJtd1W2r2qOnFRiYKjk1rXms%3D&st=2020-10-03T04%3A48%3A13Z&se=2020-10-04T04%3A58%3A13Z&sp=rcw&comp=block&blockid=TURBd01EQXdNREF3TURBd01EQXdNREF3TURBd01EQXdNREF3TURBd01EQSUzRA%3D%3D&timeout=30
RobustScaler RandomForest                      0:03:13       0.1750    0.1745
       114   MinMaxScaler RandomForest                      0:00:28       0.1749    0.1745
       115   StandardScalerWrapper LightGBM                 0:00:23       0.1764    0.1745
       116   StandardScalerWrapper ExtremeRandomTrees       0:00:26       0.1750    0.1745
       117   MinMaxScaler RandomForest                      0:00:37       0.1749    0.1745
       118   StandardScalerWrapper ExtremeRandomTrees       0:00:26       0.1747    0.1745
       119   RobustScaler ExtremeRandomTrees                0:00:25       0.1750    0.1745
       120   StandardScalerWrapper LightGBM                 0:00:24       0.1757    0.1745
       121   StandardScalerWrapper RandomForest             0:00:24       0.1757    0.1745
       122   RobustScaler ExtremeRandomTrees                0:00:26       0.1751    0.1745
       123   RobustScaler ExtremeRandomTrees                0:00:26       0.1752    0.1745
       124   StandardScalerWrapper ExtremeRandomTrees       0:00:25       0.1749    0.1745
       125   StandardScalerWrapper LightGBM                 0:00:19       0.1760    0.1745
       126   WARNING - Retrying (Retry(total=2, connect=None, read=None, redirect=None, status=None)) after connection broken by 'ProtocolError('Connection aborted.', ConnectionResetError(104, 'Connection reset by peer'))': /azureml/ExperimentRun/dcid.AutoML_6c4805a8-8627-4105-920c-a640d9fa3e42_126/outputs/model.pkl?sv=2019-02-02&sr=b&sig=yRVi2FiFvKrsuhJ2wCpoiuWppUZQXybfjslY2uQ1ty8%3D&st=2020-10-03T04%3A56%3A45Z&se=2020-10-04T05%3A06%3A45Z&sp=rcw&comp=block&blockid=TURBd01EQXdNREF3TURBd01EQXdNREF3TURBd01EQXdNREF3TURBd01EQSUzRA%3D%3D&timeout=30
StandardScalerWrapper ExtremeRandomTrees       0:03:12       0.1748    0.1745
       127   StandardScalerWrapper ExtremeRandomTrees       0:00:23       0.1749    0.1745
       128   StandardScalerWrapper RandomForest             0:00:23       0.1751    0.1745
       129   RobustScaler RandomForest                      0:00:26       0.1748    0.1745
       130   StandardScalerWrapper LightGBM                 0:00:23       0.1746    0.1745
       131   WARNING - Retrying (Retry(total=2, connect=None, read=None, redirect=None, status=None)) after connection broken by 'ProtocolError('Connection aborted.', ConnectionResetError(104, 'Connection reset by peer'))': /azureml/ExperimentRun/dcid.AutoML_6c4805a8-8627-4105-920c-a640d9fa3e42_131/outputs/internal_cross_validated_models.pkl?sv=2019-02-02&sr=b&sig=PSPgW2vdaJt5QkABVjj4kEa8u6qoaOsh1NPwNfxD%2B2I%3D&st=2020-10-03T05%3A01%3A36Z&se=2020-10-04T05%3A11%3A36Z&sp=rcw&comp=block&blockid=TURBd01EQXdNREF3TURBd01EQXdNREF3TURBd01EQXdNREF3TURBd01EQSUzRA%3D%3D&timeout=30
MinMaxScaler ExtremeRandomTrees                0:03:26       0.1750    0.1745
       132   RobustScaler ExtremeRandomTrees                0:00:27       0.1751    0.1745
       133   RobustScaler ExtremeRandomTrees                0:00:30       0.1747    0.1745
       134   StandardScalerWrapper ExtremeRandomTrees       0:00:28       0.1751    0.1745
       135   RobustScaler LightGBM                          0:00:22       0.1746    0.1745
       136   StandardScalerWrapper ExtremeRandomTrees       0:00:23       0.1754    0.1745
       137   MinMaxScaler ExtremeRandomTrees                0:00:19       0.1750    0.1745
       138   StandardScalerWrapper RandomForest             0:00:27       0.1749    0.1745
       139   StandardScalerWrapper ExtremeRandomTrees       0:00:28       0.1751    0.1745
       140   RobustScaler LightGBM                          0:00:23       0.1753    0.1745
       141   StandardScalerWrapper ExtremeRandomTrees       0:00:25       0.1753    0.1745
       142   MinMaxScaler ExtremeRandomTrees                0:00:26       0.1751    0.1745
       143   MinMaxScaler RandomForest                      0:00:23       0.1750    0.1745
       144   MinMaxScaler ExtremeRandomTrees                0:00:24       0.1752    0.1745
       145   RobustScaler LightGBM                          0:00:23       0.1748    0.1745
       146   RobustScaler ExtremeRandomTrees                0:00:28       0.1747    0.1745
       147   MinMaxScaler ExtremeRandomTrees                0:00:25       0.1752    0.1745
       148   StandardScalerWrapper ExtremeRandomTrees       0:00:22       0.1751    0.1745
       149   RobustScaler ExtremeRandomTrees                0:00:26       0.1750    0.1745
       150   RobustScaler LightGBM                          0:00:22       0.1748    0.1745
       151   StandardScalerWrapper ExtremeRandomTrees       0:00:24       0.1752    0.1745
       152   MinMaxScaler ExtremeRandomTrees                0:00:25       0.1752    0.1745
       153   WARNING - Retrying (Retry(total=2, connect=None, read=None, redirect=None, status=None)) after connection broken by 'ProtocolError('Connection aborted.', ConnectionResetError(104, 'Connection reset by peer'))': /azureml/ExperimentRun/dcid.AutoML_6c4805a8-8627-4105-920c-a640d9fa3e42_153/outputs/scoring_file_v_1_0_0.py?sv=2019-02-02&sr=b&sig=KreL99LxTwDptdG7%2BtrAgLEsGLwFk2D1NhPzeIU%2FMaA%3D&st=2020-10-03T05%3A14%3A04Z&se=2020-10-04T05%3A24%3A04Z&sp=rcw&comp=block&blockid=TURBd01EQXdNREF3TURBd01EQXdNREF3TURBd01EQXdNREF3TURBd01EQSUzRA%3D%3D&timeout=30
MinMaxScaler RandomForest                      0:03:05       0.1751    0.1745
       154   RobustScaler ExtremeRandomTrees                0:00:23       0.1753    0.1745
       155   RobustScaler LightGBM                          0:00:22       0.1748    0.1745
       156   MinMaxScaler RandomForest                      0:00:24       0.1750    0.1745
       157   RobustScaler GradientBoosting                  0:00:23       0.1804    0.1745
       158   MinMaxScaler RandomForest                      0:00:24       0.1754    0.1745
       159   RobustScaler RandomForest                      0:00:22       0.1752    0.1745
       160   RobustScaler LightGBM                          0:00:23       0.1750    0.1745
       161   MinMaxScaler RandomForest                      0:00:25       0.1752    0.1745
       162   WARNING - Retrying (Retry(total=2, connect=None, read=None, redirect=None, status=None)) after connection broken by 'ProtocolError('Connection aborted.', ConnectionResetError(104, 'Connection reset by peer'))': /azureml/ExperimentRun/dcid.AutoML_6c4805a8-8627-4105-920c-a640d9fa3e42_162/outputs/model.pkl?sv=2019-02-02&sr=b&sig=GXI04dih9D%2BsS3CeakEg1Rl96GxBI2E3OAF%2BfQ7Gzhc%3D&st=2020-10-03T05%3A20%3A11Z&se=2020-10-04T05%3A30%3A11Z&sp=rcw&comp=block&blockid=TURBd01EQXdNREF3TURBd01EQXdNREF3TURBd01EQXdNREF3TURBd01EQSUzRA%3D%3D&timeout=30
WARNING - Retrying (Retry(total=2, connect=None, read=None, redirect=None, status=None)) after connection broken by 'ProtocolError('Connection aborted.', ConnectionResetError(104, 'Connection reset by peer'))': /azureml/ExperimentRun/dcid.AutoML_6c4805a8-8627-4105-920c-a640d9fa3e42_162/outputs/env_dependencies.json?sv=2019-02-02&sr=b&sig=6tsu0bBes6g6acJV8LmdzXDJstxjUJiW4AoQV8Xx4Yo%3D&st=2020-10-03T05%3A20%3A11Z&se=2020-10-04T05%3A30%3A11Z&sp=rcw&comp=block&blockid=TURBd01EQXdNREF3TURBd01EQXdNREF3TURBd01EQXdNREF3TURBd01EQSUzRA%3D%3D&timeout=30
StandardScalerWrapper RandomForest             0:03:06       0.1749    0.1745
       163   RobustScaler ExtremeRandomTrees                0:00:19       0.1751    0.1745
       164   MinMaxScaler RandomForest                      0:00:24       0.1749    0.1745
       165   RobustScaler LightGBM                          0:00:19       0.1750    0.1745
       166   MinMaxScaler RandomForest                      0:00:31       0.1748    0.1745
       167   MinMaxScaler RandomForest                      0:00:43       0.1746    0.1745
       168   WARNING - Retrying (Retry(total=2, connect=None, read=None, redirect=None, status=None)) after connection broken by 'ProtocolError('Connection aborted.', ConnectionResetError(104, 'Connection reset by peer'))': /azureml/ExperimentRun/dcid.AutoML_6c4805a8-8627-4105-920c-a640d9fa3e42_168/outputs/conda_env_v_1_0_0.yml?sv=2019-02-02&sr=b&sig=w32irFqixpqeG%2FwKFtFHeDoWM3bTCSoGPF%2BtE0NIbwA%3D&st=2020-10-03T05%3A25%3A38Z&se=2020-10-04T05%3A35%3A38Z&sp=rcw&comp=block&blockid=TURBd01EQXdNREF3TURBd01EQXdNREF3TURBd01EQXdNREF3TURBd01EQSUzRA%3D%3D&timeout=30
MinMaxScaler RandomForest                      0:02:51       0.1750    0.1745
       169   RobustScaler RandomForest                      0:00:24       0.1750    0.1745
       170   RobustScaler LightGBM                          0:00:26       0.1797    0.1745
       171   RobustScaler ExtremeRandomTrees                0:00:25       0.1751    0.1745
       172   MinMaxScaler ExtremeRandomTrees                0:00:26       0.1751    0.1745
       173   RobustScaler ExtremeRandomTrees                0:00:32       0.1818    0.1745
       174   RobustScaler ExtremeRandomTrees                0:00:28       0.1749    0.1745
       175   StandardScalerWrapper LightGBM                 0:00:24       0.1759    0.1745
       176   WARNING - Retrying (Retry(total=2, connect=None, read=None, redirect=None, status=None)) after connection broken by 'ProtocolError('Connection aborted.', ConnectionResetError(104, 'Connection reset by peer'))': /azureml/ExperimentRun/dcid.AutoML_6c4805a8-8627-4105-920c-a640d9fa3e42_176/outputs/pipeline_graph.json?sv=2019-02-02&sr=b&sig=oUxzND7znpKrhgYxX9123M1q2OMBLgcv6sV%2BxMnk7JQ%3D&st=2020-10-03T05%3A31%3A36Z&se=2020-10-04T05%3A41%3A36Z&sp=rcw&comp=block&blockid=TURBd01EQXdNREF3TURBd01EQXdNREF3TURBd01EQXdNREF3TURBd01EQSUzRA%3D%3D&timeout=30
RobustScaler ExtremeRandomTrees                0:03:03       0.1751    0.1745
       177   StandardScalerWrapper ExtremeRandomTrees       0:00:29       0.1748    0.1745
       178   StandardScalerWrapper ExtremeRandomTrees       0:00:25       0.1751    0.1745
       179   StandardScalerWrapper ExtremeRandomTrees       0:00:26       0.1753    0.1745
       180   StandardScalerWrapper LightGBM                 0:00:18       0.1750    0.1745
       181   StandardScalerWrapper ExtremeRandomTrees       0:00:27       0.1750    0.1745
       182   MinMaxScaler RandomForest                      0:00:26       0.1747    0.1745
       183   RobustScaler RandomForest                      0:00:28       0.1746    0.1745
       184   RobustScaler ExtremeRandomTrees                0:00:25       0.1752    0.1745
       185   StandardScalerWrapper LightGBM                 0:00:28       0.1800    0.1745
       186   StandardScalerWrapper RandomForest             0:00:31       0.1749    0.1745
       187   StandardScalerWrapper ExtremeRandomTrees       0:00:25       0.1749    0.1745
       188   StandardScalerWrapper RandomForest             0:00:26       0.1749    0.1745
       189   MinMaxScaler ExtremeRandomTrees                0:00:27       0.1751    0.1745
       190   StandardScalerWrapper LightGBM                 0:00:25       0.1748    0.1745
       191   StandardScalerWrapper RandomForest             0:00:30       0.1749    0.1745
       192   RobustScaler LightGBM                          0:00:23       0.1747    0.1745
       193   StandardScalerWrapper ExtremeRandomTrees       0:00:26       0.1752    0.1745
       194   MinMaxScaler ExtremeRandomTrees                0:00:24       0.1751    0.1745
       195   MinMaxScaler LightGBM                          0:00:24       0.1746    0.1745
       196   MinMaxScaler ExtremeRandomTrees                0:00:29       0.1750    0.1745
       197   StandardScalerWrapper ExtremeRandomTrees       0:00:38       0.1752    0.1745
       198   StandardScalerWrapper ExtremeRandomTrees       0:00:21       0.1751    0.1745
       199   RobustScaler RandomForest                      0:00:25       0.1749    0.1745
       200   StandardScalerWrapper LightGBM                 0:00:18       0.1750    0.1745
       201   StandardScalerWrapper RandomForest             0:00:25       0.1751    0.1745
       202   StandardScalerWrapper RandomForest             0:00:24       0.1750    0.1745
       203   StandardScalerWrapper ExtremeRandomTrees       0:00:25       0.1752    0.1745
       204   StandardScalerWrapper ExtremeRandomTrees       0:00:28       0.1748    0.1745
       205   RobustScaler LightGBM                          0:00:23       0.1745    0.1745
       206   WARNING - Received unrecognized parameter ensemble_download_models_timeout_sec
WARNING - Received unrecognized parameter ensemble_download_models_timeout_sec
VotingEnsemble                                 0:02:04       0.1743    0.1743
Stopping criteria reached at iteration 207. Ending experiment.
WARNING - Received unrecognized parameter ensemble_download_models_timeout_sec
WARNING - Received unrecognized parameter ensemble_download_models_timeout_sec
WARNING - Received unrecognized parameter ensemble_download_models_timeout_sec
Best pipeline:
<class 'sklearn.ensemble._voting.VotingRegressor'>
0. Pipeline(memory=None,
         steps=[('robustscaler',
                 RobustScaler(copy=True, quantile_range=[10, 90],
                              with_centering=False, with_scaling=True)),
                ('lightgbmregressor',
                 LightGBMRegressor(boosting_type='gbdt', class_weight=None,
                                   colsample_bytree=0.5,
                                   importance_type='split',
                                   learning_rate=0.07369052631578947, max_bin=7,
                                   max_depth=7, min_child_samples=41,
                                   min_child_weight=0.001,
                                   min_split_gain=0.3684210526315789,
                                   n_estimators=25, n_jobs=-1, num_leaves=7,
                                   objective=None, random_state=None,
                                   reg_alpha=1.2, reg_lambda=1.3499999999999999,
                                   silent=True, subsample=0.7,
                                   subsample_for_bin=200000, subsample_freq=9,
                                   verbose=-1))],
         verbose=False)
1. Pipeline(memory=None,
         steps=[('standardscalerwrapper',
                 <azureml.automl.runtime.shared.model_wrappers.StandardScalerWrapper object at 0x7f937b22b0d0>),
                ('lightgbmregressor',
                 LightGBMRegressor(boosting_type='gbdt', class_weight=None,
                                   colsample_bytree=0.2,
                                   importance_type='split',
                                   learning_rate=0.031587368421052635,
                                   max_bin=63, max_depth=4,
                                   min_child_samples=253,
                                   min_child_weight=0.001,
                                   min_split_gain=0.10526315789473684,
                                   n_estimators=100, n_jobs=-1, num_leaves=15,
                                   objective=None, random_state=None,
                                   reg_alpha=1.125, reg_lambda=1.05,
                                   silent=True, subsample=0.6,
                                   subsample_for_bin=200000, subsample_freq=2,
                                   verbose=-1))],
         verbose=False)
2. Pipeline(memory=None,
         steps=[('minmaxscaler', MinMaxScaler(copy=True, feature_range=(0, 1))),
                ('lightgbmregressor',
                 LightGBMRegressor(boosting_type='gbdt', class_weight=None,
                                   colsample_bytree=0.8,
                                   importance_type='split',
                                   learning_rate=0.11579368421052631,
                                   max_bin=1023, max_depth=10,
                                   min_child_samples=690,
                                   min_child_weight=0.001,
                                   min_split_gain=0.5789473684210527,
                                   n_estimators=25, n_jobs=-1, num_leaves=255,
                                   objective=None, random_state=None,
                                   reg_alpha=0.15,
                                   reg_lambda=0.6749999999999999, silent=True,
                                   subsample=0.9, subsample_for_bin=200000,
                                   subsample_freq=8, verbose=-1))],
         verbose=False)
3. Pipeline(memory=None,
         steps=[('robustscaler',
                 RobustScaler(copy=True, quantile_range=[10, 90],
                              with_centering=False, with_scaling=True)),
                ('lightgbmregressor',
                 LightGBMRegressor(boosting_type='gbdt', class_weight=None,
                                   colsample_bytree=0.6,
                                   importance_type='split',
                                   learning_rate=0.052638947368421056,
                                   max_bin=7, max_depth=8, min_child_samples=57,
                                   min_child_weight=0.001,
                                   min_split_gain=0.3157894736842105,
                                   n_estimators=50, n_jobs=-1, num_leaves=3,
                                   objective=None, random_state=None,
                                   reg_alpha=1.2, reg_lambda=1.425, silent=True,
                                   subsample=0.85, subsample_for_bin=200000,
                                   subsample_freq=1, verbose=-1))],
         verbose=False)
4. Pipeline(memory=None,
         steps=[('robustscaler',
                 RobustScaler(copy=True, quantile_range=[25, 75],
                              with_centering=True, with_scaling=False)),
                ('randomforestregressor',
                 RandomForestRegressor(bootstrap=True, ccp_alpha=0.0,
                                       criterion='mse', max_depth=None,
                                       max_features=0.2, max_leaf_nodes=None,
                                       max_samples=None,
                                       min_impurity_decrease=0.0,
                                       min_impurity_split=None,
                                       min_samples_leaf=0.023457724724161487,
                                       min_samples_split=0.0075322213975862395,
                                       min_weight_fraction_leaf=0.0,
                                       n_estimators=200, n_jobs=-1,
                                       oob_score=False, random_state=None,
                                       verbose=0, warm_start=False))],
         verbose=False)
5. Pipeline(memory=None,
         steps=[('minmaxscaler', MinMaxScaler(copy=True, feature_range=(0, 1))),
                ('lightgbmregressor',
                 LightGBMRegressor(boosting_type='gbdt', class_weight=None,
                                   colsample_bytree=0.6,
                                   importance_type='split',
                                   learning_rate=0.1894742105263158, max_bin=7,
                                   max_depth=8, min_child_samples=1591,
                                   min_child_weight=0.001,
                                   min_split_gain=0.8421052631578947,
                                   n_estimators=50, n_jobs=-1, num_leaves=63,
                                   objective=None, random_state=None,
                                   reg_alpha=0.15, reg_lambda=1.125,
                                   silent=True, subsample=0.7999999999999999,
                                   subsample_for_bin=200000, subsample_freq=3,
                                   verbose=-1))],
         verbose=False)

['year', 'half', 'quarter', 'month', 'day', 'hour', 'am_pm', 'hour12', 'wday', 'qday', 'week']
  RawFeatureName TypeDetected Dropped  EngineeredFeatureCount  \
0  datetime       DateTime     No      11                       

                                                                                                                                                                                                                           Transformations  
0  [DateTimeTransformer, DateTimeTransformer, DateTimeTransformer, DateTimeTransformer, DateTimeTransformer, DateTimeTransformer, DateTimeTransformer, DateTimeTransformer, DateTimeTransformer, DateTimeTransformer, DateTimeTransformer]  
