Importing plotly failed. Interactive plots will not work.
Initial log joint probability = -82.5422
    Iter      log prob        ||dx||      ||grad||       alpha      alpha0  # evals  Notes 
      99       24166.6     0.0229691         14582           1           1      121   
    Iter      log prob        ||dx||      ||grad||       alpha      alpha0  # evals  Notes 
     199       25499.9    0.00183079       2511.41           1           1      233   
    Iter      log prob        ||dx||      ||grad||       alpha      alpha0  # evals  Notes 
     299       26354.7     0.0171857       2119.26           1           1      343   
    Iter      log prob        ||dx||      ||grad||       alpha      alpha0  # evals  Notes 
     399       26860.3     0.0943498       12648.4           1           1      453   
    Iter      log prob        ||dx||      ||grad||       alpha      alpha0  # evals  Notes 
     499       27129.6     0.0193449       11076.8      0.2918           1      568   
    Iter      log prob        ||dx||      ||grad||       alpha      alpha0  # evals  Notes 
     599       27469.8    0.00333084        3729.6       0.721       0.721      677   
    Iter      log prob        ||dx||      ||grad||       alpha      alpha0  # evals  Notes 
     699       27649.1    0.00847597       1112.61           1           1      789   
    Iter      log prob        ||dx||      ||grad||       alpha      alpha0  # evals  Notes 
     799       27697.1    0.00112657       794.251           1           1      901   
    Iter      log prob        ||dx||      ||grad||       alpha      alpha0  # evals  Notes 
     899       27737.4     0.0487835       9592.32           1           1     1011   
    Iter      log prob        ||dx||      ||grad||       alpha      alpha0  # evals  Notes 
     999       27830.2   0.000967539       1239.54           1           1     1120   
    Iter      log prob        ||dx||      ||grad||       alpha      alpha0  # evals  Notes 
    1099       27846.6    0.00123673       1651.17           1           1     1228   
    Iter      log prob        ||dx||      ||grad||       alpha      alpha0  # evals  Notes 
    1199       27894.4    0.00729683       2380.49           1           1     1335   
    Iter      log prob        ||dx||      ||grad||       alpha      alpha0  # evals  Notes 
    1299       28035.9     0.0106473       3962.68      0.1205      0.1205     1451   
    Iter      log prob        ||dx||      ||grad||       alpha      alpha0  # evals  Notes 
    1399       28066.4    0.00797382          1142           1           1     1566   
    Iter      log prob        ||dx||      ||grad||       alpha      alpha0  # evals  Notes 
    1499       28090.1     0.0645572       3296.12           1           1     1676   
    Iter      log prob        ||dx||      ||grad||       alpha      alpha0  # evals  Notes 
    1599       28107.4     0.0063468       2463.38           1           1     1786   
    Iter      log prob        ||dx||      ||grad||       alpha      alpha0  # evals  Notes 
    1699       28117.8   0.000206045       527.604           1           1     1893   
    Iter      log prob        ||dx||      ||grad||       alpha      alpha0  # evals  Notes 
    1799       28132.1     0.0015605       433.637           1           1     2000   
    Iter      log prob        ||dx||      ||grad||       alpha      alpha0  # evals  Notes 
    1899       28139.8    0.00215708       543.655           1           1     2117   
    Iter      log prob        ||dx||      ||grad||       alpha      alpha0  # evals  Notes 
    1999       28145.5   0.000864014       823.739           1           1     2227   
    Iter      log prob        ||dx||      ||grad||       alpha      alpha0  # evals  Notes 
    2099         28148   0.000271986       443.464           1           1     2339   
    Iter      log prob        ||dx||      ||grad||       alpha      alpha0  # evals  Notes 
    2199         28160   0.000348003       941.527           1           1     2450   
    Iter      log prob        ||dx||      ||grad||       alpha      alpha0  # evals  Notes 
    2299       28162.7   0.000280065       316.264           1           1     2556   
    Iter      log prob        ||dx||      ||grad||       alpha      alpha0  # evals  Notes 
    2399       28164.1   0.000531074       271.365           1           1     2662   
    Iter      log prob        ||dx||      ||grad||       alpha      alpha0  # evals  Notes 
    2499       28168.4    0.00319787        2463.8           1           1     2768   
    Iter      log prob        ||dx||      ||grad||       alpha      alpha0  # evals  Notes 
    2599       28171.5   0.000175275       209.256      0.3906      0.3906     2878   
    Iter      log prob        ||dx||      ||grad||       alpha      alpha0  # evals  Notes 
    2699       28179.9   0.000600866        482.72           1           1     2988   
    Iter      log prob        ||dx||      ||grad||       alpha      alpha0  # evals  Notes 
    2799         28186    0.00100119       1149.41       0.443           1     3095   
    Iter      log prob        ||dx||      ||grad||       alpha      alpha0  # evals  Notes 
    2899       28189.2    0.00237543       1031.72           1           1     3208   
    Iter      log prob        ||dx||      ||grad||       alpha      alpha0  # evals  Notes 
    2999       28194.2     0.0015242       493.997           1           1     3315   
    Iter      log prob        ||dx||      ||grad||       alpha      alpha0  # evals  Notes 
    3099       28196.1   0.000706706       357.822           1           1     3421   
    Iter      log prob        ||dx||      ||grad||       alpha      alpha0  # evals  Notes 
    3199       28198.6   0.000147128       103.943           1           1     3530   
    Iter      log prob        ||dx||      ||grad||       alpha      alpha0  # evals  Notes 
    3299       28201.2   0.000239375       456.426       0.276       0.276     3642   
    Iter      log prob        ||dx||      ||grad||       alpha      alpha0  # evals  Notes 
    3399         28206   6.94974e-05        404.72           1           1     3750   
    Iter      log prob        ||dx||      ||grad||       alpha      alpha0  # evals  Notes 
    3499       28212.8     0.0113557       564.914           1           1     3859   
    Iter      log prob        ||dx||      ||grad||       alpha      alpha0  # evals  Notes 
    3599       28231.5    0.00296608       991.761           1           1     3964   
    Iter      log prob        ||dx||      ||grad||       alpha      alpha0  # evals  Notes 
    3699       28245.5    0.00174166       564.565           1           1     4071   
    Iter      log prob        ||dx||      ||grad||       alpha      alpha0  # evals  Notes 
    3799       28251.4    0.00117965       544.758           1           1     4187   
    Iter      log prob        ||dx||      ||grad||       alpha      alpha0  # evals  Notes 
    3899       28253.4    0.00689238       2942.46           1           1     4296   
    Iter      log prob        ||dx||      ||grad||       alpha      alpha0  # evals  Notes 
    3999       28255.3   0.000742239       1578.79      0.7039      0.7039     4402   
    Iter      log prob        ||dx||      ||grad||       alpha      alpha0  # evals  Notes 
    4099       28256.4   0.000647389       251.507           1           1     4514   
    Iter      log prob        ||dx||      ||grad||       alpha      alpha0  # evals  Notes 
    4199       28257.5   5.29353e-05       125.603       0.791       0.791     4626   
    Iter      log prob        ||dx||      ||grad||       alpha      alpha0  # evals  Notes 
    4299       28258.2    0.00179794       243.581           1           1     4739   
    Iter      log prob        ||dx||      ||grad||       alpha      alpha0  # evals  Notes 
    4399       28258.5   4.31392e-05       40.8787       1.211      0.1211     4862   
    Iter      log prob        ||dx||      ||grad||       alpha      alpha0  # evals  Notes 
    4413       28258.5   1.17491e-05       81.9464   1.041e-07       0.001     4920  LS failed, Hessian reset 
    4422       28258.5   4.94892e-06       47.4917   1.522e-07       0.001     4981  LS failed, Hessian reset 
    4499       28258.7   0.000518688       185.862           1           1     5068   
    Iter      log prob        ||dx||      ||grad||       alpha      alpha0  # evals  Notes 
    4599       28259.2    0.00259616       232.488           1           1     5180   
    Iter      log prob        ||dx||      ||grad||       alpha      alpha0  # evals  Notes 
    4699       28260.7   0.000372022       342.474           1           1     5289   
    Iter      log prob        ||dx||      ||grad||       alpha      alpha0  # evals  Notes 
    4732       28260.8   7.92023e-06       179.641   3.494e-08       0.001     5379  LS failed, Hessian reset 
    4789       28260.9   3.04278e-06       75.5918   3.964e-08       0.001     5498  LS failed, Hessian reset 
    4799       28260.9   2.56027e-06       42.0092           1           1     5512   
Optimization terminated normally: 
  Convergence detected: relative gradient magnitude is below tolerance
