WARNING - Received unrecognized parameter ensemble_download_models_timeout_sec
Running on local machine
Parent Run ID: AutoML_eb4e76d7-2333-4f59-b20c-51a7c9d17ddc

Current status: DatasetFeaturization. Beginning to featurize the dataset.
Current status: DatasetFeaturizationCompleted. Completed featurizing the dataset.
Heuristic parameters: Target_Lag = '[0]', Target_Rolling_Window = '0'.
WARNING - Converting non-string tag to string: (forecasting_target_lags: [0])
WARNING - Converting non-string tag to string: (forecasting_target_rolling_window_size: 0)
WARNING - Converting non-string tag to string: (forecasting_max_horizon: 2223)
Current status: DatasetCrossValidationSplit. Generating individually featurized CV splits.
Current status: DatasetFeaturization. Beginning to featurize the CV split.
Current status: DatasetFeaturizationCompleted. Completed featurizing the CV split.
Current status: DatasetFeaturization. Beginning to featurize the CV split.
Current status: DatasetFeaturizationCompleted. Completed featurizing the CV split.
Current status: DatasetFeaturization. Beginning to featurize the CV split.
Current status: DatasetFeaturizationCompleted. Completed featurizing the CV split.
Current status: DatasetFeaturization. Beginning to featurize the CV split.
Current status: DatasetFeaturizationCompleted. Completed featurizing the CV split.
Current status: DatasetFeaturization. Beginning to featurize the CV split.
Current status: DatasetFeaturizationCompleted. Completed featurizing the CV split.

****************************************************************************************************
DATA GUARDRAILS: 

TYPE:         Frequency detection
STATUS:       PASSED
DESCRIPTION:  The time series was analyzed, all data points are aligned with detected frequency.
              

****************************************************************************************************

TYPE:         Missing feature values imputation
STATUS:       PASSED
DESCRIPTION:  No feature missing values were detected in the training data.
              Learn more about missing value imputation: https://aka.ms/AutomatedMLFeaturization

****************************************************************************************************

TYPE:         Memory Issues Detection
STATUS:       PASSED
DESCRIPTION:  The selected horizon, lag and rolling window values were analyzed, and no potential memory issues were detected.
              Learn more about time-series forecasting configurations: https://aka.ms/AutomatedMLForecastingConfiguration

****************************************************************************************************
Current status: ModelSelection. Beginning model selection.

****************************************************************************************************
ITERATION: The iteration being evaluated.
PIPELINE: A summary description of the pipeline being evaluated.
DURATION: Time taken for the current iteration.
METRIC: The result of computing score on the fitted pipeline.
BEST: The best observed score thus far.
****************************************************************************************************

 ITERATION   PIPELINE                                       DURATION      METRIC      BEST
         0   MaxAbsScaler DecisionTree                      0:00:21       0.1326    0.1326
         1   MinMaxScaler DecisionTree                      0:00:21       0.1331    0.1326
         2   StandardScalerWrapper LassoLars                0:00:22       0.1415    0.1326
         3   RobustScaler ElasticNet                        0:00:26       0.1405    0.1326
         4   StandardScalerWrapper LassoLars                0:00:27       0.1414    0.1326
         5   RobustScaler ElasticNet                        0:00:27       0.1414    0.1326
         6   RobustScaler DecisionTree                      0:00:21       0.1328    0.1326
         7   MinMaxScaler DecisionTree                      0:00:22       0.1393    0.1326
         8   RobustScaler DecisionTree                      0:00:21       0.1321    0.1321
         9   MinMaxScaler DecisionTree                      0:00:22       0.1334    0.1321
        10   StandardScalerWrapper DecisionTree             0:00:23       0.1331    0.1321
        11   StandardScalerWrapper DecisionTree             0:00:23       0.1330    0.1321
        12   RobustScaler DecisionTree                      0:00:21       0.1334    0.1321
        13   RobustScaler ElasticNet                        0:00:21       0.1400    0.1321
        14   StandardScalerWrapper DecisionTree             0:00:22       0.1345    0.1321
        15   MinMaxScaler DecisionTree                      0:00:21       0.1339    0.1321
        16   MinMaxScaler DecisionTree                      0:00:26       0.1331    0.1321
        17   RobustScaler DecisionTree                      0:00:22       0.1337    0.1321
        18   RobustScaler DecisionTree                      0:00:22       0.1329    0.1321
        19   StandardScalerWrapper DecisionTree             0:00:21       0.1338    0.1321
        20   StandardScalerWrapper DecisionTree             0:00:22       0.1354    0.1321
        21   StandardScalerWrapper ExtremeRandomTrees       0:00:23       0.1311    0.1311
        22   MinMaxScaler LightGBM                          0:00:22       0.1311    0.1311
        23   MinMaxScaler DecisionTree                      0:00:22       0.1351    0.1311
        24   MinMaxScaler DecisionTree                      0:00:21       0.1329    0.1311
        25   MinMaxScaler LightGBM                          0:00:22       0.1318    0.1311
        26   StandardScalerWrapper RandomForest             0:00:24       0.1314    0.1311
        27   StandardScalerWrapper ExtremeRandomTrees       0:00:24       0.1307    0.1307
        28   RobustScaler ExtremeRandomTrees                0:00:24       0.1316    0.1307
        29   MinMaxScaler ExtremeRandomTrees                0:00:26       0.1309    0.1307
        30   RobustScaler ExtremeRandomTrees                0:00:23       0.1312    0.1307
        31   StandardScalerWrapper RandomForest             0:00:29       0.1311    0.1307
        32   StandardScalerWrapper ExtremeRandomTrees       0:00:23       0.1309    0.1307
        33   RobustScaler RandomForest                      0:00:24       0.1320    0.1307
        34   StandardScalerWrapper ExtremeRandomTrees       0:00:25       0.1309    0.1307
        35   MinMaxScaler ExtremeRandomTrees                0:00:25       0.1307    0.1307
        36   RobustScaler RandomForest                      0:00:28       0.1313    0.1307
        37   RobustScaler RandomForest                      0:00:26       0.1318    0.1307
        38   StandardScalerWrapper ExtremeRandomTrees       0:00:24       0.1311    0.1307
        39   MinMaxScaler RandomForest                      0:00:24       0.1315    0.1307
        40   MinMaxScaler ExtremeRandomTrees                0:00:26       0.1312    0.1307
        41   RobustScaler ExtremeRandomTrees                0:00:24       0.1316    0.1307
        42   RobustScaler ExtremeRandomTrees                0:00:24       0.1314    0.1307
        43   RobustScaler ExtremeRandomTrees                0:00:28       0.1312    0.1307
        44   StandardScalerWrapper ExtremeRandomTrees       0:00:30       0.1309    0.1307
        45   RobustScaler ExtremeRandomTrees                0:00:34       0.1306    0.1306
        46   RobustScaler ExtremeRandomTrees                0:00:23       0.1312    0.1306
        47   MinMaxScaler ExtremeRandomTrees                0:00:33       0.1312    0.1306
        48   RobustScaler RandomForest                      0:00:24       0.1310    0.1306
        49   RobustScaler ExtremeRandomTrees                0:00:40       0.1309    0.1306
        50   RobustScaler ExtremeRandomTrees                0:00:33       0.1310    0.1306
        51   RobustScaler RandomForest                      0:00:23       0.1312    0.1306
        52   RobustScaler ExtremeRandomTrees                0:00:25       0.1308    0.1306
        53   WARNING - Retrying (Retry(total=2, connect=None, read=None, redirect=None, status=None)) after connection broken by 'ProtocolError('Connection aborted.', ConnectionResetError(104, 'Connection reset by peer'))': /azureml/ExperimentRun/dcid.AutoML_eb4e76d7-2333-4f59-b20c-51a7c9d17ddc_53/outputs/pipeline_graph.json?sv=2019-02-02&sr=b&sig=wbWtYZH1WaHqXVJRYml0jyrlxsXvKGWGPsB67Tw4MtU%3D&st=2020-10-03T01%3A54%3A33Z&se=2020-10-04T02%3A04%3A33Z&sp=rcw&comp=block&blockid=TURBd01EQXdNREF3TURBd01EQXdNREF3TURBd01EQXdNREF3TURBd01EQSUzRA%3D%3D&timeout=30
WARNING - Retrying (Retry(total=2, connect=None, read=None, redirect=None, status=None)) after connection broken by 'ProtocolError('Connection aborted.', ConnectionResetError(104, 'Connection reset by peer'))': /azureml/ExperimentRun/dcid.AutoML_eb4e76d7-2333-4f59-b20c-51a7c9d17ddc_53/outputs/env_dependencies.json?sv=2019-02-02&sr=b&sig=%2Bol4l2SSkORTN1qpgO9Xvak%2FRKxia4%2FosEClDEJlA14%3D&st=2020-10-03T01%3A54%3A33Z&se=2020-10-04T02%3A04%3A33Z&sp=rcw&comp=block&blockid=TURBd01EQXdNREF3TURBd01EQXdNREF3TURBd01EQXdNREF3TURBd01EQSUzRA%3D%3D&timeout=30
StandardScalerWrapper ExtremeRandomTrees       0:03:09       0.1305    0.1305
        54   StandardScalerWrapper ExtremeRandomTrees       0:00:27       0.1314    0.1305
        55   MinMaxScaler ExtremeRandomTrees                0:00:26       0.1309    0.1305
        56   MinMaxScaler ExtremeRandomTrees                0:00:25       0.1316    0.1305
        57   MinMaxScaler RandomForest                      0:00:24       0.1311    0.1305
        58   RobustScaler RandomForest                      0:00:25       0.1311    0.1305
        59   StandardScalerWrapper ExtremeRandomTrees       0:00:24       0.1314    0.1305
        60   StandardScalerWrapper ExtremeRandomTrees       0:00:24       0.1311    0.1305
        61   MinMaxScaler ExtremeRandomTrees                0:00:25       0.1311    0.1305
        62   MinMaxScaler ExtremeRandomTrees                0:00:26       0.1310    0.1305
        63   StandardScalerWrapper ExtremeRandomTrees       0:00:28       0.1315    0.1305
        64   RobustScaler ExtremeRandomTrees                0:00:25       0.1315    0.1305
        65   RobustScaler ExtremeRandomTrees                0:00:25       0.1313    0.1305
        66   MinMaxScaler DecisionTree                      0:00:22       0.1324    0.1305
        67   MinMaxScaler ExtremeRandomTrees                0:00:26       0.1311    0.1305
        68   StandardScalerWrapper RandomForest             0:00:24       0.1308    0.1305
        69   MinMaxScaler ExtremeRandomTrees                0:00:26       0.1306    0.1305
        70   RobustScaler ExtremeRandomTrees                0:00:25       0.1317    0.1305
        71   MinMaxScaler ExtremeRandomTrees                0:00:25       0.1310    0.1305
        72   RobustScaler ExtremeRandomTrees                0:00:24       0.1311    0.1305
        73   RobustScaler ExtremeRandomTrees                0:00:26       0.1314    0.1305
        74   WARNING - Retrying (Retry(total=2, connect=None, read=None, redirect=None, status=None)) after connection broken by 'ProtocolError('Connection aborted.', ConnectionResetError(104, 'Connection reset by peer'))': /azureml/ExperimentRun/dcid.AutoML_eb4e76d7-2333-4f59-b20c-51a7c9d17ddc_74/outputs/pipeline_graph.json?sv=2019-02-02&sr=b&sig=sRIGP2Yz4o6f1yE1jXc5742BE14Z9u65vzOh0egnTbQ%3D&st=2020-10-03T02%3A06%3A11Z&se=2020-10-04T02%3A16%3A11Z&sp=rcw&comp=block&blockid=TURBd01EQXdNREF3TURBd01EQXdNREF3TURBd01EQXdNREF3TURBd01EQSUzRA%3D%3D&timeout=30
MinMaxScaler ExtremeRandomTrees                0:03:07       0.1310    0.1305
        75   RobustScaler ExtremeRandomTrees                0:00:31       0.1310    0.1305
        76   StandardScalerWrapper ExtremeRandomTrees       0:00:25       0.1312    0.1305
        77   StandardScalerWrapper ExtremeRandomTrees       0:00:29       0.1306    0.1305
        78   StandardScalerWrapper ExtremeRandomTrees       0:00:29       0.1315    0.1305
        79   StandardScalerWrapper ExtremeRandomTrees       0:00:24       0.1315    0.1305
        80   StandardScalerWrapper ExtremeRandomTrees       0:00:30       0.1332    0.1305
        81   StandardScalerWrapper RandomForest             0:00:25       0.1309    0.1305
        82   RobustScaler ExtremeRandomTrees                0:00:28       0.1313    0.1305
        83   RobustScaler RandomForest                      0:00:25       0.1311    0.1305
        84   MinMaxScaler RandomForest                      0:00:30       0.1308    0.1305
        85   StandardScalerWrapper ExtremeRandomTrees       0:00:23       0.1313    0.1305
        86   StandardScalerWrapper RandomForest             0:00:24       0.1311    0.1305
        87   StandardScalerWrapper GradientBoosting         0:00:25       0.1309    0.1305
        88   StandardScalerWrapper ExtremeRandomTrees       0:00:27       0.1308    0.1305
        89   RobustScaler ExtremeRandomTrees                0:00:31       0.1313    0.1305
        90   MinMaxScaler ExtremeRandomTrees                0:00:32       0.1307    0.1305
        91   RobustScaler ExtremeRandomTrees                0:00:28       0.1315    0.1305
        92   StandardScalerWrapper ExtremeRandomTrees       0:00:30       0.1306    0.1305
        93   WARNING - Retrying (Retry(total=2, connect=None, read=None, redirect=None, status=None)) after connection broken by 'ProtocolError('Connection aborted.', ConnectionResetError(104, 'Connection reset by peer'))': /azureml/ExperimentRun/dcid.AutoML_eb4e76d7-2333-4f59-b20c-51a7c9d17ddc_93/outputs/env_dependencies.json?sv=2019-02-02&sr=b&sig=FVCFnswyzCSpUnw48UCYaH32yVqWjLzTdYAL8WF5rN8%3D&st=2020-10-03T02%3A17%3A45Z&se=2020-10-04T02%3A27%3A45Z&sp=rcw&comp=block&blockid=TURBd01EQXdNREF3TURBd01EQXdNREF3TURBd01EQXdNREF3TURBd01EQSUzRA%3D%3D&timeout=30
RobustScaler RandomForest                      0:02:59       0.1310    0.1305
        94   RobustScaler RandomForest                      0:00:24       0.1312    0.1305
        95   MinMaxScaler ExtremeRandomTrees                0:00:24       0.1316    0.1305
        96   RobustScaler ExtremeRandomTrees                0:00:36       0.1311    0.1305
        97   MinMaxScaler RandomForest                      0:00:29       0.1310    0.1305
        98   StandardScalerWrapper RandomForest             0:00:25       0.1315    0.1305
        99   MinMaxScaler ExtremeRandomTrees                0:00:31       0.1308    0.1305
       100   StandardScalerWrapper ExtremeRandomTrees       0:00:29       0.1309    0.1305
       101   StandardScalerWrapper ExtremeRandomTrees       0:00:26       0.1313    0.1305
       102   StandardScalerWrapper ExtremeRandomTrees       0:00:28       0.1310    0.1305
       103   RobustScaler ExtremeRandomTrees                0:00:28       0.1313    0.1305
       104   StandardScalerWrapper RandomForest             0:00:42       0.1310    0.1305
       105   StandardScalerWrapper ExtremeRandomTrees       0:00:32       0.1314    0.1305
       106   RobustScaler GradientBoosting                  0:00:29       0.1309    0.1305
       107   RobustScaler ExtremeRandomTrees                0:00:31       0.1312    0.1305
       108   WARNING - Retrying (Retry(total=2, connect=None, read=None, redirect=None, status=None)) after connection broken by 'ProtocolError('Connection aborted.', ConnectionResetError(104, 'Connection reset by peer'))': /azureml/ExperimentRun/dcid.AutoML_eb4e76d7-2333-4f59-b20c-51a7c9d17ddc_108/outputs/model.pkl?sv=2019-02-02&sr=b&sig=UA%2FGRjqjJ5iMiZGbPKtLkbCI5Lg4By2Qak599GKpIdI%3D&st=2020-10-03T02%3A27%3A53Z&se=2020-10-04T02%3A37%3A53Z&sp=rcw&comp=block&blockid=TURBd01EQXdNREF3TURBd01EQXdNREF3TURBd01EQXdNRFF4T1RRek1EUSUzRA%3D%3D&timeout=30
WARNING - Retrying (Retry(total=2, connect=None, read=None, redirect=None, status=None)) after connection broken by 'ProtocolError('Connection aborted.', ConnectionResetError(104, 'Connection reset by peer'))': /azureml/ExperimentRun/dcid.AutoML_eb4e76d7-2333-4f59-b20c-51a7c9d17ddc_108/outputs/pipeline_graph.json?sv=2019-02-02&sr=b&sig=Ai%2BixKX2krV1yL1x1mZ2OshyGyCTeOdeQyr4gS4jq74%3D&st=2020-10-03T02%3A27%3A53Z&se=2020-10-04T02%3A37%3A53Z&sp=rcw&comp=block&blockid=TURBd01EQXdNREF3TURBd01EQXdNREF3TURBd01EQXdNREF3TURBd01EQSUzRA%3D%3D&timeout=30
StandardScalerWrapper ExtremeRandomTrees       0:03:15       0.1310    0.1305
       109   MinMaxScaler ExtremeRandomTrees                0:00:24       0.1308    0.1305
       110   MinMaxScaler ExtremeRandomTrees                0:00:24       0.1314    0.1305
       111   RobustScaler ExtremeRandomTrees                0:00:24       0.1312    0.1305
       112   RobustScaler RandomForest                      0:00:26       0.1310    0.1305
       113   StandardScalerWrapper RandomForest             0:00:28       0.1312    0.1305
       114   StandardScalerWrapper ExtremeRandomTrees       0:00:27       0.1311    0.1305
       115   StandardScalerWrapper ExtremeRandomTrees       0:00:45       0.1312    0.1305
       116   MinMaxScaler ExtremeRandomTrees                0:00:29       0.1312    0.1305
       117   RobustScaler ExtremeRandomTrees                0:00:32       0.1308    0.1305
       118   StandardScalerWrapper ExtremeRandomTrees       0:00:26       0.1312    0.1305
       119   StandardScalerWrapper RandomForest             0:00:30       0.1316    0.1305
       120   StandardScalerWrapper ExtremeRandomTrees       0:00:26       0.1313    0.1305
       121   StandardScalerWrapper ExtremeRandomTrees       0:00:28       0.1314    0.1305
       122   RobustScaler ExtremeRandomTrees                0:00:38       0.1306    0.1305
       123   StandardScalerWrapper ExtremeRandomTrees       0:00:30       0.1312    0.1305
       124   RobustScaler LightGBM                          0:00:23       0.1313    0.1305
       125   MinMaxScaler ExtremeRandomTrees                0:00:25       0.1307    0.1305
       126   RobustScaler RandomForest                      0:00:25       0.1310    0.1305
       127   StandardScalerWrapper RandomForest             0:00:30       0.1307    0.1305
       128   MinMaxScaler LightGBM                          0:00:25       0.1310    0.1305
       129   MinMaxScaler RandomForest                      0:00:31       0.1309    0.1305
       130   MinMaxScaler ExtremeRandomTrees                0:00:28       0.1314    0.1305
       131   StandardScalerWrapper ExtremeRandomTrees       0:00:25       0.1313    0.1305
       132   StandardScalerWrapper ExtremeRandomTrees       0:00:28       0.1308    0.1305
       133   MinMaxScaler ExtremeRandomTrees                0:00:25       0.1308    0.1305
       134   RobustScaler ExtremeRandomTrees                0:00:25       0.1310    0.1305
       135   WARNING - Retrying (Retry(total=2, connect=None, read=None, redirect=None, status=None)) after connection broken by 'ProtocolError('Connection aborted.', ConnectionResetError(104, 'Connection reset by peer'))': /azureml/ExperimentRun/dcid.AutoML_eb4e76d7-2333-4f59-b20c-51a7c9d17ddc_135/outputs/model.pkl?sv=2019-02-02&sr=b&sig=qnTChO5hf2Y7pE%2FJqTB23VjbtnPQT4js9Uw%2F7kUo79w%3D&st=2020-10-03T02%3A43%3A18Z&se=2020-10-04T02%3A53%3A18Z&sp=rcw&comp=block&blockid=TURBd01EQXdNREF3TURBd01EQXdNREF3TURBd01EQXdNREF3TURBd01EQSUzRA%3D%3D&timeout=30
WARNING - Retrying (Retry(total=2, connect=None, read=None, redirect=None, status=None)) after connection broken by 'ProtocolError('Connection aborted.', ConnectionResetError(104, 'Connection reset by peer'))': /azureml/ExperimentRun/dcid.AutoML_eb4e76d7-2333-4f59-b20c-51a7c9d17ddc_135/outputs/scoring_file_v_1_0_0.py?sv=2019-02-02&sr=b&sig=yHXylvBSlrRi16uKU7vUlkyF6iNg65E4Eu%2BrNMcnaUs%3D&st=2020-10-03T02%3A43%3A18Z&se=2020-10-04T02%3A53%3A18Z&sp=rcw&comp=block&blockid=TURBd01EQXdNREF3TURBd01EQXdNREF3TURBd01EQXdNREF3TURBd01EQSUzRA%3D%3D&timeout=30
StandardScalerWrapper ExtremeRandomTrees       0:03:09       0.1308    0.1305
       136   StandardScalerWrapper ExtremeRandomTrees       0:00:31       0.1309    0.1305
       137   StandardScalerWrapper ExtremeRandomTrees       0:00:31       0.1312    0.1305
       138   MinMaxScaler ExtremeRandomTrees                0:00:24       0.1311    0.1305
       139   StandardScalerWrapper ExtremeRandomTrees       0:00:29       0.1307    0.1305
       140   StandardScalerWrapper ExtremeRandomTrees       0:00:26       0.1313    0.1305
       141   WARNING - Retrying (Retry(total=2, connect=None, read=None, redirect=None, status=None)) after connection broken by 'ProtocolError('Connection aborted.', ConnectionResetError(104, 'Connection reset by peer'))': /azureml/ExperimentRun/dcid.AutoML_eb4e76d7-2333-4f59-b20c-51a7c9d17ddc_141/outputs/scoring_file_v_1_0_0.py?sv=2019-02-02&sr=b&sig=mpqj7NxbyRAIQptyYQGSvI2LtM8QnFQfr7Mg3zB8lC0%3D&st=2020-10-03T02%3A48%3A55Z&se=2020-10-04T02%3A58%3A55Z&sp=rcw&comp=block&blockid=TURBd01EQXdNREF3TURBd01EQXdNREF3TURBd01EQXdNREF3TURBd01EQSUzRA%3D%3D&timeout=30
StandardScalerWrapper ExtremeRandomTrees       0:03:10       0.1312    0.1305
       142   StandardScalerWrapper ExtremeRandomTrees       0:00:26       0.1313    0.1305
       143   MinMaxScaler ExtremeRandomTrees                0:00:30       0.1305    0.1305
       144   StandardScalerWrapper ExtremeRandomTrees       0:00:29       0.1316    0.1305
       145   RobustScaler ExtremeRandomTrees                0:00:25       0.1313    0.1305
       146   StandardScalerWrapper ExtremeRandomTrees       0:00:34       0.1313    0.1305
       147   StandardScalerWrapper ExtremeRandomTrees       0:00:26       0.1306    0.1305
       148   WARNING - Retrying (Retry(total=2, connect=None, read=None, redirect=None, status=None)) after connection broken by 'ProtocolError('Connection aborted.', ConnectionResetError(104, 'Connection reset by peer'))': /azureml/ExperimentRun/dcid.AutoML_eb4e76d7-2333-4f59-b20c-51a7c9d17ddc_148/outputs/pipeline_graph.json?sv=2019-02-02&sr=b&sig=ZAkj3gxpHM0cgSOVrTAx3bf4y3pCorESukMzM4HNjg0%3D&st=2020-10-03T02%3A54%3A58Z&se=2020-10-04T03%3A04%3A58Z&sp=rcw&comp=block&blockid=TURBd01EQXdNREF3TURBd01EQXdNREF3TURBd01EQXdNREF3TURBd01EQSUzRA%3D%3D&timeout=30
MinMaxScaler RandomForest                      0:03:14       0.1309    0.1305
       149   StandardScalerWrapper ExtremeRandomTrees       0:00:28       0.1312    0.1305
       150   StandardScalerWrapper ExtremeRandomTrees       0:00:26       0.1311    0.1305
       151   MinMaxScaler ExtremeRandomTrees                0:00:27       0.1312    0.1305
       152   RobustScaler ExtremeRandomTrees                0:00:26       0.1313    0.1305
       153   MinMaxScaler ExtremeRandomTrees                0:00:24       0.1311    0.1305
       154   MinMaxScaler ExtremeRandomTrees                0:00:29       0.1308    0.1305
       155   RobustScaler ExtremeRandomTrees                0:00:26       0.1306    0.1305
       156   MinMaxScaler ExtremeRandomTrees                0:00:29       0.1309    0.1305
       157   WARNING - Retrying (Retry(total=2, connect=None, read=None, redirect=None, status=None)) after connection broken by 'ProtocolError('Connection aborted.', ConnectionResetError(104, 'Connection reset by peer'))': /azureml/ExperimentRun/dcid.AutoML_eb4e76d7-2333-4f59-b20c-51a7c9d17ddc_157/outputs/conda_env_v_1_0_0.yml?sv=2019-02-02&sr=b&sig=d4C0HZB2zTQ61YW08qqTq5La8wj6G2a2qOyaVsTxv4g%3D&st=2020-10-03T03%3A01%3A47Z&se=2020-10-04T03%3A11%3A47Z&sp=rcw&comp=block&blockid=TURBd01EQXdNREF3TURBd01EQXdNREF3TURBd01EQXdNREF3TURBd01EQSUzRA%3D%3D&timeout=30
MinMaxScaler RandomForest                      0:03:01       0.1315    0.1305
       158   MinMaxScaler RandomForest                      0:00:26       0.1313    0.1305
       159   RobustScaler RandomForest                      0:00:30       0.1311    0.1305
       160   MinMaxScaler ExtremeRandomTrees                0:00:24       0.1316    0.1305
       161   RobustScaler ExtremeRandomTrees                0:00:24       0.1311    0.1305
       162   RobustScaler RandomForest                      0:00:25       0.1313    0.1305
       163   StandardScalerWrapper ExtremeRandomTrees       0:00:24       0.1316    0.1305
       164   StandardScalerWrapper RandomForest             0:00:24       0.1310    0.1305
       165   WARNING - Retrying (Retry(total=2, connect=None, read=None, redirect=None, status=None)) after connection broken by 'ProtocolError('Connection aborted.', ConnectionResetError(104, 'Connection reset by peer'))': /azureml/ExperimentRun/dcid.AutoML_eb4e76d7-2333-4f59-b20c-51a7c9d17ddc_165/outputs/conda_env_v_1_0_0.yml?sv=2019-02-02&sr=b&sig=eBH4rI1oUoLj1fFF%2BDrxhYcGV%2B0PEBYbrUz4xKEzs%2F8%3D&st=2020-10-03T03%3A07%3A51Z&se=2020-10-04T03%3A17%3A51Z&sp=rcw&comp=block&blockid=TURBd01EQXdNREF3TURBd01EQXdNREF3TURBd01EQXdNREF3TURBd01EQSUzRA%3D%3D&timeout=30
RobustScaler ExtremeRandomTrees                0:03:04       0.1308    0.1305
       166   MinMaxScaler RandomForest                      0:00:24       0.1315    0.1305
       167   MinMaxScaler RandomForest                      0:00:24       0.1312    0.1305
       168   StandardScalerWrapper DecisionTree             0:00:22       0.1328    0.1305
       169   RobustScaler ExtremeRandomTrees                0:00:27       0.1317    0.1305
       170   StandardScalerWrapper ExtremeRandomTrees       0:00:25       0.1309    0.1305
       171   RobustScaler ExtremeRandomTrees                0:00:26       0.1305    0.1305
       172   RobustScaler ExtremeRandomTrees                0:00:25       0.1312    0.1305
       173   MinMaxScaler RandomForest                      0:00:31       0.1307    0.1305
       174   StandardScalerWrapper RandomForest             0:00:28       0.1310    0.1305
       175   StandardScalerWrapper ExtremeRandomTrees       0:00:27       0.1307    0.1305
       176   MinMaxScaler ExtremeRandomTrees                0:00:25       0.1312    0.1305
       177   StandardScalerWrapper RandomForest             0:00:24       0.1312    0.1305
       178   StandardScalerWrapper RandomForest             0:00:24       0.1312    0.1305
       179   StandardScalerWrapper ExtremeRandomTrees       0:00:24       0.1310    0.1305
       180   MinMaxScaler ExtremeRandomTrees                0:00:26       0.1319    0.1305
       181   MinMaxScaler ExtremeRandomTrees                0:00:31       0.1311    0.1305
       182   StandardScalerWrapper ExtremeRandomTrees       0:00:26       0.1313    0.1305
       183   StandardScalerWrapper ExtremeRandomTrees       0:00:24       0.1314    0.1305
       184   RobustScaler ExtremeRandomTrees                0:00:30       0.1306    0.1305
       185   RobustScaler ExtremeRandomTrees                0:00:25       0.1306    0.1305
       186   StandardScalerWrapper ExtremeRandomTrees       0:00:28       0.1310    0.1305
       187   MinMaxScaler ExtremeRandomTrees                0:00:23       0.1315    0.1305
       188   StandardScalerWrapper ExtremeRandomTrees       0:00:34       0.1308    0.1305
       189   MinMaxScaler RandomForest                      0:00:24       0.1318    0.1305
       190   MinMaxScaler ExtremeRandomTrees                0:00:25       0.1317    0.1305
       191   StandardScalerWrapper RandomForest             0:00:26       0.1310    0.1305
       192   StandardScalerWrapper RandomForest             0:00:25       0.1313    0.1305
       193   StandardScalerWrapper RandomForest             0:00:28       0.1311    0.1305
       194   StandardScalerWrapper ExtremeRandomTrees       0:00:24       0.1315    0.1305
       195   RobustScaler ExtremeRandomTrees                0:00:29       0.1311    0.1305
       196   RobustScaler RandomForest                      0:00:30       0.1313    0.1305
       197   StandardScalerWrapper RandomForest             0:00:25       0.1314    0.1305
       198   MinMaxScaler ExtremeRandomTrees                0:00:25       0.1312    0.1305
       199   StandardScalerWrapper RandomForest             0:00:25       0.1309    0.1305
       200   RobustScaler ExtremeRandomTrees                0:00:23       0.1316    0.1305
       201   RobustScaler ExtremeRandomTrees                0:00:24       0.1307    0.1305
       202   MinMaxScaler ExtremeRandomTrees                0:00:24       0.1314    0.1305
       203   MinMaxScaler ExtremeRandomTrees                0:00:24       0.1313    0.1305
       204   RobustScaler ExtremeRandomTrees                0:00:31       0.1349    0.1305
       205   StandardScalerWrapper ExtremeRandomTrees       0:00:27       0.1333    0.1305
       206   RobustScaler ExtremeRandomTrees                0:00:26       0.1310    0.1305
       207   MinMaxScaler ExtremeRandomTrees                0:00:23       0.1311    0.1305
       208   RobustScaler ExtremeRandomTrees                0:00:19       0.1312    0.1305
       209   RobustScaler ExtremeRandomTrees                0:00:29       0.1309    0.1305
       210   StandardScalerWrapper ExtremeRandomTrees       0:00:24       0.1313    0.1305
       211   StandardScalerWrapper ExtremeRandomTrees       0:00:23       0.1315    0.1305
       212   MinMaxScaler ExtremeRandomTrees                0:00:23       0.1310    0.1305
       213   StandardScalerWrapper ExtremeRandomTrees       0:00:24       0.1313    0.1305
       214   StandardScalerWrapper RandomForest             0:00:24       0.1312    0.1305
       215   WARNING - Received unrecognized parameter ensemble_download_models_timeout_sec
WARNING - Received unrecognized parameter ensemble_download_models_timeout_sec
WARNING - Connection pool is full, discarding connection: automlws9124637538.blob.core.windows.net
WARNING - Connection pool is full, discarding connection: automlws9124637538.blob.core.windows.net
WARNING - Connection pool is full, discarding connection: automlws9124637538.blob.core.windows.net
WARNING - Connection pool is full, discarding connection: automlws9124637538.blob.core.windows.net
WARNING - Connection pool is full, discarding connection: automlws9124637538.blob.core.windows.net
WARNING - Connection pool is full, discarding connection: automlws9124637538.blob.core.windows.net
WARNING - Connection pool is full, discarding connection: automlws9124637538.blob.core.windows.net
WARNING - Connection pool is full, discarding connection: automlws9124637538.blob.core.windows.net
WARNING - Connection pool is full, discarding connection: automlws9124637538.blob.core.windows.net
VotingEnsemble                                 0:02:27       0.1304    0.1304
Stopping criteria reached at iteration 216. Ending experiment.
WARNING - Received unrecognized parameter ensemble_download_models_timeout_sec
WARNING - Received unrecognized parameter ensemble_download_models_timeout_sec
WARNING - Received unrecognized parameter ensemble_download_models_timeout_sec
****************************************************************************************************
Current status: BestRunExplainModel. Best run model explanations started
Current status: ModelExplanationDataSetSetup. Model explanations data setup completed
Current status: PickSurrogateModel. Choosing LightGBM as the surrogate model for explanations
Current status: EngineeredFeatureExplanations. Computation of engineered features started
Current status: EngineeredFeatureExplanations. Computation of engineered features completed
Current status: BestRunExplainModel. Best run model explanations completed
****************************************************************************************************
WARNING - Received unrecognized parameter ensemble_download_models_timeout_sec
WARNING - Received unrecognized parameter ensemble_download_models_timeout_sec
WARNING - Received unrecognized parameter ensemble_download_models_timeout_sec
Best pipeline:
<class 'sklearn.ensemble._voting.VotingRegressor'>
0. Pipeline(memory=None,
         steps=[('standardscalerwrapper',
                 <azureml.automl.runtime.shared.model_wrappers.StandardScalerWrapper object at 0x7f9b616b6090>),
                ('extratreesregressor',
                 ExtraTreesRegressor(bootstrap=True, ccp_alpha=0.0,
                                     criterion='mse', max_depth=None,
                                     max_features=0.2, max_leaf_nodes=None,
                                     max_samples=None,
                                     min_impurity_decrease=0.0,
                                     min_impurity_split=None,
                                     min_samples_leaf=0.005080937188890647,
                                     min_samples_split=0.005285388593079247,
                                     min_weight_fraction_leaf=0.0,
                                     n_estimators=400, n_jobs=-1,
                                     oob_score=False, random_state=None,
                                     verbose=0, warm_start=False))],
         verbose=False)
1. Pipeline(memory=None,
         steps=[('robustscaler',
                 RobustScaler(copy=True, quantile_range=[25, 75],
                              with_centering=True, with_scaling=False)),
                ('extratreesregressor',
                 ExtraTreesRegressor(bootstrap=True, ccp_alpha=0.0,
                                     criterion='mse', max_depth=None,
                                     max_features=0.2, max_leaf_nodes=None,
                                     max_samples=None,
                                     min_impurity_decrease=0.0,
                                     min_impurity_split=None,
                                     min_samples_leaf=0.0028629618034842247,
                                     min_samples_split=0.00310675990983383,
                                     min_weight_fraction_leaf=0.0,
                                     n_estimators=100, n_jobs=-1,
                                     oob_score=False, random_state=None,
                                     verbose=0, warm_start=False))],
         verbose=False)
2. Pipeline(memory=None,
         steps=[('minmaxscaler', MinMaxScaler(copy=True, feature_range=(0, 1))),
                ('extratreesregressor',
                 ExtraTreesRegressor(bootstrap=True, ccp_alpha=0.0,
                                     criterion='mse', max_depth=None,
                                     max_features=0.2, max_leaf_nodes=None,
                                     max_samples=None,
                                     min_impurity_decrease=0.0,
                                     min_impurity_split=None,
                                     min_samples_leaf=0.0028629618034842247,
                                     min_samples_split=0.0010734188827013528,
                                     min_weight_fraction_leaf=0.0,
                                     n_estimators=400, n_jobs=-1,
                                     oob_score=False, random_state=None,
                                     verbose=0, warm_start=False))],
         verbose=False)
3. Pipeline(memory=None,
         steps=[('minmaxscaler', MinMaxScaler(copy=True, feature_range=(0, 1))),
                ('extratreesregressor',
                 ExtraTreesRegressor(bootstrap=False, ccp_alpha=0.0,
                                     criterion='mse', max_depth=None,
                                     max_features='sqrt', max_leaf_nodes=None,
                                     max_samples=None,
                                     min_impurity_decrease=0.0,
                                     min_impurity_split=None,
                                     min_samples_leaf=0.01091729022778783,
                                     min_samples_split=0.0037087774117744725,
                                     min_weight_fraction_leaf=0.0,
                                     n_estimators=100, n_jobs=-1,
                                     oob_score=False, random_state=None,
                                     verbose=0, warm_start=False))],
         verbose=False)
4. Pipeline(memory=None,
         steps=[('robustscaler',
                 RobustScaler(copy=True, quantile_range=[25, 75],
                              with_centering=True, with_scaling=False)),
                ('extratreesregressor',
                 ExtraTreesRegressor(bootstrap=False, ccp_alpha=0.0,
                                     criterion='mse', max_depth=None,
                                     max_features=0.2, max_leaf_nodes=None,
                                     max_samples=None,
                                     min_impurity_decrease=0.0,
                                     min_impurity_split=None,
                                     min_samples_leaf=0.0028629618034842247,
                                     min_samples_split=0.001529732116091358,
                                     min_weight_fraction_leaf=0.0,
                                     n_estimators=600, n_jobs=-1,
                                     oob_score=False, random_state=None,
                                     verbose=0, warm_start=False))],
         verbose=False)
5. Pipeline(memory=None,
         steps=[('robustscaler',
                 RobustScaler(copy=True, quantile_range=[25, 75],
                              with_centering=True, with_scaling=False)),
                ('gradientboostingregressor',
                 GradientBoostingRegressor(alpha=0.9, ccp_alpha=0.0,
                                           criterion='friedman_mse', init=None,
                                           learning_rate=0.021544346900318822,
                                           loss='ls', max_depth=3,
                                           max_features=0.9,
                                           max_leaf_nodes=None,
                                           min_impurity_decrease=0.0,
                                           min_impurity_split=None,
                                           min_samples_leaf=0.009017208223328022,
                                           min_samples_split=0.15297321160913582,
                                           min_weight_fraction_leaf=0.0,
                                           n_estimators=100,
                                           n_iter_no_change=None,
                                           presort='deprecated',
                                           random_state=None, subsample=0.35,
                                           tol=0.0001, validation_fraction=0.1,
                                           verbose=0, warm_start=False))],
         verbose=False)

['year', 'half', 'quarter', 'month', 'day', 'hour', 'am_pm', 'hour12', 'wday', 'qday', 'week']
  RawFeatureName TypeDetected Dropped  EngineeredFeatureCount  \
0  datetime       DateTime     No      11                       

                                                                                                                                                                                                                           Transformations  
0  [DateTimeTransformer, DateTimeTransformer, DateTimeTransformer, DateTimeTransformer, DateTimeTransformer, DateTimeTransformer, DateTimeTransformer, DateTimeTransformer, DateTimeTransformer, DateTimeTransformer, DateTimeTransformer]  
