WARNING - Received unrecognized parameter ensemble_download_models_timeout_sec
Running on local machine
Parent Run ID: AutoML_6448c66a-d9d5-40c2-973e-98a6369b5b15

Current status: DatasetFeaturization. Beginning to featurize the dataset.
Current status: DatasetFeaturizationCompleted. Completed featurizing the dataset.
Heuristic parameters: Target_Lag = '[0]', Target_Rolling_Window = '0'.
WARNING - Converting non-string tag to string: (forecasting_target_lags: [0])
WARNING - Converting non-string tag to string: (forecasting_target_rolling_window_size: 0)
WARNING - Converting non-string tag to string: (forecasting_max_horizon: 2223)
Current status: DatasetCrossValidationSplit. Generating individually featurized CV splits.
Current status: DatasetFeaturization. Beginning to featurize the CV split.
Current status: DatasetFeaturizationCompleted. Completed featurizing the CV split.
Current status: DatasetFeaturization. Beginning to featurize the CV split.
Current status: DatasetFeaturizationCompleted. Completed featurizing the CV split.
Current status: DatasetFeaturization. Beginning to featurize the CV split.
Current status: DatasetFeaturizationCompleted. Completed featurizing the CV split.
Current status: DatasetFeaturization. Beginning to featurize the CV split.
Current status: DatasetFeaturizationCompleted. Completed featurizing the CV split.
Current status: DatasetFeaturization. Beginning to featurize the CV split.
Current status: DatasetFeaturizationCompleted. Completed featurizing the CV split.

****************************************************************************************************
DATA GUARDRAILS: 

TYPE:         Frequency detection
STATUS:       PASSED
DESCRIPTION:  The time series was analyzed, all data points are aligned with detected frequency.
              

****************************************************************************************************

TYPE:         Missing feature values imputation
STATUS:       PASSED
DESCRIPTION:  No feature missing values were detected in the training data.
              Learn more about missing value imputation: https://aka.ms/AutomatedMLFeaturization

****************************************************************************************************

TYPE:         Memory Issues Detection
STATUS:       PASSED
DESCRIPTION:  The selected horizon, lag and rolling window values were analyzed, and no potential memory issues were detected.
              Learn more about time-series forecasting configurations: https://aka.ms/AutomatedMLForecastingConfiguration

****************************************************************************************************
Current status: ModelSelection. Beginning model selection.

****************************************************************************************************
ITERATION: The iteration being evaluated.
PIPELINE: A summary description of the pipeline being evaluated.
DURATION: Time taken for the current iteration.
METRIC: The result of computing score on the fitted pipeline.
BEST: The best observed score thus far.
****************************************************************************************************

 ITERATION   PIPELINE                                       DURATION      METRIC      BEST
         0   RobustScaler LassoLars                         0:00:17       0.1948    0.1948
         1   RobustScaler DecisionTree                      0:00:19       0.1939    0.1939
         2   StandardScalerWrapper DecisionTree             0:00:18       0.1906    0.1906
         3   RobustScaler DecisionTree                      0:00:19       0.1920    0.1906
         4   StandardScalerWrapper ElasticNet               0:00:16       0.1941    0.1906
         5   MinMaxScaler DecisionTree                      0:00:16       0.1907    0.1906
         6   MinMaxScaler ElasticNet                        0:00:17       0.1946    0.1906
         7   StandardScalerWrapper DecisionTree             0:00:21       0.1905    0.1905
         8   StandardScalerWrapper DecisionTree             0:00:21       0.1922    0.1905
         9   RobustScaler DecisionTree                      0:00:20       0.1922    0.1905
        10   RobustScaler ElasticNet                        0:00:16       0.1949    0.1905
        11   RobustScaler DecisionTree                      0:00:26       0.1910    0.1905
        12   RobustScaler DecisionTree                      0:00:23       0.1917    0.1905
        13   StandardScalerWrapper DecisionTree             0:00:21       0.1916    0.1905
        14   MinMaxScaler DecisionTree                      0:00:19       0.1911    0.1905
        15   WARNING - Retrying (Retry(total=2, connect=None, read=None, redirect=None, status=None)) after connection broken by 'ProtocolError('Connection aborted.', ConnectionResetError(104, 'Connection reset by peer'))': /azureml/ExperimentRun/dcid.AutoML_6448c66a-d9d5-40c2-973e-98a6369b5b15_15/outputs/scoring_file_v_1_0_0.py?sv=2019-02-02&sr=b&sig=s6KA6N2j8zn%2FS1kp0rFJolGlmAMav86sVTDV6UqTPhc%3D&st=2021-01-15T19%3A55%3A54Z&se=2021-01-16T20%3A05%3A54Z&sp=rcw&comp=block&blockid=TURBd01EQXdNREF3TURBd01EQXdNREF3TURBd01EQXdNREF3TURBd01EQSUzRA%3D%3D&timeout=30
MinMaxScaler DecisionTree                      0:00:16       0.1947    0.1905
        16   RobustScaler DecisionTree                      0:00:18       0.1905    0.1905
        17   StandardScalerWrapper DecisionTree             0:00:30       0.1906    0.1905
        18   MinMaxScaler DecisionTree                      0:00:28       0.1912    0.1905
        19   StandardScalerWrapper LassoLars                0:00:18       0.1949    0.1905
        20   StandardScalerWrapper DecisionTree             0:00:17       0.1920    0.1905
        21   WARNING - Retrying (Retry(total=2, connect=None, read=None, redirect=None, status=None)) after connection broken by 'ProtocolError('Connection aborted.', ConnectionResetError(104, 'Connection reset by peer'))': /azureml/ExperimentRun/dcid.AutoML_6448c66a-d9d5-40c2-973e-98a6369b5b15_21/outputs/scoring_file_v_1_0_0.py?sv=2019-02-02&sr=b&sig=PGUGN9JlF2uOD%2Bk%2BtMBk28xqtHmQi4xdRE%2FbMhN4mRw%3D&st=2021-01-15T19%3A58%3A19Z&se=2021-01-16T20%3A08%3A19Z&sp=rcw&comp=block&blockid=TURBd01EQXdNREF3TURBd01EQXdNREF3TURBd01EQXdNREF3TURBd01EQSUzRA%3D%3D&timeout=30
WARNING - Retrying (Retry(total=2, connect=None, read=None, redirect=None, status=None)) after connection broken by 'ProtocolError('Connection aborted.', ConnectionResetError(104, 'Connection reset by peer'))': /azureml/ExperimentRun/dcid.AutoML_6448c66a-d9d5-40c2-973e-98a6369b5b15_21/outputs/model.pkl?sv=2019-02-02&sr=b&sig=ijOWBrAQXkcjhMZeZQxblflL3%2FuinRF2shEYQkwWXvQ%3D&st=2021-01-15T19%3A58%3A19Z&se=2021-01-16T20%3A08%3A19Z&sp=rcw&comp=block&blockid=TURBd01EQXdNREF3TURBd01EQXdNREF3TURBd01EQXdNREF3TURBd01EQSUzRA%3D%3D&timeout=30
StandardScalerWrapper RandomForest             0:00:27       0.1901    0.1901
        22   StandardScalerWrapper GradientBoosting         0:00:18       0.1892    0.1892
        23   WARNING - Retrying (Retry(total=2, connect=2, read=3, redirect=None, status=None)) after connection broken by 'NewConnectionError('<urllib3.connection.HTTPSConnection object at 0x7f4b25384650>: Failed to establish a new connection: [Errno 111] Connection refused')': /metric/v2.0/subscriptions/140247fd-63ff-4369-8eab-15ff11693adb/resourceGroups/automl_time_series/providers/Microsoft.MachineLearningServices/workspaces/automl_time_series_ws/runs/AutoML_6448c66a-d9d5-40c2-973e-98a6369b5b15_23/batch
StandardScalerWrapper RandomForest             0:00:24       0.1897    0.1892
        24   StandardScalerWrapper GradientBoosting         0:00:32       0.1901    0.1892
        25   MaxAbsScaler GradientBoosting                  0:00:31       0.1978    0.1892
        26   StandardScalerWrapper ExtremeRandomTrees       0:00:30       0.1962    0.1892
        27   RobustScaler RandomForest                      0:00:27       0.1893    0.1892
        28   StandardScalerWrapper RandomForest             0:00:33       0.1982    0.1892
        29   RobustScaler RandomForest                      0:00:24       0.1890    0.1890
        30   StandardScalerWrapper RandomForest             0:00:28       0.1900    0.1890
        31   WARNING - Retrying (Retry(total=2, connect=None, read=None, redirect=None, status=None)) after connection broken by 'ProtocolError('Connection aborted.', ConnectionResetError(104, 'Connection reset by peer'))': /azureml/ExperimentRun/dcid.AutoML_6448c66a-d9d5-40c2-973e-98a6369b5b15_31/outputs/conda_env_v_1_0_0.yml?sv=2019-02-02&sr=b&sig=7R60coBmielWWnaH%2BUY28jnekKEcy5bOYybeo1947h8%3D&st=2021-01-15T20%3A03%3A03Z&se=2021-01-16T20%3A13%3A03Z&sp=rcw&comp=block&blockid=TURBd01EQXdNREF3TURBd01EQXdNREF3TURBd01EQXdNREF3TURBd01EQSUzRA%3D%3D&timeout=30
RobustScaler RandomForest                      0:00:20       0.1891    0.1890
        32   RobustScaler GradientBoosting                  0:00:25       0.1895    0.1890
        33   StandardScalerWrapper RandomForest             0:00:23       0.1892    0.1890
        34   MinMaxScaler RandomForest                      0:00:21       0.1891    0.1890
        35   RobustScaler RandomForest                      0:00:22       0.1940    0.1890
        36   StandardScalerWrapper RandomForest             0:00:48       0.1983    0.1890
        37   StandardScalerWrapper GradientBoosting         0:00:25       0.1881    0.1881
        38   MaxAbsScaler RandomForest                      0:00:27       0.1896    0.1881
        39   MinMaxScaler DecisionTree                      0:00:17       0.1908    0.1881
        40   StandardScalerWrapper GradientBoosting         0:00:35       0.1973    0.1881
        41   MinMaxScaler GradientBoosting                  0:00:31       0.1978    0.1881
        42   MaxAbsScaler RandomForest                      0:00:19       0.1888    0.1881
        43   StandardScalerWrapper RandomForest             0:00:25       0.1896    0.1881
        44   StandardScalerWrapper RandomForest             0:00:25       0.1896    0.1881
        45   StandardScalerWrapper GradientBoosting         0:00:30       0.1918    0.1881
        46   WARNING - Retrying (Retry(total=2, connect=2, read=3, redirect=None, status=None)) after connection broken by 'NewConnectionError('<urllib3.connection.HTTPSConnection object at 0x7f4a55a0ba90>: Failed to establish a new connection: [Errno 111] Connection refused')': /history/v1.0/subscriptions/140247fd-63ff-4369-8eab-15ff11693adb/resourceGroups/automl_time_series/providers/Microsoft.MachineLearningServices/workspaces/automl_time_series_ws/experimentids/4af4e9b5-1028-4323-a4cd-55a1a708ef60/runs/AutoML_6448c66a-d9d5-40c2-973e-98a6369b5b15_46
MinMaxScaler GradientBoosting                  0:00:33       0.1905    0.1881
        47   WARNING - Retrying (Retry(total=2, connect=None, read=None, redirect=None, status=None)) after connection broken by 'ProtocolError('Connection aborted.', ConnectionResetError(104, 'Connection reset by peer'))': /azureml/ExperimentRun/dcid.AutoML_6448c66a-d9d5-40c2-973e-98a6369b5b15_47/outputs/scoring_file_v_1_0_0.py?sv=2019-02-02&sr=b&sig=uWdkcL9QGrxdFRjxYy7o%2BnDO8oZGTly2eu%2FV%2BFXRL%2FQ%3D&st=2021-01-15T20%3A10%3A22Z&se=2021-01-16T20%3A20%3A22Z&sp=rcw&comp=block&blockid=TURBd01EQXdNREF3TURBd01EQXdNREF3TURBd01EQXdNREF3TURBd01EQSUzRA%3D%3D&timeout=30
WARNING - Retrying (Retry(total=2, connect=None, read=None, redirect=None, status=None)) after connection broken by 'ProtocolError('Connection aborted.', ConnectionResetError(104, 'Connection reset by peer'))': /azureml/ExperimentRun/dcid.AutoML_6448c66a-d9d5-40c2-973e-98a6369b5b15_47/outputs/model.pkl?sv=2019-02-02&sr=b&sig=n%2BUuVsopLj%2FQ6919cEY7xZiAKQ8pI40rB2Z5AQ6DoUE%3D&st=2021-01-15T20%3A10%3A22Z&se=2021-01-16T20%3A20%3A22Z&sp=rcw&comp=block&blockid=TURBd01EQXdNREF3TURBd01EQXdNREF3TURBd01EQXdNREF3TURBd01EQSUzRA%3D%3D&timeout=30
RobustScaler RandomForest                      0:00:26       0.1910    0.1881
        48   MinMaxScaler RandomForest                      0:00:20       0.1913    0.1881
        49   MinMaxScaler RandomForest                      0:00:27       0.1900    0.1881
        50   TruncatedSVDWrapper GradientBoosting           0:00:24       0.1943    0.1881
        51   StandardScalerWrapper ExtremeRandomTrees       0:00:22       0.1899    0.1881
        52   MaxAbsScaler RandomForest                      0:00:19       0.1905    0.1881
        53   RobustScaler ExtremeRandomTrees                0:00:24       0.1894    0.1881
        54   RobustScaler ExtremeRandomTrees                0:00:35       0.1972    0.1881
        55   TruncatedSVDWrapper GradientBoosting           0:06:17       0.1911    0.1881
        56   RobustScaler GradientBoosting                  0:00:19       0.1884    0.1881
        57   MinMaxScaler ExtremeRandomTrees                0:00:22       0.1971    0.1881
        58   RobustScaler LassoLars                         0:00:18       0.1949    0.1881
        59   MinMaxScaler GradientBoosting                  0:00:33       0.1890    0.1881
        60   PCA GradientBoosting                           0:00:25       0.1984    0.1881
        61   StandardScalerWrapper RandomForest             0:00:22       0.1979    0.1881
        62   StandardScalerWrapper RandomForest             0:00:24       0.1894    0.1881
        63   WARNING - Retrying (Retry(total=2, connect=None, read=None, redirect=None, status=None)) after connection broken by 'ProtocolError('Connection aborted.', ConnectionResetError(104, 'Connection reset by peer'))': /azureml/ExperimentRun/dcid.AutoML_6448c66a-d9d5-40c2-973e-98a6369b5b15_63/outputs/env_dependencies.json?sv=2019-02-02&sr=b&sig=YSE%2FF9fVD9tMG9TuFmEQ0M7U4oZpDSXae63h%2ByVczJM%3D&st=2021-01-15T20%3A23%3A13Z&se=2021-01-16T20%3A33%3A13Z&sp=rcw&comp=block&blockid=TURBd01EQXdNREF3TURBd01EQXdNREF3TURBd01EQXdNREF3TURBd01EQSUzRA%3D%3D&timeout=30
MaxAbsScaler RandomForest                      0:00:43       0.1977    0.1881
        64   MinMaxScaler RandomForest                      0:00:37       0.1985    0.1881
        65   TruncatedSVDWrapper GradientBoosting           0:00:21       0.1978    0.1881
        66   MinMaxScaler GradientBoosting                  0:00:31       0.1976    0.1881
        67   StandardScalerWrapper ExtremeRandomTrees       0:00:24       0.1967    0.1881
        68   RobustScaler RandomForest                      0:00:30       0.1978    0.1881
        69   StandardScalerWrapper GradientBoosting         0:00:20       0.1940    0.1881
        70   StandardScalerWrapper GradientBoosting         0:06:25       0.1945    0.1881
        71   StandardScalerWrapper ExtremeRandomTrees       0:00:23       0.1891    0.1881
        72   StandardScalerWrapper RandomForest             0:00:28       0.1974    0.1881
        73   RobustScaler ElasticNet                        0:00:33       0.1949    0.1881
        74   StandardScalerWrapper GradientBoosting         0:00:27       0.1974    0.1881
        75   PCA GradientBoosting                           0:00:34       0.1988    0.1881
        76   StandardScalerWrapper RandomForest             0:00:35       0.1974    0.1881
        77   RobustScaler RandomForest                      0:00:28       0.1906    0.1881
        78   MinMaxScaler RandomForest                      0:00:23       0.1902    0.1881
        79   MinMaxScaler DecisionTree                      0:00:20       0.1910    0.1881
        80   StandardScalerWrapper GradientBoosting         0:01:11       0.1979    0.1881
        81   StandardScalerWrapper RandomForest             0:00:29       0.1980    0.1881
        82   MaxAbsScaler RandomForest                      0:00:33       0.1912    0.1881
        83   WARNING - Retrying (Retry(total=2, connect=None, read=None, redirect=None, status=None)) after connection broken by 'ProtocolError('Connection aborted.', ConnectionResetError(104, 'Connection reset by peer'))': /azureml/ExperimentRun/dcid.AutoML_6448c66a-d9d5-40c2-973e-98a6369b5b15_83/outputs/pipeline_graph.json?sv=2019-02-02&sr=b&sig=ab5MMSFkFrTOW2sWrhRPQhLJIY7BNU011VAU4VXMhDg%3D&st=2021-01-15T20%3A39%3A28Z&se=2021-01-16T20%3A49%3A28Z&sp=rcw&comp=block&blockid=TURBd01EQXdNREF3TURBd01EQXdNREF3TURBd01EQXdNREF3TURBd01EQSUzRA%3D%3D&timeout=30
MaxAbsScaler RandomForest                      0:00:31       0.1896    0.1881
        84   RobustScaler RandomForest                      0:00:26       0.1980    0.1881
        85   MinMaxScaler GradientBoosting                  0:00:50       0.1947    0.1881
        86   StandardScalerWrapper RandomForest             0:00:20       0.1895    0.1881
        87   RobustScaler GradientBoosting                  0:00:21       0.1915    0.1881
        88   MinMaxScaler GradientBoosting                  0:00:45       0.1970    0.1881
        89   MaxAbsScaler RandomForest                      0:00:29       0.1902    0.1881
        90   MinMaxScaler GradientBoosting                  0:00:30       0.1933    0.1881
        91   StandardScalerWrapper GradientBoosting         0:00:37       0.1961    0.1881
        92   WARNING - Retrying (Retry(total=2, connect=None, read=None, redirect=None, status=None)) after connection broken by 'ProtocolError('Connection aborted.', ConnectionResetError(104, 'Connection reset by peer'))': /azureml/ExperimentRun/dcid.AutoML_6448c66a-d9d5-40c2-973e-98a6369b5b15_92/outputs/scoring_file_v_1_0_0.py?sv=2019-02-02&sr=b&sig=9RFmbM7aImWIxFYNpw%2FDQM1eQctVisKYb4MmqwMwilY%3D&st=2021-01-15T20%3A44%3A25Z&se=2021-01-16T20%3A54%3A25Z&sp=rcw&comp=block&blockid=TURBd01EQXdNREF3TURBd01EQXdNREF3TURBd01EQXdNREF3TURBd01EQSUzRA%3D%3D&timeout=30
StandardScalerWrapper ExtremeRandomTrees       0:00:26       0.1901    0.1881
        93   MaxAbsScaler GradientBoosting                  0:00:32       0.1943    0.1881
        94   RobustScaler RandomForest                      0:00:24       0.1907    0.1881
        95   MinMaxScaler GradientBoosting                  0:00:21       0.1954    0.1881
        96   MaxAbsScaler RandomForest                      0:00:19       0.1890    0.1881
        97   StandardScalerWrapper GradientBoosting         0:00:19       0.1951    0.1881
        98   StandardScalerWrapper RandomForest             0:00:24       0.1892    0.1881
        99   MaxAbsScaler GradientBoosting                  0:00:20       0.1900    0.1881
       100   TruncatedSVDWrapper GradientBoosting           0:00:19       0.1941    0.1881
       101   StandardScalerWrapper RandomForest             0:00:23       0.1921    0.1881
       102   MaxAbsScaler RandomForest                      0:00:21       0.1976    0.1881
       103   MaxAbsScaler GradientBoosting                  0:00:37       0.1968    0.1881
       104   RobustScaler RandomForest                      0:00:25       0.1904    0.1881
       105   SparseNormalizer GradientBoosting              0:00:34       0.1957    0.1881
       106   RobustScaler RandomForest                      0:00:19       0.1896    0.1881
       107   MinMaxScaler RandomForest                      0:00:19       0.1892    0.1881
       108   StandardScalerWrapper ElasticNet               0:00:26       0.1948    0.1881
       109   StandardScalerWrapper GradientBoosting         0:00:28       0.1978    0.1881
       110   StandardScalerWrapper GradientBoosting         0:00:27       0.1978    0.1881
       111   StandardScalerWrapper GradientBoosting         0:00:40       0.1972    0.1881
       112   RobustScaler LassoLars                         0:00:23       0.1948    0.1881
       113   RobustScaler DecisionTree                      0:00:16       0.1908    0.1881
       114   MinMaxScaler RandomForest                      0:00:21       0.1902    0.1881
       115   MaxAbsScaler GradientBoosting                  0:00:27       0.1887    0.1881
       116   StandardScalerWrapper RandomForest             0:00:21       0.1906    0.1881
       117   MinMaxScaler RandomForest                      0:00:19       0.1899    0.1881
       118   StandardScalerWrapper GradientBoosting         0:00:23       0.1959    0.1881
       119   MaxAbsScaler RandomForest                      0:00:26       0.1900    0.1881
       120   SparseNormalizer GradientBoosting              0:00:24       0.1939    0.1881
       121   StandardScalerWrapper RandomForest             0:00:20       0.1902    0.1881
       122   MinMaxScaler RandomForest                      0:00:25       0.1972    0.1881
       123   StandardScalerWrapper RandomForest             0:00:33       0.1970    0.1881
       124   MaxAbsScaler GradientBoosting                  0:00:28       0.1905    0.1881
       125   MaxAbsScaler GradientBoosting                  0:00:41       0.1972    0.1881
       126   MinMaxScaler RandomForest                      0:00:27       0.1897    0.1881
       127   StandardScalerWrapper RandomForest             0:00:27       0.1907    0.1881
       128   StandardScalerWrapper RandomForest             0:00:24       0.1906    0.1881
       129   MaxAbsScaler RandomForest                      0:00:30       0.1985    0.1881
       130   PCA GradientBoosting                           0:00:29       0.1984    0.1881
       131   StandardScalerWrapper RandomForest             0:00:29       0.1900    0.1881
       132   WARNING - Retrying (Retry(total=2, connect=None, read=None, redirect=None, status=None)) after connection broken by 'ProtocolError('Connection aborted.', ConnectionResetError(104, 'Connection reset by peer'))': /azureml/ExperimentRun/dcid.AutoML_6448c66a-d9d5-40c2-973e-98a6369b5b15_132/outputs/model.pkl?sv=2019-02-02&sr=b&sig=C4UkbDJWI5GhBVEahNMqBw76PlutFoK0XOjXzDT1k3E%3D&st=2021-01-15T21%3A02%3A00Z&se=2021-01-16T21%3A12%3A00Z&sp=rcw&comp=block&blockid=TURBd01EQXdNREF3TURBd01EQXdNREF3TURBd01EQXdNREF3TURBd01EQSUzRA%3D%3D&timeout=30
RobustScaler GradientBoosting                  0:00:40       0.1897    0.1881
       133   RobustScaler GradientBoosting                  0:00:19       0.1959    0.1881
       134   RobustScaler GradientBoosting                  0:00:21       0.1969    0.1881
       135   MaxAbsScaler GradientBoosting                  0:00:50       0.1965    0.1881
       136   RobustScaler RandomForest                      0:00:24       0.1890    0.1881
       137   MaxAbsScaler RandomForest                      0:00:18       0.1897    0.1881
       138   StandardScalerWrapper ExtremeRandomTrees       0:00:20       0.1896    0.1881
       139   StandardScalerWrapper GradientBoosting         0:00:50       0.1916    0.1881
       140   MaxAbsScaler GradientBoosting                  0:00:19       0.1953    0.1881
       141   StandardScalerWrapper ExtremeRandomTrees       0:01:27       0.1970    0.1881
       142   RobustScaler GradientBoosting                  0:00:32       0.1895    0.1881
       143   WARNING - Retrying (Retry(total=2, connect=None, read=None, redirect=None, status=None)) after connection broken by 'ProtocolError('Connection aborted.', ConnectionResetError(104, 'Connection reset by peer'))': /azureml/ExperimentRun/dcid.AutoML_6448c66a-d9d5-40c2-973e-98a6369b5b15_143/outputs/pipeline_graph.json?sv=2019-02-02&sr=b&sig=%2Fm%2F2OM6m4sa33NTgJowZwwzufQjxU%2BIwRUvKvYPzK30%3D&st=2021-01-15T21%3A08%3A40Z&se=2021-01-16T21%3A18%3A40Z&sp=rcw&comp=block&blockid=TURBd01EQXdNREF3TURBd01EQXdNREF3TURBd01EQXdNREF3TURBd01EQSUzRA%3D%3D&timeout=30
StandardScalerWrapper GradientBoosting         0:00:47       0.1908    0.1881
       144   MaxAbsScaler RandomForest                      0:00:18       0.1894    0.1881
       145   RobustScaler GradientBoosting                  0:00:18       0.1936    0.1881
       146   RobustScaler GradientBoosting                  0:00:19       0.1890    0.1881
       147   RobustScaler GradientBoosting                  0:00:29       0.1898    0.1881
       148   RobustScaler RandomForest                      0:00:33       0.1904    0.1881
       149   StandardScalerWrapper RandomForest             0:00:22       0.1887    0.1881
       150   SparseNormalizer GradientBoosting              0:14:37       0.1939    0.1881
       151   MaxAbsScaler RandomForest                      0:00:25       0.1893    0.1881
       152   StandardScalerWrapper RandomForest             0:00:32       0.1978    0.1881
       153   MinMaxScaler GradientBoosting                  0:00:39       0.1903    0.1881
       154   StandardScalerWrapper GradientBoosting         0:00:22       0.1963    0.1881
       155   TruncatedSVDWrapper GradientBoosting           0:00:21       0.1938    0.1881
       156   MaxAbsScaler RandomForest                      0:00:29       0.1901    0.1881
       157   StandardScalerWrapper RandomForest             0:00:41       0.1962    0.1881
       158   StandardScalerWrapper GradientBoosting         0:00:20       0.1897    0.1881
       159   MinMaxScaler RandomForest                      0:00:25       0.1900    0.1881
       160   SparseNormalizer GradientBoosting              0:00:20       0.1951    0.1881
       161   StandardScalerWrapper ExtremeRandomTrees       0:00:22       0.1893    0.1881
       162   WARNING - Retrying (Retry(total=2, connect=None, read=None, redirect=None, status=None)) after connection broken by 'ProtocolError('Connection aborted.', ConnectionResetError(104, 'Connection reset by peer'))': /azureml/ExperimentRun/dcid.AutoML_6448c66a-d9d5-40c2-973e-98a6369b5b15_162/outputs/pipeline_graph.json?sv=2019-02-02&sr=b&sig=N6mfz3dvxH3643xWwxdaT7gi3xj%2FrwYPOWZxeZU4KQU%3D&st=2021-01-15T21%3A31%3A47Z&se=2021-01-16T21%3A41%3A47Z&sp=rcw&comp=block&blockid=TURBd01EQXdNREF3TURBd01EQXdNREF3TURBd01EQXdNREF3TURBd01EQSUzRA%3D%3D&timeout=30
MinMaxScaler GradientBoosting                  0:01:01       0.1976    0.1881
       163   RobustScaler GradientBoosting                  0:00:32       0.1954    0.1881
       164   StandardScalerWrapper LassoLars                0:00:17       0.1949    0.1881
       165   SparseNormalizer GradientBoosting              0:00:32       0.1943    0.1881
       166   WARNING - Retrying (Retry(total=2, connect=None, read=None, redirect=None, status=None)) after connection broken by 'ProtocolError('Connection aborted.', ConnectionResetError(104, 'Connection reset by peer'))': /azureml/ExperimentRun/dcid.AutoML_6448c66a-d9d5-40c2-973e-98a6369b5b15_166/outputs/env_dependencies.json?sv=2019-02-02&sr=b&sig=D1lP2SvCQuWRO8jvscIfjs%2Fo0fiNRnvx2C3i3LlmOwI%3D&st=2021-01-15T21%3A33%3A44Z&se=2021-01-16T21%3A43%3A44Z&sp=rcw&comp=block&blockid=TURBd01EQXdNREF3TURBd01EQXdNREF3TURBd01EQXdNREF3TURBd01EQSUzRA%3D%3D&timeout=30
MaxAbsScaler RandomForest                      0:00:27       0.1890    0.1881
       167   MaxAbsScaler RandomForest                      0:00:34       0.1914    0.1881
       168   StandardScalerWrapper RandomForest             0:00:39       0.1972    0.1881
       169   RobustScaler RandomForest                      0:00:33       0.1887    0.1881
       170   RobustScaler GradientBoosting                  0:00:45       0.1939    0.1881
       171   MaxAbsScaler GradientBoosting                  0:01:18       0.1986    0.1881
       172   MinMaxScaler GradientBoosting                  0:00:31       0.1896    0.1881
       173   MinMaxScaler RandomForest                      0:00:24       0.1906    0.1881
       174   MaxAbsScaler GradientBoosting                  0:00:22       0.1899    0.1881
       175   RobustScaler GradientBoosting                  0:01:21       0.1978    0.1881
       176   StandardScalerWrapper ExtremeRandomTrees       0:00:34       0.1977    0.1881
       177   MaxAbsScaler RandomForest                      0:00:27       0.1895    0.1881
       178   RobustScaler ExtremeRandomTrees                0:00:22       0.1902    0.1881
       179   StandardScalerWrapper RandomForest             0:00:37       0.1982    0.1881
       180   TruncatedSVDWrapper GradientBoosting           0:00:29       0.1965    0.1881
       181   StandardScalerWrapper ElasticNet               0:00:18       0.1949    0.1881
       182   MaxAbsScaler RandomForest                      0:00:24       0.1908    0.1881
       183   MinMaxScaler RandomForest                      0:00:23       0.1911    0.1881
       184   RobustScaler RandomForest                      0:00:25       0.1977    0.1881
       185   WARNING - Retrying (Retry(total=2, connect=None, read=None, redirect=None, status=None)) after connection broken by 'ProtocolError('Connection aborted.', ConnectionResetError(104, 'Connection reset by peer'))': /azureml/ExperimentRun/dcid.AutoML_6448c66a-d9d5-40c2-973e-98a6369b5b15_185/outputs/model.pkl?sv=2019-02-02&sr=b&sig=X4dXodxe0qIKirvt4jZH3tDt6PRWJoXWKQ%2B%2FrqvsPyA%3D&st=2021-01-15T21%3A44%3A47Z&se=2021-01-16T21%3A54%3A47Z&sp=rcw&comp=block&blockid=TURBd01EQXdNREF3TURBd01EQXdNREF3TURBd01EQXdNREF3TURBd01EQSUzRA%3D%3D&timeout=30
WARNING - Retrying (Retry(total=2, connect=None, read=None, redirect=None, status=None)) after connection broken by 'ProtocolError('Connection aborted.', ConnectionResetError(104, 'Connection reset by peer'))': /azureml/ExperimentRun/dcid.AutoML_6448c66a-d9d5-40c2-973e-98a6369b5b15_185/outputs/scoring_file_v_1_0_0.py?sv=2019-02-02&sr=b&sig=JDVbL6QwJjaudGKQ3M%2FitvkbafrHgP3%2FDaaGwqrFPcw%3D&st=2021-01-15T21%3A44%3A47Z&se=2021-01-16T21%3A54%3A47Z&sp=rcw&comp=block&blockid=TURBd01EQXdNREF3TURBd01EQXdNREF3TURBd01EQXdNREF3TURBd01EQSUzRA%3D%3D&timeout=30
SparseNormalizer GradientBoosting              0:00:26       0.1891    0.1881
       186   MinMaxScaler RandomForest                      0:00:43       0.1978    0.1881
       187   MaxAbsScaler ExtremeRandomTrees                0:00:35       0.1900    0.1881
       188   StandardScalerWrapper RandomForest             0:00:22       0.1892    0.1881
       189   StandardScalerWrapper GradientBoosting         0:00:35       0.1980    0.1881
       190   StandardScalerWrapper GradientBoosting         0:00:34       0.1972    0.1881
       191   RobustScaler RandomForest                      0:00:25       0.1897    0.1881
       192   StandardScalerWrapper RandomForest             0:00:24       0.1896    0.1881
       193   MaxAbsScaler GradientBoosting                  0:00:20       0.1951    0.1881
       194   MaxAbsScaler ExtremeRandomTrees                0:00:39       0.1888    0.1881
       195   RobustScaler GradientBoosting                  0:01:41       0.1917    0.1881
       196   StandardScalerWrapper ElasticNet               0:00:18       0.1948    0.1881
       197   StandardScalerWrapper RandomForest             0:00:26       0.1900    0.1881
       198   StandardScalerWrapper RandomForest             0:00:27       0.1893    0.1881
       199   StandardScalerWrapper ElasticNet               0:00:23       0.1949    0.1881
       200   StandardScalerWrapper GradientBoosting         0:00:55       0.1928    0.1881
       201   MinMaxScaler GradientBoosting                  0:00:23       0.1887    0.1881
       202   StandardScalerWrapper RandomForest             0:00:21       0.1890    0.1881
       203   StandardScalerWrapper RandomForest             0:00:20       0.1902    0.1881
       204   RobustScaler ExtremeRandomTrees                0:00:27       0.1891    0.1881
       205   RobustScaler GradientBoosting                  0:00:27       0.1937    0.1881
       206   RobustScaler RandomForest                      0:00:20       0.1890    0.1881
       207   StandardScalerWrapper GradientBoosting         0:00:19       0.1898    0.1881
       208   StandardScalerWrapper RandomForest             0:00:28       0.1924    0.1881
       209   MinMaxScaler ExtremeRandomTrees                0:00:31       0.1891    0.1881
       210   PCA GradientBoosting                           0:00:49       0.1956    0.1881
       211   MinMaxScaler GradientBoosting                  0:00:50       0.1955    0.1881
       212   MaxAbsScaler RandomForest                      0:00:25       0.1898    0.1881
       213   RobustScaler GradientBoosting                  0:00:28       0.1898    0.1881
       214   MinMaxScaler ExtremeRandomTrees                0:00:31       0.1891    0.1881
       215   TruncatedSVDWrapper GradientBoosting           0:00:28       0.1885    0.1881
       216   MaxAbsScaler GradientBoosting                  0:00:18       0.1887    0.1881
       217   RobustScaler RandomForest                      0:00:29       0.1894    0.1881
       218   StandardScalerWrapper RandomForest             0:00:28       0.1890    0.1881
       219   StandardScalerWrapper GradientBoosting         0:00:22       0.1957    0.1881
       220   WARNING - Retrying (Retry(total=2, connect=None, read=None, redirect=None, status=None)) after connection broken by 'ProtocolError('Connection aborted.', ConnectionResetError(104, 'Connection reset by peer'))': /azureml/ExperimentRun/dcid.AutoML_6448c66a-d9d5-40c2-973e-98a6369b5b15_220/outputs/conda_env_v_1_0_0.yml?sv=2019-02-02&sr=b&sig=8Ow2eATIfE4Ny0u1I73iis%2Fo4%2FV3UnkLqIKB0OkhpdM%3D&st=2021-01-15T22%3A04%3A49Z&se=2021-01-16T22%3A14%3A49Z&sp=rcw&comp=block&blockid=TURBd01EQXdNREF3TURBd01EQXdNREF3TURBd01EQXdNREF3TURBd01EQSUzRA%3D%3D&timeout=30
WARNING - Retrying (Retry(total=2, connect=None, read=None, redirect=None, status=None)) after connection broken by 'ProtocolError('Connection aborted.', ConnectionResetError(104, 'Connection reset by peer'))': /azureml/ExperimentRun/dcid.AutoML_6448c66a-d9d5-40c2-973e-98a6369b5b15_220/outputs/env_dependencies.json?sv=2019-02-02&sr=b&sig=feybOKPH2dxWN%2FL27NjZhojIZ5Fs%2BFzdFshXreB%2BsiQ%3D&st=2021-01-15T22%3A04%3A49Z&se=2021-01-16T22%3A14%3A49Z&sp=rcw&comp=block&blockid=TURBd01EQXdNREF3TURBd01EQXdNREF3TURBd01EQXdNREF3TURBd01EQSUzRA%3D%3D&timeout=30
SparseNormalizer GradientBoosting              0:02:10       0.1941    0.1881
       221   MaxAbsScaler RandomForest                      0:00:27       0.1900    0.1881
       222   StandardScalerWrapper GradientBoosting         0:00:24       0.1894    0.1881
       223   MinMaxScaler RandomForest                      0:00:21       0.1886    0.1881
       224   MaxAbsScaler RandomForest                      0:00:22       0.1975    0.1881
       225   SparseNormalizer GradientBoosting              0:00:45       0.1953    0.1881
       226   MaxAbsScaler RandomForest                      0:00:23       0.1906    0.1881
       227   StandardScalerWrapper RandomForest             0:00:35       0.1919    0.1881
       228   RobustScaler RandomForest                      0:00:34       0.1885    0.1881
       229   RobustScaler GradientBoosting                  0:00:35       0.1978    0.1881
       230   MaxAbsScaler GradientBoosting                  0:00:18       0.1922    0.1881
       231   StandardScalerWrapper RandomForest             0:00:21       0.1974    0.1881
       232   RobustScaler ExtremeRandomTrees                0:00:53       0.1972    0.1881
       233   MaxAbsScaler RandomForest                      0:00:21       0.1892    0.1881
       234   StandardScalerWrapper GradientBoosting         0:00:37       0.1972    0.1881
       235   StandardScalerWrapper GradientBoosting         0:00:30       0.1975    0.1881
       236   MaxAbsScaler DecisionTree                      0:00:17       0.1948    0.1881
       237   RobustScaler RandomForest                      0:00:20       0.1907    0.1881
       238   StandardScalerWrapper DecisionTree             0:00:18       0.1913    0.1881
       239   StandardScalerWrapper DecisionTree             0:00:17       0.1909    0.1881
       240   SparseNormalizer GradientBoosting              0:09:15       0.1964    0.1881
       241   RobustScaler ElasticNet                        0:00:20       0.1948    0.1881
       242   MinMaxScaler RandomForest                      0:00:21       0.1918    0.1881
       243   MinMaxScaler DecisionTree                      0:00:19       0.1908    0.1881
       244   MaxAbsScaler RandomForest                      0:00:52       0.1978    0.1881
       245   RobustScaler GradientBoosting                  0:00:27       0.1953    0.1881
       246   StandardScalerWrapper DecisionTree             0:00:23       0.1908    0.1881
       247   RobustScaler RandomForest                      0:00:25       0.1908    0.1881
       248   StandardScalerWrapper ElasticNet               0:00:23       0.1948    0.1881
       249   RobustScaler DecisionTree                      0:00:18       0.1922    0.1881
       250   WARNING - Retrying (Retry(total=2, connect=None, read=None, redirect=None, status=None)) after connection broken by 'ProtocolError('Connection aborted.', ConnectionResetError(104, 'Connection reset by peer'))': /azureml/ExperimentRun/dcid.AutoML_6448c66a-d9d5-40c2-973e-98a6369b5b15_250/outputs/conda_env_v_1_0_0.yml?sv=2019-02-02&sr=b&sig=UDD3%2BckncQRPlFA7DSjng3AajhRFHYD87Tu6Mlf0j8k%3D&st=2021-01-15T22%3A27%3A19Z&se=2021-01-16T22%3A37%3A19Z&sp=rcw&comp=block&blockid=TURBd01EQXdNREF3TURBd01EQXdNREF3TURBd01EQXdNREF3TURBd01EQSUzRA%3D%3D&timeout=30
StandardScalerWrapper GradientBoosting         0:00:27       0.1979    0.1881
       251   RobustScaler DecisionTree                      0:00:19       0.1921    0.1881
       252   WARNING - Retrying (Retry(total=2, connect=None, read=None, redirect=None, status=None)) after connection broken by 'ProtocolError('Connection aborted.', ConnectionResetError(104, 'Connection reset by peer'))': /azureml/ExperimentRun/dcid.AutoML_6448c66a-d9d5-40c2-973e-98a6369b5b15_252/outputs/scoring_file_v_1_0_0.py?sv=2019-02-02&sr=b&sig=cTK22s%2BVzvTRrryk2EvS8rtg1NhcTea8w6d2QQHC9Hs%3D&st=2021-01-15T22%3A28%3A05Z&se=2021-01-16T22%3A38%3A05Z&sp=rcw&comp=block&blockid=TURBd01EQXdNREF3TURBd01EQXdNREF3TURBd01EQXdNREF3TURBd01EQSUzRA%3D%3D&timeout=30
WARNING - Retrying (Retry(total=2, connect=None, read=None, redirect=None, status=None)) after connection broken by 'ProtocolError('Connection aborted.', ConnectionResetError(104, 'Connection reset by peer'))': /azureml/ExperimentRun/dcid.AutoML_6448c66a-d9d5-40c2-973e-98a6369b5b15_252/outputs/model.pkl?sv=2019-02-02&sr=b&sig=nB9yFj5PLq3pQVstcxYwRymG8c2nHuFqCqdaXqVKS%2Fg%3D&st=2021-01-15T22%3A28%3A05Z&se=2021-01-16T22%3A38%3A05Z&sp=rcw&comp=block&blockid=TURBd01EQXdNREF3TURBd01EQXdNREF3TURBd01EQXdNREF3TURBd01EQSUzRA%3D%3D&timeout=30
MinMaxScaler DecisionTree                      0:00:26       0.1910    0.1881
       253   MinMaxScaler DecisionTree                      0:00:19       0.1922    0.1881
       254   RobustScaler DecisionTree                      0:00:19       0.1913    0.1881
       255   RobustScaler GradientBoosting                  0:00:20       0.1943    0.1881
       256   StandardScalerWrapper DecisionTree             0:00:17       0.1908    0.1881
       257   RobustScaler RandomForest                      0:00:20       0.1927    0.1881
       258   StandardScalerWrapper LightGBM                 0:00:20       0.1892    0.1881
       259   StandardScalerWrapper RandomForest             0:00:22       0.1900    0.1881
       260   MaxAbsScaler GradientBoosting                  0:00:20       0.1943    0.1881
       261   RobustScaler RandomForest                      0:00:20       0.1897    0.1881
       262   StandardScalerWrapper RandomForest             0:00:24       0.1939    0.1881
       263   WARNING - Retrying (Retry(total=2, connect=None, read=None, redirect=None, status=None)) after connection broken by 'ProtocolError('Connection aborted.', ConnectionResetError(104, 'Connection reset by peer'))': /azureml/ExperimentRun/dcid.AutoML_6448c66a-d9d5-40c2-973e-98a6369b5b15_263/outputs/scoring_file_v_1_0_0.py?sv=2019-02-02&sr=b&sig=BfjA%2BvAsR3PbieoXRn4AOKXqcZpMyaSFstkftDkGr5Y%3D&st=2021-01-15T22%3A32%3A04Z&se=2021-01-16T22%3A42%3A04Z&sp=rcw&comp=block&blockid=TURBd01EQXdNREF3TURBd01EQXdNREF3TURBd01EQXdNREF3TURBd01EQSUzRA%3D%3D&timeout=30
StandardScalerWrapper ElasticNet               0:00:27       0.1946    0.1881
       264   StandardScalerWrapper RandomForest             0:00:30       0.1921    0.1881
       265   TruncatedSVDWrapper GradientBoosting           0:00:28       0.1949    0.1881
       266   StandardScalerWrapper DecisionTree             0:00:24       0.1907    0.1881
       267   RobustScaler RandomForest                      0:00:24       0.1900    0.1881
       268   WARNING - Retrying (Retry(total=2, connect=None, read=None, redirect=None, status=None)) after connection broken by 'ProtocolError('Connection aborted.', ConnectionResetError(104, 'Connection reset by peer'))': /azureml/ExperimentRun/dcid.AutoML_6448c66a-d9d5-40c2-973e-98a6369b5b15_268/outputs/pipeline_graph.json?sv=2019-02-02&sr=b&sig=wUQAFcyZWSmxSR37ihNrEParCFbSuhgsUWB5N8JZF6Q%3D&st=2021-01-15T22%3A34%3A20Z&se=2021-01-16T22%3A44%3A20Z&sp=rcw&comp=block&blockid=TURBd01EQXdNREF3TURBd01EQXdNREF3TURBd01EQXdNREF3TURBd01EQSUzRA%3D%3D&timeout=30
RobustScaler RandomForest                      0:00:20       0.1897    0.1881
       269   RobustScaler RandomForest                      0:00:20       0.1918    0.1881
       270   MinMaxScaler GradientBoosting                  0:00:24       0.1975    0.1881
       271   StandardScalerWrapper ExtremeRandomTrees       0:00:28       0.1892    0.1881
       272   MinMaxScaler ExtremeRandomTrees                0:00:26       0.1899    0.1881
       273   StandardScalerWrapper RandomForest             0:00:30       0.1916    0.1881
       274   RobustScaler RandomForest                      0:00:20       0.1898    0.1881
       275   MinMaxScaler GradientBoosting                  0:00:53       0.1918    0.1881
       276   StandardScalerWrapper RandomForest             0:00:26       0.1941    0.1881
       277   StandardScalerWrapper ExtremeRandomTrees       0:00:33       0.1885    0.1881
       278   RobustScaler ExtremeRandomTrees                0:00:26       0.1971    0.1881
       279   StandardScalerWrapper ExtremeRandomTrees       0:00:26       0.1903    0.1881
       280   WARNING - Retrying (Retry(total=2, connect=None, read=None, redirect=None, status=None)) after connection broken by 'ProtocolError('Connection aborted.', ConnectionResetError(104, 'Connection reset by peer'))': /azureml/ExperimentRun/dcid.AutoML_6448c66a-d9d5-40c2-973e-98a6369b5b15_280/outputs/pipeline_graph.json?sv=2019-02-02&sr=b&sig=M7a5NZO4nxdA%2B%2F0adoXDaE2GZJN2CgRF%2BGrbFSf9ZVE%3D&st=2021-01-15T22%3A40%3A11Z&se=2021-01-16T22%3A50%3A11Z&sp=rcw&comp=block&blockid=TURBd01EQXdNREF3TURBd01EQXdNREF3TURBd01EQXdNREF3TURBd01EQSUzRA%3D%3D&timeout=30
StandardScalerWrapper GradientBoosting         0:00:31       0.1945    0.1881
       281   MinMaxScaler RandomForest                      0:00:29       0.1899    0.1881
       282   MinMaxScaler ExtremeRandomTrees                0:00:28       0.1894    0.1881
       283   MinMaxScaler RandomForest                      0:00:26       0.1905    0.1881
       284   StandardScalerWrapper RandomForest             0:00:22       0.1909    0.1881
       285   RobustScaler GradientBoosting                  0:03:09       0.1974    0.1881
       286   StandardScalerWrapper ExtremeRandomTrees       0:00:28       0.1895    0.1881
       287   StandardScalerWrapper RandomForest             0:00:25       0.1906    0.1881
       288   StandardScalerWrapper RandomForest             0:00:23       0.1893    0.1881
       289   RobustScaler RandomForest                      0:00:25       0.1893    0.1881
       290   SparseNormalizer GradientBoosting              0:00:24       0.1887    0.1881
       291   StandardScalerWrapper RandomForest             0:00:23       0.1889    0.1881
       292   StandardScalerWrapper ExtremeRandomTrees       0:00:31       0.1902    0.1881
       293   RobustScaler RandomForest                      0:00:21       0.1930    0.1881
       294   StandardScalerWrapper RandomForest             0:00:19       0.1897    0.1881
       295   StandardScalerWrapper GradientBoosting         0:02:45       0.1925    0.1881
       296   RobustScaler RandomForest                      0:00:20       0.1903    0.1881
       297   RobustScaler ExtremeRandomTrees                0:00:26       0.1887    0.1881
       298   MinMaxScaler ExtremeRandomTrees                0:00:20       0.1896    0.1881
       299   StandardScalerWrapper RandomForest             0:00:20       0.1923    0.1881
       300   MaxAbsScaler GradientBoosting                  0:01:14       0.1942    0.1881
       301   MinMaxScaler ExtremeRandomTrees                0:00:24       0.1899    0.1881
       302   MinMaxScaler ExtremeRandomTrees                0:00:22       0.1896    0.1881
       303   RobustScaler ExtremeRandomTrees                0:00:23       0.1912    0.1881
       304   MinMaxScaler RandomForest                      0:00:26       0.1941    0.1881
       305   MaxAbsScaler GradientBoosting                  0:00:20       0.1943    0.1881
       306   RobustScaler ExtremeRandomTrees                0:00:22       0.1907    0.1881
       307   RobustScaler RandomForest                      0:00:19       0.1896    0.1881
       308   RobustScaler ExtremeRandomTrees                0:00:27       0.1890    0.1881
       309   WARNING - Retrying (Retry(total=2, connect=None, read=None, redirect=None, status=None)) after connection broken by 'ProtocolError('Connection aborted.', ConnectionResetError(104, 'Connection reset by peer'))': /azureml/ExperimentRun/dcid.AutoML_6448c66a-d9d5-40c2-973e-98a6369b5b15_309/outputs/pipeline_graph.json?sv=2019-02-02&sr=b&sig=Itg61RznvLxZ4QWOhl30QFe00xivQjDG%2BL%2F4c%2Bxt9ug%3D&st=2021-01-15T22%3A58%3A02Z&se=2021-01-16T23%3A08%3A02Z&sp=rcw&comp=block&blockid=TURBd01EQXdNREF3TURBd01EQXdNREF3TURBd01EQXdNREF3TURBd01EQSUzRA%3D%3D&timeout=30
StandardScalerWrapper RandomForest             0:00:23       0.1896    0.1881
       310   TruncatedSVDWrapper GradientBoosting           0:00:19       0.1960    0.1881
       311   StandardScalerWrapper ExtremeRandomTrees       0:00:24       0.1891    0.1881
       312   StandardScalerWrapper RandomForest             0:00:25       0.1924    0.1881
       313   MinMaxScaler RandomForest                      0:00:19       0.1896    0.1881
       314   RobustScaler ExtremeRandomTrees                0:00:26       0.1893    0.1881
       315   MaxAbsScaler GradientBoosting                  0:00:25       0.1979    0.1881
       316   MinMaxScaler ExtremeRandomTrees                0:00:27       0.1893    0.1881
       317   RobustScaler RandomForest                      0:00:19       0.1906    0.1881
       318   MinMaxScaler ExtremeRandomTrees                0:00:23       0.1887    0.1881
       319   MinMaxScaler RandomForest                      0:00:19       0.1891    0.1881
       320   StandardScalerWrapper GradientBoosting         0:00:20       0.1967    0.1881
       321   MinMaxScaler ExtremeRandomTrees                0:00:26       0.1892    0.1881
       322   MinMaxScaler ExtremeRandomTrees                0:00:21       0.1894    0.1881
       323   MinMaxScaler ExtremeRandomTrees                0:00:19       0.1894    0.1881
       324   MinMaxScaler ExtremeRandomTrees                0:00:24       0.1885    0.1881
       325   WARNING - Retrying (Retry(total=2, connect=None, read=None, redirect=None, status=None)) after connection broken by 'ProtocolError('Connection aborted.', ConnectionResetError(104, 'Connection reset by peer'))': /azureml/ExperimentRun/dcid.AutoML_6448c66a-d9d5-40c2-973e-98a6369b5b15_325/outputs/scoring_file_v_1_0_0.py?sv=2019-02-02&sr=b&sig=esjuwpjIuaujntvQJfhKyLcspN9ji74G8%2B3oGzil3M8%3D&st=2021-01-15T23%3A04%3A16Z&se=2021-01-16T23%3A14%3A16Z&sp=rcw&comp=block&blockid=TURBd01EQXdNREF3TURBd01EQXdNREF3TURBd01EQXdNREF3TURBd01EQSUzRA%3D%3D&timeout=30
SparseNormalizer GradientBoosting              0:00:36       0.1976    0.1881
       326   RobustScaler ExtremeRandomTrees                0:00:26       0.1899    0.1881
       327   StandardScalerWrapper ExtremeRandomTrees       0:00:25       0.1893    0.1881
       328   RobustScaler ExtremeRandomTrees                0:00:21       0.1888    0.1881
       329   RobustScaler ExtremeRandomTrees                0:00:43       0.1888    0.1881
       330   StandardScalerWrapper GradientBoosting         0:00:50       0.1942    0.1881
       331   StandardScalerWrapper ExtremeRandomTrees       0:00:29       0.1899    0.1881
       332   MinMaxScaler GradientBoosting                  0:00:28       0.1886    0.1881
       333   StandardScalerWrapper RandomForest             0:00:24       0.1892    0.1881
       334   StandardScalerWrapper RandomForest             0:00:20       0.1893    0.1881
       335   MinMaxScaler GradientBoosting                  0:24:32       0.1947    0.1881
       336   MinMaxScaler ExtremeRandomTrees                0:00:26       0.1899    0.1881
       337   RobustScaler ExtremeRandomTrees                0:00:22       0.1895    0.1881
       338   StandardScalerWrapper RandomForest             0:00:30       0.1891    0.1881
       339   StandardScalerWrapper RandomForest             0:00:23       0.1900    0.1881
       340   PCA GradientBoosting                           0:00:42       0.1983    0.1881
       341   MinMaxScaler RandomForest                      0:00:21       0.1897    0.1881
       342   StandardScalerWrapper ExtremeRandomTrees       0:00:21       0.1896    0.1881
       343   StandardScalerWrapper ExtremeRandomTrees       0:00:26       0.1885    0.1881
       344   RobustScaler RandomForest                      0:00:34       0.1896    0.1881
       345   MinMaxScaler GradientBoosting                  0:16:24       0.1951    0.1881
       346   RobustScaler ExtremeRandomTrees                0:00:23       0.1912    0.1881
       347   MinMaxScaler ExtremeRandomTrees                0:00:31       0.1968    0.1881
       348   MinMaxScaler RandomForest                      0:00:23       0.1894    0.1881
       349   StandardScalerWrapper RandomForest             0:00:21       0.1895    0.1881
       350   TruncatedSVDWrapper GradientBoosting           0:00:22       0.1943    0.1881
       351   MinMaxScaler ExtremeRandomTrees                0:00:29       0.1898    0.1881
       352   StandardScalerWrapper RandomForest             0:00:27       0.1893    0.1881
       353   StandardScalerWrapper RandomForest             0:00:26       0.1897    0.1881
       354   StandardScalerWrapper RandomForest             0:00:19       0.1893    0.1881
       355   MinMaxScaler GradientBoosting                  0:00:34       0.1956    0.1881
       356   StandardScalerWrapper RandomForest             0:00:26       0.1901    0.1881
       357   StandardScalerWrapper ExtremeRandomTrees       0:00:31       0.1900    0.1881
       358   StandardScalerWrapper ExtremeRandomTrees       0:00:24       0.1901    0.1881
       359   MinMaxScaler ExtremeRandomTrees                0:00:20       0.1899    0.1881
       360   MaxAbsScaler GradientBoosting                  0:17:36       0.1973    0.1881
       361   RobustScaler ExtremeRandomTrees                0:00:25       0.1900    0.1881
       362   RobustScaler RandomForest                      0:00:25       0.1893    0.1881
       363   StandardScalerWrapper ExtremeRandomTrees       0:00:19       0.1898    0.1881
       364   StandardScalerWrapper ExtremeRandomTrees       0:00:28       0.1886    0.1881
       365   PCA GradientBoosting                           0:00:41       0.1948    0.1881
       366   StandardScalerWrapper ExtremeRandomTrees       0:00:26       0.1893    0.1881
       367   StandardScalerWrapper ExtremeRandomTrees       0:00:27       0.1895    0.1881
       368   StandardScalerWrapper ExtremeRandomTrees       0:00:29       0.1891    0.1881
       369   MinMaxScaler RandomForest                      0:00:26       0.1895    0.1881
       370   TruncatedSVDWrapper GradientBoosting           0:00:26       0.1979    0.1881
       371   MinMaxScaler ExtremeRandomTrees                0:00:28       0.1889    0.1881
       372   MinMaxScaler RandomForest                      0:00:25       0.1890    0.1881
       373   RobustScaler RandomForest                      0:00:21       0.1891    0.1881
       374   StandardScalerWrapper RandomForest             0:00:21       0.1888    0.1881
       375   MaxAbsScaler GradientBoosting                  0:00:33       0.1942    0.1881
       376   StandardScalerWrapper ExtremeRandomTrees       0:00:26       0.1893    0.1881
       377   StandardScalerWrapper ExtremeRandomTrees       0:00:19       0.1891    0.1881
       378   MinMaxScaler ExtremeRandomTrees                0:00:25       0.1889    0.1881
       379   MinMaxScaler ExtremeRandomTrees                0:00:22       0.1898    0.1881
       380   SparseNormalizer GradientBoosting              0:00:24       0.1967    0.1881
       381   MinMaxScaler LightGBM                          0:00:18       0.1905    0.1881
       382   StandardScalerWrapper RandomForest             0:00:21       0.1886    0.1881
       383   StandardScalerWrapper RandomForest             0:00:19       0.1908    0.1881
       384   MinMaxScaler ExtremeRandomTrees                0:00:25       0.1890    0.1881
       385   StandardScalerWrapper GradientBoosting         0:00:21       0.1942    0.1881
       386   StandardScalerWrapper ExtremeRandomTrees       0:00:34       0.1893    0.1881
       387   StandardScalerWrapper GradientBoosting         0:00:27       0.1883    0.1881
       388   RobustScaler ExtremeRandomTrees                0:00:29       0.1893    0.1881
       389   WARNING - Retrying (Retry(total=2, connect=None, read=None, redirect=None, status=None)) after connection broken by 'ProtocolError('Connection aborted.', ConnectionResetError(104, 'Connection reset by peer'))': /azureml/ExperimentRun/dcid.AutoML_6448c66a-d9d5-40c2-973e-98a6369b5b15_389/outputs/model.pkl?sv=2019-02-02&sr=b&sig=jACScuQ26QX6eboITcJ5aVxEZ%2BanYnfdrtDSSnDB9Gw%3D&st=2021-01-16T00%3A30%3A21Z&se=2021-01-17T00%3A40%3A21Z&sp=rcw&comp=block&blockid=TURBd01EQXdNREF3TURBd01EQXdNREF3TURBd01EQXdNRFF4T1RRek1EUSUzRA%3D%3D&timeout=30
MinMaxScaler ExtremeRandomTrees                0:00:26       0.1892    0.1881
       390   WARNING - Retrying (Retry(total=2, connect=None, read=None, redirect=None, status=None)) after connection broken by 'ProtocolError('Connection aborted.', ConnectionResetError(104, 'Connection reset by peer'))': /azureml/ExperimentRun/dcid.AutoML_6448c66a-d9d5-40c2-973e-98a6369b5b15_390/outputs/env_dependencies.json?sv=2019-02-02&sr=b&sig=lXWFV3gB%2B5IZUuH6fStUS7vMJIKuCHj1NoZnyXWpuEk%3D&st=2021-01-16T00%3A30%3A53Z&se=2021-01-17T00%3A40%3A53Z&sp=rcw&comp=block&blockid=TURBd01EQXdNREF3TURBd01EQXdNREF3TURBd01EQXdNREF3TURBd01EQSUzRA%3D%3D&timeout=30
WARNING - Retrying (Retry(total=2, connect=None, read=None, redirect=None, status=None)) after connection broken by 'ProtocolError('Connection aborted.', ConnectionResetError(104, 'Connection reset by peer'))': /azureml/ExperimentRun/dcid.AutoML_6448c66a-d9d5-40c2-973e-98a6369b5b15_390/outputs/pipeline_graph.json?sv=2019-02-02&sr=b&sig=UNhr93l%2FLUnI8t5mjHi%2F5GbI6x2wUAcHGAOq4jPFfps%3D&st=2021-01-16T00%3A30%3A53Z&se=2021-01-17T00%3A40%3A53Z&sp=rcw&comp=block&blockid=TURBd01EQXdNREF3TURBd01EQXdNREF3TURBd01EQXdNREF3TURBd01EQSUzRA%3D%3D&timeout=30
TruncatedSVDWrapper GradientBoosting           0:00:31       0.1910    0.1881
       391   RobustScaler ExtremeRandomTrees                0:00:23       0.1894    0.1881
       392   WARNING - Retrying (Retry(total=2, connect=None, read=None, redirect=None, status=None)) after connection broken by 'ProtocolError('Connection aborted.', ConnectionResetError(104, 'Connection reset by peer'))': /azureml/ExperimentRun/dcid.AutoML_6448c66a-d9d5-40c2-973e-98a6369b5b15_392/outputs/model.pkl?sv=2019-02-02&sr=b&sig=0grN6P9uu8u8s3uGFO0WL1lx7k%2FlP9TCxf4nVK8ZWTU%3D&st=2021-01-16T00%3A31%3A45Z&se=2021-01-17T00%3A41%3A45Z&sp=rcw&comp=block&blockid=TURBd01EQXdNREF3TURBd01EQXdNREF3TURBd01EQXdNRFF4T1RRek1EUSUzRA%3D%3D&timeout=30
RobustScaler RandomForest                      0:00:29       0.1892    0.1881
       393   RobustScaler ExtremeRandomTrees                0:00:26       0.1890    0.1881
       394   StandardScalerWrapper ExtremeRandomTrees       0:00:22       0.1894    0.1881
       395   SparseNormalizer GradientBoosting              0:00:32       0.1971    0.1881
       396   MinMaxScaler ExtremeRandomTrees                0:00:32       0.1890    0.1881
       397   RobustScaler RandomForest                      0:00:28       0.1888    0.1881
       398   WARNING - Retrying (Retry(total=2, connect=None, read=None, redirect=None, status=None)) after connection broken by 'ProtocolError('Connection aborted.', ConnectionResetError(104, 'Connection reset by peer'))': /azureml/ExperimentRun/dcid.AutoML_6448c66a-d9d5-40c2-973e-98a6369b5b15_398/outputs/env_dependencies.json?sv=2019-02-02&sr=b&sig=8BVd1peVz1CszNAUFn2ykVQm7GsuwEmqKR8O1eO2XZw%3D&st=2021-01-16T00%3A34%3A33Z&se=2021-01-17T00%3A44%3A33Z&sp=rcw&comp=block&blockid=TURBd01EQXdNREF3TURBd01EQXdNREF3TURBd01EQXdNREF3TURBd01EQSUzRA%3D%3D&timeout=30
MinMaxScaler ExtremeRandomTrees                0:00:23       0.1885    0.1881
       399   RobustScaler ExtremeRandomTrees                0:00:20       0.1897    0.1881
       400   MinMaxScaler GradientBoosting                  0:00:20       0.1943    0.1881
       401   MinMaxScaler ExtremeRandomTrees                0:00:22       0.1898    0.1881
       402   RobustScaler ExtremeRandomTrees                0:00:30       0.1889    0.1881
       403   MinMaxScaler RandomForest                      0:00:31       0.1888    0.1881
       404   RobustScaler RandomForest                      0:00:21       0.1898    0.1881
       405   StandardScalerWrapper GradientBoosting         0:00:25       0.1922    0.1881
       406   MinMaxScaler ExtremeRandomTrees                0:00:30       0.1891    0.1881
       407   MinMaxScaler ExtremeRandomTrees                0:00:23       0.1892    0.1881
       408   RobustScaler RandomForest                      0:00:26       0.1892    0.1881
       409   StandardScalerWrapper ExtremeRandomTrees       0:00:27       0.1892    0.1881
       410   MaxAbsScaler GradientBoosting                  0:00:33       0.1893    0.1881
       411   RobustScaler ExtremeRandomTrees                0:00:21       0.1889    0.1881
       412   StandardScalerWrapper ExtremeRandomTrees       0:00:26       0.1893    0.1881
       413   RobustScaler ExtremeRandomTrees                0:00:29       0.1890    0.1881
       414   StandardScalerWrapper ExtremeRandomTrees       0:00:28       0.1894    0.1881
       415   MinMaxScaler GradientBoosting                  0:02:12       0.1957    0.1881
       416   RobustScaler RandomForest                      0:00:22       0.1898    0.1881
       417   StandardScalerWrapper RandomForest             0:00:20       0.1887    0.1881
       418   StandardScalerWrapper ExtremeRandomTrees       0:00:26       0.1892    0.1881
       419   RobustScaler ExtremeRandomTrees                0:00:20       0.1887    0.1881
       420   MinMaxScaler GradientBoosting                  0:06:46       0.1931    0.1881
       421   MinMaxScaler RandomForest                      0:00:20       0.1897    0.1881
       422   MinMaxScaler ExtremeRandomTrees                0:00:26       0.1894    0.1881
       423   StandardScalerWrapper RandomForest             0:00:22       0.1906    0.1881
       424   MinMaxScaler ExtremeRandomTrees                0:00:28       0.1893    0.1881
       425   RobustScaler GradientBoosting                  0:00:25       0.1941    0.1881
       426   MinMaxScaler RandomForest                      0:00:21       0.1899    0.1881
       427   StandardScalerWrapper ExtremeRandomTrees       0:00:22       0.1902    0.1881
       428   StandardScalerWrapper ExtremeRandomTrees       0:00:21       0.1897    0.1881
       429   RobustScaler ExtremeRandomTrees                0:00:24       0.1898    0.1881
       430   MinMaxScaler GradientBoosting                  0:05:00       0.1966    0.1881
       431   MinMaxScaler ExtremeRandomTrees                0:00:21       0.1896    0.1881
       432   RobustScaler ExtremeRandomTrees                0:00:26       0.1887    0.1881
       433   MinMaxScaler ExtremeRandomTrees                0:00:30       0.1895    0.1881
       434   MinMaxScaler RandomForest                      0:00:27       0.1891    0.1881
       435   RobustScaler GradientBoosting                  0:00:28       0.1974    0.1881
       436   MinMaxScaler ExtremeRandomTrees                0:00:28       0.1896    0.1881
       437   MinMaxScaler ExtremeRandomTrees                0:00:27       0.1896    0.1881
       438   StandardScalerWrapper ExtremeRandomTrees       0:00:19       0.1891    0.1881
       439   StandardScalerWrapper ExtremeRandomTrees       0:00:24       0.1895    0.1881
       440   WARNING - Retrying (Retry(total=2, connect=None, read=None, redirect=None, status=None)) after connection broken by 'ProtocolError('Connection aborted.', ConnectionResetError(104, 'Connection reset by peer'))': /azureml/ExperimentRun/dcid.AutoML_6448c66a-d9d5-40c2-973e-98a6369b5b15_440/outputs/scoring_file_v_1_0_0.py?sv=2019-02-02&sr=b&sig=SEogzXeDqJmwjez6QxB%2FL9agvYzBNUwZgcGVtK2zFvk%3D&st=2021-01-16T01%3A06%3A36Z&se=2021-01-17T01%3A16%3A36Z&sp=rcw&comp=block&blockid=TURBd01EQXdNREF3TURBd01EQXdNREF3TURBd01EQXdNREF3TURBd01EQSUzRA%3D%3D&timeout=30
TruncatedSVDWrapper GradientBoosting           0:01:54       0.1962    0.1881
       441   StandardScalerWrapper RandomForest             0:00:30       0.1885    0.1881
       442   MinMaxScaler RandomForest                      0:00:26       0.1899    0.1881
       443   MinMaxScaler ExtremeRandomTrees                0:00:20       0.1893    0.1881
       444   StandardScalerWrapper GradientBoosting         0:00:22       0.1961    0.1881
       445   StandardScalerWrapper GradientBoosting         0:01:45       0.1973    0.1881
       446   StandardScalerWrapper ExtremeRandomTrees       0:00:26       0.1892    0.1881
       447   MinMaxScaler RandomForest                      0:00:25       0.1891    0.1881
       448   StandardScalerWrapper RandomForest             0:00:24       0.1892    0.1881
       449   StandardScalerWrapper RandomForest             0:00:25       0.1885    0.1881
       450   StandardScalerWrapper GradientBoosting         0:00:29       0.1969    0.1881
       451   MinMaxScaler RandomForest                      0:00:31       0.1892    0.1881
       452   RobustScaler ExtremeRandomTrees                0:00:24       0.1891    0.1881
       453   StandardScalerWrapper ExtremeRandomTrees       0:00:19       0.1898    0.1881
       454   MinMaxScaler RandomForest                      0:00:22       0.1885    0.1881
       455   StandardScalerWrapper GradientBoosting         0:00:39       0.1933    0.1881
       456   MinMaxScaler ExtremeRandomTrees                0:00:26       0.1891    0.1881
       457   StandardScalerWrapper ExtremeRandomTrees       0:00:27       0.1891    0.1881
       458   StandardScalerWrapper ExtremeRandomTrees       0:00:25       0.1902    0.1881
       459   StandardScalerWrapper ExtremeRandomTrees       0:00:36       0.1893    0.1881
       460   WARNING - Retrying (Retry(total=2, connect=None, read=None, redirect=None, status=None)) after connection broken by 'ProtocolError('Connection aborted.', ConnectionResetError(104, 'Connection reset by peer'))': /azureml/ExperimentRun/dcid.AutoML_6448c66a-d9d5-40c2-973e-98a6369b5b15_460/outputs/pipeline_graph.json?sv=2019-02-02&sr=b&sig=pxfJ1PaCNcTAclE98HtNr7qoRK0um5eh06nd1w3nlHQ%3D&st=2021-01-16T01%3A16%3A51Z&se=2021-01-17T01%3A26%3A51Z&sp=rcw&comp=block&blockid=TURBd01EQXdNREF3TURBd01EQXdNREF3TURBd01EQXdNREF3TURBd01EQSUzRA%3D%3D&timeout=30
WARNING - Retrying (Retry(total=2, connect=None, read=None, redirect=None, status=None)) after connection broken by 'ProtocolError('Connection aborted.', ConnectionResetError(104, 'Connection reset by peer'))': /azureml/ExperimentRun/dcid.AutoML_6448c66a-d9d5-40c2-973e-98a6369b5b15_460/outputs/model.pkl?sv=2019-02-02&sr=b&sig=EJlUWVHy5GH2XugaqZft81NVh2XUWuTklhHrUE6%2FkeE%3D&st=2021-01-16T01%3A16%3A51Z&se=2021-01-17T01%3A26%3A51Z&sp=rcw&comp=block&blockid=TURBd01EQXdNREF3TURBd01EQXdNREF3TURBd01EQXdNREF3TURBd01EQSUzRA%3D%3D&timeout=30
StandardScalerWrapper GradientBoosting         0:00:29       0.1941    0.1881
       461   StandardScalerWrapper RandomForest             0:00:22       0.1895    0.1881
       462   RobustScaler RandomForest                      0:00:21       0.1892    0.1881
       463   MinMaxScaler RandomForest                      0:00:30       0.1900    0.1881
       464   StandardScalerWrapper RandomForest             0:00:22       0.1889    0.1881
       465   RobustScaler GradientBoosting                  0:37:13       0.1977    0.1881
       466   WARNING - Received unrecognized parameter ensemble_download_models_timeout_sec
WARNING - Received unrecognized parameter ensemble_download_models_timeout_sec
VotingEnsemble                                 0:04:00       0.1879    0.1879
Stopping criteria reached at iteration 467. Ending experiment.
WARNING - Retrying (Retry(total=1, connect=3, read=2, redirect=None, status=None)) after connection broken by 'ReadTimeoutError("HTTPSConnectionPool(host='northeurope.experiments.azureml.net', port=443): Read timed out. (read timeout=100)")': /history/v1.0/subscriptions/140247fd-63ff-4369-8eab-15ff11693adb/resourceGroups/automl_time_series/providers/Microsoft.MachineLearningServices/workspaces/automl_time_series_ws/experiments/experiment/metrics:query?mergestrategytype=None
WARNING - Received unrecognized parameter ensemble_download_models_timeout_sec
WARNING - Received unrecognized parameter ensemble_download_models_timeout_sec
WARNING - Received unrecognized parameter ensemble_download_models_timeout_sec
Best pipeline:
<class 'sklearn.ensemble._voting.VotingRegressor'>
0. Pipeline(memory=None,
         steps=[('standardscalerwrapper',
                 <azureml.automl.runtime.shared.model_wrappers.StandardScalerWrapper object at 0x7f4a9c0d07d0>),
                ('gradientboostingregressor',
                 GradientBoostingRegressor(alpha=0.7000000000000001,
                                           ccp_alpha=0.0,
                                           criterion='friedman_mse', init=None,
                                           learning_rate=0.021544346900318822,
                                           loss='ls', max_depth=5,
                                           max_features=0.3,
                                           max_leaf_nodes=None,
                                           min_impurity_decrease=0.0,
                                           min_impurity_split=None,
                                           min_samples_leaf=0.009017208223328022,
                                           min_samples_split=0.026024633095283807,
                                           min_weight_fraction_leaf=0.0,
                                           n_estimators=50,
                                           n_iter_no_change=None,
                                           presort='deprecated',
                                           random_state=None, subsample=0.9,
                                           tol=0.0001, validation_fraction=0.1,
                                           verbose=0, warm_start=False))],
         verbose=False)
1. Pipeline(memory=None,
         steps=[('standardscalerwrapper',
                 <azureml.automl.runtime.shared.model_wrappers.StandardScalerWrapper object at 0x7f4b248e5050>),
                ('gradientboostingregressor',
                 GradientBoostingRegressor(alpha=0.1, ccp_alpha=0.0,
                                           criterion='mse', init=None,
                                           learning_rate=0.021544346900318822,
                                           loss='ls', max_depth=7,
                                           max_features=0.9,
                                           max_leaf_nodes=None,
                                           min_impurity_decrease=0.0,
                                           min_impurity_split=None,
                                           min_samples_leaf=0.005080937188890647,
                                           min_samples_split=0.026024633095283807,
                                           min_weight_fraction_leaf=0.0,
                                           n_estimators=50,
                                           n_iter_no_change=None,
                                           presort='deprecated',
                                           random_state=None, subsample=0.35,
                                           tol=0.0001, validation_fraction=0.1,
                                           verbose=0, warm_start=False))],
         verbose=False)
2. Pipeline(memory=None,
         steps=[('robustscaler',
                 RobustScaler(copy=True, quantile_range=[10, 90],
                              with_centering=True, with_scaling=True)),
                ('gradientboostingregressor',
                 GradientBoostingRegressor(alpha=0.7000000000000001,
                                           ccp_alpha=0.0, criterion='mse',
                                           init=None,
                                           learning_rate=0.021544346900318822,
                                           loss='ls', max_depth=7,
                                           max_features='sqrt',
                                           max_leaf_nodes=None,
                                           min_impurity_decrease=0.0,
                                           min_impurity_split=None,
                                           min_samples_leaf=0.06102385966988887,
                                           min_samples_split=0.03708777411774474,
                                           min_weight_fraction_leaf=0.0,
                                           n_estimators=100,
                                           n_iter_no_change=None,
                                           presort='deprecated',
                                           random_state=None, subsample=0.85,
                                           tol=0.0001, validation_fraction=0.1,
                                           verbose=0, warm_start=False))],
         verbose=False)
3. Pipeline(memory=None,
         steps=[('standardscalerwrapper',
                 <azureml.automl.runtime.shared.model_wrappers.StandardScalerWrapper object at 0x7f4b25a6c810>),
                ('randomforestregressor',
                 RandomForestRegressor(bootstrap=True, ccp_alpha=0.0,
                                       criterion='mse', max_depth=None,
                                       max_features=0.2, max_leaf_nodes=None,
                                       max_samples=None,
                                       min_impurity_decrease=0.0,
                                       min_impurity_split=None,
                                       min_samples_leaf=0.009017208223328022,
                                       min_samples_split=0.07532221397586239,
                                       min_weight_fraction_leaf=0.0,
                                       n_estimators=600, n_jobs=-1,
                                       oob_score=False, random_state=None,
                                       verbose=0, warm_start=False))],
         verbose=False)
4. Pipeline(memory=None,
         steps=[('minmaxscaler', MinMaxScaler(copy=True, feature_range=(0, 1))),
                ('randomforestregressor',
                 RandomForestRegressor(bootstrap=False, ccp_alpha=0.0,
                                       criterion='mse', max_depth=None,
                                       max_features=0.2, max_leaf_nodes=None,
                                       max_samples=None,
                                       min_impurity_decrease=0.0,
                                       min_impurity_split=None,
                                       min_samples_leaf=0.03438518777954402,
                                       min_samples_split=0.0008991789964660114,
                                       min_weight_fraction_leaf=0.0,
                                       n_estimators=400, n_jobs=-1,
                                       oob_score=False, random_state=None,
                                       verbose=0, warm_start=False))],
         verbose=False)
5. Pipeline(memory=None,
         steps=[('truncatedsvdwrapper',
                 TruncatedSVDWrapper(n_components=0.95, random_state=None)),
                ('gradientboostingregressor',
                 GradientBoostingRegressor(alpha=0.1, ccp_alpha=0.0,
                                           criterion='mse', init=None,
                                           learning_rate=0.021544346900318822,
                                           loss='ls', max_depth=4,
                                           max_features='sqrt',
                                           max_leaf_nodes=None,
                                           min_impurity_decrease=0.0,
                                           min_impurity_split=None,
                                           min_samples_leaf=0.003466237459044996,
                                           min_samples_split=0.010734188827013528,
                                           min_weight_fraction_leaf=0.0,
                                           n_estimators=100,
                                           n_iter_no_change=None,
                                           presort='deprecated',
                                           random_state=None, subsample=0.3,
                                           tol=0.0001, validation_fraction=0.1,
                                           verbose=0, warm_start=False))],
         verbose=False)
6. Pipeline(memory=None,
         steps=[('standardscalerwrapper',
                 <azureml.automl.runtime.shared.model_wrappers.StandardScalerWrapper object at 0x7f4b24d60390>),
                ('extratreesregressor',
                 ExtraTreesRegressor(bootstrap=True, ccp_alpha=0.0,
                                     criterion='mse', max_depth=None,
                                     max_features=0.9, max_leaf_nodes=None,
                                     max_samples=None,
                                     min_impurity_decrease=0.0,
                                     min_impurity_split=None,
                                     min_samples_leaf=0.01091729022778783,
                                     min_samples_split=0.18261584682702608,
                                     min_weight_fraction_leaf=0.0,
                                     n_estimators=100, n_jobs=-1,
                                     oob_score=False, random_state=None,
                                     verbose=0, warm_start=False))],
         verbose=False)

['year', 'half', 'quarter', 'month', 'day', 'hour', 'am_pm', 'hour12', 'wday', 'qday', 'week']
  RawFeatureName TypeDetected Dropped  EngineeredFeatureCount  \
0  datetime       DateTime     No      11                       

                                                                                                                                                                                                                           Transformations  
0  [DateTimeTransformer, DateTimeTransformer, DateTimeTransformer, DateTimeTransformer, DateTimeTransformer, DateTimeTransformer, DateTimeTransformer, DateTimeTransformer, DateTimeTransformer, DateTimeTransformer, DateTimeTransformer]  
