Running on local machine
Parent Run ID: AutoML_fbc6708a-b659-4fd1-acb9-ec90911855ea

Current status: DatasetFeaturization. Beginning to featurize the dataset.
Current status: DatasetFeaturizationCompleted. Completed featurizing the dataset.
Heuristic parameters: Target_Lag = '[1]', Target_Rolling_Window = '2'.
/projappl/project_2003107/anaconda3/envs/azure_automl/lib/python3.7/site-packages/azureml/_restclient/workspace_client.py:380: DeprecationWarning: The 'warn' method is deprecated, use 'warning' instead
  self._logger.warn('Converting non-string tag to string: (%s: %s)', key, val)
WARNING - Converting non-string tag to string: (forecasting_target_lags: [1])
WARNING - Converting non-string tag to string: (forecasting_target_rolling_window_size: 2)
WARNING - Converting non-string tag to string: (forecasting_max_horizon: 2223)
Current status: DatasetCrossValidationSplit. Generating individually featurized CV splits.
Current status: DatasetFeaturization. Beginning to featurize the CV split.
/projappl/project_2003107/anaconda3/envs/azure_automl/lib/python3.7/site-packages/azureml/automl/runtime/featurizer/transformer/timeseries/rolling_window.py:260: UserWarning: RollingWindow: "center" is not a configurable window option.
  'a configurable window option.')
/projappl/project_2003107/anaconda3/envs/azure_automl/lib/python3.7/site-packages/azureml/automl/runtime/featurizer/transformer/timeseries/rolling_window.py:260: UserWarning: RollingWindow: "closed" is not a configurable window option.
  'a configurable window option.')
Current status: DatasetFeaturizationCompleted. Completed featurizing the CV split.
Current status: DatasetFeaturization. Beginning to featurize the CV split.
Current status: DatasetFeaturizationCompleted. Completed featurizing the CV split.
Current status: DatasetFeaturization. Beginning to featurize the CV split.
Current status: DatasetFeaturizationCompleted. Completed featurizing the CV split.
Current status: DatasetFeaturization. Beginning to featurize the CV split.
Current status: DatasetFeaturizationCompleted. Completed featurizing the CV split.
Current status: DatasetFeaturization. Beginning to featurize the CV split.
Current status: DatasetFeaturizationCompleted. Completed featurizing the CV split.

****************************************************************************************************
DATA GUARDRAILS: 

TYPE:         Frequency detection
STATUS:       PASSED
DESCRIPTION:  The time series was analyzed, all data points are aligned with detected frequency.
              

****************************************************************************************************

TYPE:         Missing feature values imputation
STATUS:       PASSED
DESCRIPTION:  No feature missing values were detected in the training data.
              Learn more about missing value imputation: https://aka.ms/AutomatedMLFeaturization

****************************************************************************************************

TYPE:         Memory Issues Detection
STATUS:       PASSED
DESCRIPTION:  The selected horizon, lag and rolling window values were analyzed, and no potential memory issues were detected.
              Learn more about time-series forecasting configurations: https://aka.ms/AutomatedMLForecastingConfiguration

****************************************************************************************************
Current status: ModelSelection. Beginning model selection.

****************************************************************************************************
ITERATION: The iteration being evaluated.
PIPELINE: A summary description of the pipeline being evaluated.
DURATION: Time taken for the current iteration.
METRIC: The result of computing score on the fitted pipeline.
BEST: The best observed score thus far.
****************************************************************************************************

 ITERATION   PIPELINE                                       DURATION      METRIC      BEST
/projappl/project_2003107/anaconda3/envs/azure_automl/lib/python3.7/site-packages/azureml/automl/core/_downloader.py:81: DeprecationWarning: time.clock has been deprecated in Python 3.3 and will be removed from Python 3.8: use time.perf_counter or time.process_time instead
  download_start_time = time.clock()
/projappl/project_2003107/anaconda3/envs/azure_automl/lib/python3.7/site-packages/azureml/automl/core/_downloader.py:89: DeprecationWarning: time.clock has been deprecated in Python 3.3 and will be removed from Python 3.8: use time.perf_counter or time.process_time instead
  download_end_time = time.clock()
         0   /projappl/project_2003107/anaconda3/envs/azure_automl/lib/python3.7/site-packages/sklearn/base.py:197: FutureWarning: From version 0.24, get_params will raise an AttributeError if a parameter cannot be retrieved as an instance attribute. Previously it would return None.
  FutureWarning)
MaxAbsScaler DecisionTree                      0:07:48       0.0923    0.0923
         1   MinMaxScaler DecisionTree                      0:06:37       0.0926    0.0923
         2   StandardScalerWrapper LassoLars                0:03:54       0.1067    0.0923
         3   RobustScaler ElasticNet                        0:04:51       0.1054    0.0923
         4   StandardScalerWrapper LassoLars                0:03:44       0.1066    0.0923
         5   RobustScaler ElasticNet                        0:16:25       0.1066    0.0923
         6   RobustScaler DecisionTree                      0:07:54       0.0919    0.0919
         7   MinMaxScaler DecisionTree                      0:09:52       0.0977    0.0919
         8   RobustScaler DecisionTree                      0:07:05       0.0919    0.0919
         9   MinMaxScaler DecisionTree                      0:08:19       0.0927    0.0919
        10   WARNING - Connection pool is full, discarding connection: automlws9124637538.blob.core.windows.net
WARNING - Connection pool is full, discarding connection: automlws9124637538.blob.core.windows.net
WARNING - Connection pool is full, discarding connection: automlws9124637538.blob.core.windows.net
WARNING - Connection pool is full, discarding connection: automlws9124637538.blob.core.windows.net
WARNING - Connection pool is full, discarding connection: automlws9124637538.blob.core.windows.net
WARNING - Connection pool is full, discarding connection: automlws9124637538.blob.core.windows.net
WARNING - Connection pool is full, discarding connection: automlws9124637538.blob.core.windows.net
WARNING - Connection pool is full, discarding connection: automlws9124637538.blob.core.windows.net
WARNING - Connection pool is full, discarding connection: automlws9124637538.blob.core.windows.net
WARNING - Connection pool is full, discarding connection: automlws9124637538.blob.core.windows.net
WARNING - Connection pool is full, discarding connection: automlws9124637538.blob.core.windows.net
WARNING - Connection pool is full, discarding connection: automlws9124637538.blob.core.windows.net
WARNING - Connection pool is full, discarding connection: automlws9124637538.blob.core.windows.net
WARNING - Connection pool is full, discarding connection: automlws9124637538.blob.core.windows.net
WARNING - Connection pool is full, discarding connection: automlws9124637538.blob.core.windows.net
WARNING - Connection pool is full, discarding connection: automlws9124637538.blob.core.windows.net
WARNING - Connection pool is full, discarding connection: automlws9124637538.blob.core.windows.net
WARNING - Connection pool is full, discarding connection: automlws9124637538.blob.core.windows.net
WARNING - Connection pool is full, discarding connection: automlws9124637538.blob.core.windows.net
WARNING - Connection pool is full, discarding connection: automlws9124637538.blob.core.windows.net
WARNING - Connection pool is full, discarding connection: automlws9124637538.blob.core.windows.net
WARNING - Connection pool is full, discarding connection: automlws9124637538.blob.core.windows.net
WARNING - Connection pool is full, discarding connection: automlws9124637538.blob.core.windows.net
WARNING - Connection pool is full, discarding connection: automlws9124637538.blob.core.windows.net
WARNING - Connection pool is full, discarding connection: automlws9124637538.blob.core.windows.net
WARNING - Connection pool is full, discarding connection: automlws9124637538.blob.core.windows.net
WARNING - Connection pool is full, discarding connection: automlws9124637538.blob.core.windows.net
WARNING - Connection pool is full, discarding connection: automlws9124637538.blob.core.windows.net
WARNING - Connection pool is full, discarding connection: automlws9124637538.blob.core.windows.net
WARNING - Connection pool is full, discarding connection: automlws9124637538.blob.core.windows.net
WARNING - Connection pool is full, discarding connection: automlws9124637538.blob.core.windows.net
WARNING - Connection pool is full, discarding connection: automlws9124637538.blob.core.windows.net
WARNING - Connection pool is full, discarding connection: automlws9124637538.blob.core.windows.net
WARNING - Connection pool is full, discarding connection: automlws9124637538.blob.core.windows.net
WARNING - Connection pool is full, discarding connection: automlws9124637538.blob.core.windows.net
WARNING - Connection pool is full, discarding connection: automlws9124637538.blob.core.windows.net
                                               0:03:59          nan    0.0919
ERROR: AutoMLEnsembleException:
	Message: AutoMLEnsembleException: Could not download all the models required for constructing the         final Ensemble. This can happen if the download of models didn't finish within the default timeout.         Please use `ensemble_download_models_timeout_sec` parameter in AutoMLConfig to set a larger timeout
	InnerException: None
	ErrorResponse 
{
    "error": {
        "code": "System",
        "inner_error": {
            "code": "AutoMLEnsemble"
        },
        "message": "AutoMLEnsembleException: Could not download all the models required for constructing the         final Ensemble. This can happen if the download of models didn't finish within the default timeout.         Please use `ensemble_download_models_timeout_sec` parameter in AutoMLConfig to set a larger timeout"
    }
}
Stopping criteria reached at iteration 11. Ending experiment.
Current status: FailedModelExplanations. Failed to explain best model
****************************************************************************************************
Traceback (most recent call last):
  File "azure_automl.py", line 71, in <module>
    main(args.train_path, args.pred_path, args.n_pred, args.dt, args.target, args.time_limit_min)
  File "azure_automl.py", line 32, in main
    best_run, fitted_model = experiment.submit(automl_config, show_output=True).get_output()
  File "/projappl/project_2003107/anaconda3/envs/azure_automl/lib/python3.7/site-packages/azureml/train/automl/run.py", line 666, in get_output
    activity_name=automl_shared_constants.TelemetryConstants.GET_OUTPUT
  File "/projappl/project_2003107/anaconda3/envs/azure_automl/lib/python3.7/site-packages/azureml/train/automl/run.py", line 591, in _get_child_run
    curr_run, child_runs_and_scores = self._get_run_internal(iteration, metric, "get_output")
  File "/projappl/project_2003107/anaconda3/envs/azure_automl/lib/python3.7/site-packages/azureml/train/automl/run.py", line 746, in _get_run_internal
    child_runs_and_scores = self._get_all_automl_child_runs(metric)
  File "/projappl/project_2003107/anaconda3/envs/azure_automl/lib/python3.7/site-packages/azureml/train/automl/run.py", line 780, in _get_all_automl_child_runs
    child_runs_scores.sort(key=lambda obj: obj[1], reverse=is_desc)
TypeError: '<' not supported between instances of 'list' and 'float'
