WARNING - Received unrecognized parameter ensemble_download_models_timeout_sec
Running on local machine
Parent Run ID: AutoML_9f11943f-1780-4b9b-b46b-0358c29933c1

Current status: DatasetFeaturization. Beginning to featurize the dataset.
Current status: DatasetFeaturizationCompleted. Completed featurizing the dataset.
Heuristic parameters: Target_Lag = '[1]', Target_Rolling_Window = '2'.
/projappl/project_2003107/anaconda3/envs/azure_automl/lib/python3.7/site-packages/azureml/_restclient/workspace_client.py:380: DeprecationWarning: The 'warn' method is deprecated, use 'warning' instead
  self._logger.warn('Converting non-string tag to string: (%s: %s)', key, val)
WARNING - Converting non-string tag to string: (forecasting_target_lags: [1])
WARNING - Converting non-string tag to string: (forecasting_target_rolling_window_size: 2)
WARNING - Converting non-string tag to string: (forecasting_max_horizon: 2223)
Current status: DatasetCrossValidationSplit. Generating individually featurized CV splits.
Current status: DatasetFeaturization. Beginning to featurize the CV split.
/projappl/project_2003107/anaconda3/envs/azure_automl/lib/python3.7/site-packages/azureml/automl/runtime/featurizer/transformer/timeseries/rolling_window.py:260: UserWarning: RollingWindow: "center" is not a configurable window option.
  'a configurable window option.')
/projappl/project_2003107/anaconda3/envs/azure_automl/lib/python3.7/site-packages/azureml/automl/runtime/featurizer/transformer/timeseries/rolling_window.py:260: UserWarning: RollingWindow: "closed" is not a configurable window option.
  'a configurable window option.')
Current status: DatasetFeaturizationCompleted. Completed featurizing the CV split.
Current status: DatasetFeaturization. Beginning to featurize the CV split.
Current status: DatasetFeaturizationCompleted. Completed featurizing the CV split.
Current status: DatasetFeaturization. Beginning to featurize the CV split.
Current status: DatasetFeaturizationCompleted. Completed featurizing the CV split.
Current status: DatasetFeaturization. Beginning to featurize the CV split.
Current status: DatasetFeaturizationCompleted. Completed featurizing the CV split.
Current status: DatasetFeaturization. Beginning to featurize the CV split.
Current status: DatasetFeaturizationCompleted. Completed featurizing the CV split.

****************************************************************************************************
DATA GUARDRAILS: 

TYPE:         Frequency detection
STATUS:       PASSED
DESCRIPTION:  The time series was analyzed, all data points are aligned with detected frequency.
              

****************************************************************************************************

TYPE:         Missing feature values imputation
STATUS:       PASSED
DESCRIPTION:  No feature missing values were detected in the training data.
              Learn more about missing value imputation: https://aka.ms/AutomatedMLFeaturization

****************************************************************************************************

TYPE:         Memory Issues Detection
STATUS:       PASSED
DESCRIPTION:  The selected horizon, lag and rolling window values were analyzed, and no potential memory issues were detected.
              Learn more about time-series forecasting configurations: https://aka.ms/AutomatedMLForecastingConfiguration

****************************************************************************************************
Current status: ModelSelection. Beginning model selection.

****************************************************************************************************
ITERATION: The iteration being evaluated.
PIPELINE: A summary description of the pipeline being evaluated.
DURATION: Time taken for the current iteration.
METRIC: The result of computing score on the fitted pipeline.
BEST: The best observed score thus far.
****************************************************************************************************

 ITERATION   PIPELINE                                       DURATION      METRIC      BEST
/projappl/project_2003107/anaconda3/envs/azure_automl/lib/python3.7/site-packages/azureml/automl/core/_downloader.py:81: DeprecationWarning: time.clock has been deprecated in Python 3.3 and will be removed from Python 3.8: use time.perf_counter or time.process_time instead
  download_start_time = time.clock()
/projappl/project_2003107/anaconda3/envs/azure_automl/lib/python3.7/site-packages/azureml/automl/core/_downloader.py:89: DeprecationWarning: time.clock has been deprecated in Python 3.3 and will be removed from Python 3.8: use time.perf_counter or time.process_time instead
  download_end_time = time.clock()
         0   /projappl/project_2003107/anaconda3/envs/azure_automl/lib/python3.7/site-packages/sklearn/base.py:197: FutureWarning: From version 0.24, get_params will raise an AttributeError if a parameter cannot be retrieved as an instance attribute. Previously it would return None.
  FutureWarning)
RobustScaler LassoLars                         0:03:54       0.4615    0.4615
         1   RobustScaler DecisionTree                      0:08:53       0.4305    0.4305
         2   StandardScalerWrapper DecisionTree             0:08:29       0.3722    0.3722
         3   RobustScaler DecisionTree                      0:08:47       0.3723    0.3722
         4   StandardScalerWrapper ElasticNet               0:06:05       0.4512    0.3722
         5   MinMaxScaler DecisionTree                      0:07:22       0.3724    0.3722
         6   MinMaxScaler ElasticNet                        0:12:37       0.4561    0.3722
         7   StandardScalerWrapper DecisionTree             0:08:19       0.3722    0.3722
         8   StandardScalerWrapper DecisionTree             0:08:16       0.4123    0.3722
         9   RobustScaler DecisionTree                      0:09:20       0.3723    0.3722
        10   RobustScaler ElasticNet                        0:17:35       0.4606    0.3722
        11   RobustScaler DecisionTree                      0:08:33       0.3721    0.3721
        12   RobustScaler DecisionTree                      0:07:53       0.3722    0.3721
        13   StandardScalerWrapper DecisionTree             0:08:05       0.3797    0.3721
        14   MinMaxScaler DecisionTree                      0:09:11       0.3721    0.3721
        15   MinMaxScaler DecisionTree                      0:08:53       0.3723    0.3721
        16   RobustScaler DecisionTree                      0:08:57       0.3722    0.3721
        17   StandardScalerWrapper DecisionTree             0:08:59       0.3722    0.3721
        18   MinMaxScaler DecisionTree                      0:07:47       0.4013    0.3721
        19   StandardScalerWrapper LassoLars                0:04:21       0.4617    0.3721
        20   StandardScalerWrapper DecisionTree             0:08:42       0.3723    0.3721
        21   StandardScalerWrapper DecisionTree             0:07:37       0.3486    0.3486
        22   RobustScaler RandomForest                      0:09:47       0.3722    0.3486
        23   StandardScalerWrapper RandomForest             0:49:26       0.3286    0.3286
        24   MaxAbsScaler RandomForest                      0:05:41       0.3104    0.3104
        25   MaxAbsScaler RandomForest                      0:05:20       0.2538    0.2538
        26   MaxAbsScaler RandomForest                      0:11:03       0.3579    0.2538
        27   RobustScaler RandomForest                      1:28:05       0.3719    0.2538
        28   WARNING - Received unrecognized parameter ensemble_download_models_timeout_sec
WARNING - Received unrecognized parameter ensemble_download_models_timeout_sec
WARNING - Connection pool is full, discarding connection: automltimeseri1542891604.blob.core.windows.net
WARNING - Connection pool is full, discarding connection: automltimeseri1542891604.blob.core.windows.net
WARNING - Connection pool is full, discarding connection: automltimeseri1542891604.blob.core.windows.net
WARNING - Connection pool is full, discarding connection: automltimeseri1542891604.blob.core.windows.net
WARNING - Connection pool is full, discarding connection: automltimeseri1542891604.blob.core.windows.net
WARNING - Connection pool is full, discarding connection: automltimeseri1542891604.blob.core.windows.net
WARNING - Connection pool is full, discarding connection: automltimeseri1542891604.blob.core.windows.net
WARNING - Connection pool is full, discarding connection: automltimeseri1542891604.blob.core.windows.net
WARNING - Connection pool is full, discarding connection: automltimeseri1542891604.blob.core.windows.net
WARNING - Connection pool is full, discarding connection: automltimeseri1542891604.blob.core.windows.net
WARNING - Connection pool is full, discarding connection: automltimeseri1542891604.blob.core.windows.net
WARNING - Connection pool is full, discarding connection: automltimeseri1542891604.blob.core.windows.net
WARNING - Connection pool is full, discarding connection: automltimeseri1542891604.blob.core.windows.net
WARNING - Connection pool is full, discarding connection: automltimeseri1542891604.blob.core.windows.net
WARNING - Connection pool is full, discarding connection: automltimeseri1542891604.blob.core.windows.net
WARNING - Connection pool is full, discarding connection: automltimeseri1542891604.blob.core.windows.net
WARNING - Connection pool is full, discarding connection: automltimeseri1542891604.blob.core.windows.net
WARNING - Connection pool is full, discarding connection: automltimeseri1542891604.blob.core.windows.net
WARNING - Connection pool is full, discarding connection: automltimeseri1542891604.blob.core.windows.net
WARNING - Connection pool is full, discarding connection: automltimeseri1542891604.blob.core.windows.net
WARNING - Connection pool is full, discarding connection: automltimeseri1542891604.blob.core.windows.net
WARNING - Connection pool is full, discarding connection: automltimeseri1542891604.blob.core.windows.net
WARNING - Connection pool is full, discarding connection: automltimeseri1542891604.blob.core.windows.net
WARNING - Connection pool is full, discarding connection: automltimeseri1542891604.blob.core.windows.net
WARNING - Connection pool is full, discarding connection: automltimeseri1542891604.blob.core.windows.net
WARNING - Connection pool is full, discarding connection: automltimeseri1542891604.blob.core.windows.net
WARNING - Connection pool is full, discarding connection: automltimeseri1542891604.blob.core.windows.net
WARNING - Connection pool is full, discarding connection: automltimeseri1542891604.blob.core.windows.net
WARNING - Connection pool is full, discarding connection: automltimeseri1542891604.blob.core.windows.net
WARNING - Connection pool is full, discarding connection: automltimeseri1542891604.blob.core.windows.net
WARNING - Connection pool is full, discarding connection: automltimeseri1542891604.blob.core.windows.net
WARNING - Connection pool is full, discarding connection: automltimeseri1542891604.blob.core.windows.net
WARNING - Connection pool is full, discarding connection: automltimeseri1542891604.blob.core.windows.net
WARNING - Connection pool is full, discarding connection: automltimeseri1542891604.blob.core.windows.net
WARNING - Connection pool is full, discarding connection: automltimeseri1542891604.blob.core.windows.net
WARNING - Connection pool is full, discarding connection: automltimeseri1542891604.blob.core.windows.net
WARNING - Connection pool is full, discarding connection: automltimeseri1542891604.blob.core.windows.net
WARNING - Connection pool is full, discarding connection: automltimeseri1542891604.blob.core.windows.net
WARNING - Connection pool is full, discarding connection: automltimeseri1542891604.blob.core.windows.net
WARNING - Connection pool is full, discarding connection: automltimeseri1542891604.blob.core.windows.net
WARNING - Connection pool is full, discarding connection: automltimeseri1542891604.blob.core.windows.net
WARNING - Connection pool is full, discarding connection: automltimeseri1542891604.blob.core.windows.net
WARNING - Connection pool is full, discarding connection: automltimeseri1542891604.blob.core.windows.net
WARNING - Connection pool is full, discarding connection: automltimeseri1542891604.blob.core.windows.net
WARNING - Connection pool is full, discarding connection: automltimeseri1542891604.blob.core.windows.net
WARNING - Connection pool is full, discarding connection: automltimeseri1542891604.blob.core.windows.net
WARNING - Connection pool is full, discarding connection: automltimeseri1542891604.blob.core.windows.net
WARNING - Connection pool is full, discarding connection: automltimeseri1542891604.blob.core.windows.net
WARNING - Connection pool is full, discarding connection: automltimeseri1542891604.blob.core.windows.net
WARNING - Connection pool is full, discarding connection: automltimeseri1542891604.blob.core.windows.net
WARNING - Connection pool is full, discarding connection: automltimeseri1542891604.blob.core.windows.net
WARNING - Connection pool is full, discarding connection: automltimeseri1542891604.blob.core.windows.net
WARNING - Connection pool is full, discarding connection: automltimeseri1542891604.blob.core.windows.net
WARNING - Connection pool is full, discarding connection: automltimeseri1542891604.blob.core.windows.net
WARNING - Connection pool is full, discarding connection: automltimeseri1542891604.blob.core.windows.net
WARNING - Connection pool is full, discarding connection: automltimeseri1542891604.blob.core.windows.net
WARNING - Connection pool is full, discarding connection: automltimeseri1542891604.blob.core.windows.net
WARNING - Connection pool is full, discarding connection: automltimeseri1542891604.blob.core.windows.net
WARNING - Connection pool is full, discarding connection: automltimeseri1542891604.blob.core.windows.net
WARNING - Connection pool is full, discarding connection: automltimeseri1542891604.blob.core.windows.net
WARNING - Connection pool is full, discarding connection: automltimeseri1542891604.blob.core.windows.net
WARNING - Connection pool is full, discarding connection: automltimeseri1542891604.blob.core.windows.net
WARNING - Connection pool is full, discarding connection: automltimeseri1542891604.blob.core.windows.net
WARNING - Connection pool is full, discarding connection: automltimeseri1542891604.blob.core.windows.net
WARNING - Connection pool is full, discarding connection: automltimeseri1542891604.blob.core.windows.net
WARNING - Connection pool is full, discarding connection: automltimeseri1542891604.blob.core.windows.net
WARNING - Connection pool is full, discarding connection: automltimeseri1542891604.blob.core.windows.net
WARNING - Connection pool is full, discarding connection: automltimeseri1542891604.blob.core.windows.net
WARNING - Connection pool is full, discarding connection: automltimeseri1542891604.blob.core.windows.net
WARNING - Connection pool is full, discarding connection: automltimeseri1542891604.blob.core.windows.net
WARNING - Connection pool is full, discarding connection: automltimeseri1542891604.blob.core.windows.net
WARNING - Connection pool is full, discarding connection: automltimeseri1542891604.blob.core.windows.net
WARNING - Connection pool is full, discarding connection: automltimeseri1542891604.blob.core.windows.net
WARNING - Connection pool is full, discarding connection: automltimeseri1542891604.blob.core.windows.net
WARNING - Connection pool is full, discarding connection: automltimeseri1542891604.blob.core.windows.net
WARNING - Connection pool is full, discarding connection: automltimeseri1542891604.blob.core.windows.net
WARNING - Connection pool is full, discarding connection: automltimeseri1542891604.blob.core.windows.net
WARNING - Connection pool is full, discarding connection: automltimeseri1542891604.blob.core.windows.net
WARNING - Connection pool is full, discarding connection: automltimeseri1542891604.blob.core.windows.net
WARNING - Connection pool is full, discarding connection: automltimeseri1542891604.blob.core.windows.net
WARNING - Connection pool is full, discarding connection: automltimeseri1542891604.blob.core.windows.net
WARNING - Connection pool is full, discarding connection: automltimeseri1542891604.blob.core.windows.net
WARNING - Connection pool is full, discarding connection: automltimeseri1542891604.blob.core.windows.net
WARNING - Connection pool is full, discarding connection: automltimeseri1542891604.blob.core.windows.net
WARNING - Connection pool is full, discarding connection: automltimeseri1542891604.blob.core.windows.net
WARNING - Connection pool is full, discarding connection: automltimeseri1542891604.blob.core.windows.net
WARNING - Connection pool is full, discarding connection: automltimeseri1542891604.blob.core.windows.net
WARNING - Connection pool is full, discarding connection: automltimeseri1542891604.blob.core.windows.net
WARNING - Connection pool is full, discarding connection: automltimeseri1542891604.blob.core.windows.net
WARNING - Connection pool is full, discarding connection: automltimeseri1542891604.blob.core.windows.net
WARNING - Connection pool is full, discarding connection: automltimeseri1542891604.blob.core.windows.net
WARNING - Connection pool is full, discarding connection: automltimeseri1542891604.blob.core.windows.net
WARNING - Connection pool is full, discarding connection: automltimeseri1542891604.blob.core.windows.net
WARNING - Connection pool is full, discarding connection: automltimeseri1542891604.blob.core.windows.net
WARNING - Connection pool is full, discarding connection: automltimeseri1542891604.blob.core.windows.net
WARNING - Connection pool is full, discarding connection: automltimeseri1542891604.blob.core.windows.net
WARNING - Connection pool is full, discarding connection: automltimeseri1542891604.blob.core.windows.net
WARNING - Connection pool is full, discarding connection: automltimeseri1542891604.blob.core.windows.net
WARNING - Connection pool is full, discarding connection: automltimeseri1542891604.blob.core.windows.net
WARNING - Connection pool is full, discarding connection: automltimeseri1542891604.blob.core.windows.net
WARNING - Connection pool is full, discarding connection: automltimeseri1542891604.blob.core.windows.net
WARNING - Connection pool is full, discarding connection: automltimeseri1542891604.blob.core.windows.net
WARNING - Connection pool is full, discarding connection: automltimeseri1542891604.blob.core.windows.net
WARNING - Connection pool is full, discarding connection: automltimeseri1542891604.blob.core.windows.net
WARNING - Connection pool is full, discarding connection: automltimeseri1542891604.blob.core.windows.net
WARNING - Connection pool is full, discarding connection: automltimeseri1542891604.blob.core.windows.net
WARNING - Connection pool is full, discarding connection: automltimeseri1542891604.blob.core.windows.net
WARNING - Connection pool is full, discarding connection: automltimeseri1542891604.blob.core.windows.net
WARNING - Connection pool is full, discarding connection: automltimeseri1542891604.blob.core.windows.net
WARNING - Connection pool is full, discarding connection: automltimeseri1542891604.blob.core.windows.net
WARNING - Connection pool is full, discarding connection: automltimeseri1542891604.blob.core.windows.net
WARNING - Connection pool is full, discarding connection: automltimeseri1542891604.blob.core.windows.net
WARNING - Connection pool is full, discarding connection: automltimeseri1542891604.blob.core.windows.net
WARNING - Connection pool is full, discarding connection: automltimeseri1542891604.blob.core.windows.net
WARNING - Connection pool is full, discarding connection: automltimeseri1542891604.blob.core.windows.net
WARNING - Connection pool is full, discarding connection: automltimeseri1542891604.blob.core.windows.net
WARNING - Connection pool is full, discarding connection: automltimeseri1542891604.blob.core.windows.net
WARNING - Connection pool is full, discarding connection: automltimeseri1542891604.blob.core.windows.net
WARNING - Connection pool is full, discarding connection: automltimeseri1542891604.blob.core.windows.net
WARNING - Connection pool is full, discarding connection: automltimeseri1542891604.blob.core.windows.net
WARNING - Connection pool is full, discarding connection: automltimeseri1542891604.blob.core.windows.net
WARNING - Connection pool is full, discarding connection: automltimeseri1542891604.blob.core.windows.net
WARNING - Connection pool is full, discarding connection: automltimeseri1542891604.blob.core.windows.net
WARNING - Connection pool is full, discarding connection: automltimeseri1542891604.blob.core.windows.net
WARNING - Connection pool is full, discarding connection: automltimeseri1542891604.blob.core.windows.net
WARNING - Connection pool is full, discarding connection: automltimeseri1542891604.blob.core.windows.net
WARNING - Connection pool is full, discarding connection: automltimeseri1542891604.blob.core.windows.net
WARNING - Connection pool is full, discarding connection: automltimeseri1542891604.blob.core.windows.net
WARNING - Connection pool is full, discarding connection: automltimeseri1542891604.blob.core.windows.net
WARNING - Connection pool is full, discarding connection: automltimeseri1542891604.blob.core.windows.net
WARNING - Connection pool is full, discarding connection: automltimeseri1542891604.blob.core.windows.net
WARNING - Connection pool is full, discarding connection: automltimeseri1542891604.blob.core.windows.net
WARNING - Connection pool is full, discarding connection: automltimeseri1542891604.blob.core.windows.net
WARNING - Connection pool is full, discarding connection: automltimeseri1542891604.blob.core.windows.net
WARNING - Connection pool is full, discarding connection: automltimeseri1542891604.blob.core.windows.net
WARNING - Connection pool is full, discarding connection: automltimeseri1542891604.blob.core.windows.net
WARNING - Connection pool is full, discarding connection: automltimeseri1542891604.blob.core.windows.net
WARNING - Connection pool is full, discarding connection: automltimeseri1542891604.blob.core.windows.net
WARNING - Connection pool is full, discarding connection: automltimeseri1542891604.blob.core.windows.net
WARNING - Connection pool is full, discarding connection: automltimeseri1542891604.blob.core.windows.net
WARNING - Connection pool is full, discarding connection: automltimeseri1542891604.blob.core.windows.net
WARNING - Connection pool is full, discarding connection: automltimeseri1542891604.blob.core.windows.net
WARNING - Connection pool is full, discarding connection: automltimeseri1542891604.blob.core.windows.net
WARNING - Connection pool is full, discarding connection: automltimeseri1542891604.blob.core.windows.net
WARNING - Connection pool is full, discarding connection: automltimeseri1542891604.blob.core.windows.net
WARNING - Connection pool is full, discarding connection: automltimeseri1542891604.blob.core.windows.net
WARNING - Connection pool is full, discarding connection: automltimeseri1542891604.blob.core.windows.net
WARNING - Connection pool is full, discarding connection: automltimeseri1542891604.blob.core.windows.net
WARNING - Connection pool is full, discarding connection: automltimeseri1542891604.blob.core.windows.net
WARNING - Connection pool is full, discarding connection: automltimeseri1542891604.blob.core.windows.net
WARNING - Connection pool is full, discarding connection: automltimeseri1542891604.blob.core.windows.net
WARNING - Connection pool is full, discarding connection: automltimeseri1542891604.blob.core.windows.net
WARNING - Connection pool is full, discarding connection: automltimeseri1542891604.blob.core.windows.net
WARNING - Connection pool is full, discarding connection: automltimeseri1542891604.blob.core.windows.net
WARNING - Connection pool is full, discarding connection: automltimeseri1542891604.blob.core.windows.net
WARNING - Connection pool is full, discarding connection: automltimeseri1542891604.blob.core.windows.net
WARNING - Connection pool is full, discarding connection: automltimeseri1542891604.blob.core.windows.net
WARNING - Connection pool is full, discarding connection: automltimeseri1542891604.blob.core.windows.net
WARNING - Connection pool is full, discarding connection: automltimeseri1542891604.blob.core.windows.net
WARNING - Connection pool is full, discarding connection: automltimeseri1542891604.blob.core.windows.net
WARNING - Connection pool is full, discarding connection: automltimeseri1542891604.blob.core.windows.net
WARNING - Connection pool is full, discarding connection: automltimeseri1542891604.blob.core.windows.net
WARNING - Connection pool is full, discarding connection: automltimeseri1542891604.blob.core.windows.net
WARNING - Connection pool is full, discarding connection: automltimeseri1542891604.blob.core.windows.net
WARNING - Connection pool is full, discarding connection: automltimeseri1542891604.blob.core.windows.net
WARNING - Connection pool is full, discarding connection: automltimeseri1542891604.blob.core.windows.net
WARNING - Connection pool is full, discarding connection: automltimeseri1542891604.blob.core.windows.net
WARNING - Connection pool is full, discarding connection: automltimeseri1542891604.blob.core.windows.net
WARNING - Connection pool is full, discarding connection: automltimeseri1542891604.blob.core.windows.net
WARNING - Connection pool is full, discarding connection: automltimeseri1542891604.blob.core.windows.net
WARNING - Connection pool is full, discarding connection: automltimeseri1542891604.blob.core.windows.net
WARNING - Connection pool is full, discarding connection: automltimeseri1542891604.blob.core.windows.net
WARNING - Connection pool is full, discarding connection: automltimeseri1542891604.blob.core.windows.net
WARNING - Connection pool is full, discarding connection: automltimeseri1542891604.blob.core.windows.net
/projappl/project_2003107/anaconda3/envs/azure_automl/lib/python3.7/site-packages/sklearn/base.py:197: FutureWarning: From version 0.24, get_params will raise an AttributeError if a parameter cannot be retrieved as an instance attribute. Previously it would return None.
  FutureWarning)
VotingEnsemble                                 0:09:17       0.2452    0.2452
Stopping criteria reached at iteration 29. Ending experiment.
WARNING - Received unrecognized parameter ensemble_download_models_timeout_sec
WARNING - Received unrecognized parameter ensemble_download_models_timeout_sec
WARNING - Received unrecognized parameter ensemble_download_models_timeout_sec
WARNING - Retrying (Retry(total=2, connect=None, read=None, redirect=None, status=None)) after connection broken by 'ProtocolError('Connection aborted.', ConnectionResetError(104, 'Connection reset by peer'))': /azureml/ExperimentRun/dcid.AutoML_9f11943f-1780-4b9b-b46b-0358c29933c1_28/outputs/model.pkl?sv=2019-02-02&sr=b&sig=VsW9cwhy8blAh2ZVRgKDbcP%2F2IngDrtMLyjRHMIraVU%3D&st=2021-01-21T19%3A23%3A12Z&se=2021-01-22T03%3A33%3A12Z&sp=r
****************************************************************************************************
numpy.ufunc size changed, may indicate binary incompatibility. Expected 192 from C header, got 216 from PyObject
Current status: BestRunExplainModel. Best run model explanations started
Current status: ModelExplanationDataSetSetup. Model explanations data setup completed
Current status: PickSurrogateModel. Choosing LightGBM as the surrogate model for explanations
Current status: EngineeredFeatureExplanations. Computation of engineered features started
Setting feature_perturbation = "tree_path_dependent" because no background data was given.
Current status: EngineeredFeatureExplanations. Computation of engineered features completed
Current status: BestRunExplainModel. Best run model explanations completed
****************************************************************************************************
WARNING - Received unrecognized parameter ensemble_download_models_timeout_sec
WARNING - Received unrecognized parameter ensemble_download_models_timeout_sec
WARNING - Received unrecognized parameter ensemble_download_models_timeout_sec
Best pipeline:
<class 'sklearn.ensemble._voting.VotingRegressor'>
0. Pipeline(memory=None,
         steps=[('maxabsscaler', MaxAbsScaler(copy=True)),
                ('randomforestregressor',
                 RandomForestRegressor(bootstrap=False, ccp_alpha=0.0,
                                       criterion='mse', max_depth=None,
                                       max_features=0.05, max_leaf_nodes=None,
                                       max_samples=None,
                                       min_impurity_decrease=0.0,
                                       min_impurity_split=None,
                                       min_samples_leaf=0.07388264419939175,
                                       min_samples_split=0.000630957344480193,
                                       min_weight_fraction_leaf=0.0,
                                       n_estimators=50, n_jobs=-1,
                                       oob_score=False, random_state=None,
                                       verbose=0, warm_start=False))],
         verbose=False)
1. Pipeline(memory=None,
         steps=[('standardscalerwrapper',
                 <azureml.automl.runtime.shared.model_wrappers.StandardScalerWrapper object at 0x7f5674785910>),
                ('decisiontreeregressor',
                 DecisionTreeRegressor(ccp_alpha=0.0, criterion='mse',
                                       max_depth=None, max_features=0.9,
                                       max_leaf_nodes=None,
                                       min_impurity_decrease=0.0,
                                       min_impurity_split=None,
                                       min_samples_leaf=0.023549442793925488,
                                       min_samples_split=0.0010734188827013528,
                                       min_weight_fraction_leaf=0.0,
                                       presort='deprecated', random_state=None,
                                       splitter='best'))],
         verbose=False)

['horizon_origin', '_automl_target_col_lag1H', '_automl_target_col_min_window2H', '_automl_target_col_max_window2H', '_automl_target_col_mean_window2H', 'year', 'half', 'quarter', 'month', 'day', 'hour', 'am_pm', 'hour12', 'wday', 'qday', 'week']
       RawFeatureName TypeDetected Dropped  EngineeredFeatureCount  \
0  datetime            DateTime     No      12                       
1  _automl_target_col  Numeric      No      4                        

                                                                                                                                                                                                                                                 Transformations  
0  [MaxHorizonFeaturizer, DateTimeTransformer, DateTimeTransformer, DateTimeTransformer, DateTimeTransformer, DateTimeTransformer, DateTimeTransformer, DateTimeTransformer, DateTimeTransformer, DateTimeTransformer, DateTimeTransformer, DateTimeTransformer]  
1  [Lag, minRollingWindow, maxRollingWindow, meanRollingWindow]                                                                                                                                                                                                   
The concatenated objects may have different ts_value_colname values, result using the ts_value_colname of the first object
Sorting because non-concatenation axis is not aligned. A future version
of pandas will change to not sort by default.

To accept the future behavior, pass 'sort=False'.

To retain the current behavior and silence the warning, pass 'sort=True'.

The concatenated objects may have different ts_value_colname values, result using the ts_value_colname of the first object
