WARNING - Received unrecognized parameter ensemble_download_models_timeout_sec
Running on local machine
Parent Run ID: AutoML_c5450967-1395-472a-993f-4c396a33ee10

Current status: DatasetFeaturization. Beginning to featurize the dataset.
Current status: DatasetFeaturizationCompleted. Completed featurizing the dataset.
Heuristic parameters: Target_Lag = '[0]', Target_Rolling_Window = '0'.
WARNING - Converting non-string tag to string: (forecasting_target_lags: [0])
WARNING - Converting non-string tag to string: (forecasting_target_rolling_window_size: 0)
WARNING - Converting non-string tag to string: (forecasting_max_horizon: 2223)
Current status: DatasetCrossValidationSplit. Generating individually featurized CV splits.
Current status: DatasetFeaturization. Beginning to featurize the CV split.
Current status: DatasetFeaturizationCompleted. Completed featurizing the CV split.
Current status: DatasetFeaturization. Beginning to featurize the CV split.
Current status: DatasetFeaturizationCompleted. Completed featurizing the CV split.
Current status: DatasetFeaturization. Beginning to featurize the CV split.
Current status: DatasetFeaturizationCompleted. Completed featurizing the CV split.
Current status: DatasetFeaturization. Beginning to featurize the CV split.
Current status: DatasetFeaturizationCompleted. Completed featurizing the CV split.
Current status: DatasetFeaturization. Beginning to featurize the CV split.
Current status: DatasetFeaturizationCompleted. Completed featurizing the CV split.

****************************************************************************************************
DATA GUARDRAILS: 

TYPE:         Frequency detection
STATUS:       PASSED
DESCRIPTION:  The time series was analyzed, all data points are aligned with detected frequency.
              

****************************************************************************************************

TYPE:         Missing feature values imputation
STATUS:       PASSED
DESCRIPTION:  No feature missing values were detected in the training data.
              Learn more about missing value imputation: https://aka.ms/AutomatedMLFeaturization

****************************************************************************************************

TYPE:         Memory Issues Detection
STATUS:       PASSED
DESCRIPTION:  The selected horizon, lag and rolling window values were analyzed, and no potential memory issues were detected.
              Learn more about time-series forecasting configurations: https://aka.ms/AutomatedMLForecastingConfiguration

****************************************************************************************************
Current status: ModelSelection. Beginning model selection.

****************************************************************************************************
ITERATION: The iteration being evaluated.
PIPELINE: A summary description of the pipeline being evaluated.
DURATION: Time taken for the current iteration.
METRIC: The result of computing score on the fitted pipeline.
BEST: The best observed score thus far.
****************************************************************************************************

 ITERATION   PIPELINE                                       DURATION      METRIC      BEST
         0   MaxAbsScaler DecisionTree                      0:00:24       0.1247    0.1247
         1   MinMaxScaler DecisionTree                      0:00:29       0.1251    0.1247
         2   StandardScalerWrapper LassoLars                0:00:21       0.1307    0.1247
         3   RobustScaler ElasticNet                        0:00:22       0.1294    0.1247
         4   StandardScalerWrapper LassoLars                0:00:23       0.1307    0.1247
         5   RobustScaler ElasticNet                        0:00:23       0.1307    0.1247
         6   WARNING - Retrying (Retry(total=2, connect=None, read=None, redirect=None, status=None)) after connection broken by 'ProtocolError('Connection aborted.', ConnectionResetError(104, 'Connection reset by peer'))': /azureml/ExperimentRun/dcid.AutoML_c5450967-1395-472a-993f-4c396a33ee10_6/outputs/env_dependencies.json?sv=2019-02-02&sr=b&sig=74Yy82kR%2BoV7OC3j4TrQGIViSIT9tfFCWpYIMBn8WFE%3D&st=2020-10-01T20%3A16%3A39Z&se=2020-10-02T20%3A26%3A39Z&sp=rcw&comp=block&blockid=TURBd01EQXdNREF3TURBd01EQXdNREF3TURBd01EQXdNREF3TURBd01EQSUzRA%3D%3D&timeout=30
WARNING - Retrying (Retry(total=2, connect=None, read=None, redirect=None, status=None)) after connection broken by 'ProtocolError('Connection aborted.', ConnectionResetError(104, 'Connection reset by peer'))': /azureml/ExperimentRun/dcid.AutoML_c5450967-1395-472a-993f-4c396a33ee10_6/outputs/model.pkl?sv=2019-02-02&sr=b&sig=zEYYuqHLS%2BiWOoBPk7c%2Bta1szWapsX36bpIa0bD2QJY%3D&st=2020-10-01T20%3A16%3A39Z&se=2020-10-02T20%3A26%3A39Z&sp=rcw&comp=block&blockid=TURBd01EQXdNREF3TURBd01EQXdNREF3TURBd01EQXdNREF3TURBd01EQSUzRA%3D%3D&timeout=30
RobustScaler DecisionTree                      0:03:04       0.1247    0.1247
         7   MinMaxScaler DecisionTree                      0:00:22       0.1311    0.1247
         8   RobustScaler DecisionTree                      0:00:21       0.1250    0.1247
         9   MinMaxScaler DecisionTree                      0:00:21       0.1253    0.1247
        10   StandardScalerWrapper DecisionTree             0:00:16       0.1253    0.1247
        11   StandardScalerWrapper DecisionTree             0:00:17       0.1255    0.1247
        12   RobustScaler DecisionTree                      0:00:21       0.1259    0.1247
        13   RobustScaler ElasticNet                        0:00:22       0.1292    0.1247
        14   StandardScalerWrapper DecisionTree             0:00:16       0.1262    0.1247
        15   MinMaxScaler DecisionTree                      0:00:22       0.1266    0.1247
        16   MinMaxScaler DecisionTree                      0:00:21       0.1251    0.1247
        17   RobustScaler DecisionTree                      0:00:16       0.1267    0.1247
        18   RobustScaler DecisionTree                      0:00:22       0.1259    0.1247
        19   StandardScalerWrapper DecisionTree             0:00:22       0.1258    0.1247
        20   StandardScalerWrapper DecisionTree             0:00:21       0.1272    0.1247
        21   WARNING - Retrying (Retry(total=2, connect=None, read=None, redirect=None, status=None)) after connection broken by 'ProtocolError('Connection aborted.', ConnectionResetError(104, 'Connection reset by peer'))': /azureml/ExperimentRun/dcid.AutoML_c5450967-1395-472a-993f-4c396a33ee10_21/outputs/scoring_file_v_1_0_0.py?sv=2019-02-02&sr=b&sig=3rBrXDG1C3oa9zLSQ3sOXPtxGj5yWfDSLBSpkfHxGhA%3D&st=2020-10-01T20%3A24%3A33Z&se=2020-10-02T20%3A34%3A33Z&sp=rcw&comp=block&blockid=TURBd01EQXdNREF3TURBd01EQXdNREF3TURBd01EQXdNREF3TURBd01EQSUzRA%3D%3D&timeout=30
WARNING - Retrying (Retry(total=2, connect=None, read=None, redirect=None, status=None)) after connection broken by 'ProtocolError('Connection aborted.', ConnectionResetError(104, 'Connection reset by peer'))': /azureml/ExperimentRun/dcid.AutoML_c5450967-1395-472a-993f-4c396a33ee10_21/outputs/model.pkl?sv=2019-02-02&sr=b&sig=M%2FWumtP%2FB%2BZ5jltYoLFny%2FAPWj9Kw1tN3r8tsOz999s%3D&st=2020-10-01T20%3A24%3A33Z&se=2020-10-02T20%3A34%3A33Z&sp=rcw&comp=block&blockid=TURBd01EQXdNREF3TURBd01EQXdNREF3TURBd01EQXdNREF3TURBd01EQSUzRA%3D%3D&timeout=30
StandardScalerWrapper ExtremeRandomTrees       0:03:08       0.1231    0.1231
        22   MinMaxScaler LightGBM                          0:00:23       0.1230    0.1230
        23   MinMaxScaler DecisionTree                      0:00:23       0.1261    0.1230
        24   MinMaxScaler DecisionTree                      0:00:23       0.1253    0.1230
        25   MinMaxScaler LightGBM                          0:00:22       0.1230    0.1230
        26   StandardScalerWrapper RandomForest             0:00:24       0.1231    0.1230
        27   StandardScalerWrapper ExtremeRandomTrees       0:00:25       0.1231    0.1230
        28   RobustScaler ExtremeRandomTrees                0:00:24       0.1233    0.1230
        29   MinMaxScaler ExtremeRandomTrees                0:00:26       0.1232    0.1230
        30   WARNING - Retrying (Retry(total=2, connect=None, read=None, redirect=None, status=None)) after connection broken by 'ProtocolError('Connection aborted.', ConnectionResetError(104, 'Connection reset by peer'))': /azureml/ExperimentRun/dcid.AutoML_c5450967-1395-472a-993f-4c396a33ee10_30/outputs/conda_env_v_1_0_0.yml?sv=2019-02-02&sr=b&sig=3pdggzuOF%2F1KkeoKevq4PnzSihMG%2FT5WEK5F%2FvrEhoM%3D&st=2020-10-01T20%3A30%3A54Z&se=2020-10-02T20%3A40%3A54Z&sp=rcw&comp=block&blockid=TURBd01EQXdNREF3TURBd01EQXdNREF3TURBd01EQXdNREF3TURBd01EQSUzRA%3D%3D&timeout=30
StandardScalerWrapper LightGBM                 0:02:57       0.1230    0.1230
        31   WARNING - Retrying (Retry(total=2, connect=None, read=None, redirect=None, status=None)) after connection broken by 'ProtocolError('Connection aborted.', ConnectionResetError(104, 'Connection reset by peer'))': /azureml/ExperimentRun/dcid.AutoML_c5450967-1395-472a-993f-4c396a33ee10_31/outputs/env_dependencies.json?sv=2019-02-02&sr=b&sig=KQh%2F%2F2clvnZp%2FKOkpsLnQvjHYSFQTpd1ZifSidVk0WI%3D&st=2020-10-01T20%3A33%3A53Z&se=2020-10-02T20%3A43%3A53Z&sp=rcw&comp=block&blockid=TURBd01EQXdNREF3TURBd01EQXdNREF3TURBd01EQXdNREF3TURBd01EQSUzRA%3D%3D&timeout=30
WARNING - Retrying (Retry(total=2, connect=None, read=None, redirect=None, status=None)) after connection broken by 'ProtocolError('Connection aborted.', ConnectionResetError(104, 'Connection reset by peer'))': /azureml/ExperimentRun/dcid.AutoML_c5450967-1395-472a-993f-4c396a33ee10_31/outputs/scoring_file_v_1_0_0.py?sv=2019-02-02&sr=b&sig=uOxmQYqzLtYdUZkz68jK7WnRM6oL53ITINwj4EVzgrc%3D&st=2020-10-01T20%3A33%3A53Z&se=2020-10-02T20%3A43%3A53Z&sp=rcw&comp=block&blockid=TURBd01EQXdNREF3TURBd01EQXdNREF3TURBd01EQXdNREF3TURBd01EQSUzRA%3D%3D&timeout=30
StandardScalerWrapper RandomForest             0:00:32       0.1230    0.1230
        32   StandardScalerWrapper ExtremeRandomTrees       0:00:23       0.1232    0.1230
        33   RobustScaler RandomForest                      0:00:24       0.1242    0.1230
        34   StandardScalerWrapper ExtremeRandomTrees       0:00:27       0.1231    0.1230
        35   StandardScalerWrapper RandomForest             0:00:26       0.1239    0.1230
        36   RobustScaler RandomForest                      0:00:19       0.1230    0.1230
        37   RobustScaler ExtremeRandomTrees                0:00:29       0.1230    0.1230
        38   MinMaxScaler ExtremeRandomTrees                0:00:26       0.1232    0.1230
        39   MinMaxScaler RandomForest                      0:00:24       0.1235    0.1230
        40   MinMaxScaler RandomForest                      0:00:19       0.1234    0.1230
        41   StandardScalerWrapper ExtremeRandomTrees       0:00:26       0.1232    0.1230
        42   RobustScaler ExtremeRandomTrees                0:00:28       0.1232    0.1230
        43   RobustScaler RandomForest                      0:00:31       0.1230    0.1230
        44   RobustScaler ExtremeRandomTrees                0:00:30       0.1231    0.1230
        45   StandardScalerWrapper RandomForest             0:00:23       0.1232    0.1230
        46   MinMaxScaler DecisionTree                      0:00:18       0.1241    0.1230
        47   RobustScaler ExtremeRandomTrees                0:00:24       0.1233    0.1230
        48   StandardScalerWrapper ExtremeRandomTrees       0:00:25       0.1234    0.1230
        49   RobustScaler RandomForest                      0:00:25       0.1236    0.1230
        50   StandardScalerWrapper RandomForest             0:00:29       0.1235    0.1230
        51   RobustScaler ExtremeRandomTrees                0:00:19       0.1239    0.1230
        52   MinMaxScaler RandomForest                      0:00:19       0.1234    0.1230
        53   StandardScalerWrapper ExtremeRandomTrees       0:00:23       0.1231    0.1230
        54   RobustScaler ExtremeRandomTrees                0:00:24       0.1232    0.1230
        55   RobustScaler RandomForest                      0:00:26       0.1238    0.1230
        56   RobustScaler RandomForest                      0:00:19       0.1232    0.1230
        57   RobustScaler ExtremeRandomTrees                0:00:25       0.1230    0.1230
        58   MinMaxScaler ExtremeRandomTrees                0:00:23       0.1232    0.1230
        59   RobustScaler RandomForest                      0:00:24       0.1232    0.1230
        60   RobustScaler RandomForest                      0:00:46       0.1231    0.1230
        61   MinMaxScaler ExtremeRandomTrees                0:00:28       0.1234    0.1230
        62   MinMaxScaler ExtremeRandomTrees                0:00:28       0.1234    0.1230
        63   StandardScalerWrapper ExtremeRandomTrees       0:00:19       0.1232    0.1230
        64   RobustScaler ExtremeRandomTrees                0:00:25       0.1230    0.1230
        65   RobustScaler RandomForest                      0:00:24       0.1236    0.1230
        66   MinMaxScaler ExtremeRandomTrees                0:00:25       0.1230    0.1230
        67   MinMaxScaler ExtremeRandomTrees                0:00:26       0.1232    0.1230
        68   MinMaxScaler ExtremeRandomTrees                0:00:26       0.1233    0.1230
        69   StandardScalerWrapper RandomForest             0:00:26       0.1229    0.1229
        70   StandardScalerWrapper RandomForest             0:00:25       0.1247    0.1229
        71   RobustScaler ExtremeRandomTrees                0:00:27       0.1230    0.1229
        72   StandardScalerWrapper ExtremeRandomTrees       0:00:22       0.1232    0.1229
        73   StandardScalerWrapper ExtremeRandomTrees       0:00:25       0.1234    0.1229
        74   StandardScalerWrapper GradientBoosting         0:00:20       0.1228    0.1228
        75   MinMaxScaler GradientBoosting                  0:00:26       0.1237    0.1228
        76   RobustScaler ExtremeRandomTrees                0:00:25       0.1231    0.1228
        77   StandardScalerWrapper RandomForest             0:00:26       0.1229    0.1228
        78   StandardScalerWrapper ExtremeRandomTrees       0:00:25       0.1231    0.1228
        79   MinMaxScaler ExtremeRandomTrees                0:00:24       0.1232    0.1228
        80   StandardScalerWrapper GradientBoosting         0:00:28       0.1226    0.1226
        81   StandardScalerWrapper RandomForest             0:00:29       0.1230    0.1226
        82   RobustScaler RandomForest                      0:00:26       0.1229    0.1226
        83   MinMaxScaler RandomForest                      0:00:25       0.1230    0.1226
        84   WARNING - Retrying (Retry(total=2, connect=None, read=None, redirect=None, status=None)) after connection broken by 'ProtocolError('Connection aborted.', ConnectionResetError(104, 'Connection reset by peer'))': /azureml/ExperimentRun/dcid.AutoML_c5450967-1395-472a-993f-4c396a33ee10_84/outputs/conda_env_v_1_0_0.yml?sv=2019-02-02&sr=b&sig=JLBC%2FM2G9qWwQEMfR1aNXB7XeB9MncPkjTwxJtUCrh8%3D&st=2020-10-01T20%3A56%3A39Z&se=2020-10-02T21%3A06%3A39Z&sp=rcw&comp=block&blockid=TURBd01EQXdNREF3TURBd01EQXdNREF3TURBd01EQXdNREF3TURBd01EQSUzRA%3D%3D&timeout=30
WARNING - Retrying (Retry(total=2, connect=None, read=None, redirect=None, status=None)) after connection broken by 'ProtocolError('Connection aborted.', ConnectionResetError(104, 'Connection reset by peer'))': /azureml/ExperimentRun/dcid.AutoML_c5450967-1395-472a-993f-4c396a33ee10_84/outputs/model.pkl?sv=2019-02-02&sr=b&sig=8XoSwqoIo2oyt2dD%2BU5EHuZyFe9zqID7e1rHy4ET4zY%3D&st=2020-10-01T20%3A56%3A39Z&se=2020-10-02T21%3A06%3A39Z&sp=rcw&comp=block&blockid=TURBd01EQXdNREF3TURBd01EQXdNREF3TURBd01EQXdNREF3TURBd01EQSUzRA%3D%3D&timeout=30
RobustScaler ExtremeRandomTrees                0:03:02       0.1232    0.1226
        85   RobustScaler GradientBoosting                  0:00:23       0.1268    0.1226
        86   StandardScalerWrapper ExtremeRandomTrees       0:00:30       0.1230    0.1226
        87   StandardScalerWrapper ExtremeRandomTrees       0:00:26       0.1233    0.1226
        88   StandardScalerWrapper ExtremeRandomTrees       0:00:28       0.1232    0.1226
        89   MinMaxScaler ExtremeRandomTrees                0:00:19       0.1232    0.1226
        90   StandardScalerWrapper GradientBoosting         0:00:24       0.1234    0.1226
        91   StandardScalerWrapper RandomForest             0:00:30       0.1230    0.1226
        92   MinMaxScaler RandomForest                      0:00:29       0.1230    0.1226
        93   RobustScaler RandomForest                      0:00:24       0.1230    0.1226
        94   RobustScaler RandomForest                      0:00:24       0.1232    0.1226
        95   WARNING - Retrying (Retry(total=2, connect=None, read=None, redirect=None, status=None)) after connection broken by 'ProtocolError('Connection aborted.', ConnectionResetError(104, 'Connection reset by peer'))': /azureml/ExperimentRun/dcid.AutoML_c5450967-1395-472a-993f-4c396a33ee10_95/outputs/conda_env_v_1_0_0.yml?sv=2019-02-02&sr=b&sig=H0Qs9iREVb5qHVx2lUZQlvGTqMflv5UAAXOOQGxQfH8%3D&st=2020-10-01T21%3A04%3A02Z&se=2020-10-02T21%3A14%3A02Z&sp=rcw&comp=block&blockid=TURBd01EQXdNREF3TURBd01EQXdNREF3TURBd01EQXdNREF3TURBd01EQSUzRA%3D%3D&timeout=30
WARNING - Retrying (Retry(total=2, connect=None, read=None, redirect=None, status=None)) after connection broken by 'ProtocolError('Connection aborted.', ConnectionResetError(104, 'Connection reset by peer'))': /azureml/ExperimentRun/dcid.AutoML_c5450967-1395-472a-993f-4c396a33ee10_95/outputs/model.pkl?sv=2019-02-02&sr=b&sig=IImV8Ia485HVM9UDBFHxc2rxjOsUbtGIeGKG9hns9zw%3D&st=2020-10-01T21%3A04%3A02Z&se=2020-10-02T21%3A14%3A02Z&sp=rcw&comp=block&blockid=TURBd01EQXdNREF3TURBd01EQXdNREF3TURBd01EQXdNREF3TURBd01EQSUzRA%3D%3D&timeout=30
RobustScaler GradientBoosting                  0:03:08       0.1230    0.1226
        96   StandardScalerWrapper ExtremeRandomTrees       0:00:26       0.1230    0.1226
        97   StandardScalerWrapper ExtremeRandomTrees       0:00:28       0.1234    0.1226
        98   MinMaxScaler ExtremeRandomTrees                0:00:20       0.1232    0.1226
        99   StandardScalerWrapper ExtremeRandomTrees       0:00:26       0.1230    0.1226
       100   RobustScaler GradientBoosting                  0:00:21       0.1229    0.1226
       101   StandardScalerWrapper RandomForest             0:00:24       0.1232    0.1226
       102   MinMaxScaler ExtremeRandomTrees                0:00:20       0.1231    0.1226
       103   StandardScalerWrapper ExtremeRandomTrees       0:00:25       0.1232    0.1226
       104   StandardScalerWrapper ExtremeRandomTrees       0:00:24       0.1232    0.1226
       105   StandardScalerWrapper GradientBoosting         0:00:20       0.1230    0.1226
       106   MinMaxScaler ExtremeRandomTrees                0:00:24       0.1231    0.1226
       107   RobustScaler RandomForest                      0:00:28       0.1229    0.1226
       108   StandardScalerWrapper RandomForest             0:00:25       0.1233    0.1226
       109   RobustScaler ExtremeRandomTrees                0:00:24       0.1231    0.1226
       110   WARNING - Retrying (Retry(total=2, connect=None, read=None, redirect=None, status=None)) after connection broken by 'ProtocolError('Connection aborted.', ConnectionResetError(104, 'Connection reset by peer'))': /azureml/ExperimentRun/dcid.AutoML_c5450967-1395-472a-993f-4c396a33ee10_110/outputs/scoring_file_v_1_0_0.py?sv=2019-02-02&sr=b&sig=5AFMdDjxGL4PWD6b9FpZlep%2Fr9MoJ%2Boavn%2Bwsyh32Mw%3D&st=2020-10-01T21%3A12%3A52Z&se=2020-10-02T21%3A22%3A52Z&sp=rcw&comp=block&blockid=TURBd01EQXdNREF3TURBd01EQXdNREF3TURBd01EQXdNREF3TURBd01EQSUzRA%3D%3D&timeout=30
WARNING - Retrying (Retry(total=2, connect=None, read=None, redirect=None, status=None)) after connection broken by 'ProtocolError('Connection aborted.', ConnectionResetError(104, 'Connection reset by peer'))': /azureml/ExperimentRun/dcid.AutoML_c5450967-1395-472a-993f-4c396a33ee10_110/outputs/conda_env_v_1_0_0.yml?sv=2019-02-02&sr=b&sig=VKEoPTiMTjhCW8EiLUBPLBPaFobcy2XorwRCl3yI3zM%3D&st=2020-10-01T21%3A12%3A52Z&se=2020-10-02T21%3A22%3A52Z&sp=rcw&comp=block&blockid=TURBd01EQXdNREF3TURBd01EQXdNREF3TURBd01EQXdNREF3TURBd01EQSUzRA%3D%3D&timeout=30
WARNING - Retrying (Retry(total=2, connect=None, read=None, redirect=None, status=None)) after connection broken by 'ProtocolError('Connection aborted.', ConnectionResetError(104, 'Connection reset by peer'))': /azureml/ExperimentRun/dcid.AutoML_c5450967-1395-472a-993f-4c396a33ee10_110/outputs/pipeline_graph.json?sv=2019-02-02&sr=b&sig=y6zlpz%2BUTiJUzwZanjbj%2F6AqWeUMP%2BYIuMbf3RiOw8Y%3D&st=2020-10-01T21%3A12%3A52Z&se=2020-10-02T21%3A22%3A52Z&sp=rcw&comp=block&blockid=TURBd01EQXdNREF3TURBd01EQXdNREF3TURBd01EQXdNREF3TURBd01EQSUzRA%3D%3D&timeout=30
MinMaxScaler GradientBoosting                  0:03:01       0.1247    0.1226
       111   MinMaxScaler RandomForest                      0:00:27       0.1230    0.1226
       112   RobustScaler ExtremeRandomTrees                0:00:27       0.1230    0.1226
       113   StandardScalerWrapper ExtremeRandomTrees       0:00:30       0.1232    0.1226
       114   StandardScalerWrapper ExtremeRandomTrees       0:00:29       0.1230    0.1226
       115   RobustScaler GradientBoosting                  0:00:28       0.1228    0.1226
       116   RobustScaler ExtremeRandomTrees                0:00:27       0.1232    0.1226
       117   RobustScaler ExtremeRandomTrees                0:00:22       0.1231    0.1226
       118   RobustScaler RandomForest                      0:00:25       0.1232    0.1226
       119   WARNING - Retrying (Retry(total=2, connect=None, read=None, redirect=None, status=None)) after connection broken by 'ProtocolError('Connection aborted.', ConnectionResetError(104, 'Connection reset by peer'))': /azureml/ExperimentRun/dcid.AutoML_c5450967-1395-472a-993f-4c396a33ee10_119/outputs/conda_env_v_1_0_0.yml?sv=2019-02-02&sr=b&sig=l6FHeQb4wo2owzc9pYayN7ys24ugJ8hTfieAeIw9X4s%3D&st=2020-10-01T21%3A19%3A38Z&se=2020-10-02T21%3A29%3A38Z&sp=rcw&comp=block&blockid=TURBd01EQXdNREF3TURBd01EQXdNREF3TURBd01EQXdNREF3TURBd01EQSUzRA%3D%3D&timeout=30
RobustScaler ExtremeRandomTrees                0:03:05       0.1236    0.1226
       120   RobustScaler GradientBoosting                  0:00:24       0.1235    0.1226
       121   MinMaxScaler RandomForest                      0:00:26       0.1229    0.1226
       122   RobustScaler ExtremeRandomTrees                0:00:29       0.1233    0.1226
       123   StandardScalerWrapper ExtremeRandomTrees       0:00:29       0.1231    0.1226
       124   MinMaxScaler ExtremeRandomTrees                0:00:24       0.1232    0.1226
       125   MinMaxScaler GradientBoosting                  0:00:24       0.1236    0.1226
       126   MinMaxScaler RandomForest                      0:00:25       0.1231    0.1226
       127   WARNING - Retrying (Retry(total=2, connect=None, read=None, redirect=None, status=None)) after connection broken by 'ProtocolError('Connection aborted.', ConnectionResetError(104, 'Connection reset by peer'))': /azureml/ExperimentRun/dcid.AutoML_c5450967-1395-472a-993f-4c396a33ee10_127/outputs/pipeline_graph.json?sv=2019-02-02&sr=b&sig=Pvqw0UFngiJJRlHjP4wPO13nFq4%2FhxO5sT05rVdj2Dw%3D&st=2020-10-01T21%3A25%3A48Z&se=2020-10-02T21%3A35%3A48Z&sp=rcw&comp=block&blockid=TURBd01EQXdNREF3TURBd01EQXdNREF3TURBd01EQXdNREF3TURBd01EQSUzRA%3D%3D&timeout=30
WARNING - Retrying (Retry(total=2, connect=None, read=None, redirect=None, status=None)) after connection broken by 'ProtocolError('Connection aborted.', ConnectionResetError(104, 'Connection reset by peer'))': /azureml/ExperimentRun/dcid.AutoML_c5450967-1395-472a-993f-4c396a33ee10_127/outputs/model.pkl?sv=2019-02-02&sr=b&sig=LhKAZKM%2BP%2BiSMiUQTMZO8C1LEfGOmH%2BnHSchJRLvuEk%3D&st=2020-10-01T21%3A25%3A48Z&se=2020-10-02T21%3A35%3A48Z&sp=rcw&comp=block&blockid=TURBd01EQXdNREF3TURBd01EQXdNREF3TURBd01EQXdNREF3TURBd01EQSUzRA%3D%3D&timeout=30
RobustScaler ExtremeRandomTrees                0:03:10       0.1242    0.1226
       128   RobustScaler ExtremeRandomTrees                0:00:33       0.1231    0.1226
       129   RobustScaler ExtremeRandomTrees                0:00:25       0.1236    0.1226
       130   MinMaxScaler GradientBoosting                  0:00:26       0.1234    0.1226
       131   StandardScalerWrapper ExtremeRandomTrees       0:00:26       0.1232    0.1226
       132   MinMaxScaler RandomForest                      0:00:28       0.1232    0.1226
       133   MinMaxScaler ExtremeRandomTrees                0:00:30       0.1230    0.1226
       134   WARNING - Retrying (Retry(total=2, connect=None, read=None, redirect=None, status=None)) after connection broken by 'ProtocolError('Connection aborted.', ConnectionResetError(104, 'Connection reset by peer'))': /azureml/ExperimentRun/dcid.AutoML_c5450967-1395-472a-993f-4c396a33ee10_134/outputs/scoring_file_v_1_0_0.py?sv=2019-02-02&sr=b&sig=alOdFJcFG1xkiV4IlCZQ7Zg8aY1P3ZPwNirfTYVm4rg%3D&st=2020-10-01T21%3A31%3A42Z&se=2020-10-02T21%3A41%3A42Z&sp=rcw&comp=block&blockid=TURBd01EQXdNREF3TURBd01EQXdNREF3TURBd01EQXdNREF3TURBd01EQSUzRA%3D%3D&timeout=30
WARNING - Retrying (Retry(total=2, connect=None, read=None, redirect=None, status=None)) after connection broken by 'ProtocolError('Connection aborted.', ConnectionResetError(104, 'Connection reset by peer'))': /azureml/ExperimentRun/dcid.AutoML_c5450967-1395-472a-993f-4c396a33ee10_134/outputs/pipeline_graph.json?sv=2019-02-02&sr=b&sig=3c1%2Bqa8fbwqM5JbuwfIEoLWuPweXIt7ru1zyEcX1sAg%3D&st=2020-10-01T21%3A31%3A42Z&se=2020-10-02T21%3A41%3A42Z&sp=rcw&comp=block&blockid=TURBd01EQXdNREF3TURBd01EQXdNREF3TURBd01EQXdNREF3TURBd01EQSUzRA%3D%3D&timeout=30
MinMaxScaler ExtremeRandomTrees                0:03:03       0.1233    0.1226
       135   StandardScalerWrapper GradientBoosting         0:00:27       0.1233    0.1226
       136   StandardScalerWrapper RandomForest             0:00:26       0.1231    0.1226
       137   RobustScaler ExtremeRandomTrees                0:00:27       0.1233    0.1226
       138   RobustScaler RandomForest                      0:00:20       0.1231    0.1226
       139   RobustScaler LightGBM                          0:00:24       0.1230    0.1226
       140   WARNING - Retrying (Retry(total=2, connect=None, read=None, redirect=None, status=None)) after connection broken by 'ProtocolError('Connection aborted.', ConnectionResetError(104, 'Connection reset by peer'))': /azureml/ExperimentRun/dcid.AutoML_c5450967-1395-472a-993f-4c396a33ee10_140/outputs/scoring_file_v_1_0_0.py?sv=2019-02-02&sr=b&sig=%2FXgZdArxpDoUCEg%2BK7NSRnLIBJld8%2FfuuRnAYzAvMHQ%3D&st=2020-10-01T21%3A37%3A00Z&se=2020-10-02T21%3A47%3A00Z&sp=rcw&comp=block&blockid=TURBd01EQXdNREF3TURBd01EQXdNREF3TURBd01EQXdNREF3TURBd01EQSUzRA%3D%3D&timeout=30
MinMaxScaler GradientBoosting                  0:03:08       0.1239    0.1226
       141   WARNING - Retrying (Retry(total=2, connect=None, read=None, redirect=None, status=None)) after connection broken by 'ProtocolError('Connection aborted.', ConnectionResetError(104, 'Connection reset by peer'))': /azureml/ExperimentRun/dcid.AutoML_c5450967-1395-472a-993f-4c396a33ee10_141/outputs/pipeline_graph.json?sv=2019-02-02&sr=b&sig=WEygV8KqRgT8D6D%2Bui6BUNFv00aD7rubZfd2AdPu4Ck%3D&st=2020-10-01T21%3A40%3A00Z&se=2020-10-02T21%3A50%3A00Z&sp=rcw&comp=block&blockid=TURBd01EQXdNREF3TURBd01EQXdNREF3TURBd01EQXdNREF3TURBd01EQSUzRA%3D%3D&timeout=30
WARNING - Retrying (Retry(total=2, connect=None, read=None, redirect=None, status=None)) after connection broken by 'ProtocolError('Connection aborted.', ConnectionResetError(104, 'Connection reset by peer'))': /azureml/ExperimentRun/dcid.AutoML_c5450967-1395-472a-993f-4c396a33ee10_141/outputs/scoring_file_v_1_0_0.py?sv=2019-02-02&sr=b&sig=HTojO%2FKd8dNCIn0t6aLqXe5vzSs79X1l4DCEJMplEnM%3D&st=2020-10-01T21%3A40%3A00Z&se=2020-10-02T21%3A50%3A00Z&sp=rcw&comp=block&blockid=TURBd01EQXdNREF3TURBd01EQXdNREF3TURBd01EQXdNREF3TURBd01EQSUzRA%3D%3D&timeout=30
StandardScalerWrapper DecisionTree             0:00:28       0.1247    0.1226
       142   RobustScaler RandomForest                      0:00:25       0.1232    0.1226
       143   MinMaxScaler ExtremeRandomTrees                0:00:31       0.1232    0.1226
       144   StandardScalerWrapper RandomForest             0:00:20       0.1232    0.1226
       145   RobustScaler GradientBoosting                  0:00:25       0.1237    0.1226
       146   MinMaxScaler ExtremeRandomTrees                0:00:25       0.1231    0.1226
       147   StandardScalerWrapper RandomForest             0:00:27       0.1229    0.1226
       148   MinMaxScaler ExtremeRandomTrees                0:00:26       0.1232    0.1226
       149   MinMaxScaler ExtremeRandomTrees                0:00:27       0.1233    0.1226
       150   MinMaxScaler GradientBoosting                  0:00:19       0.1237    0.1226
       151   StandardScalerWrapper ExtremeRandomTrees       0:00:31       0.1233    0.1226
       152   StandardScalerWrapper RandomForest             0:00:24       0.1231    0.1226
       153   MinMaxScaler RandomForest                      0:00:26       0.1235    0.1226
       154   StandardScalerWrapper ExtremeRandomTrees       0:00:28       0.1231    0.1226
       155   StandardScalerWrapper GradientBoosting         0:00:25       0.1233    0.1226
       156   MinMaxScaler ExtremeRandomTrees                0:00:28       0.1236    0.1226
       157   StandardScalerWrapper ExtremeRandomTrees       0:00:27       0.1236    0.1226
       158   MinMaxScaler ExtremeRandomTrees                0:00:24       0.1237    0.1226
       159   MinMaxScaler RandomForest                      0:00:23       0.1233    0.1226
       160   MinMaxScaler GradientBoosting                  0:00:28       0.1243    0.1226
       161   StandardScalerWrapper ExtremeRandomTrees       0:00:24       0.1233    0.1226
       162   RobustScaler ExtremeRandomTrees                0:00:25       0.1231    0.1226
       163   StandardScalerWrapper ExtremeRandomTrees       0:00:26       0.1234    0.1226
       164   StandardScalerWrapper RandomForest             0:00:25       0.1230    0.1226
       165   StandardScalerWrapper GradientBoosting         0:00:32       0.1229    0.1226
       166   MinMaxScaler RandomForest                      0:00:25       0.1231    0.1226
       167   StandardScalerWrapper ExtremeRandomTrees       0:00:19       0.1232    0.1226
       168   MinMaxScaler ExtremeRandomTrees                0:00:24       0.1232    0.1226
       169   RobustScaler ExtremeRandomTrees                0:00:28       0.1233    0.1226
       170   RobustScaler GradientBoosting                  0:00:24       0.1228    0.1226
       171   StandardScalerWrapper ExtremeRandomTrees       0:00:24       0.1235    0.1226
       172   RobustScaler ExtremeRandomTrees                0:00:32       0.1230    0.1226
       173   RobustScaler RandomForest                      0:00:31       0.1230    0.1226
       174   MinMaxScaler RandomForest                      0:00:23       0.1235    0.1226
       175   MinMaxScaler GradientBoosting                  0:00:28       0.1234    0.1226
       176   StandardScalerWrapper RandomForest             0:00:26       0.1231    0.1226
       177   StandardScalerWrapper RandomForest             0:00:25       0.1230    0.1226
       178   RobustScaler ExtremeRandomTrees                0:00:20       0.1234    0.1226
       179   RobustScaler ExtremeRandomTrees                0:00:26       0.1231    0.1226
       180   StandardScalerWrapper GradientBoosting         0:00:25       0.1229    0.1226
       181   StandardScalerWrapper ExtremeRandomTrees       0:00:24       0.1233    0.1226
       182   StandardScalerWrapper ExtremeRandomTrees       0:00:31       0.1230    0.1226
       183   MinMaxScaler ExtremeRandomTrees                0:00:29       0.1233    0.1226
       184   MinMaxScaler RandomForest                      0:00:32       0.1230    0.1226
       185   StandardScalerWrapper GradientBoosting         0:00:26       0.1237    0.1226
       186   StandardScalerWrapper RandomForest             0:00:29       0.1231    0.1226
       187   StandardScalerWrapper RandomForest             0:00:24       0.1230    0.1226
       188   StandardScalerWrapper ExtremeRandomTrees       0:00:27       0.1236    0.1226
       189   MinMaxScaler ExtremeRandomTrees                0:00:25       0.1232    0.1226
       190   StandardScalerWrapper GradientBoosting         0:00:21       0.1245    0.1226
       191   MinMaxScaler RandomForest                      0:00:25       0.1230    0.1226
       192   StandardScalerWrapper ExtremeRandomTrees       0:00:27       0.1234    0.1226
       193   RobustScaler ExtremeRandomTrees                0:00:24       0.1234    0.1226
       194   StandardScalerWrapper ExtremeRandomTrees       0:00:19       0.1234    0.1226
       195   StandardScalerWrapper GradientBoosting         0:00:24       0.1278    0.1226
       196   StandardScalerWrapper ExtremeRandomTrees       0:00:23       0.1234    0.1226
       197   RobustScaler ExtremeRandomTrees                0:00:28       0.1231    0.1226
       198   RobustScaler RandomForest                      0:00:25       0.1230    0.1226
       199   StandardScalerWrapper ExtremeRandomTrees       0:00:24       0.1231    0.1226
       200   StandardScalerWrapper GradientBoosting         0:00:26       0.1289    0.1226
       201   RobustScaler ExtremeRandomTrees                0:00:26       0.1230    0.1226
       202   WARNING - Retrying (Retry(total=2, connect=None, read=None, redirect=None, status=None)) after connection broken by 'ProtocolError('Connection aborted.', ConnectionResetError(104, 'Connection reset by peer'))': /azureml/ExperimentRun/dcid.AutoML_c5450967-1395-472a-993f-4c396a33ee10_202/outputs/conda_env_v_1_0_0.yml?sv=2019-02-02&sr=b&sig=25%2Ft%2FuXIQbBIcjhg4q4UqfZN1uiPHSNB27nk8tmtkJ4%3D&st=2020-10-01T22%3A06%3A41Z&se=2020-10-02T22%3A16%3A41Z&sp=rcw&comp=block&blockid=TURBd01EQXdNREF3TURBd01EQXdNREF3TURBd01EQXdNREF3TURBd01EQSUzRA%3D%3D&timeout=30
RobustScaler ExtremeRandomTrees                0:03:05       0.1233    0.1226
       203   MinMaxScaler ExtremeRandomTrees                0:00:25       0.1234    0.1226
       204   StandardScalerWrapper ExtremeRandomTrees       0:00:26       0.1231    0.1226
       205   StandardScalerWrapper GradientBoosting         0:00:23       0.1237    0.1226
       206   StandardScalerWrapper RandomForest             0:00:24       0.1231    0.1226
       207   MinMaxScaler RandomForest                      0:00:19       0.1232    0.1226
       208   MinMaxScaler ExtremeRandomTrees                0:00:24       0.1233    0.1226
       209   RobustScaler ExtremeRandomTrees                0:00:28       0.1232    0.1226
       210   StandardScalerWrapper GradientBoosting         0:00:22       0.1234    0.1226
       211   StandardScalerWrapper ExtremeRandomTrees       0:00:26       0.1233    0.1226
       212   StandardScalerWrapper ExtremeRandomTrees       0:00:24       0.1240    0.1226
       213   StandardScalerWrapper RandomForest             0:00:28       0.1229    0.1226
       214   WARNING - Received unrecognized parameter ensemble_download_models_timeout_sec
WARNING - Received unrecognized parameter ensemble_download_models_timeout_sec
VotingEnsemble                                 0:02:20       0.1225    0.1225
Stopping criteria reached at iteration 215. Ending experiment.
WARNING - Received unrecognized parameter ensemble_download_models_timeout_sec
WARNING - Received unrecognized parameter ensemble_download_models_timeout_sec
WARNING - Received unrecognized parameter ensemble_download_models_timeout_sec
****************************************************************************************************
Current status: BestRunExplainModel. Best run model explanations started
Current status: ModelExplanationDataSetSetup. Model explanations data setup completed
Current status: PickSurrogateModel. Choosing LightGBM as the surrogate model for explanations
Current status: EngineeredFeatureExplanations. Computation of engineered features started
Current status: EngineeredFeatureExplanations. Computation of engineered features completed
Current status: BestRunExplainModel. Best run model explanations completed
****************************************************************************************************
WARNING - Received unrecognized parameter ensemble_download_models_timeout_sec
WARNING - Received unrecognized parameter ensemble_download_models_timeout_sec
WARNING - Received unrecognized parameter ensemble_download_models_timeout_sec
Best pipeline:
<class 'sklearn.ensemble._voting.VotingRegressor'>
0. Pipeline(memory=None,
         steps=[('standardscalerwrapper',
                 <azureml.automl.runtime.shared.model_wrappers.StandardScalerWrapper object at 0x7fb5a7591190>),
                ('gradientboostingregressor',
                 GradientBoostingRegressor(alpha=0.7000000000000001,
                                           ccp_alpha=0.0,
                                           criterion='friedman_mse', init=None,
                                           learning_rate=0.1, loss='ls',
                                           max_depth=3, max_features=0.2,
                                           max_leaf_nodes=None,
                                           min_impurity_decrease=0.0,
                                           min_impurity_split=None,
                                           min_samples_leaf=0.23270138847999622,
                                           min_samples_split=0.0075322213975862395,
                                           min_weight_fraction_leaf=0.0,
                                           n_estimators=200,
                                           n_iter_no_change=None,
                                           presort='deprecated',
                                           random_state=None, subsample=0.95,
                                           tol=0.0001, validation_fraction=0.1,
                                           verbose=0, warm_start=False))],
         verbose=False)
1. Pipeline(memory=None,
         steps=[('standardscalerwrapper',
                 <azureml.automl.runtime.shared.model_wrappers.StandardScalerWrapper object at 0x7fb5a6fbbd10>),
                ('gradientboostingregressor',
                 GradientBoostingRegressor(alpha=0.30000000000000004,
                                           ccp_alpha=0.0, criterion='mse',
                                           init=None,
                                           learning_rate=0.046415888336127774,
                                           loss='ls', max_depth=5,
                                           max_features='sqrt',
                                           max_leaf_nodes=None,
                                           min_impurity_decrease=0.0,
                                           min_impurity_split=None,
                                           min_samples_leaf=0.07388264419939175,
                                           min_samples_split=0.012814223889440833,
                                           min_weight_fraction_leaf=0.0,
                                           n_estimators=100,
                                           n_iter_no_change=None,
                                           presort='deprecated',
                                           random_state=None, subsample=0.7,
                                           tol=0.0001, validation_fraction=0.1,
                                           verbose=0, warm_start=False))],
         verbose=False)
2. Pipeline(memory=None,
         steps=[('robustscaler',
                 RobustScaler(copy=True, quantile_range=[25, 75],
                              with_centering=True, with_scaling=True)),
                ('gradientboostingregressor',
                 GradientBoostingRegressor(alpha=0.7000000000000001,
                                           ccp_alpha=0.0,
                                           criterion='friedman_mse', init=None,
                                           learning_rate=0.01, loss='lad',
                                           max_depth=2, max_features=0.8,
                                           max_leaf_nodes=None,
                                           min_impurity_decrease=0.0,
                                           min_impurity_split=None,
                                           min_samples_leaf=0.005080937188890647,
                                           min_samples_split=0.000630957344480193,
                                           min_weight_fraction_leaf=0.0,
                                           n_estimators=400,
                                           n_iter_no_change=None,
                                           presort='deprecated',
                                           random_state=None, subsample=0.05,
                                           tol=0.0001, validation_fraction=0.1,
                                           verbose=0, warm_start=False))],
         verbose=False)
3. Pipeline(memory=None,
         steps=[('robustscaler',
                 RobustScaler(copy=True, quantile_range=[25, 75],
                              with_centering=True, with_scaling=True)),
                ('gradientboostingregressor',
                 GradientBoostingRegressor(alpha=0.9, ccp_alpha=0.0,
                                           criterion='mse', init=None,
                                           learning_rate=0.1, loss='huber',
                                           max_depth=4, max_features='sqrt',
                                           max_leaf_nodes=None,
                                           min_impurity_decrease=0.0,
                                           min_impurity_split=None,
                                           min_samples_leaf=0.19220125415744788,
                                           min_samples_split=0.000753222139758624,
                                           min_weight_fraction_leaf=0.0,
                                           n_estimators=50,
                                           n_iter_no_change=None,
                                           presort='deprecated',
                                           random_state=None,
                                           subsample=0.7999999999999999,
                                           tol=0.0001, validation_fraction=0.1,
                                           verbose=0, warm_start=False))],
         verbose=False)
4. Pipeline(memory=None,
         steps=[('robustscaler',
                 RobustScaler(copy=True, quantile_range=[25, 75],
                              with_centering=False, with_scaling=True)),
                ('gradientboostingregressor',
                 GradientBoostingRegressor(alpha=0.1, ccp_alpha=0.0,
                                           criterion='friedman_mse', init=None,
                                           learning_rate=0.021544346900318822,
                                           loss='lad', max_depth=6,
                                           max_features='sqrt',
                                           max_leaf_nodes=None,
                                           min_impurity_decrease=0.0,
                                           min_impurity_split=None,
                                           min_samples_leaf=0.01600296187889058,
                                           min_samples_split=0.008991789964660124,
                                           min_weight_fraction_leaf=0.0,
                                           n_estimators=200,
                                           n_iter_no_change=None,
                                           presort='deprecated',
                                           random_state=None, subsample=0.2,
                                           tol=0.0001, validation_fraction=0.1,
                                           verbose=0, warm_start=False))],
         verbose=False)
5. Pipeline(memory=None,
         steps=[('minmaxscaler', MinMaxScaler(copy=True, feature_range=(0, 1))),
                ('randomforestregressor',
                 RandomForestRegressor(bootstrap=True, ccp_alpha=0.0,
                                       criterion='mse', max_depth=None,
                                       max_features=0.3, max_leaf_nodes=None,
                                       max_samples=None,
                                       min_impurity_decrease=0.0,
                                       min_impurity_split=None,
                                       min_samples_leaf=0.004196633747563344,
                                       min_samples_split=0.031067599098338297,
                                       min_weight_fraction_leaf=0.0,
                                       n_estimators=600, n_jobs=-1,
                                       oob_score=False, random_state=None,
                                       verbose=0, warm_start=False))],
         verbose=False)
6. Pipeline(memory=None,
         steps=[('robustscaler',
                 RobustScaler(copy=True, quantile_range=[10, 90],
                              with_centering=True, with_scaling=True)),
                ('randomforestregressor',
                 RandomForestRegressor(bootstrap=True, ccp_alpha=0.0,
                                       criterion='mse', max_depth=None,
                                       max_features=0.7, max_leaf_nodes=None,
                                       max_samples=None,
                                       min_impurity_decrease=0.0,
                                       min_impurity_split=None,
                                       min_samples_leaf=0.06102385966988887,
                                       min_samples_split=0.0630957344480193,
                                       min_weight_fraction_leaf=0.0,
                                       n_estimators=600, n_jobs=-1,
                                       oob_score=False, random_state=None,
                                       verbose=0, warm_start=False))],
         verbose=False)

['year', 'half', 'quarter', 'month', 'day', 'hour', 'am_pm', 'hour12', 'wday', 'qday', 'week']
  RawFeatureName TypeDetected Dropped  EngineeredFeatureCount  \
0  datetime       DateTime     No      11                       

                                                                                                                                                                                                                           Transformations  
0  [DateTimeTransformer, DateTimeTransformer, DateTimeTransformer, DateTimeTransformer, DateTimeTransformer, DateTimeTransformer, DateTimeTransformer, DateTimeTransformer, DateTimeTransformer, DateTimeTransformer, DateTimeTransformer]  
