WARNING - Received unrecognized parameter ensemble_download_models_timeout_sec
Running on local machine
Parent Run ID: AutoML_5fce0f05-eeb8-420c-9fe8-a40729d9ca40

Current status: DatasetFeaturization. Beginning to featurize the dataset.
Current status: DatasetFeaturizationCompleted. Completed featurizing the dataset.
Heuristic parameters: Target_Lag = '[0]', Target_Rolling_Window = '0'.
WARNING - Converting non-string tag to string: (forecasting_target_lags: [0])
WARNING - Converting non-string tag to string: (forecasting_target_rolling_window_size: 0)
WARNING - Converting non-string tag to string: (forecasting_max_horizon: 2223)
Current status: DatasetCrossValidationSplit. Generating individually featurized CV splits.
Current status: DatasetFeaturization. Beginning to featurize the CV split.
Current status: DatasetFeaturizationCompleted. Completed featurizing the CV split.
Current status: DatasetFeaturization. Beginning to featurize the CV split.
Current status: DatasetFeaturizationCompleted. Completed featurizing the CV split.
Current status: DatasetFeaturization. Beginning to featurize the CV split.
Current status: DatasetFeaturizationCompleted. Completed featurizing the CV split.
Current status: DatasetFeaturization. Beginning to featurize the CV split.
Current status: DatasetFeaturizationCompleted. Completed featurizing the CV split.
Current status: DatasetFeaturization. Beginning to featurize the CV split.
Current status: DatasetFeaturizationCompleted. Completed featurizing the CV split.

****************************************************************************************************
DATA GUARDRAILS: 

TYPE:         Frequency detection
STATUS:       PASSED
DESCRIPTION:  The time series was analyzed, all data points are aligned with detected frequency.
              

****************************************************************************************************

TYPE:         Missing feature values imputation
STATUS:       PASSED
DESCRIPTION:  No feature missing values were detected in the training data.
              Learn more about missing value imputation: https://aka.ms/AutomatedMLFeaturization

****************************************************************************************************

TYPE:         Memory Issues Detection
STATUS:       PASSED
DESCRIPTION:  The selected horizon, lag and rolling window values were analyzed, and no potential memory issues were detected.
              Learn more about time-series forecasting configurations: https://aka.ms/AutomatedMLForecastingConfiguration

****************************************************************************************************
Current status: ModelSelection. Beginning model selection.

****************************************************************************************************
ITERATION: The iteration being evaluated.
PIPELINE: A summary description of the pipeline being evaluated.
DURATION: Time taken for the current iteration.
METRIC: The result of computing score on the fitted pipeline.
BEST: The best observed score thus far.
****************************************************************************************************

 ITERATION   PIPELINE                                       DURATION      METRIC      BEST
         0   MaxAbsScaler DecisionTree                      0:00:23       0.1759    0.1759
         1   MinMaxScaler DecisionTree                      0:00:31       0.1767    0.1759
         2   StandardScalerWrapper LassoLars                0:00:22       0.1820    0.1759
         3   RobustScaler ElasticNet                        0:00:18       0.1811    0.1759
         4   StandardScalerWrapper LassoLars                0:00:21       0.1820    0.1759
         5   RobustScaler ElasticNet                        0:00:22       0.1820    0.1759
         6   RobustScaler DecisionTree                      0:00:22       0.1763    0.1759
         7   MinMaxScaler DecisionTree                      0:00:17       0.1830    0.1759
         8   RobustScaler DecisionTree                      0:00:16       0.1759    0.1759
         9   WARNING - Retrying (Retry(total=2, connect=None, read=None, redirect=None, status=None)) after connection broken by 'ProtocolError('Connection aborted.', ConnectionResetError(104, 'Connection reset by peer'))': /azureml/ExperimentRun/dcid.AutoML_5fce0f05-eeb8-420c-9fe8-a40729d9ca40_9/residuals?sv=2019-02-02&sr=b&sig=Zj82hx8LBDMyeZjccLhQJG72O8PmHi48glcxraU2SeE%3D&st=2020-10-01T23%3A27%3A33Z&se=2020-10-02T23%3A37%3A33Z&sp=rcw
MinMaxScaler DecisionTree                      0:00:28       0.1771    0.1759
        10   WARNING - Retrying (Retry(total=2, connect=None, read=None, redirect=None, status=None)) after connection broken by 'ProtocolError('Connection aborted.', ConnectionResetError(104, 'Connection reset by peer'))': /azureml/ExperimentRun/dcid.AutoML_5fce0f05-eeb8-420c-9fe8-a40729d9ca40_10/outputs/scoring_file_v_1_0_0.py?sv=2019-02-02&sr=b&sig=joa8%2F1Q1OE3zTQBsdji7p57kcsJv0W5PAlfYt2JQkgk%3D&st=2020-10-01T23%3A27%3A59Z&se=2020-10-02T23%3A37%3A59Z&sp=rcw&comp=block&blockid=TURBd01EQXdNREF3TURBd01EQXdNREF3TURBd01EQXdNREF3TURBd01EQSUzRA%3D%3D&timeout=30
StandardScalerWrapper DecisionTree             0:02:58       0.1767    0.1759
        11   WARNING - Retrying (Retry(total=2, connect=None, read=None, redirect=None, status=None)) after connection broken by 'ProtocolError('Connection aborted.', ConnectionResetError(104, 'Connection reset by peer'))': /azureml/ExperimentRun/dcid.AutoML_5fce0f05-eeb8-420c-9fe8-a40729d9ca40_11/outputs/pipeline_graph.json?sv=2019-02-02&sr=b&sig=u2FXpCKmEypNbtdYC5E0%2FCbHIpDTRzuPDoRFmXCXo6Y%3D&st=2020-10-01T23%3A30%3A59Z&se=2020-10-02T23%3A40%3A59Z&sp=rcw&comp=block&blockid=TURBd01EQXdNREF3TURBd01EQXdNREF3TURBd01EQXdNREF3TURBd01EQSUzRA%3D%3D&timeout=30
WARNING - Retrying (Retry(total=2, connect=None, read=None, redirect=None, status=None)) after connection broken by 'ProtocolError('Connection aborted.', ConnectionResetError(104, 'Connection reset by peer'))': /azureml/ExperimentRun/dcid.AutoML_5fce0f05-eeb8-420c-9fe8-a40729d9ca40_11/outputs/model.pkl?sv=2019-02-02&sr=b&sig=dX8v2Y3YSj5HH%2F%2Bo9PGyG%2Bps4%2FuOf06H9h1oI2ALPpg%3D&st=2020-10-01T23%3A30%3A59Z&se=2020-10-02T23%3A40%3A59Z&sp=rcw&comp=block&blockid=TURBd01EQXdNREF3TURBd01EQXdNREF3TURBd01EQXdNREF3TURBd01EQSUzRA%3D%3D&timeout=30
StandardScalerWrapper DecisionTree             0:00:30       0.1768    0.1759
        12   RobustScaler DecisionTree                      0:00:22       0.1766    0.1759
        13   RobustScaler ElasticNet                        0:00:22       0.1806    0.1759
        14   StandardScalerWrapper DecisionTree             0:00:22       0.1774    0.1759
        15   MinMaxScaler DecisionTree                      0:00:22       0.1777    0.1759
        16   MinMaxScaler DecisionTree                      0:00:22       0.1764    0.1759
        17   RobustScaler DecisionTree                      0:00:27       0.1772    0.1759
        18   RobustScaler DecisionTree                      0:00:21       0.1758    0.1758
        19   StandardScalerWrapper DecisionTree             0:00:22       0.1772    0.1758
        20   StandardScalerWrapper DecisionTree             0:00:22       0.1782    0.1758
        21   StandardScalerWrapper ExtremeRandomTrees       0:00:23       0.1752    0.1752
        22   MinMaxScaler LightGBM                          0:00:23       0.1745    0.1745
        23   MinMaxScaler DecisionTree                      0:00:22       0.1790    0.1745
        24   MinMaxScaler DecisionTree                      0:00:23       0.1761    0.1745
        25   MinMaxScaler LightGBM                          0:00:23       0.1747    0.1745
        26   StandardScalerWrapper RandomForest             0:00:24       0.1752    0.1745
        27   StandardScalerWrapper ExtremeRandomTrees       0:00:26       0.1748    0.1745
        28   RobustScaler ExtremeRandomTrees                0:00:24       0.1753    0.1745
        29   MinMaxScaler ExtremeRandomTrees                0:00:28       0.1749    0.1745
        30   StandardScalerWrapper LightGBM                 0:00:23       0.1745    0.1745
        31   StandardScalerWrapper RandomForest             0:00:25       0.1748    0.1745
        32   StandardScalerWrapper ExtremeRandomTrees       0:00:26       0.1750    0.1745
        33   RobustScaler RandomForest                      0:00:24       0.1754    0.1745
        34   StandardScalerWrapper ExtremeRandomTrees       0:00:28       0.1749    0.1745
        35   MinMaxScaler LightGBM                          0:00:23       0.1750    0.1745
        36   StandardScalerWrapper ExtremeRandomTrees       0:00:25       0.1751    0.1745
        37   RobustScaler RandomForest                      0:00:24       0.1751    0.1745
        38   RobustScaler ExtremeRandomTrees                0:00:24       0.1750    0.1745
        39   RobustScaler ExtremeRandomTrees                0:00:28       0.1752    0.1745
        40   RobustScaler LightGBM                          0:00:18       0.1748    0.1745
        41   RobustScaler RandomForest                      0:00:25       0.1747    0.1745
        42   MinMaxScaler ExtremeRandomTrees                0:00:27       0.1751    0.1745
        43   RobustScaler ExtremeRandomTrees                0:00:24       0.1749    0.1745
        44   RobustScaler ExtremeRandomTrees                0:00:24       0.1752    0.1745
        45   MinMaxScaler LightGBM                          0:00:24       0.1749    0.1745
        46   MinMaxScaler RandomForest                      0:00:24       0.1752    0.1745
        47   RobustScaler RandomForest                      0:00:24       0.1754    0.1745
        48   MinMaxScaler ExtremeRandomTrees                0:00:25       0.1750    0.1745
        49   MinMaxScaler ExtremeRandomTrees                0:00:26       0.1750    0.1745
        50   StandardScalerWrapper LightGBM                 0:00:22       0.1748    0.1745
        51   StandardScalerWrapper ExtremeRandomTrees       0:00:28       0.1748    0.1745
        52   RobustScaler ExtremeRandomTrees                0:00:25       0.1748    0.1745
        53   RobustScaler RandomForest                      0:00:25       0.1751    0.1745
        54   RobustScaler ExtremeRandomTrees                0:00:24       0.1751    0.1745
        55   MinMaxScaler LightGBM                          0:00:34       0.2009    0.1745
        56   MinMaxScaler ExtremeRandomTrees                0:00:25       0.1752    0.1745
        57   StandardScalerWrapper ExtremeRandomTrees       0:00:23       0.1753    0.1745
        58   StandardScalerWrapper ExtremeRandomTrees       0:00:29       0.1746    0.1745
        59   StandardScalerWrapper ExtremeRandomTrees       0:00:32       0.1752    0.1745
        60   RobustScaler LightGBM                          0:00:22       0.1748    0.1745
        61   MinMaxScaler DecisionTree                      0:00:23       0.1755    0.1745
        62   MinMaxScaler RandomForest                      0:00:25       0.1749    0.1745
        63   RobustScaler RandomForest                      0:00:25       0.1751    0.1745
        64   StandardScalerWrapper RandomForest             0:00:26       0.1751    0.1745
        65   MinMaxScaler LightGBM                          0:00:25       0.1749    0.1745
        66   StandardScalerWrapper RandomForest             0:00:24       0.1753    0.1745
        67   MinMaxScaler ExtremeRandomTrees                0:00:26       0.1748    0.1745
        68   RobustScaler ExtremeRandomTrees                0:00:25       0.1750    0.1745
        69   MinMaxScaler ExtremeRandomTrees                0:00:23       0.1748    0.1745
        70   RobustScaler LightGBM                          0:00:25       0.1750    0.1745
        71   StandardScalerWrapper ExtremeRandomTrees       0:00:24       0.1752    0.1745
        72   RobustScaler GradientBoosting                  0:00:24       0.1748    0.1745
        73   WARNING - Retrying (Retry(total=2, connect=None, read=None, redirect=None, status=None)) after connection broken by 'ProtocolError('Connection aborted.', ConnectionResetError(104, 'Connection reset by peer'))': /azureml/ExperimentRun/dcid.AutoML_5fce0f05-eeb8-420c-9fe8-a40729d9ca40_73/outputs/scoring_file_v_1_0_0.py?sv=2019-02-02&sr=b&sig=F3WGp8gRtjFD9CgyxzxOIYb6Z5tf2C1TH1vQRnEkpIs%3D&st=2020-10-01T23%3A56%3A56Z&se=2020-10-03T00%3A06%3A56Z&sp=rcw&comp=block&blockid=TURBd01EQXdNREF3TURBd01EQXdNREF3TURBd01EQXdNREF3TURBd01EQSUzRA%3D%3D&timeout=30
WARNING - Retrying (Retry(total=2, connect=None, read=None, redirect=None, status=None)) after connection broken by 'ProtocolError('Connection aborted.', ConnectionResetError(104, 'Connection reset by peer'))': /azureml/ExperimentRun/dcid.AutoML_5fce0f05-eeb8-420c-9fe8-a40729d9ca40_73/outputs/env_dependencies.json?sv=2019-02-02&sr=b&sig=9PHyOjUXMdWlPirMUFqQgKG6UjCCLnoXRujx0yU9Ays%3D&st=2020-10-01T23%3A56%3A56Z&se=2020-10-03T00%3A06%3A56Z&sp=rcw&comp=block&blockid=TURBd01EQXdNREF3TURBd01EQXdNREF3TURBd01EQXdNREF3TURBd01EQSUzRA%3D%3D&timeout=30
RobustScaler RandomForest                      0:03:09       0.1750    0.1745
        74   RobustScaler ExtremeRandomTrees                0:00:27       0.1748    0.1745
        75   MinMaxScaler LightGBM                          0:00:25       0.1753    0.1745
        76   StandardScalerWrapper ExtremeRandomTrees       0:00:25       0.1751    0.1745
        77   RobustScaler RandomForest                      0:00:30       0.1749    0.1745
        78   RobustScaler ExtremeRandomTrees                0:00:29       0.1752    0.1745
        79   MinMaxScaler ExtremeRandomTrees                0:00:25       0.1750    0.1745
        80   MinMaxScaler LightGBM                          0:00:22       0.1752    0.1745
        81   MinMaxScaler ExtremeRandomTrees                0:00:29       0.1746    0.1745
        82   WARNING - Retrying (Retry(total=2, connect=None, read=None, redirect=None, status=None)) after connection broken by 'ProtocolError('Connection aborted.', ConnectionResetError(104, 'Connection reset by peer'))': /azureml/ExperimentRun/dcid.AutoML_5fce0f05-eeb8-420c-9fe8-a40729d9ca40_82/outputs/env_dependencies.json?sv=2019-02-02&sr=b&sig=AGhIrMZzcpjn9BCd629vNQGUcsoXqYCAL6Pl%2FSPFyOo%3D&st=2020-10-02T00%3A03%3A39Z&se=2020-10-03T00%3A13%3A39Z&sp=rcw&comp=block&blockid=TURBd01EQXdNREF3TURBd01EQXdNREF3TURBd01EQXdNREF3TURBd01EQSUzRA%3D%3D&timeout=30
StandardScalerWrapper RandomForest             0:02:58       0.1750    0.1745
        83   WARNING - Retrying (Retry(total=2, connect=None, read=None, redirect=None, status=None)) after connection broken by 'ProtocolError('Connection aborted.', ConnectionResetError(104, 'Connection reset by peer'))': /azureml/ExperimentRun/dcid.AutoML_5fce0f05-eeb8-420c-9fe8-a40729d9ca40_83/outputs/model.pkl?sv=2019-02-02&sr=b&sig=9J0Gjl2TVsMMMfLeqAr5aVFe72PDsBxB1HYWFjBmMmo%3D&st=2020-10-02T00%3A06%3A37Z&se=2020-10-03T00%3A16%3A37Z&sp=rcw&comp=block&blockid=TURBd01EQXdNREF3TURBd01EQXdNREF3TURBd01EQXdNREF3TURBd01EQSUzRA%3D%3D&timeout=30
StandardScalerWrapper RandomForest             0:00:33       0.1746    0.1745
        84   RobustScaler ExtremeRandomTrees                0:00:24       0.1747    0.1745
        85   MinMaxScaler LightGBM                          0:00:24       0.1752    0.1745
        86   RobustScaler ExtremeRandomTrees                0:00:24       0.1750    0.1745
        87   StandardScalerWrapper ExtremeRandomTrees       0:00:31       0.1752    0.1745
        88   RobustScaler ExtremeRandomTrees                0:00:26       0.1753    0.1745
        89   StandardScalerWrapper GradientBoosting         0:00:24       0.1746    0.1745
        90   MinMaxScaler LightGBM                          0:00:24       0.1756    0.1745
        91   StandardScalerWrapper RandomForest             0:00:24       0.1748    0.1745
        92   MinMaxScaler ExtremeRandomTrees                0:00:25       0.1748    0.1745
        93   StandardScalerWrapper ExtremeRandomTrees       0:00:27       0.1751    0.1745
        94   RobustScaler ExtremeRandomTrees                0:00:32       0.1747    0.1745
        95   RobustScaler LightGBM                          0:00:22       0.1750    0.1745
        96   StandardScalerWrapper ExtremeRandomTrees       0:00:29       0.1749    0.1745
        97   MinMaxScaler ExtremeRandomTrees                0:00:24       0.1752    0.1745
        98   StandardScalerWrapper ExtremeRandomTrees       0:00:27       0.1750    0.1745
        99   StandardScalerWrapper ExtremeRandomTrees       0:00:24       0.1750    0.1745
       100   MinMaxScaler LightGBM                          0:00:26       0.1749    0.1745
       101   WARNING - Retrying (Retry(total=2, connect=None, read=None, redirect=None, status=None)) after connection broken by 'ProtocolError('Connection aborted.', ConnectionResetError(104, 'Connection reset by peer'))': /azureml/ExperimentRun/dcid.AutoML_5fce0f05-eeb8-420c-9fe8-a40729d9ca40_101/outputs/pipeline_graph.json?sv=2019-02-02&sr=b&sig=QBtrDr8FvANrQ0G8x6NqYlzIhREnW4hmrhCRL1zA9Pc%3D&st=2020-10-02T00%3A14%3A36Z&se=2020-10-03T00%3A24%3A36Z&sp=rcw&comp=block&blockid=TURBd01EQXdNREF3TURBd01EQXdNREF3TURBd01EQXdNREF3TURBd01EQSUzRA%3D%3D&timeout=30
WARNING - Retrying (Retry(total=2, connect=None, read=None, redirect=None, status=None)) after connection broken by 'ProtocolError('Connection aborted.', ConnectionResetError(104, 'Connection reset by peer'))': /azureml/ExperimentRun/dcid.AutoML_5fce0f05-eeb8-420c-9fe8-a40729d9ca40_101/outputs/env_dependencies.json?sv=2019-02-02&sr=b&sig=3jj%2BDuln1ceWjfXIswC2NZ%2FkuS5qrlqRggZowfg%2F1T0%3D&st=2020-10-02T00%3A14%3A36Z&se=2020-10-03T00%3A24%3A36Z&sp=rcw&comp=block&blockid=TURBd01EQXdNREF3TURBd01EQXdNREF3TURBd01EQXdNREF3TURBd01EQSUzRA%3D%3D&timeout=30
WARNING - Retrying (Retry(total=2, connect=None, read=None, redirect=None, status=None)) after connection broken by 'ProtocolError('Connection aborted.', ConnectionResetError(104, 'Connection reset by peer'))': /azureml/ExperimentRun/dcid.AutoML_5fce0f05-eeb8-420c-9fe8-a40729d9ca40_101/outputs/conda_env_v_1_0_0.yml?sv=2019-02-02&sr=b&sig=QGJ6FfjFt7HuKiDGP%2Bb3B8f87d5c0lXGtTTflA%2BgYHs%3D&st=2020-10-02T00%3A14%3A36Z&se=2020-10-03T00%3A24%3A36Z&sp=rcw&comp=block&blockid=TURBd01EQXdNREF3TURBd01EQXdNREF3TURBd01EQXdNREF3TURBd01EQSUzRA%3D%3D&timeout=30
MinMaxScaler ExtremeRandomTrees                0:03:07       0.1749    0.1745
       102   StandardScalerWrapper RandomForest             0:00:25       0.1747    0.1745
       103   MinMaxScaler ExtremeRandomTrees                0:00:26       0.1751    0.1745
       104   RobustScaler RandomForest                      0:00:26       0.1750    0.1745
       105   RobustScaler LightGBM                          0:00:23       0.1753    0.1745
       106   RobustScaler RandomForest                      0:00:24       0.1748    0.1745
       107   StandardScalerWrapper RandomForest             0:00:28       0.1751    0.1745
       108   MinMaxScaler ExtremeRandomTrees                0:00:25       0.1747    0.1745
       109   MinMaxScaler RandomForest                      0:00:25       0.1746    0.1745
       110   RobustScaler LightGBM                          0:00:23       0.1769    0.1745
       111   RobustScaler ExtremeRandomTrees                0:00:29       0.1752    0.1745
       112   StandardScalerWrapper RandomForest             0:00:24       0.1753    0.1745
       113   RobustScaler RandomForest                      0:00:25       0.1750    0.1745
       114   MinMaxScaler RandomForest                      0:00:29       0.1749    0.1745
       115   StandardScalerWrapper LightGBM                 0:00:23       0.1764    0.1745
       116   StandardScalerWrapper ExtremeRandomTrees       0:00:26       0.1751    0.1745
       117   MinMaxScaler RandomForest                      0:00:31       0.1748    0.1745
       118   StandardScalerWrapper ExtremeRandomTrees       0:00:26       0.1747    0.1745
       119   RobustScaler ExtremeRandomTrees                0:00:26       0.1749    0.1745
       120   StandardScalerWrapper LightGBM                 0:00:24       0.1757    0.1745
       121   StandardScalerWrapper RandomForest             0:00:25       0.1758    0.1745
       122   RobustScaler ExtremeRandomTrees                0:00:27       0.1751    0.1745
       123   RobustScaler ExtremeRandomTrees                0:00:28       0.1752    0.1745
       124   StandardScalerWrapper ExtremeRandomTrees       0:00:26       0.1749    0.1745
       125   StandardScalerWrapper LightGBM                 0:00:24       0.1760    0.1745
       126   StandardScalerWrapper ExtremeRandomTrees       0:00:24       0.1748    0.1745
       127   StandardScalerWrapper ExtremeRandomTrees       0:00:25       0.1751    0.1745
       128   StandardScalerWrapper RandomForest             0:00:24       0.1750    0.1745
       129   RobustScaler RandomForest                      0:00:24       0.1748    0.1745
       130   StandardScalerWrapper LightGBM                 0:00:23       0.1746    0.1745
       131   MinMaxScaler ExtremeRandomTrees                0:00:24       0.1750    0.1745
       132   RobustScaler ExtremeRandomTrees                0:00:28       0.1751    0.1745
       133   RobustScaler ExtremeRandomTrees                0:00:25       0.1747    0.1745
       134   StandardScalerWrapper ExtremeRandomTrees       0:00:28       0.1751    0.1745
       135   RobustScaler LightGBM                          0:00:19       0.1746    0.1745
       136   StandardScalerWrapper ExtremeRandomTrees       0:00:26       0.1753    0.1745
       137   MinMaxScaler ExtremeRandomTrees                0:00:25       0.1751    0.1745
       138   StandardScalerWrapper RandomForest             0:00:24       0.1749    0.1745
       139   StandardScalerWrapper ExtremeRandomTrees       0:00:27       0.1751    0.1745
       140   RobustScaler LightGBM                          0:00:24       0.1748    0.1745
       141   MinMaxScaler RandomForest                      0:00:25       0.1749    0.1745
       142   StandardScalerWrapper ExtremeRandomTrees       0:00:26       0.1752    0.1745
       143   MinMaxScaler ExtremeRandomTrees                0:00:25       0.1750    0.1745
       144   MinMaxScaler RandomForest                      0:00:26       0.1750    0.1745
       145   RobustScaler LightGBM                          0:00:25       0.1753    0.1745
       146   MinMaxScaler ExtremeRandomTrees                0:00:25       0.1750    0.1745
       147   RobustScaler ExtremeRandomTrees                0:00:29       0.1747    0.1745
       148   MinMaxScaler ExtremeRandomTrees                0:00:24       0.1752    0.1745
       149   StandardScalerWrapper ExtremeRandomTrees       0:00:24       0.1751    0.1745
       150   RobustScaler LightGBM                          0:00:23       0.1748    0.1745
       151   MinMaxScaler RandomForest                      0:00:25       0.1750    0.1745
       152   MinMaxScaler RandomForest                      0:00:24       0.1751    0.1745
       153   WARNING - Retrying (Retry(total=2, connect=None, read=None, redirect=None, status=None)) after connection broken by 'ProtocolError('Connection aborted.', ConnectionResetError(104, 'Connection reset by peer'))': /azureml/ExperimentRun/dcid.AutoML_5fce0f05-eeb8-420c-9fe8-a40729d9ca40_153/outputs/env_dependencies.json?sv=2019-02-02&sr=b&sig=KFVF9EZgAFVgRzBq3ujA9np8JteF4mXlWEJfELZb91o%3D&st=2020-10-02T00%3A39%3A40Z&se=2020-10-03T00%3A49%3A40Z&sp=rcw&comp=block&blockid=TURBd01EQXdNREF3TURBd01EQXdNREF3TURBd01EQXdNREF3TURBd01EQSUzRA%3D%3D&timeout=30
MinMaxScaler RandomForest                      0:03:10       0.1756    0.1745
       154   StandardScalerWrapper ExtremeRandomTrees       0:00:27       0.1750    0.1745
       155   MinMaxScaler LightGBM                          0:00:23       0.1746    0.1745
       156   MinMaxScaler ExtremeRandomTrees                0:00:24       0.1753    0.1745
       157   StandardScalerWrapper ExtremeRandomTrees       0:00:24       0.1752    0.1745
       158   RobustScaler ExtremeRandomTrees                0:00:23       0.1752    0.1745
       159   RobustScaler GradientBoosting                  0:00:19       0.1804    0.1745
       160   RobustScaler LightGBM                          0:00:23       0.1750    0.1745
       161   StandardScalerWrapper RandomForest             0:00:24       0.1748    0.1745
       162   RobustScaler RandomForest                      0:00:19       0.1752    0.1745
       163   MinMaxScaler RandomForest                      0:00:26       0.1752    0.1745
       164   RobustScaler ExtremeRandomTrees                0:00:24       0.1751    0.1745
       165   RobustScaler LightGBM                          0:00:23       0.1750    0.1745
       166   RobustScaler ExtremeRandomTrees                0:00:27       0.1750    0.1745
       167   MinMaxScaler ExtremeRandomTrees                0:00:25       0.1750    0.1745
       168   StandardScalerWrapper ExtremeRandomTrees       0:00:21       0.1751    0.1745
       169   MinMaxScaler RandomForest                      0:00:32       0.1748    0.1745
       170   RobustScaler LightGBM                          0:00:26       0.1748    0.1745
       171   WARNING - Retrying (Retry(total=2, connect=None, read=None, redirect=None, status=None)) after connection broken by 'ProtocolError('Connection aborted.', ConnectionResetError(104, 'Connection reset by peer'))': /azureml/ExperimentRun/dcid.AutoML_5fce0f05-eeb8-420c-9fe8-a40729d9ca40_171/outputs/conda_env_v_1_0_0.yml?sv=2019-02-02&sr=b&sig=4TVmxlWvnNESzF%2BYy4j02ILgY6tpeiQi73TdhL%2FH92Y%3D&st=2020-10-02T00%3A49%3A50Z&se=2020-10-03T00%3A59%3A50Z&sp=rcw&comp=block&blockid=TURBd01EQXdNREF3TURBd01EQXdNREF3TURBd01EQXdNREF3TURBd01EQSUzRA%3D%3D&timeout=30
MinMaxScaler RandomForest                      0:03:05       0.1747    0.1745
       172   RobustScaler RandomForest                      0:00:25       0.1750    0.1745
       173   MinMaxScaler RandomForest                      0:00:25       0.1751    0.1745
       174   RobustScaler LightGBM                          0:00:31       0.1797    0.1745
       175   StandardScalerWrapper LightGBM                 0:00:23       0.1750    0.1745
       176   StandardScalerWrapper ExtremeRandomTrees       0:00:29       0.1749    0.1745
       177   RobustScaler RandomForest                      0:00:25       0.1749    0.1745
       178   WARNING - Retrying (Retry(total=2, connect=None, read=None, redirect=None, status=None)) after connection broken by 'ProtocolError('Connection aborted.', ConnectionResetError(104, 'Connection reset by peer'))': /azureml/ExperimentRun/dcid.AutoML_5fce0f05-eeb8-420c-9fe8-a40729d9ca40_178/outputs/pipeline_graph.json?sv=2019-02-02&sr=b&sig=NLq3zgG2rreDJsxVaDeBwyvJbQa%2Bt3Nlqko1B69%2BfxM%3D&st=2020-10-02T00%3A55%3A37Z&se=2020-10-03T01%3A05%3A37Z&sp=rcw&comp=block&blockid=TURBd01EQXdNREF3TURBd01EQXdNREF3TURBd01EQXdNREF3TURBd01EQSUzRA%3D%3D&timeout=30
WARNING - Retrying (Retry(total=2, connect=None, read=None, redirect=None, status=None)) after connection broken by 'ProtocolError('Connection aborted.', ConnectionResetError(104, 'Connection reset by peer'))': /azureml/ExperimentRun/dcid.AutoML_5fce0f05-eeb8-420c-9fe8-a40729d9ca40_178/outputs/env_dependencies.json?sv=2019-02-02&sr=b&sig=hIOYXbBHFw9waqupoQNFOAHTM7fJkDMt3U9mWAX6HXE%3D&st=2020-10-02T00%3A55%3A37Z&se=2020-10-03T01%3A05%3A37Z&sp=rcw&comp=block&blockid=TURBd01EQXdNREF3TURBd01EQXdNREF3TURBd01EQXdNREF3TURBd01EQSUzRA%3D%3D&timeout=30
RobustScaler ExtremeRandomTrees                0:03:09       0.1751    0.1745
       179   RobustScaler ExtremeRandomTrees                0:00:27       0.1750    0.1745
       180   StandardScalerWrapper LightGBM                 0:00:23       0.1759    0.1745
       181   WARNING - Retrying (Retry(total=2, connect=None, read=None, redirect=None, status=None)) after connection broken by 'ProtocolError('Connection aborted.', ConnectionResetError(104, 'Connection reset by peer'))': /azureml/ExperimentRun/dcid.AutoML_5fce0f05-eeb8-420c-9fe8-a40729d9ca40_181/outputs/env_dependencies.json?sv=2019-02-02&sr=b&sig=tPObBCc1%2FBwr7M9IEHYp7pCMUYx4a%2FdQ2xXz4NT%2BbaY%3D&st=2020-10-02T00%3A59%3A45Z&se=2020-10-03T01%3A09%3A45Z&sp=rcw&comp=block&blockid=TURBd01EQXdNREF3TURBd01EQXdNREF3TURBd01EQXdNREF3TURBd01EQSUzRA%3D%3D&timeout=30
RobustScaler ExtremeRandomTrees                0:03:07       0.1820    0.1745
       182   WARNING - Retrying (Retry(total=2, connect=None, read=None, redirect=None, status=None)) after connection broken by 'ProtocolError('Connection aborted.', ConnectionResetError(104, 'Connection reset by peer'))': /azureml/ExperimentRun/dcid.AutoML_5fce0f05-eeb8-420c-9fe8-a40729d9ca40_182/outputs/scoring_file_v_1_0_0.py?sv=2019-02-02&sr=b&sig=AIq7DwWjfML1lGa8eboS%2BrId%2BCQG032%2FE4r3YgQjCzI%3D&st=2020-10-02T01%3A02%3A45Z&se=2020-10-03T01%3A12%3A45Z&sp=rcw&comp=block&blockid=TURBd01EQXdNREF3TURBd01EQXdNREF3TURBd01EQXdNREF3TURBd01EQSUzRA%3D%3D&timeout=30
StandardScalerWrapper ExtremeRandomTrees       0:00:35       0.1752    0.1745
       183   StandardScalerWrapper ExtremeRandomTrees       0:00:26       0.1752    0.1745
       184   StandardScalerWrapper RandomForest             0:00:29       0.1748    0.1745
       185   StandardScalerWrapper LightGBM                 0:00:23       0.1748    0.1745
       186   MinMaxScaler ExtremeRandomTrees                0:00:26       0.1751    0.1745
       187   MinMaxScaler ExtremeRandomTrees                0:00:29       0.1749    0.1745
       188   StandardScalerWrapper RandomForest             0:00:19       0.1748    0.1745
       189   StandardScalerWrapper RandomForest             0:00:24       0.1751    0.1745
       190   StandardScalerWrapper LightGBM                 0:00:23       0.1750    0.1745
       191   StandardScalerWrapper ExtremeRandomTrees       0:00:25       0.1751    0.1745
       192   StandardScalerWrapper ExtremeRandomTrees       0:00:24       0.1751    0.1745
       193   StandardScalerWrapper ExtremeRandomTrees       0:00:25       0.1753    0.1745
       194   MinMaxScaler ExtremeRandomTrees                0:00:24       0.1749    0.1745
       195   RobustScaler LightGBM                          0:00:23       0.1745    0.1745
       196   MinMaxScaler ExtremeRandomTrees                0:00:30       0.1748    0.1745
       197   StandardScalerWrapper ExtremeRandomTrees       0:00:29       0.1748    0.1745
       198   MinMaxScaler RandomForest                      0:00:19       0.1751    0.1745
       199   MinMaxScaler ExtremeRandomTrees                0:00:27       0.1750    0.1745
       200   RobustScaler LightGBM                          0:00:24       0.1749    0.1745
       201   RobustScaler RandomForest                      0:00:26       0.1746    0.1745
       202   RobustScaler ExtremeRandomTrees                0:00:25       0.1750    0.1745
       203   WARNING - Retrying (Retry(total=2, connect=None, read=None, redirect=None, status=None)) after connection broken by 'ProtocolError('Connection aborted.', ConnectionResetError(104, 'Connection reset by peer'))': /azureml/ExperimentRun/dcid.AutoML_5fce0f05-eeb8-420c-9fe8-a40729d9ca40_203/outputs/conda_env_v_1_0_0.yml?sv=2019-02-02&sr=b&sig=svd5B%2BgeIAKc%2Bgo3rpNQROqWC2A7dE92B0YayXQTBTw%3D&st=2020-10-02T01%3A11%3A50Z&se=2020-10-03T01%3A21%3A50Z&sp=rcw&comp=block&blockid=TURBd01EQXdNREF3TURBd01EQXdNREF3TURBd01EQXdNREF3TURBd01EQSUzRA%3D%3D&timeout=30
WARNING - Retrying (Retry(total=2, connect=None, read=None, redirect=None, status=None)) after connection broken by 'ProtocolError('Connection aborted.', ConnectionResetError(104, 'Connection reset by peer'))': /azureml/ExperimentRun/dcid.AutoML_5fce0f05-eeb8-420c-9fe8-a40729d9ca40_203/outputs/env_dependencies.json?sv=2019-02-02&sr=b&sig=dvUUXnMS%2BQ3n171isGeoFXEkq1GGz%2FfO7P%2FHb%2BgrEG0%3D&st=2020-10-02T01%3A11%3A50Z&se=2020-10-03T01%3A21%3A50Z&sp=rcw&comp=block&blockid=TURBd01EQXdNREF3TURBd01EQXdNREF3TURBd01EQXdNREF3TURBd01EQSUzRA%3D%3D&timeout=30
StandardScalerWrapper ExtremeRandomTrees       0:03:05       0.1751    0.1745
       204   WARNING - Retrying (Retry(total=2, connect=None, read=None, redirect=None, status=None)) after connection broken by 'ProtocolError('Connection aborted.', ConnectionResetError(104, 'Connection reset by peer'))': /azureml/ExperimentRun/dcid.AutoML_5fce0f05-eeb8-420c-9fe8-a40729d9ca40_204/outputs/pipeline_graph.json?sv=2019-02-02&sr=b&sig=TwFbRtOl0t%2BrXews7NTpjUhzrXCZ%2Bw5LT6GYwYJSoyY%3D&st=2020-10-02T01%3A14%3A57Z&se=2020-10-03T01%3A24%3A57Z&sp=rcw&comp=block&blockid=TURBd01EQXdNREF3TURBd01EQXdNREF3TURBd01EQXdNREF3TURBd01EQSUzRA%3D%3D&timeout=30
StandardScalerWrapper RandomForest             0:00:26       0.1750    0.1745
       205   StandardScalerWrapper LightGBM                 0:00:22       0.1800    0.1745
       206   StandardScalerWrapper RandomForest             0:00:31       0.1750    0.1745
       207   MinMaxScaler RandomForest                      0:00:27       0.1747    0.1745
       208   RobustScaler ExtremeRandomTrees                0:00:27       0.1750    0.1745
       209   StandardScalerWrapper GradientBoosting         0:00:20       0.1750    0.1745
       210   RobustScaler LightGBM                          0:00:23       0.1750    0.1745
       211   RobustScaler ExtremeRandomTrees                0:00:25       0.1751    0.1745
       212   RobustScaler ExtremeRandomTrees                0:00:30       0.1749    0.1745
       213   MinMaxScaler ExtremeRandomTrees                0:00:28       0.1750    0.1745
       214   MinMaxScaler ExtremeRandomTrees                0:00:29       0.1750    0.1745
       215   StandardScalerWrapper LightGBM                 0:00:27       0.1751    0.1745
       216   RobustScaler LightGBM                          0:00:19       0.1767    0.1745
       217   MinMaxScaler ExtremeRandomTrees                0:00:25       0.1753    0.1745
       218   MinMaxScaler ExtremeRandomTrees                0:00:26       0.1752    0.1745
       219   MinMaxScaler ExtremeRandomTrees                0:00:29       0.1747    0.1745
       220   RobustScaler LightGBM                          0:00:23       0.1751    0.1745
       221   MinMaxScaler ExtremeRandomTrees                0:00:25       0.1752    0.1745
       222   StandardScalerWrapper ExtremeRandomTrees       0:00:26       0.1751    0.1745
       223   StandardScalerWrapper ExtremeRandomTrees       0:00:28       0.1751    0.1745
       224   MinMaxScaler ExtremeRandomTrees                0:00:27       0.1747    0.1745
       225   WARNING - Received unrecognized parameter ensemble_download_models_timeout_sec
WARNING - Received unrecognized parameter ensemble_download_models_timeout_sec
WARNING - Retrying (Retry(total=2, connect=None, read=None, redirect=None, status=None)) after connection broken by 'ProtocolError('Connection aborted.', ConnectionResetError(104, 'Connection reset by peer'))': /azureml/ExperimentRun/dcid.AutoML_5fce0f05-eeb8-420c-9fe8-a40729d9ca40_25/outputs/model.pkl?sv=2019-02-02&sr=b&sig=dVdAJa4yMTvxH%2BO9kLS%2BzZIhKMsgxW8TNznSR%2FxwznE%3D&st=2020-10-02T01%3A26%3A01Z&se=2020-10-02T09%3A36%3A01Z&sp=r
WARNING - Retrying (Retry(total=2, connect=None, read=None, redirect=None, status=None)) after connection broken by 'ProtocolError('Connection aborted.', ConnectionResetError(104, 'Connection reset by peer'))': /azureml/ExperimentRun/dcid.AutoML_5fce0f05-eeb8-420c-9fe8-a40729d9ca40_195/outputs/model.pkl?sv=2019-02-02&sr=b&sig=JovB5dOuSjkmDZGSXHnueoBcPaywWa2v%2F%2Bu7DRNUoek%3D&st=2020-10-02T01%3A26%3A01Z&se=2020-10-02T09%3A36%3A01Z&sp=r
VotingEnsemble                                 0:04:52       0.1743    0.1743
Stopping criteria reached at iteration 226. Ending experiment.
WARNING - Received unrecognized parameter ensemble_download_models_timeout_sec
WARNING - Received unrecognized parameter ensemble_download_models_timeout_sec
WARNING - Received unrecognized parameter ensemble_download_models_timeout_sec
Best pipeline:
<class 'sklearn.ensemble._voting.VotingRegressor'>
0. Pipeline(memory=None,
         steps=[('robustscaler',
                 RobustScaler(copy=True, quantile_range=[10, 90],
                              with_centering=False, with_scaling=True)),
                ('lightgbmregressor',
                 LightGBMRegressor(boosting_type='gbdt', class_weight=None,
                                   colsample_bytree=0.5,
                                   importance_type='split',
                                   learning_rate=0.07369052631578947, max_bin=7,
                                   max_depth=7, min_child_samples=41,
                                   min_child_weight=0.001,
                                   min_split_gain=0.3684210526315789,
                                   n_estimators=25, n_jobs=-1, num_leaves=7,
                                   objective=None, random_state=None,
                                   reg_alpha=1.2, reg_lambda=1.3499999999999999,
                                   silent=True, subsample=0.7,
                                   subsample_for_bin=200000, subsample_freq=9,
                                   verbose=-1))],
         verbose=False)
1. Pipeline(memory=None,
         steps=[('standardscalerwrapper',
                 <azureml.automl.runtime.shared.model_wrappers.StandardScalerWrapper object at 0x7f95872dc550>),
                ('lightgbmregressor',
                 LightGBMRegressor(boosting_type='gbdt', class_weight=None,
                                   colsample_bytree=0.2,
                                   importance_type='split',
                                   learning_rate=0.031587368421052635,
                                   max_bin=63, max_depth=4,
                                   min_child_samples=253,
                                   min_child_weight=0.001,
                                   min_split_gain=0.10526315789473684,
                                   n_estimators=100, n_jobs=-1, num_leaves=15,
                                   objective=None, random_state=None,
                                   reg_alpha=1.125, reg_lambda=1.05,
                                   silent=True, subsample=0.6,
                                   subsample_for_bin=200000, subsample_freq=2,
                                   verbose=-1))],
         verbose=False)
2. Pipeline(memory=None,
         steps=[('minmaxscaler', MinMaxScaler(copy=True, feature_range=(0, 1))),
                ('lightgbmregressor',
                 LightGBMRegressor(boosting_type='gbdt', class_weight=None,
                                   colsample_bytree=0.8,
                                   importance_type='split',
                                   learning_rate=0.11579368421052631,
                                   max_bin=1023, max_depth=10,
                                   min_child_samples=690,
                                   min_child_weight=0.001,
                                   min_split_gain=0.5789473684210527,
                                   n_estimators=25, n_jobs=-1, num_leaves=255,
                                   objective=None, random_state=None,
                                   reg_alpha=0.15,
                                   reg_lambda=0.6749999999999999, silent=True,
                                   subsample=0.9, subsample_for_bin=200000,
                                   subsample_freq=8, verbose=-1))],
         verbose=False)
3. Pipeline(memory=None,
         steps=[('robustscaler',
                 RobustScaler(copy=True, quantile_range=[10, 90],
                              with_centering=False, with_scaling=True)),
                ('lightgbmregressor',
                 LightGBMRegressor(boosting_type='gbdt', class_weight=None,
                                   colsample_bytree=0.6,
                                   importance_type='split',
                                   learning_rate=0.052638947368421056,
                                   max_bin=7, max_depth=8, min_child_samples=57,
                                   min_child_weight=0.001,
                                   min_split_gain=0.3157894736842105,
                                   n_estimators=50, n_jobs=-1, num_leaves=3,
                                   objective=None, random_state=None,
                                   reg_alpha=1.2, reg_lambda=1.425, silent=True,
                                   subsample=0.85, subsample_for_bin=200000,
                                   subsample_freq=1, verbose=-1))],
         verbose=False)
4. Pipeline(memory=None,
         steps=[('standardscalerwrapper',
                 <azureml.automl.runtime.shared.model_wrappers.StandardScalerWrapper object at 0x7f95ef972850>),
                ('lightgbmregressor',
                 LightGBMRegressor(boosting_type='gbdt', class_weight=None,
                                   colsample_bytree=0.30000000000000004,
                                   importance_type='split',
                                   learning_rate=0.1052678947368421, max_bin=63,
                                   max_depth=10, min_child_samples=253,
                                   min_child_weight=0.001,
                                   min_split_gain=0.3684210526315789,
                                   n_estimators=25, n_jobs=-1, num_leaves=255,
                                   objective=None, random_state=None,
                                   reg_alpha=0.6749999999999999,
                                   reg_lambda=0.075, silent=True,
                                   subsample=0.44999999999999996,
                                   subsample_for_bin=200000, subsample_freq=3,
                                   verbose=-1))],
         verbose=False)
5. Pipeline(memory=None,
         steps=[('minmaxscaler', MinMaxScaler(copy=True, feature_range=(0, 1))),
                ('lightgbmregressor',
                 LightGBMRegressor(boosting_type='gbdt', class_weight=None,
                                   colsample_bytree=0.6,
                                   importance_type='split',
                                   learning_rate=0.1894742105263158, max_bin=7,
                                   max_depth=8, min_child_samples=1591,
                                   min_child_weight=0.001,
                                   min_split_gain=0.8421052631578947,
                                   n_estimators=50, n_jobs=-1, num_leaves=63,
                                   objective=None, random_state=None,
                                   reg_alpha=0.15, reg_lambda=1.125,
                                   silent=True, subsample=0.7999999999999999,
                                   subsample_for_bin=200000, subsample_freq=3,
                                   verbose=-1))],
         verbose=False)

['year', 'half', 'quarter', 'month', 'day', 'hour', 'am_pm', 'hour12', 'wday', 'qday', 'week']
  RawFeatureName TypeDetected Dropped  EngineeredFeatureCount  \
0  datetime       DateTime     No      11                       

                                                                                                                                                                                                                           Transformations  
0  [DateTimeTransformer, DateTimeTransformer, DateTimeTransformer, DateTimeTransformer, DateTimeTransformer, DateTimeTransformer, DateTimeTransformer, DateTimeTransformer, DateTimeTransformer, DateTimeTransformer, DateTimeTransformer]  
